build time -- 2022-06-07 02:36:21
20220607 030846.848 INFO             PET0 !!!!!!!!!!!!!!!!!!!!!!!!!!!!!!!!!!!!!!!!!!!!!!!!!!!!!!
20220607 030846.848 INFO             PET0 !!! THE ESMF_LOG IS SET TO OUTPUT ALL LOG MESSAGES !!!
20220607 030846.848 INFO             PET0 !!!     THIS MAY CAUSE SLOWDOWN IN PERFORMANCE     !!!
20220607 030846.848 INFO             PET0 !!! FOR PRODUCTION RUNS, USE:                      !!!
20220607 030846.848 INFO             PET0 !!!                   ESMF_LOGKIND_Multi_On_Error  !!!
20220607 030846.848 INFO             PET0 !!!!!!!!!!!!!!!!!!!!!!!!!!!!!!!!!!!!!!!!!!!!!!!!!!!!!!
20220607 030846.848 INFO             PET0 Running with ESMF Version   : v8.3.0
20220607 030846.848 INFO             PET0 ESMF library build date/time: "Jun  7 2022" "02:35:09"
20220607 030846.848 INFO             PET0 ESMF library build location : /work/noaa/da/mpotts/sandbox/gfortran_8.3.0_openmpi_g_v8.3.0
20220607 030846.848 INFO             PET0 ESMF_COMM                   : openmpi
20220607 030846.849 INFO             PET0 ESMF_MOAB                   : enabled
20220607 030846.849 INFO             PET0 ESMF_LAPACK                 : enabled
20220607 030846.849 INFO             PET0 ESMF_NETCDF                 : enabled
20220607 030846.849 INFO             PET0 ESMF_PNETCDF                : disabled
20220607 030846.849 INFO             PET0 ESMF_PIO                    : enabled
20220607 030846.849 INFO             PET0 ESMF_YAMLCPP                : enabled
20220607 030846.945 DEBUG            PET0 about to destroy Grid: 0xdb4b50
20220607 030846.956 DEBUG            PET0 about to destroy Grid: 0xdb6060
20220607 030846.986 INFO             PET0  NUMBER_OF_PROCESSORS           4
20220607 030846.986 INFO             PET0  PASS  Example ESMF_NUOPCAtmModelEx, ESMF_NUOPCAtmModelEx.F90, line 806
20220607 030846.986 INFO             PET0 Finalizing ESMF
20220607 030846.848 INFO             PET1 !!!!!!!!!!!!!!!!!!!!!!!!!!!!!!!!!!!!!!!!!!!!!!!!!!!!!!
20220607 030846.848 INFO             PET1 !!! THE ESMF_LOG IS SET TO OUTPUT ALL LOG MESSAGES !!!
20220607 030846.848 INFO             PET1 !!!     THIS MAY CAUSE SLOWDOWN IN PERFORMANCE     !!!
20220607 030846.848 INFO             PET1 !!! FOR PRODUCTION RUNS, USE:                      !!!
20220607 030846.848 INFO             PET1 !!!                   ESMF_LOGKIND_Multi_On_Error  !!!
20220607 030846.848 INFO             PET1 !!!!!!!!!!!!!!!!!!!!!!!!!!!!!!!!!!!!!!!!!!!!!!!!!!!!!!
20220607 030846.848 INFO             PET1 Running with ESMF Version   : v8.3.0
20220607 030846.848 INFO             PET1 ESMF library build date/time: "Jun  7 2022" "02:35:09"
20220607 030846.848 INFO             PET1 ESMF library build location : /work/noaa/da/mpotts/sandbox/gfortran_8.3.0_openmpi_g_v8.3.0
20220607 030846.848 INFO             PET1 ESMF_COMM                   : openmpi
20220607 030846.849 INFO             PET1 ESMF_MOAB                   : enabled
20220607 030846.849 INFO             PET1 ESMF_LAPACK                 : enabled
20220607 030846.849 INFO             PET1 ESMF_NETCDF                 : enabled
20220607 030846.849 INFO             PET1 ESMF_PNETCDF                : disabled
20220607 030846.849 INFO             PET1 ESMF_PIO                    : enabled
20220607 030846.849 INFO             PET1 ESMF_YAMLCPP                : enabled
20220607 030846.945 DEBUG            PET1 about to destroy Grid: 0x186b670
20220607 030846.956 DEBUG            PET1 about to destroy Grid: 0x186c830
20220607 030846.987 INFO             PET1  NUMBER_OF_PROCESSORS           4
20220607 030846.987 INFO             PET1  PASS  Example ESMF_NUOPCAtmModelEx, ESMF_NUOPCAtmModelEx.F90, line 806
20220607 030846.987 INFO             PET1 Finalizing ESMF
20220607 030846.848 INFO             PET2 !!!!!!!!!!!!!!!!!!!!!!!!!!!!!!!!!!!!!!!!!!!!!!!!!!!!!!
20220607 030846.848 INFO             PET2 !!! THE ESMF_LOG IS SET TO OUTPUT ALL LOG MESSAGES !!!
20220607 030846.848 INFO             PET2 !!!     THIS MAY CAUSE SLOWDOWN IN PERFORMANCE     !!!
20220607 030846.848 INFO             PET2 !!! FOR PRODUCTION RUNS, USE:                      !!!
20220607 030846.848 INFO             PET2 !!!                   ESMF_LOGKIND_Multi_On_Error  !!!
20220607 030846.848 INFO             PET2 !!!!!!!!!!!!!!!!!!!!!!!!!!!!!!!!!!!!!!!!!!!!!!!!!!!!!!
20220607 030846.848 INFO             PET2 Running with ESMF Version   : v8.3.0
20220607 030846.848 INFO             PET2 ESMF library build date/time: "Jun  7 2022" "02:35:09"
20220607 030846.848 INFO             PET2 ESMF library build location : /work/noaa/da/mpotts/sandbox/gfortran_8.3.0_openmpi_g_v8.3.0
20220607 030846.848 INFO             PET2 ESMF_COMM                   : openmpi
20220607 030846.849 INFO             PET2 ESMF_MOAB                   : enabled
20220607 030846.849 INFO             PET2 ESMF_LAPACK                 : enabled
20220607 030846.849 INFO             PET2 ESMF_NETCDF                 : enabled
20220607 030846.849 INFO             PET2 ESMF_PNETCDF                : disabled
20220607 030846.849 INFO             PET2 ESMF_PIO                    : enabled
20220607 030846.849 INFO             PET2 ESMF_YAMLCPP                : enabled
20220607 030846.945 DEBUG            PET2 about to destroy Grid: 0xae7550
20220607 030846.956 DEBUG            PET2 about to destroy Grid: 0xae86c0
20220607 030846.986 INFO             PET2  NUMBER_OF_PROCESSORS           4
20220607 030846.986 INFO             PET2  PASS  Example ESMF_NUOPCAtmModelEx, ESMF_NUOPCAtmModelEx.F90, line 806
20220607 030846.986 INFO             PET2 Finalizing ESMF
20220607 030846.848 INFO             PET3 !!!!!!!!!!!!!!!!!!!!!!!!!!!!!!!!!!!!!!!!!!!!!!!!!!!!!!
20220607 030846.848 INFO             PET3 !!! THE ESMF_LOG IS SET TO OUTPUT ALL LOG MESSAGES !!!
20220607 030846.848 INFO             PET3 !!!     THIS MAY CAUSE SLOWDOWN IN PERFORMANCE     !!!
20220607 030846.848 INFO             PET3 !!! FOR PRODUCTION RUNS, USE:                      !!!
20220607 030846.848 INFO             PET3 !!!                   ESMF_LOGKIND_Multi_On_Error  !!!
20220607 030846.848 INFO             PET3 !!!!!!!!!!!!!!!!!!!!!!!!!!!!!!!!!!!!!!!!!!!!!!!!!!!!!!
20220607 030846.848 INFO             PET3 Running with ESMF Version   : v8.3.0
20220607 030846.848 INFO             PET3 ESMF library build date/time: "Jun  7 2022" "02:35:09"
20220607 030846.848 INFO             PET3 ESMF library build location : /work/noaa/da/mpotts/sandbox/gfortran_8.3.0_openmpi_g_v8.3.0
20220607 030846.848 INFO             PET3 ESMF_COMM                   : openmpi
20220607 030846.848 INFO             PET3 ESMF_MOAB                   : enabled
20220607 030846.848 INFO             PET3 ESMF_LAPACK                 : enabled
20220607 030846.848 INFO             PET3 ESMF_NETCDF                 : enabled
20220607 030846.848 INFO             PET3 ESMF_PNETCDF                : disabled
20220607 030846.848 INFO             PET3 ESMF_PIO                    : enabled
20220607 030846.848 INFO             PET3 ESMF_YAMLCPP                : enabled
20220607 030846.945 DEBUG            PET3 about to destroy Grid: 0xdb94f0
20220607 030846.956 DEBUG            PET3 about to destroy Grid: 0xdba660
20220607 030846.986 INFO             PET3  NUMBER_OF_PROCESSORS           4
20220607 030846.986 INFO             PET3  PASS  Example ESMF_NUOPCAtmModelEx, ESMF_NUOPCAtmModelEx.F90, line 806
20220607 030846.986 INFO             PET3 Finalizing ESMF
