build time -- 2022-06-05 02:34:47.864085
20220605 031506.646 INFO             PET0 !!!!!!!!!!!!!!!!!!!!!!!!!!!!!!!!!!!!!!!!!!!!!!!!!!!!!!
20220605 031506.646 INFO             PET0 !!! THE ESMF_LOG IS SET TO OUTPUT ALL LOG MESSAGES !!!
20220605 031506.646 INFO             PET0 !!!     THIS MAY CAUSE SLOWDOWN IN PERFORMANCE     !!!
20220605 031506.646 INFO             PET0 !!! FOR PRODUCTION RUNS, USE:                      !!!
20220605 031506.646 INFO             PET0 !!!                   ESMF_LOGKIND_Multi_On_Error  !!!
20220605 031506.646 INFO             PET0 !!!!!!!!!!!!!!!!!!!!!!!!!!!!!!!!!!!!!!!!!!!!!!!!!!!!!!
20220605 031506.646 INFO             PET0 Running with ESMF Version   : v8.4.0b01
20220605 031506.646 INFO             PET0 ESMF library build date/time: "Jun  5 2022" "02:30:57"
20220605 031506.646 INFO             PET0 ESMF library build location : /glade/scratch/dunlap/esmf-testing/gfortran_9.1.0_mpt_g_develop
20220605 031506.646 INFO             PET0 ESMF_COMM                   : mpt
20220605 031506.646 INFO             PET0 ESMF_MOAB                   : enabled
20220605 031506.646 INFO             PET0 ESMF_LAPACK                 : enabled
20220605 031506.646 INFO             PET0 ESMF_NETCDF                 : enabled
20220605 031506.646 INFO             PET0 ESMF_PNETCDF                : disabled
20220605 031506.646 INFO             PET0 ESMF_PIO                    : enabled
20220605 031506.646 INFO             PET0 ESMF_YAMLCPP                : enabled
20220605 031506.743 DEBUG            PET0 about to destroy Grid: 0x3490e20
20220605 031506.755 DEBUG            PET0 about to destroy Grid: 0x3492950
20220605 031506.788 INFO             PET0  NUMBER_OF_PROCESSORS           4
20220605 031506.788 INFO             PET0  PASS  Example ESMF_NUOPCAtmModelEx, ESMF_NUOPCAtmModelEx.F90, line 806
20220605 031506.788 INFO             PET0 Finalizing ESMF
20220605 031506.646 INFO             PET1 !!!!!!!!!!!!!!!!!!!!!!!!!!!!!!!!!!!!!!!!!!!!!!!!!!!!!!
20220605 031506.646 INFO             PET1 !!! THE ESMF_LOG IS SET TO OUTPUT ALL LOG MESSAGES !!!
20220605 031506.646 INFO             PET1 !!!     THIS MAY CAUSE SLOWDOWN IN PERFORMANCE     !!!
20220605 031506.646 INFO             PET1 !!! FOR PRODUCTION RUNS, USE:                      !!!
20220605 031506.646 INFO             PET1 !!!                   ESMF_LOGKIND_Multi_On_Error  !!!
20220605 031506.646 INFO             PET1 !!!!!!!!!!!!!!!!!!!!!!!!!!!!!!!!!!!!!!!!!!!!!!!!!!!!!!
20220605 031506.646 INFO             PET1 Running with ESMF Version   : v8.4.0b01
20220605 031506.646 INFO             PET1 ESMF library build date/time: "Jun  5 2022" "02:30:57"
20220605 031506.646 INFO             PET1 ESMF library build location : /glade/scratch/dunlap/esmf-testing/gfortran_9.1.0_mpt_g_develop
20220605 031506.646 INFO             PET1 ESMF_COMM                   : mpt
20220605 031506.647 INFO             PET1 ESMF_MOAB                   : enabled
20220605 031506.647 INFO             PET1 ESMF_LAPACK                 : enabled
20220605 031506.647 INFO             PET1 ESMF_NETCDF                 : enabled
20220605 031506.647 INFO             PET1 ESMF_PNETCDF                : disabled
20220605 031506.647 INFO             PET1 ESMF_PIO                    : enabled
20220605 031506.647 INFO             PET1 ESMF_YAMLCPP                : enabled
20220605 031506.743 DEBUG            PET1 about to destroy Grid: 0x3490fa0
20220605 031506.755 DEBUG            PET1 about to destroy Grid: 0x3492940
20220605 031506.788 INFO             PET1  NUMBER_OF_PROCESSORS           4
20220605 031506.788 INFO             PET1  PASS  Example ESMF_NUOPCAtmModelEx, ESMF_NUOPCAtmModelEx.F90, line 806
20220605 031506.788 INFO             PET1 Finalizing ESMF
20220605 031506.646 INFO             PET2 !!!!!!!!!!!!!!!!!!!!!!!!!!!!!!!!!!!!!!!!!!!!!!!!!!!!!!
20220605 031506.646 INFO             PET2 !!! THE ESMF_LOG IS SET TO OUTPUT ALL LOG MESSAGES !!!
20220605 031506.646 INFO             PET2 !!!     THIS MAY CAUSE SLOWDOWN IN PERFORMANCE     !!!
20220605 031506.646 INFO             PET2 !!! FOR PRODUCTION RUNS, USE:                      !!!
20220605 031506.646 INFO             PET2 !!!                   ESMF_LOGKIND_Multi_On_Error  !!!
20220605 031506.646 INFO             PET2 !!!!!!!!!!!!!!!!!!!!!!!!!!!!!!!!!!!!!!!!!!!!!!!!!!!!!!
20220605 031506.646 INFO             PET2 Running with ESMF Version   : v8.4.0b01
20220605 031506.646 INFO             PET2 ESMF library build date/time: "Jun  5 2022" "02:30:57"
20220605 031506.646 INFO             PET2 ESMF library build location : /glade/scratch/dunlap/esmf-testing/gfortran_9.1.0_mpt_g_develop
20220605 031506.646 INFO             PET2 ESMF_COMM                   : mpt
20220605 031506.646 INFO             PET2 ESMF_MOAB                   : enabled
20220605 031506.646 INFO             PET2 ESMF_LAPACK                 : enabled
20220605 031506.646 INFO             PET2 ESMF_NETCDF                 : enabled
20220605 031506.646 INFO             PET2 ESMF_PNETCDF                : disabled
20220605 031506.646 INFO             PET2 ESMF_PIO                    : enabled
20220605 031506.646 INFO             PET2 ESMF_YAMLCPP                : enabled
20220605 031506.743 DEBUG            PET2 about to destroy Grid: 0x3490700
20220605 031506.755 DEBUG            PET2 about to destroy Grid: 0x34920a0
20220605 031506.788 INFO             PET2  NUMBER_OF_PROCESSORS           4
20220605 031506.788 INFO             PET2  PASS  Example ESMF_NUOPCAtmModelEx, ESMF_NUOPCAtmModelEx.F90, line 806
20220605 031506.788 INFO             PET2 Finalizing ESMF
20220605 031506.646 INFO             PET3 !!!!!!!!!!!!!!!!!!!!!!!!!!!!!!!!!!!!!!!!!!!!!!!!!!!!!!
20220605 031506.646 INFO             PET3 !!! THE ESMF_LOG IS SET TO OUTPUT ALL LOG MESSAGES !!!
20220605 031506.646 INFO             PET3 !!!     THIS MAY CAUSE SLOWDOWN IN PERFORMANCE     !!!
20220605 031506.646 INFO             PET3 !!! FOR PRODUCTION RUNS, USE:                      !!!
20220605 031506.646 INFO             PET3 !!!                   ESMF_LOGKIND_Multi_On_Error  !!!
20220605 031506.646 INFO             PET3 !!!!!!!!!!!!!!!!!!!!!!!!!!!!!!!!!!!!!!!!!!!!!!!!!!!!!!
20220605 031506.646 INFO             PET3 Running with ESMF Version   : v8.4.0b01
20220605 031506.646 INFO             PET3 ESMF library build date/time: "Jun  5 2022" "02:30:57"
20220605 031506.646 INFO             PET3 ESMF library build location : /glade/scratch/dunlap/esmf-testing/gfortran_9.1.0_mpt_g_develop
20220605 031506.646 INFO             PET3 ESMF_COMM                   : mpt
20220605 031506.646 INFO             PET3 ESMF_MOAB                   : enabled
20220605 031506.646 INFO             PET3 ESMF_LAPACK                 : enabled
20220605 031506.646 INFO             PET3 ESMF_NETCDF                 : enabled
20220605 031506.646 INFO             PET3 ESMF_PNETCDF                : disabled
20220605 031506.646 INFO             PET3 ESMF_PIO                    : enabled
20220605 031506.646 INFO             PET3 ESMF_YAMLCPP                : enabled
20220605 031506.743 DEBUG            PET3 about to destroy Grid: 0x3490780
20220605 031506.755 DEBUG            PET3 about to destroy Grid: 0x3491ff0
20220605 031506.788 INFO             PET3  NUMBER_OF_PROCESSORS           4
20220605 031506.788 INFO             PET3  PASS  Example ESMF_NUOPCAtmModelEx, ESMF_NUOPCAtmModelEx.F90, line 806
20220605 031506.788 INFO             PET3 Finalizing ESMF
