build time -- 2022-06-03 02:37:34
20220603 030308.613 INFO             PET0 !!!!!!!!!!!!!!!!!!!!!!!!!!!!!!!!!!!!!!!!!!!!!!!!!!!!!!
20220603 030308.613 INFO             PET0 !!! THE ESMF_LOG IS SET TO OUTPUT ALL LOG MESSAGES !!!
20220603 030308.613 INFO             PET0 !!!     THIS MAY CAUSE SLOWDOWN IN PERFORMANCE     !!!
20220603 030308.613 INFO             PET0 !!! FOR PRODUCTION RUNS, USE:                      !!!
20220603 030308.613 INFO             PET0 !!!                   ESMF_LOGKIND_Multi_On_Error  !!!
20220603 030308.613 INFO             PET0 !!!!!!!!!!!!!!!!!!!!!!!!!!!!!!!!!!!!!!!!!!!!!!!!!!!!!!
20220603 030308.613 INFO             PET0 Running with ESMF Version   : v8.3.0b17
20220603 030308.613 INFO             PET0 ESMF library build date/time: "Jun  3 2022" "02:36:07"
20220603 030308.613 INFO             PET0 ESMF library build location : /work/noaa/da/mpotts/sandbox/intel_2020.2_intelmpi_O_release_8.3.0
20220603 030308.613 INFO             PET0 ESMF_COMM                   : intelmpi
20220603 030308.614 INFO             PET0 ESMF_MOAB                   : enabled
20220603 030308.614 INFO             PET0 ESMF_LAPACK                 : enabled
20220603 030308.614 INFO             PET0 ESMF_NETCDF                 : enabled
20220603 030308.614 INFO             PET0 ESMF_PNETCDF                : disabled
20220603 030308.614 INFO             PET0 ESMF_PIO                    : enabled
20220603 030308.614 INFO             PET0 ESMF_YAMLCPP                : enabled
20220603 030308.615 INFO             PET0  NUMBER_OF_PROCESSORS           1
20220603 030308.615 INFO             PET0  PASS  Example ESMF_TimeIntervalEx, ESMF_TimeIntervalEx.F90, line 176
20220603 030308.615 INFO             PET0 Finalizing ESMF
