build time -- 2022-05-31 02:33:05
20220531 031036.975 INFO             PET0 !!!!!!!!!!!!!!!!!!!!!!!!!!!!!!!!!!!!!!!!!!!!!!!!!!!!!!
20220531 031036.976 INFO             PET0 !!! THE ESMF_LOG IS SET TO OUTPUT ALL LOG MESSAGES !!!
20220531 031036.976 INFO             PET0 !!!     THIS MAY CAUSE SLOWDOWN IN PERFORMANCE     !!!
20220531 031036.976 INFO             PET0 !!! FOR PRODUCTION RUNS, USE:                      !!!
20220531 031036.976 INFO             PET0 !!!                   ESMF_LOGKIND_Multi_On_Error  !!!
20220531 031036.976 INFO             PET0 !!!!!!!!!!!!!!!!!!!!!!!!!!!!!!!!!!!!!!!!!!!!!!!!!!!!!!
20220531 031036.976 INFO             PET0 Running with ESMF Version   : v8.3.0b16-3-gc2b4738
20220531 031036.976 INFO             PET0 ESMF library build date/time: "May 31 2022" "02:31:37"
20220531 031036.976 INFO             PET0 ESMF library build location : /work/noaa/da/mpotts/sandbox/intel_2020.2_intelmpi_O_release_8.3.0
20220531 031036.976 INFO             PET0 ESMF_COMM                   : intelmpi
20220531 031036.979 INFO             PET0 ESMF_MOAB                   : enabled
20220531 031036.979 INFO             PET0 ESMF_LAPACK                 : enabled
20220531 031036.979 INFO             PET0 ESMF_NETCDF                 : enabled
20220531 031036.979 INFO             PET0 ESMF_PNETCDF                : disabled
20220531 031036.979 INFO             PET0 ESMF_PIO                    : enabled
20220531 031036.979 INFO             PET0 ESMF_YAMLCPP                : enabled
20220531 031036.986 INFO             PET0  NUMBER_OF_PROCESSORS           1
20220531 031036.986 INFO             PET0  PASS  Example ESMF_XGridSparseMatEx, ESMF_XGridSparseMatEx.F90, line 642
20220531 031036.986 INFO             PET0 Finalizing ESMF
