build time -- 2022-06-02 02:33:07
20220602 030047.307 INFO             PET0 !!!!!!!!!!!!!!!!!!!!!!!!!!!!!!!!!!!!!!!!!!!!!!!!!!!!!!
20220602 030047.307 INFO             PET0 !!! THE ESMF_LOG IS SET TO OUTPUT ALL LOG MESSAGES !!!
20220602 030047.307 INFO             PET0 !!!     THIS MAY CAUSE SLOWDOWN IN PERFORMANCE     !!!
20220602 030047.307 INFO             PET0 !!! FOR PRODUCTION RUNS, USE:                      !!!
20220602 030047.307 INFO             PET0 !!!                   ESMF_LOGKIND_Multi_On_Error  !!!
20220602 030047.307 INFO             PET0 !!!!!!!!!!!!!!!!!!!!!!!!!!!!!!!!!!!!!!!!!!!!!!!!!!!!!!
20220602 030047.307 INFO             PET0 Running with ESMF Version   : v8.3.0b16-4-g64dc951
20220602 030047.307 INFO             PET0 ESMF library build date/time: "Jun  2 2022" "02:31:38"
20220602 030047.307 INFO             PET0 ESMF library build location : /work/noaa/da/mpotts/sandbox/intel_2020.2_intelmpi_O_release_8.3.0
20220602 030047.307 INFO             PET0 ESMF_COMM                   : intelmpi
20220602 030047.308 INFO             PET0 ESMF_MOAB                   : enabled
20220602 030047.308 INFO             PET0 ESMF_LAPACK                 : enabled
20220602 030047.308 INFO             PET0 ESMF_NETCDF                 : enabled
20220602 030047.308 INFO             PET0 ESMF_PNETCDF                : disabled
20220602 030047.308 INFO             PET0 ESMF_PIO                    : enabled
20220602 030047.308 INFO             PET0 ESMF_YAMLCPP                : enabled
20220602 030047.349 DEBUG            PET0 about to destroy Grid: 0x1ebba40
20220602 030047.353 DEBUG            PET0 about to destroy Grid: 0x1ebe280
20220602 030047.362 INFO             PET0  NUMBER_OF_PROCESSORS           4
20220602 030047.363 INFO             PET0  PASS  Example ESMF_NUOPCAtmModelEx, ESMF_NUOPCAtmModelEx.F90, line 806
20220602 030047.363 INFO             PET0 Finalizing ESMF
20220602 030047.307 INFO             PET1 !!!!!!!!!!!!!!!!!!!!!!!!!!!!!!!!!!!!!!!!!!!!!!!!!!!!!!
20220602 030047.308 INFO             PET1 !!! THE ESMF_LOG IS SET TO OUTPUT ALL LOG MESSAGES !!!
20220602 030047.308 INFO             PET1 !!!     THIS MAY CAUSE SLOWDOWN IN PERFORMANCE     !!!
20220602 030047.308 INFO             PET1 !!! FOR PRODUCTION RUNS, USE:                      !!!
20220602 030047.308 INFO             PET1 !!!                   ESMF_LOGKIND_Multi_On_Error  !!!
20220602 030047.308 INFO             PET1 !!!!!!!!!!!!!!!!!!!!!!!!!!!!!!!!!!!!!!!!!!!!!!!!!!!!!!
20220602 030047.308 INFO             PET1 Running with ESMF Version   : v8.3.0b16-4-g64dc951
20220602 030047.308 INFO             PET1 ESMF library build date/time: "Jun  2 2022" "02:31:38"
20220602 030047.308 INFO             PET1 ESMF library build location : /work/noaa/da/mpotts/sandbox/intel_2020.2_intelmpi_O_release_8.3.0
20220602 030047.308 INFO             PET1 ESMF_COMM                   : intelmpi
20220602 030047.309 INFO             PET1 ESMF_MOAB                   : enabled
20220602 030047.309 INFO             PET1 ESMF_LAPACK                 : enabled
20220602 030047.309 INFO             PET1 ESMF_NETCDF                 : enabled
20220602 030047.309 INFO             PET1 ESMF_PNETCDF                : disabled
20220602 030047.309 INFO             PET1 ESMF_PIO                    : enabled
20220602 030047.309 INFO             PET1 ESMF_YAMLCPP                : enabled
20220602 030047.349 DEBUG            PET1 about to destroy Grid: 0x13f2910
20220602 030047.353 DEBUG            PET1 about to destroy Grid: 0x13f3a50
20220602 030047.363 INFO             PET1  NUMBER_OF_PROCESSORS           4
20220602 030047.363 INFO             PET1  PASS  Example ESMF_NUOPCAtmModelEx, ESMF_NUOPCAtmModelEx.F90, line 806
20220602 030047.363 INFO             PET1 Finalizing ESMF
20220602 030047.307 INFO             PET2 !!!!!!!!!!!!!!!!!!!!!!!!!!!!!!!!!!!!!!!!!!!!!!!!!!!!!!
20220602 030047.307 INFO             PET2 !!! THE ESMF_LOG IS SET TO OUTPUT ALL LOG MESSAGES !!!
20220602 030047.307 INFO             PET2 !!!     THIS MAY CAUSE SLOWDOWN IN PERFORMANCE     !!!
20220602 030047.307 INFO             PET2 !!! FOR PRODUCTION RUNS, USE:                      !!!
20220602 030047.307 INFO             PET2 !!!                   ESMF_LOGKIND_Multi_On_Error  !!!
20220602 030047.307 INFO             PET2 !!!!!!!!!!!!!!!!!!!!!!!!!!!!!!!!!!!!!!!!!!!!!!!!!!!!!!
20220602 030047.307 INFO             PET2 Running with ESMF Version   : v8.3.0b16-4-g64dc951
20220602 030047.307 INFO             PET2 ESMF library build date/time: "Jun  2 2022" "02:31:38"
20220602 030047.307 INFO             PET2 ESMF library build location : /work/noaa/da/mpotts/sandbox/intel_2020.2_intelmpi_O_release_8.3.0
20220602 030047.307 INFO             PET2 ESMF_COMM                   : intelmpi
20220602 030047.308 INFO             PET2 ESMF_MOAB                   : enabled
20220602 030047.308 INFO             PET2 ESMF_LAPACK                 : enabled
20220602 030047.308 INFO             PET2 ESMF_NETCDF                 : enabled
20220602 030047.308 INFO             PET2 ESMF_PNETCDF                : disabled
20220602 030047.308 INFO             PET2 ESMF_PIO                    : enabled
20220602 030047.308 INFO             PET2 ESMF_YAMLCPP                : enabled
20220602 030047.349 DEBUG            PET2 about to destroy Grid: 0x1cb19a0
20220602 030047.353 DEBUG            PET2 about to destroy Grid: 0x1cb2ae0
20220602 030047.363 INFO             PET2  NUMBER_OF_PROCESSORS           4
20220602 030047.363 INFO             PET2  PASS  Example ESMF_NUOPCAtmModelEx, ESMF_NUOPCAtmModelEx.F90, line 806
20220602 030047.363 INFO             PET2 Finalizing ESMF
20220602 030047.308 INFO             PET3 !!!!!!!!!!!!!!!!!!!!!!!!!!!!!!!!!!!!!!!!!!!!!!!!!!!!!!
20220602 030047.308 INFO             PET3 !!! THE ESMF_LOG IS SET TO OUTPUT ALL LOG MESSAGES !!!
20220602 030047.308 INFO             PET3 !!!     THIS MAY CAUSE SLOWDOWN IN PERFORMANCE     !!!
20220602 030047.308 INFO             PET3 !!! FOR PRODUCTION RUNS, USE:                      !!!
20220602 030047.308 INFO             PET3 !!!                   ESMF_LOGKIND_Multi_On_Error  !!!
20220602 030047.308 INFO             PET3 !!!!!!!!!!!!!!!!!!!!!!!!!!!!!!!!!!!!!!!!!!!!!!!!!!!!!!
20220602 030047.308 INFO             PET3 Running with ESMF Version   : v8.3.0b16-4-g64dc951
20220602 030047.308 INFO             PET3 ESMF library build date/time: "Jun  2 2022" "02:31:38"
20220602 030047.308 INFO             PET3 ESMF library build location : /work/noaa/da/mpotts/sandbox/intel_2020.2_intelmpi_O_release_8.3.0
20220602 030047.308 INFO             PET3 ESMF_COMM                   : intelmpi
20220602 030047.309 INFO             PET3 ESMF_MOAB                   : enabled
20220602 030047.309 INFO             PET3 ESMF_LAPACK                 : enabled
20220602 030047.309 INFO             PET3 ESMF_NETCDF                 : enabled
20220602 030047.309 INFO             PET3 ESMF_PNETCDF                : disabled
20220602 030047.309 INFO             PET3 ESMF_PIO                    : enabled
20220602 030047.309 INFO             PET3 ESMF_YAMLCPP                : enabled
20220602 030047.349 DEBUG            PET3 about to destroy Grid: 0x1062890
20220602 030047.353 DEBUG            PET3 about to destroy Grid: 0x10639d0
20220602 030047.363 INFO             PET3  NUMBER_OF_PROCESSORS           4
20220602 030047.363 INFO             PET3  PASS  Example ESMF_NUOPCAtmModelEx, ESMF_NUOPCAtmModelEx.F90, line 806
20220602 030047.363 INFO             PET3 Finalizing ESMF
