build time -- 2022-06-01 12:07:37.339954
20220601 123757.053 INFO             PET0 !!!!!!!!!!!!!!!!!!!!!!!!!!!!!!!!!!!!!!!!!!!!!!!!!!!!!!
20220601 123757.053 INFO             PET0 !!! THE ESMF_LOG IS SET TO OUTPUT ALL LOG MESSAGES !!!
20220601 123757.053 INFO             PET0 !!!     THIS MAY CAUSE SLOWDOWN IN PERFORMANCE     !!!
20220601 123757.053 INFO             PET0 !!! FOR PRODUCTION RUNS, USE:                      !!!
20220601 123757.053 INFO             PET0 !!!                   ESMF_LOGKIND_Multi_On_Error  !!!
20220601 123757.053 INFO             PET0 !!!!!!!!!!!!!!!!!!!!!!!!!!!!!!!!!!!!!!!!!!!!!!!!!!!!!!
20220601 123757.053 INFO             PET0 Running with ESMF Version   : v8.3.0b16-3-gc2b47388e1
20220601 123757.053 INFO             PET0 ESMF library build date/time: "Jun  1 2022" "12:05:18"
20220601 123757.053 INFO             PET0 ESMF library build location : /glade/scratch/dunlap/esmf-testing/gfortran_9.1.0_mpt_O_release_8.3.0
20220601 123757.053 INFO             PET0 ESMF_COMM                   : mpt
20220601 123757.053 INFO             PET0 ESMF_MOAB                   : enabled
20220601 123757.053 INFO             PET0 ESMF_LAPACK                 : enabled
20220601 123757.053 INFO             PET0 ESMF_NETCDF                 : enabled
20220601 123757.053 INFO             PET0 ESMF_PNETCDF                : disabled
20220601 123757.053 INFO             PET0 ESMF_PIO                    : enabled
20220601 123757.053 INFO             PET0 ESMF_YAMLCPP                : enabled
20220601 123757.090 DEBUG            PET0 about to destroy Grid: 0x2d6c1c0
20220601 123757.093 DEBUG            PET0 about to destroy Grid: 0x2d6da50
20220601 123757.104 INFO             PET0  NUMBER_OF_PROCESSORS           4
20220601 123757.104 INFO             PET0  PASS  Example ESMF_NUOPCAtmModelEx, ESMF_NUOPCAtmModelEx.F90, line 806
20220601 123757.104 INFO             PET0 Finalizing ESMF
20220601 123757.052 INFO             PET1 !!!!!!!!!!!!!!!!!!!!!!!!!!!!!!!!!!!!!!!!!!!!!!!!!!!!!!
20220601 123757.052 INFO             PET1 !!! THE ESMF_LOG IS SET TO OUTPUT ALL LOG MESSAGES !!!
20220601 123757.052 INFO             PET1 !!!     THIS MAY CAUSE SLOWDOWN IN PERFORMANCE     !!!
20220601 123757.052 INFO             PET1 !!! FOR PRODUCTION RUNS, USE:                      !!!
20220601 123757.052 INFO             PET1 !!!                   ESMF_LOGKIND_Multi_On_Error  !!!
20220601 123757.052 INFO             PET1 !!!!!!!!!!!!!!!!!!!!!!!!!!!!!!!!!!!!!!!!!!!!!!!!!!!!!!
20220601 123757.052 INFO             PET1 Running with ESMF Version   : v8.3.0b16-3-gc2b47388e1
20220601 123757.052 INFO             PET1 ESMF library build date/time: "Jun  1 2022" "12:05:18"
20220601 123757.052 INFO             PET1 ESMF library build location : /glade/scratch/dunlap/esmf-testing/gfortran_9.1.0_mpt_O_release_8.3.0
20220601 123757.052 INFO             PET1 ESMF_COMM                   : mpt
20220601 123757.052 INFO             PET1 ESMF_MOAB                   : enabled
20220601 123757.052 INFO             PET1 ESMF_LAPACK                 : enabled
20220601 123757.052 INFO             PET1 ESMF_NETCDF                 : enabled
20220601 123757.052 INFO             PET1 ESMF_PNETCDF                : disabled
20220601 123757.052 INFO             PET1 ESMF_PIO                    : enabled
20220601 123757.052 INFO             PET1 ESMF_YAMLCPP                : enabled
20220601 123757.090 DEBUG            PET1 about to destroy Grid: 0x2d6bba0
20220601 123757.093 DEBUG            PET1 about to destroy Grid: 0x2d6cf40
20220601 123757.104 INFO             PET1  NUMBER_OF_PROCESSORS           4
20220601 123757.104 INFO             PET1  PASS  Example ESMF_NUOPCAtmModelEx, ESMF_NUOPCAtmModelEx.F90, line 806
20220601 123757.104 INFO             PET1 Finalizing ESMF
20220601 123757.052 INFO             PET2 !!!!!!!!!!!!!!!!!!!!!!!!!!!!!!!!!!!!!!!!!!!!!!!!!!!!!!
20220601 123757.052 INFO             PET2 !!! THE ESMF_LOG IS SET TO OUTPUT ALL LOG MESSAGES !!!
20220601 123757.052 INFO             PET2 !!!     THIS MAY CAUSE SLOWDOWN IN PERFORMANCE     !!!
20220601 123757.052 INFO             PET2 !!! FOR PRODUCTION RUNS, USE:                      !!!
20220601 123757.052 INFO             PET2 !!!                   ESMF_LOGKIND_Multi_On_Error  !!!
20220601 123757.052 INFO             PET2 !!!!!!!!!!!!!!!!!!!!!!!!!!!!!!!!!!!!!!!!!!!!!!!!!!!!!!
20220601 123757.052 INFO             PET2 Running with ESMF Version   : v8.3.0b16-3-gc2b47388e1
20220601 123757.052 INFO             PET2 ESMF library build date/time: "Jun  1 2022" "12:05:18"
20220601 123757.052 INFO             PET2 ESMF library build location : /glade/scratch/dunlap/esmf-testing/gfortran_9.1.0_mpt_O_release_8.3.0
20220601 123757.052 INFO             PET2 ESMF_COMM                   : mpt
20220601 123757.052 INFO             PET2 ESMF_MOAB                   : enabled
20220601 123757.052 INFO             PET2 ESMF_LAPACK                 : enabled
20220601 123757.052 INFO             PET2 ESMF_NETCDF                 : enabled
20220601 123757.052 INFO             PET2 ESMF_PNETCDF                : disabled
20220601 123757.052 INFO             PET2 ESMF_PIO                    : enabled
20220601 123757.052 INFO             PET2 ESMF_YAMLCPP                : enabled
20220601 123757.090 DEBUG            PET2 about to destroy Grid: 0x2d6b300
20220601 123757.093 DEBUG            PET2 about to destroy Grid: 0x2d6c6a0
20220601 123757.104 INFO             PET2  NUMBER_OF_PROCESSORS           4
20220601 123757.104 INFO             PET2  PASS  Example ESMF_NUOPCAtmModelEx, ESMF_NUOPCAtmModelEx.F90, line 806
20220601 123757.104 INFO             PET2 Finalizing ESMF
20220601 123757.053 INFO             PET3 !!!!!!!!!!!!!!!!!!!!!!!!!!!!!!!!!!!!!!!!!!!!!!!!!!!!!!
20220601 123757.053 INFO             PET3 !!! THE ESMF_LOG IS SET TO OUTPUT ALL LOG MESSAGES !!!
20220601 123757.053 INFO             PET3 !!!     THIS MAY CAUSE SLOWDOWN IN PERFORMANCE     !!!
20220601 123757.053 INFO             PET3 !!! FOR PRODUCTION RUNS, USE:                      !!!
20220601 123757.053 INFO             PET3 !!!                   ESMF_LOGKIND_Multi_On_Error  !!!
20220601 123757.053 INFO             PET3 !!!!!!!!!!!!!!!!!!!!!!!!!!!!!!!!!!!!!!!!!!!!!!!!!!!!!!
20220601 123757.053 INFO             PET3 Running with ESMF Version   : v8.3.0b16-3-gc2b47388e1
20220601 123757.053 INFO             PET3 ESMF library build date/time: "Jun  1 2022" "12:05:18"
20220601 123757.053 INFO             PET3 ESMF library build location : /glade/scratch/dunlap/esmf-testing/gfortran_9.1.0_mpt_O_release_8.3.0
20220601 123757.053 INFO             PET3 ESMF_COMM                   : mpt
20220601 123757.053 INFO             PET3 ESMF_MOAB                   : enabled
20220601 123757.053 INFO             PET3 ESMF_LAPACK                 : enabled
20220601 123757.053 INFO             PET3 ESMF_NETCDF                 : enabled
20220601 123757.053 INFO             PET3 ESMF_PNETCDF                : disabled
20220601 123757.053 INFO             PET3 ESMF_PIO                    : enabled
20220601 123757.053 INFO             PET3 ESMF_YAMLCPP                : enabled
20220601 123757.090 DEBUG            PET3 about to destroy Grid: 0x2d6b380
20220601 123757.093 DEBUG            PET3 about to destroy Grid: 0x2d6c720
20220601 123757.104 INFO             PET3  NUMBER_OF_PROCESSORS           4
20220601 123757.104 INFO             PET3  PASS  Example ESMF_NUOPCAtmModelEx, ESMF_NUOPCAtmModelEx.F90, line 806
20220601 123757.104 INFO             PET3 Finalizing ESMF
