build time -- 2022-06-05 00:36:40
20220605 020117.810 INFO             PET0 !!!!!!!!!!!!!!!!!!!!!!!!!!!!!!!!!!!!!!!!!!!!!!!!!!!!!!
20220605 020117.810 INFO             PET0 !!! THE ESMF_LOG IS SET TO OUTPUT ALL LOG MESSAGES !!!
20220605 020117.810 INFO             PET0 !!!     THIS MAY CAUSE SLOWDOWN IN PERFORMANCE     !!!
20220605 020117.810 INFO             PET0 !!! FOR PRODUCTION RUNS, USE:                      !!!
20220605 020117.810 INFO             PET0 !!!                   ESMF_LOGKIND_Multi_On_Error  !!!
20220605 020117.810 INFO             PET0 !!!!!!!!!!!!!!!!!!!!!!!!!!!!!!!!!!!!!!!!!!!!!!!!!!!!!!
20220605 020117.810 INFO             PET0 Running with ESMF Version   : v8.3.0b17-1-g6ed324f6a2
20220605 020117.810 INFO             PET0 ESMF library build date/time: "Jun  5 2022" "00:34:47"
20220605 020117.810 INFO             PET0 ESMF library build location : /lustre/f2/dev/ncep/Mark.Potts/gfortran_8.3.0_mpiuni_g_release_8.3.0
20220605 020117.810 INFO             PET0 ESMF_COMM                   : mpiuni
20220605 020117.810 INFO             PET0 ESMF_MOAB                   : enabled
20220605 020117.810 INFO             PET0 ESMF_LAPACK                 : enabled
20220605 020117.810 INFO             PET0 ESMF_NETCDF                 : enabled
20220605 020117.810 INFO             PET0 ESMF_PNETCDF                : disabled
20220605 020117.810 INFO             PET0 ESMF_PIO                    : disabled
20220605 020117.810 INFO             PET0 ESMF_YAMLCPP                : enabled
20220605 020117.811 INFO             PET0 ESMF Tracing Enabled
20220605 020117.811 INFO             PET0 ESMF Profiling Enabled
20220605 020117.811 INFO             PET0 ESMF Trace/Profile clock: REALTIME
20220605 020117.814 WARNING          PET0 ESMF Tracing/Profiling could not load dynamic instrumentation functions.
20220605 020117.815 INFO             PET0  NUMBER_OF_PROCESSORS           1
20220605 020117.815 INFO             PET0  PASS  Example ESMF_TraceUserEx, ESMF_TraceUserEx.F90, line 125
20220605 020117.815 INFO             PET0 Finalizing ESMF
20220605 020117.815 INFO             PET0 **************** Region Timings *******************
20220605 020117.815 INFO             PET0 Region              Count  Total (s)   Self (s)    Mean (s)    Min (s)     Max (s)
20220605 020117.815 INFO             PET0   outer_region      1      0.0004      0.0000      0.0004      0.0004      0.0004
20220605 020117.815 INFO             PET0     inner_region_1  10     0.0002      0.0002      0.0000      0.0000      0.0000
20220605 020117.815 INFO             PET0     inner_region_2  10     0.0001      0.0001      0.0000      0.0000      0.0000
