build time -- 2022-05-31 06:07:15
20220531 063517.493 INFO             PET0 !!!!!!!!!!!!!!!!!!!!!!!!!!!!!!!!!!!!!!!!!!!!!!!!!!!!!!
20220531 063517.493 INFO             PET0 !!! THE ESMF_LOG IS SET TO OUTPUT ALL LOG MESSAGES !!!
20220531 063517.493 INFO             PET0 !!!     THIS MAY CAUSE SLOWDOWN IN PERFORMANCE     !!!
20220531 063517.493 INFO             PET0 !!! FOR PRODUCTION RUNS, USE:                      !!!
20220531 063517.493 INFO             PET0 !!!                   ESMF_LOGKIND_Multi_On_Error  !!!
20220531 063517.493 INFO             PET0 !!!!!!!!!!!!!!!!!!!!!!!!!!!!!!!!!!!!!!!!!!!!!!!!!!!!!!
20220531 063517.493 INFO             PET0 Running with ESMF Version   : v8.3.0b16
20220531 063517.493 INFO             PET0 ESMF library build date/time: "May 31 2022" "06:05:13"
20220531 063517.493 INFO             PET0 ESMF library build location : /scratch1/NCEPDEV/stmp2/role.esmfmaint/intel_18.0.5b_intelmpi_O_develop
20220531 063517.493 INFO             PET0 ESMF_COMM                   : intelmpi
20220531 063517.494 INFO             PET0 ESMF_MOAB                   : enabled
20220531 063517.494 INFO             PET0 ESMF_LAPACK                 : enabled
20220531 063517.494 INFO             PET0 ESMF_NETCDF                 : enabled
20220531 063517.494 INFO             PET0 ESMF_PNETCDF                : disabled
20220531 063517.494 INFO             PET0 ESMF_PIO                    : enabled
20220531 063517.494 INFO             PET0 ESMF_YAMLCPP                : enabled
20220531 063517.530 DEBUG            PET0 about to destroy Grid: 0x1241df0
20220531 063517.533 DEBUG            PET0 about to destroy Grid: 0x1243810
20220531 063517.543 INFO             PET0  NUMBER_OF_PROCESSORS           4
20220531 063517.543 INFO             PET0  PASS  Example ESMF_NUOPCAtmModelEx, ESMF_NUOPCAtmModelEx.F90, line 806
20220531 063517.543 INFO             PET0 Finalizing ESMF
20220531 063517.494 INFO             PET1 !!!!!!!!!!!!!!!!!!!!!!!!!!!!!!!!!!!!!!!!!!!!!!!!!!!!!!
20220531 063517.494 INFO             PET1 !!! THE ESMF_LOG IS SET TO OUTPUT ALL LOG MESSAGES !!!
20220531 063517.494 INFO             PET1 !!!     THIS MAY CAUSE SLOWDOWN IN PERFORMANCE     !!!
20220531 063517.494 INFO             PET1 !!! FOR PRODUCTION RUNS, USE:                      !!!
20220531 063517.494 INFO             PET1 !!!                   ESMF_LOGKIND_Multi_On_Error  !!!
20220531 063517.494 INFO             PET1 !!!!!!!!!!!!!!!!!!!!!!!!!!!!!!!!!!!!!!!!!!!!!!!!!!!!!!
20220531 063517.494 INFO             PET1 Running with ESMF Version   : v8.3.0b16
20220531 063517.494 INFO             PET1 ESMF library build date/time: "May 31 2022" "06:05:13"
20220531 063517.494 INFO             PET1 ESMF library build location : /scratch1/NCEPDEV/stmp2/role.esmfmaint/intel_18.0.5b_intelmpi_O_develop
20220531 063517.494 INFO             PET1 ESMF_COMM                   : intelmpi
20220531 063517.495 INFO             PET1 ESMF_MOAB                   : enabled
20220531 063517.495 INFO             PET1 ESMF_LAPACK                 : enabled
20220531 063517.495 INFO             PET1 ESMF_NETCDF                 : enabled
20220531 063517.495 INFO             PET1 ESMF_PNETCDF                : disabled
20220531 063517.495 INFO             PET1 ESMF_PIO                    : enabled
20220531 063517.495 INFO             PET1 ESMF_YAMLCPP                : enabled
20220531 063517.530 DEBUG            PET1 about to destroy Grid: 0x1b639c0
20220531 063517.533 DEBUG            PET1 about to destroy Grid: 0x1b642b0
20220531 063517.543 INFO             PET1  NUMBER_OF_PROCESSORS           4
20220531 063517.543 INFO             PET1  PASS  Example ESMF_NUOPCAtmModelEx, ESMF_NUOPCAtmModelEx.F90, line 806
20220531 063517.543 INFO             PET1 Finalizing ESMF
20220531 063517.493 INFO             PET2 !!!!!!!!!!!!!!!!!!!!!!!!!!!!!!!!!!!!!!!!!!!!!!!!!!!!!!
20220531 063517.493 INFO             PET2 !!! THE ESMF_LOG IS SET TO OUTPUT ALL LOG MESSAGES !!!
20220531 063517.493 INFO             PET2 !!!     THIS MAY CAUSE SLOWDOWN IN PERFORMANCE     !!!
20220531 063517.493 INFO             PET2 !!! FOR PRODUCTION RUNS, USE:                      !!!
20220531 063517.493 INFO             PET2 !!!                   ESMF_LOGKIND_Multi_On_Error  !!!
20220531 063517.493 INFO             PET2 !!!!!!!!!!!!!!!!!!!!!!!!!!!!!!!!!!!!!!!!!!!!!!!!!!!!!!
20220531 063517.493 INFO             PET2 Running with ESMF Version   : v8.3.0b16
20220531 063517.493 INFO             PET2 ESMF library build date/time: "May 31 2022" "06:05:13"
20220531 063517.493 INFO             PET2 ESMF library build location : /scratch1/NCEPDEV/stmp2/role.esmfmaint/intel_18.0.5b_intelmpi_O_develop
20220531 063517.493 INFO             PET2 ESMF_COMM                   : intelmpi
20220531 063517.494 INFO             PET2 ESMF_MOAB                   : enabled
20220531 063517.494 INFO             PET2 ESMF_LAPACK                 : enabled
20220531 063517.494 INFO             PET2 ESMF_NETCDF                 : enabled
20220531 063517.494 INFO             PET2 ESMF_PNETCDF                : disabled
20220531 063517.494 INFO             PET2 ESMF_PIO                    : enabled
20220531 063517.494 INFO             PET2 ESMF_YAMLCPP                : enabled
20220531 063517.530 DEBUG            PET2 about to destroy Grid: 0x1ad89c0
20220531 063517.533 DEBUG            PET2 about to destroy Grid: 0x1ad92b0
20220531 063517.543 INFO             PET2  NUMBER_OF_PROCESSORS           4
20220531 063517.543 INFO             PET2  PASS  Example ESMF_NUOPCAtmModelEx, ESMF_NUOPCAtmModelEx.F90, line 806
20220531 063517.543 INFO             PET2 Finalizing ESMF
20220531 063517.494 INFO             PET3 !!!!!!!!!!!!!!!!!!!!!!!!!!!!!!!!!!!!!!!!!!!!!!!!!!!!!!
20220531 063517.494 INFO             PET3 !!! THE ESMF_LOG IS SET TO OUTPUT ALL LOG MESSAGES !!!
20220531 063517.494 INFO             PET3 !!!     THIS MAY CAUSE SLOWDOWN IN PERFORMANCE     !!!
20220531 063517.494 INFO             PET3 !!! FOR PRODUCTION RUNS, USE:                      !!!
20220531 063517.494 INFO             PET3 !!!                   ESMF_LOGKIND_Multi_On_Error  !!!
20220531 063517.494 INFO             PET3 !!!!!!!!!!!!!!!!!!!!!!!!!!!!!!!!!!!!!!!!!!!!!!!!!!!!!!
20220531 063517.494 INFO             PET3 Running with ESMF Version   : v8.3.0b16
20220531 063517.494 INFO             PET3 ESMF library build date/time: "May 31 2022" "06:05:13"
20220531 063517.494 INFO             PET3 ESMF library build location : /scratch1/NCEPDEV/stmp2/role.esmfmaint/intel_18.0.5b_intelmpi_O_develop
20220531 063517.494 INFO             PET3 ESMF_COMM                   : intelmpi
20220531 063517.495 INFO             PET3 ESMF_MOAB                   : enabled
20220531 063517.495 INFO             PET3 ESMF_LAPACK                 : enabled
20220531 063517.495 INFO             PET3 ESMF_NETCDF                 : enabled
20220531 063517.495 INFO             PET3 ESMF_PNETCDF                : disabled
20220531 063517.495 INFO             PET3 ESMF_PIO                    : enabled
20220531 063517.495 INFO             PET3 ESMF_YAMLCPP                : enabled
20220531 063517.530 DEBUG            PET3 about to destroy Grid: 0x1fa19c0
20220531 063517.533 DEBUG            PET3 about to destroy Grid: 0x1fa22b0
20220531 063517.543 INFO             PET3  NUMBER_OF_PROCESSORS           4
20220531 063517.543 INFO             PET3  PASS  Example ESMF_NUOPCAtmModelEx, ESMF_NUOPCAtmModelEx.F90, line 806
20220531 063517.543 INFO             PET3 Finalizing ESMF
