build time -- 2022-05-25 06:23:58
20220525 065932.747 INFO             PET0 !!!!!!!!!!!!!!!!!!!!!!!!!!!!!!!!!!!!!!!!!!!!!!!!!!!!!!
20220525 065932.747 INFO             PET0 !!! THE ESMF_LOG IS SET TO OUTPUT ALL LOG MESSAGES !!!
20220525 065932.747 INFO             PET0 !!!     THIS MAY CAUSE SLOWDOWN IN PERFORMANCE     !!!
20220525 065932.747 INFO             PET0 !!! FOR PRODUCTION RUNS, USE:                      !!!
20220525 065932.747 INFO             PET0 !!!                   ESMF_LOGKIND_Multi_On_Error  !!!
20220525 065932.747 INFO             PET0 !!!!!!!!!!!!!!!!!!!!!!!!!!!!!!!!!!!!!!!!!!!!!!!!!!!!!!
20220525 065932.747 INFO             PET0 Running with ESMF Version   : v8.3.0b16
20220525 065932.747 INFO             PET0 ESMF library build date/time: "May 25 2022" "06:22:11"
20220525 065932.747 INFO             PET0 ESMF library build location : /scratch1/NCEPDEV/stmp2/role.esmfmaint/intel_18.0.5b_intelmpi_O_develop
20220525 065932.747 INFO             PET0 ESMF_COMM                   : intelmpi
20220525 065932.748 INFO             PET0 ESMF_MOAB                   : enabled
20220525 065932.748 INFO             PET0 ESMF_LAPACK                 : enabled
20220525 065932.748 INFO             PET0 ESMF_NETCDF                 : enabled
20220525 065932.748 INFO             PET0 ESMF_PNETCDF                : disabled
20220525 065932.748 INFO             PET0 ESMF_PIO                    : enabled
20220525 065932.748 INFO             PET0 ESMF_YAMLCPP                : enabled
20220525 065932.751 INFO             PET0  NUMBER_OF_PROCESSORS           1
20220525 065932.751 INFO             PET0  PASS  Example ESMF_XGridSparseMatEx, ESMF_XGridSparseMatEx.F90, line 642
20220525 065932.751 INFO             PET0 Finalizing ESMF
