build time -- 2022-05-05 01:14:10.900997
20220505 014209.363 INFO             PET0 !!!!!!!!!!!!!!!!!!!!!!!!!!!!!!!!!!!!!!!!!!!!!!!!!!!!!!
20220505 014209.363 INFO             PET0 !!! THE ESMF_LOG IS SET TO OUTPUT ALL LOG MESSAGES !!!
20220505 014209.363 INFO             PET0 !!!     THIS MAY CAUSE SLOWDOWN IN PERFORMANCE     !!!
20220505 014209.363 INFO             PET0 !!! FOR PRODUCTION RUNS, USE:                      !!!
20220505 014209.363 INFO             PET0 !!!                   ESMF_LOGKIND_Multi_On_Error  !!!
20220505 014209.363 INFO             PET0 !!!!!!!!!!!!!!!!!!!!!!!!!!!!!!!!!!!!!!!!!!!!!!!!!!!!!!
20220505 014209.363 INFO             PET0 Running with ESMF Version   : v8.3.0b13-17-g28d0d30e65
20220505 014209.363 INFO             PET0 ESMF library build date/time: "May  5 2022" "01:11:33"
20220505 014209.363 INFO             PET0 ESMF library build location : /gpfsm/dnb04/projects/p98/mpotts/esmf/intel_19.1.3_mpt_g_develop
20220505 014209.363 INFO             PET0 ESMF_COMM                   : mpt
20220505 014209.364 INFO             PET0 ESMF_MOAB                   : enabled
20220505 014209.364 INFO             PET0 ESMF_LAPACK                 : enabled
20220505 014209.364 INFO             PET0 ESMF_NETCDF                 : enabled
20220505 014209.364 INFO             PET0 ESMF_PNETCDF                : disabled
20220505 014209.364 INFO             PET0 ESMF_PIO                    : enabled
20220505 014209.364 INFO             PET0 ESMF_YAMLCPP                : enabled
20220505 014209.365 INFO             PET0  NUMBER_OF_PROCESSORS           1
20220505 014209.365 INFO             PET0  PASS  Example ESMF_TimeIntervalEx, ESMF_TimeIntervalEx.F90, line 176
20220505 014209.365 INFO             PET0 Finalizing ESMF
