build time -- 2022-04-11 01:15:52.917036
0: --- ESMCI::ArrayBundle::print start ---
0: ArrayBundle: MyArrayBundle
0: arrayCount = 3
3: --- ESMCI::ArrayBundle::print start ---
3: ArrayBundle: MyArrayBundle
3: arrayCount = 3
0: Container::print() multipmap:item=0 key=AonFly value=0x18f7330
1: --- ESMCI::ArrayBundle::print start ---
1: ArrayBundle: MyArrayBundle
1: arrayCount = 3
1: Container::print() multipmap:item=0 key=AonFly value=0x18f73f0
1: Container::print() multipmap:item=1 key=Array002 value=0x18f32f0
3: Container::print() multipmap:item=0 key=AonFly value=0x18f62d0
3: Container::print() multipmap:item=1 key=Array002 value=0x18f2f50
3: Container::print() multipmap:item=2 key=Array003 value=0x18f39e0
0: Container::print() multipmap:item=1 key=Array002 value=0x18f3230
0: Container::print() multipmap:item=2 key=Array003 value=0x18f3ff0
0: Container::print()      list:item=0 key=Array002 value=0x18f3230
0: Container::print()      list:item=1 key=Array003 value=0x18f3ff0
1: Container::print() multipmap:item=2 key=Array003 value=0x18f40b0
1: Container::print()      list:item=0 key=Array002 value=0x18f32f0
1: Container::print()      list:item=1 key=Array003 value=0x18f40b0
1: Container::print()      list:item=2 key=AonFly value=0x18f73f0
1: --- ESMCI::ArrayBundle::print end ---
3: Container::print()      list:item=0 key=Array002 value=0x18f2f50
3: Container::print()      list:item=1 key=Array003 value=0x18f39e0
3: Container::print()      list:item=2 key=AonFly value=0x18f62d0
3: --- ESMCI::ArrayBundle::print end ---
0: Container::print()      list:item=2 key=AonFly value=0x18f7330
0: --- ESMCI::ArrayBundle::print end ---
2: --- ESMCI::ArrayBundle::print start ---
2: ArrayBundle: MyArrayBundle
2: arrayCount = 3
0: --- ESMCI::Array::print start ---
2: Container::print() multipmap:item=0 key=AonFly value=0x18f6250
3: --- ESMCI::Array::print start ---
3:  Base name    = AonFly
0:  Base name    = AonFly
0:  Status: Base = Ready,  object = Ready
0:  Proxy        = no
1: --- ESMCI::Array::print start ---
1:  Base name    = AonFly
1:  Status: Base = Ready,  object = Ready
1:  Proxy        = no
1:  Root Info (Attributes):
3:  Status: Base = Ready,  object = Ready
3:  Proxy        = no
3:  Root Info (Attributes):
0:  Root Info (Attributes):
2: Container::print() multipmap:item=1 key=Array002 value=0x18f2ed0
2: Container::print() multipmap:item=2 key=Array003 value=0x18f3960
2: Container::print()      list:item=0 key=Array002 value=0x18f2ed0
2: Container::print()      list:item=1 key=Array003 value=0x18f3960
2: Container::print()      list:item=2 key=AonFly value=0x18f6250
2: --- ESMCI::ArrayBundle::print end ---
3: {}Array typekind/rank: Real*4 / 2 
3: ~ lower class' values ~
3: DistGrid dimCount = 2
3: deCount = 6
3: localDeCount = 1
3: ~ local data in LocalArray for DE 3 ~
3: LocalArrayPrint: Array at address 0x18f5fa0:
3:             rank = 2, typekind = 5, base_addr = 0x7fffe6233f60
3:             dim[0] = 2  dim[1] = 2  
3:   Real, *4, Dim 2, Data values:
3: ( 1, 1) =  0
3: ( 2, 1) =  0
3: ( 1, 2) =  0
3: ( 2, 2) =  0
0: {}Array typekind/rank: Real*4 / 2 
0: ~ lower class' values ~
0: DistGrid dimCount = 2
0: deCount = 6
0: localDeCount = 2
0: ~ local data in LocalArray for DE 0 ~
0: LocalArrayPrint: Array at address 0x18f6cd0:
0:             rank = 2, typekind = 5, base_addr = 0x7fffe6233f40
0:             dim[0] = 3  dim[1] = 2  
0:   Real, *4, Dim 2, Data values:
0: ( 1, 1) =  0
0: ( 2, 1) =  0
0: ( 3, 1) =  0
0: ( 1, 2) =  0
0: ( 2, 2) =  0
0: ( 3, 2) =  0
0: dim 1: [0]: [1 [1 [1, 3] 3] 3]
0: dim 2: [1]: [1 [1 [1, 2] 2] 2]
0: ~ local data in LocalArray for DE 4 ~
0: LocalArrayPrint: Array at address 0x18f7000:
0:             rank = 2, typekind = 5, base_addr = 0x7fffe6233f20
3: dim 1: [0]: [1 [1 [1, 2] 2] 2]
3: dim 2: [1]: [1 [1 [1, 2] 2] 2]
3: --- ESMCI::Array::print end ---
3: --- ESMCI::Array::print start ---
3:  Base name    = Array002
3:  Status: Base = Ready,  object = Ready
0:             dim[0] = 3  dim[1] = 1  
0:   Real, *4, Dim 2, Data values:
0: ( 1, 1) =  0
0: ( 2, 1) =  0
0: ( 3, 1) =  0
0: dim 1: [0]: [1 [1 [1, 3] 3] 3]
0: dim 2: [1]: [1 [1 [1, 1] 1] 1]
0: --- ESMCI::Array::print end ---
3:  Proxy        = no
3:  Root Info (Attributes):
0: --- ESMCI::Array::print start ---
0:  Base name    = Array002
0:  Status: Base = Ready,  object = Ready
3: {}Array typekind/rank: Real*8 / 2 
3: ~ lower class' values ~
3: DistGrid dimCount = 2
3: deCount = 6
3: localDeCount = 1
3: ~ local data in LocalArray for DE 3 ~
3: LocalArrayPrint: Array at address 0x18f2c20:
0:  Proxy        = no
0:  Root Info (Attributes):
3:             rank = 2, typekind = 6, base_addr = 0x7fffe6233fc0
3:             dim[0] = 2  dim[1] = 2  
3:   Real, *8, Dim 2, Data values:
3: ( 1, 1) =  0
3: ( 2, 1) =  0
0: {}Array typekind/rank: Real*8 / 2 
0: ~ lower class' values ~
0: DistGrid dimCount = 2
0: deCount = 6
0: localDeCount = 2
0: ~ local data in LocalArray for DE 0 ~
0: LocalArrayPrint: Array at address 0x18f2bd0:
3: ( 1, 2) =  0
3: ( 2, 2) =  0
3: dim 1: [0]: [1 [1 [1, 2] 2] 2]
3: dim 2: [1]: [1 [1 [1, 2] 2] 2]
3: --- ESMCI::Array::print end ---
3: --- ESMCI::Array::print start ---
0:             rank = 2, typekind = 6, base_addr = 0x7fffe6253d00
0:             dim[0] = 3  dim[1] = 2  
0:   Real, *8, Dim 2, Data values:
2: --- ESMCI::Array::print start ---
2:  Base name    = AonFly
2:  Status: Base = Ready,  object = Ready
3:  Base name    = Array003
3:  Status: Base = Ready,  object = Ready
3:  Proxy        = no
3:  Root Info (Attributes):
3: {}Array typekind/rank: Real*8 / 2 
3: ~ lower class' values ~
3: DistGrid dimCount = 2
0: ( 1, 1) =  6.95333e-310
0: ( 2, 1) =  6.01347e-154
0: ( 3, 1) =  6.01347e-154
0: ( 1, 2) =  6.10916e+223
0: ( 2, 2) =  6.01386e-154
0: ( 3, 2) =  6.01347e-154
2:  Proxy        = no
2:  Root Info (Attributes):
3: deCount = 6
3: localDeCount = 1
3: ~ local data in LocalArray for DE 3 ~
3: LocalArrayPrint: Array at address 0x18f36b0:
3:             rank = 2, typekind = 6, base_addr = 0x7fffe6233fa0
3:             dim[0] = 2  dim[1] = 2  
3:   Real, *8, Dim 2, Data values:
3: ( 1, 1) =  0
3: ( 2, 1) =  0
3: ( 1, 2) =  0
0: dim 1: [0]: [1 [1 [1, 3] 3] 3]
0: dim 2: [1]: [1 [1 [1, 2] 2] 2]
0: ~ local data in LocalArray for DE 4 ~
0: LocalArrayPrint: Array at address 0x18f2f00:
0:             rank = 2, typekind = 6, base_addr = 0x7fffe6233fc0
0:             dim[0] = 3  dim[1] = 1  
0:   Real, *8, Dim 2, Data values:
0: ( 1, 1) =  0
0: ( 2, 1) =  0
0: ( 3, 1) =  0
0: dim 1: [0]: [1 [1 [1, 3] 3] 3]
0: dim 2: [1]: [1 [1 [1, 1] 1] 1]
3: ( 2, 2) =  0
3: dim 1: [0]: [1 [1 [1, 2] 2] 2]
3: dim 2: [1]: [1 [1 [1, 2] 2] 2]
3: --- ESMCI::Array::print end ---
0: --- ESMCI::Array::print end ---
0: --- ESMCI::Array::print start ---
0:  Base name    = Array003
0:  Status: Base = Ready,  object = Ready
0:  Proxy        = no
0:  Root Info (Attributes):
0: {}Array typekind/rank: Real*8 / 2 
0: ~ lower class' values ~
0: DistGrid dimCount = 2
0: deCount = 6
0: localDeCount = 2
0: ~ local data in LocalArray for DE 0 ~
0: LocalArrayPrint: Array at address 0x18f3990:
0:             rank = 2, typekind = 6, base_addr = 0x7fffe6253cc0
0:             dim[0] = 3  dim[1] = 2  
0:   Real, *8, Dim 2, Data values:
0: ( 1, 1) =  6.95333e-310
0: ( 2, 1) =  6.01347e-154
0: ( 3, 1) =  6.01347e-154
0: ( 1, 2) =  6.10916e+223
0: ( 2, 2) =  9.77069e+199
0: ( 3, 2) =  6.99178e+228
0: dim 1: [0]: [1 [1 [1, 3] 3] 3]
0: dim 2: [1]: [1 [1 [1, 2] 2] 2]
0: ~ local data in LocalArray for DE 4 ~
0: LocalArrayPrint: Array at address 0x18f3cc0:
0:             rank = 2, typekind = 6, base_addr = 0x7fffe6233fa0
0:             dim[0] = 3  dim[1] = 1  
0:   Real, *8, Dim 2, Data values:
0: ( 1, 1) =  0
0: ( 2, 1) =  0
0: ( 3, 1) =  0
0: dim 1: [0]: [1 [1 [1, 3] 3] 3]
0: dim 2: [1]: [1 [1 [1, 1] 1] 1]
0: --- ESMCI::Array::print end ---
1: {}Array typekind/rank: Real*4 / 2 
1: ~ lower class' values ~
1: DistGrid dimCount = 2
1: deCount = 6
1: localDeCount = 2
1: ~ local data in LocalArray for DE 1 ~
1: LocalArrayPrint: Array at address 0x18f6d90:
1:             rank = 2, typekind = 5, base_addr = 0x7fffe6233ee0
1:             dim[0] = 2  dim[1] = 2  
1:   Real, *4, Dim 2, Data values:
1: ( 1, 1) =  0
1: ( 2, 1) =  0
1: ( 1, 2) =  0
1: ( 2, 2) =  0
1: dim 1: [0]: [1 [1 [1, 2] 2] 2]
1: dim 2: [1]: [1 [1 [1, 2] 2] 2]
1: ~ local data in LocalArray for DE 5 ~
1: LocalArrayPrint: Array at address 0x18f70c0:
1:             rank = 2, typekind = 5, base_addr = 0x7fffe6233ec0
1:             dim[0] = 2  dim[1] = 1  
1:   Real, *4, Dim 2, Data values:
1: ( 1, 1) =  0
1: ( 2, 1) =  0
1: dim 1: [0]: [1 [1 [1, 2] 2] 2]
1: dim 2: [1]: [1 [1 [1, 1] 1] 1]
1: --- ESMCI::Array::print end ---
1: --- ESMCI::Array::print start ---
2: {}Array typekind/rank: Real*4 / 2 
2: ~ lower class' values ~
2: DistGrid dimCount = 2
2: deCount = 6
2: localDeCount = 1
2: ~ local data in LocalArray for DE 2 ~
2: LocalArrayPrint: Array at address 0x18f5f20:
2:             rank = 2, typekind = 5, base_addr = 0x7fffe6233fc0
2:             dim[0] = 3  dim[1] = 2  
2:   Real, *4, Dim 2, Data values:
2: ( 1, 1) =  0
2: ( 2, 1) =  0
2: ( 3, 1) =  5.26122e-38
2: ( 1, 2) =  0
2: ( 2, 2) =  0
2: ( 3, 2) =  0
2: dim 1: [0]: [1 [1 [1, 3] 3] 3]
2: dim 2: [1]: [1 [1 [1, 2] 2] 2]
2: --- ESMCI::Array::print end ---
2: --- ESMCI::Array::print start ---
2:  Base name    = Array002
2:  Status: Base = Ready,  object = Ready
2:  Proxy        = no
2:  Root Info (Attributes):
3:   PASS  Example ESMF_ArrayBundleEx, ESMF_ArrayBundleEx.F90, line 267
2: {}Array typekind/rank: Real*8 / 2 
2: ~ lower class' values ~
2: DistGrid dimCount = 2
2: deCount = 6
2: localDeCount = 1
2: ~ local data in LocalArray for DE 2 ~
2: LocalArrayPrint: Array at address 0x18f2ba0:
2:             rank = 2, typekind = 6, base_addr = 0x7fffe6253d00
2:             dim[0] = 3  dim[1] = 2  
2:   Real, *8, Dim 2, Data values:
2: ( 1, 1) =  6.95333e-310
2: ( 2, 1) =  6.01347e-154
2: ( 3, 1) =  6.01347e-154
2: ( 1, 2) =  6.10916e+223
2: ( 2, 2) =  6.01386e-154
2: ( 3, 2) =  6.01347e-154
2: dim 1: [0]: [1 [1 [1, 3] 3] 3]
2: dim 2: [1]: [1 [1 [1, 2] 2] 2]
2: --- ESMCI::Array::print end ---
2: --- ESMCI::Array::print start ---
2:  Base name    = Array003
0:   PASS  Example ESMF_ArrayBundleEx, ESMF_ArrayBundleEx.F90, line 267
2:  Status: Base = Ready,  object = Ready
2:  Proxy        = no
2:  Root Info (Attributes):
2: {}Array typekind/rank: Real*8 / 2 
2: ~ lower class' values ~
2: DistGrid dimCount = 2
2: deCount = 6
2: localDeCount = 1
2: ~ local data in LocalArray for DE 2 ~
2: LocalArrayPrint: Array at address 0x18f3630:
2:             rank = 2, typekind = 6, base_addr = 0x7fffe6253cc0
2:             dim[0] = 3  dim[1] = 2  
2:   Real, *8, Dim 2, Data values:
2: ( 1, 1) =  6.95333e-310
2: ( 2, 1) =  6.01347e-154
2: ( 3, 1) =  6.01347e-154
2: ( 1, 2) =  6.10916e+223
2: ( 2, 2) =  9.77069e+199
2: ( 3, 2) =  6.99178e+228
2: dim 1: [0]: [1 [1 [1, 3] 3] 3]
2: dim 2: [1]: [1 [1 [1, 2] 2] 2]
2: --- ESMCI::Array::print end ---
1:  Base name    = Array002
1:  Status: Base = Ready,  object = Ready
1:  Proxy        = no
2:   PASS  Example ESMF_ArrayBundleEx, ESMF_ArrayBundleEx.F90, line 267
1:  Root Info (Attributes):
1: {}Array typekind/rank: Real*8 / 2 
1: ~ lower class' values ~
1: DistGrid dimCount = 2
1: deCount = 6
1: localDeCount = 2
1: ~ local data in LocalArray for DE 1 ~
1: LocalArrayPrint: Array at address 0x18f2c90:
1:             rank = 2, typekind = 6, base_addr = 0x7fffe6233fc0
1:             dim[0] = 2  dim[1] = 2  
1:   Real, *8, Dim 2, Data values:
1: ( 1, 1) =  0
1: ( 2, 1) =  0
1: ( 1, 2) =  0
1: ( 2, 2) =  0
1: dim 1: [0]: [1 [1 [1, 2] 2] 2]
1: dim 2: [1]: [1 [1 [1, 2] 2] 2]
1: ~ local data in LocalArray for DE 5 ~
1: LocalArrayPrint: Array at address 0x18f2fc0:
1:             rank = 2, typekind = 6, base_addr = 0x7fffe6233fa0
1:             dim[0] = 2  dim[1] = 1  
1:   Real, *8, Dim 2, Data values:
1: ( 1, 1) =  0
1: ( 2, 1) =  0
1: dim 1: [0]: [1 [1 [1, 2] 2] 2]
1: dim 2: [1]: [1 [1 [1, 1] 1] 1]
1: --- ESMCI::Array::print end ---
1: --- ESMCI::Array::print start ---
1:  Base name    = Array003
1:  Status: Base = Ready,  object = Ready
1:  Proxy        = no
1:  Root Info (Attributes):
1: {}Array typekind/rank: Real*8 / 2 
1: ~ lower class' values ~
1: DistGrid dimCount = 2
1: deCount = 6
1: localDeCount = 2
1: ~ local data in LocalArray for DE 1 ~
1: LocalArrayPrint: Array at address 0x18f3a50:
1:             rank = 2, typekind = 6, base_addr = 0x7fffe6233f80
1:             dim[0] = 2  dim[1] = 2  
1:   Real, *8, Dim 2, Data values:
1: ( 1, 1) =  0
1: ( 2, 1) =  0
1: ( 1, 2) =  0
1: ( 2, 2) =  0
1: dim 1: [0]: [1 [1 [1, 2] 2] 2]
1: dim 2: [1]: [1 [1 [1, 2] 2] 2]
1: ~ local data in LocalArray for DE 5 ~
1: LocalArrayPrint: Array at address 0x18f3d80:
1:             rank = 2, typekind = 6, base_addr = 0x7fffe6233f60
1:             dim[0] = 2  dim[1] = 1  
1:   Real, *8, Dim 2, Data values:
1: ( 1, 1) =  0
1: ( 2, 1) =  0
1: dim 1: [0]: [1 [1 [1, 2] 2] 2]
1: dim 2: [1]: [1 [1 [1, 1] 1] 1]
1: --- ESMCI::Array::print end ---
1:   PASS  Example ESMF_ArrayBundleEx, ESMF_ArrayBundleEx.F90, line 267
0:  PASS: ESMF_ArrayBundleEx.F90
1:  PASS: ESMF_ArrayBundleEx.F90
2:  PASS: ESMF_ArrayBundleEx.F90
3:  PASS: ESMF_ArrayBundleEx.F90
