build time -- 2022-04-19 01:14:52.365562
20220419 014540.171 INFO             PET0 !!!!!!!!!!!!!!!!!!!!!!!!!!!!!!!!!!!!!!!!!!!!!!!!!!!!!!
20220419 014540.171 INFO             PET0 !!! THE ESMF_LOG IS SET TO OUTPUT ALL LOG MESSAGES !!!
20220419 014540.171 INFO             PET0 !!!     THIS MAY CAUSE SLOWDOWN IN PERFORMANCE     !!!
20220419 014540.171 INFO             PET0 !!! FOR PRODUCTION RUNS, USE:                      !!!
20220419 014540.171 INFO             PET0 !!!                   ESMF_LOGKIND_Multi_On_Error  !!!
20220419 014540.171 INFO             PET0 !!!!!!!!!!!!!!!!!!!!!!!!!!!!!!!!!!!!!!!!!!!!!!!!!!!!!!
20220419 014540.171 INFO             PET0 Running with ESMF Version   : v8.3.0b12-66-g968479064d
20220419 014540.171 INFO             PET0 ESMF library build date/time: "Apr 19 2022" "01:11:50"
20220419 014540.171 INFO             PET0 ESMF library build location : /gpfsm/dnb04/projects/p98/mpotts/esmf/intel_19.1.3_mpt_g_develop
20220419 014540.171 INFO             PET0 ESMF_COMM                   : mpt
20220419 014540.172 INFO             PET0 ESMF_MOAB                   : enabled
20220419 014540.172 INFO             PET0 ESMF_LAPACK                 : enabled
20220419 014540.172 INFO             PET0 ESMF_NETCDF                 : enabled
20220419 014540.172 INFO             PET0 ESMF_PNETCDF                : disabled
20220419 014540.172 INFO             PET0 ESMF_PIO                    : enabled
20220419 014540.172 INFO             PET0 ESMF_YAMLCPP                : enabled
20220419 014540.173 ERROR            PET0 ESMF_StateAPI.cppF90:1189 ESMF_StateAddList Object being used before creation  - Bad Object
20220419 014540.176 INFO             PET0  NUMBER_OF_PROCESSORS           4
20220419 014540.176 INFO             PET0  PASS  Example ESMF_StateReconcileEx, ESMF_StateReconcileEx.F90, line 294
20220419 014540.176 INFO             PET0 Finalizing ESMF
20220419 014540.171 INFO             PET1 !!!!!!!!!!!!!!!!!!!!!!!!!!!!!!!!!!!!!!!!!!!!!!!!!!!!!!
20220419 014540.171 INFO             PET1 !!! THE ESMF_LOG IS SET TO OUTPUT ALL LOG MESSAGES !!!
20220419 014540.171 INFO             PET1 !!!     THIS MAY CAUSE SLOWDOWN IN PERFORMANCE     !!!
20220419 014540.171 INFO             PET1 !!! FOR PRODUCTION RUNS, USE:                      !!!
20220419 014540.171 INFO             PET1 !!!                   ESMF_LOGKIND_Multi_On_Error  !!!
20220419 014540.171 INFO             PET1 !!!!!!!!!!!!!!!!!!!!!!!!!!!!!!!!!!!!!!!!!!!!!!!!!!!!!!
20220419 014540.171 INFO             PET1 Running with ESMF Version   : v8.3.0b12-66-g968479064d
20220419 014540.171 INFO             PET1 ESMF library build date/time: "Apr 19 2022" "01:11:50"
20220419 014540.171 INFO             PET1 ESMF library build location : /gpfsm/dnb04/projects/p98/mpotts/esmf/intel_19.1.3_mpt_g_develop
20220419 014540.171 INFO             PET1 ESMF_COMM                   : mpt
20220419 014540.172 INFO             PET1 ESMF_MOAB                   : enabled
20220419 014540.172 INFO             PET1 ESMF_LAPACK                 : enabled
20220419 014540.172 INFO             PET1 ESMF_NETCDF                 : enabled
20220419 014540.172 INFO             PET1 ESMF_PNETCDF                : disabled
20220419 014540.172 INFO             PET1 ESMF_PIO                    : enabled
20220419 014540.172 INFO             PET1 ESMF_YAMLCPP                : enabled
20220419 014540.174 ERROR            PET1 ESMF_StateAPI.cppF90:1189 ESMF_StateAddList Object being used before creation  - Bad Object
20220419 014540.176 INFO             PET1  NUMBER_OF_PROCESSORS           4
20220419 014540.176 INFO             PET1  PASS  Example ESMF_StateReconcileEx, ESMF_StateReconcileEx.F90, line 294
20220419 014540.176 INFO             PET1 Finalizing ESMF
20220419 014540.172 INFO             PET2 !!!!!!!!!!!!!!!!!!!!!!!!!!!!!!!!!!!!!!!!!!!!!!!!!!!!!!
20220419 014540.172 INFO             PET2 !!! THE ESMF_LOG IS SET TO OUTPUT ALL LOG MESSAGES !!!
20220419 014540.172 INFO             PET2 !!!     THIS MAY CAUSE SLOWDOWN IN PERFORMANCE     !!!
20220419 014540.172 INFO             PET2 !!! FOR PRODUCTION RUNS, USE:                      !!!
20220419 014540.172 INFO             PET2 !!!                   ESMF_LOGKIND_Multi_On_Error  !!!
20220419 014540.172 INFO             PET2 !!!!!!!!!!!!!!!!!!!!!!!!!!!!!!!!!!!!!!!!!!!!!!!!!!!!!!
20220419 014540.172 INFO             PET2 Running with ESMF Version   : v8.3.0b12-66-g968479064d
20220419 014540.172 INFO             PET2 ESMF library build date/time: "Apr 19 2022" "01:11:50"
20220419 014540.172 INFO             PET2 ESMF library build location : /gpfsm/dnb04/projects/p98/mpotts/esmf/intel_19.1.3_mpt_g_develop
20220419 014540.172 INFO             PET2 ESMF_COMM                   : mpt
20220419 014540.172 INFO             PET2 ESMF_MOAB                   : enabled
20220419 014540.172 INFO             PET2 ESMF_LAPACK                 : enabled
20220419 014540.172 INFO             PET2 ESMF_NETCDF                 : enabled
20220419 014540.172 INFO             PET2 ESMF_PNETCDF                : disabled
20220419 014540.172 INFO             PET2 ESMF_PIO                    : enabled
20220419 014540.172 INFO             PET2 ESMF_YAMLCPP                : enabled
20220419 014540.173 ERROR            PET2 ESMF_StateAPI.cppF90:1189 ESMF_StateAddList Object being used before creation  - Bad Object
20220419 014540.176 INFO             PET2  NUMBER_OF_PROCESSORS           4
20220419 014540.176 INFO             PET2  PASS  Example ESMF_StateReconcileEx, ESMF_StateReconcileEx.F90, line 294
20220419 014540.176 INFO             PET2 Finalizing ESMF
20220419 014540.171 INFO             PET3 !!!!!!!!!!!!!!!!!!!!!!!!!!!!!!!!!!!!!!!!!!!!!!!!!!!!!!
20220419 014540.171 INFO             PET3 !!! THE ESMF_LOG IS SET TO OUTPUT ALL LOG MESSAGES !!!
20220419 014540.171 INFO             PET3 !!!     THIS MAY CAUSE SLOWDOWN IN PERFORMANCE     !!!
20220419 014540.171 INFO             PET3 !!! FOR PRODUCTION RUNS, USE:                      !!!
20220419 014540.171 INFO             PET3 !!!                   ESMF_LOGKIND_Multi_On_Error  !!!
20220419 014540.171 INFO             PET3 !!!!!!!!!!!!!!!!!!!!!!!!!!!!!!!!!!!!!!!!!!!!!!!!!!!!!!
20220419 014540.171 INFO             PET3 Running with ESMF Version   : v8.3.0b12-66-g968479064d
20220419 014540.171 INFO             PET3 ESMF library build date/time: "Apr 19 2022" "01:11:50"
20220419 014540.171 INFO             PET3 ESMF library build location : /gpfsm/dnb04/projects/p98/mpotts/esmf/intel_19.1.3_mpt_g_develop
20220419 014540.171 INFO             PET3 ESMF_COMM                   : mpt
20220419 014540.172 INFO             PET3 ESMF_MOAB                   : enabled
20220419 014540.172 INFO             PET3 ESMF_LAPACK                 : enabled
20220419 014540.172 INFO             PET3 ESMF_NETCDF                 : enabled
20220419 014540.172 INFO             PET3 ESMF_PNETCDF                : disabled
20220419 014540.172 INFO             PET3 ESMF_PIO                    : enabled
20220419 014540.172 INFO             PET3 ESMF_YAMLCPP                : enabled
20220419 014540.173 ERROR            PET3 ESMF_StateAPI.cppF90:1189 ESMF_StateAddList Object being used before creation  - Bad Object
20220419 014540.177 INFO             PET3  NUMBER_OF_PROCESSORS           4
20220419 014540.177 INFO             PET3  PASS  Example ESMF_StateReconcileEx, ESMF_StateReconcileEx.F90, line 294
20220419 014540.177 INFO             PET3 Finalizing ESMF
