build time -- 2022-04-08 01:15:41.951355
20220408 014604.603 INFO             PET0 !!!!!!!!!!!!!!!!!!!!!!!!!!!!!!!!!!!!!!!!!!!!!!!!!!!!!!
20220408 014604.604 INFO             PET0 !!! THE ESMF_LOG IS SET TO OUTPUT ALL LOG MESSAGES !!!
20220408 014604.604 INFO             PET0 !!!     THIS MAY CAUSE SLOWDOWN IN PERFORMANCE     !!!
20220408 014604.604 INFO             PET0 !!! FOR PRODUCTION RUNS, USE:                      !!!
20220408 014604.604 INFO             PET0 !!!                   ESMF_LOGKIND_Multi_On_Error  !!!
20220408 014604.604 INFO             PET0 !!!!!!!!!!!!!!!!!!!!!!!!!!!!!!!!!!!!!!!!!!!!!!!!!!!!!!
20220408 014604.604 INFO             PET0 Running with ESMF Version   : v8.3.0b12-1-g7c85d54760
20220408 014604.604 INFO             PET0 ESMF library build date/time: "Apr  8 2022" "01:12:50"
20220408 014604.604 INFO             PET0 ESMF library build location : /gpfsm/dnb04/projects/p98/mpotts/esmf/intel_19.1.3_mpt_g_develop
20220408 014604.604 INFO             PET0 ESMF_COMM                   : mpt
20220408 014604.605 INFO             PET0 ESMF_MOAB                   : enabled
20220408 014604.605 INFO             PET0 ESMF_LAPACK                 : enabled
20220408 014604.605 INFO             PET0 ESMF_NETCDF                 : enabled
20220408 014604.605 INFO             PET0 ESMF_PNETCDF                : disabled
20220408 014604.605 INFO             PET0 ESMF_PIO                    : enabled
20220408 014604.605 INFO             PET0 ESMF_YAMLCPP                : enabled
20220408 014604.615 INFO             PET0  NUMBER_OF_PROCESSORS           1
20220408 014604.615 INFO             PET0  PASS  Example ESMF_XGridSparseMatEx, ESMF_XGridSparseMatEx.F90, line 642
20220408 014604.615 INFO             PET0 Finalizing ESMF
