build time -- 2022-05-30 01:24:55.885174
20220530 015431.945 INFO             PET0 !!!!!!!!!!!!!!!!!!!!!!!!!!!!!!!!!!!!!!!!!!!!!!!!!!!!!!
20220530 015431.945 INFO             PET0 !!! THE ESMF_LOG IS SET TO OUTPUT ALL LOG MESSAGES !!!
20220530 015431.945 INFO             PET0 !!!     THIS MAY CAUSE SLOWDOWN IN PERFORMANCE     !!!
20220530 015431.945 INFO             PET0 !!! FOR PRODUCTION RUNS, USE:                      !!!
20220530 015431.945 INFO             PET0 !!!                   ESMF_LOGKIND_Multi_On_Error  !!!
20220530 015431.945 INFO             PET0 !!!!!!!!!!!!!!!!!!!!!!!!!!!!!!!!!!!!!!!!!!!!!!!!!!!!!!
20220530 015431.945 INFO             PET0 Running with ESMF Version   : v8.3.0b16
20220530 015431.945 INFO             PET0 ESMF library build date/time: "May 30 2022" "01:22:09"
20220530 015431.945 INFO             PET0 ESMF library build location : /gpfsm/dnb04/projects/p98/mpotts/esmf/intel_19.1.3_mpt_g_develop
20220530 015431.945 INFO             PET0 ESMF_COMM                   : mpt
20220530 015431.946 INFO             PET0 ESMF_MOAB                   : enabled
20220530 015431.946 INFO             PET0 ESMF_LAPACK                 : enabled
20220530 015431.946 INFO             PET0 ESMF_NETCDF                 : enabled
20220530 015431.946 INFO             PET0 ESMF_PNETCDF                : disabled
20220530 015431.946 INFO             PET0 ESMF_PIO                    : enabled
20220530 015431.946 INFO             PET0 ESMF_YAMLCPP                : enabled
20220530 015432.064 DEBUG            PET0 about to destroy Grid: 0x19b0f70
20220530 015432.079 DEBUG            PET0 about to destroy Grid: 0x19b3ce0
20220530 015432.121 INFO             PET0  NUMBER_OF_PROCESSORS           4
20220530 015432.121 INFO             PET0  PASS  Example ESMF_NUOPCAtmModelEx, ESMF_NUOPCAtmModelEx.F90, line 806
20220530 015432.121 INFO             PET0 Finalizing ESMF
20220530 015431.945 INFO             PET1 !!!!!!!!!!!!!!!!!!!!!!!!!!!!!!!!!!!!!!!!!!!!!!!!!!!!!!
20220530 015431.945 INFO             PET1 !!! THE ESMF_LOG IS SET TO OUTPUT ALL LOG MESSAGES !!!
20220530 015431.945 INFO             PET1 !!!     THIS MAY CAUSE SLOWDOWN IN PERFORMANCE     !!!
20220530 015431.945 INFO             PET1 !!! FOR PRODUCTION RUNS, USE:                      !!!
20220530 015431.945 INFO             PET1 !!!                   ESMF_LOGKIND_Multi_On_Error  !!!
20220530 015431.945 INFO             PET1 !!!!!!!!!!!!!!!!!!!!!!!!!!!!!!!!!!!!!!!!!!!!!!!!!!!!!!
20220530 015431.945 INFO             PET1 Running with ESMF Version   : v8.3.0b16
20220530 015431.945 INFO             PET1 ESMF library build date/time: "May 30 2022" "01:22:09"
20220530 015431.945 INFO             PET1 ESMF library build location : /gpfsm/dnb04/projects/p98/mpotts/esmf/intel_19.1.3_mpt_g_develop
20220530 015431.945 INFO             PET1 ESMF_COMM                   : mpt
20220530 015431.946 INFO             PET1 ESMF_MOAB                   : enabled
20220530 015431.946 INFO             PET1 ESMF_LAPACK                 : enabled
20220530 015431.946 INFO             PET1 ESMF_NETCDF                 : enabled
20220530 015431.946 INFO             PET1 ESMF_PNETCDF                : disabled
20220530 015431.946 INFO             PET1 ESMF_PIO                    : enabled
20220530 015431.946 INFO             PET1 ESMF_YAMLCPP                : enabled
20220530 015432.064 DEBUG            PET1 about to destroy Grid: 0x19b3d90
20220530 015432.079 DEBUG            PET1 about to destroy Grid: 0x19b4d80
20220530 015432.121 INFO             PET1  NUMBER_OF_PROCESSORS           4
20220530 015432.121 INFO             PET1  PASS  Example ESMF_NUOPCAtmModelEx, ESMF_NUOPCAtmModelEx.F90, line 806
20220530 015432.121 INFO             PET1 Finalizing ESMF
20220530 015431.945 INFO             PET2 !!!!!!!!!!!!!!!!!!!!!!!!!!!!!!!!!!!!!!!!!!!!!!!!!!!!!!
20220530 015431.945 INFO             PET2 !!! THE ESMF_LOG IS SET TO OUTPUT ALL LOG MESSAGES !!!
20220530 015431.945 INFO             PET2 !!!     THIS MAY CAUSE SLOWDOWN IN PERFORMANCE     !!!
20220530 015431.945 INFO             PET2 !!! FOR PRODUCTION RUNS, USE:                      !!!
20220530 015431.945 INFO             PET2 !!!                   ESMF_LOGKIND_Multi_On_Error  !!!
20220530 015431.945 INFO             PET2 !!!!!!!!!!!!!!!!!!!!!!!!!!!!!!!!!!!!!!!!!!!!!!!!!!!!!!
20220530 015431.945 INFO             PET2 Running with ESMF Version   : v8.3.0b16
20220530 015431.945 INFO             PET2 ESMF library build date/time: "May 30 2022" "01:22:09"
20220530 015431.945 INFO             PET2 ESMF library build location : /gpfsm/dnb04/projects/p98/mpotts/esmf/intel_19.1.3_mpt_g_develop
20220530 015431.945 INFO             PET2 ESMF_COMM                   : mpt
20220530 015431.946 INFO             PET2 ESMF_MOAB                   : enabled
20220530 015431.946 INFO             PET2 ESMF_LAPACK                 : enabled
20220530 015431.946 INFO             PET2 ESMF_NETCDF                 : enabled
20220530 015431.946 INFO             PET2 ESMF_PNETCDF                : disabled
20220530 015431.946 INFO             PET2 ESMF_PIO                    : enabled
20220530 015431.946 INFO             PET2 ESMF_YAMLCPP                : enabled
20220530 015432.064 DEBUG            PET2 about to destroy Grid: 0x19b3ed0
20220530 015432.079 DEBUG            PET2 about to destroy Grid: 0x19b4ec0
20220530 015432.121 INFO             PET2  NUMBER_OF_PROCESSORS           4
20220530 015432.121 INFO             PET2  PASS  Example ESMF_NUOPCAtmModelEx, ESMF_NUOPCAtmModelEx.F90, line 806
20220530 015432.121 INFO             PET2 Finalizing ESMF
20220530 015431.945 INFO             PET3 !!!!!!!!!!!!!!!!!!!!!!!!!!!!!!!!!!!!!!!!!!!!!!!!!!!!!!
20220530 015431.945 INFO             PET3 !!! THE ESMF_LOG IS SET TO OUTPUT ALL LOG MESSAGES !!!
20220530 015431.945 INFO             PET3 !!!     THIS MAY CAUSE SLOWDOWN IN PERFORMANCE     !!!
20220530 015431.945 INFO             PET3 !!! FOR PRODUCTION RUNS, USE:                      !!!
20220530 015431.945 INFO             PET3 !!!                   ESMF_LOGKIND_Multi_On_Error  !!!
20220530 015431.945 INFO             PET3 !!!!!!!!!!!!!!!!!!!!!!!!!!!!!!!!!!!!!!!!!!!!!!!!!!!!!!
20220530 015431.945 INFO             PET3 Running with ESMF Version   : v8.3.0b16
20220530 015431.945 INFO             PET3 ESMF library build date/time: "May 30 2022" "01:22:09"
20220530 015431.945 INFO             PET3 ESMF library build location : /gpfsm/dnb04/projects/p98/mpotts/esmf/intel_19.1.3_mpt_g_develop
20220530 015431.945 INFO             PET3 ESMF_COMM                   : mpt
20220530 015431.946 INFO             PET3 ESMF_MOAB                   : enabled
20220530 015431.946 INFO             PET3 ESMF_LAPACK                 : enabled
20220530 015431.946 INFO             PET3 ESMF_NETCDF                 : enabled
20220530 015431.946 INFO             PET3 ESMF_PNETCDF                : disabled
20220530 015431.946 INFO             PET3 ESMF_PIO                    : enabled
20220530 015431.946 INFO             PET3 ESMF_YAMLCPP                : enabled
20220530 015432.064 DEBUG            PET3 about to destroy Grid: 0x19b3e90
20220530 015432.079 DEBUG            PET3 about to destroy Grid: 0x19b4e80
20220530 015432.121 INFO             PET3  NUMBER_OF_PROCESSORS           4
20220530 015432.121 INFO             PET3  PASS  Example ESMF_NUOPCAtmModelEx, ESMF_NUOPCAtmModelEx.F90, line 806
20220530 015432.121 INFO             PET3 Finalizing ESMF
