build time -- 2022-05-06 01:11:46.040004
20220506 014127.184 INFO             PET0 !!!!!!!!!!!!!!!!!!!!!!!!!!!!!!!!!!!!!!!!!!!!!!!!!!!!!!
20220506 014127.184 INFO             PET0 !!! THE ESMF_LOG IS SET TO OUTPUT ALL LOG MESSAGES !!!
20220506 014127.184 INFO             PET0 !!!     THIS MAY CAUSE SLOWDOWN IN PERFORMANCE     !!!
20220506 014127.184 INFO             PET0 !!! FOR PRODUCTION RUNS, USE:                      !!!
20220506 014127.184 INFO             PET0 !!!                   ESMF_LOGKIND_Multi_On_Error  !!!
20220506 014127.184 INFO             PET0 !!!!!!!!!!!!!!!!!!!!!!!!!!!!!!!!!!!!!!!!!!!!!!!!!!!!!!
20220506 014127.184 INFO             PET0 Running with ESMF Version   : v8.3.0b13-29-g945a2c14d6
20220506 014127.184 INFO             PET0 ESMF library build date/time: "May  6 2022" "01:08:58"
20220506 014127.184 INFO             PET0 ESMF library build location : /gpfsm/dnb04/projects/p98/mpotts/esmf/intel_19.1.3_mpt_g_develop
20220506 014127.184 INFO             PET0 ESMF_COMM                   : mpt
20220506 014127.185 INFO             PET0 ESMF_MOAB                   : enabled
20220506 014127.185 INFO             PET0 ESMF_LAPACK                 : enabled
20220506 014127.185 INFO             PET0 ESMF_NETCDF                 : enabled
20220506 014127.185 INFO             PET0 ESMF_PNETCDF                : disabled
20220506 014127.185 INFO             PET0 ESMF_PIO                    : enabled
20220506 014127.185 INFO             PET0 ESMF_YAMLCPP                : enabled
20220506 014127.185 INFO             PET0  NUMBER_OF_PROCESSORS           2
20220506 014127.185 INFO             PET0  PASS  Example ESMF_VMUserMpiCommEx, ESMF_VMUserMpiCommEx.F90, line 113
20220506 014127.185 INFO             PET0 Finalizing ESMF
20220506 014127.184 INFO             PET1 !!!!!!!!!!!!!!!!!!!!!!!!!!!!!!!!!!!!!!!!!!!!!!!!!!!!!!
20220506 014127.184 INFO             PET1 !!! THE ESMF_LOG IS SET TO OUTPUT ALL LOG MESSAGES !!!
20220506 014127.184 INFO             PET1 !!!     THIS MAY CAUSE SLOWDOWN IN PERFORMANCE     !!!
20220506 014127.184 INFO             PET1 !!! FOR PRODUCTION RUNS, USE:                      !!!
20220506 014127.184 INFO             PET1 !!!                   ESMF_LOGKIND_Multi_On_Error  !!!
20220506 014127.184 INFO             PET1 !!!!!!!!!!!!!!!!!!!!!!!!!!!!!!!!!!!!!!!!!!!!!!!!!!!!!!
20220506 014127.184 INFO             PET1 Running with ESMF Version   : v8.3.0b13-29-g945a2c14d6
20220506 014127.184 INFO             PET1 ESMF library build date/time: "May  6 2022" "01:08:58"
20220506 014127.184 INFO             PET1 ESMF library build location : /gpfsm/dnb04/projects/p98/mpotts/esmf/intel_19.1.3_mpt_g_develop
20220506 014127.184 INFO             PET1 ESMF_COMM                   : mpt
20220506 014127.185 INFO             PET1 ESMF_MOAB                   : enabled
20220506 014127.185 INFO             PET1 ESMF_LAPACK                 : enabled
20220506 014127.185 INFO             PET1 ESMF_NETCDF                 : enabled
20220506 014127.185 INFO             PET1 ESMF_PNETCDF                : disabled
20220506 014127.185 INFO             PET1 ESMF_PIO                    : enabled
20220506 014127.185 INFO             PET1 ESMF_YAMLCPP                : enabled
20220506 014127.185 INFO             PET1  NUMBER_OF_PROCESSORS           2
20220506 014127.185 INFO             PET1  PASS  Example ESMF_VMUserMpiCommEx, ESMF_VMUserMpiCommEx.F90, line 113
20220506 014127.185 INFO             PET1 Finalizing ESMF
