build time -- 2022-05-08 02:32:28
20220508 025344.723 INFO             PET0 !!!!!!!!!!!!!!!!!!!!!!!!!!!!!!!!!!!!!!!!!!!!!!!!!!!!!!
20220508 025344.723 INFO             PET0 !!! THE ESMF_LOG IS SET TO OUTPUT ALL LOG MESSAGES !!!
20220508 025344.723 INFO             PET0 !!!     THIS MAY CAUSE SLOWDOWN IN PERFORMANCE     !!!
20220508 025344.723 INFO             PET0 !!! FOR PRODUCTION RUNS, USE:                      !!!
20220508 025344.723 INFO             PET0 !!!                   ESMF_LOGKIND_Multi_On_Error  !!!
20220508 025344.723 INFO             PET0 !!!!!!!!!!!!!!!!!!!!!!!!!!!!!!!!!!!!!!!!!!!!!!!!!!!!!!
20220508 025344.723 INFO             PET0 Running with ESMF Version   : v8.3.0b14-2-gde129fc
20220508 025344.723 INFO             PET0 ESMF library build date/time: "May  8 2022" "02:30:51"
20220508 025344.723 INFO             PET0 ESMF library build location : /work/noaa/da/mpotts/sandbox/gfortran_8.3.0_mpiuni_O_develop
20220508 025344.723 INFO             PET0 ESMF_COMM                   : mpiuni
20220508 025344.724 INFO             PET0 ESMF_MOAB                   : enabled
20220508 025344.724 INFO             PET0 ESMF_LAPACK                 : enabled
20220508 025344.724 INFO             PET0 ESMF_NETCDF                 : enabled
20220508 025344.724 INFO             PET0 ESMF_PNETCDF                : disabled
20220508 025344.724 INFO             PET0 ESMF_PIO                    : disabled
20220508 025344.724 INFO             PET0 ESMF_YAMLCPP                : enabled
20220508 025344.724 INFO             PET0  NUMBER_OF_PROCESSORS           1
20220508 025344.724 INFO             PET0  PASS  Example ESMF_ArraySpecEx, ESMF_ArraySpecEx.F90, line 96
20220508 025344.724 INFO             PET0 Finalizing ESMF
