build time -- 2022-04-03 02:28:47
20220403 024621.431 INFO             PET0 !!!!!!!!!!!!!!!!!!!!!!!!!!!!!!!!!!!!!!!!!!!!!!!!!!!!!!
20220403 024621.431 INFO             PET0 !!! THE ESMF_LOG IS SET TO OUTPUT ALL LOG MESSAGES !!!
20220403 024621.431 INFO             PET0 !!!     THIS MAY CAUSE SLOWDOWN IN PERFORMANCE     !!!
20220403 024621.431 INFO             PET0 !!! FOR PRODUCTION RUNS, USE:                      !!!
20220403 024621.431 INFO             PET0 !!!                   ESMF_LOGKIND_Multi_On_Error  !!!
20220403 024621.431 INFO             PET0 !!!!!!!!!!!!!!!!!!!!!!!!!!!!!!!!!!!!!!!!!!!!!!!!!!!!!!
20220403 024621.431 INFO             PET0 Running with ESMF Version   : v8.3.0b12
20220403 024621.431 INFO             PET0 ESMF library build date/time: "Apr  3 2022" "02:27:49"
20220403 024621.431 INFO             PET0 ESMF library build location : /work/noaa/da/mpotts/sandbox/gfortran_8.3.0_mpiuni_O_develop
20220403 024621.431 INFO             PET0 ESMF_COMM                   : mpiuni
20220403 024621.432 INFO             PET0 ESMF_MOAB                   : enabled
20220403 024621.432 INFO             PET0 ESMF_LAPACK                 : enabled
20220403 024621.432 INFO             PET0 ESMF_NETCDF                 : enabled
20220403 024621.432 INFO             PET0 ESMF_PNETCDF                : disabled
20220403 024621.432 INFO             PET0 ESMF_PIO                    : disabled
20220403 024621.432 INFO             PET0 ESMF_YAMLCPP                : enabled
20220403 024621.458 DEBUG            PET0 about to destroy Grid: 0x14291d0
20220403 024621.461 DEBUG            PET0 about to destroy Grid: 0x142a740
20220403 024621.469 INFO             PET0  NUMBER_OF_PROCESSORS           1
20220403 024621.469 INFO             PET0  PASS  Example ESMF_NUOPCAtmModelEx, ESMF_NUOPCAtmModelEx.F90, line 806
20220403 024621.469 INFO             PET0 Finalizing ESMF
