build time -- 2022-05-01 00:36:23
20220501 011633.277 INFO             PET0 !!!!!!!!!!!!!!!!!!!!!!!!!!!!!!!!!!!!!!!!!!!!!!!!!!!!!!
20220501 011633.277 INFO             PET0 !!! THE ESMF_LOG IS SET TO OUTPUT ALL LOG MESSAGES !!!
20220501 011633.277 INFO             PET0 !!!     THIS MAY CAUSE SLOWDOWN IN PERFORMANCE     !!!
20220501 011633.277 INFO             PET0 !!! FOR PRODUCTION RUNS, USE:                      !!!
20220501 011633.277 INFO             PET0 !!!                   ESMF_LOGKIND_Multi_On_Error  !!!
20220501 011633.277 INFO             PET0 !!!!!!!!!!!!!!!!!!!!!!!!!!!!!!!!!!!!!!!!!!!!!!!!!!!!!!
20220501 011633.277 INFO             PET0 Running with ESMF Version   : v8.3.0b13-3-g648c7f896f
20220501 011633.277 INFO             PET0 ESMF library build date/time: "May  1 2022" "00:34:11"
20220501 011633.278 INFO             PET0 ESMF library build location : /lustre/f2/dev/ncep/Mark.Potts/intel_2019.5_mpi_O_develop
20220501 011633.278 INFO             PET0 ESMF_COMM                   : mpi
20220501 011633.278 INFO             PET0 ESMF_MOAB                   : enabled
20220501 011633.278 INFO             PET0 ESMF_LAPACK                 : enabled
20220501 011633.278 INFO             PET0 ESMF_NETCDF                 : enabled
20220501 011633.278 INFO             PET0 ESMF_PNETCDF                : disabled
20220501 011633.278 INFO             PET0 ESMF_PIO                    : enabled
20220501 011633.278 INFO             PET0 ESMF_YAMLCPP                : enabled
20220501 011633.283 INFO             PET0  NUMBER_OF_PROCESSORS           1
20220501 011633.283 INFO             PET0  PASS  Example ESMF_XGridSparseMatEx, ESMF_XGridSparseMatEx.F90, line 642
20220501 011633.283 INFO             PET0 Finalizing ESMF
