build time -- 2022-04-17 03:14:16
20220417 075426.710 INFO             PET0 !!!!!!!!!!!!!!!!!!!!!!!!!!!!!!!!!!!!!!!!!!!!!!!!!!!!!!
20220417 075426.710 INFO             PET0 !!! THE ESMF_LOG IS SET TO OUTPUT ALL LOG MESSAGES !!!
20220417 075426.710 INFO             PET0 !!!     THIS MAY CAUSE SLOWDOWN IN PERFORMANCE     !!!
20220417 075426.710 INFO             PET0 !!! FOR PRODUCTION RUNS, USE:                      !!!
20220417 075426.710 INFO             PET0 !!!                   ESMF_LOGKIND_Multi_On_Error  !!!
20220417 075426.710 INFO             PET0 !!!!!!!!!!!!!!!!!!!!!!!!!!!!!!!!!!!!!!!!!!!!!!!!!!!!!!
20220417 075426.710 INFO             PET0 Running with ESMF Version   : v8.3.0b12-66-g968479064d
20220417 075426.710 INFO             PET0 ESMF library build date/time: "Apr 17 2022" "03:11:59"
20220417 075426.710 INFO             PET0 ESMF library build location : /lustre/f2/dev/ncep/Mark.Potts/intel_2019.5_mpi_O_develop
20220417 075426.710 INFO             PET0 ESMF_COMM                   : mpi
20220417 075426.711 INFO             PET0 ESMF_MOAB                   : enabled
20220417 075426.711 INFO             PET0 ESMF_LAPACK                 : enabled
20220417 075426.711 INFO             PET0 ESMF_NETCDF                 : enabled
20220417 075426.711 INFO             PET0 ESMF_PNETCDF                : disabled
20220417 075426.711 INFO             PET0 ESMF_PIO                    : enabled
20220417 075426.711 INFO             PET0 ESMF_YAMLCPP                : enabled
20220417 075426.712 INFO             PET0  NUMBER_OF_PROCESSORS           1
20220417 075426.712 INFO             PET0  PASS  Example ESMF_TimeEx, ESMF_TimeEx.F90, line 141
20220417 075426.712 INFO             PET0 Finalizing ESMF
