build time -- 2022-05-25 01:35:31
20220525 025941.170 INFO             PET0 !!!!!!!!!!!!!!!!!!!!!!!!!!!!!!!!!!!!!!!!!!!!!!!!!!!!!!
20220525 025941.170 INFO             PET0 !!! THE ESMF_LOG IS SET TO OUTPUT ALL LOG MESSAGES !!!
20220525 025941.170 INFO             PET0 !!!     THIS MAY CAUSE SLOWDOWN IN PERFORMANCE     !!!
20220525 025941.170 INFO             PET0 !!! FOR PRODUCTION RUNS, USE:                      !!!
20220525 025941.170 INFO             PET0 !!!                   ESMF_LOGKIND_Multi_On_Error  !!!
20220525 025941.170 INFO             PET0 !!!!!!!!!!!!!!!!!!!!!!!!!!!!!!!!!!!!!!!!!!!!!!!!!!!!!!
20220525 025941.170 INFO             PET0 Running with ESMF Version   : v8.3.0b16
20220525 025941.170 INFO             PET0 ESMF library build date/time: "May 25 2022" "01:33:29"
20220525 025941.170 INFO             PET0 ESMF library build location : /lustre/f2/dev/ncep/Mark.Potts/intel_2019.5_mpi_O_develop
20220525 025941.170 INFO             PET0 ESMF_COMM                   : mpi
20220525 025941.171 INFO             PET0 ESMF_MOAB                   : enabled
20220525 025941.171 INFO             PET0 ESMF_LAPACK                 : enabled
20220525 025941.171 INFO             PET0 ESMF_NETCDF                 : enabled
20220525 025941.171 INFO             PET0 ESMF_PNETCDF                : disabled
20220525 025941.171 INFO             PET0 ESMF_PIO                    : enabled
20220525 025941.171 INFO             PET0 ESMF_YAMLCPP                : enabled
20220525 025941.253 INFO             PET0 ESMF_FieldRedistStoreNF(): Just entered routine.
20220525 025941.297 INFO             PET0 ESMF_FieldRedistStoreNF(): Leaving routine.
20220525 025941.300 INFO             PET0  NUMBER_OF_PROCESSORS           4
20220525 025941.300 INFO             PET0  PASS  Example ESMF_RHandleFromRHandleEx, ESMF_RHandleFromRHandleEx.F90, line 660
20220525 025941.300 INFO             PET0 Finalizing ESMF
20220525 025941.168 INFO             PET1 !!!!!!!!!!!!!!!!!!!!!!!!!!!!!!!!!!!!!!!!!!!!!!!!!!!!!!
20220525 025941.168 INFO             PET1 !!! THE ESMF_LOG IS SET TO OUTPUT ALL LOG MESSAGES !!!
20220525 025941.168 INFO             PET1 !!!     THIS MAY CAUSE SLOWDOWN IN PERFORMANCE     !!!
20220525 025941.168 INFO             PET1 !!! FOR PRODUCTION RUNS, USE:                      !!!
20220525 025941.168 INFO             PET1 !!!                   ESMF_LOGKIND_Multi_On_Error  !!!
20220525 025941.168 INFO             PET1 !!!!!!!!!!!!!!!!!!!!!!!!!!!!!!!!!!!!!!!!!!!!!!!!!!!!!!
20220525 025941.168 INFO             PET1 Running with ESMF Version   : v8.3.0b16
20220525 025941.168 INFO             PET1 ESMF library build date/time: "May 25 2022" "01:33:29"
20220525 025941.168 INFO             PET1 ESMF library build location : /lustre/f2/dev/ncep/Mark.Potts/intel_2019.5_mpi_O_develop
20220525 025941.168 INFO             PET1 ESMF_COMM                   : mpi
20220525 025941.169 INFO             PET1 ESMF_MOAB                   : enabled
20220525 025941.169 INFO             PET1 ESMF_LAPACK                 : enabled
20220525 025941.169 INFO             PET1 ESMF_NETCDF                 : enabled
20220525 025941.169 INFO             PET1 ESMF_PNETCDF                : disabled
20220525 025941.169 INFO             PET1 ESMF_PIO                    : enabled
20220525 025941.169 INFO             PET1 ESMF_YAMLCPP                : enabled
20220525 025941.253 INFO             PET1 ESMF_FieldRedistStoreNF(): Just entered routine.
20220525 025941.297 INFO             PET1 ESMF_FieldRedistStoreNF(): Leaving routine.
20220525 025941.300 INFO             PET1  NUMBER_OF_PROCESSORS           4
20220525 025941.300 INFO             PET1  PASS  Example ESMF_RHandleFromRHandleEx, ESMF_RHandleFromRHandleEx.F90, line 660
20220525 025941.300 INFO             PET1 Finalizing ESMF
20220525 025941.248 INFO             PET2 !!!!!!!!!!!!!!!!!!!!!!!!!!!!!!!!!!!!!!!!!!!!!!!!!!!!!!
20220525 025941.248 INFO             PET2 !!! THE ESMF_LOG IS SET TO OUTPUT ALL LOG MESSAGES !!!
20220525 025941.248 INFO             PET2 !!!     THIS MAY CAUSE SLOWDOWN IN PERFORMANCE     !!!
20220525 025941.248 INFO             PET2 !!! FOR PRODUCTION RUNS, USE:                      !!!
20220525 025941.248 INFO             PET2 !!!                   ESMF_LOGKIND_Multi_On_Error  !!!
20220525 025941.248 INFO             PET2 !!!!!!!!!!!!!!!!!!!!!!!!!!!!!!!!!!!!!!!!!!!!!!!!!!!!!!
20220525 025941.248 INFO             PET2 Running with ESMF Version   : v8.3.0b16
20220525 025941.248 INFO             PET2 ESMF library build date/time: "May 25 2022" "01:33:29"
20220525 025941.248 INFO             PET2 ESMF library build location : /lustre/f2/dev/ncep/Mark.Potts/intel_2019.5_mpi_O_develop
20220525 025941.248 INFO             PET2 ESMF_COMM                   : mpi
20220525 025941.249 INFO             PET2 ESMF_MOAB                   : enabled
20220525 025941.249 INFO             PET2 ESMF_LAPACK                 : enabled
20220525 025941.249 INFO             PET2 ESMF_NETCDF                 : enabled
20220525 025941.249 INFO             PET2 ESMF_PNETCDF                : disabled
20220525 025941.249 INFO             PET2 ESMF_PIO                    : enabled
20220525 025941.249 INFO             PET2 ESMF_YAMLCPP                : enabled
20220525 025941.253 INFO             PET2 ESMF_FieldRedistStoreNF(): Just entered routine.
20220525 025941.297 INFO             PET2 ESMF_FieldRedistStoreNF(): Leaving routine.
20220525 025941.299 INFO             PET2  NUMBER_OF_PROCESSORS           4
20220525 025941.299 INFO             PET2  PASS  Example ESMF_RHandleFromRHandleEx, ESMF_RHandleFromRHandleEx.F90, line 660
20220525 025941.299 INFO             PET2 Finalizing ESMF
20220525 025941.160 INFO             PET3 !!!!!!!!!!!!!!!!!!!!!!!!!!!!!!!!!!!!!!!!!!!!!!!!!!!!!!
20220525 025941.160 INFO             PET3 !!! THE ESMF_LOG IS SET TO OUTPUT ALL LOG MESSAGES !!!
20220525 025941.160 INFO             PET3 !!!     THIS MAY CAUSE SLOWDOWN IN PERFORMANCE     !!!
20220525 025941.160 INFO             PET3 !!! FOR PRODUCTION RUNS, USE:                      !!!
20220525 025941.160 INFO             PET3 !!!                   ESMF_LOGKIND_Multi_On_Error  !!!
20220525 025941.160 INFO             PET3 !!!!!!!!!!!!!!!!!!!!!!!!!!!!!!!!!!!!!!!!!!!!!!!!!!!!!!
20220525 025941.160 INFO             PET3 Running with ESMF Version   : v8.3.0b16
20220525 025941.160 INFO             PET3 ESMF library build date/time: "May 25 2022" "01:33:29"
20220525 025941.160 INFO             PET3 ESMF library build location : /lustre/f2/dev/ncep/Mark.Potts/intel_2019.5_mpi_O_develop
20220525 025941.160 INFO             PET3 ESMF_COMM                   : mpi
20220525 025941.161 INFO             PET3 ESMF_MOAB                   : enabled
20220525 025941.161 INFO             PET3 ESMF_LAPACK                 : enabled
20220525 025941.161 INFO             PET3 ESMF_NETCDF                 : enabled
20220525 025941.161 INFO             PET3 ESMF_PNETCDF                : disabled
20220525 025941.161 INFO             PET3 ESMF_PIO                    : enabled
20220525 025941.161 INFO             PET3 ESMF_YAMLCPP                : enabled
20220525 025941.253 INFO             PET3 ESMF_FieldRedistStoreNF(): Just entered routine.
20220525 025941.296 INFO             PET3 ESMF_FieldRedistStoreNF(): Leaving routine.
20220525 025941.301 INFO             PET3  NUMBER_OF_PROCESSORS           4
20220525 025941.301 INFO             PET3  PASS  Example ESMF_RHandleFromRHandleEx, ESMF_RHandleFromRHandleEx.F90, line 660
20220525 025941.301 INFO             PET3 Finalizing ESMF
