build time -- 2022-04-26 00:34:39
20220426 010936.529 INFO             PET0 !!!!!!!!!!!!!!!!!!!!!!!!!!!!!!!!!!!!!!!!!!!!!!!!!!!!!!
20220426 010936.529 INFO             PET0 !!! THE ESMF_LOG IS SET TO OUTPUT ALL LOG MESSAGES !!!
20220426 010936.529 INFO             PET0 !!!     THIS MAY CAUSE SLOWDOWN IN PERFORMANCE     !!!
20220426 010936.529 INFO             PET0 !!! FOR PRODUCTION RUNS, USE:                      !!!
20220426 010936.529 INFO             PET0 !!!                   ESMF_LOGKIND_Multi_On_Error  !!!
20220426 010936.529 INFO             PET0 !!!!!!!!!!!!!!!!!!!!!!!!!!!!!!!!!!!!!!!!!!!!!!!!!!!!!!
20220426 010936.529 INFO             PET0 Running with ESMF Version   : v8.3.0b13
20220426 010936.529 INFO             PET0 ESMF library build date/time: "Apr 26 2022" "00:32:45"
20220426 010936.529 INFO             PET0 ESMF library build location : /lustre/f2/dev/ncep/Mark.Potts/intel_2019.5_mpi_O_develop
20220426 010936.529 INFO             PET0 ESMF_COMM                   : mpi
20220426 010936.530 INFO             PET0 ESMF_MOAB                   : enabled
20220426 010936.530 INFO             PET0 ESMF_LAPACK                 : enabled
20220426 010936.530 INFO             PET0 ESMF_NETCDF                 : enabled
20220426 010936.530 INFO             PET0 ESMF_PNETCDF                : disabled
20220426 010936.530 INFO             PET0 ESMF_PIO                    : enabled
20220426 010936.530 INFO             PET0 ESMF_YAMLCPP                : enabled
20220426 010936.530 INFO             PET0 ESMF Tracing Enabled
20220426 010936.530 INFO             PET0 ESMF Profiling Enabled
20220426 010936.530 INFO             PET0 ESMF Trace/Profile clock: REALTIME
20220426 010936.532 INFO             PET0  NUMBER_OF_PROCESSORS           4
20220426 010936.532 INFO             PET0  PASS  Example ESMF_TraceUserEx, ESMF_TraceUserEx.F90, line 125
20220426 010936.532 INFO             PET0 Finalizing ESMF
20220426 010936.532 INFO             PET0 **************** Region Timings *******************
20220426 010936.532 INFO             PET0 Region              Count  Total (s)   Self (s)    Mean (s)    Min (s)     Max (s)
20220426 010936.532 INFO             PET0   outer_region      1      0.0000      0.0000      0.0000      0.0000      0.0000
20220426 010936.532 INFO             PET0     inner_region_1  10     0.0000      0.0000      0.0000      0.0000      0.0000
20220426 010936.532 INFO             PET0     inner_region_2  10     0.0000      0.0000      0.0000      0.0000      0.0000
20220426 010936.521 INFO             PET1 !!!!!!!!!!!!!!!!!!!!!!!!!!!!!!!!!!!!!!!!!!!!!!!!!!!!!!
20220426 010936.521 INFO             PET1 !!! THE ESMF_LOG IS SET TO OUTPUT ALL LOG MESSAGES !!!
20220426 010936.521 INFO             PET1 !!!     THIS MAY CAUSE SLOWDOWN IN PERFORMANCE     !!!
20220426 010936.521 INFO             PET1 !!! FOR PRODUCTION RUNS, USE:                      !!!
20220426 010936.521 INFO             PET1 !!!                   ESMF_LOGKIND_Multi_On_Error  !!!
20220426 010936.521 INFO             PET1 !!!!!!!!!!!!!!!!!!!!!!!!!!!!!!!!!!!!!!!!!!!!!!!!!!!!!!
20220426 010936.521 INFO             PET1 Running with ESMF Version   : v8.3.0b13
20220426 010936.521 INFO             PET1 ESMF library build date/time: "Apr 26 2022" "00:32:45"
20220426 010936.521 INFO             PET1 ESMF library build location : /lustre/f2/dev/ncep/Mark.Potts/intel_2019.5_mpi_O_develop
20220426 010936.521 INFO             PET1 ESMF_COMM                   : mpi
20220426 010936.522 INFO             PET1 ESMF_MOAB                   : enabled
20220426 010936.522 INFO             PET1 ESMF_LAPACK                 : enabled
20220426 010936.522 INFO             PET1 ESMF_NETCDF                 : enabled
20220426 010936.522 INFO             PET1 ESMF_PNETCDF                : disabled
20220426 010936.522 INFO             PET1 ESMF_PIO                    : enabled
20220426 010936.522 INFO             PET1 ESMF_YAMLCPP                : enabled
20220426 010936.522 INFO             PET1 ESMF Tracing Enabled
20220426 010936.522 INFO             PET1 ESMF Profiling Enabled
20220426 010936.522 INFO             PET1 ESMF Trace/Profile clock: REALTIME
20220426 010936.532 INFO             PET1  NUMBER_OF_PROCESSORS           4
20220426 010936.532 INFO             PET1  PASS  Example ESMF_TraceUserEx, ESMF_TraceUserEx.F90, line 125
20220426 010936.532 INFO             PET1 Finalizing ESMF
20220426 010936.532 INFO             PET1 **************** Region Timings *******************
20220426 010936.532 INFO             PET1 Region              Count  Total (s)   Self (s)    Mean (s)    Min (s)     Max (s)
20220426 010936.532 INFO             PET1   outer_region      1      0.0000      0.0000      0.0000      0.0000      0.0000
20220426 010936.532 INFO             PET1     inner_region_1  10     0.0000      0.0000      0.0000      0.0000      0.0000
20220426 010936.532 INFO             PET1     inner_region_2  10     0.0000      0.0000      0.0000      0.0000      0.0000
20220426 010936.515 INFO             PET2 !!!!!!!!!!!!!!!!!!!!!!!!!!!!!!!!!!!!!!!!!!!!!!!!!!!!!!
20220426 010936.515 INFO             PET2 !!! THE ESMF_LOG IS SET TO OUTPUT ALL LOG MESSAGES !!!
20220426 010936.515 INFO             PET2 !!!     THIS MAY CAUSE SLOWDOWN IN PERFORMANCE     !!!
20220426 010936.515 INFO             PET2 !!! FOR PRODUCTION RUNS, USE:                      !!!
20220426 010936.515 INFO             PET2 !!!                   ESMF_LOGKIND_Multi_On_Error  !!!
20220426 010936.515 INFO             PET2 !!!!!!!!!!!!!!!!!!!!!!!!!!!!!!!!!!!!!!!!!!!!!!!!!!!!!!
20220426 010936.515 INFO             PET2 Running with ESMF Version   : v8.3.0b13
20220426 010936.515 INFO             PET2 ESMF library build date/time: "Apr 26 2022" "00:32:45"
20220426 010936.515 INFO             PET2 ESMF library build location : /lustre/f2/dev/ncep/Mark.Potts/intel_2019.5_mpi_O_develop
20220426 010936.515 INFO             PET2 ESMF_COMM                   : mpi
20220426 010936.516 INFO             PET2 ESMF_MOAB                   : enabled
20220426 010936.516 INFO             PET2 ESMF_LAPACK                 : enabled
20220426 010936.516 INFO             PET2 ESMF_NETCDF                 : enabled
20220426 010936.516 INFO             PET2 ESMF_PNETCDF                : disabled
20220426 010936.516 INFO             PET2 ESMF_PIO                    : enabled
20220426 010936.516 INFO             PET2 ESMF_YAMLCPP                : enabled
20220426 010936.516 INFO             PET2 ESMF Tracing Enabled
20220426 010936.516 INFO             PET2 ESMF Profiling Enabled
20220426 010936.516 INFO             PET2 ESMF Trace/Profile clock: REALTIME
20220426 010936.532 INFO             PET2  NUMBER_OF_PROCESSORS           4
20220426 010936.532 INFO             PET2  PASS  Example ESMF_TraceUserEx, ESMF_TraceUserEx.F90, line 125
20220426 010936.532 INFO             PET2 Finalizing ESMF
20220426 010936.532 INFO             PET2 **************** Region Timings *******************
20220426 010936.532 INFO             PET2 Region              Count  Total (s)   Self (s)    Mean (s)    Min (s)     Max (s)
20220426 010936.532 INFO             PET2   outer_region      1      0.0000      0.0000      0.0000      0.0000      0.0000
20220426 010936.532 INFO             PET2     inner_region_1  10     0.0000      0.0000      0.0000      0.0000      0.0000
20220426 010936.532 INFO             PET2     inner_region_2  10     0.0000      0.0000      0.0000      0.0000      0.0000
20220426 010936.526 INFO             PET3 !!!!!!!!!!!!!!!!!!!!!!!!!!!!!!!!!!!!!!!!!!!!!!!!!!!!!!
20220426 010936.526 INFO             PET3 !!! THE ESMF_LOG IS SET TO OUTPUT ALL LOG MESSAGES !!!
20220426 010936.526 INFO             PET3 !!!     THIS MAY CAUSE SLOWDOWN IN PERFORMANCE     !!!
20220426 010936.526 INFO             PET3 !!! FOR PRODUCTION RUNS, USE:                      !!!
20220426 010936.526 INFO             PET3 !!!                   ESMF_LOGKIND_Multi_On_Error  !!!
20220426 010936.526 INFO             PET3 !!!!!!!!!!!!!!!!!!!!!!!!!!!!!!!!!!!!!!!!!!!!!!!!!!!!!!
20220426 010936.526 INFO             PET3 Running with ESMF Version   : v8.3.0b13
20220426 010936.526 INFO             PET3 ESMF library build date/time: "Apr 26 2022" "00:32:45"
20220426 010936.526 INFO             PET3 ESMF library build location : /lustre/f2/dev/ncep/Mark.Potts/intel_2019.5_mpi_O_develop
20220426 010936.526 INFO             PET3 ESMF_COMM                   : mpi
20220426 010936.527 INFO             PET3 ESMF_MOAB                   : enabled
20220426 010936.527 INFO             PET3 ESMF_LAPACK                 : enabled
20220426 010936.527 INFO             PET3 ESMF_NETCDF                 : enabled
20220426 010936.527 INFO             PET3 ESMF_PNETCDF                : disabled
20220426 010936.527 INFO             PET3 ESMF_PIO                    : enabled
20220426 010936.527 INFO             PET3 ESMF_YAMLCPP                : enabled
20220426 010936.527 INFO             PET3 ESMF Tracing Enabled
20220426 010936.527 INFO             PET3 ESMF Profiling Enabled
20220426 010936.527 INFO             PET3 ESMF Trace/Profile clock: REALTIME
20220426 010936.532 INFO             PET3  NUMBER_OF_PROCESSORS           4
20220426 010936.532 INFO             PET3  PASS  Example ESMF_TraceUserEx, ESMF_TraceUserEx.F90, line 125
20220426 010936.532 INFO             PET3 Finalizing ESMF
20220426 010936.532 INFO             PET3 **************** Region Timings *******************
20220426 010936.532 INFO             PET3 Region              Count  Total (s)   Self (s)    Mean (s)    Min (s)     Max (s)
20220426 010936.532 INFO             PET3   outer_region      1      0.0000      0.0000      0.0000      0.0000      0.0000
20220426 010936.532 INFO             PET3     inner_region_1  10     0.0000      0.0000      0.0000      0.0000      0.0000
20220426 010936.532 INFO             PET3     inner_region_2  10     0.0000      0.0000      0.0000      0.0000      0.0000
