build time -- 2022-04-20 00:37:00
20220420 011822.428 INFO             PET0 !!!!!!!!!!!!!!!!!!!!!!!!!!!!!!!!!!!!!!!!!!!!!!!!!!!!!!
20220420 011822.428 INFO             PET0 !!! THE ESMF_LOG IS SET TO OUTPUT ALL LOG MESSAGES !!!
20220420 011822.428 INFO             PET0 !!!     THIS MAY CAUSE SLOWDOWN IN PERFORMANCE     !!!
20220420 011822.428 INFO             PET0 !!! FOR PRODUCTION RUNS, USE:                      !!!
20220420 011822.428 INFO             PET0 !!!                   ESMF_LOGKIND_Multi_On_Error  !!!
20220420 011822.428 INFO             PET0 !!!!!!!!!!!!!!!!!!!!!!!!!!!!!!!!!!!!!!!!!!!!!!!!!!!!!!
20220420 011822.428 INFO             PET0 Running with ESMF Version   : v8.3.0b12-72-g1df70b4e76
20220420 011822.428 INFO             PET0 ESMF library build date/time: "Apr 20 2022" "00:34:39"
20220420 011822.428 INFO             PET0 ESMF library build location : /lustre/f2/dev/ncep/Mark.Potts/intel_2019.5_mpi_O_develop
20220420 011822.428 INFO             PET0 ESMF_COMM                   : mpi
20220420 011822.429 INFO             PET0 ESMF_MOAB                   : enabled
20220420 011822.429 INFO             PET0 ESMF_LAPACK                 : enabled
20220420 011822.429 INFO             PET0 ESMF_NETCDF                 : enabled
20220420 011822.429 INFO             PET0 ESMF_PNETCDF                : disabled
20220420 011822.429 INFO             PET0 ESMF_PIO                    : enabled
20220420 011822.429 INFO             PET0 ESMF_YAMLCPP                : enabled
20220420 011822.437 INFO             PET0 ESMF_FieldRedistStoreNF(): Just entered routine.
20220420 011822.438 INFO             PET0 ESMF_FieldRedistStoreNF(): Leaving routine.
20220420 011822.439 INFO             PET0 ESMF_FieldRedistStoreNF(): Just entered routine.
20220420 011822.440 INFO             PET0 ESMF_FieldRedistStoreNF(): Leaving routine.
20220420 011822.440 INFO             PET0 ESMF_FieldRedistStoreNF(): Just entered routine.
20220420 011822.440 INFO             PET0 ESMF_FieldRedistStoreNF(): Leaving routine.
20220420 011822.440 INFO             PET0  NUMBER_OF_PROCESSORS           4
20220420 011822.440 INFO             PET0  PASS  Example ESMF_FieldRedistEx, ESMF_FieldRedistEx.F90, line 521
20220420 011822.440 INFO             PET0 Finalizing ESMF
20220420 011822.435 INFO             PET1 !!!!!!!!!!!!!!!!!!!!!!!!!!!!!!!!!!!!!!!!!!!!!!!!!!!!!!
20220420 011822.435 INFO             PET1 !!! THE ESMF_LOG IS SET TO OUTPUT ALL LOG MESSAGES !!!
20220420 011822.435 INFO             PET1 !!!     THIS MAY CAUSE SLOWDOWN IN PERFORMANCE     !!!
20220420 011822.435 INFO             PET1 !!! FOR PRODUCTION RUNS, USE:                      !!!
20220420 011822.435 INFO             PET1 !!!                   ESMF_LOGKIND_Multi_On_Error  !!!
20220420 011822.435 INFO             PET1 !!!!!!!!!!!!!!!!!!!!!!!!!!!!!!!!!!!!!!!!!!!!!!!!!!!!!!
20220420 011822.435 INFO             PET1 Running with ESMF Version   : v8.3.0b12-72-g1df70b4e76
20220420 011822.435 INFO             PET1 ESMF library build date/time: "Apr 20 2022" "00:34:39"
20220420 011822.435 INFO             PET1 ESMF library build location : /lustre/f2/dev/ncep/Mark.Potts/intel_2019.5_mpi_O_develop
20220420 011822.435 INFO             PET1 ESMF_COMM                   : mpi
20220420 011822.436 INFO             PET1 ESMF_MOAB                   : enabled
20220420 011822.436 INFO             PET1 ESMF_LAPACK                 : enabled
20220420 011822.436 INFO             PET1 ESMF_NETCDF                 : enabled
20220420 011822.436 INFO             PET1 ESMF_PNETCDF                : disabled
20220420 011822.436 INFO             PET1 ESMF_PIO                    : enabled
20220420 011822.436 INFO             PET1 ESMF_YAMLCPP                : enabled
20220420 011822.437 INFO             PET1 ESMF_FieldRedistStoreNF(): Just entered routine.
20220420 011822.438 INFO             PET1 ESMF_FieldRedistStoreNF(): Leaving routine.
20220420 011822.439 INFO             PET1 ESMF_FieldRedistStoreNF(): Just entered routine.
20220420 011822.440 INFO             PET1 ESMF_FieldRedistStoreNF(): Leaving routine.
20220420 011822.440 INFO             PET1 ESMF_FieldRedistStoreNF(): Just entered routine.
20220420 011822.440 INFO             PET1 ESMF_FieldRedistStoreNF(): Leaving routine.
20220420 011822.440 INFO             PET1  NUMBER_OF_PROCESSORS           4
20220420 011822.440 INFO             PET1  PASS  Example ESMF_FieldRedistEx, ESMF_FieldRedistEx.F90, line 521
20220420 011822.440 INFO             PET1 Finalizing ESMF
20220420 011822.426 INFO             PET2 !!!!!!!!!!!!!!!!!!!!!!!!!!!!!!!!!!!!!!!!!!!!!!!!!!!!!!
20220420 011822.426 INFO             PET2 !!! THE ESMF_LOG IS SET TO OUTPUT ALL LOG MESSAGES !!!
20220420 011822.426 INFO             PET2 !!!     THIS MAY CAUSE SLOWDOWN IN PERFORMANCE     !!!
20220420 011822.426 INFO             PET2 !!! FOR PRODUCTION RUNS, USE:                      !!!
20220420 011822.426 INFO             PET2 !!!                   ESMF_LOGKIND_Multi_On_Error  !!!
20220420 011822.426 INFO             PET2 !!!!!!!!!!!!!!!!!!!!!!!!!!!!!!!!!!!!!!!!!!!!!!!!!!!!!!
20220420 011822.426 INFO             PET2 Running with ESMF Version   : v8.3.0b12-72-g1df70b4e76
20220420 011822.426 INFO             PET2 ESMF library build date/time: "Apr 20 2022" "00:34:39"
20220420 011822.426 INFO             PET2 ESMF library build location : /lustre/f2/dev/ncep/Mark.Potts/intel_2019.5_mpi_O_develop
20220420 011822.426 INFO             PET2 ESMF_COMM                   : mpi
20220420 011822.427 INFO             PET2 ESMF_MOAB                   : enabled
20220420 011822.427 INFO             PET2 ESMF_LAPACK                 : enabled
20220420 011822.427 INFO             PET2 ESMF_NETCDF                 : enabled
20220420 011822.427 INFO             PET2 ESMF_PNETCDF                : disabled
20220420 011822.427 INFO             PET2 ESMF_PIO                    : enabled
20220420 011822.427 INFO             PET2 ESMF_YAMLCPP                : enabled
20220420 011822.437 INFO             PET2 ESMF_FieldRedistStoreNF(): Just entered routine.
20220420 011822.438 INFO             PET2 ESMF_FieldRedistStoreNF(): Leaving routine.
20220420 011822.439 INFO             PET2 ESMF_FieldRedistStoreNF(): Just entered routine.
20220420 011822.440 INFO             PET2 ESMF_FieldRedistStoreNF(): Leaving routine.
20220420 011822.440 INFO             PET2 ESMF_FieldRedistStoreNF(): Just entered routine.
20220420 011822.440 INFO             PET2 ESMF_FieldRedistStoreNF(): Leaving routine.
20220420 011822.440 INFO             PET2  NUMBER_OF_PROCESSORS           4
20220420 011822.440 INFO             PET2  PASS  Example ESMF_FieldRedistEx, ESMF_FieldRedistEx.F90, line 521
20220420 011822.440 INFO             PET2 Finalizing ESMF
20220420 011822.421 INFO             PET3 !!!!!!!!!!!!!!!!!!!!!!!!!!!!!!!!!!!!!!!!!!!!!!!!!!!!!!
20220420 011822.421 INFO             PET3 !!! THE ESMF_LOG IS SET TO OUTPUT ALL LOG MESSAGES !!!
20220420 011822.421 INFO             PET3 !!!     THIS MAY CAUSE SLOWDOWN IN PERFORMANCE     !!!
20220420 011822.421 INFO             PET3 !!! FOR PRODUCTION RUNS, USE:                      !!!
20220420 011822.421 INFO             PET3 !!!                   ESMF_LOGKIND_Multi_On_Error  !!!
20220420 011822.421 INFO             PET3 !!!!!!!!!!!!!!!!!!!!!!!!!!!!!!!!!!!!!!!!!!!!!!!!!!!!!!
20220420 011822.421 INFO             PET3 Running with ESMF Version   : v8.3.0b12-72-g1df70b4e76
20220420 011822.421 INFO             PET3 ESMF library build date/time: "Apr 20 2022" "00:34:39"
20220420 011822.421 INFO             PET3 ESMF library build location : /lustre/f2/dev/ncep/Mark.Potts/intel_2019.5_mpi_O_develop
20220420 011822.421 INFO             PET3 ESMF_COMM                   : mpi
20220420 011822.422 INFO             PET3 ESMF_MOAB                   : enabled
20220420 011822.422 INFO             PET3 ESMF_LAPACK                 : enabled
20220420 011822.422 INFO             PET3 ESMF_NETCDF                 : enabled
20220420 011822.422 INFO             PET3 ESMF_PNETCDF                : disabled
20220420 011822.422 INFO             PET3 ESMF_PIO                    : enabled
20220420 011822.422 INFO             PET3 ESMF_YAMLCPP                : enabled
20220420 011822.437 INFO             PET3 ESMF_FieldRedistStoreNF(): Just entered routine.
20220420 011822.438 INFO             PET3 ESMF_FieldRedistStoreNF(): Leaving routine.
20220420 011822.439 INFO             PET3 ESMF_FieldRedistStoreNF(): Just entered routine.
20220420 011822.440 INFO             PET3 ESMF_FieldRedistStoreNF(): Leaving routine.
20220420 011822.440 INFO             PET3 ESMF_FieldRedistStoreNF(): Just entered routine.
20220420 011822.440 INFO             PET3 ESMF_FieldRedistStoreNF(): Leaving routine.
20220420 011822.440 INFO             PET3  NUMBER_OF_PROCESSORS           4
20220420 011822.440 INFO             PET3  PASS  Example ESMF_FieldRedistEx, ESMF_FieldRedistEx.F90, line 521
20220420 011822.440 INFO             PET3 Finalizing ESMF
