build time -- 2022-06-01 00:43:03
20220601 030214.253 INFO             PET0 !!!!!!!!!!!!!!!!!!!!!!!!!!!!!!!!!!!!!!!!!!!!!!!!!!!!!!
20220601 030214.253 INFO             PET0 !!! THE ESMF_LOG IS SET TO OUTPUT ALL LOG MESSAGES !!!
20220601 030214.253 INFO             PET0 !!!     THIS MAY CAUSE SLOWDOWN IN PERFORMANCE     !!!
20220601 030214.253 INFO             PET0 !!! FOR PRODUCTION RUNS, USE:                      !!!
20220601 030214.253 INFO             PET0 !!!                   ESMF_LOGKIND_Multi_On_Error  !!!
20220601 030214.253 INFO             PET0 !!!!!!!!!!!!!!!!!!!!!!!!!!!!!!!!!!!!!!!!!!!!!!!!!!!!!!
20220601 030214.253 INFO             PET0 Running with ESMF Version   : v8.3.0b16
20220601 030214.253 INFO             PET0 ESMF library build date/time: "Jun  1 2022" "00:41:12"
20220601 030214.253 INFO             PET0 ESMF library build location : /lustre/f2/dev/ncep/Mark.Potts/intel_2019.5_mpi_O_develop
20220601 030214.253 INFO             PET0 ESMF_COMM                   : mpi
20220601 030214.254 INFO             PET0 ESMF_MOAB                   : enabled
20220601 030214.254 INFO             PET0 ESMF_LAPACK                 : enabled
20220601 030214.254 INFO             PET0 ESMF_NETCDF                 : enabled
20220601 030214.254 INFO             PET0 ESMF_PNETCDF                : disabled
20220601 030214.254 INFO             PET0 ESMF_PIO                    : enabled
20220601 030214.254 INFO             PET0 ESMF_YAMLCPP                : enabled
20220601 030214.306 DEBUG            PET0 about to destroy Grid: 0x9478b0
20220601 030214.309 DEBUG            PET0 about to destroy Grid: 0x94acd0
20220601 030214.318 INFO             PET0  NUMBER_OF_PROCESSORS           4
20220601 030214.318 INFO             PET0  PASS  Example ESMF_NUOPCAtmModelEx, ESMF_NUOPCAtmModelEx.F90, line 806
20220601 030214.318 INFO             PET0 Finalizing ESMF
20220601 030214.257 INFO             PET1 !!!!!!!!!!!!!!!!!!!!!!!!!!!!!!!!!!!!!!!!!!!!!!!!!!!!!!
20220601 030214.257 INFO             PET1 !!! THE ESMF_LOG IS SET TO OUTPUT ALL LOG MESSAGES !!!
20220601 030214.257 INFO             PET1 !!!     THIS MAY CAUSE SLOWDOWN IN PERFORMANCE     !!!
20220601 030214.257 INFO             PET1 !!! FOR PRODUCTION RUNS, USE:                      !!!
20220601 030214.257 INFO             PET1 !!!                   ESMF_LOGKIND_Multi_On_Error  !!!
20220601 030214.257 INFO             PET1 !!!!!!!!!!!!!!!!!!!!!!!!!!!!!!!!!!!!!!!!!!!!!!!!!!!!!!
20220601 030214.257 INFO             PET1 Running with ESMF Version   : v8.3.0b16
20220601 030214.257 INFO             PET1 ESMF library build date/time: "Jun  1 2022" "00:41:12"
20220601 030214.257 INFO             PET1 ESMF library build location : /lustre/f2/dev/ncep/Mark.Potts/intel_2019.5_mpi_O_develop
20220601 030214.257 INFO             PET1 ESMF_COMM                   : mpi
20220601 030214.258 INFO             PET1 ESMF_MOAB                   : enabled
20220601 030214.258 INFO             PET1 ESMF_LAPACK                 : enabled
20220601 030214.258 INFO             PET1 ESMF_NETCDF                 : enabled
20220601 030214.258 INFO             PET1 ESMF_PNETCDF                : disabled
20220601 030214.258 INFO             PET1 ESMF_PIO                    : enabled
20220601 030214.258 INFO             PET1 ESMF_YAMLCPP                : enabled
20220601 030214.306 DEBUG            PET1 about to destroy Grid: 0x947160
20220601 030214.309 DEBUG            PET1 about to destroy Grid: 0x948740
20220601 030214.319 INFO             PET1  NUMBER_OF_PROCESSORS           4
20220601 030214.319 INFO             PET1  PASS  Example ESMF_NUOPCAtmModelEx, ESMF_NUOPCAtmModelEx.F90, line 806
20220601 030214.319 INFO             PET1 Finalizing ESMF
20220601 030214.262 INFO             PET2 !!!!!!!!!!!!!!!!!!!!!!!!!!!!!!!!!!!!!!!!!!!!!!!!!!!!!!
20220601 030214.262 INFO             PET2 !!! THE ESMF_LOG IS SET TO OUTPUT ALL LOG MESSAGES !!!
20220601 030214.262 INFO             PET2 !!!     THIS MAY CAUSE SLOWDOWN IN PERFORMANCE     !!!
20220601 030214.262 INFO             PET2 !!! FOR PRODUCTION RUNS, USE:                      !!!
20220601 030214.262 INFO             PET2 !!!                   ESMF_LOGKIND_Multi_On_Error  !!!
20220601 030214.262 INFO             PET2 !!!!!!!!!!!!!!!!!!!!!!!!!!!!!!!!!!!!!!!!!!!!!!!!!!!!!!
20220601 030214.262 INFO             PET2 Running with ESMF Version   : v8.3.0b16
20220601 030214.262 INFO             PET2 ESMF library build date/time: "Jun  1 2022" "00:41:12"
20220601 030214.262 INFO             PET2 ESMF library build location : /lustre/f2/dev/ncep/Mark.Potts/intel_2019.5_mpi_O_develop
20220601 030214.262 INFO             PET2 ESMF_COMM                   : mpi
20220601 030214.263 INFO             PET2 ESMF_MOAB                   : enabled
20220601 030214.263 INFO             PET2 ESMF_LAPACK                 : enabled
20220601 030214.263 INFO             PET2 ESMF_NETCDF                 : enabled
20220601 030214.263 INFO             PET2 ESMF_PNETCDF                : disabled
20220601 030214.263 INFO             PET2 ESMF_PIO                    : enabled
20220601 030214.263 INFO             PET2 ESMF_YAMLCPP                : enabled
20220601 030214.306 DEBUG            PET2 about to destroy Grid: 0x946f80
20220601 030214.309 DEBUG            PET2 about to destroy Grid: 0x948580
20220601 030214.318 INFO             PET2  NUMBER_OF_PROCESSORS           4
20220601 030214.318 INFO             PET2  PASS  Example ESMF_NUOPCAtmModelEx, ESMF_NUOPCAtmModelEx.F90, line 806
20220601 030214.318 INFO             PET2 Finalizing ESMF
20220601 030214.266 INFO             PET3 !!!!!!!!!!!!!!!!!!!!!!!!!!!!!!!!!!!!!!!!!!!!!!!!!!!!!!
20220601 030214.266 INFO             PET3 !!! THE ESMF_LOG IS SET TO OUTPUT ALL LOG MESSAGES !!!
20220601 030214.266 INFO             PET3 !!!     THIS MAY CAUSE SLOWDOWN IN PERFORMANCE     !!!
20220601 030214.266 INFO             PET3 !!! FOR PRODUCTION RUNS, USE:                      !!!
20220601 030214.266 INFO             PET3 !!!                   ESMF_LOGKIND_Multi_On_Error  !!!
20220601 030214.266 INFO             PET3 !!!!!!!!!!!!!!!!!!!!!!!!!!!!!!!!!!!!!!!!!!!!!!!!!!!!!!
20220601 030214.266 INFO             PET3 Running with ESMF Version   : v8.3.0b16
20220601 030214.266 INFO             PET3 ESMF library build date/time: "Jun  1 2022" "00:41:12"
20220601 030214.266 INFO             PET3 ESMF library build location : /lustre/f2/dev/ncep/Mark.Potts/intel_2019.5_mpi_O_develop
20220601 030214.266 INFO             PET3 ESMF_COMM                   : mpi
20220601 030214.267 INFO             PET3 ESMF_MOAB                   : enabled
20220601 030214.267 INFO             PET3 ESMF_LAPACK                 : enabled
20220601 030214.267 INFO             PET3 ESMF_NETCDF                 : enabled
20220601 030214.267 INFO             PET3 ESMF_PNETCDF                : disabled
20220601 030214.267 INFO             PET3 ESMF_PIO                    : enabled
20220601 030214.267 INFO             PET3 ESMF_YAMLCPP                : enabled
20220601 030214.306 DEBUG            PET3 about to destroy Grid: 0x947160
20220601 030214.309 DEBUG            PET3 about to destroy Grid: 0x948740
20220601 030214.318 INFO             PET3  NUMBER_OF_PROCESSORS           4
20220601 030214.319 INFO             PET3  PASS  Example ESMF_NUOPCAtmModelEx, ESMF_NUOPCAtmModelEx.F90, line 806
20220601 030214.319 INFO             PET3 Finalizing ESMF
