build time -- 2022-05-19 00:30:55
20220519 011522.839 INFO             PET0 !!!!!!!!!!!!!!!!!!!!!!!!!!!!!!!!!!!!!!!!!!!!!!!!!!!!!!
20220519 011522.839 INFO             PET0 !!! THE ESMF_LOG IS SET TO OUTPUT ALL LOG MESSAGES !!!
20220519 011522.839 INFO             PET0 !!!     THIS MAY CAUSE SLOWDOWN IN PERFORMANCE     !!!
20220519 011522.839 INFO             PET0 !!! FOR PRODUCTION RUNS, USE:                      !!!
20220519 011522.839 INFO             PET0 !!!                   ESMF_LOGKIND_Multi_On_Error  !!!
20220519 011522.839 INFO             PET0 !!!!!!!!!!!!!!!!!!!!!!!!!!!!!!!!!!!!!!!!!!!!!!!!!!!!!!
20220519 011522.839 INFO             PET0 Running with ESMF Version   : v8.3.0b15-6-g3df5f266a8
20220519 011522.839 INFO             PET0 ESMF library build date/time: "May 19 2022" "00:29:08"
20220519 011522.839 INFO             PET0 ESMF library build location : /lustre/f2/dev/ncep/Mark.Potts/intel_2019.5_mpi_O_develop
20220519 011522.839 INFO             PET0 ESMF_COMM                   : mpi
20220519 011522.840 INFO             PET0 ESMF_MOAB                   : enabled
20220519 011522.840 INFO             PET0 ESMF_LAPACK                 : enabled
20220519 011522.840 INFO             PET0 ESMF_NETCDF                 : enabled
20220519 011522.840 INFO             PET0 ESMF_PNETCDF                : disabled
20220519 011522.840 INFO             PET0 ESMF_PIO                    : enabled
20220519 011522.840 INFO             PET0 ESMF_YAMLCPP                : enabled
20220519 011522.855 INFO             PET0  NUMBER_OF_PROCESSORS           4
20220519 011522.856 INFO             PET0  PASS  Example ESMF_ArrayCommNBEx, ESMF_ArrayCommNBEx.F90, line 277
20220519 011522.856 INFO             PET0 Finalizing ESMF
20220519 011522.852 INFO             PET1 !!!!!!!!!!!!!!!!!!!!!!!!!!!!!!!!!!!!!!!!!!!!!!!!!!!!!!
20220519 011522.852 INFO             PET1 !!! THE ESMF_LOG IS SET TO OUTPUT ALL LOG MESSAGES !!!
20220519 011522.852 INFO             PET1 !!!     THIS MAY CAUSE SLOWDOWN IN PERFORMANCE     !!!
20220519 011522.852 INFO             PET1 !!! FOR PRODUCTION RUNS, USE:                      !!!
20220519 011522.852 INFO             PET1 !!!                   ESMF_LOGKIND_Multi_On_Error  !!!
20220519 011522.852 INFO             PET1 !!!!!!!!!!!!!!!!!!!!!!!!!!!!!!!!!!!!!!!!!!!!!!!!!!!!!!
20220519 011522.852 INFO             PET1 Running with ESMF Version   : v8.3.0b15-6-g3df5f266a8
20220519 011522.852 INFO             PET1 ESMF library build date/time: "May 19 2022" "00:29:08"
20220519 011522.852 INFO             PET1 ESMF library build location : /lustre/f2/dev/ncep/Mark.Potts/intel_2019.5_mpi_O_develop
20220519 011522.852 INFO             PET1 ESMF_COMM                   : mpi
20220519 011522.853 INFO             PET1 ESMF_MOAB                   : enabled
20220519 011522.853 INFO             PET1 ESMF_LAPACK                 : enabled
20220519 011522.853 INFO             PET1 ESMF_NETCDF                 : enabled
20220519 011522.853 INFO             PET1 ESMF_PNETCDF                : disabled
20220519 011522.853 INFO             PET1 ESMF_PIO                    : enabled
20220519 011522.853 INFO             PET1 ESMF_YAMLCPP                : enabled
20220519 011522.855 INFO             PET1  NUMBER_OF_PROCESSORS           4
20220519 011522.856 INFO             PET1  PASS  Example ESMF_ArrayCommNBEx, ESMF_ArrayCommNBEx.F90, line 277
20220519 011522.856 INFO             PET1 Finalizing ESMF
20220519 011522.839 INFO             PET2 !!!!!!!!!!!!!!!!!!!!!!!!!!!!!!!!!!!!!!!!!!!!!!!!!!!!!!
20220519 011522.839 INFO             PET2 !!! THE ESMF_LOG IS SET TO OUTPUT ALL LOG MESSAGES !!!
20220519 011522.839 INFO             PET2 !!!     THIS MAY CAUSE SLOWDOWN IN PERFORMANCE     !!!
20220519 011522.839 INFO             PET2 !!! FOR PRODUCTION RUNS, USE:                      !!!
20220519 011522.839 INFO             PET2 !!!                   ESMF_LOGKIND_Multi_On_Error  !!!
20220519 011522.839 INFO             PET2 !!!!!!!!!!!!!!!!!!!!!!!!!!!!!!!!!!!!!!!!!!!!!!!!!!!!!!
20220519 011522.839 INFO             PET2 Running with ESMF Version   : v8.3.0b15-6-g3df5f266a8
20220519 011522.839 INFO             PET2 ESMF library build date/time: "May 19 2022" "00:29:08"
20220519 011522.839 INFO             PET2 ESMF library build location : /lustre/f2/dev/ncep/Mark.Potts/intel_2019.5_mpi_O_develop
20220519 011522.839 INFO             PET2 ESMF_COMM                   : mpi
20220519 011522.840 INFO             PET2 ESMF_MOAB                   : enabled
20220519 011522.840 INFO             PET2 ESMF_LAPACK                 : enabled
20220519 011522.840 INFO             PET2 ESMF_NETCDF                 : enabled
20220519 011522.840 INFO             PET2 ESMF_PNETCDF                : disabled
20220519 011522.840 INFO             PET2 ESMF_PIO                    : enabled
20220519 011522.840 INFO             PET2 ESMF_YAMLCPP                : enabled
20220519 011522.855 INFO             PET2  NUMBER_OF_PROCESSORS           4
20220519 011522.856 INFO             PET2  PASS  Example ESMF_ArrayCommNBEx, ESMF_ArrayCommNBEx.F90, line 277
20220519 011522.856 INFO             PET2 Finalizing ESMF
20220519 011522.838 INFO             PET3 !!!!!!!!!!!!!!!!!!!!!!!!!!!!!!!!!!!!!!!!!!!!!!!!!!!!!!
20220519 011522.839 INFO             PET3 !!! THE ESMF_LOG IS SET TO OUTPUT ALL LOG MESSAGES !!!
20220519 011522.839 INFO             PET3 !!!     THIS MAY CAUSE SLOWDOWN IN PERFORMANCE     !!!
20220519 011522.839 INFO             PET3 !!! FOR PRODUCTION RUNS, USE:                      !!!
20220519 011522.839 INFO             PET3 !!!                   ESMF_LOGKIND_Multi_On_Error  !!!
20220519 011522.839 INFO             PET3 !!!!!!!!!!!!!!!!!!!!!!!!!!!!!!!!!!!!!!!!!!!!!!!!!!!!!!
20220519 011522.839 INFO             PET3 Running with ESMF Version   : v8.3.0b15-6-g3df5f266a8
20220519 011522.839 INFO             PET3 ESMF library build date/time: "May 19 2022" "00:29:08"
20220519 011522.839 INFO             PET3 ESMF library build location : /lustre/f2/dev/ncep/Mark.Potts/intel_2019.5_mpi_O_develop
20220519 011522.839 INFO             PET3 ESMF_COMM                   : mpi
20220519 011522.840 INFO             PET3 ESMF_MOAB                   : enabled
20220519 011522.840 INFO             PET3 ESMF_LAPACK                 : enabled
20220519 011522.840 INFO             PET3 ESMF_NETCDF                 : enabled
20220519 011522.840 INFO             PET3 ESMF_PNETCDF                : disabled
20220519 011522.840 INFO             PET3 ESMF_PIO                    : enabled
20220519 011522.840 INFO             PET3 ESMF_YAMLCPP                : enabled
20220519 011522.855 INFO             PET3  NUMBER_OF_PROCESSORS           4
20220519 011522.856 INFO             PET3  PASS  Example ESMF_ArrayCommNBEx, ESMF_ArrayCommNBEx.F90, line 277
20220519 011522.856 INFO             PET3 Finalizing ESMF
