build time -- 2022-05-31 00:48:06
20220531 015117.842 INFO             PET0 !!!!!!!!!!!!!!!!!!!!!!!!!!!!!!!!!!!!!!!!!!!!!!!!!!!!!!
20220531 015117.842 INFO             PET0 !!! THE ESMF_LOG IS SET TO OUTPUT ALL LOG MESSAGES !!!
20220531 015117.842 INFO             PET0 !!!     THIS MAY CAUSE SLOWDOWN IN PERFORMANCE     !!!
20220531 015117.842 INFO             PET0 !!! FOR PRODUCTION RUNS, USE:                      !!!
20220531 015117.842 INFO             PET0 !!!                   ESMF_LOGKIND_Multi_On_Error  !!!
20220531 015117.842 INFO             PET0 !!!!!!!!!!!!!!!!!!!!!!!!!!!!!!!!!!!!!!!!!!!!!!!!!!!!!!
20220531 015117.842 INFO             PET0 Running with ESMF Version   : v8.3.0b16
20220531 015117.842 INFO             PET0 ESMF library build date/time: "May 31 2022" "00:46:16"
20220531 015117.842 INFO             PET0 ESMF library build location : /lustre/f2/dev/ncep/Mark.Potts/intel_2019.5_mpi_O_develop
20220531 015117.842 INFO             PET0 ESMF_COMM                   : mpi
20220531 015117.843 INFO             PET0 ESMF_MOAB                   : enabled
20220531 015117.843 INFO             PET0 ESMF_LAPACK                 : enabled
20220531 015117.843 INFO             PET0 ESMF_NETCDF                 : enabled
20220531 015117.843 INFO             PET0 ESMF_PNETCDF                : disabled
20220531 015117.843 INFO             PET0 ESMF_PIO                    : enabled
20220531 015117.843 INFO             PET0 ESMF_YAMLCPP                : enabled
20220531 015117.843 ERROR            PET0 ESMF_StateAPI.cppF90:1189 ESMF_StateAddList Object being used before creation  - Bad Object
20220531 015117.845 INFO             PET0  NUMBER_OF_PROCESSORS           4
20220531 015117.845 INFO             PET0  PASS  Example ESMF_StateReconcileEx, ESMF_StateReconcileEx.F90, line 294
20220531 015117.845 INFO             PET0 Finalizing ESMF
20220531 015117.829 INFO             PET1 !!!!!!!!!!!!!!!!!!!!!!!!!!!!!!!!!!!!!!!!!!!!!!!!!!!!!!
20220531 015117.829 INFO             PET1 !!! THE ESMF_LOG IS SET TO OUTPUT ALL LOG MESSAGES !!!
20220531 015117.829 INFO             PET1 !!!     THIS MAY CAUSE SLOWDOWN IN PERFORMANCE     !!!
20220531 015117.829 INFO             PET1 !!! FOR PRODUCTION RUNS, USE:                      !!!
20220531 015117.829 INFO             PET1 !!!                   ESMF_LOGKIND_Multi_On_Error  !!!
20220531 015117.829 INFO             PET1 !!!!!!!!!!!!!!!!!!!!!!!!!!!!!!!!!!!!!!!!!!!!!!!!!!!!!!
20220531 015117.829 INFO             PET1 Running with ESMF Version   : v8.3.0b16
20220531 015117.829 INFO             PET1 ESMF library build date/time: "May 31 2022" "00:46:16"
20220531 015117.829 INFO             PET1 ESMF library build location : /lustre/f2/dev/ncep/Mark.Potts/intel_2019.5_mpi_O_develop
20220531 015117.829 INFO             PET1 ESMF_COMM                   : mpi
20220531 015117.830 INFO             PET1 ESMF_MOAB                   : enabled
20220531 015117.830 INFO             PET1 ESMF_LAPACK                 : enabled
20220531 015117.830 INFO             PET1 ESMF_NETCDF                 : enabled
20220531 015117.830 INFO             PET1 ESMF_PNETCDF                : disabled
20220531 015117.830 INFO             PET1 ESMF_PIO                    : enabled
20220531 015117.830 INFO             PET1 ESMF_YAMLCPP                : enabled
20220531 015117.843 ERROR            PET1 ESMF_StateAPI.cppF90:1189 ESMF_StateAddList Object being used before creation  - Bad Object
20220531 015117.845 INFO             PET1  NUMBER_OF_PROCESSORS           4
20220531 015117.845 INFO             PET1  PASS  Example ESMF_StateReconcileEx, ESMF_StateReconcileEx.F90, line 294
20220531 015117.845 INFO             PET1 Finalizing ESMF
20220531 015117.837 INFO             PET2 !!!!!!!!!!!!!!!!!!!!!!!!!!!!!!!!!!!!!!!!!!!!!!!!!!!!!!
20220531 015117.837 INFO             PET2 !!! THE ESMF_LOG IS SET TO OUTPUT ALL LOG MESSAGES !!!
20220531 015117.837 INFO             PET2 !!!     THIS MAY CAUSE SLOWDOWN IN PERFORMANCE     !!!
20220531 015117.837 INFO             PET2 !!! FOR PRODUCTION RUNS, USE:                      !!!
20220531 015117.837 INFO             PET2 !!!                   ESMF_LOGKIND_Multi_On_Error  !!!
20220531 015117.837 INFO             PET2 !!!!!!!!!!!!!!!!!!!!!!!!!!!!!!!!!!!!!!!!!!!!!!!!!!!!!!
20220531 015117.837 INFO             PET2 Running with ESMF Version   : v8.3.0b16
20220531 015117.837 INFO             PET2 ESMF library build date/time: "May 31 2022" "00:46:16"
20220531 015117.837 INFO             PET2 ESMF library build location : /lustre/f2/dev/ncep/Mark.Potts/intel_2019.5_mpi_O_develop
20220531 015117.837 INFO             PET2 ESMF_COMM                   : mpi
20220531 015117.838 INFO             PET2 ESMF_MOAB                   : enabled
20220531 015117.838 INFO             PET2 ESMF_LAPACK                 : enabled
20220531 015117.838 INFO             PET2 ESMF_NETCDF                 : enabled
20220531 015117.838 INFO             PET2 ESMF_PNETCDF                : disabled
20220531 015117.838 INFO             PET2 ESMF_PIO                    : enabled
20220531 015117.838 INFO             PET2 ESMF_YAMLCPP                : enabled
20220531 015117.843 ERROR            PET2 ESMF_StateAPI.cppF90:1189 ESMF_StateAddList Object being used before creation  - Bad Object
20220531 015117.845 INFO             PET2  NUMBER_OF_PROCESSORS           4
20220531 015117.845 INFO             PET2  PASS  Example ESMF_StateReconcileEx, ESMF_StateReconcileEx.F90, line 294
20220531 015117.845 INFO             PET2 Finalizing ESMF
20220531 015117.839 INFO             PET3 !!!!!!!!!!!!!!!!!!!!!!!!!!!!!!!!!!!!!!!!!!!!!!!!!!!!!!
20220531 015117.839 INFO             PET3 !!! THE ESMF_LOG IS SET TO OUTPUT ALL LOG MESSAGES !!!
20220531 015117.839 INFO             PET3 !!!     THIS MAY CAUSE SLOWDOWN IN PERFORMANCE     !!!
20220531 015117.839 INFO             PET3 !!! FOR PRODUCTION RUNS, USE:                      !!!
20220531 015117.839 INFO             PET3 !!!                   ESMF_LOGKIND_Multi_On_Error  !!!
20220531 015117.839 INFO             PET3 !!!!!!!!!!!!!!!!!!!!!!!!!!!!!!!!!!!!!!!!!!!!!!!!!!!!!!
20220531 015117.839 INFO             PET3 Running with ESMF Version   : v8.3.0b16
20220531 015117.839 INFO             PET3 ESMF library build date/time: "May 31 2022" "00:46:16"
20220531 015117.839 INFO             PET3 ESMF library build location : /lustre/f2/dev/ncep/Mark.Potts/intel_2019.5_mpi_O_develop
20220531 015117.839 INFO             PET3 ESMF_COMM                   : mpi
20220531 015117.840 INFO             PET3 ESMF_MOAB                   : enabled
20220531 015117.840 INFO             PET3 ESMF_LAPACK                 : enabled
20220531 015117.840 INFO             PET3 ESMF_NETCDF                 : enabled
20220531 015117.840 INFO             PET3 ESMF_PNETCDF                : disabled
20220531 015117.840 INFO             PET3 ESMF_PIO                    : enabled
20220531 015117.840 INFO             PET3 ESMF_YAMLCPP                : enabled
20220531 015117.843 ERROR            PET3 ESMF_StateAPI.cppF90:1189 ESMF_StateAddList Object being used before creation  - Bad Object
20220531 015117.845 INFO             PET3  NUMBER_OF_PROCESSORS           4
20220531 015117.845 INFO             PET3  PASS  Example ESMF_StateReconcileEx, ESMF_StateReconcileEx.F90, line 294
20220531 015117.845 INFO             PET3 Finalizing ESMF
