build time -- 2022-04-02 00:32:27
20220402 010540.201 INFO             PET0 !!!!!!!!!!!!!!!!!!!!!!!!!!!!!!!!!!!!!!!!!!!!!!!!!!!!!!
20220402 010540.201 INFO             PET0 !!! THE ESMF_LOG IS SET TO OUTPUT ALL LOG MESSAGES !!!
20220402 010540.201 INFO             PET0 !!!     THIS MAY CAUSE SLOWDOWN IN PERFORMANCE     !!!
20220402 010540.201 INFO             PET0 !!! FOR PRODUCTION RUNS, USE:                      !!!
20220402 010540.201 INFO             PET0 !!!                   ESMF_LOGKIND_Multi_On_Error  !!!
20220402 010540.201 INFO             PET0 !!!!!!!!!!!!!!!!!!!!!!!!!!!!!!!!!!!!!!!!!!!!!!!!!!!!!!
20220402 010540.201 INFO             PET0 Running with ESMF Version   : v8.3.0b12
20220402 010540.201 INFO             PET0 ESMF library build date/time: "Apr  2 2022" "00:30:45"
20220402 010540.201 INFO             PET0 ESMF library build location : /lustre/f2/dev/ncep/Mark.Potts/intel_2019.5_mpi_O_develop
20220402 010540.201 INFO             PET0 ESMF_COMM                   : mpi
20220402 010540.202 INFO             PET0 ESMF_MOAB                   : enabled
20220402 010540.202 INFO             PET0 ESMF_LAPACK                 : enabled
20220402 010540.202 INFO             PET0 ESMF_NETCDF                 : enabled
20220402 010540.202 INFO             PET0 ESMF_PNETCDF                : disabled
20220402 010540.202 INFO             PET0 ESMF_PIO                    : enabled
20220402 010540.202 INFO             PET0 ESMF_YAMLCPP                : enabled
20220402 010540.202 INFO             PET0  NUMBER_OF_PROCESSORS           4
20220402 010540.202 INFO             PET0  PASS  Example ESMF_VMUserMpiCommMultiEx, ESMF_VMUserMpiCommMultiEx.F90, line 126
20220402 010540.202 INFO             PET0 Finalizing ESMF
20220402 010540.196 INFO             PET0 !!!!!!!!!!!!!!!!!!!!!!!!!!!!!!!!!!!!!!!!!!!!!!!!!!!!!!
20220402 010540.196 INFO             PET0 !!! THE ESMF_LOG IS SET TO OUTPUT ALL LOG MESSAGES !!!
20220402 010540.196 INFO             PET0 !!!     THIS MAY CAUSE SLOWDOWN IN PERFORMANCE     !!!
20220402 010540.196 INFO             PET0 !!! FOR PRODUCTION RUNS, USE:                      !!!
20220402 010540.196 INFO             PET0 !!!                   ESMF_LOGKIND_Multi_On_Error  !!!
20220402 010540.196 INFO             PET0 !!!!!!!!!!!!!!!!!!!!!!!!!!!!!!!!!!!!!!!!!!!!!!!!!!!!!!
20220402 010540.196 INFO             PET0 Running with ESMF Version   : v8.3.0b12
20220402 010540.196 INFO             PET0 ESMF library build date/time: "Apr  2 2022" "00:30:45"
20220402 010540.196 INFO             PET0 ESMF library build location : /lustre/f2/dev/ncep/Mark.Potts/intel_2019.5_mpi_O_develop
20220402 010540.196 INFO             PET0 ESMF_COMM                   : mpi
20220402 010540.197 INFO             PET0 ESMF_MOAB                   : enabled
20220402 010540.197 INFO             PET0 ESMF_LAPACK                 : enabled
20220402 010540.197 INFO             PET0 ESMF_NETCDF                 : enabled
20220402 010540.197 INFO             PET0 ESMF_PNETCDF                : disabled
20220402 010540.197 INFO             PET0 ESMF_PIO                    : enabled
20220402 010540.197 INFO             PET0 ESMF_YAMLCPP                : enabled
20220402 010540.201 INFO             PET0  NUMBER_OF_PROCESSORS           4
20220402 010540.201 INFO             PET0  PASS  Example ESMF_VMUserMpiCommMultiEx, ESMF_VMUserMpiCommMultiEx.F90, line 154
20220402 010540.201 INFO             PET0 Finalizing ESMF
20220402 010540.190 INFO             PET1 !!!!!!!!!!!!!!!!!!!!!!!!!!!!!!!!!!!!!!!!!!!!!!!!!!!!!!
20220402 010540.190 INFO             PET1 !!! THE ESMF_LOG IS SET TO OUTPUT ALL LOG MESSAGES !!!
20220402 010540.190 INFO             PET1 !!!     THIS MAY CAUSE SLOWDOWN IN PERFORMANCE     !!!
20220402 010540.190 INFO             PET1 !!! FOR PRODUCTION RUNS, USE:                      !!!
20220402 010540.190 INFO             PET1 !!!                   ESMF_LOGKIND_Multi_On_Error  !!!
20220402 010540.190 INFO             PET1 !!!!!!!!!!!!!!!!!!!!!!!!!!!!!!!!!!!!!!!!!!!!!!!!!!!!!!
20220402 010540.190 INFO             PET1 Running with ESMF Version   : v8.3.0b12
20220402 010540.190 INFO             PET1 ESMF library build date/time: "Apr  2 2022" "00:30:45"
20220402 010540.190 INFO             PET1 ESMF library build location : /lustre/f2/dev/ncep/Mark.Potts/intel_2019.5_mpi_O_develop
20220402 010540.190 INFO             PET1 ESMF_COMM                   : mpi
20220402 010540.190 INFO             PET1 ESMF_MOAB                   : enabled
20220402 010540.190 INFO             PET1 ESMF_LAPACK                 : enabled
20220402 010540.190 INFO             PET1 ESMF_NETCDF                 : enabled
20220402 010540.190 INFO             PET1 ESMF_PNETCDF                : disabled
20220402 010540.190 INFO             PET1 ESMF_PIO                    : enabled
20220402 010540.190 INFO             PET1 ESMF_YAMLCPP                : enabled
20220402 010540.202 INFO             PET1  NUMBER_OF_PROCESSORS           4
20220402 010540.202 INFO             PET1  PASS  Example ESMF_VMUserMpiCommMultiEx, ESMF_VMUserMpiCommMultiEx.F90, line 126
20220402 010540.202 INFO             PET1 Finalizing ESMF
20220402 010540.200 INFO             PET1 !!!!!!!!!!!!!!!!!!!!!!!!!!!!!!!!!!!!!!!!!!!!!!!!!!!!!!
20220402 010540.200 INFO             PET1 !!! THE ESMF_LOG IS SET TO OUTPUT ALL LOG MESSAGES !!!
20220402 010540.200 INFO             PET1 !!!     THIS MAY CAUSE SLOWDOWN IN PERFORMANCE     !!!
20220402 010540.200 INFO             PET1 !!! FOR PRODUCTION RUNS, USE:                      !!!
20220402 010540.200 INFO             PET1 !!!                   ESMF_LOGKIND_Multi_On_Error  !!!
20220402 010540.200 INFO             PET1 !!!!!!!!!!!!!!!!!!!!!!!!!!!!!!!!!!!!!!!!!!!!!!!!!!!!!!
20220402 010540.200 INFO             PET1 Running with ESMF Version   : v8.3.0b12
20220402 010540.200 INFO             PET1 ESMF library build date/time: "Apr  2 2022" "00:30:45"
20220402 010540.200 INFO             PET1 ESMF library build location : /lustre/f2/dev/ncep/Mark.Potts/intel_2019.5_mpi_O_develop
20220402 010540.200 INFO             PET1 ESMF_COMM                   : mpi
20220402 010540.201 INFO             PET1 ESMF_MOAB                   : enabled
20220402 010540.201 INFO             PET1 ESMF_LAPACK                 : enabled
20220402 010540.201 INFO             PET1 ESMF_NETCDF                 : enabled
20220402 010540.201 INFO             PET1 ESMF_PNETCDF                : disabled
20220402 010540.201 INFO             PET1 ESMF_PIO                    : enabled
20220402 010540.201 INFO             PET1 ESMF_YAMLCPP                : enabled
20220402 010540.201 INFO             PET1  NUMBER_OF_PROCESSORS           4
20220402 010540.201 INFO             PET1  PASS  Example ESMF_VMUserMpiCommMultiEx, ESMF_VMUserMpiCommMultiEx.F90, line 154
20220402 010540.201 INFO             PET1 Finalizing ESMF
