build time -- 2022-06-03 04:54:36.063943
20220603 051735.515 INFO             PET0 !!!!!!!!!!!!!!!!!!!!!!!!!!!!!!!!!!!!!!!!!!!!!!!!!!!!!!
20220603 051735.515 INFO             PET0 !!! THE ESMF_LOG IS SET TO OUTPUT ALL LOG MESSAGES !!!
20220603 051735.515 INFO             PET0 !!!     THIS MAY CAUSE SLOWDOWN IN PERFORMANCE     !!!
20220603 051735.515 INFO             PET0 !!! FOR PRODUCTION RUNS, USE:                      !!!
20220603 051735.515 INFO             PET0 !!!                   ESMF_LOGKIND_Multi_On_Error  !!!
20220603 051735.515 INFO             PET0 !!!!!!!!!!!!!!!!!!!!!!!!!!!!!!!!!!!!!!!!!!!!!!!!!!!!!!
20220603 051735.515 INFO             PET0 Running with ESMF Version   : v8.3.0b17
20220603 051735.515 INFO             PET0 ESMF library build date/time: "Jun  3 2022" "04:53:27"
20220603 051735.515 INFO             PET0 ESMF library build location : /home/mpotts/intel_2021.2_intelmpi_g_release_8.3.0
20220603 051735.515 INFO             PET0 ESMF_COMM                   : intelmpi
20220603 051735.516 INFO             PET0 ESMF_MOAB                   : enabled
20220603 051735.516 INFO             PET0 ESMF_LAPACK                 : enabled
20220603 051735.516 INFO             PET0 ESMF_NETCDF                 : enabled
20220603 051735.516 INFO             PET0 ESMF_PNETCDF                : disabled
20220603 051735.516 INFO             PET0 ESMF_PIO                    : enabled
20220603 051735.516 INFO             PET0 ESMF_YAMLCPP                : enabled
20220603 051735.516 INFO             PET0  NUMBER_OF_PROCESSORS           1
20220603 051735.516 INFO             PET0  PASS  Example CalendarEx, ESMF_CalendarEx.F90, line 217
20220603 051735.516 INFO             PET0 Finalizing ESMF
