build time -- 2022-05-31 04:52:09.130967
20220531 051816.925 INFO             PET0 !!!!!!!!!!!!!!!!!!!!!!!!!!!!!!!!!!!!!!!!!!!!!!!!!!!!!!
20220531 051816.925 INFO             PET0 !!! THE ESMF_LOG IS SET TO OUTPUT ALL LOG MESSAGES !!!
20220531 051816.925 INFO             PET0 !!!     THIS MAY CAUSE SLOWDOWN IN PERFORMANCE     !!!
20220531 051816.925 INFO             PET0 !!! FOR PRODUCTION RUNS, USE:                      !!!
20220531 051816.925 INFO             PET0 !!!                   ESMF_LOGKIND_Multi_On_Error  !!!
20220531 051816.925 INFO             PET0 !!!!!!!!!!!!!!!!!!!!!!!!!!!!!!!!!!!!!!!!!!!!!!!!!!!!!!
20220531 051816.925 INFO             PET0 Running with ESMF Version   : v8.3.0b16-3-gc2b47388e1
20220531 051816.925 INFO             PET0 ESMF library build date/time: "May 31 2022" "04:50:57"
20220531 051816.925 INFO             PET0 ESMF library build location : /home/mpotts/intel_2021.2_intelmpi_g_release_8.3.0
20220531 051816.925 INFO             PET0 ESMF_COMM                   : intelmpi
20220531 051816.926 INFO             PET0 ESMF_MOAB                   : enabled
20220531 051816.926 INFO             PET0 ESMF_LAPACK                 : enabled
20220531 051816.926 INFO             PET0 ESMF_NETCDF                 : enabled
20220531 051816.926 INFO             PET0 ESMF_PNETCDF                : disabled
20220531 051816.926 INFO             PET0 ESMF_PIO                    : enabled
20220531 051816.926 INFO             PET0 ESMF_YAMLCPP                : enabled
20220531 051817.005 DEBUG            PET0 about to destroy Grid: 0xa89c00
20220531 051817.017 DEBUG            PET0 about to destroy Grid: 0xa8ad60
20220531 051817.047 INFO             PET0  NUMBER_OF_PROCESSORS           4
20220531 051817.047 INFO             PET0  PASS  Example ESMF_NUOPCAtmModelEx, ESMF_NUOPCAtmModelEx.F90, line 806
20220531 051817.047 INFO             PET0 Finalizing ESMF
20220531 051816.925 INFO             PET1 !!!!!!!!!!!!!!!!!!!!!!!!!!!!!!!!!!!!!!!!!!!!!!!!!!!!!!
20220531 051816.925 INFO             PET1 !!! THE ESMF_LOG IS SET TO OUTPUT ALL LOG MESSAGES !!!
20220531 051816.925 INFO             PET1 !!!     THIS MAY CAUSE SLOWDOWN IN PERFORMANCE     !!!
20220531 051816.925 INFO             PET1 !!! FOR PRODUCTION RUNS, USE:                      !!!
20220531 051816.925 INFO             PET1 !!!                   ESMF_LOGKIND_Multi_On_Error  !!!
20220531 051816.925 INFO             PET1 !!!!!!!!!!!!!!!!!!!!!!!!!!!!!!!!!!!!!!!!!!!!!!!!!!!!!!
20220531 051816.925 INFO             PET1 Running with ESMF Version   : v8.3.0b16-3-gc2b47388e1
20220531 051816.925 INFO             PET1 ESMF library build date/time: "May 31 2022" "04:50:57"
20220531 051816.925 INFO             PET1 ESMF library build location : /home/mpotts/intel_2021.2_intelmpi_g_release_8.3.0
20220531 051816.926 INFO             PET1 ESMF_COMM                   : intelmpi
20220531 051816.926 INFO             PET1 ESMF_MOAB                   : enabled
20220531 051816.926 INFO             PET1 ESMF_LAPACK                 : enabled
20220531 051816.926 INFO             PET1 ESMF_NETCDF                 : enabled
20220531 051816.926 INFO             PET1 ESMF_PNETCDF                : disabled
20220531 051816.926 INFO             PET1 ESMF_PIO                    : enabled
20220531 051816.926 INFO             PET1 ESMF_YAMLCPP                : enabled
20220531 051817.005 DEBUG            PET1 about to destroy Grid: 0x135a2a0
20220531 051817.017 DEBUG            PET1 about to destroy Grid: 0x135af80
20220531 051817.047 INFO             PET1  NUMBER_OF_PROCESSORS           4
20220531 051817.047 INFO             PET1  PASS  Example ESMF_NUOPCAtmModelEx, ESMF_NUOPCAtmModelEx.F90, line 806
20220531 051817.047 INFO             PET1 Finalizing ESMF
20220531 051816.925 INFO             PET2 !!!!!!!!!!!!!!!!!!!!!!!!!!!!!!!!!!!!!!!!!!!!!!!!!!!!!!
20220531 051816.925 INFO             PET2 !!! THE ESMF_LOG IS SET TO OUTPUT ALL LOG MESSAGES !!!
20220531 051816.925 INFO             PET2 !!!     THIS MAY CAUSE SLOWDOWN IN PERFORMANCE     !!!
20220531 051816.925 INFO             PET2 !!! FOR PRODUCTION RUNS, USE:                      !!!
20220531 051816.925 INFO             PET2 !!!                   ESMF_LOGKIND_Multi_On_Error  !!!
20220531 051816.925 INFO             PET2 !!!!!!!!!!!!!!!!!!!!!!!!!!!!!!!!!!!!!!!!!!!!!!!!!!!!!!
20220531 051816.925 INFO             PET2 Running with ESMF Version   : v8.3.0b16-3-gc2b47388e1
20220531 051816.925 INFO             PET2 ESMF library build date/time: "May 31 2022" "04:50:57"
20220531 051816.925 INFO             PET2 ESMF library build location : /home/mpotts/intel_2021.2_intelmpi_g_release_8.3.0
20220531 051816.926 INFO             PET2 ESMF_COMM                   : intelmpi
20220531 051816.926 INFO             PET2 ESMF_MOAB                   : enabled
20220531 051816.926 INFO             PET2 ESMF_LAPACK                 : enabled
20220531 051816.926 INFO             PET2 ESMF_NETCDF                 : enabled
20220531 051816.926 INFO             PET2 ESMF_PNETCDF                : disabled
20220531 051816.926 INFO             PET2 ESMF_PIO                    : enabled
20220531 051816.926 INFO             PET2 ESMF_YAMLCPP                : enabled
20220531 051817.005 DEBUG            PET2 about to destroy Grid: 0xaa22a0
20220531 051817.017 DEBUG            PET2 about to destroy Grid: 0xaa2f80
20220531 051817.047 INFO             PET2  NUMBER_OF_PROCESSORS           4
20220531 051817.047 INFO             PET2  PASS  Example ESMF_NUOPCAtmModelEx, ESMF_NUOPCAtmModelEx.F90, line 806
20220531 051817.047 INFO             PET2 Finalizing ESMF
20220531 051816.925 INFO             PET3 !!!!!!!!!!!!!!!!!!!!!!!!!!!!!!!!!!!!!!!!!!!!!!!!!!!!!!
20220531 051816.925 INFO             PET3 !!! THE ESMF_LOG IS SET TO OUTPUT ALL LOG MESSAGES !!!
20220531 051816.925 INFO             PET3 !!!     THIS MAY CAUSE SLOWDOWN IN PERFORMANCE     !!!
20220531 051816.925 INFO             PET3 !!! FOR PRODUCTION RUNS, USE:                      !!!
20220531 051816.925 INFO             PET3 !!!                   ESMF_LOGKIND_Multi_On_Error  !!!
20220531 051816.925 INFO             PET3 !!!!!!!!!!!!!!!!!!!!!!!!!!!!!!!!!!!!!!!!!!!!!!!!!!!!!!
20220531 051816.925 INFO             PET3 Running with ESMF Version   : v8.3.0b16-3-gc2b47388e1
20220531 051816.925 INFO             PET3 ESMF library build date/time: "May 31 2022" "04:50:57"
20220531 051816.925 INFO             PET3 ESMF library build location : /home/mpotts/intel_2021.2_intelmpi_g_release_8.3.0
20220531 051816.926 INFO             PET3 ESMF_COMM                   : intelmpi
20220531 051816.926 INFO             PET3 ESMF_MOAB                   : enabled
20220531 051816.926 INFO             PET3 ESMF_LAPACK                 : enabled
20220531 051816.926 INFO             PET3 ESMF_NETCDF                 : enabled
20220531 051816.926 INFO             PET3 ESMF_PNETCDF                : disabled
20220531 051816.926 INFO             PET3 ESMF_PIO                    : enabled
20220531 051816.926 INFO             PET3 ESMF_YAMLCPP                : enabled
20220531 051817.005 DEBUG            PET3 about to destroy Grid: 0x1ffa2d0
20220531 051817.017 DEBUG            PET3 about to destroy Grid: 0x1ffafb0
20220531 051817.047 INFO             PET3  NUMBER_OF_PROCESSORS           4
20220531 051817.047 INFO             PET3  PASS  Example ESMF_NUOPCAtmModelEx, ESMF_NUOPCAtmModelEx.F90, line 806
20220531 051817.047 INFO             PET3 Finalizing ESMF
