build time -- 2022-06-05 04:51:24.075138
20220605 051343.296 INFO             PET0 !!!!!!!!!!!!!!!!!!!!!!!!!!!!!!!!!!!!!!!!!!!!!!!!!!!!!!
20220605 051343.296 INFO             PET0 !!! THE ESMF_LOG IS SET TO OUTPUT ALL LOG MESSAGES !!!
20220605 051343.296 INFO             PET0 !!!     THIS MAY CAUSE SLOWDOWN IN PERFORMANCE     !!!
20220605 051343.296 INFO             PET0 !!! FOR PRODUCTION RUNS, USE:                      !!!
20220605 051343.296 INFO             PET0 !!!                   ESMF_LOGKIND_Multi_On_Error  !!!
20220605 051343.296 INFO             PET0 !!!!!!!!!!!!!!!!!!!!!!!!!!!!!!!!!!!!!!!!!!!!!!!!!!!!!!
20220605 051343.296 INFO             PET0 Running with ESMF Version   : v8.3.0b17-1-g6ed324f6a2
20220605 051343.296 INFO             PET0 ESMF library build date/time: "Jun  5 2022" "04:50:16"
20220605 051343.296 INFO             PET0 ESMF library build location : /home/mpotts/intel_2021.2_intelmpi_g_release_8.3.0
20220605 051343.296 INFO             PET0 ESMF_COMM                   : intelmpi
20220605 051343.296 INFO             PET0 ESMF_MOAB                   : enabled
20220605 051343.296 INFO             PET0 ESMF_LAPACK                 : enabled
20220605 051343.296 INFO             PET0 ESMF_NETCDF                 : enabled
20220605 051343.296 INFO             PET0 ESMF_PNETCDF                : disabled
20220605 051343.296 INFO             PET0 ESMF_PIO                    : enabled
20220605 051343.296 INFO             PET0 ESMF_YAMLCPP                : enabled
20220605 051343.297 INFO             PET0  NUMBER_OF_PROCESSORS           1
20220605 051343.297 INFO             PET0  PASS  Example ESMF_ClockEx, ESMF_ClockEx.F90, line 220
20220605 051343.297 INFO             PET0 Finalizing ESMF
