build time -- 2022-06-01 06:51:27
20220601 075103.820 INFO             PET0 !!!!!!!!!!!!!!!!!!!!!!!!!!!!!!!!!!!!!!!!!!!!!!!!!!!!!!
20220601 075103.820 INFO             PET0 !!! THE ESMF_LOG IS SET TO OUTPUT ALL LOG MESSAGES !!!
20220601 075103.820 INFO             PET0 !!!     THIS MAY CAUSE SLOWDOWN IN PERFORMANCE     !!!
20220601 075103.820 INFO             PET0 !!! FOR PRODUCTION RUNS, USE:                      !!!
20220601 075103.820 INFO             PET0 !!!                   ESMF_LOGKIND_Multi_On_Error  !!!
20220601 075103.820 INFO             PET0 !!!!!!!!!!!!!!!!!!!!!!!!!!!!!!!!!!!!!!!!!!!!!!!!!!!!!!
20220601 075103.820 INFO             PET0 Running with ESMF Version   : v8.3.0b16-3-gc2b47388e1
20220601 075103.820 INFO             PET0 ESMF library build date/time: "Jun  1 2022" "06:47:52"
20220601 075103.820 INFO             PET0 ESMF library build location : /scratch1/NCEPDEV/stmp2/role.esmfmaint/pgi_19.1_mpiuni_g_release_8.3.0
20220601 075103.820 INFO             PET0 ESMF_COMM                   : mpiuni
20220601 075103.821 INFO             PET0 ESMF_MOAB                   : enabled
20220601 075103.822 INFO             PET0 ESMF_LAPACK                 : enabled
20220601 075103.822 INFO             PET0 ESMF_NETCDF                 : disabled
20220601 075103.822 INFO             PET0 ESMF_PNETCDF                : disabled
20220601 075103.822 INFO             PET0 ESMF_PIO                    : disabled
20220601 075103.822 INFO             PET0 ESMF_YAMLCPP                : enabled
20220601 075103.824 INFO             PET0  NUMBER_OF_PROCESSORS            1
20220601 075103.824 INFO             PET0  PASS  Example ESMF_StateEx, ESMF_StateEx.F90, line 237
20220601 075103.824 INFO             PET0 Finalizing ESMF
