build time -- 2022-05-26 06:52:02
20220526 075728.873 INFO             PET0 !!!!!!!!!!!!!!!!!!!!!!!!!!!!!!!!!!!!!!!!!!!!!!!!!!!!!!
20220526 075728.874 INFO             PET0 !!! THE ESMF_LOG IS SET TO OUTPUT ALL LOG MESSAGES !!!
20220526 075728.874 INFO             PET0 !!!     THIS MAY CAUSE SLOWDOWN IN PERFORMANCE     !!!
20220526 075728.874 INFO             PET0 !!! FOR PRODUCTION RUNS, USE:                      !!!
20220526 075728.874 INFO             PET0 !!!                   ESMF_LOGKIND_Multi_On_Error  !!!
20220526 075728.874 INFO             PET0 !!!!!!!!!!!!!!!!!!!!!!!!!!!!!!!!!!!!!!!!!!!!!!!!!!!!!!
20220526 075728.874 INFO             PET0 Running with ESMF Version   : v8.3.0b16-3-gc2b47388e1
20220526 075728.874 INFO             PET0 ESMF library build date/time: "May 26 2022" "06:48:31"
20220526 075728.874 INFO             PET0 ESMF library build location : /scratch1/NCEPDEV/stmp2/role.esmfmaint/pgi_19.1_mpiuni_g_release_8.3.0
20220526 075728.874 INFO             PET0 ESMF_COMM                   : mpiuni
20220526 075728.875 INFO             PET0 ESMF_MOAB                   : enabled
20220526 075728.875 INFO             PET0 ESMF_LAPACK                 : enabled
20220526 075728.875 INFO             PET0 ESMF_NETCDF                 : disabled
20220526 075728.875 INFO             PET0 ESMF_PNETCDF                : disabled
20220526 075728.875 INFO             PET0 ESMF_PIO                    : disabled
20220526 075728.875 INFO             PET0 ESMF_YAMLCPP                : enabled
20220526 075728.881 INFO             PET0 ESMF_FieldRedistStoreNF(): Just entered routine.
20220526 075729.376 INFO             PET0 ESMF_FieldRedistStoreNF(): Leaving routine.
20220526 075729.390 INFO             PET0  NUMBER_OF_PROCESSORS            1
20220526 075729.391 INFO             PET0  PASS  Example ESMF_RHandleFromFileEx, ESMF_RHandleFromFileEx.F90, line 192
20220526 075729.391 INFO             PET0 Finalizing ESMF
