build time -- 2022-04-05 00:37:12
20220405 011032.822 INFO             PET0 !!!!!!!!!!!!!!!!!!!!!!!!!!!!!!!!!!!!!!!!!!!!!!!!!!!!!!
20220405 011032.823 INFO             PET0 !!! THE ESMF_LOG IS SET TO OUTPUT ALL LOG MESSAGES !!!
20220405 011032.823 INFO             PET0 !!!     THIS MAY CAUSE SLOWDOWN IN PERFORMANCE     !!!
20220405 011032.823 INFO             PET0 !!! FOR PRODUCTION RUNS, USE:                      !!!
20220405 011032.823 INFO             PET0 !!!                   ESMF_LOGKIND_Multi_On_Error  !!!
20220405 011032.823 INFO             PET0 !!!!!!!!!!!!!!!!!!!!!!!!!!!!!!!!!!!!!!!!!!!!!!!!!!!!!!
20220405 011032.823 INFO             PET0 Running with ESMF Version   : v8.3.0b12
20220405 011032.823 INFO             PET0 ESMF library build date/time: "Apr  5 2022" "00:35:25"
20220405 011032.823 INFO             PET0 ESMF library build location : /lustre/f2/dev/ncep/Mark.Potts/intel_2019.5_mpi_g_develop
20220405 011032.823 INFO             PET0 ESMF_COMM                   : mpi
20220405 011032.824 INFO             PET0 ESMF_MOAB                   : enabled
20220405 011032.824 INFO             PET0 ESMF_LAPACK                 : enabled
20220405 011032.824 INFO             PET0 ESMF_NETCDF                 : enabled
20220405 011032.824 INFO             PET0 ESMF_PNETCDF                : disabled
20220405 011032.824 INFO             PET0 ESMF_PIO                    : enabled
20220405 011032.824 INFO             PET0 ESMF_YAMLCPP                : enabled
20220405 011032.825 INFO             PET0  NUMBER_OF_PROCESSORS           1
20220405 011032.825 INFO             PET0  PASS  Example ESMF_TimeIntervalEx, ESMF_TimeIntervalEx.F90, line 176
20220405 011032.825 INFO             PET0 Finalizing ESMF
