build time -- 2022-04-06 01:11:11
20220406 015647.646 INFO             PET0 !!!!!!!!!!!!!!!!!!!!!!!!!!!!!!!!!!!!!!!!!!!!!!!!!!!!!!
20220406 015647.646 INFO             PET0 !!! THE ESMF_LOG IS SET TO OUTPUT ALL LOG MESSAGES !!!
20220406 015647.646 INFO             PET0 !!!     THIS MAY CAUSE SLOWDOWN IN PERFORMANCE     !!!
20220406 015647.646 INFO             PET0 !!! FOR PRODUCTION RUNS, USE:                      !!!
20220406 015647.647 INFO             PET0 !!!                   ESMF_LOGKIND_Multi_On_Error  !!!
20220406 015647.647 INFO             PET0 !!!!!!!!!!!!!!!!!!!!!!!!!!!!!!!!!!!!!!!!!!!!!!!!!!!!!!
20220406 015647.647 INFO             PET0 Running with ESMF Version   : v8.3.0b12
20220406 015647.647 INFO             PET0 ESMF library build date/time: "Apr  6 2022" "01:09:19"
20220406 015647.647 INFO             PET0 ESMF library build location : /lustre/f2/dev/ncep/Mark.Potts/intel_2019.5_mpi_g_develop
20220406 015647.647 INFO             PET0 ESMF_COMM                   : mpi
20220406 015647.648 INFO             PET0 ESMF_MOAB                   : enabled
20220406 015647.648 INFO             PET0 ESMF_LAPACK                 : enabled
20220406 015647.648 INFO             PET0 ESMF_NETCDF                 : enabled
20220406 015647.648 INFO             PET0 ESMF_PNETCDF                : disabled
20220406 015647.648 INFO             PET0 ESMF_PIO                    : enabled
20220406 015647.648 INFO             PET0 ESMF_YAMLCPP                : enabled
20220406 015647.650 INFO             PET0  NUMBER_OF_PROCESSORS           1
20220406 015647.650 INFO             PET0  PASS  Example ESMF_AlarmEx, ESMF_AlarmEx.F90, line 244
20220406 015647.650 INFO             PET0 Finalizing ESMF
