build time -- 2022-06-01 01:46:35
20220601 030544.469 INFO             PET0 !!!!!!!!!!!!!!!!!!!!!!!!!!!!!!!!!!!!!!!!!!!!!!!!!!!!!!
20220601 030544.469 INFO             PET0 !!! THE ESMF_LOG IS SET TO OUTPUT ALL LOG MESSAGES !!!
20220601 030544.469 INFO             PET0 !!!     THIS MAY CAUSE SLOWDOWN IN PERFORMANCE     !!!
20220601 030544.469 INFO             PET0 !!! FOR PRODUCTION RUNS, USE:                      !!!
20220601 030544.469 INFO             PET0 !!!                   ESMF_LOGKIND_Multi_On_Error  !!!
20220601 030544.469 INFO             PET0 !!!!!!!!!!!!!!!!!!!!!!!!!!!!!!!!!!!!!!!!!!!!!!!!!!!!!!
20220601 030544.469 INFO             PET0 Running with ESMF Version   : v8.3.0b16
20220601 030544.469 INFO             PET0 ESMF library build date/time: "Jun  1 2022" "01:44:36"
20220601 030544.469 INFO             PET0 ESMF library build location : /lustre/f2/dev/ncep/Mark.Potts/intel_2019.5_mpi_g_develop
20220601 030544.469 INFO             PET0 ESMF_COMM                   : mpi
20220601 030544.470 INFO             PET0 ESMF_MOAB                   : enabled
20220601 030544.470 INFO             PET0 ESMF_LAPACK                 : enabled
20220601 030544.470 INFO             PET0 ESMF_NETCDF                 : enabled
20220601 030544.470 INFO             PET0 ESMF_PNETCDF                : disabled
20220601 030544.470 INFO             PET0 ESMF_PIO                    : enabled
20220601 030544.470 INFO             PET0 ESMF_YAMLCPP                : enabled
20220601 030544.521 DEBUG            PET0 about to destroy Grid: 0x9328b0
20220601 030544.526 DEBUG            PET0 about to destroy Grid: 0x935cd0
20220601 030544.542 INFO             PET0  NUMBER_OF_PROCESSORS           4
20220601 030544.542 INFO             PET0  PASS  Example ESMF_NUOPCAtmModelEx, ESMF_NUOPCAtmModelEx.F90, line 806
20220601 030544.542 INFO             PET0 Finalizing ESMF
20220601 030544.451 INFO             PET1 !!!!!!!!!!!!!!!!!!!!!!!!!!!!!!!!!!!!!!!!!!!!!!!!!!!!!!
20220601 030544.451 INFO             PET1 !!! THE ESMF_LOG IS SET TO OUTPUT ALL LOG MESSAGES !!!
20220601 030544.451 INFO             PET1 !!!     THIS MAY CAUSE SLOWDOWN IN PERFORMANCE     !!!
20220601 030544.451 INFO             PET1 !!! FOR PRODUCTION RUNS, USE:                      !!!
20220601 030544.451 INFO             PET1 !!!                   ESMF_LOGKIND_Multi_On_Error  !!!
20220601 030544.451 INFO             PET1 !!!!!!!!!!!!!!!!!!!!!!!!!!!!!!!!!!!!!!!!!!!!!!!!!!!!!!
20220601 030544.451 INFO             PET1 Running with ESMF Version   : v8.3.0b16
20220601 030544.451 INFO             PET1 ESMF library build date/time: "Jun  1 2022" "01:44:36"
20220601 030544.451 INFO             PET1 ESMF library build location : /lustre/f2/dev/ncep/Mark.Potts/intel_2019.5_mpi_g_develop
20220601 030544.451 INFO             PET1 ESMF_COMM                   : mpi
20220601 030544.452 INFO             PET1 ESMF_MOAB                   : enabled
20220601 030544.452 INFO             PET1 ESMF_LAPACK                 : enabled
20220601 030544.452 INFO             PET1 ESMF_NETCDF                 : enabled
20220601 030544.452 INFO             PET1 ESMF_PNETCDF                : disabled
20220601 030544.452 INFO             PET1 ESMF_PIO                    : enabled
20220601 030544.452 INFO             PET1 ESMF_YAMLCPP                : enabled
20220601 030544.521 DEBUG            PET1 about to destroy Grid: 0x932160
20220601 030544.526 DEBUG            PET1 about to destroy Grid: 0x933740
20220601 030544.543 INFO             PET1  NUMBER_OF_PROCESSORS           4
20220601 030544.543 INFO             PET1  PASS  Example ESMF_NUOPCAtmModelEx, ESMF_NUOPCAtmModelEx.F90, line 806
20220601 030544.543 INFO             PET1 Finalizing ESMF
20220601 030544.451 INFO             PET2 !!!!!!!!!!!!!!!!!!!!!!!!!!!!!!!!!!!!!!!!!!!!!!!!!!!!!!
20220601 030544.451 INFO             PET2 !!! THE ESMF_LOG IS SET TO OUTPUT ALL LOG MESSAGES !!!
20220601 030544.451 INFO             PET2 !!!     THIS MAY CAUSE SLOWDOWN IN PERFORMANCE     !!!
20220601 030544.451 INFO             PET2 !!! FOR PRODUCTION RUNS, USE:                      !!!
20220601 030544.451 INFO             PET2 !!!                   ESMF_LOGKIND_Multi_On_Error  !!!
20220601 030544.451 INFO             PET2 !!!!!!!!!!!!!!!!!!!!!!!!!!!!!!!!!!!!!!!!!!!!!!!!!!!!!!
20220601 030544.451 INFO             PET2 Running with ESMF Version   : v8.3.0b16
20220601 030544.451 INFO             PET2 ESMF library build date/time: "Jun  1 2022" "01:44:36"
20220601 030544.451 INFO             PET2 ESMF library build location : /lustre/f2/dev/ncep/Mark.Potts/intel_2019.5_mpi_g_develop
20220601 030544.451 INFO             PET2 ESMF_COMM                   : mpi
20220601 030544.452 INFO             PET2 ESMF_MOAB                   : enabled
20220601 030544.452 INFO             PET2 ESMF_LAPACK                 : enabled
20220601 030544.452 INFO             PET2 ESMF_NETCDF                 : enabled
20220601 030544.452 INFO             PET2 ESMF_PNETCDF                : disabled
20220601 030544.452 INFO             PET2 ESMF_PIO                    : enabled
20220601 030544.452 INFO             PET2 ESMF_YAMLCPP                : enabled
20220601 030544.521 DEBUG            PET2 about to destroy Grid: 0x931f80
20220601 030544.526 DEBUG            PET2 about to destroy Grid: 0x933560
20220601 030544.542 INFO             PET2  NUMBER_OF_PROCESSORS           4
20220601 030544.542 INFO             PET2  PASS  Example ESMF_NUOPCAtmModelEx, ESMF_NUOPCAtmModelEx.F90, line 806
20220601 030544.542 INFO             PET2 Finalizing ESMF
20220601 030544.454 INFO             PET3 !!!!!!!!!!!!!!!!!!!!!!!!!!!!!!!!!!!!!!!!!!!!!!!!!!!!!!
20220601 030544.454 INFO             PET3 !!! THE ESMF_LOG IS SET TO OUTPUT ALL LOG MESSAGES !!!
20220601 030544.454 INFO             PET3 !!!     THIS MAY CAUSE SLOWDOWN IN PERFORMANCE     !!!
20220601 030544.454 INFO             PET3 !!! FOR PRODUCTION RUNS, USE:                      !!!
20220601 030544.454 INFO             PET3 !!!                   ESMF_LOGKIND_Multi_On_Error  !!!
20220601 030544.454 INFO             PET3 !!!!!!!!!!!!!!!!!!!!!!!!!!!!!!!!!!!!!!!!!!!!!!!!!!!!!!
20220601 030544.454 INFO             PET3 Running with ESMF Version   : v8.3.0b16
20220601 030544.454 INFO             PET3 ESMF library build date/time: "Jun  1 2022" "01:44:36"
20220601 030544.454 INFO             PET3 ESMF library build location : /lustre/f2/dev/ncep/Mark.Potts/intel_2019.5_mpi_g_develop
20220601 030544.454 INFO             PET3 ESMF_COMM                   : mpi
20220601 030544.455 INFO             PET3 ESMF_MOAB                   : enabled
20220601 030544.455 INFO             PET3 ESMF_LAPACK                 : enabled
20220601 030544.455 INFO             PET3 ESMF_NETCDF                 : enabled
20220601 030544.455 INFO             PET3 ESMF_PNETCDF                : disabled
20220601 030544.455 INFO             PET3 ESMF_PIO                    : enabled
20220601 030544.455 INFO             PET3 ESMF_YAMLCPP                : enabled
20220601 030544.521 DEBUG            PET3 about to destroy Grid: 0x932160
20220601 030544.526 DEBUG            PET3 about to destroy Grid: 0x933740
20220601 030544.542 INFO             PET3  NUMBER_OF_PROCESSORS           4
20220601 030544.542 INFO             PET3  PASS  Example ESMF_NUOPCAtmModelEx, ESMF_NUOPCAtmModelEx.F90, line 806
20220601 030544.542 INFO             PET3 Finalizing ESMF
