build time -- 2022-04-22 00:45:56
20220422 012306.178 INFO             PET0 !!!!!!!!!!!!!!!!!!!!!!!!!!!!!!!!!!!!!!!!!!!!!!!!!!!!!!
20220422 012306.178 INFO             PET0 !!! THE ESMF_LOG IS SET TO OUTPUT ALL LOG MESSAGES !!!
20220422 012306.178 INFO             PET0 !!!     THIS MAY CAUSE SLOWDOWN IN PERFORMANCE     !!!
20220422 012306.178 INFO             PET0 !!! FOR PRODUCTION RUNS, USE:                      !!!
20220422 012306.178 INFO             PET0 !!!                   ESMF_LOGKIND_Multi_On_Error  !!!
20220422 012306.178 INFO             PET0 !!!!!!!!!!!!!!!!!!!!!!!!!!!!!!!!!!!!!!!!!!!!!!!!!!!!!!
20220422 012306.178 INFO             PET0 Running with ESMF Version   : v8.3.0b13
20220422 012306.178 INFO             PET0 ESMF library build date/time: "Apr 22 2022" "00:43:33"
20220422 012306.178 INFO             PET0 ESMF library build location : /lustre/f2/dev/ncep/Mark.Potts/intel_2019.5_mpi_g_develop
20220422 012306.178 INFO             PET0 ESMF_COMM                   : mpi
20220422 012306.179 INFO             PET0 ESMF_MOAB                   : enabled
20220422 012306.179 INFO             PET0 ESMF_LAPACK                 : enabled
20220422 012306.179 INFO             PET0 ESMF_NETCDF                 : enabled
20220422 012306.179 INFO             PET0 ESMF_PNETCDF                : disabled
20220422 012306.179 INFO             PET0 ESMF_PIO                    : enabled
20220422 012306.179 INFO             PET0 ESMF_YAMLCPP                : enabled
20220422 012306.179 INFO             PET0  NUMBER_OF_PROCESSORS           2
20220422 012306.179 INFO             PET0  PASS  Example ESMF_VMUserMpiCommEx, ESMF_VMUserMpiCommEx.F90, line 113
20220422 012306.179 INFO             PET0 Finalizing ESMF
20220422 012306.147 INFO             PET1 !!!!!!!!!!!!!!!!!!!!!!!!!!!!!!!!!!!!!!!!!!!!!!!!!!!!!!
20220422 012306.147 INFO             PET1 !!! THE ESMF_LOG IS SET TO OUTPUT ALL LOG MESSAGES !!!
20220422 012306.147 INFO             PET1 !!!     THIS MAY CAUSE SLOWDOWN IN PERFORMANCE     !!!
20220422 012306.147 INFO             PET1 !!! FOR PRODUCTION RUNS, USE:                      !!!
20220422 012306.147 INFO             PET1 !!!                   ESMF_LOGKIND_Multi_On_Error  !!!
20220422 012306.147 INFO             PET1 !!!!!!!!!!!!!!!!!!!!!!!!!!!!!!!!!!!!!!!!!!!!!!!!!!!!!!
20220422 012306.147 INFO             PET1 Running with ESMF Version   : v8.3.0b13
20220422 012306.147 INFO             PET1 ESMF library build date/time: "Apr 22 2022" "00:43:33"
20220422 012306.147 INFO             PET1 ESMF library build location : /lustre/f2/dev/ncep/Mark.Potts/intel_2019.5_mpi_g_develop
20220422 012306.147 INFO             PET1 ESMF_COMM                   : mpi
20220422 012306.148 INFO             PET1 ESMF_MOAB                   : enabled
20220422 012306.148 INFO             PET1 ESMF_LAPACK                 : enabled
20220422 012306.148 INFO             PET1 ESMF_NETCDF                 : enabled
20220422 012306.148 INFO             PET1 ESMF_PNETCDF                : disabled
20220422 012306.148 INFO             PET1 ESMF_PIO                    : enabled
20220422 012306.148 INFO             PET1 ESMF_YAMLCPP                : enabled
20220422 012306.179 INFO             PET1  NUMBER_OF_PROCESSORS           2
20220422 012306.179 INFO             PET1  PASS  Example ESMF_VMUserMpiCommEx, ESMF_VMUserMpiCommEx.F90, line 113
20220422 012306.179 INFO             PET1 Finalizing ESMF
