build time -- 2022-06-03 01:01:15
20220603 013607.419 INFO             PET0 !!!!!!!!!!!!!!!!!!!!!!!!!!!!!!!!!!!!!!!!!!!!!!!!!!!!!!
20220603 013607.419 INFO             PET0 !!! THE ESMF_LOG IS SET TO OUTPUT ALL LOG MESSAGES !!!
20220603 013607.419 INFO             PET0 !!!     THIS MAY CAUSE SLOWDOWN IN PERFORMANCE     !!!
20220603 013607.419 INFO             PET0 !!! FOR PRODUCTION RUNS, USE:                      !!!
20220603 013607.419 INFO             PET0 !!!                   ESMF_LOGKIND_Multi_On_Error  !!!
20220603 013607.419 INFO             PET0 !!!!!!!!!!!!!!!!!!!!!!!!!!!!!!!!!!!!!!!!!!!!!!!!!!!!!!
20220603 013607.419 INFO             PET0 Running with ESMF Version   : v8.4.0b00
20220603 013607.419 INFO             PET0 ESMF library build date/time: "Jun  3 2022" "00:59:21"
20220603 013607.420 INFO             PET0 ESMF library build location : /lustre/f2/dev/ncep/Mark.Potts/intel_2019.5_mpi_g_develop
20220603 013607.420 INFO             PET0 ESMF_COMM                   : mpi
20220603 013607.421 INFO             PET0 ESMF_MOAB                   : enabled
20220603 013607.421 INFO             PET0 ESMF_LAPACK                 : enabled
20220603 013607.421 INFO             PET0 ESMF_NETCDF                 : enabled
20220603 013607.421 INFO             PET0 ESMF_PNETCDF                : disabled
20220603 013607.421 INFO             PET0 ESMF_PIO                    : enabled
20220603 013607.421 INFO             PET0 ESMF_YAMLCPP                : enabled
20220603 013607.422 INFO             PET0  NUMBER_OF_PROCESSORS           1
20220603 013607.422 INFO             PET0  PASS  Example ESMF_ClockEx, ESMF_ClockEx.F90, line 220
20220603 013607.422 INFO             PET0 Finalizing ESMF
