build time -- 2022-04-03 00:39:00
20220403 011437.287 INFO             PET0 !!!!!!!!!!!!!!!!!!!!!!!!!!!!!!!!!!!!!!!!!!!!!!!!!!!!!!
20220403 011437.288 INFO             PET0 !!! THE ESMF_LOG IS SET TO OUTPUT ALL LOG MESSAGES !!!
20220403 011437.288 INFO             PET0 !!!     THIS MAY CAUSE SLOWDOWN IN PERFORMANCE     !!!
20220403 011437.288 INFO             PET0 !!! FOR PRODUCTION RUNS, USE:                      !!!
20220403 011437.288 INFO             PET0 !!!                   ESMF_LOGKIND_Multi_On_Error  !!!
20220403 011437.288 INFO             PET0 !!!!!!!!!!!!!!!!!!!!!!!!!!!!!!!!!!!!!!!!!!!!!!!!!!!!!!
20220403 011437.288 INFO             PET0 Running with ESMF Version   : v8.3.0b12
20220403 011437.288 INFO             PET0 ESMF library build date/time: "Apr  3 2022" "00:37:14"
20220403 011437.289 INFO             PET0 ESMF library build location : /lustre/f2/dev/ncep/Mark.Potts/intel_2019.5_mpi_g_develop
20220403 011437.289 INFO             PET0 ESMF_COMM                   : mpi
20220403 011437.290 INFO             PET0 ESMF_MOAB                   : enabled
20220403 011437.290 INFO             PET0 ESMF_LAPACK                 : enabled
20220403 011437.290 INFO             PET0 ESMF_NETCDF                 : enabled
20220403 011437.290 INFO             PET0 ESMF_PNETCDF                : disabled
20220403 011437.290 INFO             PET0 ESMF_PIO                    : enabled
20220403 011437.290 INFO             PET0 ESMF_YAMLCPP                : enabled
20220403 011437.291 INFO             PET0  NUMBER_OF_PROCESSORS           1
20220403 011437.291 INFO             PET0  PASS  Example CalendarEx, ESMF_CalendarEx.F90, line 217
20220403 011437.291 INFO             PET0 Finalizing ESMF
