build time -- 2022-06-03 01:01:15
20220603 013816.904 INFO             PET0 !!!!!!!!!!!!!!!!!!!!!!!!!!!!!!!!!!!!!!!!!!!!!!!!!!!!!!
20220603 013816.904 INFO             PET0 !!! THE ESMF_LOG IS SET TO OUTPUT ALL LOG MESSAGES !!!
20220603 013816.904 INFO             PET0 !!!     THIS MAY CAUSE SLOWDOWN IN PERFORMANCE     !!!
20220603 013816.904 INFO             PET0 !!! FOR PRODUCTION RUNS, USE:                      !!!
20220603 013816.904 INFO             PET0 !!!                   ESMF_LOGKIND_Multi_On_Error  !!!
20220603 013816.904 INFO             PET0 !!!!!!!!!!!!!!!!!!!!!!!!!!!!!!!!!!!!!!!!!!!!!!!!!!!!!!
20220603 013816.904 INFO             PET0 Running with ESMF Version   : v8.4.0b00
20220603 013816.905 INFO             PET0 ESMF library build date/time: "Jun  3 2022" "00:59:21"
20220603 013816.905 INFO             PET0 ESMF library build location : /lustre/f2/dev/ncep/Mark.Potts/intel_2019.5_mpi_g_develop
20220603 013816.905 INFO             PET0 ESMF_COMM                   : mpi
20220603 013816.906 INFO             PET0 ESMF_MOAB                   : enabled
20220603 013816.906 INFO             PET0 ESMF_LAPACK                 : enabled
20220603 013816.906 INFO             PET0 ESMF_NETCDF                 : enabled
20220603 013816.906 INFO             PET0 ESMF_PNETCDF                : disabled
20220603 013816.906 INFO             PET0 ESMF_PIO                    : enabled
20220603 013816.906 INFO             PET0 ESMF_YAMLCPP                : enabled
20220603 013816.922 ERROR            PET0 ESMF_StateAPI.cppF90:1189 ESMF_StateAddList Object being used before creation  - Bad Object
20220603 013816.924 INFO             PET0  NUMBER_OF_PROCESSORS           4
20220603 013816.924 INFO             PET0  PASS  Example ESMF_StateReconcileEx, ESMF_StateReconcileEx.F90, line 294
20220603 013816.924 INFO             PET0 Finalizing ESMF
20220603 013816.915 INFO             PET1 !!!!!!!!!!!!!!!!!!!!!!!!!!!!!!!!!!!!!!!!!!!!!!!!!!!!!!
20220603 013816.915 INFO             PET1 !!! THE ESMF_LOG IS SET TO OUTPUT ALL LOG MESSAGES !!!
20220603 013816.915 INFO             PET1 !!!     THIS MAY CAUSE SLOWDOWN IN PERFORMANCE     !!!
20220603 013816.915 INFO             PET1 !!! FOR PRODUCTION RUNS, USE:                      !!!
20220603 013816.915 INFO             PET1 !!!                   ESMF_LOGKIND_Multi_On_Error  !!!
20220603 013816.915 INFO             PET1 !!!!!!!!!!!!!!!!!!!!!!!!!!!!!!!!!!!!!!!!!!!!!!!!!!!!!!
20220603 013816.915 INFO             PET1 Running with ESMF Version   : v8.4.0b00
20220603 013816.915 INFO             PET1 ESMF library build date/time: "Jun  3 2022" "00:59:21"
20220603 013816.915 INFO             PET1 ESMF library build location : /lustre/f2/dev/ncep/Mark.Potts/intel_2019.5_mpi_g_develop
20220603 013816.915 INFO             PET1 ESMF_COMM                   : mpi
20220603 013816.915 INFO             PET1 ESMF_MOAB                   : enabled
20220603 013816.915 INFO             PET1 ESMF_LAPACK                 : enabled
20220603 013816.915 INFO             PET1 ESMF_NETCDF                 : enabled
20220603 013816.916 INFO             PET1 ESMF_PNETCDF                : disabled
20220603 013816.916 INFO             PET1 ESMF_PIO                    : enabled
20220603 013816.916 INFO             PET1 ESMF_YAMLCPP                : enabled
20220603 013816.922 ERROR            PET1 ESMF_StateAPI.cppF90:1189 ESMF_StateAddList Object being used before creation  - Bad Object
20220603 013816.924 INFO             PET1  NUMBER_OF_PROCESSORS           4
20220603 013816.924 INFO             PET1  PASS  Example ESMF_StateReconcileEx, ESMF_StateReconcileEx.F90, line 294
20220603 013816.924 INFO             PET1 Finalizing ESMF
20220603 013816.919 INFO             PET2 !!!!!!!!!!!!!!!!!!!!!!!!!!!!!!!!!!!!!!!!!!!!!!!!!!!!!!
20220603 013816.919 INFO             PET2 !!! THE ESMF_LOG IS SET TO OUTPUT ALL LOG MESSAGES !!!
20220603 013816.919 INFO             PET2 !!!     THIS MAY CAUSE SLOWDOWN IN PERFORMANCE     !!!
20220603 013816.919 INFO             PET2 !!! FOR PRODUCTION RUNS, USE:                      !!!
20220603 013816.919 INFO             PET2 !!!                   ESMF_LOGKIND_Multi_On_Error  !!!
20220603 013816.919 INFO             PET2 !!!!!!!!!!!!!!!!!!!!!!!!!!!!!!!!!!!!!!!!!!!!!!!!!!!!!!
20220603 013816.919 INFO             PET2 Running with ESMF Version   : v8.4.0b00
20220603 013816.919 INFO             PET2 ESMF library build date/time: "Jun  3 2022" "00:59:21"
20220603 013816.919 INFO             PET2 ESMF library build location : /lustre/f2/dev/ncep/Mark.Potts/intel_2019.5_mpi_g_develop
20220603 013816.919 INFO             PET2 ESMF_COMM                   : mpi
20220603 013816.920 INFO             PET2 ESMF_MOAB                   : enabled
20220603 013816.920 INFO             PET2 ESMF_LAPACK                 : enabled
20220603 013816.920 INFO             PET2 ESMF_NETCDF                 : enabled
20220603 013816.920 INFO             PET2 ESMF_PNETCDF                : disabled
20220603 013816.920 INFO             PET2 ESMF_PIO                    : enabled
20220603 013816.920 INFO             PET2 ESMF_YAMLCPP                : enabled
20220603 013816.922 ERROR            PET2 ESMF_StateAPI.cppF90:1189 ESMF_StateAddList Object being used before creation  - Bad Object
20220603 013816.924 INFO             PET2  NUMBER_OF_PROCESSORS           4
20220603 013816.924 INFO             PET2  PASS  Example ESMF_StateReconcileEx, ESMF_StateReconcileEx.F90, line 294
20220603 013816.924 INFO             PET2 Finalizing ESMF
20220603 013816.916 INFO             PET3 !!!!!!!!!!!!!!!!!!!!!!!!!!!!!!!!!!!!!!!!!!!!!!!!!!!!!!
20220603 013816.916 INFO             PET3 !!! THE ESMF_LOG IS SET TO OUTPUT ALL LOG MESSAGES !!!
20220603 013816.916 INFO             PET3 !!!     THIS MAY CAUSE SLOWDOWN IN PERFORMANCE     !!!
20220603 013816.916 INFO             PET3 !!! FOR PRODUCTION RUNS, USE:                      !!!
20220603 013816.916 INFO             PET3 !!!                   ESMF_LOGKIND_Multi_On_Error  !!!
20220603 013816.916 INFO             PET3 !!!!!!!!!!!!!!!!!!!!!!!!!!!!!!!!!!!!!!!!!!!!!!!!!!!!!!
20220603 013816.916 INFO             PET3 Running with ESMF Version   : v8.4.0b00
20220603 013816.916 INFO             PET3 ESMF library build date/time: "Jun  3 2022" "00:59:21"
20220603 013816.916 INFO             PET3 ESMF library build location : /lustre/f2/dev/ncep/Mark.Potts/intel_2019.5_mpi_g_develop
20220603 013816.916 INFO             PET3 ESMF_COMM                   : mpi
20220603 013816.917 INFO             PET3 ESMF_MOAB                   : enabled
20220603 013816.917 INFO             PET3 ESMF_LAPACK                 : enabled
20220603 013816.917 INFO             PET3 ESMF_NETCDF                 : enabled
20220603 013816.917 INFO             PET3 ESMF_PNETCDF                : disabled
20220603 013816.917 INFO             PET3 ESMF_PIO                    : enabled
20220603 013816.917 INFO             PET3 ESMF_YAMLCPP                : enabled
20220603 013816.922 ERROR            PET3 ESMF_StateAPI.cppF90:1189 ESMF_StateAddList Object being used before creation  - Bad Object
20220603 013816.924 INFO             PET3  NUMBER_OF_PROCESSORS           4
20220603 013816.924 INFO             PET3  PASS  Example ESMF_StateReconcileEx, ESMF_StateReconcileEx.F90, line 294
20220603 013816.924 INFO             PET3 Finalizing ESMF
