build time -- 2022-04-05 00:37:12
20220405 011051.888 INFO             PET0 !!!!!!!!!!!!!!!!!!!!!!!!!!!!!!!!!!!!!!!!!!!!!!!!!!!!!!
20220405 011051.888 INFO             PET0 !!! THE ESMF_LOG IS SET TO OUTPUT ALL LOG MESSAGES !!!
20220405 011051.888 INFO             PET0 !!!     THIS MAY CAUSE SLOWDOWN IN PERFORMANCE     !!!
20220405 011051.888 INFO             PET0 !!! FOR PRODUCTION RUNS, USE:                      !!!
20220405 011051.888 INFO             PET0 !!!                   ESMF_LOGKIND_Multi_On_Error  !!!
20220405 011051.888 INFO             PET0 !!!!!!!!!!!!!!!!!!!!!!!!!!!!!!!!!!!!!!!!!!!!!!!!!!!!!!
20220405 011051.888 INFO             PET0 Running with ESMF Version   : v8.3.0b12
20220405 011051.888 INFO             PET0 ESMF library build date/time: "Apr  5 2022" "00:35:25"
20220405 011051.888 INFO             PET0 ESMF library build location : /lustre/f2/dev/ncep/Mark.Potts/intel_2019.5_mpi_g_develop
20220405 011051.888 INFO             PET0 ESMF_COMM                   : mpi
20220405 011051.889 INFO             PET0 ESMF_MOAB                   : enabled
20220405 011051.889 INFO             PET0 ESMF_LAPACK                 : enabled
20220405 011051.889 INFO             PET0 ESMF_NETCDF                 : enabled
20220405 011051.889 INFO             PET0 ESMF_PNETCDF                : disabled
20220405 011051.889 INFO             PET0 ESMF_PIO                    : enabled
20220405 011051.889 INFO             PET0 ESMF_YAMLCPP                : enabled
20220405 011051.919 INFO             PET0 ESMF_FieldRedistStoreNF(): Just entered routine.
20220405 011051.964 INFO             PET0 ESMF_FieldRedistStoreNF(): Leaving routine.
20220405 011051.969 INFO             PET0  NUMBER_OF_PROCESSORS           4
20220405 011051.969 INFO             PET0  PASS  Example ESMF_RHandleFromRHandleEx, ESMF_RHandleFromRHandleEx.F90, line 660
20220405 011051.969 INFO             PET0 Finalizing ESMF
20220405 011051.905 INFO             PET1 !!!!!!!!!!!!!!!!!!!!!!!!!!!!!!!!!!!!!!!!!!!!!!!!!!!!!!
20220405 011051.905 INFO             PET1 !!! THE ESMF_LOG IS SET TO OUTPUT ALL LOG MESSAGES !!!
20220405 011051.905 INFO             PET1 !!!     THIS MAY CAUSE SLOWDOWN IN PERFORMANCE     !!!
20220405 011051.905 INFO             PET1 !!! FOR PRODUCTION RUNS, USE:                      !!!
20220405 011051.905 INFO             PET1 !!!                   ESMF_LOGKIND_Multi_On_Error  !!!
20220405 011051.905 INFO             PET1 !!!!!!!!!!!!!!!!!!!!!!!!!!!!!!!!!!!!!!!!!!!!!!!!!!!!!!
20220405 011051.905 INFO             PET1 Running with ESMF Version   : v8.3.0b12
20220405 011051.905 INFO             PET1 ESMF library build date/time: "Apr  5 2022" "00:35:25"
20220405 011051.905 INFO             PET1 ESMF library build location : /lustre/f2/dev/ncep/Mark.Potts/intel_2019.5_mpi_g_develop
20220405 011051.905 INFO             PET1 ESMF_COMM                   : mpi
20220405 011051.906 INFO             PET1 ESMF_MOAB                   : enabled
20220405 011051.906 INFO             PET1 ESMF_LAPACK                 : enabled
20220405 011051.906 INFO             PET1 ESMF_NETCDF                 : enabled
20220405 011051.906 INFO             PET1 ESMF_PNETCDF                : disabled
20220405 011051.906 INFO             PET1 ESMF_PIO                    : enabled
20220405 011051.906 INFO             PET1 ESMF_YAMLCPP                : enabled
20220405 011051.919 INFO             PET1 ESMF_FieldRedistStoreNF(): Just entered routine.
20220405 011051.964 INFO             PET1 ESMF_FieldRedistStoreNF(): Leaving routine.
20220405 011051.969 INFO             PET1  NUMBER_OF_PROCESSORS           4
20220405 011051.969 INFO             PET1  PASS  Example ESMF_RHandleFromRHandleEx, ESMF_RHandleFromRHandleEx.F90, line 660
20220405 011051.969 INFO             PET1 Finalizing ESMF
20220405 011051.894 INFO             PET2 !!!!!!!!!!!!!!!!!!!!!!!!!!!!!!!!!!!!!!!!!!!!!!!!!!!!!!
20220405 011051.894 INFO             PET2 !!! THE ESMF_LOG IS SET TO OUTPUT ALL LOG MESSAGES !!!
20220405 011051.894 INFO             PET2 !!!     THIS MAY CAUSE SLOWDOWN IN PERFORMANCE     !!!
20220405 011051.894 INFO             PET2 !!! FOR PRODUCTION RUNS, USE:                      !!!
20220405 011051.894 INFO             PET2 !!!                   ESMF_LOGKIND_Multi_On_Error  !!!
20220405 011051.894 INFO             PET2 !!!!!!!!!!!!!!!!!!!!!!!!!!!!!!!!!!!!!!!!!!!!!!!!!!!!!!
20220405 011051.894 INFO             PET2 Running with ESMF Version   : v8.3.0b12
20220405 011051.894 INFO             PET2 ESMF library build date/time: "Apr  5 2022" "00:35:25"
20220405 011051.894 INFO             PET2 ESMF library build location : /lustre/f2/dev/ncep/Mark.Potts/intel_2019.5_mpi_g_develop
20220405 011051.894 INFO             PET2 ESMF_COMM                   : mpi
20220405 011051.895 INFO             PET2 ESMF_MOAB                   : enabled
20220405 011051.895 INFO             PET2 ESMF_LAPACK                 : enabled
20220405 011051.895 INFO             PET2 ESMF_NETCDF                 : enabled
20220405 011051.895 INFO             PET2 ESMF_PNETCDF                : disabled
20220405 011051.895 INFO             PET2 ESMF_PIO                    : enabled
20220405 011051.895 INFO             PET2 ESMF_YAMLCPP                : enabled
20220405 011051.919 INFO             PET2 ESMF_FieldRedistStoreNF(): Just entered routine.
20220405 011051.964 INFO             PET2 ESMF_FieldRedistStoreNF(): Leaving routine.
20220405 011051.967 INFO             PET2  NUMBER_OF_PROCESSORS           4
20220405 011051.967 INFO             PET2  PASS  Example ESMF_RHandleFromRHandleEx, ESMF_RHandleFromRHandleEx.F90, line 660
20220405 011051.967 INFO             PET2 Finalizing ESMF
20220405 011051.898 INFO             PET3 !!!!!!!!!!!!!!!!!!!!!!!!!!!!!!!!!!!!!!!!!!!!!!!!!!!!!!
20220405 011051.898 INFO             PET3 !!! THE ESMF_LOG IS SET TO OUTPUT ALL LOG MESSAGES !!!
20220405 011051.898 INFO             PET3 !!!     THIS MAY CAUSE SLOWDOWN IN PERFORMANCE     !!!
20220405 011051.898 INFO             PET3 !!! FOR PRODUCTION RUNS, USE:                      !!!
20220405 011051.898 INFO             PET3 !!!                   ESMF_LOGKIND_Multi_On_Error  !!!
20220405 011051.898 INFO             PET3 !!!!!!!!!!!!!!!!!!!!!!!!!!!!!!!!!!!!!!!!!!!!!!!!!!!!!!
20220405 011051.898 INFO             PET3 Running with ESMF Version   : v8.3.0b12
20220405 011051.898 INFO             PET3 ESMF library build date/time: "Apr  5 2022" "00:35:25"
20220405 011051.898 INFO             PET3 ESMF library build location : /lustre/f2/dev/ncep/Mark.Potts/intel_2019.5_mpi_g_develop
20220405 011051.898 INFO             PET3 ESMF_COMM                   : mpi
20220405 011051.899 INFO             PET3 ESMF_MOAB                   : enabled
20220405 011051.899 INFO             PET3 ESMF_LAPACK                 : enabled
20220405 011051.899 INFO             PET3 ESMF_NETCDF                 : enabled
20220405 011051.899 INFO             PET3 ESMF_PNETCDF                : disabled
20220405 011051.899 INFO             PET3 ESMF_PIO                    : enabled
20220405 011051.899 INFO             PET3 ESMF_YAMLCPP                : enabled
20220405 011051.919 INFO             PET3 ESMF_FieldRedistStoreNF(): Just entered routine.
20220405 011051.964 INFO             PET3 ESMF_FieldRedistStoreNF(): Leaving routine.
20220405 011051.969 INFO             PET3  NUMBER_OF_PROCESSORS           4
20220405 011051.969 INFO             PET3  PASS  Example ESMF_RHandleFromRHandleEx, ESMF_RHandleFromRHandleEx.F90, line 660
20220405 011051.969 INFO             PET3 Finalizing ESMF
