build time -- 2022-04-16 00:44:48
20220416 014821.079 INFO             PET0 !!!!!!!!!!!!!!!!!!!!!!!!!!!!!!!!!!!!!!!!!!!!!!!!!!!!!!
20220416 014821.079 INFO             PET0 !!! THE ESMF_LOG IS SET TO OUTPUT ALL LOG MESSAGES !!!
20220416 014821.079 INFO             PET0 !!!     THIS MAY CAUSE SLOWDOWN IN PERFORMANCE     !!!
20220416 014821.079 INFO             PET0 !!! FOR PRODUCTION RUNS, USE:                      !!!
20220416 014821.079 INFO             PET0 !!!                   ESMF_LOGKIND_Multi_On_Error  !!!
20220416 014821.079 INFO             PET0 !!!!!!!!!!!!!!!!!!!!!!!!!!!!!!!!!!!!!!!!!!!!!!!!!!!!!!
20220416 014821.079 INFO             PET0 Running with ESMF Version   : v8.3.0b12-66-g968479064d
20220416 014821.079 INFO             PET0 ESMF library build date/time: "Apr 16 2022" "00:42:32"
20220416 014821.079 INFO             PET0 ESMF library build location : /lustre/f2/dev/ncep/Mark.Potts/intel_2019.5_mpi_g_develop
20220416 014821.079 INFO             PET0 ESMF_COMM                   : mpi
20220416 014821.081 INFO             PET0 ESMF_MOAB                   : enabled
20220416 014821.081 INFO             PET0 ESMF_LAPACK                 : enabled
20220416 014821.081 INFO             PET0 ESMF_NETCDF                 : enabled
20220416 014821.081 INFO             PET0 ESMF_PNETCDF                : disabled
20220416 014821.081 INFO             PET0 ESMF_PIO                    : enabled
20220416 014821.081 INFO             PET0 ESMF_YAMLCPP                : enabled
20220416 014821.083 INFO             PET0  NUMBER_OF_PROCESSORS           4
20220416 014821.083 INFO             PET0  PASS  Example ESMF_VMUserMpiCommMultiEx, ESMF_VMUserMpiCommMultiEx.F90, line 126
20220416 014821.083 INFO             PET0 Finalizing ESMF
20220416 014821.079 INFO             PET0 !!!!!!!!!!!!!!!!!!!!!!!!!!!!!!!!!!!!!!!!!!!!!!!!!!!!!!
20220416 014821.079 INFO             PET0 !!! THE ESMF_LOG IS SET TO OUTPUT ALL LOG MESSAGES !!!
20220416 014821.079 INFO             PET0 !!!     THIS MAY CAUSE SLOWDOWN IN PERFORMANCE     !!!
20220416 014821.079 INFO             PET0 !!! FOR PRODUCTION RUNS, USE:                      !!!
20220416 014821.079 INFO             PET0 !!!                   ESMF_LOGKIND_Multi_On_Error  !!!
20220416 014821.079 INFO             PET0 !!!!!!!!!!!!!!!!!!!!!!!!!!!!!!!!!!!!!!!!!!!!!!!!!!!!!!
20220416 014821.079 INFO             PET0 Running with ESMF Version   : v8.3.0b12-66-g968479064d
20220416 014821.079 INFO             PET0 ESMF library build date/time: "Apr 16 2022" "00:42:32"
20220416 014821.079 INFO             PET0 ESMF library build location : /lustre/f2/dev/ncep/Mark.Potts/intel_2019.5_mpi_g_develop
20220416 014821.079 INFO             PET0 ESMF_COMM                   : mpi
20220416 014821.080 INFO             PET0 ESMF_MOAB                   : enabled
20220416 014821.080 INFO             PET0 ESMF_LAPACK                 : enabled
20220416 014821.080 INFO             PET0 ESMF_NETCDF                 : enabled
20220416 014821.080 INFO             PET0 ESMF_PNETCDF                : disabled
20220416 014821.080 INFO             PET0 ESMF_PIO                    : enabled
20220416 014821.080 INFO             PET0 ESMF_YAMLCPP                : enabled
20220416 014821.082 INFO             PET0  NUMBER_OF_PROCESSORS           4
20220416 014821.082 INFO             PET0  PASS  Example ESMF_VMUserMpiCommMultiEx, ESMF_VMUserMpiCommMultiEx.F90, line 154
20220416 014821.082 INFO             PET0 Finalizing ESMF
20220416 014821.082 INFO             PET1 !!!!!!!!!!!!!!!!!!!!!!!!!!!!!!!!!!!!!!!!!!!!!!!!!!!!!!
20220416 014821.082 INFO             PET1 !!! THE ESMF_LOG IS SET TO OUTPUT ALL LOG MESSAGES !!!
20220416 014821.082 INFO             PET1 !!!     THIS MAY CAUSE SLOWDOWN IN PERFORMANCE     !!!
20220416 014821.082 INFO             PET1 !!! FOR PRODUCTION RUNS, USE:                      !!!
20220416 014821.082 INFO             PET1 !!!                   ESMF_LOGKIND_Multi_On_Error  !!!
20220416 014821.082 INFO             PET1 !!!!!!!!!!!!!!!!!!!!!!!!!!!!!!!!!!!!!!!!!!!!!!!!!!!!!!
20220416 014821.082 INFO             PET1 Running with ESMF Version   : v8.3.0b12-66-g968479064d
20220416 014821.082 INFO             PET1 ESMF library build date/time: "Apr 16 2022" "00:42:32"
20220416 014821.082 INFO             PET1 ESMF library build location : /lustre/f2/dev/ncep/Mark.Potts/intel_2019.5_mpi_g_develop
20220416 014821.082 INFO             PET1 ESMF_COMM                   : mpi
20220416 014821.083 INFO             PET1 ESMF_MOAB                   : enabled
20220416 014821.083 INFO             PET1 ESMF_LAPACK                 : enabled
20220416 014821.083 INFO             PET1 ESMF_NETCDF                 : enabled
20220416 014821.083 INFO             PET1 ESMF_PNETCDF                : disabled
20220416 014821.083 INFO             PET1 ESMF_PIO                    : enabled
20220416 014821.083 INFO             PET1 ESMF_YAMLCPP                : enabled
20220416 014821.083 INFO             PET1  NUMBER_OF_PROCESSORS           4
20220416 014821.083 INFO             PET1  PASS  Example ESMF_VMUserMpiCommMultiEx, ESMF_VMUserMpiCommMultiEx.F90, line 126
20220416 014821.083 INFO             PET1 Finalizing ESMF
20220416 014821.081 INFO             PET1 !!!!!!!!!!!!!!!!!!!!!!!!!!!!!!!!!!!!!!!!!!!!!!!!!!!!!!
20220416 014821.081 INFO             PET1 !!! THE ESMF_LOG IS SET TO OUTPUT ALL LOG MESSAGES !!!
20220416 014821.081 INFO             PET1 !!!     THIS MAY CAUSE SLOWDOWN IN PERFORMANCE     !!!
20220416 014821.081 INFO             PET1 !!! FOR PRODUCTION RUNS, USE:                      !!!
20220416 014821.081 INFO             PET1 !!!                   ESMF_LOGKIND_Multi_On_Error  !!!
20220416 014821.081 INFO             PET1 !!!!!!!!!!!!!!!!!!!!!!!!!!!!!!!!!!!!!!!!!!!!!!!!!!!!!!
20220416 014821.081 INFO             PET1 Running with ESMF Version   : v8.3.0b12-66-g968479064d
20220416 014821.081 INFO             PET1 ESMF library build date/time: "Apr 16 2022" "00:42:32"
20220416 014821.081 INFO             PET1 ESMF library build location : /lustre/f2/dev/ncep/Mark.Potts/intel_2019.5_mpi_g_develop
20220416 014821.081 INFO             PET1 ESMF_COMM                   : mpi
20220416 014821.082 INFO             PET1 ESMF_MOAB                   : enabled
20220416 014821.082 INFO             PET1 ESMF_LAPACK                 : enabled
20220416 014821.082 INFO             PET1 ESMF_NETCDF                 : enabled
20220416 014821.082 INFO             PET1 ESMF_PNETCDF                : disabled
20220416 014821.082 INFO             PET1 ESMF_PIO                    : enabled
20220416 014821.082 INFO             PET1 ESMF_YAMLCPP                : enabled
20220416 014821.082 INFO             PET1  NUMBER_OF_PROCESSORS           4
20220416 014821.082 INFO             PET1  PASS  Example ESMF_VMUserMpiCommMultiEx, ESMF_VMUserMpiCommMultiEx.F90, line 154
20220416 014821.082 INFO             PET1 Finalizing ESMF
