build time -- 2022-04-09 00:47:31
20220409 055504.041 INFO             PET0 !!!!!!!!!!!!!!!!!!!!!!!!!!!!!!!!!!!!!!!!!!!!!!!!!!!!!!
20220409 055504.041 INFO             PET0 !!! THE ESMF_LOG IS SET TO OUTPUT ALL LOG MESSAGES !!!
20220409 055504.041 INFO             PET0 !!!     THIS MAY CAUSE SLOWDOWN IN PERFORMANCE     !!!
20220409 055504.041 INFO             PET0 !!! FOR PRODUCTION RUNS, USE:                      !!!
20220409 055504.041 INFO             PET0 !!!                   ESMF_LOGKIND_Multi_On_Error  !!!
20220409 055504.041 INFO             PET0 !!!!!!!!!!!!!!!!!!!!!!!!!!!!!!!!!!!!!!!!!!!!!!!!!!!!!!
20220409 055504.041 INFO             PET0 Running with ESMF Version   : v8.3.0b12-1-g7c85d54760
20220409 055504.041 INFO             PET0 ESMF library build date/time: "Apr  9 2022" "00:45:04"
20220409 055504.041 INFO             PET0 ESMF library build location : /lustre/f2/dev/ncep/Mark.Potts/intel_2019.5_mpi_g_develop
20220409 055504.041 INFO             PET0 ESMF_COMM                   : mpi
20220409 055504.042 INFO             PET0 ESMF_MOAB                   : enabled
20220409 055504.042 INFO             PET0 ESMF_LAPACK                 : enabled
20220409 055504.042 INFO             PET0 ESMF_NETCDF                 : enabled
20220409 055504.042 INFO             PET0 ESMF_PNETCDF                : disabled
20220409 055504.042 INFO             PET0 ESMF_PIO                    : enabled
20220409 055504.042 INFO             PET0 ESMF_YAMLCPP                : enabled
20220409 055504.085 INFO             PET0  NUMBER_OF_PROCESSORS           4
20220409 055504.085 INFO             PET0  PASS  Example ESMF_ArrayHaloEx, ESMF_ArrayHaloEx.F90, line 460
20220409 055504.085 INFO             PET0 Finalizing ESMF
20220409 055504.024 INFO             PET1 !!!!!!!!!!!!!!!!!!!!!!!!!!!!!!!!!!!!!!!!!!!!!!!!!!!!!!
20220409 055504.033 INFO             PET1 !!! THE ESMF_LOG IS SET TO OUTPUT ALL LOG MESSAGES !!!
20220409 055504.033 INFO             PET1 !!!     THIS MAY CAUSE SLOWDOWN IN PERFORMANCE     !!!
20220409 055504.033 INFO             PET1 !!! FOR PRODUCTION RUNS, USE:                      !!!
20220409 055504.033 INFO             PET1 !!!                   ESMF_LOGKIND_Multi_On_Error  !!!
20220409 055504.033 INFO             PET1 !!!!!!!!!!!!!!!!!!!!!!!!!!!!!!!!!!!!!!!!!!!!!!!!!!!!!!
20220409 055504.033 INFO             PET1 Running with ESMF Version   : v8.3.0b12-1-g7c85d54760
20220409 055504.034 INFO             PET1 ESMF library build date/time: "Apr  9 2022" "00:45:04"
20220409 055504.034 INFO             PET1 ESMF library build location : /lustre/f2/dev/ncep/Mark.Potts/intel_2019.5_mpi_g_develop
20220409 055504.035 INFO             PET1 ESMF_COMM                   : mpi
20220409 055504.037 INFO             PET1 ESMF_MOAB                   : enabled
20220409 055504.037 INFO             PET1 ESMF_LAPACK                 : enabled
20220409 055504.037 INFO             PET1 ESMF_NETCDF                 : enabled
20220409 055504.037 INFO             PET1 ESMF_PNETCDF                : disabled
20220409 055504.037 INFO             PET1 ESMF_PIO                    : enabled
20220409 055504.038 INFO             PET1 ESMF_YAMLCPP                : enabled
20220409 055504.084 INFO             PET1  NUMBER_OF_PROCESSORS           4
20220409 055504.084 INFO             PET1  PASS  Example ESMF_ArrayHaloEx, ESMF_ArrayHaloEx.F90, line 460
20220409 055504.085 INFO             PET1 Finalizing ESMF
20220409 055504.040 INFO             PET2 !!!!!!!!!!!!!!!!!!!!!!!!!!!!!!!!!!!!!!!!!!!!!!!!!!!!!!
20220409 055504.040 INFO             PET2 !!! THE ESMF_LOG IS SET TO OUTPUT ALL LOG MESSAGES !!!
20220409 055504.040 INFO             PET2 !!!     THIS MAY CAUSE SLOWDOWN IN PERFORMANCE     !!!
20220409 055504.040 INFO             PET2 !!! FOR PRODUCTION RUNS, USE:                      !!!
20220409 055504.040 INFO             PET2 !!!                   ESMF_LOGKIND_Multi_On_Error  !!!
20220409 055504.040 INFO             PET2 !!!!!!!!!!!!!!!!!!!!!!!!!!!!!!!!!!!!!!!!!!!!!!!!!!!!!!
20220409 055504.040 INFO             PET2 Running with ESMF Version   : v8.3.0b12-1-g7c85d54760
20220409 055504.040 INFO             PET2 ESMF library build date/time: "Apr  9 2022" "00:45:04"
20220409 055504.040 INFO             PET2 ESMF library build location : /lustre/f2/dev/ncep/Mark.Potts/intel_2019.5_mpi_g_develop
20220409 055504.040 INFO             PET2 ESMF_COMM                   : mpi
20220409 055504.041 INFO             PET2 ESMF_MOAB                   : enabled
20220409 055504.041 INFO             PET2 ESMF_LAPACK                 : enabled
20220409 055504.041 INFO             PET2 ESMF_NETCDF                 : enabled
20220409 055504.041 INFO             PET2 ESMF_PNETCDF                : disabled
20220409 055504.041 INFO             PET2 ESMF_PIO                    : enabled
20220409 055504.041 INFO             PET2 ESMF_YAMLCPP                : enabled
20220409 055504.084 INFO             PET2  NUMBER_OF_PROCESSORS           4
20220409 055504.084 INFO             PET2  PASS  Example ESMF_ArrayHaloEx, ESMF_ArrayHaloEx.F90, line 460
20220409 055504.085 INFO             PET2 Finalizing ESMF
20220409 055504.035 INFO             PET3 !!!!!!!!!!!!!!!!!!!!!!!!!!!!!!!!!!!!!!!!!!!!!!!!!!!!!!
20220409 055504.035 INFO             PET3 !!! THE ESMF_LOG IS SET TO OUTPUT ALL LOG MESSAGES !!!
20220409 055504.035 INFO             PET3 !!!     THIS MAY CAUSE SLOWDOWN IN PERFORMANCE     !!!
20220409 055504.035 INFO             PET3 !!! FOR PRODUCTION RUNS, USE:                      !!!
20220409 055504.035 INFO             PET3 !!!                   ESMF_LOGKIND_Multi_On_Error  !!!
20220409 055504.035 INFO             PET3 !!!!!!!!!!!!!!!!!!!!!!!!!!!!!!!!!!!!!!!!!!!!!!!!!!!!!!
20220409 055504.035 INFO             PET3 Running with ESMF Version   : v8.3.0b12-1-g7c85d54760
20220409 055504.035 INFO             PET3 ESMF library build date/time: "Apr  9 2022" "00:45:04"
20220409 055504.035 INFO             PET3 ESMF library build location : /lustre/f2/dev/ncep/Mark.Potts/intel_2019.5_mpi_g_develop
20220409 055504.035 INFO             PET3 ESMF_COMM                   : mpi
20220409 055504.037 INFO             PET3 ESMF_MOAB                   : enabled
20220409 055504.037 INFO             PET3 ESMF_LAPACK                 : enabled
20220409 055504.037 INFO             PET3 ESMF_NETCDF                 : enabled
20220409 055504.037 INFO             PET3 ESMF_PNETCDF                : disabled
20220409 055504.037 INFO             PET3 ESMF_PIO                    : enabled
20220409 055504.038 INFO             PET3 ESMF_YAMLCPP                : enabled
20220409 055504.084 INFO             PET3  NUMBER_OF_PROCESSORS           4
20220409 055504.084 INFO             PET3  PASS  Example ESMF_ArrayHaloEx, ESMF_ArrayHaloEx.F90, line 460
20220409 055504.085 INFO             PET3 Finalizing ESMF
