build time -- 2022-04-30 02:05:45.820550
20220430 030520.602 INFO             PET0 !!!!!!!!!!!!!!!!!!!!!!!!!!!!!!!!!!!!!!!!!!!!!!!!!!!!!!
20220430 030520.602 INFO             PET0 !!! THE ESMF_LOG IS SET TO OUTPUT ALL LOG MESSAGES !!!
20220430 030520.602 INFO             PET0 !!!     THIS MAY CAUSE SLOWDOWN IN PERFORMANCE     !!!
20220430 030520.602 INFO             PET0 !!! FOR PRODUCTION RUNS, USE:                      !!!
20220430 030520.602 INFO             PET0 !!!                   ESMF_LOGKIND_Multi_On_Error  !!!
20220430 030520.602 INFO             PET0 !!!!!!!!!!!!!!!!!!!!!!!!!!!!!!!!!!!!!!!!!!!!!!!!!!!!!!
20220430 030520.602 INFO             PET0 Running with ESMF Version   : v8.3.0b13-3-g648c7f896f
20220430 030520.602 INFO             PET0 ESMF library build date/time: "Apr 30 2022" "02:01:41"
20220430 030520.602 INFO             PET0 ESMF library build location : /gpfsm/dnb04/projects/p98/mpotts/esmf/pgi_20.4_mpiuni_g_develop
20220430 030520.602 INFO             PET0 ESMF_COMM                   : mpiuni
20220430 030520.602 INFO             PET0 ESMF_MOAB                   : enabled
20220430 030520.602 INFO             PET0 ESMF_LAPACK                 : enabled
20220430 030520.602 INFO             PET0 ESMF_NETCDF                 : disabled
20220430 030520.602 INFO             PET0 ESMF_PNETCDF                : disabled
20220430 030520.602 INFO             PET0 ESMF_PIO                    : disabled
20220430 030520.602 INFO             PET0 ESMF_YAMLCPP                : enabled
20220430 030520.602 INFO             PET0  NUMBER_OF_PROCESSORS            1
20220430 030520.602 INFO             PET0  PASS  Example CalendarEx, ESMF_CalendarEx.F90, line 217
20220430 030520.602 INFO             PET0 Finalizing ESMF
