build time -- 2022-04-22 01:47:12.074240
20220422 025426.782 INFO             PET0 !!!!!!!!!!!!!!!!!!!!!!!!!!!!!!!!!!!!!!!!!!!!!!!!!!!!!!
20220422 025426.782 INFO             PET0 !!! THE ESMF_LOG IS SET TO OUTPUT ALL LOG MESSAGES !!!
20220422 025426.782 INFO             PET0 !!!     THIS MAY CAUSE SLOWDOWN IN PERFORMANCE     !!!
20220422 025426.782 INFO             PET0 !!! FOR PRODUCTION RUNS, USE:                      !!!
20220422 025426.782 INFO             PET0 !!!                   ESMF_LOGKIND_Multi_On_Error  !!!
20220422 025426.782 INFO             PET0 !!!!!!!!!!!!!!!!!!!!!!!!!!!!!!!!!!!!!!!!!!!!!!!!!!!!!!
20220422 025426.782 INFO             PET0 Running with ESMF Version   : v8.3.0b13
20220422 025426.782 INFO             PET0 ESMF library build date/time: "Apr 22 2022" "01:42:12"
20220422 025426.782 INFO             PET0 ESMF library build location : /gpfsm/dnb04/projects/p98/mpotts/esmf/pgi_20.4_mpiuni_g_develop
20220422 025426.783 INFO             PET0 ESMF_COMM                   : mpiuni
20220422 025426.783 INFO             PET0 ESMF_MOAB                   : enabled
20220422 025426.783 INFO             PET0 ESMF_LAPACK                 : enabled
20220422 025426.783 INFO             PET0 ESMF_NETCDF                 : disabled
20220422 025426.783 INFO             PET0 ESMF_PNETCDF                : disabled
20220422 025426.783 INFO             PET0 ESMF_PIO                    : disabled
20220422 025426.783 INFO             PET0 ESMF_YAMLCPP                : enabled
20220422 025426.784 INFO             PET0  NUMBER_OF_PROCESSORS            1
20220422 025426.784 INFO             PET0  PASS  Example ESMF_ClockEx, ESMF_ClockEx.F90, line 220
20220422 025426.784 INFO             PET0 Finalizing ESMF
