build time -- 2022-05-14 01:40:29.959974
20220514 023822.186 INFO             PET0 !!!!!!!!!!!!!!!!!!!!!!!!!!!!!!!!!!!!!!!!!!!!!!!!!!!!!!
20220514 023822.186 INFO             PET0 !!! THE ESMF_LOG IS SET TO OUTPUT ALL LOG MESSAGES !!!
20220514 023822.186 INFO             PET0 !!!     THIS MAY CAUSE SLOWDOWN IN PERFORMANCE     !!!
20220514 023822.186 INFO             PET0 !!! FOR PRODUCTION RUNS, USE:                      !!!
20220514 023822.186 INFO             PET0 !!!                   ESMF_LOGKIND_Multi_On_Error  !!!
20220514 023822.186 INFO             PET0 !!!!!!!!!!!!!!!!!!!!!!!!!!!!!!!!!!!!!!!!!!!!!!!!!!!!!!
20220514 023822.186 INFO             PET0 Running with ESMF Version   : v8.3.0b14-2-gde129fc120
20220514 023822.186 INFO             PET0 ESMF library build date/time: "May 14 2022" "01:35:55"
20220514 023822.186 INFO             PET0 ESMF library build location : /gpfsm/dnb04/projects/p98/mpotts/esmf/pgi_20.4_mpiuni_g_develop
20220514 023822.186 INFO             PET0 ESMF_COMM                   : mpiuni
20220514 023822.186 INFO             PET0 ESMF_MOAB                   : enabled
20220514 023822.186 INFO             PET0 ESMF_LAPACK                 : enabled
20220514 023822.186 INFO             PET0 ESMF_NETCDF                 : disabled
20220514 023822.186 INFO             PET0 ESMF_PNETCDF                : disabled
20220514 023822.186 INFO             PET0 ESMF_PIO                    : disabled
20220514 023822.186 INFO             PET0 ESMF_YAMLCPP                : enabled
20220514 023822.186 INFO             PET0  NUMBER_OF_PROCESSORS            1
20220514 023822.186 INFO             PET0  PASS  Example ESMF_VMUserMpiCommMultiEx, ESMF_VMUserMpiCommMultiEx.F90, line 126
20220514 023822.186 INFO             PET0 Finalizing ESMF
