build time -- 2022-05-15 01:39:53.571131
20220515 024110.505 INFO             PET0 !!!!!!!!!!!!!!!!!!!!!!!!!!!!!!!!!!!!!!!!!!!!!!!!!!!!!!
20220515 024110.505 INFO             PET0 !!! THE ESMF_LOG IS SET TO OUTPUT ALL LOG MESSAGES !!!
20220515 024110.505 INFO             PET0 !!!     THIS MAY CAUSE SLOWDOWN IN PERFORMANCE     !!!
20220515 024110.505 INFO             PET0 !!! FOR PRODUCTION RUNS, USE:                      !!!
20220515 024110.505 INFO             PET0 !!!                   ESMF_LOGKIND_Multi_On_Error  !!!
20220515 024110.505 INFO             PET0 !!!!!!!!!!!!!!!!!!!!!!!!!!!!!!!!!!!!!!!!!!!!!!!!!!!!!!
20220515 024110.505 INFO             PET0 Running with ESMF Version   : v8.3.0b14-2-gde129fc120
20220515 024110.505 INFO             PET0 ESMF library build date/time: "May 15 2022" "01:35:38"
20220515 024110.505 INFO             PET0 ESMF library build location : /gpfsm/dnb04/projects/p98/mpotts/esmf/pgi_20.4_mpiuni_g_develop
20220515 024110.505 INFO             PET0 ESMF_COMM                   : mpiuni
20220515 024110.506 INFO             PET0 ESMF_MOAB                   : enabled
20220515 024110.506 INFO             PET0 ESMF_LAPACK                 : enabled
20220515 024110.506 INFO             PET0 ESMF_NETCDF                 : disabled
20220515 024110.506 INFO             PET0 ESMF_PNETCDF                : disabled
20220515 024110.506 INFO             PET0 ESMF_PIO                    : disabled
20220515 024110.506 INFO             PET0 ESMF_YAMLCPP                : enabled
20220515 024110.625 DEBUG            PET0 about to destroy Grid: 0x6ad610
20220515 024110.638 DEBUG            PET0 about to destroy Grid: 0x6aef00
20220515 024110.673 INFO             PET0  NUMBER_OF_PROCESSORS            1
20220515 024110.673 INFO             PET0  PASS  Example ESMF_NUOPCAtmModelEx, ESMF_NUOPCAtmModelEx.F90, line 806
20220515 024110.673 INFO             PET0 Finalizing ESMF
