build time -- 2022-04-02 01:14:36.092500
20220402 015000.981 INFO             PET0 !!!!!!!!!!!!!!!!!!!!!!!!!!!!!!!!!!!!!!!!!!!!!!!!!!!!!!
20220402 015000.981 INFO             PET0 !!! THE ESMF_LOG IS SET TO OUTPUT ALL LOG MESSAGES !!!
20220402 015000.981 INFO             PET0 !!!     THIS MAY CAUSE SLOWDOWN IN PERFORMANCE     !!!
20220402 015000.981 INFO             PET0 !!! FOR PRODUCTION RUNS, USE:                      !!!
20220402 015000.981 INFO             PET0 !!!                   ESMF_LOGKIND_Multi_On_Error  !!!
20220402 015000.981 INFO             PET0 !!!!!!!!!!!!!!!!!!!!!!!!!!!!!!!!!!!!!!!!!!!!!!!!!!!!!!
20220402 015000.981 INFO             PET0 Running with ESMF Version   : v8.3.0b12
20220402 015000.981 INFO             PET0 ESMF library build date/time: "Apr  2 2022" "01:12:22"
20220402 015000.981 INFO             PET0 ESMF library build location : /gpfsm/dnb04/projects/p98/mpotts/esmf/intel_19.1.3_intelmpi_O_develop
20220402 015000.981 INFO             PET0 ESMF_COMM                   : intelmpi
20220402 015000.982 INFO             PET0 ESMF_MOAB                   : enabled
20220402 015000.982 INFO             PET0 ESMF_LAPACK                 : enabled
20220402 015000.982 INFO             PET0 ESMF_NETCDF                 : enabled
20220402 015000.982 INFO             PET0 ESMF_PNETCDF                : disabled
20220402 015000.982 INFO             PET0 ESMF_PIO                    : enabled
20220402 015000.982 INFO             PET0 ESMF_YAMLCPP                : enabled
20220402 015001.028 DEBUG            PET0 about to destroy Grid: 0xb37af0
20220402 015001.032 DEBUG            PET0 about to destroy Grid: 0xb3a330
20220402 015001.044 INFO             PET0  NUMBER_OF_PROCESSORS           4
20220402 015001.044 INFO             PET0  PASS  Example ESMF_NUOPCAtmModelEx, ESMF_NUOPCAtmModelEx.F90, line 806
20220402 015001.044 INFO             PET0 Finalizing ESMF
20220402 015000.981 INFO             PET1 !!!!!!!!!!!!!!!!!!!!!!!!!!!!!!!!!!!!!!!!!!!!!!!!!!!!!!
20220402 015000.981 INFO             PET1 !!! THE ESMF_LOG IS SET TO OUTPUT ALL LOG MESSAGES !!!
20220402 015000.981 INFO             PET1 !!!     THIS MAY CAUSE SLOWDOWN IN PERFORMANCE     !!!
20220402 015000.981 INFO             PET1 !!! FOR PRODUCTION RUNS, USE:                      !!!
20220402 015000.981 INFO             PET1 !!!                   ESMF_LOGKIND_Multi_On_Error  !!!
20220402 015000.981 INFO             PET1 !!!!!!!!!!!!!!!!!!!!!!!!!!!!!!!!!!!!!!!!!!!!!!!!!!!!!!
20220402 015000.981 INFO             PET1 Running with ESMF Version   : v8.3.0b12
20220402 015000.981 INFO             PET1 ESMF library build date/time: "Apr  2 2022" "01:12:22"
20220402 015000.981 INFO             PET1 ESMF library build location : /gpfsm/dnb04/projects/p98/mpotts/esmf/intel_19.1.3_intelmpi_O_develop
20220402 015000.981 INFO             PET1 ESMF_COMM                   : intelmpi
20220402 015000.982 INFO             PET1 ESMF_MOAB                   : enabled
20220402 015000.982 INFO             PET1 ESMF_LAPACK                 : enabled
20220402 015000.982 INFO             PET1 ESMF_NETCDF                 : enabled
20220402 015000.982 INFO             PET1 ESMF_PNETCDF                : disabled
20220402 015000.982 INFO             PET1 ESMF_PIO                    : enabled
20220402 015000.982 INFO             PET1 ESMF_YAMLCPP                : enabled
20220402 015001.028 DEBUG            PET1 about to destroy Grid: 0xb383d0
20220402 015001.032 DEBUG            PET1 about to destroy Grid: 0xb39510
20220402 015001.044 INFO             PET1  NUMBER_OF_PROCESSORS           4
20220402 015001.044 INFO             PET1  PASS  Example ESMF_NUOPCAtmModelEx, ESMF_NUOPCAtmModelEx.F90, line 806
20220402 015001.044 INFO             PET1 Finalizing ESMF
20220402 015000.980 INFO             PET2 !!!!!!!!!!!!!!!!!!!!!!!!!!!!!!!!!!!!!!!!!!!!!!!!!!!!!!
20220402 015000.980 INFO             PET2 !!! THE ESMF_LOG IS SET TO OUTPUT ALL LOG MESSAGES !!!
20220402 015000.980 INFO             PET2 !!!     THIS MAY CAUSE SLOWDOWN IN PERFORMANCE     !!!
20220402 015000.980 INFO             PET2 !!! FOR PRODUCTION RUNS, USE:                      !!!
20220402 015000.980 INFO             PET2 !!!                   ESMF_LOGKIND_Multi_On_Error  !!!
20220402 015000.980 INFO             PET2 !!!!!!!!!!!!!!!!!!!!!!!!!!!!!!!!!!!!!!!!!!!!!!!!!!!!!!
20220402 015000.980 INFO             PET2 Running with ESMF Version   : v8.3.0b12
20220402 015000.980 INFO             PET2 ESMF library build date/time: "Apr  2 2022" "01:12:22"
20220402 015000.980 INFO             PET2 ESMF library build location : /gpfsm/dnb04/projects/p98/mpotts/esmf/intel_19.1.3_intelmpi_O_develop
20220402 015000.980 INFO             PET2 ESMF_COMM                   : intelmpi
20220402 015000.982 INFO             PET2 ESMF_MOAB                   : enabled
20220402 015000.982 INFO             PET2 ESMF_LAPACK                 : enabled
20220402 015000.982 INFO             PET2 ESMF_NETCDF                 : enabled
20220402 015000.982 INFO             PET2 ESMF_PNETCDF                : disabled
20220402 015000.982 INFO             PET2 ESMF_PIO                    : enabled
20220402 015000.982 INFO             PET2 ESMF_YAMLCPP                : enabled
20220402 015001.028 DEBUG            PET2 about to destroy Grid: 0xb383e0
20220402 015001.032 DEBUG            PET2 about to destroy Grid: 0xb39520
20220402 015001.044 INFO             PET2  NUMBER_OF_PROCESSORS           4
20220402 015001.044 INFO             PET2  PASS  Example ESMF_NUOPCAtmModelEx, ESMF_NUOPCAtmModelEx.F90, line 806
20220402 015001.044 INFO             PET2 Finalizing ESMF
20220402 015000.981 INFO             PET3 !!!!!!!!!!!!!!!!!!!!!!!!!!!!!!!!!!!!!!!!!!!!!!!!!!!!!!
20220402 015000.981 INFO             PET3 !!! THE ESMF_LOG IS SET TO OUTPUT ALL LOG MESSAGES !!!
20220402 015000.981 INFO             PET3 !!!     THIS MAY CAUSE SLOWDOWN IN PERFORMANCE     !!!
20220402 015000.981 INFO             PET3 !!! FOR PRODUCTION RUNS, USE:                      !!!
20220402 015000.981 INFO             PET3 !!!                   ESMF_LOGKIND_Multi_On_Error  !!!
20220402 015000.981 INFO             PET3 !!!!!!!!!!!!!!!!!!!!!!!!!!!!!!!!!!!!!!!!!!!!!!!!!!!!!!
20220402 015000.981 INFO             PET3 Running with ESMF Version   : v8.3.0b12
20220402 015000.981 INFO             PET3 ESMF library build date/time: "Apr  2 2022" "01:12:22"
20220402 015000.981 INFO             PET3 ESMF library build location : /gpfsm/dnb04/projects/p98/mpotts/esmf/intel_19.1.3_intelmpi_O_develop
20220402 015000.981 INFO             PET3 ESMF_COMM                   : intelmpi
20220402 015000.982 INFO             PET3 ESMF_MOAB                   : enabled
20220402 015000.982 INFO             PET3 ESMF_LAPACK                 : enabled
20220402 015000.982 INFO             PET3 ESMF_NETCDF                 : enabled
20220402 015000.982 INFO             PET3 ESMF_PNETCDF                : disabled
20220402 015000.982 INFO             PET3 ESMF_PIO                    : enabled
20220402 015000.982 INFO             PET3 ESMF_YAMLCPP                : enabled
20220402 015001.028 DEBUG            PET3 about to destroy Grid: 0xb384b0
20220402 015001.032 DEBUG            PET3 about to destroy Grid: 0xb395f0
20220402 015001.044 INFO             PET3  NUMBER_OF_PROCESSORS           4
20220402 015001.044 INFO             PET3  PASS  Example ESMF_NUOPCAtmModelEx, ESMF_NUOPCAtmModelEx.F90, line 806
20220402 015001.044 INFO             PET3 Finalizing ESMF
