build time -- 2022-04-22 01:14:44.954147
20220422 014910.409 INFO             PET0 !!!!!!!!!!!!!!!!!!!!!!!!!!!!!!!!!!!!!!!!!!!!!!!!!!!!!!
20220422 014910.409 INFO             PET0 !!! THE ESMF_LOG IS SET TO OUTPUT ALL LOG MESSAGES !!!
20220422 014910.409 INFO             PET0 !!!     THIS MAY CAUSE SLOWDOWN IN PERFORMANCE     !!!
20220422 014910.409 INFO             PET0 !!! FOR PRODUCTION RUNS, USE:                      !!!
20220422 014910.409 INFO             PET0 !!!                   ESMF_LOGKIND_Multi_On_Error  !!!
20220422 014910.409 INFO             PET0 !!!!!!!!!!!!!!!!!!!!!!!!!!!!!!!!!!!!!!!!!!!!!!!!!!!!!!
20220422 014910.409 INFO             PET0 Running with ESMF Version   : v8.3.0b13
20220422 014910.409 INFO             PET0 ESMF library build date/time: "Apr 22 2022" "01:12:34"
20220422 014910.409 INFO             PET0 ESMF library build location : /gpfsm/dnb04/projects/p98/mpotts/esmf/intel_19.1.3_intelmpi_O_develop
20220422 014910.409 INFO             PET0 ESMF_COMM                   : intelmpi
20220422 014910.411 INFO             PET0 ESMF_MOAB                   : enabled
20220422 014910.411 INFO             PET0 ESMF_LAPACK                 : enabled
20220422 014910.411 INFO             PET0 ESMF_NETCDF                 : enabled
20220422 014910.411 INFO             PET0 ESMF_PNETCDF                : disabled
20220422 014910.411 INFO             PET0 ESMF_PIO                    : enabled
20220422 014910.411 INFO             PET0 ESMF_YAMLCPP                : enabled
20220422 014910.415 INFO             PET0  NUMBER_OF_PROCESSORS           1
20220422 014910.415 INFO             PET0  PASS  Example ESMF_ClockEx, ESMF_ClockEx.F90, line 220
20220422 014910.415 INFO             PET0 Finalizing ESMF
