build time -- 2022-05-17 01:30:16.711410
srun: cluster configuration lacks support for cpu binding
 Somewhat of a SILLY @$^@_ label
 finalCalculation               
 Somewhat of a SILLY @$^@_ label
 Somewhat of a SILLY @$^@_ label
 finalCalculation               
 Somewhat of a SILLY @$^@_ label
 finalCalculation               
 dummy output from attached method 
 dummy output from attached method 
 dummy output from attached method 
 finalCalculation               
  PASS  Example ESMF_AttachMethodsEx, ESMF_AttachMethodsEx.F90, line 292
 dummy output from attached method 
  PASS  Example ESMF_AttachMethodsEx, ESMF_AttachMethodsEx.F90, line 292
  PASS  Example ESMF_AttachMethodsEx, ESMF_AttachMethodsEx.F90, line 292
  PASS  Example ESMF_AttachMethodsEx, ESMF_AttachMethodsEx.F90, line 292
 PASS: ESMF_AttachMethodsEx.F90
 PASS: ESMF_AttachMethodsEx.F90
 PASS: ESMF_AttachMethodsEx.F90
 PASS: ESMF_AttachMethodsEx.F90
