build time -- 2022-05-05 01:13:59.168416
20220505 014742.748 INFO             PET0 !!!!!!!!!!!!!!!!!!!!!!!!!!!!!!!!!!!!!!!!!!!!!!!!!!!!!!
20220505 014742.748 INFO             PET0 !!! THE ESMF_LOG IS SET TO OUTPUT ALL LOG MESSAGES !!!
20220505 014742.748 INFO             PET0 !!!     THIS MAY CAUSE SLOWDOWN IN PERFORMANCE     !!!
20220505 014742.748 INFO             PET0 !!! FOR PRODUCTION RUNS, USE:                      !!!
20220505 014742.748 INFO             PET0 !!!                   ESMF_LOGKIND_Multi_On_Error  !!!
20220505 014742.748 INFO             PET0 !!!!!!!!!!!!!!!!!!!!!!!!!!!!!!!!!!!!!!!!!!!!!!!!!!!!!!
20220505 014742.748 INFO             PET0 Running with ESMF Version   : v8.3.0b13-17-g28d0d30e65
20220505 014742.748 INFO             PET0 ESMF library build date/time: "May  5 2022" "01:11:42"
20220505 014742.748 INFO             PET0 ESMF library build location : /gpfsm/dnb04/projects/p98/mpotts/esmf/intel_19.1.3_intelmpi_O_develop
20220505 014742.748 INFO             PET0 ESMF_COMM                   : intelmpi
20220505 014742.748 INFO             PET0 ESMF_MOAB                   : enabled
20220505 014742.748 INFO             PET0 ESMF_LAPACK                 : enabled
20220505 014742.748 INFO             PET0 ESMF_NETCDF                 : enabled
20220505 014742.748 INFO             PET0 ESMF_PNETCDF                : disabled
20220505 014742.748 INFO             PET0 ESMF_PIO                    : enabled
20220505 014742.748 INFO             PET0 ESMF_YAMLCPP                : enabled
20220505 014742.750 INFO             PET0  NUMBER_OF_PROCESSORS           4
20220505 014742.750 INFO             PET0  PASS  Example ESMF_ArrayFarrayEx, ESMF_ArrayFarrayEx.F90, line 288
20220505 014742.750 INFO             PET0 Finalizing ESMF
20220505 014742.748 INFO             PET1 !!!!!!!!!!!!!!!!!!!!!!!!!!!!!!!!!!!!!!!!!!!!!!!!!!!!!!
20220505 014742.748 INFO             PET1 !!! THE ESMF_LOG IS SET TO OUTPUT ALL LOG MESSAGES !!!
20220505 014742.748 INFO             PET1 !!!     THIS MAY CAUSE SLOWDOWN IN PERFORMANCE     !!!
20220505 014742.748 INFO             PET1 !!! FOR PRODUCTION RUNS, USE:                      !!!
20220505 014742.748 INFO             PET1 !!!                   ESMF_LOGKIND_Multi_On_Error  !!!
20220505 014742.748 INFO             PET1 !!!!!!!!!!!!!!!!!!!!!!!!!!!!!!!!!!!!!!!!!!!!!!!!!!!!!!
20220505 014742.748 INFO             PET1 Running with ESMF Version   : v8.3.0b13-17-g28d0d30e65
20220505 014742.748 INFO             PET1 ESMF library build date/time: "May  5 2022" "01:11:42"
20220505 014742.748 INFO             PET1 ESMF library build location : /gpfsm/dnb04/projects/p98/mpotts/esmf/intel_19.1.3_intelmpi_O_develop
20220505 014742.748 INFO             PET1 ESMF_COMM                   : intelmpi
20220505 014742.748 INFO             PET1 ESMF_MOAB                   : enabled
20220505 014742.748 INFO             PET1 ESMF_LAPACK                 : enabled
20220505 014742.748 INFO             PET1 ESMF_NETCDF                 : enabled
20220505 014742.748 INFO             PET1 ESMF_PNETCDF                : disabled
20220505 014742.748 INFO             PET1 ESMF_PIO                    : enabled
20220505 014742.748 INFO             PET1 ESMF_YAMLCPP                : enabled
20220505 014742.757 INFO             PET1  NUMBER_OF_PROCESSORS           4
20220505 014742.757 INFO             PET1  PASS  Example ESMF_ArrayFarrayEx, ESMF_ArrayFarrayEx.F90, line 288
20220505 014742.757 INFO             PET1 Finalizing ESMF
20220505 014742.748 INFO             PET2 !!!!!!!!!!!!!!!!!!!!!!!!!!!!!!!!!!!!!!!!!!!!!!!!!!!!!!
20220505 014742.748 INFO             PET2 !!! THE ESMF_LOG IS SET TO OUTPUT ALL LOG MESSAGES !!!
20220505 014742.748 INFO             PET2 !!!     THIS MAY CAUSE SLOWDOWN IN PERFORMANCE     !!!
20220505 014742.748 INFO             PET2 !!! FOR PRODUCTION RUNS, USE:                      !!!
20220505 014742.748 INFO             PET2 !!!                   ESMF_LOGKIND_Multi_On_Error  !!!
20220505 014742.748 INFO             PET2 !!!!!!!!!!!!!!!!!!!!!!!!!!!!!!!!!!!!!!!!!!!!!!!!!!!!!!
20220505 014742.748 INFO             PET2 Running with ESMF Version   : v8.3.0b13-17-g28d0d30e65
20220505 014742.748 INFO             PET2 ESMF library build date/time: "May  5 2022" "01:11:42"
20220505 014742.748 INFO             PET2 ESMF library build location : /gpfsm/dnb04/projects/p98/mpotts/esmf/intel_19.1.3_intelmpi_O_develop
20220505 014742.748 INFO             PET2 ESMF_COMM                   : intelmpi
20220505 014742.749 INFO             PET2 ESMF_MOAB                   : enabled
20220505 014742.749 INFO             PET2 ESMF_LAPACK                 : enabled
20220505 014742.749 INFO             PET2 ESMF_NETCDF                 : enabled
20220505 014742.749 INFO             PET2 ESMF_PNETCDF                : disabled
20220505 014742.749 INFO             PET2 ESMF_PIO                    : enabled
20220505 014742.749 INFO             PET2 ESMF_YAMLCPP                : enabled
20220505 014742.750 INFO             PET2  NUMBER_OF_PROCESSORS           4
20220505 014742.750 INFO             PET2  PASS  Example ESMF_ArrayFarrayEx, ESMF_ArrayFarrayEx.F90, line 288
20220505 014742.750 INFO             PET2 Finalizing ESMF
20220505 014742.748 INFO             PET3 !!!!!!!!!!!!!!!!!!!!!!!!!!!!!!!!!!!!!!!!!!!!!!!!!!!!!!
20220505 014742.748 INFO             PET3 !!! THE ESMF_LOG IS SET TO OUTPUT ALL LOG MESSAGES !!!
20220505 014742.748 INFO             PET3 !!!     THIS MAY CAUSE SLOWDOWN IN PERFORMANCE     !!!
20220505 014742.748 INFO             PET3 !!! FOR PRODUCTION RUNS, USE:                      !!!
20220505 014742.748 INFO             PET3 !!!                   ESMF_LOGKIND_Multi_On_Error  !!!
20220505 014742.748 INFO             PET3 !!!!!!!!!!!!!!!!!!!!!!!!!!!!!!!!!!!!!!!!!!!!!!!!!!!!!!
20220505 014742.748 INFO             PET3 Running with ESMF Version   : v8.3.0b13-17-g28d0d30e65
20220505 014742.748 INFO             PET3 ESMF library build date/time: "May  5 2022" "01:11:42"
20220505 014742.748 INFO             PET3 ESMF library build location : /gpfsm/dnb04/projects/p98/mpotts/esmf/intel_19.1.3_intelmpi_O_develop
20220505 014742.748 INFO             PET3 ESMF_COMM                   : intelmpi
20220505 014742.749 INFO             PET3 ESMF_MOAB                   : enabled
20220505 014742.749 INFO             PET3 ESMF_LAPACK                 : enabled
20220505 014742.749 INFO             PET3 ESMF_NETCDF                 : enabled
20220505 014742.749 INFO             PET3 ESMF_PNETCDF                : disabled
20220505 014742.749 INFO             PET3 ESMF_PIO                    : enabled
20220505 014742.749 INFO             PET3 ESMF_YAMLCPP                : enabled
20220505 014742.750 INFO             PET3  NUMBER_OF_PROCESSORS           4
20220505 014742.750 INFO             PET3  PASS  Example ESMF_ArrayFarrayEx, ESMF_ArrayFarrayEx.F90, line 288
20220505 014742.750 INFO             PET3 Finalizing ESMF
