build time -- 2022-06-03 01:15:34.734618
20220603 020645.585 INFO             PET0 !!!!!!!!!!!!!!!!!!!!!!!!!!!!!!!!!!!!!!!!!!!!!!!!!!!!!!
20220603 020645.585 INFO             PET0 !!! THE ESMF_LOG IS SET TO OUTPUT ALL LOG MESSAGES !!!
20220603 020645.585 INFO             PET0 !!!     THIS MAY CAUSE SLOWDOWN IN PERFORMANCE     !!!
20220603 020645.585 INFO             PET0 !!! FOR PRODUCTION RUNS, USE:                      !!!
20220603 020645.585 INFO             PET0 !!!                   ESMF_LOGKIND_Multi_On_Error  !!!
20220603 020645.585 INFO             PET0 !!!!!!!!!!!!!!!!!!!!!!!!!!!!!!!!!!!!!!!!!!!!!!!!!!!!!!
20220603 020645.585 INFO             PET0 Running with ESMF Version   : v8.4.0b00
20220603 020645.585 INFO             PET0 ESMF library build date/time: "Jun  3 2022" "01:12:56"
20220603 020645.585 INFO             PET0 ESMF library build location : /gpfsm/dnb04/projects/p98/mpotts/esmf/intel_19.1.3_intelmpi_O_develop
20220603 020645.585 INFO             PET0 ESMF_COMM                   : intelmpi
20220603 020645.586 INFO             PET0 ESMF_MOAB                   : enabled
20220603 020645.586 INFO             PET0 ESMF_LAPACK                 : enabled
20220603 020645.586 INFO             PET0 ESMF_NETCDF                 : enabled
20220603 020645.586 INFO             PET0 ESMF_PNETCDF                : disabled
20220603 020645.586 INFO             PET0 ESMF_PIO                    : enabled
20220603 020645.586 INFO             PET0 ESMF_YAMLCPP                : enabled
20220603 020645.587 INFO             PET0  NUMBER_OF_PROCESSORS           1
20220603 020645.587 INFO             PET0  PASS  Example ESMF_AlarmEx, ESMF_AlarmEx.F90, line 244
20220603 020645.587 INFO             PET0 Finalizing ESMF
