build time -- 2022-06-07 06:21:46
20220607 071911.310 INFO             PET0 !!!!!!!!!!!!!!!!!!!!!!!!!!!!!!!!!!!!!!!!!!!!!!!!!!!!!!
20220607 071911.311 INFO             PET0 !!! THE ESMF_LOG IS SET TO OUTPUT ALL LOG MESSAGES !!!
20220607 071911.311 INFO             PET0 !!!     THIS MAY CAUSE SLOWDOWN IN PERFORMANCE     !!!
20220607 071911.311 INFO             PET0 !!! FOR PRODUCTION RUNS, USE:                      !!!
20220607 071911.311 INFO             PET0 !!!                   ESMF_LOGKIND_Multi_On_Error  !!!
20220607 071911.311 INFO             PET0 !!!!!!!!!!!!!!!!!!!!!!!!!!!!!!!!!!!!!!!!!!!!!!!!!!!!!!
20220607 071911.311 INFO             PET0 Running with ESMF Version   : v8.4.0b01-1-g3c875a5b01
20220607 071911.311 INFO             PET0 ESMF library build date/time: "Jun  7 2022" "06:18:39"
20220607 071911.311 INFO             PET0 ESMF library build location : /scratch1/NCEPDEV/stmp2/role.esmfmaint/pgi_19.1_mpiuni_O_develop
20220607 071911.311 INFO             PET0 ESMF_COMM                   : mpiuni
20220607 071911.312 INFO             PET0 ESMF_MOAB                   : enabled
20220607 071911.312 INFO             PET0 ESMF_LAPACK                 : enabled
20220607 071911.312 INFO             PET0 ESMF_NETCDF                 : disabled
20220607 071911.312 INFO             PET0 ESMF_PNETCDF                : disabled
20220607 071911.312 INFO             PET0 ESMF_PIO                    : disabled
20220607 071911.312 INFO             PET0 ESMF_YAMLCPP                : enabled
20220607 071911.312 INFO             PET0  NUMBER_OF_PROCESSORS            1
20220607 071911.313 INFO             PET0  PASS  Example ESMF_VMHigherRankDataEx, ESMF_VMHigherRankDataEx.F90, line 140
20220607 071911.313 INFO             PET0 Finalizing ESMF
