build time -- 2022-06-08 06:22:00
20220608 071641.297 INFO             PET0 !!!!!!!!!!!!!!!!!!!!!!!!!!!!!!!!!!!!!!!!!!!!!!!!!!!!!!
20220608 071641.298 INFO             PET0 !!! THE ESMF_LOG IS SET TO OUTPUT ALL LOG MESSAGES !!!
20220608 071641.298 INFO             PET0 !!!     THIS MAY CAUSE SLOWDOWN IN PERFORMANCE     !!!
20220608 071641.298 INFO             PET0 !!! FOR PRODUCTION RUNS, USE:                      !!!
20220608 071641.298 INFO             PET0 !!!                   ESMF_LOGKIND_Multi_On_Error  !!!
20220608 071641.298 INFO             PET0 !!!!!!!!!!!!!!!!!!!!!!!!!!!!!!!!!!!!!!!!!!!!!!!!!!!!!!
20220608 071641.298 INFO             PET0 Running with ESMF Version   : v8.4.0b01-2-gf0d4ab211d
20220608 071641.298 INFO             PET0 ESMF library build date/time: "Jun  8 2022" "06:18:46"
20220608 071641.298 INFO             PET0 ESMF library build location : /scratch1/NCEPDEV/stmp2/role.esmfmaint/pgi_19.1_mpiuni_O_develop
20220608 071641.298 INFO             PET0 ESMF_COMM                   : mpiuni
20220608 071641.299 INFO             PET0 ESMF_MOAB                   : enabled
20220608 071641.299 INFO             PET0 ESMF_LAPACK                 : enabled
20220608 071641.299 INFO             PET0 ESMF_NETCDF                 : disabled
20220608 071641.299 INFO             PET0 ESMF_PNETCDF                : disabled
20220608 071641.299 INFO             PET0 ESMF_PIO                    : disabled
20220608 071641.299 INFO             PET0 ESMF_YAMLCPP                : enabled
20220608 071641.301 INFO             PET0  NUMBER_OF_PROCESSORS            1
20220608 071641.301 INFO             PET0  PASS  Example ESMF_AppMainEx, ESMF_AppMainEx.F90, line 486
20220608 071641.301 INFO             PET0 Finalizing ESMF
