build time -- 2022-05-16 06:16:03
20220516 070729.943 INFO             PET0 !!!!!!!!!!!!!!!!!!!!!!!!!!!!!!!!!!!!!!!!!!!!!!!!!!!!!!
20220516 070729.944 INFO             PET0 !!! THE ESMF_LOG IS SET TO OUTPUT ALL LOG MESSAGES !!!
20220516 070729.944 INFO             PET0 !!!     THIS MAY CAUSE SLOWDOWN IN PERFORMANCE     !!!
20220516 070729.944 INFO             PET0 !!! FOR PRODUCTION RUNS, USE:                      !!!
20220516 070729.944 INFO             PET0 !!!                   ESMF_LOGKIND_Multi_On_Error  !!!
20220516 070729.944 INFO             PET0 !!!!!!!!!!!!!!!!!!!!!!!!!!!!!!!!!!!!!!!!!!!!!!!!!!!!!!
20220516 070729.944 INFO             PET0 Running with ESMF Version   : v8.3.0b14-2-gde129fc120
20220516 070729.944 INFO             PET0 ESMF library build date/time: "May 16 2022" "06:12:54"
20220516 070729.944 INFO             PET0 ESMF library build location : /scratch1/NCEPDEV/stmp2/role.esmfmaint/pgi_19.1_mpiuni_O_develop
20220516 070729.944 INFO             PET0 ESMF_COMM                   : mpiuni
20220516 070729.945 INFO             PET0 ESMF_MOAB                   : enabled
20220516 070729.945 INFO             PET0 ESMF_LAPACK                 : enabled
20220516 070729.945 INFO             PET0 ESMF_NETCDF                 : disabled
20220516 070729.945 INFO             PET0 ESMF_PNETCDF                : disabled
20220516 070729.945 INFO             PET0 ESMF_PIO                    : disabled
20220516 070729.945 INFO             PET0 ESMF_YAMLCPP                : enabled
20220516 070729.947 INFO             PET0  NUMBER_OF_PROCESSORS            1
20220516 070729.947 INFO             PET0  PASS  Example ESMF_GCompEx, ESMF_GCompEx.F90, line 465
20220516 070729.947 INFO             PET0 Finalizing ESMF
