build time -- 2022-06-01 06:33:23
20220601 073425.231 INFO             PET0 !!!!!!!!!!!!!!!!!!!!!!!!!!!!!!!!!!!!!!!!!!!!!!!!!!!!!!
20220601 073425.231 INFO             PET0 !!! THE ESMF_LOG IS SET TO OUTPUT ALL LOG MESSAGES !!!
20220601 073425.231 INFO             PET0 !!!     THIS MAY CAUSE SLOWDOWN IN PERFORMANCE     !!!
20220601 073425.232 INFO             PET0 !!! FOR PRODUCTION RUNS, USE:                      !!!
20220601 073425.232 INFO             PET0 !!!                   ESMF_LOGKIND_Multi_On_Error  !!!
20220601 073425.232 INFO             PET0 !!!!!!!!!!!!!!!!!!!!!!!!!!!!!!!!!!!!!!!!!!!!!!!!!!!!!!
20220601 073425.232 INFO             PET0 Running with ESMF Version   : v8.3.0b16
20220601 073425.232 INFO             PET0 ESMF library build date/time: "Jun  1 2022" "06:19:17"
20220601 073425.232 INFO             PET0 ESMF library build location : /scratch1/NCEPDEV/stmp2/role.esmfmaint/pgi_19.1_mpiuni_O_develop
20220601 073425.232 INFO             PET0 ESMF_COMM                   : mpiuni
20220601 073425.232 INFO             PET0 ESMF_MOAB                   : enabled
20220601 073425.232 INFO             PET0 ESMF_LAPACK                 : enabled
20220601 073425.232 INFO             PET0 ESMF_NETCDF                 : disabled
20220601 073425.232 INFO             PET0 ESMF_PNETCDF                : disabled
20220601 073425.232 INFO             PET0 ESMF_PIO                    : disabled
20220601 073425.232 INFO             PET0 ESMF_YAMLCPP                : enabled
20220601 073425.235 INFO             PET0 ESMF_FieldRedistStoreNF(): Just entered routine.
20220601 073425.319 INFO             PET0 ESMF_FieldRedistStoreNF(): Leaving routine.
20220601 073425.345 INFO             PET0  NUMBER_OF_PROCESSORS            1
20220601 073425.346 INFO             PET0  PASS  Example ESMF_RHandleFromFileEx, ESMF_RHandleFromFileEx.F90, line 192
20220601 073425.346 INFO             PET0 Finalizing ESMF
