build time -- 2022-05-23 15:17:48.671841
20220523 160500.006 INFO             PET0 !!!!!!!!!!!!!!!!!!!!!!!!!!!!!!!!!!!!!!!!!!!!!!!!!!!!!!
20220523 160500.006 INFO             PET0 !!! THE ESMF_LOG IS SET TO OUTPUT ALL LOG MESSAGES !!!
20220523 160500.006 INFO             PET0 !!!     THIS MAY CAUSE SLOWDOWN IN PERFORMANCE     !!!
20220523 160500.006 INFO             PET0 !!! FOR PRODUCTION RUNS, USE:                      !!!
20220523 160500.006 INFO             PET0 !!!                   ESMF_LOGKIND_Multi_On_Error  !!!
20220523 160500.006 INFO             PET0 !!!!!!!!!!!!!!!!!!!!!!!!!!!!!!!!!!!!!!!!!!!!!!!!!!!!!!
20220523 160500.006 INFO             PET0 Running with ESMF Version   : v8.3.0b16-3-gc2b47388e1
20220523 160500.006 INFO             PET0 ESMF library build date/time: "May 23 2022" "15:14:55"
20220523 160500.006 INFO             PET0 ESMF library build location : /gpfsm/dnb04/projects/p98/mpotts/esmf/intel_19.1.3_intelmpi_g_release_8.3.0
20220523 160500.006 INFO             PET0 ESMF_COMM                   : intelmpi
20220523 160500.006 INFO             PET0 ESMF_MOAB                   : enabled
20220523 160500.006 INFO             PET0 ESMF_LAPACK                 : enabled
20220523 160500.006 INFO             PET0 ESMF_NETCDF                 : enabled
20220523 160500.006 INFO             PET0 ESMF_PNETCDF                : disabled
20220523 160500.006 INFO             PET0 ESMF_PIO                    : enabled
20220523 160500.006 INFO             PET0 ESMF_YAMLCPP                : enabled
20220523 160500.140 DEBUG            PET0 about to destroy Grid: 0xb10920
20220523 160500.155 DEBUG            PET0 about to destroy Grid: 0xb117e0
20220523 160500.197 INFO             PET0  NUMBER_OF_PROCESSORS           4
20220523 160500.197 INFO             PET0  PASS  Example ESMF_NUOPCAtmModelEx, ESMF_NUOPCAtmModelEx.F90, line 806
20220523 160500.197 INFO             PET0 Finalizing ESMF
20220523 160500.006 INFO             PET1 !!!!!!!!!!!!!!!!!!!!!!!!!!!!!!!!!!!!!!!!!!!!!!!!!!!!!!
20220523 160500.006 INFO             PET1 !!! THE ESMF_LOG IS SET TO OUTPUT ALL LOG MESSAGES !!!
20220523 160500.006 INFO             PET1 !!!     THIS MAY CAUSE SLOWDOWN IN PERFORMANCE     !!!
20220523 160500.006 INFO             PET1 !!! FOR PRODUCTION RUNS, USE:                      !!!
20220523 160500.006 INFO             PET1 !!!                   ESMF_LOGKIND_Multi_On_Error  !!!
20220523 160500.006 INFO             PET1 !!!!!!!!!!!!!!!!!!!!!!!!!!!!!!!!!!!!!!!!!!!!!!!!!!!!!!
20220523 160500.006 INFO             PET1 Running with ESMF Version   : v8.3.0b16-3-gc2b47388e1
20220523 160500.006 INFO             PET1 ESMF library build date/time: "May 23 2022" "15:14:55"
20220523 160500.006 INFO             PET1 ESMF library build location : /gpfsm/dnb04/projects/p98/mpotts/esmf/intel_19.1.3_intelmpi_g_release_8.3.0
20220523 160500.006 INFO             PET1 ESMF_COMM                   : intelmpi
20220523 160500.006 INFO             PET1 ESMF_MOAB                   : enabled
20220523 160500.006 INFO             PET1 ESMF_LAPACK                 : enabled
20220523 160500.006 INFO             PET1 ESMF_NETCDF                 : enabled
20220523 160500.006 INFO             PET1 ESMF_PNETCDF                : disabled
20220523 160500.006 INFO             PET1 ESMF_PIO                    : enabled
20220523 160500.006 INFO             PET1 ESMF_YAMLCPP                : enabled
20220523 160500.140 DEBUG            PET1 about to destroy Grid: 0xafc870
20220523 160500.155 DEBUG            PET1 about to destroy Grid: 0xb10800
20220523 160500.197 INFO             PET1  NUMBER_OF_PROCESSORS           4
20220523 160500.197 INFO             PET1  PASS  Example ESMF_NUOPCAtmModelEx, ESMF_NUOPCAtmModelEx.F90, line 806
20220523 160500.197 INFO             PET1 Finalizing ESMF
20220523 160500.006 INFO             PET2 !!!!!!!!!!!!!!!!!!!!!!!!!!!!!!!!!!!!!!!!!!!!!!!!!!!!!!
20220523 160500.006 INFO             PET2 !!! THE ESMF_LOG IS SET TO OUTPUT ALL LOG MESSAGES !!!
20220523 160500.006 INFO             PET2 !!!     THIS MAY CAUSE SLOWDOWN IN PERFORMANCE     !!!
20220523 160500.006 INFO             PET2 !!! FOR PRODUCTION RUNS, USE:                      !!!
20220523 160500.006 INFO             PET2 !!!                   ESMF_LOGKIND_Multi_On_Error  !!!
20220523 160500.006 INFO             PET2 !!!!!!!!!!!!!!!!!!!!!!!!!!!!!!!!!!!!!!!!!!!!!!!!!!!!!!
20220523 160500.006 INFO             PET2 Running with ESMF Version   : v8.3.0b16-3-gc2b47388e1
20220523 160500.006 INFO             PET2 ESMF library build date/time: "May 23 2022" "15:14:55"
20220523 160500.006 INFO             PET2 ESMF library build location : /gpfsm/dnb04/projects/p98/mpotts/esmf/intel_19.1.3_intelmpi_g_release_8.3.0
20220523 160500.006 INFO             PET2 ESMF_COMM                   : intelmpi
20220523 160500.007 INFO             PET2 ESMF_MOAB                   : enabled
20220523 160500.007 INFO             PET2 ESMF_LAPACK                 : enabled
20220523 160500.007 INFO             PET2 ESMF_NETCDF                 : enabled
20220523 160500.007 INFO             PET2 ESMF_PNETCDF                : disabled
20220523 160500.007 INFO             PET2 ESMF_PIO                    : enabled
20220523 160500.007 INFO             PET2 ESMF_YAMLCPP                : enabled
20220523 160500.140 DEBUG            PET2 about to destroy Grid: 0xafc6f0
20220523 160500.155 DEBUG            PET2 about to destroy Grid: 0xb10680
20220523 160500.197 INFO             PET2  NUMBER_OF_PROCESSORS           4
20220523 160500.197 INFO             PET2  PASS  Example ESMF_NUOPCAtmModelEx, ESMF_NUOPCAtmModelEx.F90, line 806
20220523 160500.197 INFO             PET2 Finalizing ESMF
20220523 160500.005 INFO             PET3 !!!!!!!!!!!!!!!!!!!!!!!!!!!!!!!!!!!!!!!!!!!!!!!!!!!!!!
20220523 160500.006 INFO             PET3 !!! THE ESMF_LOG IS SET TO OUTPUT ALL LOG MESSAGES !!!
20220523 160500.006 INFO             PET3 !!!     THIS MAY CAUSE SLOWDOWN IN PERFORMANCE     !!!
20220523 160500.006 INFO             PET3 !!! FOR PRODUCTION RUNS, USE:                      !!!
20220523 160500.006 INFO             PET3 !!!                   ESMF_LOGKIND_Multi_On_Error  !!!
20220523 160500.006 INFO             PET3 !!!!!!!!!!!!!!!!!!!!!!!!!!!!!!!!!!!!!!!!!!!!!!!!!!!!!!
20220523 160500.006 INFO             PET3 Running with ESMF Version   : v8.3.0b16-3-gc2b47388e1
20220523 160500.006 INFO             PET3 ESMF library build date/time: "May 23 2022" "15:14:55"
20220523 160500.006 INFO             PET3 ESMF library build location : /gpfsm/dnb04/projects/p98/mpotts/esmf/intel_19.1.3_intelmpi_g_release_8.3.0
20220523 160500.006 INFO             PET3 ESMF_COMM                   : intelmpi
20220523 160500.006 INFO             PET3 ESMF_MOAB                   : enabled
20220523 160500.006 INFO             PET3 ESMF_LAPACK                 : enabled
20220523 160500.006 INFO             PET3 ESMF_NETCDF                 : enabled
20220523 160500.006 INFO             PET3 ESMF_PNETCDF                : disabled
20220523 160500.006 INFO             PET3 ESMF_PIO                    : enabled
20220523 160500.006 INFO             PET3 ESMF_YAMLCPP                : enabled
20220523 160500.140 DEBUG            PET3 about to destroy Grid: 0xafc750
20220523 160500.155 DEBUG            PET3 about to destroy Grid: 0xb106e0
20220523 160500.197 INFO             PET3  NUMBER_OF_PROCESSORS           4
20220523 160500.197 INFO             PET3  PASS  Example ESMF_NUOPCAtmModelEx, ESMF_NUOPCAtmModelEx.F90, line 806
20220523 160500.197 INFO             PET3 Finalizing ESMF
