build time -- 2022-06-07 09:30:43
20220607 094922.582 INFO             PET0 !!!!!!!!!!!!!!!!!!!!!!!!!!!!!!!!!!!!!!!!!!!!!!!!!!!!!!
20220607 094922.583 INFO             PET0 !!! THE ESMF_LOG IS SET TO OUTPUT ALL LOG MESSAGES !!!
20220607 094922.583 INFO             PET0 !!!     THIS MAY CAUSE SLOWDOWN IN PERFORMANCE     !!!
20220607 094922.583 INFO             PET0 !!! FOR PRODUCTION RUNS, USE:                      !!!
20220607 094922.583 INFO             PET0 !!!                   ESMF_LOGKIND_Multi_On_Error  !!!
20220607 094922.583 INFO             PET0 !!!!!!!!!!!!!!!!!!!!!!!!!!!!!!!!!!!!!!!!!!!!!!!!!!!!!!
20220607 094922.583 INFO             PET0 Running with ESMF Version   : v8.3.0
20220607 094922.583 INFO             PET0 ESMF library build date/time: "Jun  7 2022" "09:29:33"
20220607 094922.583 INFO             PET0 ESMF library build location : /Volumes/esmf/esmf-testing/gfortran_11.2.0_mpiuni_O_v8.3.0
20220607 094922.583 INFO             PET0 ESMF_COMM                   : mpiuni
20220607 094922.583 INFO             PET0 ESMF_MOAB                   : enabled
20220607 094922.583 INFO             PET0 ESMF_LAPACK                 : enabled
20220607 094922.583 INFO             PET0 ESMF_NETCDF                 : enabled
20220607 094922.583 INFO             PET0 ESMF_PNETCDF                : disabled
20220607 094922.583 INFO             PET0 ESMF_PIO                    : disabled
20220607 094922.583 INFO             PET0 ESMF_YAMLCPP                : enabled
20220607 094922.647 DEBUG            PET0 about to destroy Grid: 0x7fa9da020c00
20220607 094922.653 DEBUG            PET0 about to destroy Grid: 0x7fa9da02ee00
20220607 094922.669 INFO             PET0  NUMBER_OF_PROCESSORS           1
20220607 094922.669 INFO             PET0  PASS  Example ESMF_NUOPCAtmModelEx, ESMF_NUOPCAtmModelEx.F90, line 806
20220607 094922.669 INFO             PET0 Finalizing ESMF
