build time -- 2022-06-07 00:44:38
20220607 012222.754 INFO             PET0 !!!!!!!!!!!!!!!!!!!!!!!!!!!!!!!!!!!!!!!!!!!!!!!!!!!!!!
20220607 012222.754 INFO             PET0 !!! THE ESMF_LOG IS SET TO OUTPUT ALL LOG MESSAGES !!!
20220607 012222.754 INFO             PET0 !!!     THIS MAY CAUSE SLOWDOWN IN PERFORMANCE     !!!
20220607 012222.754 INFO             PET0 !!! FOR PRODUCTION RUNS, USE:                      !!!
20220607 012222.754 INFO             PET0 !!!                   ESMF_LOGKIND_Multi_On_Error  !!!
20220607 012222.754 INFO             PET0 !!!!!!!!!!!!!!!!!!!!!!!!!!!!!!!!!!!!!!!!!!!!!!!!!!!!!!
20220607 012222.754 INFO             PET0 Running with ESMF Version   : v8.3.0
20220607 012222.754 INFO             PET0 ESMF library build date/time: "Jun  7 2022" "00:42:51"
20220607 012222.754 INFO             PET0 ESMF library build location : /lustre/f2/dev/ncep/Mark.Potts/intel_2019.5_mpi_O_v8.3.0
20220607 012222.754 INFO             PET0 ESMF_COMM                   : mpi
20220607 012222.755 INFO             PET0 ESMF_MOAB                   : enabled
20220607 012222.755 INFO             PET0 ESMF_LAPACK                 : enabled
20220607 012222.755 INFO             PET0 ESMF_NETCDF                 : enabled
20220607 012222.755 INFO             PET0 ESMF_PNETCDF                : disabled
20220607 012222.755 INFO             PET0 ESMF_PIO                    : enabled
20220607 012222.755 INFO             PET0 ESMF_YAMLCPP                : enabled
20220607 012222.788 DEBUG            PET0 about to destroy Grid: 0x947c50
20220607 012222.791 DEBUG            PET0 about to destroy Grid: 0x94b070
20220607 012222.800 INFO             PET0  NUMBER_OF_PROCESSORS           4
20220607 012222.800 INFO             PET0  PASS  Example ESMF_NUOPCAtmModelEx, ESMF_NUOPCAtmModelEx.F90, line 806
20220607 012222.800 INFO             PET0 Finalizing ESMF
20220607 012222.741 INFO             PET1 !!!!!!!!!!!!!!!!!!!!!!!!!!!!!!!!!!!!!!!!!!!!!!!!!!!!!!
20220607 012222.741 INFO             PET1 !!! THE ESMF_LOG IS SET TO OUTPUT ALL LOG MESSAGES !!!
20220607 012222.741 INFO             PET1 !!!     THIS MAY CAUSE SLOWDOWN IN PERFORMANCE     !!!
20220607 012222.741 INFO             PET1 !!! FOR PRODUCTION RUNS, USE:                      !!!
20220607 012222.741 INFO             PET1 !!!                   ESMF_LOGKIND_Multi_On_Error  !!!
20220607 012222.741 INFO             PET1 !!!!!!!!!!!!!!!!!!!!!!!!!!!!!!!!!!!!!!!!!!!!!!!!!!!!!!
20220607 012222.741 INFO             PET1 Running with ESMF Version   : v8.3.0
20220607 012222.741 INFO             PET1 ESMF library build date/time: "Jun  7 2022" "00:42:51"
20220607 012222.741 INFO             PET1 ESMF library build location : /lustre/f2/dev/ncep/Mark.Potts/intel_2019.5_mpi_O_v8.3.0
20220607 012222.741 INFO             PET1 ESMF_COMM                   : mpi
20220607 012222.742 INFO             PET1 ESMF_MOAB                   : enabled
20220607 012222.742 INFO             PET1 ESMF_LAPACK                 : enabled
20220607 012222.742 INFO             PET1 ESMF_NETCDF                 : enabled
20220607 012222.742 INFO             PET1 ESMF_PNETCDF                : disabled
20220607 012222.742 INFO             PET1 ESMF_PIO                    : enabled
20220607 012222.742 INFO             PET1 ESMF_YAMLCPP                : enabled
20220607 012222.789 DEBUG            PET1 about to destroy Grid: 0x947190
20220607 012222.791 DEBUG            PET1 about to destroy Grid: 0x948770
20220607 012222.801 INFO             PET1  NUMBER_OF_PROCESSORS           4
20220607 012222.801 INFO             PET1  PASS  Example ESMF_NUOPCAtmModelEx, ESMF_NUOPCAtmModelEx.F90, line 806
20220607 012222.801 INFO             PET1 Finalizing ESMF
20220607 012222.745 INFO             PET2 !!!!!!!!!!!!!!!!!!!!!!!!!!!!!!!!!!!!!!!!!!!!!!!!!!!!!!
20220607 012222.745 INFO             PET2 !!! THE ESMF_LOG IS SET TO OUTPUT ALL LOG MESSAGES !!!
20220607 012222.745 INFO             PET2 !!!     THIS MAY CAUSE SLOWDOWN IN PERFORMANCE     !!!
20220607 012222.745 INFO             PET2 !!! FOR PRODUCTION RUNS, USE:                      !!!
20220607 012222.745 INFO             PET2 !!!                   ESMF_LOGKIND_Multi_On_Error  !!!
20220607 012222.745 INFO             PET2 !!!!!!!!!!!!!!!!!!!!!!!!!!!!!!!!!!!!!!!!!!!!!!!!!!!!!!
20220607 012222.745 INFO             PET2 Running with ESMF Version   : v8.3.0
20220607 012222.745 INFO             PET2 ESMF library build date/time: "Jun  7 2022" "00:42:51"
20220607 012222.745 INFO             PET2 ESMF library build location : /lustre/f2/dev/ncep/Mark.Potts/intel_2019.5_mpi_O_v8.3.0
20220607 012222.745 INFO             PET2 ESMF_COMM                   : mpi
20220607 012222.746 INFO             PET2 ESMF_MOAB                   : enabled
20220607 012222.746 INFO             PET2 ESMF_LAPACK                 : enabled
20220607 012222.746 INFO             PET2 ESMF_NETCDF                 : enabled
20220607 012222.746 INFO             PET2 ESMF_PNETCDF                : disabled
20220607 012222.746 INFO             PET2 ESMF_PIO                    : enabled
20220607 012222.746 INFO             PET2 ESMF_YAMLCPP                : enabled
20220607 012222.788 DEBUG            PET2 about to destroy Grid: 0x946fb0
20220607 012222.791 DEBUG            PET2 about to destroy Grid: 0x948590
20220607 012222.800 INFO             PET2  NUMBER_OF_PROCESSORS           4
20220607 012222.800 INFO             PET2  PASS  Example ESMF_NUOPCAtmModelEx, ESMF_NUOPCAtmModelEx.F90, line 806
20220607 012222.800 INFO             PET2 Finalizing ESMF
20220607 012222.750 INFO             PET3 !!!!!!!!!!!!!!!!!!!!!!!!!!!!!!!!!!!!!!!!!!!!!!!!!!!!!!
20220607 012222.750 INFO             PET3 !!! THE ESMF_LOG IS SET TO OUTPUT ALL LOG MESSAGES !!!
20220607 012222.750 INFO             PET3 !!!     THIS MAY CAUSE SLOWDOWN IN PERFORMANCE     !!!
20220607 012222.750 INFO             PET3 !!! FOR PRODUCTION RUNS, USE:                      !!!
20220607 012222.750 INFO             PET3 !!!                   ESMF_LOGKIND_Multi_On_Error  !!!
20220607 012222.750 INFO             PET3 !!!!!!!!!!!!!!!!!!!!!!!!!!!!!!!!!!!!!!!!!!!!!!!!!!!!!!
20220607 012222.750 INFO             PET3 Running with ESMF Version   : v8.3.0
20220607 012222.750 INFO             PET3 ESMF library build date/time: "Jun  7 2022" "00:42:51"
20220607 012222.750 INFO             PET3 ESMF library build location : /lustre/f2/dev/ncep/Mark.Potts/intel_2019.5_mpi_O_v8.3.0
20220607 012222.750 INFO             PET3 ESMF_COMM                   : mpi
20220607 012222.751 INFO             PET3 ESMF_MOAB                   : enabled
20220607 012222.751 INFO             PET3 ESMF_LAPACK                 : enabled
20220607 012222.751 INFO             PET3 ESMF_NETCDF                 : enabled
20220607 012222.751 INFO             PET3 ESMF_PNETCDF                : disabled
20220607 012222.751 INFO             PET3 ESMF_PIO                    : enabled
20220607 012222.751 INFO             PET3 ESMF_YAMLCPP                : enabled
20220607 012222.788 DEBUG            PET3 about to destroy Grid: 0x947190
20220607 012222.791 DEBUG            PET3 about to destroy Grid: 0x948770
20220607 012222.800 INFO             PET3  NUMBER_OF_PROCESSORS           4
20220607 012222.800 INFO             PET3  PASS  Example ESMF_NUOPCAtmModelEx, ESMF_NUOPCAtmModelEx.F90, line 806
20220607 012222.800 INFO             PET3 Finalizing ESMF
