build time -- 2022-06-04 01:59:17.695942
20220604 022503.674 INFO             PET0 !!!!!!!!!!!!!!!!!!!!!!!!!!!!!!!!!!!!!!!!!!!!!!!!!!!!!!
20220604 022503.674 INFO             PET0 !!! THE ESMF_LOG IS SET TO OUTPUT ALL LOG MESSAGES !!!
20220604 022503.674 INFO             PET0 !!!     THIS MAY CAUSE SLOWDOWN IN PERFORMANCE     !!!
20220604 022503.674 INFO             PET0 !!! FOR PRODUCTION RUNS, USE:                      !!!
20220604 022503.674 INFO             PET0 !!!                   ESMF_LOGKIND_Multi_On_Error  !!!
20220604 022503.674 INFO             PET0 !!!!!!!!!!!!!!!!!!!!!!!!!!!!!!!!!!!!!!!!!!!!!!!!!!!!!!
20220604 022503.674 INFO             PET0 Running with ESMF Version   : v8.3.0b17-1-g6ed324f6a2
20220604 022503.674 INFO             PET0 ESMF library build date/time: "Jun  4 2022" "01:58:01"
20220604 022503.674 INFO             PET0 ESMF library build location : /gpfsm/dnb04/projects/p98/mpotts/esmf/gfortran_8.3.0_intelmpi_O_release_8.3.0
20220604 022503.674 INFO             PET0 ESMF_COMM                   : intelmpi
20220604 022503.674 INFO             PET0 ESMF_MOAB                   : enabled
20220604 022503.674 INFO             PET0 ESMF_LAPACK                 : enabled
20220604 022503.674 INFO             PET0 ESMF_NETCDF                 : disabled
20220604 022503.674 INFO             PET0 ESMF_PNETCDF                : disabled
20220604 022503.674 INFO             PET0 ESMF_PIO                    : disabled
20220604 022503.674 INFO             PET0 ESMF_YAMLCPP                : enabled
20220604 022503.677 INFO             PET0 ESMF_FieldRedistStoreNF(): Just entered routine.
20220604 022503.712 INFO             PET0 ESMF_FieldRedistStoreNF(): Leaving routine.
20220604 022503.737 INFO             PET0  NUMBER_OF_PROCESSORS           4
20220604 022503.737 INFO             PET0  PASS  Example ESMF_RHandleFromFileEx, ESMF_RHandleFromFileEx.F90, line 192
20220604 022503.737 INFO             PET0 Finalizing ESMF
20220604 022503.674 INFO             PET1 !!!!!!!!!!!!!!!!!!!!!!!!!!!!!!!!!!!!!!!!!!!!!!!!!!!!!!
20220604 022503.674 INFO             PET1 !!! THE ESMF_LOG IS SET TO OUTPUT ALL LOG MESSAGES !!!
20220604 022503.674 INFO             PET1 !!!     THIS MAY CAUSE SLOWDOWN IN PERFORMANCE     !!!
20220604 022503.674 INFO             PET1 !!! FOR PRODUCTION RUNS, USE:                      !!!
20220604 022503.674 INFO             PET1 !!!                   ESMF_LOGKIND_Multi_On_Error  !!!
20220604 022503.674 INFO             PET1 !!!!!!!!!!!!!!!!!!!!!!!!!!!!!!!!!!!!!!!!!!!!!!!!!!!!!!
20220604 022503.674 INFO             PET1 Running with ESMF Version   : v8.3.0b17-1-g6ed324f6a2
20220604 022503.674 INFO             PET1 ESMF library build date/time: "Jun  4 2022" "01:58:01"
20220604 022503.674 INFO             PET1 ESMF library build location : /gpfsm/dnb04/projects/p98/mpotts/esmf/gfortran_8.3.0_intelmpi_O_release_8.3.0
20220604 022503.674 INFO             PET1 ESMF_COMM                   : intelmpi
20220604 022503.674 INFO             PET1 ESMF_MOAB                   : enabled
20220604 022503.674 INFO             PET1 ESMF_LAPACK                 : enabled
20220604 022503.674 INFO             PET1 ESMF_NETCDF                 : disabled
20220604 022503.674 INFO             PET1 ESMF_PNETCDF                : disabled
20220604 022503.674 INFO             PET1 ESMF_PIO                    : disabled
20220604 022503.674 INFO             PET1 ESMF_YAMLCPP                : enabled
20220604 022503.676 INFO             PET1 ESMF_FieldRedistStoreNF(): Just entered routine.
20220604 022503.712 INFO             PET1 ESMF_FieldRedistStoreNF(): Leaving routine.
20220604 022503.737 INFO             PET1  NUMBER_OF_PROCESSORS           4
20220604 022503.737 INFO             PET1  PASS  Example ESMF_RHandleFromFileEx, ESMF_RHandleFromFileEx.F90, line 192
20220604 022503.737 INFO             PET1 Finalizing ESMF
20220604 022503.675 INFO             PET2 !!!!!!!!!!!!!!!!!!!!!!!!!!!!!!!!!!!!!!!!!!!!!!!!!!!!!!
20220604 022503.675 INFO             PET2 !!! THE ESMF_LOG IS SET TO OUTPUT ALL LOG MESSAGES !!!
20220604 022503.675 INFO             PET2 !!!     THIS MAY CAUSE SLOWDOWN IN PERFORMANCE     !!!
20220604 022503.675 INFO             PET2 !!! FOR PRODUCTION RUNS, USE:                      !!!
20220604 022503.675 INFO             PET2 !!!                   ESMF_LOGKIND_Multi_On_Error  !!!
20220604 022503.675 INFO             PET2 !!!!!!!!!!!!!!!!!!!!!!!!!!!!!!!!!!!!!!!!!!!!!!!!!!!!!!
20220604 022503.675 INFO             PET2 Running with ESMF Version   : v8.3.0b17-1-g6ed324f6a2
20220604 022503.675 INFO             PET2 ESMF library build date/time: "Jun  4 2022" "01:58:01"
20220604 022503.675 INFO             PET2 ESMF library build location : /gpfsm/dnb04/projects/p98/mpotts/esmf/gfortran_8.3.0_intelmpi_O_release_8.3.0
20220604 022503.675 INFO             PET2 ESMF_COMM                   : intelmpi
20220604 022503.675 INFO             PET2 ESMF_MOAB                   : enabled
20220604 022503.675 INFO             PET2 ESMF_LAPACK                 : enabled
20220604 022503.675 INFO             PET2 ESMF_NETCDF                 : disabled
20220604 022503.675 INFO             PET2 ESMF_PNETCDF                : disabled
20220604 022503.675 INFO             PET2 ESMF_PIO                    : disabled
20220604 022503.675 INFO             PET2 ESMF_YAMLCPP                : enabled
20220604 022503.676 INFO             PET2 ESMF_FieldRedistStoreNF(): Just entered routine.
20220604 022503.712 INFO             PET2 ESMF_FieldRedistStoreNF(): Leaving routine.
20220604 022503.737 INFO             PET2  NUMBER_OF_PROCESSORS           4
20220604 022503.737 INFO             PET2  PASS  Example ESMF_RHandleFromFileEx, ESMF_RHandleFromFileEx.F90, line 192
20220604 022503.737 INFO             PET2 Finalizing ESMF
20220604 022503.675 INFO             PET3 !!!!!!!!!!!!!!!!!!!!!!!!!!!!!!!!!!!!!!!!!!!!!!!!!!!!!!
20220604 022503.675 INFO             PET3 !!! THE ESMF_LOG IS SET TO OUTPUT ALL LOG MESSAGES !!!
20220604 022503.675 INFO             PET3 !!!     THIS MAY CAUSE SLOWDOWN IN PERFORMANCE     !!!
20220604 022503.675 INFO             PET3 !!! FOR PRODUCTION RUNS, USE:                      !!!
20220604 022503.675 INFO             PET3 !!!                   ESMF_LOGKIND_Multi_On_Error  !!!
20220604 022503.675 INFO             PET3 !!!!!!!!!!!!!!!!!!!!!!!!!!!!!!!!!!!!!!!!!!!!!!!!!!!!!!
20220604 022503.675 INFO             PET3 Running with ESMF Version   : v8.3.0b17-1-g6ed324f6a2
20220604 022503.675 INFO             PET3 ESMF library build date/time: "Jun  4 2022" "01:58:01"
20220604 022503.675 INFO             PET3 ESMF library build location : /gpfsm/dnb04/projects/p98/mpotts/esmf/gfortran_8.3.0_intelmpi_O_release_8.3.0
20220604 022503.675 INFO             PET3 ESMF_COMM                   : intelmpi
20220604 022503.675 INFO             PET3 ESMF_MOAB                   : enabled
20220604 022503.675 INFO             PET3 ESMF_LAPACK                 : enabled
20220604 022503.675 INFO             PET3 ESMF_NETCDF                 : disabled
20220604 022503.675 INFO             PET3 ESMF_PNETCDF                : disabled
20220604 022503.675 INFO             PET3 ESMF_PIO                    : disabled
20220604 022503.675 INFO             PET3 ESMF_YAMLCPP                : enabled
20220604 022503.677 INFO             PET3 ESMF_FieldRedistStoreNF(): Just entered routine.
20220604 022503.712 INFO             PET3 ESMF_FieldRedistStoreNF(): Leaving routine.
20220604 022503.737 INFO             PET3  NUMBER_OF_PROCESSORS           4
20220604 022503.737 INFO             PET3  PASS  Example ESMF_RHandleFromFileEx, ESMF_RHandleFromFileEx.F90, line 192
20220604 022503.737 INFO             PET3 Finalizing ESMF
