build time -- 2022-06-06 18:29:29
20220606 190503.939 INFO             PET0 !!!!!!!!!!!!!!!!!!!!!!!!!!!!!!!!!!!!!!!!!!!!!!!!!!!!!!
20220606 190503.939 INFO             PET0 !!! THE ESMF_LOG IS SET TO OUTPUT ALL LOG MESSAGES !!!
20220606 190503.939 INFO             PET0 !!!     THIS MAY CAUSE SLOWDOWN IN PERFORMANCE     !!!
20220606 190503.939 INFO             PET0 !!! FOR PRODUCTION RUNS, USE:                      !!!
20220606 190503.939 INFO             PET0 !!!                   ESMF_LOGKIND_Multi_On_Error  !!!
20220606 190503.939 INFO             PET0 !!!!!!!!!!!!!!!!!!!!!!!!!!!!!!!!!!!!!!!!!!!!!!!!!!!!!!
20220606 190503.939 INFO             PET0 Running with ESMF Version   : v8.3.0
20220606 190503.939 INFO             PET0 ESMF library build date/time: "Jun  6 2022" "18:27:46"
20220606 190503.939 INFO             PET0 ESMF library build location : /scratch1/NCEPDEV/stmp2/role.esmfmaint/intel_18.0.5b_intelmpi_O_v8.3.0
20220606 190503.939 INFO             PET0 ESMF_COMM                   : intelmpi
20220606 190503.940 INFO             PET0 ESMF_MOAB                   : enabled
20220606 190503.940 INFO             PET0 ESMF_LAPACK                 : enabled
20220606 190503.940 INFO             PET0 ESMF_NETCDF                 : enabled
20220606 190503.940 INFO             PET0 ESMF_PNETCDF                : disabled
20220606 190503.940 INFO             PET0 ESMF_PIO                    : enabled
20220606 190503.940 INFO             PET0 ESMF_YAMLCPP                : enabled
20220606 190503.976 DEBUG            PET0 about to destroy Grid: 0x19d4e80
20220606 190503.980 DEBUG            PET0 about to destroy Grid: 0x19d6900
20220606 190503.989 INFO             PET0  NUMBER_OF_PROCESSORS           4
20220606 190503.989 INFO             PET0  PASS  Example ESMF_NUOPCAtmModelEx, ESMF_NUOPCAtmModelEx.F90, line 806
20220606 190503.989 INFO             PET0 Finalizing ESMF
20220606 190503.939 INFO             PET1 !!!!!!!!!!!!!!!!!!!!!!!!!!!!!!!!!!!!!!!!!!!!!!!!!!!!!!
20220606 190503.939 INFO             PET1 !!! THE ESMF_LOG IS SET TO OUTPUT ALL LOG MESSAGES !!!
20220606 190503.939 INFO             PET1 !!!     THIS MAY CAUSE SLOWDOWN IN PERFORMANCE     !!!
20220606 190503.939 INFO             PET1 !!! FOR PRODUCTION RUNS, USE:                      !!!
20220606 190503.939 INFO             PET1 !!!                   ESMF_LOGKIND_Multi_On_Error  !!!
20220606 190503.939 INFO             PET1 !!!!!!!!!!!!!!!!!!!!!!!!!!!!!!!!!!!!!!!!!!!!!!!!!!!!!!
20220606 190503.939 INFO             PET1 Running with ESMF Version   : v8.3.0
20220606 190503.939 INFO             PET1 ESMF library build date/time: "Jun  6 2022" "18:27:46"
20220606 190503.939 INFO             PET1 ESMF library build location : /scratch1/NCEPDEV/stmp2/role.esmfmaint/intel_18.0.5b_intelmpi_O_v8.3.0
20220606 190503.939 INFO             PET1 ESMF_COMM                   : intelmpi
20220606 190503.940 INFO             PET1 ESMF_MOAB                   : enabled
20220606 190503.940 INFO             PET1 ESMF_LAPACK                 : enabled
20220606 190503.940 INFO             PET1 ESMF_NETCDF                 : enabled
20220606 190503.940 INFO             PET1 ESMF_PNETCDF                : disabled
20220606 190503.940 INFO             PET1 ESMF_PIO                    : enabled
20220606 190503.940 INFO             PET1 ESMF_YAMLCPP                : enabled
20220606 190503.976 DEBUG            PET1 about to destroy Grid: 0x11efad0
20220606 190503.980 DEBUG            PET1 about to destroy Grid: 0x11f0860
20220606 190503.989 INFO             PET1  NUMBER_OF_PROCESSORS           4
20220606 190503.989 INFO             PET1  PASS  Example ESMF_NUOPCAtmModelEx, ESMF_NUOPCAtmModelEx.F90, line 806
20220606 190503.989 INFO             PET1 Finalizing ESMF
20220606 190503.939 INFO             PET2 !!!!!!!!!!!!!!!!!!!!!!!!!!!!!!!!!!!!!!!!!!!!!!!!!!!!!!
20220606 190503.939 INFO             PET2 !!! THE ESMF_LOG IS SET TO OUTPUT ALL LOG MESSAGES !!!
20220606 190503.939 INFO             PET2 !!!     THIS MAY CAUSE SLOWDOWN IN PERFORMANCE     !!!
20220606 190503.939 INFO             PET2 !!! FOR PRODUCTION RUNS, USE:                      !!!
20220606 190503.939 INFO             PET2 !!!                   ESMF_LOGKIND_Multi_On_Error  !!!
20220606 190503.939 INFO             PET2 !!!!!!!!!!!!!!!!!!!!!!!!!!!!!!!!!!!!!!!!!!!!!!!!!!!!!!
20220606 190503.939 INFO             PET2 Running with ESMF Version   : v8.3.0
20220606 190503.939 INFO             PET2 ESMF library build date/time: "Jun  6 2022" "18:27:46"
20220606 190503.939 INFO             PET2 ESMF library build location : /scratch1/NCEPDEV/stmp2/role.esmfmaint/intel_18.0.5b_intelmpi_O_v8.3.0
20220606 190503.939 INFO             PET2 ESMF_COMM                   : intelmpi
20220606 190503.940 INFO             PET2 ESMF_MOAB                   : enabled
20220606 190503.940 INFO             PET2 ESMF_LAPACK                 : enabled
20220606 190503.940 INFO             PET2 ESMF_NETCDF                 : enabled
20220606 190503.940 INFO             PET2 ESMF_PNETCDF                : disabled
20220606 190503.940 INFO             PET2 ESMF_PIO                    : enabled
20220606 190503.940 INFO             PET2 ESMF_YAMLCPP                : enabled
20220606 190503.976 DEBUG            PET2 about to destroy Grid: 0xbe1ad0
20220606 190503.980 DEBUG            PET2 about to destroy Grid: 0xbe2860
20220606 190503.989 INFO             PET2  NUMBER_OF_PROCESSORS           4
20220606 190503.989 INFO             PET2  PASS  Example ESMF_NUOPCAtmModelEx, ESMF_NUOPCAtmModelEx.F90, line 806
20220606 190503.989 INFO             PET2 Finalizing ESMF
20220606 190503.939 INFO             PET3 !!!!!!!!!!!!!!!!!!!!!!!!!!!!!!!!!!!!!!!!!!!!!!!!!!!!!!
20220606 190503.939 INFO             PET3 !!! THE ESMF_LOG IS SET TO OUTPUT ALL LOG MESSAGES !!!
20220606 190503.939 INFO             PET3 !!!     THIS MAY CAUSE SLOWDOWN IN PERFORMANCE     !!!
20220606 190503.939 INFO             PET3 !!! FOR PRODUCTION RUNS, USE:                      !!!
20220606 190503.939 INFO             PET3 !!!                   ESMF_LOGKIND_Multi_On_Error  !!!
20220606 190503.939 INFO             PET3 !!!!!!!!!!!!!!!!!!!!!!!!!!!!!!!!!!!!!!!!!!!!!!!!!!!!!!
20220606 190503.939 INFO             PET3 Running with ESMF Version   : v8.3.0
20220606 190503.939 INFO             PET3 ESMF library build date/time: "Jun  6 2022" "18:27:46"
20220606 190503.939 INFO             PET3 ESMF library build location : /scratch1/NCEPDEV/stmp2/role.esmfmaint/intel_18.0.5b_intelmpi_O_v8.3.0
20220606 190503.939 INFO             PET3 ESMF_COMM                   : intelmpi
20220606 190503.940 INFO             PET3 ESMF_MOAB                   : enabled
20220606 190503.940 INFO             PET3 ESMF_LAPACK                 : enabled
20220606 190503.940 INFO             PET3 ESMF_NETCDF                 : enabled
20220606 190503.940 INFO             PET3 ESMF_PNETCDF                : disabled
20220606 190503.940 INFO             PET3 ESMF_PIO                    : enabled
20220606 190503.940 INFO             PET3 ESMF_YAMLCPP                : enabled
20220606 190503.976 DEBUG            PET3 about to destroy Grid: 0xdbfad0
20220606 190503.980 DEBUG            PET3 about to destroy Grid: 0xdc0860
20220606 190503.989 INFO             PET3  NUMBER_OF_PROCESSORS           4
20220606 190503.989 INFO             PET3  PASS  Example ESMF_NUOPCAtmModelEx, ESMF_NUOPCAtmModelEx.F90, line 806
20220606 190503.989 INFO             PET3 Finalizing ESMF
