build time -- 2022-05-21 04:59:33
20220521 200412.146 INFO             PET0 !!!!!!!!!!!!!!!!!!!!!!!!!!!!!!!!!!!!!!!!!!!!!!!!!!!!!!
20220521 200412.146 INFO             PET0 !!! THE ESMF_LOG IS SET TO OUTPUT ALL LOG MESSAGES !!!
20220521 200412.146 INFO             PET0 !!!     THIS MAY CAUSE SLOWDOWN IN PERFORMANCE     !!!
20220521 200412.146 INFO             PET0 !!! FOR PRODUCTION RUNS, USE:                      !!!
20220521 200412.146 INFO             PET0 !!!                   ESMF_LOGKIND_Multi_On_Error  !!!
20220521 200412.146 INFO             PET0 !!!!!!!!!!!!!!!!!!!!!!!!!!!!!!!!!!!!!!!!!!!!!!!!!!!!!!
20220521 200412.146 INFO             PET0 Running with ESMF Version   : v8.3.0b16
20220521 200412.146 INFO             PET0 ESMF library build date/time: "May 21 2022" "04:57:40"
20220521 200412.146 INFO             PET0 ESMF library build location : /global/cscratch1/sd/rsdunlap/esmf-testing/intel_19.1.2_mpi_g_develop
20220521 200412.146 INFO             PET0 ESMF_COMM                   : mpi
20220521 200412.148 INFO             PET0 ESMF_MOAB                   : enabled
20220521 200412.148 INFO             PET0 ESMF_LAPACK                 : enabled
20220521 200412.148 INFO             PET0 ESMF_NETCDF                 : enabled
20220521 200412.148 INFO             PET0 ESMF_PNETCDF                : disabled
20220521 200412.148 INFO             PET0 ESMF_PIO                    : enabled
20220521 200412.148 INFO             PET0 ESMF_YAMLCPP                : enabled
20220521 200412.195 DEBUG            PET0 about to destroy Grid: 0x100001e74a0
20220521 200412.199 DEBUG            PET0 about to destroy Grid: 0x100001ea830
20220521 200412.217 INFO             PET0  NUMBER_OF_PROCESSORS           4
20220521 200412.217 INFO             PET0  PASS  Example ESMF_NUOPCAtmModelEx, ESMF_NUOPCAtmModelEx.F90, line 806
20220521 200412.217 INFO             PET0 Finalizing ESMF
20220521 200412.146 INFO             PET1 !!!!!!!!!!!!!!!!!!!!!!!!!!!!!!!!!!!!!!!!!!!!!!!!!!!!!!
20220521 200412.146 INFO             PET1 !!! THE ESMF_LOG IS SET TO OUTPUT ALL LOG MESSAGES !!!
20220521 200412.146 INFO             PET1 !!!     THIS MAY CAUSE SLOWDOWN IN PERFORMANCE     !!!
20220521 200412.146 INFO             PET1 !!! FOR PRODUCTION RUNS, USE:                      !!!
20220521 200412.146 INFO             PET1 !!!                   ESMF_LOGKIND_Multi_On_Error  !!!
20220521 200412.146 INFO             PET1 !!!!!!!!!!!!!!!!!!!!!!!!!!!!!!!!!!!!!!!!!!!!!!!!!!!!!!
20220521 200412.146 INFO             PET1 Running with ESMF Version   : v8.3.0b16
20220521 200412.146 INFO             PET1 ESMF library build date/time: "May 21 2022" "04:57:40"
20220521 200412.146 INFO             PET1 ESMF library build location : /global/cscratch1/sd/rsdunlap/esmf-testing/intel_19.1.2_mpi_g_develop
20220521 200412.146 INFO             PET1 ESMF_COMM                   : mpi
20220521 200412.148 INFO             PET1 ESMF_MOAB                   : enabled
20220521 200412.148 INFO             PET1 ESMF_LAPACK                 : enabled
20220521 200412.148 INFO             PET1 ESMF_NETCDF                 : enabled
20220521 200412.148 INFO             PET1 ESMF_PNETCDF                : disabled
20220521 200412.148 INFO             PET1 ESMF_PIO                    : enabled
20220521 200412.148 INFO             PET1 ESMF_YAMLCPP                : enabled
20220521 200412.195 DEBUG            PET1 about to destroy Grid: 0x100001e6c90
20220521 200412.199 DEBUG            PET1 about to destroy Grid: 0x100001e8210
20220521 200412.217 INFO             PET1  NUMBER_OF_PROCESSORS           4
20220521 200412.217 INFO             PET1  PASS  Example ESMF_NUOPCAtmModelEx, ESMF_NUOPCAtmModelEx.F90, line 806
20220521 200412.217 INFO             PET1 Finalizing ESMF
20220521 200412.146 INFO             PET2 !!!!!!!!!!!!!!!!!!!!!!!!!!!!!!!!!!!!!!!!!!!!!!!!!!!!!!
20220521 200412.146 INFO             PET2 !!! THE ESMF_LOG IS SET TO OUTPUT ALL LOG MESSAGES !!!
20220521 200412.146 INFO             PET2 !!!     THIS MAY CAUSE SLOWDOWN IN PERFORMANCE     !!!
20220521 200412.146 INFO             PET2 !!! FOR PRODUCTION RUNS, USE:                      !!!
20220521 200412.146 INFO             PET2 !!!                   ESMF_LOGKIND_Multi_On_Error  !!!
20220521 200412.146 INFO             PET2 !!!!!!!!!!!!!!!!!!!!!!!!!!!!!!!!!!!!!!!!!!!!!!!!!!!!!!
20220521 200412.146 INFO             PET2 Running with ESMF Version   : v8.3.0b16
20220521 200412.146 INFO             PET2 ESMF library build date/time: "May 21 2022" "04:57:40"
20220521 200412.146 INFO             PET2 ESMF library build location : /global/cscratch1/sd/rsdunlap/esmf-testing/intel_19.1.2_mpi_g_develop
20220521 200412.146 INFO             PET2 ESMF_COMM                   : mpi
20220521 200412.148 INFO             PET2 ESMF_MOAB                   : enabled
20220521 200412.148 INFO             PET2 ESMF_LAPACK                 : enabled
20220521 200412.148 INFO             PET2 ESMF_NETCDF                 : enabled
20220521 200412.148 INFO             PET2 ESMF_PNETCDF                : disabled
20220521 200412.148 INFO             PET2 ESMF_PIO                    : enabled
20220521 200412.148 INFO             PET2 ESMF_YAMLCPP                : enabled
20220521 200412.195 DEBUG            PET2 about to destroy Grid: 0x100001e7000
20220521 200412.199 DEBUG            PET2 about to destroy Grid: 0x100001e8560
20220521 200412.217 INFO             PET2  NUMBER_OF_PROCESSORS           4
20220521 200412.217 INFO             PET2  PASS  Example ESMF_NUOPCAtmModelEx, ESMF_NUOPCAtmModelEx.F90, line 806
20220521 200412.217 INFO             PET2 Finalizing ESMF
20220521 200412.146 INFO             PET3 !!!!!!!!!!!!!!!!!!!!!!!!!!!!!!!!!!!!!!!!!!!!!!!!!!!!!!
20220521 200412.146 INFO             PET3 !!! THE ESMF_LOG IS SET TO OUTPUT ALL LOG MESSAGES !!!
20220521 200412.146 INFO             PET3 !!!     THIS MAY CAUSE SLOWDOWN IN PERFORMANCE     !!!
20220521 200412.146 INFO             PET3 !!! FOR PRODUCTION RUNS, USE:                      !!!
20220521 200412.146 INFO             PET3 !!!                   ESMF_LOGKIND_Multi_On_Error  !!!
20220521 200412.146 INFO             PET3 !!!!!!!!!!!!!!!!!!!!!!!!!!!!!!!!!!!!!!!!!!!!!!!!!!!!!!
20220521 200412.146 INFO             PET3 Running with ESMF Version   : v8.3.0b16
20220521 200412.146 INFO             PET3 ESMF library build date/time: "May 21 2022" "04:57:40"
20220521 200412.146 INFO             PET3 ESMF library build location : /global/cscratch1/sd/rsdunlap/esmf-testing/intel_19.1.2_mpi_g_develop
20220521 200412.146 INFO             PET3 ESMF_COMM                   : mpi
20220521 200412.148 INFO             PET3 ESMF_MOAB                   : enabled
20220521 200412.148 INFO             PET3 ESMF_LAPACK                 : enabled
20220521 200412.148 INFO             PET3 ESMF_NETCDF                 : enabled
20220521 200412.148 INFO             PET3 ESMF_PNETCDF                : disabled
20220521 200412.148 INFO             PET3 ESMF_PIO                    : enabled
20220521 200412.148 INFO             PET3 ESMF_YAMLCPP                : enabled
20220521 200412.195 DEBUG            PET3 about to destroy Grid: 0x100001e6bd0
20220521 200412.199 DEBUG            PET3 about to destroy Grid: 0x100001e8150
20220521 200412.217 INFO             PET3  NUMBER_OF_PROCESSORS           4
20220521 200412.217 INFO             PET3  PASS  Example ESMF_NUOPCAtmModelEx, ESMF_NUOPCAtmModelEx.F90, line 806
20220521 200412.217 INFO             PET3 Finalizing ESMF
