build time -- 2022-06-04 07:16:26
20220604 165331.872 INFO             PET0 !!!!!!!!!!!!!!!!!!!!!!!!!!!!!!!!!!!!!!!!!!!!!!!!!!!!!!
20220604 165331.872 INFO             PET0 !!! THE ESMF_LOG IS SET TO OUTPUT ALL LOG MESSAGES !!!
20220604 165331.872 INFO             PET0 !!!     THIS MAY CAUSE SLOWDOWN IN PERFORMANCE     !!!
20220604 165331.872 INFO             PET0 !!! FOR PRODUCTION RUNS, USE:                      !!!
20220604 165331.872 INFO             PET0 !!!                   ESMF_LOGKIND_Multi_On_Error  !!!
20220604 165331.872 INFO             PET0 !!!!!!!!!!!!!!!!!!!!!!!!!!!!!!!!!!!!!!!!!!!!!!!!!!!!!!
20220604 165331.872 INFO             PET0 Running with ESMF Version   : v8.4.0b01
20220604 165331.872 INFO             PET0 ESMF library build date/time: "Jun  4 2022" "07:14:41"
20220604 165331.872 INFO             PET0 ESMF library build location : /global/cscratch1/sd/rsdunlap/esmf-testing/intel_19.1.2_mpi_g_develop
20220604 165331.872 INFO             PET0 ESMF_COMM                   : mpi
20220604 165331.873 INFO             PET0 ESMF_MOAB                   : enabled
20220604 165331.873 INFO             PET0 ESMF_LAPACK                 : enabled
20220604 165331.873 INFO             PET0 ESMF_NETCDF                 : enabled
20220604 165331.873 INFO             PET0 ESMF_PNETCDF                : disabled
20220604 165331.873 INFO             PET0 ESMF_PIO                    : enabled
20220604 165331.873 INFO             PET0 ESMF_YAMLCPP                : enabled
20220604 165331.874 INFO             PET0  NUMBER_OF_PROCESSORS           1
20220604 165331.874 INFO             PET0  PASS  Example ESMF_TimeEx, ESMF_TimeEx.F90, line 141
20220604 165331.874 INFO             PET0 Finalizing ESMF
