build time -- 2022-06-02 03:07:43
srun: Job 59784611 step creation temporarily disabled, retrying (Requested nodes are busy)
srun: Step created for job 59784611
 localSum=   12345.6000000000     
 localSum=   12345.6000000000     
 localSum=   12345.6000000000     
 localSum=   12345.6000000000     
 localSum=   987.648000000000     
 localSum=   3654.31200000000     
 localSum=   987.648000000000     
 localSum=   3654.31200000000     
 localSum=   987.648000000000     
 localSum=   3654.31200000000     
 localSum=   987.648000000000     
 localSum=   3654.31200000000     
  PASS  Example ESMF_ArrayLarrayEx, ESMF_ArrayLarrayEx.F90, line 325
  PASS  Example ESMF_ArrayLarrayEx, ESMF_ArrayLarrayEx.F90, line 325
  PASS  Example ESMF_ArrayLarrayEx, ESMF_ArrayLarrayEx.F90, line 325
  PASS  Example ESMF_ArrayLarrayEx, ESMF_ArrayLarrayEx.F90, line 325
 PASS: ESMF_ArrayLarrayEx.F90
 PASS: ESMF_ArrayLarrayEx.F90
 PASS: ESMF_ArrayLarrayEx.F90
 PASS: ESMF_ArrayLarrayEx.F90
