build time -- 2022-04-07 03:00:54.975948
20220407 032026.965 INFO             PET0 !!!!!!!!!!!!!!!!!!!!!!!!!!!!!!!!!!!!!!!!!!!!!!!!!!!!!!
20220407 032026.965 INFO             PET0 !!! THE ESMF_LOG IS SET TO OUTPUT ALL LOG MESSAGES !!!
20220407 032026.965 INFO             PET0 !!!     THIS MAY CAUSE SLOWDOWN IN PERFORMANCE     !!!
20220407 032026.965 INFO             PET0 !!! FOR PRODUCTION RUNS, USE:                      !!!
20220407 032026.965 INFO             PET0 !!!                   ESMF_LOGKIND_Multi_On_Error  !!!
20220407 032026.965 INFO             PET0 !!!!!!!!!!!!!!!!!!!!!!!!!!!!!!!!!!!!!!!!!!!!!!!!!!!!!!
20220407 032026.965 INFO             PET0 Running with ESMF Version   : v8.3.0b12
20220407 032026.965 INFO             PET0 ESMF library build date/time: "Apr  7 2022" "02:59:42"
20220407 032026.965 INFO             PET0 ESMF library build location : /home/mpotts/intel_2021.2_intelmpi_g_develop
20220407 032026.965 INFO             PET0 ESMF_COMM                   : intelmpi
20220407 032026.965 INFO             PET0 ESMF_MOAB                   : enabled
20220407 032026.965 INFO             PET0 ESMF_LAPACK                 : enabled
20220407 032026.965 INFO             PET0 ESMF_NETCDF                 : enabled
20220407 032026.965 INFO             PET0 ESMF_PNETCDF                : disabled
20220407 032026.965 INFO             PET0 ESMF_PIO                    : enabled
20220407 032026.965 INFO             PET0 ESMF_YAMLCPP                : enabled
20220407 032026.965 INFO             PET0  NUMBER_OF_PROCESSORS           2
20220407 032026.965 INFO             PET0  PASS  Example ESMF_VMUserMpiCommEx, ESMF_VMUserMpiCommEx.F90, line 113
20220407 032026.965 INFO             PET0 Finalizing ESMF
20220407 032026.965 INFO             PET1 !!!!!!!!!!!!!!!!!!!!!!!!!!!!!!!!!!!!!!!!!!!!!!!!!!!!!!
20220407 032026.965 INFO             PET1 !!! THE ESMF_LOG IS SET TO OUTPUT ALL LOG MESSAGES !!!
20220407 032026.965 INFO             PET1 !!!     THIS MAY CAUSE SLOWDOWN IN PERFORMANCE     !!!
20220407 032026.965 INFO             PET1 !!! FOR PRODUCTION RUNS, USE:                      !!!
20220407 032026.965 INFO             PET1 !!!                   ESMF_LOGKIND_Multi_On_Error  !!!
20220407 032026.965 INFO             PET1 !!!!!!!!!!!!!!!!!!!!!!!!!!!!!!!!!!!!!!!!!!!!!!!!!!!!!!
20220407 032026.965 INFO             PET1 Running with ESMF Version   : v8.3.0b12
20220407 032026.965 INFO             PET1 ESMF library build date/time: "Apr  7 2022" "02:59:42"
20220407 032026.965 INFO             PET1 ESMF library build location : /home/mpotts/intel_2021.2_intelmpi_g_develop
20220407 032026.965 INFO             PET1 ESMF_COMM                   : intelmpi
20220407 032026.965 INFO             PET1 ESMF_MOAB                   : enabled
20220407 032026.965 INFO             PET1 ESMF_LAPACK                 : enabled
20220407 032026.965 INFO             PET1 ESMF_NETCDF                 : enabled
20220407 032026.965 INFO             PET1 ESMF_PNETCDF                : disabled
20220407 032026.965 INFO             PET1 ESMF_PIO                    : enabled
20220407 032026.965 INFO             PET1 ESMF_YAMLCPP                : enabled
20220407 032026.965 INFO             PET1  NUMBER_OF_PROCESSORS           2
20220407 032026.965 INFO             PET1  PASS  Example ESMF_VMUserMpiCommEx, ESMF_VMUserMpiCommEx.F90, line 113
20220407 032026.965 INFO             PET1 Finalizing ESMF
