build time -- 2022-05-25 04:17:57.904038
20220525 043718.748 INFO             PET0 !!!!!!!!!!!!!!!!!!!!!!!!!!!!!!!!!!!!!!!!!!!!!!!!!!!!!!
20220525 043718.748 INFO             PET0 !!! THE ESMF_LOG IS SET TO OUTPUT ALL LOG MESSAGES !!!
20220525 043718.748 INFO             PET0 !!!     THIS MAY CAUSE SLOWDOWN IN PERFORMANCE     !!!
20220525 043718.748 INFO             PET0 !!! FOR PRODUCTION RUNS, USE:                      !!!
20220525 043718.748 INFO             PET0 !!!                   ESMF_LOGKIND_Multi_On_Error  !!!
20220525 043718.748 INFO             PET0 !!!!!!!!!!!!!!!!!!!!!!!!!!!!!!!!!!!!!!!!!!!!!!!!!!!!!!
20220525 043718.748 INFO             PET0 Running with ESMF Version   : v8.3.0b16
20220525 043718.748 INFO             PET0 ESMF library build date/time: "May 25 2022" "04:16:47"
20220525 043718.749 INFO             PET0 ESMF library build location : /home/mpotts/intel_2021.2_intelmpi_g_develop
20220525 043718.749 INFO             PET0 ESMF_COMM                   : intelmpi
20220525 043718.749 INFO             PET0 ESMF_MOAB                   : enabled
20220525 043718.749 INFO             PET0 ESMF_LAPACK                 : enabled
20220525 043718.749 INFO             PET0 ESMF_NETCDF                 : enabled
20220525 043718.749 INFO             PET0 ESMF_PNETCDF                : disabled
20220525 043718.749 INFO             PET0 ESMF_PIO                    : enabled
20220525 043718.749 INFO             PET0 ESMF_YAMLCPP                : enabled
20220525 043718.752 INFO             PET0  NUMBER_OF_PROCESSORS           1
20220525 043718.752 INFO             PET0  PASS  Example ESMF_AlarmEx, ESMF_AlarmEx.F90, line 244
20220525 043718.752 INFO             PET0 Finalizing ESMF
