build time -- 2022-05-28 04:20:19.634516
20220528 043918.260 INFO             PET0 !!!!!!!!!!!!!!!!!!!!!!!!!!!!!!!!!!!!!!!!!!!!!!!!!!!!!!
20220528 043918.260 INFO             PET0 !!! THE ESMF_LOG IS SET TO OUTPUT ALL LOG MESSAGES !!!
20220528 043918.260 INFO             PET0 !!!     THIS MAY CAUSE SLOWDOWN IN PERFORMANCE     !!!
20220528 043918.261 INFO             PET0 !!! FOR PRODUCTION RUNS, USE:                      !!!
20220528 043918.261 INFO             PET0 !!!                   ESMF_LOGKIND_Multi_On_Error  !!!
20220528 043918.261 INFO             PET0 !!!!!!!!!!!!!!!!!!!!!!!!!!!!!!!!!!!!!!!!!!!!!!!!!!!!!!
20220528 043918.261 INFO             PET0 Running with ESMF Version   : v8.3.0b16
20220528 043918.261 INFO             PET0 ESMF library build date/time: "May 28 2022" "04:19:10"
20220528 043918.261 INFO             PET0 ESMF library build location : /home/mpotts/intel_2021.2_intelmpi_g_develop
20220528 043918.261 INFO             PET0 ESMF_COMM                   : intelmpi
20220528 043918.261 INFO             PET0 ESMF_MOAB                   : enabled
20220528 043918.261 INFO             PET0 ESMF_LAPACK                 : enabled
20220528 043918.261 INFO             PET0 ESMF_NETCDF                 : enabled
20220528 043918.261 INFO             PET0 ESMF_PNETCDF                : disabled
20220528 043918.261 INFO             PET0 ESMF_PIO                    : enabled
20220528 043918.261 INFO             PET0 ESMF_YAMLCPP                : enabled
20220528 043918.284 INFO             PET0 ESMF_FieldRedistStoreNF(): Just entered routine.
20220528 043918.543 INFO             PET0 ESMF_FieldRedistStoreNF(): Leaving routine.
20220528 043918.730 INFO             PET0  NUMBER_OF_PROCESSORS           4
20220528 043918.731 INFO             PET0  PASS  Example ESMF_RHandleFromFileEx, ESMF_RHandleFromFileEx.F90, line 192
20220528 043918.731 INFO             PET0 Finalizing ESMF
20220528 043918.260 INFO             PET1 !!!!!!!!!!!!!!!!!!!!!!!!!!!!!!!!!!!!!!!!!!!!!!!!!!!!!!
20220528 043918.260 INFO             PET1 !!! THE ESMF_LOG IS SET TO OUTPUT ALL LOG MESSAGES !!!
20220528 043918.260 INFO             PET1 !!!     THIS MAY CAUSE SLOWDOWN IN PERFORMANCE     !!!
20220528 043918.261 INFO             PET1 !!! FOR PRODUCTION RUNS, USE:                      !!!
20220528 043918.261 INFO             PET1 !!!                   ESMF_LOGKIND_Multi_On_Error  !!!
20220528 043918.261 INFO             PET1 !!!!!!!!!!!!!!!!!!!!!!!!!!!!!!!!!!!!!!!!!!!!!!!!!!!!!!
20220528 043918.261 INFO             PET1 Running with ESMF Version   : v8.3.0b16
20220528 043918.261 INFO             PET1 ESMF library build date/time: "May 28 2022" "04:19:10"
20220528 043918.261 INFO             PET1 ESMF library build location : /home/mpotts/intel_2021.2_intelmpi_g_develop
20220528 043918.261 INFO             PET1 ESMF_COMM                   : intelmpi
20220528 043918.261 INFO             PET1 ESMF_MOAB                   : enabled
20220528 043918.261 INFO             PET1 ESMF_LAPACK                 : enabled
20220528 043918.261 INFO             PET1 ESMF_NETCDF                 : enabled
20220528 043918.261 INFO             PET1 ESMF_PNETCDF                : disabled
20220528 043918.261 INFO             PET1 ESMF_PIO                    : enabled
20220528 043918.261 INFO             PET1 ESMF_YAMLCPP                : enabled
20220528 043918.282 INFO             PET1 ESMF_FieldRedistStoreNF(): Just entered routine.
20220528 043918.543 INFO             PET1 ESMF_FieldRedistStoreNF(): Leaving routine.
20220528 043918.730 INFO             PET1  NUMBER_OF_PROCESSORS           4
20220528 043918.731 INFO             PET1  PASS  Example ESMF_RHandleFromFileEx, ESMF_RHandleFromFileEx.F90, line 192
20220528 043918.731 INFO             PET1 Finalizing ESMF
20220528 043918.260 INFO             PET2 !!!!!!!!!!!!!!!!!!!!!!!!!!!!!!!!!!!!!!!!!!!!!!!!!!!!!!
20220528 043918.260 INFO             PET2 !!! THE ESMF_LOG IS SET TO OUTPUT ALL LOG MESSAGES !!!
20220528 043918.260 INFO             PET2 !!!     THIS MAY CAUSE SLOWDOWN IN PERFORMANCE     !!!
20220528 043918.260 INFO             PET2 !!! FOR PRODUCTION RUNS, USE:                      !!!
20220528 043918.261 INFO             PET2 !!!                   ESMF_LOGKIND_Multi_On_Error  !!!
20220528 043918.261 INFO             PET2 !!!!!!!!!!!!!!!!!!!!!!!!!!!!!!!!!!!!!!!!!!!!!!!!!!!!!!
20220528 043918.261 INFO             PET2 Running with ESMF Version   : v8.3.0b16
20220528 043918.261 INFO             PET2 ESMF library build date/time: "May 28 2022" "04:19:10"
20220528 043918.261 INFO             PET2 ESMF library build location : /home/mpotts/intel_2021.2_intelmpi_g_develop
20220528 043918.261 INFO             PET2 ESMF_COMM                   : intelmpi
20220528 043918.261 INFO             PET2 ESMF_MOAB                   : enabled
20220528 043918.261 INFO             PET2 ESMF_LAPACK                 : enabled
20220528 043918.261 INFO             PET2 ESMF_NETCDF                 : enabled
20220528 043918.261 INFO             PET2 ESMF_PNETCDF                : disabled
20220528 043918.261 INFO             PET2 ESMF_PIO                    : enabled
20220528 043918.261 INFO             PET2 ESMF_YAMLCPP                : enabled
20220528 043918.282 INFO             PET2 ESMF_FieldRedistStoreNF(): Just entered routine.
20220528 043918.543 INFO             PET2 ESMF_FieldRedistStoreNF(): Leaving routine.
20220528 043918.730 INFO             PET2  NUMBER_OF_PROCESSORS           4
20220528 043918.731 INFO             PET2  PASS  Example ESMF_RHandleFromFileEx, ESMF_RHandleFromFileEx.F90, line 192
20220528 043918.731 INFO             PET2 Finalizing ESMF
20220528 043918.260 INFO             PET3 !!!!!!!!!!!!!!!!!!!!!!!!!!!!!!!!!!!!!!!!!!!!!!!!!!!!!!
20220528 043918.260 INFO             PET3 !!! THE ESMF_LOG IS SET TO OUTPUT ALL LOG MESSAGES !!!
20220528 043918.260 INFO             PET3 !!!     THIS MAY CAUSE SLOWDOWN IN PERFORMANCE     !!!
20220528 043918.260 INFO             PET3 !!! FOR PRODUCTION RUNS, USE:                      !!!
20220528 043918.260 INFO             PET3 !!!                   ESMF_LOGKIND_Multi_On_Error  !!!
20220528 043918.260 INFO             PET3 !!!!!!!!!!!!!!!!!!!!!!!!!!!!!!!!!!!!!!!!!!!!!!!!!!!!!!
20220528 043918.261 INFO             PET3 Running with ESMF Version   : v8.3.0b16
20220528 043918.261 INFO             PET3 ESMF library build date/time: "May 28 2022" "04:19:10"
20220528 043918.261 INFO             PET3 ESMF library build location : /home/mpotts/intel_2021.2_intelmpi_g_develop
20220528 043918.261 INFO             PET3 ESMF_COMM                   : intelmpi
20220528 043918.261 INFO             PET3 ESMF_MOAB                   : enabled
20220528 043918.261 INFO             PET3 ESMF_LAPACK                 : enabled
20220528 043918.261 INFO             PET3 ESMF_NETCDF                 : enabled
20220528 043918.261 INFO             PET3 ESMF_PNETCDF                : disabled
20220528 043918.261 INFO             PET3 ESMF_PIO                    : enabled
20220528 043918.261 INFO             PET3 ESMF_YAMLCPP                : enabled
20220528 043918.284 INFO             PET3 ESMF_FieldRedistStoreNF(): Just entered routine.
20220528 043918.543 INFO             PET3 ESMF_FieldRedistStoreNF(): Leaving routine.
20220528 043918.730 INFO             PET3  NUMBER_OF_PROCESSORS           4
20220528 043918.731 INFO             PET3  PASS  Example ESMF_RHandleFromFileEx, ESMF_RHandleFromFileEx.F90, line 192
20220528 043918.731 INFO             PET3 Finalizing ESMF
