build time -- 2022-04-04 03:00:54.908151
20220404 032131.582 INFO             PET0 !!!!!!!!!!!!!!!!!!!!!!!!!!!!!!!!!!!!!!!!!!!!!!!!!!!!!!
20220404 032131.582 INFO             PET0 !!! THE ESMF_LOG IS SET TO OUTPUT ALL LOG MESSAGES !!!
20220404 032131.582 INFO             PET0 !!!     THIS MAY CAUSE SLOWDOWN IN PERFORMANCE     !!!
20220404 032131.582 INFO             PET0 !!! FOR PRODUCTION RUNS, USE:                      !!!
20220404 032131.582 INFO             PET0 !!!                   ESMF_LOGKIND_Multi_On_Error  !!!
20220404 032131.582 INFO             PET0 !!!!!!!!!!!!!!!!!!!!!!!!!!!!!!!!!!!!!!!!!!!!!!!!!!!!!!
20220404 032131.582 INFO             PET0 Running with ESMF Version   : v8.3.0b12
20220404 032131.582 INFO             PET0 ESMF library build date/time: "Apr  4 2022" "02:59:40"
20220404 032131.582 INFO             PET0 ESMF library build location : /home/mpotts/intel_2021.2_intelmpi_g_develop
20220404 032131.582 INFO             PET0 ESMF_COMM                   : intelmpi
20220404 032131.583 INFO             PET0 ESMF_MOAB                   : enabled
20220404 032131.583 INFO             PET0 ESMF_LAPACK                 : enabled
20220404 032131.583 INFO             PET0 ESMF_NETCDF                 : enabled
20220404 032131.583 INFO             PET0 ESMF_PNETCDF                : disabled
20220404 032131.583 INFO             PET0 ESMF_PIO                    : enabled
20220404 032131.583 INFO             PET0 ESMF_YAMLCPP                : enabled
20220404 032131.590 INFO             PET0  NUMBER_OF_PROCESSORS           1
20220404 032131.590 INFO             PET0  PASS  Example ESMF_XGridSparseMatEx, ESMF_XGridSparseMatEx.F90, line 642
20220404 032131.590 INFO             PET0 Finalizing ESMF
