build time -- 2022-06-01 04:18:28.333919
20220601 043932.942 INFO             PET0 !!!!!!!!!!!!!!!!!!!!!!!!!!!!!!!!!!!!!!!!!!!!!!!!!!!!!!
20220601 043932.942 INFO             PET0 !!! THE ESMF_LOG IS SET TO OUTPUT ALL LOG MESSAGES !!!
20220601 043932.942 INFO             PET0 !!!     THIS MAY CAUSE SLOWDOWN IN PERFORMANCE     !!!
20220601 043932.942 INFO             PET0 !!! FOR PRODUCTION RUNS, USE:                      !!!
20220601 043932.942 INFO             PET0 !!!                   ESMF_LOGKIND_Multi_On_Error  !!!
20220601 043932.942 INFO             PET0 !!!!!!!!!!!!!!!!!!!!!!!!!!!!!!!!!!!!!!!!!!!!!!!!!!!!!!
20220601 043932.942 INFO             PET0 Running with ESMF Version   : v8.3.0b16
20220601 043932.942 INFO             PET0 ESMF library build date/time: "Jun  1 2022" "04:17:19"
20220601 043932.942 INFO             PET0 ESMF library build location : /home/mpotts/intel_2021.2_intelmpi_g_develop
20220601 043932.942 INFO             PET0 ESMF_COMM                   : intelmpi
20220601 043932.942 INFO             PET0 ESMF_MOAB                   : enabled
20220601 043932.942 INFO             PET0 ESMF_LAPACK                 : enabled
20220601 043932.942 INFO             PET0 ESMF_NETCDF                 : enabled
20220601 043932.942 INFO             PET0 ESMF_PNETCDF                : disabled
20220601 043932.942 INFO             PET0 ESMF_PIO                    : enabled
20220601 043932.942 INFO             PET0 ESMF_YAMLCPP                : enabled
20220601 043933.023 DEBUG            PET0 about to destroy Grid: 0xbd4c00
20220601 043933.034 DEBUG            PET0 about to destroy Grid: 0xbd5d60
20220601 043933.065 INFO             PET0  NUMBER_OF_PROCESSORS           4
20220601 043933.065 INFO             PET0  PASS  Example ESMF_NUOPCAtmModelEx, ESMF_NUOPCAtmModelEx.F90, line 806
20220601 043933.065 INFO             PET0 Finalizing ESMF
20220601 043932.942 INFO             PET1 !!!!!!!!!!!!!!!!!!!!!!!!!!!!!!!!!!!!!!!!!!!!!!!!!!!!!!
20220601 043932.942 INFO             PET1 !!! THE ESMF_LOG IS SET TO OUTPUT ALL LOG MESSAGES !!!
20220601 043932.942 INFO             PET1 !!!     THIS MAY CAUSE SLOWDOWN IN PERFORMANCE     !!!
20220601 043932.942 INFO             PET1 !!! FOR PRODUCTION RUNS, USE:                      !!!
20220601 043932.942 INFO             PET1 !!!                   ESMF_LOGKIND_Multi_On_Error  !!!
20220601 043932.942 INFO             PET1 !!!!!!!!!!!!!!!!!!!!!!!!!!!!!!!!!!!!!!!!!!!!!!!!!!!!!!
20220601 043932.942 INFO             PET1 Running with ESMF Version   : v8.3.0b16
20220601 043932.942 INFO             PET1 ESMF library build date/time: "Jun  1 2022" "04:17:19"
20220601 043932.942 INFO             PET1 ESMF library build location : /home/mpotts/intel_2021.2_intelmpi_g_develop
20220601 043932.942 INFO             PET1 ESMF_COMM                   : intelmpi
20220601 043932.942 INFO             PET1 ESMF_MOAB                   : enabled
20220601 043932.942 INFO             PET1 ESMF_LAPACK                 : enabled
20220601 043932.942 INFO             PET1 ESMF_NETCDF                 : enabled
20220601 043932.942 INFO             PET1 ESMF_PNETCDF                : disabled
20220601 043932.942 INFO             PET1 ESMF_PIO                    : enabled
20220601 043932.942 INFO             PET1 ESMF_YAMLCPP                : enabled
20220601 043933.023 DEBUG            PET1 about to destroy Grid: 0x28d82a0
20220601 043933.034 DEBUG            PET1 about to destroy Grid: 0x28d8f80
20220601 043933.065 INFO             PET1  NUMBER_OF_PROCESSORS           4
20220601 043933.065 INFO             PET1  PASS  Example ESMF_NUOPCAtmModelEx, ESMF_NUOPCAtmModelEx.F90, line 806
20220601 043933.065 INFO             PET1 Finalizing ESMF
20220601 043932.942 INFO             PET2 !!!!!!!!!!!!!!!!!!!!!!!!!!!!!!!!!!!!!!!!!!!!!!!!!!!!!!
20220601 043932.942 INFO             PET2 !!! THE ESMF_LOG IS SET TO OUTPUT ALL LOG MESSAGES !!!
20220601 043932.942 INFO             PET2 !!!     THIS MAY CAUSE SLOWDOWN IN PERFORMANCE     !!!
20220601 043932.942 INFO             PET2 !!! FOR PRODUCTION RUNS, USE:                      !!!
20220601 043932.942 INFO             PET2 !!!                   ESMF_LOGKIND_Multi_On_Error  !!!
20220601 043932.942 INFO             PET2 !!!!!!!!!!!!!!!!!!!!!!!!!!!!!!!!!!!!!!!!!!!!!!!!!!!!!!
20220601 043932.942 INFO             PET2 Running with ESMF Version   : v8.3.0b16
20220601 043932.942 INFO             PET2 ESMF library build date/time: "Jun  1 2022" "04:17:19"
20220601 043932.942 INFO             PET2 ESMF library build location : /home/mpotts/intel_2021.2_intelmpi_g_develop
20220601 043932.942 INFO             PET2 ESMF_COMM                   : intelmpi
20220601 043932.942 INFO             PET2 ESMF_MOAB                   : enabled
20220601 043932.942 INFO             PET2 ESMF_LAPACK                 : enabled
20220601 043932.942 INFO             PET2 ESMF_NETCDF                 : enabled
20220601 043932.942 INFO             PET2 ESMF_PNETCDF                : disabled
20220601 043932.942 INFO             PET2 ESMF_PIO                    : enabled
20220601 043932.942 INFO             PET2 ESMF_YAMLCPP                : enabled
20220601 043933.023 DEBUG            PET2 about to destroy Grid: 0xee02a0
20220601 043933.034 DEBUG            PET2 about to destroy Grid: 0xee0f80
20220601 043933.065 INFO             PET2  NUMBER_OF_PROCESSORS           4
20220601 043933.065 INFO             PET2  PASS  Example ESMF_NUOPCAtmModelEx, ESMF_NUOPCAtmModelEx.F90, line 806
20220601 043933.065 INFO             PET2 Finalizing ESMF
20220601 043932.942 INFO             PET3 !!!!!!!!!!!!!!!!!!!!!!!!!!!!!!!!!!!!!!!!!!!!!!!!!!!!!!
20220601 043932.942 INFO             PET3 !!! THE ESMF_LOG IS SET TO OUTPUT ALL LOG MESSAGES !!!
20220601 043932.942 INFO             PET3 !!!     THIS MAY CAUSE SLOWDOWN IN PERFORMANCE     !!!
20220601 043932.942 INFO             PET3 !!! FOR PRODUCTION RUNS, USE:                      !!!
20220601 043932.942 INFO             PET3 !!!                   ESMF_LOGKIND_Multi_On_Error  !!!
20220601 043932.942 INFO             PET3 !!!!!!!!!!!!!!!!!!!!!!!!!!!!!!!!!!!!!!!!!!!!!!!!!!!!!!
20220601 043932.942 INFO             PET3 Running with ESMF Version   : v8.3.0b16
20220601 043932.942 INFO             PET3 ESMF library build date/time: "Jun  1 2022" "04:17:19"
20220601 043932.942 INFO             PET3 ESMF library build location : /home/mpotts/intel_2021.2_intelmpi_g_develop
20220601 043932.942 INFO             PET3 ESMF_COMM                   : intelmpi
20220601 043932.942 INFO             PET3 ESMF_MOAB                   : enabled
20220601 043932.942 INFO             PET3 ESMF_LAPACK                 : enabled
20220601 043932.942 INFO             PET3 ESMF_NETCDF                 : enabled
20220601 043932.942 INFO             PET3 ESMF_PNETCDF                : disabled
20220601 043932.942 INFO             PET3 ESMF_PIO                    : enabled
20220601 043932.942 INFO             PET3 ESMF_YAMLCPP                : enabled
20220601 043933.023 DEBUG            PET3 about to destroy Grid: 0x14cf2d0
20220601 043933.034 DEBUG            PET3 about to destroy Grid: 0x14cffb0
20220601 043933.065 INFO             PET3  NUMBER_OF_PROCESSORS           4
20220601 043933.065 INFO             PET3  PASS  Example ESMF_NUOPCAtmModelEx, ESMF_NUOPCAtmModelEx.F90, line 806
20220601 043933.065 INFO             PET3 Finalizing ESMF
