build time -- 2022-04-12 03:00:35.961008
20220412 032100.840 INFO             PET0 !!!!!!!!!!!!!!!!!!!!!!!!!!!!!!!!!!!!!!!!!!!!!!!!!!!!!!
20220412 032100.840 INFO             PET0 !!! THE ESMF_LOG IS SET TO OUTPUT ALL LOG MESSAGES !!!
20220412 032100.840 INFO             PET0 !!!     THIS MAY CAUSE SLOWDOWN IN PERFORMANCE     !!!
20220412 032100.840 INFO             PET0 !!! FOR PRODUCTION RUNS, USE:                      !!!
20220412 032100.840 INFO             PET0 !!!                   ESMF_LOGKIND_Multi_On_Error  !!!
20220412 032100.840 INFO             PET0 !!!!!!!!!!!!!!!!!!!!!!!!!!!!!!!!!!!!!!!!!!!!!!!!!!!!!!
20220412 032100.840 INFO             PET0 Running with ESMF Version   : v8.3.0b12-59-ge6bf2211df
20220412 032100.840 INFO             PET0 ESMF library build date/time: "Apr 12 2022" "02:59:23"
20220412 032100.840 INFO             PET0 ESMF library build location : /home/mpotts/intel_2021.2_intelmpi_g_develop
20220412 032100.840 INFO             PET0 ESMF_COMM                   : intelmpi
20220412 032100.840 INFO             PET0 ESMF_MOAB                   : enabled
20220412 032100.840 INFO             PET0 ESMF_LAPACK                 : enabled
20220412 032100.840 INFO             PET0 ESMF_NETCDF                 : enabled
20220412 032100.840 INFO             PET0 ESMF_PNETCDF                : disabled
20220412 032100.840 INFO             PET0 ESMF_PIO                    : enabled
20220412 032100.840 INFO             PET0 ESMF_YAMLCPP                : enabled
20220412 032100.841 INFO             PET0  NUMBER_OF_PROCESSORS           1
20220412 032100.841 INFO             PET0  PASS  Example CalendarEx, ESMF_CalendarEx.F90, line 217
20220412 032100.841 INFO             PET0 Finalizing ESMF
