build time -- 2022-06-05 02:37:11.736234
20220605 031807.262 INFO             PET0 !!!!!!!!!!!!!!!!!!!!!!!!!!!!!!!!!!!!!!!!!!!!!!!!!!!!!!
20220605 031807.262 INFO             PET0 !!! THE ESMF_LOG IS SET TO OUTPUT ALL LOG MESSAGES !!!
20220605 031807.262 INFO             PET0 !!!     THIS MAY CAUSE SLOWDOWN IN PERFORMANCE     !!!
20220605 031807.262 INFO             PET0 !!! FOR PRODUCTION RUNS, USE:                      !!!
20220605 031807.262 INFO             PET0 !!!                   ESMF_LOGKIND_Multi_On_Error  !!!
20220605 031807.262 INFO             PET0 !!!!!!!!!!!!!!!!!!!!!!!!!!!!!!!!!!!!!!!!!!!!!!!!!!!!!!
20220605 031807.262 INFO             PET0 Running with ESMF Version   : v8.3.0b17-1-g6ed324f6a2
20220605 031807.262 INFO             PET0 ESMF library build date/time: "Jun  5 2022" "02:32:55"
20220605 031807.262 INFO             PET0 ESMF library build location : /glade/scratch/dunlap/esmf-testing/gfortran_9.1.0_mpt_g_release_8.3.0
20220605 031807.262 INFO             PET0 ESMF_COMM                   : mpt
20220605 031807.262 INFO             PET0 ESMF_MOAB                   : enabled
20220605 031807.262 INFO             PET0 ESMF_LAPACK                 : enabled
20220605 031807.262 INFO             PET0 ESMF_NETCDF                 : enabled
20220605 031807.262 INFO             PET0 ESMF_PNETCDF                : disabled
20220605 031807.262 INFO             PET0 ESMF_PIO                    : enabled
20220605 031807.262 INFO             PET0 ESMF_YAMLCPP                : enabled
20220605 031807.359 DEBUG            PET0 about to destroy Grid: 0x1aced90
20220605 031807.371 DEBUG            PET0 about to destroy Grid: 0x1ad0370
20220605 031807.404 INFO             PET0  NUMBER_OF_PROCESSORS           4
20220605 031807.404 INFO             PET0  PASS  Example ESMF_NUOPCAtmModelEx, ESMF_NUOPCAtmModelEx.F90, line 806
20220605 031807.404 INFO             PET0 Finalizing ESMF
20220605 031807.262 INFO             PET1 !!!!!!!!!!!!!!!!!!!!!!!!!!!!!!!!!!!!!!!!!!!!!!!!!!!!!!
20220605 031807.262 INFO             PET1 !!! THE ESMF_LOG IS SET TO OUTPUT ALL LOG MESSAGES !!!
20220605 031807.262 INFO             PET1 !!!     THIS MAY CAUSE SLOWDOWN IN PERFORMANCE     !!!
20220605 031807.262 INFO             PET1 !!! FOR PRODUCTION RUNS, USE:                      !!!
20220605 031807.262 INFO             PET1 !!!                   ESMF_LOGKIND_Multi_On_Error  !!!
20220605 031807.262 INFO             PET1 !!!!!!!!!!!!!!!!!!!!!!!!!!!!!!!!!!!!!!!!!!!!!!!!!!!!!!
20220605 031807.262 INFO             PET1 Running with ESMF Version   : v8.3.0b17-1-g6ed324f6a2
20220605 031807.262 INFO             PET1 ESMF library build date/time: "Jun  5 2022" "02:32:55"
20220605 031807.262 INFO             PET1 ESMF library build location : /glade/scratch/dunlap/esmf-testing/gfortran_9.1.0_mpt_g_release_8.3.0
20220605 031807.262 INFO             PET1 ESMF_COMM                   : mpt
20220605 031807.262 INFO             PET1 ESMF_MOAB                   : enabled
20220605 031807.262 INFO             PET1 ESMF_LAPACK                 : enabled
20220605 031807.262 INFO             PET1 ESMF_NETCDF                 : enabled
20220605 031807.262 INFO             PET1 ESMF_PNETCDF                : disabled
20220605 031807.262 INFO             PET1 ESMF_PIO                    : enabled
20220605 031807.262 INFO             PET1 ESMF_YAMLCPP                : enabled
20220605 031807.359 DEBUG            PET1 about to destroy Grid: 0x1acef60
20220605 031807.371 DEBUG            PET1 about to destroy Grid: 0x1ad0900
20220605 031807.404 INFO             PET1  NUMBER_OF_PROCESSORS           4
20220605 031807.404 INFO             PET1  PASS  Example ESMF_NUOPCAtmModelEx, ESMF_NUOPCAtmModelEx.F90, line 806
20220605 031807.404 INFO             PET1 Finalizing ESMF
20220605 031807.262 INFO             PET2 !!!!!!!!!!!!!!!!!!!!!!!!!!!!!!!!!!!!!!!!!!!!!!!!!!!!!!
20220605 031807.262 INFO             PET2 !!! THE ESMF_LOG IS SET TO OUTPUT ALL LOG MESSAGES !!!
20220605 031807.262 INFO             PET2 !!!     THIS MAY CAUSE SLOWDOWN IN PERFORMANCE     !!!
20220605 031807.262 INFO             PET2 !!! FOR PRODUCTION RUNS, USE:                      !!!
20220605 031807.262 INFO             PET2 !!!                   ESMF_LOGKIND_Multi_On_Error  !!!
20220605 031807.262 INFO             PET2 !!!!!!!!!!!!!!!!!!!!!!!!!!!!!!!!!!!!!!!!!!!!!!!!!!!!!!
20220605 031807.262 INFO             PET2 Running with ESMF Version   : v8.3.0b17-1-g6ed324f6a2
20220605 031807.262 INFO             PET2 ESMF library build date/time: "Jun  5 2022" "02:32:55"
20220605 031807.262 INFO             PET2 ESMF library build location : /glade/scratch/dunlap/esmf-testing/gfortran_9.1.0_mpt_g_release_8.3.0
20220605 031807.262 INFO             PET2 ESMF_COMM                   : mpt
20220605 031807.262 INFO             PET2 ESMF_MOAB                   : enabled
20220605 031807.263 INFO             PET2 ESMF_LAPACK                 : enabled
20220605 031807.263 INFO             PET2 ESMF_NETCDF                 : enabled
20220605 031807.263 INFO             PET2 ESMF_PNETCDF                : disabled
20220605 031807.263 INFO             PET2 ESMF_PIO                    : enabled
20220605 031807.263 INFO             PET2 ESMF_YAMLCPP                : enabled
20220605 031807.359 DEBUG            PET2 about to destroy Grid: 0x1ace6c0
20220605 031807.371 DEBUG            PET2 about to destroy Grid: 0x1ad0060
20220605 031807.404 INFO             PET2  NUMBER_OF_PROCESSORS           4
20220605 031807.404 INFO             PET2  PASS  Example ESMF_NUOPCAtmModelEx, ESMF_NUOPCAtmModelEx.F90, line 806
20220605 031807.404 INFO             PET2 Finalizing ESMF
20220605 031807.262 INFO             PET3 !!!!!!!!!!!!!!!!!!!!!!!!!!!!!!!!!!!!!!!!!!!!!!!!!!!!!!
20220605 031807.262 INFO             PET3 !!! THE ESMF_LOG IS SET TO OUTPUT ALL LOG MESSAGES !!!
20220605 031807.262 INFO             PET3 !!!     THIS MAY CAUSE SLOWDOWN IN PERFORMANCE     !!!
20220605 031807.262 INFO             PET3 !!! FOR PRODUCTION RUNS, USE:                      !!!
20220605 031807.262 INFO             PET3 !!!                   ESMF_LOGKIND_Multi_On_Error  !!!
20220605 031807.262 INFO             PET3 !!!!!!!!!!!!!!!!!!!!!!!!!!!!!!!!!!!!!!!!!!!!!!!!!!!!!!
20220605 031807.262 INFO             PET3 Running with ESMF Version   : v8.3.0b17-1-g6ed324f6a2
20220605 031807.262 INFO             PET3 ESMF library build date/time: "Jun  5 2022" "02:32:55"
20220605 031807.262 INFO             PET3 ESMF library build location : /glade/scratch/dunlap/esmf-testing/gfortran_9.1.0_mpt_g_release_8.3.0
20220605 031807.262 INFO             PET3 ESMF_COMM                   : mpt
20220605 031807.262 INFO             PET3 ESMF_MOAB                   : enabled
20220605 031807.262 INFO             PET3 ESMF_LAPACK                 : enabled
20220605 031807.262 INFO             PET3 ESMF_NETCDF                 : enabled
20220605 031807.262 INFO             PET3 ESMF_PNETCDF                : disabled
20220605 031807.262 INFO             PET3 ESMF_PIO                    : enabled
20220605 031807.262 INFO             PET3 ESMF_YAMLCPP                : enabled
20220605 031807.359 DEBUG            PET3 about to destroy Grid: 0x1ace710
20220605 031807.371 DEBUG            PET3 about to destroy Grid: 0x1acff80
20220605 031807.404 INFO             PET3  NUMBER_OF_PROCESSORS           4
20220605 031807.404 INFO             PET3  PASS  Example ESMF_NUOPCAtmModelEx, ESMF_NUOPCAtmModelEx.F90, line 806
20220605 031807.404 INFO             PET3 Finalizing ESMF
