build time -- 2022-05-11 06:25:47
20220511 071822.174 INFO             PET0 !!!!!!!!!!!!!!!!!!!!!!!!!!!!!!!!!!!!!!!!!!!!!!!!!!!!!!
20220511 071822.175 INFO             PET0 !!! THE ESMF_LOG IS SET TO OUTPUT ALL LOG MESSAGES !!!
20220511 071822.175 INFO             PET0 !!!     THIS MAY CAUSE SLOWDOWN IN PERFORMANCE     !!!
20220511 071822.175 INFO             PET0 !!! FOR PRODUCTION RUNS, USE:                      !!!
20220511 071822.175 INFO             PET0 !!!                   ESMF_LOGKIND_Multi_On_Error  !!!
20220511 071822.175 INFO             PET0 !!!!!!!!!!!!!!!!!!!!!!!!!!!!!!!!!!!!!!!!!!!!!!!!!!!!!!
20220511 071822.175 INFO             PET0 Running with ESMF Version   : v8.3.0b14-2-gde129fc120
20220511 071822.175 INFO             PET0 ESMF library build date/time: "May 11 2022" "06:22:25"
20220511 071822.175 INFO             PET0 ESMF library build location : /scratch1/NCEPDEV/stmp2/role.esmfmaint/pgi_19.1_mpiuni_g_develop
20220511 071822.175 INFO             PET0 ESMF_COMM                   : mpiuni
20220511 071822.176 INFO             PET0 ESMF_MOAB                   : enabled
20220511 071822.176 INFO             PET0 ESMF_LAPACK                 : enabled
20220511 071822.176 INFO             PET0 ESMF_NETCDF                 : disabled
20220511 071822.176 INFO             PET0 ESMF_PNETCDF                : disabled
20220511 071822.176 INFO             PET0 ESMF_PIO                    : disabled
20220511 071822.176 INFO             PET0 ESMF_YAMLCPP                : enabled
20220511 071822.266 DEBUG            PET0 about to destroy Grid: 0xc285e0
20220511 071822.279 DEBUG            PET0 about to destroy Grid: 0xc29fd0
20220511 071822.316 INFO             PET0  NUMBER_OF_PROCESSORS            1
20220511 071822.316 INFO             PET0  PASS  Example ESMF_NUOPCAtmModelEx, ESMF_NUOPCAtmModelEx.F90, line 806
20220511 071822.316 INFO             PET0 Finalizing ESMF
