build time -- 2022-05-28 05:57:05
20220528 061645.094 INFO             PET0 !!!!!!!!!!!!!!!!!!!!!!!!!!!!!!!!!!!!!!!!!!!!!!!!!!!!!!
20220528 061645.095 INFO             PET0 !!! THE ESMF_LOG IS SET TO OUTPUT ALL LOG MESSAGES !!!
20220528 061645.095 INFO             PET0 !!!     THIS MAY CAUSE SLOWDOWN IN PERFORMANCE     !!!
20220528 061645.095 INFO             PET0 !!! FOR PRODUCTION RUNS, USE:                      !!!
20220528 061645.095 INFO             PET0 !!!                   ESMF_LOGKIND_Multi_On_Error  !!!
20220528 061645.095 INFO             PET0 !!!!!!!!!!!!!!!!!!!!!!!!!!!!!!!!!!!!!!!!!!!!!!!!!!!!!!
20220528 061645.095 INFO             PET0 Running with ESMF Version   : v8.3.0b16
20220528 061645.095 INFO             PET0 ESMF library build date/time: "May 28 2022" "05:55:57"
20220528 061645.095 INFO             PET0 ESMF library build location : /scratch1/NCEPDEV/stmp2/role.esmfmaint/gfortran_9.2.0b_openmpi_O_develop
20220528 061645.095 INFO             PET0 ESMF_COMM                   : openmpi
20220528 061645.095 INFO             PET0 ESMF_MOAB                   : enabled
20220528 061645.095 INFO             PET0 ESMF_LAPACK                 : enabled
20220528 061645.095 INFO             PET0 ESMF_NETCDF                 : disabled
20220528 061645.095 INFO             PET0 ESMF_PNETCDF                : disabled
20220528 061645.095 INFO             PET0 ESMF_PIO                    : disabled
20220528 061645.095 INFO             PET0 ESMF_YAMLCPP                : enabled
20220528 061645.096 INFO             PET0  NUMBER_OF_PROCESSORS           1
20220528 061645.096 INFO             PET0  PASS  Example ESMF_TimeIntervalEx, ESMF_TimeIntervalEx.F90, line 176
20220528 061645.096 INFO             PET0 Finalizing ESMF
