build time -- 2022-05-20 05:55:12
20220520 061508.614 INFO             PET0 !!!!!!!!!!!!!!!!!!!!!!!!!!!!!!!!!!!!!!!!!!!!!!!!!!!!!!
20220520 061508.614 INFO             PET0 !!! THE ESMF_LOG IS SET TO OUTPUT ALL LOG MESSAGES !!!
20220520 061508.614 INFO             PET0 !!!     THIS MAY CAUSE SLOWDOWN IN PERFORMANCE     !!!
20220520 061508.614 INFO             PET0 !!! FOR PRODUCTION RUNS, USE:                      !!!
20220520 061508.614 INFO             PET0 !!!                   ESMF_LOGKIND_Multi_On_Error  !!!
20220520 061508.614 INFO             PET0 !!!!!!!!!!!!!!!!!!!!!!!!!!!!!!!!!!!!!!!!!!!!!!!!!!!!!!
20220520 061508.614 INFO             PET0 Running with ESMF Version   : v8.3.0b15-6-g3df5f266a8
20220520 061508.614 INFO             PET0 ESMF library build date/time: "May 20 2022" "05:54:09"
20220520 061508.614 INFO             PET0 ESMF library build location : /scratch1/NCEPDEV/stmp2/role.esmfmaint/gfortran_9.2.0b_openmpi_O_develop
20220520 061508.614 INFO             PET0 ESMF_COMM                   : openmpi
20220520 061508.615 INFO             PET0 ESMF_MOAB                   : enabled
20220520 061508.615 INFO             PET0 ESMF_LAPACK                 : enabled
20220520 061508.615 INFO             PET0 ESMF_NETCDF                 : disabled
20220520 061508.615 INFO             PET0 ESMF_PNETCDF                : disabled
20220520 061508.615 INFO             PET0 ESMF_PIO                    : disabled
20220520 061508.615 INFO             PET0 ESMF_YAMLCPP                : enabled
20220520 061508.616 INFO             PET0  NUMBER_OF_PROCESSORS           1
20220520 061508.616 INFO             PET0  PASS  Example ESMF_AlarmEx, ESMF_AlarmEx.F90, line 244
20220520 061508.616 INFO             PET0 Finalizing ESMF
