build time -- 2022-05-29 05:56:00
[1653805008.941703] [h16c48:120865:0]         mxm.c:196  MXM  WARN  The 'ulimit -s' on the system is set to 'unlimited'. This may have negative performance implications. Please set the stack size to the default value (10240) 
[1653805008.946608] [h16c48:120865:0]         mxm.c:196  MXM  WARN  The 'ulimit -s' on the system is set to 'unlimited'. This may have negative performance implications. Please set the stack size to the default value (10240) 
[1653805008.931924] [h16c48:120868:0]         mxm.c:196  MXM  WARN  The 'ulimit -s' on the system is set to 'unlimited'. This may have negative performance implications. Please set the stack size to the default value (10240) 
[1653805008.936830] [h16c48:120868:0]         mxm.c:196  MXM  WARN  The 'ulimit -s' on the system is set to 'unlimited'. This may have negative performance implications. Please set the stack size to the default value (10240) 
[1653805008.931965] [h16c48:120866:0]         mxm.c:196  MXM  WARN  The 'ulimit -s' on the system is set to 'unlimited'. This may have negative performance implications. Please set the stack size to the default value (10240) 
[1653805008.936837] [h16c48:120866:0]         mxm.c:196  MXM  WARN  The 'ulimit -s' on the system is set to 'unlimited'. This may have negative performance implications. Please set the stack size to the default value (10240) 
[1653805008.942127] [h16c48:120867:0]         mxm.c:196  MXM  WARN  The 'ulimit -s' on the system is set to 'unlimited'. This may have negative performance implications. Please set the stack size to the default value (10240) 
[1653805008.947127] [h16c48:120867:0]         mxm.c:196  MXM  WARN  The 'ulimit -s' on the system is set to 'unlimited'. This may have negative performance implications. Please set the stack size to the default value (10240) 
 FieldBundle example 1 returned
 FieldBundle example 1 returned
 FieldBundle example 1 returned
 FieldBundle example 1 returned
 FieldBundle example 2 returned, fieldcount =           1
 FieldBundle example 2 returned, fieldcount =           1
 FieldBundle example 3 returned, fieldcount =           3
 FieldBundle example 3 returned, fieldcount =           3
 FieldBundle example 2 returned, fieldcount =           1
 FieldBundle example 4 returned, field names = pressure, pressure
 FieldBundle name = atmosphere data
 heat flux                                                                                                                                                                                                                                                       
 pressure                                                                                                                                                                                                                                                        
 FieldBundle example 4 returned, field names = pressure, pressure
 FieldBundle name = atmosphere data
 heat flux                                                                                                                                                                                                                                                       
 pressure                                                                                                                                                                                                                                                        
 temperature                                                                                                                                                                                                                                                     
 temperature                                                                                                                                                                                                                                                     
 pressure                                                                                                                                                                                                                                                        
 heat flux                                                                                                                                                                                                                                                       
 FieldBundle example 3 returned, fieldcount =           3
 FieldBundle example 4 returned, field names = pressure, pressure
 FieldBundle name = atmosphere data
 heat flux                                                                                                                                                                                                                                                       
 pressure                                                                                                                                                                                                                                                        
 temperature                                                                                                                                                                                                                                                     
 temperature                                                                                                                                                                                                                                                     
 pressure                                                                                                                                                                                                                                                        
 heat flux                                                                                                                                                                                                                                                       
 temperature                                                                                                                                                                                                                                                     
 temperature                                                                                                                                                                                                                                                     
 pressure                                                                                                                                                                                                                                                        
 heat flux                                                                                                                                                                                                                                                       
 FieldBundle example 2 returned, fieldcount =           1
 FieldBundle example 3 returned, fieldcount =           3
 FieldBundle example 4 returned, field names = pressure, pressure
 FieldBundle name = atmosphere data
 heat flux                                                                                                                                                                                                                                                       
 pressure                                                                                                                                                                                                                                                        
 temperature                                                                                                                                                                                                                                                     
 temperature                                                                                                                                                                                                                                                     
 pressure                                                                                                                                                                                                                                                        
 heat flux                                                                                                                                                                                                                                                       
  PASS  Example ESMF_FieldBundleCreateEx, ESMF_FieldBundleCreateEx.F90, line 561
 PASS: ESMF_FieldBundleCreateEx.F90
  PASS  Example ESMF_FieldBundleCreateEx, ESMF_FieldBundleCreateEx.F90, line 561
 PASS: ESMF_FieldBundleCreateEx.F90
  PASS  Example ESMF_FieldBundleCreateEx, ESMF_FieldBundleCreateEx.F90, line 561
 PASS: ESMF_FieldBundleCreateEx.F90
  PASS  Example ESMF_FieldBundleCreateEx, ESMF_FieldBundleCreateEx.F90, line 561
 PASS: ESMF_FieldBundleCreateEx.F90
