build time -- 2022-06-07 05:56:11
20220607 061743.179 INFO             PET0 !!!!!!!!!!!!!!!!!!!!!!!!!!!!!!!!!!!!!!!!!!!!!!!!!!!!!!
20220607 061743.180 INFO             PET0 !!! THE ESMF_LOG IS SET TO OUTPUT ALL LOG MESSAGES !!!
20220607 061743.180 INFO             PET0 !!!     THIS MAY CAUSE SLOWDOWN IN PERFORMANCE     !!!
20220607 061743.180 INFO             PET0 !!! FOR PRODUCTION RUNS, USE:                      !!!
20220607 061743.180 INFO             PET0 !!!                   ESMF_LOGKIND_Multi_On_Error  !!!
20220607 061743.180 INFO             PET0 !!!!!!!!!!!!!!!!!!!!!!!!!!!!!!!!!!!!!!!!!!!!!!!!!!!!!!
20220607 061743.180 INFO             PET0 Running with ESMF Version   : v8.4.0b01-1-g3c875a5b01
20220607 061743.180 INFO             PET0 ESMF library build date/time: "Jun  7 2022" "05:54:57"
20220607 061743.180 INFO             PET0 ESMF library build location : /scratch1/NCEPDEV/stmp2/role.esmfmaint/gfortran_9.2.0b_openmpi_O_develop
20220607 061743.180 INFO             PET0 ESMF_COMM                   : openmpi
20220607 061743.180 INFO             PET0 ESMF_MOAB                   : enabled
20220607 061743.180 INFO             PET0 ESMF_LAPACK                 : enabled
20220607 061743.180 INFO             PET0 ESMF_NETCDF                 : disabled
20220607 061743.180 INFO             PET0 ESMF_PNETCDF                : disabled
20220607 061743.180 INFO             PET0 ESMF_PIO                    : disabled
20220607 061743.180 INFO             PET0 ESMF_YAMLCPP                : enabled
20220607 061743.213 DEBUG            PET0 about to destroy Grid: 0xe833f0
20220607 061743.216 DEBUG            PET0 about to destroy Grid: 0xe84c70
20220607 061743.225 INFO             PET0  NUMBER_OF_PROCESSORS           4
20220607 061743.225 INFO             PET0  PASS  Example ESMF_NUOPCAtmModelEx, ESMF_NUOPCAtmModelEx.F90, line 806
20220607 061743.225 INFO             PET0 Finalizing ESMF
20220607 061743.180 INFO             PET1 !!!!!!!!!!!!!!!!!!!!!!!!!!!!!!!!!!!!!!!!!!!!!!!!!!!!!!
20220607 061743.180 INFO             PET1 !!! THE ESMF_LOG IS SET TO OUTPUT ALL LOG MESSAGES !!!
20220607 061743.180 INFO             PET1 !!!     THIS MAY CAUSE SLOWDOWN IN PERFORMANCE     !!!
20220607 061743.180 INFO             PET1 !!! FOR PRODUCTION RUNS, USE:                      !!!
20220607 061743.180 INFO             PET1 !!!                   ESMF_LOGKIND_Multi_On_Error  !!!
20220607 061743.180 INFO             PET1 !!!!!!!!!!!!!!!!!!!!!!!!!!!!!!!!!!!!!!!!!!!!!!!!!!!!!!
20220607 061743.180 INFO             PET1 Running with ESMF Version   : v8.4.0b01-1-g3c875a5b01
20220607 061743.180 INFO             PET1 ESMF library build date/time: "Jun  7 2022" "05:54:57"
20220607 061743.180 INFO             PET1 ESMF library build location : /scratch1/NCEPDEV/stmp2/role.esmfmaint/gfortran_9.2.0b_openmpi_O_develop
20220607 061743.180 INFO             PET1 ESMF_COMM                   : openmpi
20220607 061743.180 INFO             PET1 ESMF_MOAB                   : enabled
20220607 061743.180 INFO             PET1 ESMF_LAPACK                 : enabled
20220607 061743.180 INFO             PET1 ESMF_NETCDF                 : disabled
20220607 061743.180 INFO             PET1 ESMF_PNETCDF                : disabled
20220607 061743.180 INFO             PET1 ESMF_PIO                    : disabled
20220607 061743.180 INFO             PET1 ESMF_YAMLCPP                : enabled
20220607 061743.213 DEBUG            PET1 about to destroy Grid: 0x199f030
20220607 061743.216 DEBUG            PET1 about to destroy Grid: 0x199ff40
20220607 061743.226 INFO             PET1  NUMBER_OF_PROCESSORS           4
20220607 061743.226 INFO             PET1  PASS  Example ESMF_NUOPCAtmModelEx, ESMF_NUOPCAtmModelEx.F90, line 806
20220607 061743.226 INFO             PET1 Finalizing ESMF
20220607 061743.180 INFO             PET2 !!!!!!!!!!!!!!!!!!!!!!!!!!!!!!!!!!!!!!!!!!!!!!!!!!!!!!
20220607 061743.180 INFO             PET2 !!! THE ESMF_LOG IS SET TO OUTPUT ALL LOG MESSAGES !!!
20220607 061743.180 INFO             PET2 !!!     THIS MAY CAUSE SLOWDOWN IN PERFORMANCE     !!!
20220607 061743.180 INFO             PET2 !!! FOR PRODUCTION RUNS, USE:                      !!!
20220607 061743.180 INFO             PET2 !!!                   ESMF_LOGKIND_Multi_On_Error  !!!
20220607 061743.180 INFO             PET2 !!!!!!!!!!!!!!!!!!!!!!!!!!!!!!!!!!!!!!!!!!!!!!!!!!!!!!
20220607 061743.180 INFO             PET2 Running with ESMF Version   : v8.4.0b01-1-g3c875a5b01
20220607 061743.180 INFO             PET2 ESMF library build date/time: "Jun  7 2022" "05:54:57"
20220607 061743.180 INFO             PET2 ESMF library build location : /scratch1/NCEPDEV/stmp2/role.esmfmaint/gfortran_9.2.0b_openmpi_O_develop
20220607 061743.180 INFO             PET2 ESMF_COMM                   : openmpi
20220607 061743.180 INFO             PET2 ESMF_MOAB                   : enabled
20220607 061743.180 INFO             PET2 ESMF_LAPACK                 : enabled
20220607 061743.180 INFO             PET2 ESMF_NETCDF                 : disabled
20220607 061743.180 INFO             PET2 ESMF_PNETCDF                : disabled
20220607 061743.180 INFO             PET2 ESMF_PIO                    : disabled
20220607 061743.180 INFO             PET2 ESMF_YAMLCPP                : enabled
20220607 061743.213 DEBUG            PET2 about to destroy Grid: 0xaed500
20220607 061743.216 DEBUG            PET2 about to destroy Grid: 0xaee470
20220607 061743.225 INFO             PET2  NUMBER_OF_PROCESSORS           4
20220607 061743.225 INFO             PET2  PASS  Example ESMF_NUOPCAtmModelEx, ESMF_NUOPCAtmModelEx.F90, line 806
20220607 061743.225 INFO             PET2 Finalizing ESMF
20220607 061743.180 INFO             PET3 !!!!!!!!!!!!!!!!!!!!!!!!!!!!!!!!!!!!!!!!!!!!!!!!!!!!!!
20220607 061743.180 INFO             PET3 !!! THE ESMF_LOG IS SET TO OUTPUT ALL LOG MESSAGES !!!
20220607 061743.180 INFO             PET3 !!!     THIS MAY CAUSE SLOWDOWN IN PERFORMANCE     !!!
20220607 061743.180 INFO             PET3 !!! FOR PRODUCTION RUNS, USE:                      !!!
20220607 061743.180 INFO             PET3 !!!                   ESMF_LOGKIND_Multi_On_Error  !!!
20220607 061743.180 INFO             PET3 !!!!!!!!!!!!!!!!!!!!!!!!!!!!!!!!!!!!!!!!!!!!!!!!!!!!!!
20220607 061743.180 INFO             PET3 Running with ESMF Version   : v8.4.0b01-1-g3c875a5b01
20220607 061743.180 INFO             PET3 ESMF library build date/time: "Jun  7 2022" "05:54:57"
20220607 061743.180 INFO             PET3 ESMF library build location : /scratch1/NCEPDEV/stmp2/role.esmfmaint/gfortran_9.2.0b_openmpi_O_develop
20220607 061743.180 INFO             PET3 ESMF_COMM                   : openmpi
20220607 061743.181 INFO             PET3 ESMF_MOAB                   : enabled
20220607 061743.181 INFO             PET3 ESMF_LAPACK                 : enabled
20220607 061743.181 INFO             PET3 ESMF_NETCDF                 : disabled
20220607 061743.181 INFO             PET3 ESMF_PNETCDF                : disabled
20220607 061743.181 INFO             PET3 ESMF_PIO                    : disabled
20220607 061743.181 INFO             PET3 ESMF_YAMLCPP                : enabled
20220607 061743.213 DEBUG            PET3 about to destroy Grid: 0x18d8490
20220607 061743.216 DEBUG            PET3 about to destroy Grid: 0x18d93a0
20220607 061743.225 INFO             PET3  NUMBER_OF_PROCESSORS           4
20220607 061743.225 INFO             PET3  PASS  Example ESMF_NUOPCAtmModelEx, ESMF_NUOPCAtmModelEx.F90, line 806
20220607 061743.225 INFO             PET3 Finalizing ESMF
