build time -- 2022-05-14 05:55:08
[1652508868.166863] [h16c44:127688:0]         mxm.c:196  MXM  WARN  The 'ulimit -s' on the system is set to 'unlimited'. This may have negative performance implications. Please set the stack size to the default value (10240) 
[1652508868.171667] [h16c44:127688:0]         mxm.c:196  MXM  WARN  The 'ulimit -s' on the system is set to 'unlimited'. This may have negative performance implications. Please set the stack size to the default value (10240) 
[1652508868.173380] [h16c44:127691:0]         mxm.c:196  MXM  WARN  The 'ulimit -s' on the system is set to 'unlimited'. This may have negative performance implications. Please set the stack size to the default value (10240) 
[1652508868.178298] [h16c44:127691:0]         mxm.c:196  MXM  WARN  The 'ulimit -s' on the system is set to 'unlimited'. This may have negative performance implications. Please set the stack size to the default value (10240) 
[1652508868.173411] [h16c44:127689:0]         mxm.c:196  MXM  WARN  The 'ulimit -s' on the system is set to 'unlimited'. This may have negative performance implications. Please set the stack size to the default value (10240) 
[1652508868.178361] [h16c44:127689:0]         mxm.c:196  MXM  WARN  The 'ulimit -s' on the system is set to 'unlimited'. This may have negative performance implications. Please set the stack size to the default value (10240) 
[1652508868.166826] [h16c44:127690:0]         mxm.c:196  MXM  WARN  The 'ulimit -s' on the system is set to 'unlimited'. This may have negative performance implications. Please set the stack size to the default value (10240) 
[1652508868.171646] [h16c44:127690:0]         mxm.c:196  MXM  WARN  The 'ulimit -s' on the system is set to 'unlimited'. This may have negative performance implications. Please set the stack size to the default value (10240) 
--- ESMCI::VM::print() start ---
--- ESMCI::VMId::print() start ---
--- ESMCI::VM::print() start ---
--- ESMCI::VMId::print() start ---
  vmKeyWidth = 1
  vmKeyWidth = 1
  vmKey=0xF0000000
  localID = 0
--- ESMCI::VMId::print() end ---
--- ESMCI::VM::print() start ---
--- ESMCI::VMId::print() start ---
  vmKeyWidth = 1
  vmKey=0xF0000000
  localID = 0
--- ESMCI::VMId::print() end ---
  vmKey=0xF0000000
  localID = 0
--- ESMCI::VMId::print() end ---
--- ESMCI::VM::print() start ---
--- ESMCI::VMId::print() start ---
  vmKeyWidth = 1
  vmKey=0xF0000000
  localID = 0
--- ESMCI::VMId::print() end ---
--- VMK::print() start ---
vm located at: 0x19d4e20
npets = 4, mypet=2
  pth_mutex =		 0x1c57fd0
  pth_finish_count =	 (nil)
MPI_Comm_size: 4
MPI_Comm_rank in local MPI communicator: 2
MPI_Comm_rank in MPI_COMM_WORLD: 2
MPI thread level support: 3
mpi_mutex_flag: 0
mpionly: 1
threadsflag: 0
  lpid[0]=0, tid[0]=0, vas[0]=0, ncpet[0]=1, nadevs[0]=0, cid[0][0]=0
  lpid[1]=1, tid[1]=0, vas[1]=1, ncpet[1]=1, nadevs[1]=0, cid[1][0]=1
  lpid[2]=2, tid[2]=0, vas[2]=2, ncpet[2]=1, nadevs[2]=0, cid[2][0]=2
  lpid[3]=3, tid[3]=0, vas[3]=3, ncpet[3]=1, nadevs[3]=0, cid[3][0]=3
ncores = 4
  cpuid[0]=0, ssiid[0]=0
  cpuid[1]=1, ssiid[1]=0
  cpuid[2]=2, ssiid[2]=0
  cpuid[3]=3, ssiid[3]=0
--- VMK::print() end ---
--- ESMCI::VM::print() end ---
 This PET is localPet:            2
 of a total of            4  PETs in this VM.
--- VMK::print() start ---
vm located at: 0xd40e20
npets = 4, mypet=3
  pth_mutex =		 0xfc4d50
  pth_finish_count =	 (nil)
MPI_Comm_size: 4
MPI_Comm_rank in local MPI communicator: 3
MPI_Comm_rank in MPI_COMM_WORLD: 3
MPI thread level support: 3
mpi_mutex_flag: 0
mpionly: 1
threadsflag: 0
  lpid[0]=0, tid[0]=0, vas[0]=0, ncpet[0]=1, nadevs[0]=0, cid[0][0]=0
  lpid[1]=1, tid[1]=0, vas[1]=1, ncpet[1]=1, nadevs[1]=0, cid[1][0]=1
  lpid[2]=2, tid[2]=0, vas[2]=2, ncpet[2]=1, nadevs[2]=0, cid[2][0]=2
  lpid[3]=3, tid[3]=0, vas[3]=3, ncpet[3]=1, nadevs[3]=0, cid[3][0]=3
ncores = 4
  cpuid[0]=0, ssiid[0]=0
  cpuid[1]=1, ssiid[1]=0
  cpuid[2]=2, ssiid[2]=0
  cpuid[3]=3, ssiid[3]=0
--- VMK::print() end ---
--- ESMCI::VM::print() end ---
 This PET is localPet:            3
 of a total of            4  PETs in this VM.
 There are            4  PEs referenced by this VM
 This PET is executing in virtual address space (VAS)            3
--- VMK::print() start ---
vm located at: 0x23cfe20
npets = 4, mypet=0
  pth_mutex =		 0x26537a0
  pth_finish_count =	 (nil)
MPI_Comm_size: 4
MPI_Comm_rank in local MPI communicator: 0
MPI_Comm_rank in MPI_COMM_WORLD: 0
MPI thread level support: 3
mpi_mutex_flag: 0
mpionly: 1
threadsflag: 0
  lpid[0]=0, tid[0]=0, vas[0]=0, ncpet[0]=1, nadevs[0]=0, cid[0][0]=0
  lpid[1]=1, tid[1]=0, vas[1]=1, ncpet[1]=1, nadevs[1]=0, cid[1][0]=1
  lpid[2]=2, tid[2]=0, vas[2]=2, ncpet[2]=1, nadevs[2]=0, cid[2][0]=2
  lpid[3]=3, tid[3]=0, vas[3]=3, ncpet[3]=1, nadevs[3]=0, cid[3][0]=3
ncores = 4
  cpuid[0]=0, ssiid[0]=0
  cpuid[1]=1, ssiid[1]=0
  cpuid[2]=2, ssiid[2]=0
  cpuid[3]=3, ssiid[3]=0
--- VMK::print() end ---
--- ESMCI::VM::print() end ---
 This PET is localPet:            0
 of a total of            4  PETs in this VM.
 There are            4  PEs referenced by this VM
 This PET is executing in virtual address space (VAS)            0
 located on single system image (SSI)            0
 and is associated with            1  PEs.
--- VMK::print() start ---
vm located at: 0xcd9e20
npets = 4, mypet=1
  pth_mutex =		 0xfdbf60
  pth_finish_count =	 (nil)
MPI_Comm_size: 4
MPI_Comm_rank in local MPI communicator: 1
MPI_Comm_rank in MPI_COMM_WORLD: 1
MPI thread level support: 3
mpi_mutex_flag: 0
mpionly: 1
threadsflag: 0
  lpid[0]=0, tid[0]=0, vas[0]=0, ncpet[0]=1, nadevs[0]=0, cid[0][0]=0
  lpid[1]=1, tid[1]=0, vas[1]=1, ncpet[1]=1, nadevs[1]=0, cid[1][0]=1
  lpid[2]=2, tid[2]=0, vas[2]=2, ncpet[2]=1, nadevs[2]=0, cid[2][0]=2
  lpid[3]=3, tid[3]=0, vas[3]=3, ncpet[3]=1, nadevs[3]=0, cid[3][0]=3
ncores = 4
  cpuid[0]=0, ssiid[0]=0
  cpuid[1]=1, ssiid[1]=0
  cpuid[2]=2, ssiid[2]=0
  cpuid[3]=3, ssiid[3]=0
--- VMK::print() end ---
--- ESMCI::VM::print() end ---
 This PET is localPet:            1
 of a total of            4  PETs in this VM.
 There are            4  PEs referenced by this VM
 This PET is executing in virtual address space (VAS)            1
 located on single system image (SSI)            0
 and is associated with            1  PEs.
 There are            4  PEs referenced by this VM
 This PET is executing in virtual address space (VAS)            2
 located on single system image (SSI)            0
 and is associated with            1  PEs.
  PASS  Example ESMF_VMDefaultBasicsEx, ESMF_VMDefaultBasicsEx.F90, line 107
 located on single system image (SSI)            0
 and is associated with            1  PEs.
  PASS  Example ESMF_VMDefaultBasicsEx, ESMF_VMDefaultBasicsEx.F90, line 107
  PASS  Example ESMF_VMDefaultBasicsEx, ESMF_VMDefaultBasicsEx.F90, line 107
  PASS  Example ESMF_VMDefaultBasicsEx, ESMF_VMDefaultBasicsEx.F90, line 107
 PASS: ESMF_VMDefaultBasicsEx.F90
 PASS: ESMF_VMDefaultBasicsEx.F90
 PASS: ESMF_VMDefaultBasicsEx.F90
 PASS: ESMF_VMDefaultBasicsEx.F90
