build time -- 2022-06-04 02:34:52.348500
20220604 032315.031 INFO             PET0 !!!!!!!!!!!!!!!!!!!!!!!!!!!!!!!!!!!!!!!!!!!!!!!!!!!!!!
20220604 032315.031 INFO             PET0 !!! THE ESMF_LOG IS SET TO OUTPUT ALL LOG MESSAGES !!!
20220604 032315.031 INFO             PET0 !!!     THIS MAY CAUSE SLOWDOWN IN PERFORMANCE     !!!
20220604 032315.031 INFO             PET0 !!! FOR PRODUCTION RUNS, USE:                      !!!
20220604 032315.031 INFO             PET0 !!!                   ESMF_LOGKIND_Multi_On_Error  !!!
20220604 032315.031 INFO             PET0 !!!!!!!!!!!!!!!!!!!!!!!!!!!!!!!!!!!!!!!!!!!!!!!!!!!!!!
20220604 032315.031 INFO             PET0 Running with ESMF Version   : v8.3.0b17-1-g6ed324f6a2
20220604 032315.031 INFO             PET0 ESMF library build date/time: "Jun  4 2022" "02:30:56"
20220604 032315.031 INFO             PET0 ESMF library build location : /glade/scratch/dunlap/esmf-testing/gfortran_7.4.0_openmpi_g_release_8.3.0
20220604 032315.031 INFO             PET0 ESMF_COMM                   : openmpi
20220604 032315.031 INFO             PET0 ESMF_MOAB                   : enabled
20220604 032315.031 INFO             PET0 ESMF_LAPACK                 : enabled
20220604 032315.031 INFO             PET0 ESMF_NETCDF                 : enabled
20220604 032315.031 INFO             PET0 ESMF_PNETCDF                : disabled
20220604 032315.031 INFO             PET0 ESMF_PIO                    : enabled
20220604 032315.031 INFO             PET0 ESMF_YAMLCPP                : enabled
20220604 032315.154 DEBUG            PET0 about to destroy Grid: 0x237b4c0
20220604 032315.169 DEBUG            PET0 about to destroy Grid: 0x237cba0
20220604 032315.208 INFO             PET0  NUMBER_OF_PROCESSORS           4
20220604 032315.208 INFO             PET0  PASS  Example ESMF_NUOPCAtmModelEx, ESMF_NUOPCAtmModelEx.F90, line 806
20220604 032315.208 INFO             PET0 Finalizing ESMF
20220604 032315.032 INFO             PET1 !!!!!!!!!!!!!!!!!!!!!!!!!!!!!!!!!!!!!!!!!!!!!!!!!!!!!!
20220604 032315.032 INFO             PET1 !!! THE ESMF_LOG IS SET TO OUTPUT ALL LOG MESSAGES !!!
20220604 032315.032 INFO             PET1 !!!     THIS MAY CAUSE SLOWDOWN IN PERFORMANCE     !!!
20220604 032315.032 INFO             PET1 !!! FOR PRODUCTION RUNS, USE:                      !!!
20220604 032315.032 INFO             PET1 !!!                   ESMF_LOGKIND_Multi_On_Error  !!!
20220604 032315.032 INFO             PET1 !!!!!!!!!!!!!!!!!!!!!!!!!!!!!!!!!!!!!!!!!!!!!!!!!!!!!!
20220604 032315.032 INFO             PET1 Running with ESMF Version   : v8.3.0b17-1-g6ed324f6a2
20220604 032315.032 INFO             PET1 ESMF library build date/time: "Jun  4 2022" "02:30:56"
20220604 032315.032 INFO             PET1 ESMF library build location : /glade/scratch/dunlap/esmf-testing/gfortran_7.4.0_openmpi_g_release_8.3.0
20220604 032315.032 INFO             PET1 ESMF_COMM                   : openmpi
20220604 032315.032 INFO             PET1 ESMF_MOAB                   : enabled
20220604 032315.032 INFO             PET1 ESMF_LAPACK                 : enabled
20220604 032315.032 INFO             PET1 ESMF_NETCDF                 : enabled
20220604 032315.032 INFO             PET1 ESMF_PNETCDF                : disabled
20220604 032315.032 INFO             PET1 ESMF_PIO                    : enabled
20220604 032315.032 INFO             PET1 ESMF_YAMLCPP                : enabled
20220604 032315.154 DEBUG            PET1 about to destroy Grid: 0x1774e30
20220604 032315.169 DEBUG            PET1 about to destroy Grid: 0x1776260
20220604 032315.208 INFO             PET1  NUMBER_OF_PROCESSORS           4
20220604 032315.208 INFO             PET1  PASS  Example ESMF_NUOPCAtmModelEx, ESMF_NUOPCAtmModelEx.F90, line 806
20220604 032315.208 INFO             PET1 Finalizing ESMF
20220604 032315.017 INFO             PET2 !!!!!!!!!!!!!!!!!!!!!!!!!!!!!!!!!!!!!!!!!!!!!!!!!!!!!!
20220604 032315.017 INFO             PET2 !!! THE ESMF_LOG IS SET TO OUTPUT ALL LOG MESSAGES !!!
20220604 032315.017 INFO             PET2 !!!     THIS MAY CAUSE SLOWDOWN IN PERFORMANCE     !!!
20220604 032315.017 INFO             PET2 !!! FOR PRODUCTION RUNS, USE:                      !!!
20220604 032315.017 INFO             PET2 !!!                   ESMF_LOGKIND_Multi_On_Error  !!!
20220604 032315.017 INFO             PET2 !!!!!!!!!!!!!!!!!!!!!!!!!!!!!!!!!!!!!!!!!!!!!!!!!!!!!!
20220604 032315.017 INFO             PET2 Running with ESMF Version   : v8.3.0b17-1-g6ed324f6a2
20220604 032315.017 INFO             PET2 ESMF library build date/time: "Jun  4 2022" "02:30:56"
20220604 032315.017 INFO             PET2 ESMF library build location : /glade/scratch/dunlap/esmf-testing/gfortran_7.4.0_openmpi_g_release_8.3.0
20220604 032315.017 INFO             PET2 ESMF_COMM                   : openmpi
20220604 032315.018 INFO             PET2 ESMF_MOAB                   : enabled
20220604 032315.018 INFO             PET2 ESMF_LAPACK                 : enabled
20220604 032315.018 INFO             PET2 ESMF_NETCDF                 : enabled
20220604 032315.018 INFO             PET2 ESMF_PNETCDF                : disabled
20220604 032315.018 INFO             PET2 ESMF_PIO                    : enabled
20220604 032315.018 INFO             PET2 ESMF_YAMLCPP                : enabled
20220604 032315.154 DEBUG            PET2 about to destroy Grid: 0x2174580
20220604 032315.169 DEBUG            PET2 about to destroy Grid: 0x2175d50
20220604 032315.208 INFO             PET2  NUMBER_OF_PROCESSORS           4
20220604 032315.208 INFO             PET2  PASS  Example ESMF_NUOPCAtmModelEx, ESMF_NUOPCAtmModelEx.F90, line 806
20220604 032315.208 INFO             PET2 Finalizing ESMF
20220604 032315.031 INFO             PET3 !!!!!!!!!!!!!!!!!!!!!!!!!!!!!!!!!!!!!!!!!!!!!!!!!!!!!!
20220604 032315.032 INFO             PET3 !!! THE ESMF_LOG IS SET TO OUTPUT ALL LOG MESSAGES !!!
20220604 032315.032 INFO             PET3 !!!     THIS MAY CAUSE SLOWDOWN IN PERFORMANCE     !!!
20220604 032315.032 INFO             PET3 !!! FOR PRODUCTION RUNS, USE:                      !!!
20220604 032315.032 INFO             PET3 !!!                   ESMF_LOGKIND_Multi_On_Error  !!!
20220604 032315.032 INFO             PET3 !!!!!!!!!!!!!!!!!!!!!!!!!!!!!!!!!!!!!!!!!!!!!!!!!!!!!!
20220604 032315.032 INFO             PET3 Running with ESMF Version   : v8.3.0b17-1-g6ed324f6a2
20220604 032315.032 INFO             PET3 ESMF library build date/time: "Jun  4 2022" "02:30:56"
20220604 032315.032 INFO             PET3 ESMF library build location : /glade/scratch/dunlap/esmf-testing/gfortran_7.4.0_openmpi_g_release_8.3.0
20220604 032315.032 INFO             PET3 ESMF_COMM                   : openmpi
20220604 032315.032 INFO             PET3 ESMF_MOAB                   : enabled
20220604 032315.032 INFO             PET3 ESMF_LAPACK                 : enabled
20220604 032315.032 INFO             PET3 ESMF_NETCDF                 : enabled
20220604 032315.032 INFO             PET3 ESMF_PNETCDF                : disabled
20220604 032315.032 INFO             PET3 ESMF_PIO                    : enabled
20220604 032315.032 INFO             PET3 ESMF_YAMLCPP                : enabled
20220604 032315.154 DEBUG            PET3 about to destroy Grid: 0x17ab0e0
20220604 032315.169 DEBUG            PET3 about to destroy Grid: 0x17ac790
20220604 032315.209 INFO             PET3  NUMBER_OF_PROCESSORS           4
20220604 032315.209 INFO             PET3  PASS  Example ESMF_NUOPCAtmModelEx, ESMF_NUOPCAtmModelEx.F90, line 806
20220604 032315.209 INFO             PET3 Finalizing ESMF
