build time -- 2022-06-04 02:05:16.470299
20220604 025733.608 INFO             PET0 !!!!!!!!!!!!!!!!!!!!!!!!!!!!!!!!!!!!!!!!!!!!!!!!!!!!!!
20220604 025733.608 INFO             PET0 !!! THE ESMF_LOG IS SET TO OUTPUT ALL LOG MESSAGES !!!
20220604 025733.608 INFO             PET0 !!!     THIS MAY CAUSE SLOWDOWN IN PERFORMANCE     !!!
20220604 025733.608 INFO             PET0 !!! FOR PRODUCTION RUNS, USE:                      !!!
20220604 025733.608 INFO             PET0 !!!                   ESMF_LOGKIND_Multi_On_Error  !!!
20220604 025733.608 INFO             PET0 !!!!!!!!!!!!!!!!!!!!!!!!!!!!!!!!!!!!!!!!!!!!!!!!!!!!!!
20220604 025733.608 INFO             PET0 Running with ESMF Version   : v8.3.0b17-1-g6ed324f6a2
20220604 025733.608 INFO             PET0 ESMF library build date/time: "Jun  4 2022" "02:03:39"
20220604 025733.608 INFO             PET0 ESMF library build location : /gpfsm/dnb04/projects/p98/mpotts/esmf/gfortran_8.3.0_intelmpi_g_release_8.3.0
20220604 025733.608 INFO             PET0 ESMF_COMM                   : intelmpi
20220604 025733.608 INFO             PET0 ESMF_MOAB                   : enabled
20220604 025733.608 INFO             PET0 ESMF_LAPACK                 : enabled
20220604 025733.608 INFO             PET0 ESMF_NETCDF                 : disabled
20220604 025733.608 INFO             PET0 ESMF_PNETCDF                : disabled
20220604 025733.608 INFO             PET0 ESMF_PIO                    : disabled
20220604 025733.608 INFO             PET0 ESMF_YAMLCPP                : enabled
20220604 025733.610 INFO             PET0  NUMBER_OF_PROCESSORS           1
20220604 025733.610 INFO             PET0  PASS  Example ESMF_TimeEx, ESMF_TimeEx.F90, line 141
20220604 025733.610 INFO             PET0 Finalizing ESMF
