build time -- 2022-06-06 01:26:33.612218
20220606 015516.306 INFO             PET0 !!!!!!!!!!!!!!!!!!!!!!!!!!!!!!!!!!!!!!!!!!!!!!!!!!!!!!
20220606 015516.306 INFO             PET0 !!! THE ESMF_LOG IS SET TO OUTPUT ALL LOG MESSAGES !!!
20220606 015516.306 INFO             PET0 !!!     THIS MAY CAUSE SLOWDOWN IN PERFORMANCE     !!!
20220606 015516.306 INFO             PET0 !!! FOR PRODUCTION RUNS, USE:                      !!!
20220606 015516.306 INFO             PET0 !!!                   ESMF_LOGKIND_Multi_On_Error  !!!
20220606 015516.306 INFO             PET0 !!!!!!!!!!!!!!!!!!!!!!!!!!!!!!!!!!!!!!!!!!!!!!!!!!!!!!
20220606 015516.306 INFO             PET0 Running with ESMF Version   : v8.3.0b17-1-g6ed324f6a2
20220606 015516.306 INFO             PET0 ESMF library build date/time: "Jun  6 2022" "01:25:00"
20220606 015516.306 INFO             PET0 ESMF library build location : /gpfsm/dnb04/projects/p98/mpotts/esmf/gfortran_8.3.0_intelmpi_g_release_8.3.0
20220606 015516.306 INFO             PET0 ESMF_COMM                   : intelmpi
20220606 015516.306 INFO             PET0 ESMF_MOAB                   : enabled
20220606 015516.306 INFO             PET0 ESMF_LAPACK                 : enabled
20220606 015516.306 INFO             PET0 ESMF_NETCDF                 : disabled
20220606 015516.306 INFO             PET0 ESMF_PNETCDF                : disabled
20220606 015516.306 INFO             PET0 ESMF_PIO                    : disabled
20220606 015516.306 INFO             PET0 ESMF_YAMLCPP                : enabled
20220606 015516.409 DEBUG            PET0 about to destroy Grid: 0x8f74e0
20220606 015516.420 DEBUG            PET0 about to destroy Grid: 0x8f8910
20220606 015516.452 INFO             PET0  NUMBER_OF_PROCESSORS           4
20220606 015516.452 INFO             PET0  PASS  Example ESMF_NUOPCAtmModelEx, ESMF_NUOPCAtmModelEx.F90, line 806
20220606 015516.452 INFO             PET0 Finalizing ESMF
20220606 015516.307 INFO             PET1 !!!!!!!!!!!!!!!!!!!!!!!!!!!!!!!!!!!!!!!!!!!!!!!!!!!!!!
20220606 015516.307 INFO             PET1 !!! THE ESMF_LOG IS SET TO OUTPUT ALL LOG MESSAGES !!!
20220606 015516.307 INFO             PET1 !!!     THIS MAY CAUSE SLOWDOWN IN PERFORMANCE     !!!
20220606 015516.307 INFO             PET1 !!! FOR PRODUCTION RUNS, USE:                      !!!
20220606 015516.307 INFO             PET1 !!!                   ESMF_LOGKIND_Multi_On_Error  !!!
20220606 015516.307 INFO             PET1 !!!!!!!!!!!!!!!!!!!!!!!!!!!!!!!!!!!!!!!!!!!!!!!!!!!!!!
20220606 015516.307 INFO             PET1 Running with ESMF Version   : v8.3.0b17-1-g6ed324f6a2
20220606 015516.307 INFO             PET1 ESMF library build date/time: "Jun  6 2022" "01:25:00"
20220606 015516.307 INFO             PET1 ESMF library build location : /gpfsm/dnb04/projects/p98/mpotts/esmf/gfortran_8.3.0_intelmpi_g_release_8.3.0
20220606 015516.307 INFO             PET1 ESMF_COMM                   : intelmpi
20220606 015516.307 INFO             PET1 ESMF_MOAB                   : enabled
20220606 015516.307 INFO             PET1 ESMF_LAPACK                 : enabled
20220606 015516.307 INFO             PET1 ESMF_NETCDF                 : disabled
20220606 015516.307 INFO             PET1 ESMF_PNETCDF                : disabled
20220606 015516.307 INFO             PET1 ESMF_PIO                    : disabled
20220606 015516.307 INFO             PET1 ESMF_YAMLCPP                : enabled
20220606 015516.409 DEBUG            PET1 about to destroy Grid: 0x8f8320
20220606 015516.420 DEBUG            PET1 about to destroy Grid: 0x8f9280
20220606 015516.453 INFO             PET1  NUMBER_OF_PROCESSORS           4
20220606 015516.453 INFO             PET1  PASS  Example ESMF_NUOPCAtmModelEx, ESMF_NUOPCAtmModelEx.F90, line 806
20220606 015516.453 INFO             PET1 Finalizing ESMF
20220606 015516.307 INFO             PET2 !!!!!!!!!!!!!!!!!!!!!!!!!!!!!!!!!!!!!!!!!!!!!!!!!!!!!!
20220606 015516.307 INFO             PET2 !!! THE ESMF_LOG IS SET TO OUTPUT ALL LOG MESSAGES !!!
20220606 015516.307 INFO             PET2 !!!     THIS MAY CAUSE SLOWDOWN IN PERFORMANCE     !!!
20220606 015516.307 INFO             PET2 !!! FOR PRODUCTION RUNS, USE:                      !!!
20220606 015516.307 INFO             PET2 !!!                   ESMF_LOGKIND_Multi_On_Error  !!!
20220606 015516.307 INFO             PET2 !!!!!!!!!!!!!!!!!!!!!!!!!!!!!!!!!!!!!!!!!!!!!!!!!!!!!!
20220606 015516.307 INFO             PET2 Running with ESMF Version   : v8.3.0b17-1-g6ed324f6a2
20220606 015516.307 INFO             PET2 ESMF library build date/time: "Jun  6 2022" "01:25:00"
20220606 015516.307 INFO             PET2 ESMF library build location : /gpfsm/dnb04/projects/p98/mpotts/esmf/gfortran_8.3.0_intelmpi_g_release_8.3.0
20220606 015516.307 INFO             PET2 ESMF_COMM                   : intelmpi
20220606 015516.307 INFO             PET2 ESMF_MOAB                   : enabled
20220606 015516.307 INFO             PET2 ESMF_LAPACK                 : enabled
20220606 015516.307 INFO             PET2 ESMF_NETCDF                 : disabled
20220606 015516.307 INFO             PET2 ESMF_PNETCDF                : disabled
20220606 015516.307 INFO             PET2 ESMF_PIO                    : disabled
20220606 015516.307 INFO             PET2 ESMF_YAMLCPP                : enabled
20220606 015516.409 DEBUG            PET2 about to destroy Grid: 0x8f76b0
20220606 015516.420 DEBUG            PET2 about to destroy Grid: 0x8f87d0
20220606 015516.453 INFO             PET2  NUMBER_OF_PROCESSORS           4
20220606 015516.453 INFO             PET2  PASS  Example ESMF_NUOPCAtmModelEx, ESMF_NUOPCAtmModelEx.F90, line 806
20220606 015516.454 INFO             PET2 Finalizing ESMF
20220606 015516.306 INFO             PET3 !!!!!!!!!!!!!!!!!!!!!!!!!!!!!!!!!!!!!!!!!!!!!!!!!!!!!!
20220606 015516.306 INFO             PET3 !!! THE ESMF_LOG IS SET TO OUTPUT ALL LOG MESSAGES !!!
20220606 015516.306 INFO             PET3 !!!     THIS MAY CAUSE SLOWDOWN IN PERFORMANCE     !!!
20220606 015516.306 INFO             PET3 !!! FOR PRODUCTION RUNS, USE:                      !!!
20220606 015516.306 INFO             PET3 !!!                   ESMF_LOGKIND_Multi_On_Error  !!!
20220606 015516.306 INFO             PET3 !!!!!!!!!!!!!!!!!!!!!!!!!!!!!!!!!!!!!!!!!!!!!!!!!!!!!!
20220606 015516.306 INFO             PET3 Running with ESMF Version   : v8.3.0b17-1-g6ed324f6a2
20220606 015516.306 INFO             PET3 ESMF library build date/time: "Jun  6 2022" "01:25:00"
20220606 015516.306 INFO             PET3 ESMF library build location : /gpfsm/dnb04/projects/p98/mpotts/esmf/gfortran_8.3.0_intelmpi_g_release_8.3.0
20220606 015516.306 INFO             PET3 ESMF_COMM                   : intelmpi
20220606 015516.307 INFO             PET3 ESMF_MOAB                   : enabled
20220606 015516.307 INFO             PET3 ESMF_LAPACK                 : enabled
20220606 015516.307 INFO             PET3 ESMF_NETCDF                 : disabled
20220606 015516.307 INFO             PET3 ESMF_PNETCDF                : disabled
20220606 015516.307 INFO             PET3 ESMF_PIO                    : disabled
20220606 015516.307 INFO             PET3 ESMF_YAMLCPP                : enabled
20220606 015516.409 DEBUG            PET3 about to destroy Grid: 0x8f7640
20220606 015516.420 DEBUG            PET3 about to destroy Grid: 0x8f8760
20220606 015516.453 INFO             PET3  NUMBER_OF_PROCESSORS           4
20220606 015516.453 INFO             PET3  PASS  Example ESMF_NUOPCAtmModelEx, ESMF_NUOPCAtmModelEx.F90, line 806
20220606 015516.453 INFO             PET3 Finalizing ESMF
