build time -- 2022-06-02 03:16:20.038458
20220602 043948.968 INFO             PET0 !!!!!!!!!!!!!!!!!!!!!!!!!!!!!!!!!!!!!!!!!!!!!!!!!!!!!!
20220602 043948.969 INFO             PET0 !!! THE ESMF_LOG IS SET TO OUTPUT ALL LOG MESSAGES !!!
20220602 043948.969 INFO             PET0 !!!     THIS MAY CAUSE SLOWDOWN IN PERFORMANCE     !!!
20220602 043948.969 INFO             PET0 !!! FOR PRODUCTION RUNS, USE:                      !!!
20220602 043948.969 INFO             PET0 !!!                   ESMF_LOGKIND_Multi_On_Error  !!!
20220602 043948.969 INFO             PET0 !!!!!!!!!!!!!!!!!!!!!!!!!!!!!!!!!!!!!!!!!!!!!!!!!!!!!!
20220602 043948.969 INFO             PET0 Running with ESMF Version   : v8.3.0b16-4-g64dc951248
20220602 043948.969 INFO             PET0 ESMF library build date/time: "Jun  2 2022" "03:07:39"
20220602 043948.969 INFO             PET0 ESMF library build location : /glade/scratch/dunlap/esmf-testing/intel_18.0.5_mpt_g_release_8.3.0
20220602 043948.969 INFO             PET0 ESMF_COMM                   : mpt
20220602 043948.969 INFO             PET0 ESMF_MOAB                   : enabled
20220602 043948.969 INFO             PET0 ESMF_LAPACK                 : enabled
20220602 043948.969 INFO             PET0 ESMF_NETCDF                 : enabled
20220602 043948.969 INFO             PET0 ESMF_PNETCDF                : disabled
20220602 043948.969 INFO             PET0 ESMF_PIO                    : enabled
20220602 043948.969 INFO             PET0 ESMF_YAMLCPP                : enabled
20220602 043949.092 DEBUG            PET0 about to destroy Grid: 0x1bb69e0
20220602 043949.109 DEBUG            PET0 about to destroy Grid: 0x1bb9750
20220602 043949.154 INFO             PET0  NUMBER_OF_PROCESSORS           4
20220602 043949.154 INFO             PET0  PASS  Example ESMF_NUOPCAtmModelEx, ESMF_NUOPCAtmModelEx.F90, line 806
20220602 043949.154 INFO             PET0 Finalizing ESMF
20220602 043948.969 INFO             PET1 !!!!!!!!!!!!!!!!!!!!!!!!!!!!!!!!!!!!!!!!!!!!!!!!!!!!!!
20220602 043948.969 INFO             PET1 !!! THE ESMF_LOG IS SET TO OUTPUT ALL LOG MESSAGES !!!
20220602 043948.969 INFO             PET1 !!!     THIS MAY CAUSE SLOWDOWN IN PERFORMANCE     !!!
20220602 043948.969 INFO             PET1 !!! FOR PRODUCTION RUNS, USE:                      !!!
20220602 043948.969 INFO             PET1 !!!                   ESMF_LOGKIND_Multi_On_Error  !!!
20220602 043948.969 INFO             PET1 !!!!!!!!!!!!!!!!!!!!!!!!!!!!!!!!!!!!!!!!!!!!!!!!!!!!!!
20220602 043948.969 INFO             PET1 Running with ESMF Version   : v8.3.0b16-4-g64dc951248
20220602 043948.969 INFO             PET1 ESMF library build date/time: "Jun  2 2022" "03:07:39"
20220602 043948.969 INFO             PET1 ESMF library build location : /glade/scratch/dunlap/esmf-testing/intel_18.0.5_mpt_g_release_8.3.0
20220602 043948.969 INFO             PET1 ESMF_COMM                   : mpt
20220602 043948.969 INFO             PET1 ESMF_MOAB                   : enabled
20220602 043948.969 INFO             PET1 ESMF_LAPACK                 : enabled
20220602 043948.969 INFO             PET1 ESMF_NETCDF                 : enabled
20220602 043948.969 INFO             PET1 ESMF_PNETCDF                : disabled
20220602 043948.969 INFO             PET1 ESMF_PIO                    : enabled
20220602 043948.969 INFO             PET1 ESMF_YAMLCPP                : enabled
20220602 043949.092 DEBUG            PET1 about to destroy Grid: 0x1bb9790
20220602 043949.109 DEBUG            PET1 about to destroy Grid: 0x1bba780
20220602 043949.154 INFO             PET1  NUMBER_OF_PROCESSORS           4
20220602 043949.154 INFO             PET1  PASS  Example ESMF_NUOPCAtmModelEx, ESMF_NUOPCAtmModelEx.F90, line 806
20220602 043949.154 INFO             PET1 Finalizing ESMF
20220602 043948.969 INFO             PET2 !!!!!!!!!!!!!!!!!!!!!!!!!!!!!!!!!!!!!!!!!!!!!!!!!!!!!!
20220602 043948.969 INFO             PET2 !!! THE ESMF_LOG IS SET TO OUTPUT ALL LOG MESSAGES !!!
20220602 043948.969 INFO             PET2 !!!     THIS MAY CAUSE SLOWDOWN IN PERFORMANCE     !!!
20220602 043948.969 INFO             PET2 !!! FOR PRODUCTION RUNS, USE:                      !!!
20220602 043948.969 INFO             PET2 !!!                   ESMF_LOGKIND_Multi_On_Error  !!!
20220602 043948.969 INFO             PET2 !!!!!!!!!!!!!!!!!!!!!!!!!!!!!!!!!!!!!!!!!!!!!!!!!!!!!!
20220602 043948.969 INFO             PET2 Running with ESMF Version   : v8.3.0b16-4-g64dc951248
20220602 043948.969 INFO             PET2 ESMF library build date/time: "Jun  2 2022" "03:07:39"
20220602 043948.969 INFO             PET2 ESMF library build location : /glade/scratch/dunlap/esmf-testing/intel_18.0.5_mpt_g_release_8.3.0
20220602 043948.969 INFO             PET2 ESMF_COMM                   : mpt
20220602 043948.969 INFO             PET2 ESMF_MOAB                   : enabled
20220602 043948.969 INFO             PET2 ESMF_LAPACK                 : enabled
20220602 043948.969 INFO             PET2 ESMF_NETCDF                 : enabled
20220602 043948.969 INFO             PET2 ESMF_PNETCDF                : disabled
20220602 043948.969 INFO             PET2 ESMF_PIO                    : enabled
20220602 043948.969 INFO             PET2 ESMF_YAMLCPP                : enabled
20220602 043949.092 DEBUG            PET2 about to destroy Grid: 0x1bb9810
20220602 043949.109 DEBUG            PET2 about to destroy Grid: 0x1bba800
20220602 043949.154 INFO             PET2  NUMBER_OF_PROCESSORS           4
20220602 043949.154 INFO             PET2  PASS  Example ESMF_NUOPCAtmModelEx, ESMF_NUOPCAtmModelEx.F90, line 806
20220602 043949.154 INFO             PET2 Finalizing ESMF
20220602 043948.968 INFO             PET3 !!!!!!!!!!!!!!!!!!!!!!!!!!!!!!!!!!!!!!!!!!!!!!!!!!!!!!
20220602 043948.968 INFO             PET3 !!! THE ESMF_LOG IS SET TO OUTPUT ALL LOG MESSAGES !!!
20220602 043948.968 INFO             PET3 !!!     THIS MAY CAUSE SLOWDOWN IN PERFORMANCE     !!!
20220602 043948.968 INFO             PET3 !!! FOR PRODUCTION RUNS, USE:                      !!!
20220602 043948.968 INFO             PET3 !!!                   ESMF_LOGKIND_Multi_On_Error  !!!
20220602 043948.968 INFO             PET3 !!!!!!!!!!!!!!!!!!!!!!!!!!!!!!!!!!!!!!!!!!!!!!!!!!!!!!
20220602 043948.968 INFO             PET3 Running with ESMF Version   : v8.3.0b16-4-g64dc951248
20220602 043948.968 INFO             PET3 ESMF library build date/time: "Jun  2 2022" "03:07:39"
20220602 043948.968 INFO             PET3 ESMF library build location : /glade/scratch/dunlap/esmf-testing/intel_18.0.5_mpt_g_release_8.3.0
20220602 043948.968 INFO             PET3 ESMF_COMM                   : mpt
20220602 043948.968 INFO             PET3 ESMF_MOAB                   : enabled
20220602 043948.968 INFO             PET3 ESMF_LAPACK                 : enabled
20220602 043948.968 INFO             PET3 ESMF_NETCDF                 : enabled
20220602 043948.968 INFO             PET3 ESMF_PNETCDF                : disabled
20220602 043948.968 INFO             PET3 ESMF_PIO                    : enabled
20220602 043948.968 INFO             PET3 ESMF_YAMLCPP                : enabled
20220602 043949.092 DEBUG            PET3 about to destroy Grid: 0x1bb98d0
20220602 043949.109 DEBUG            PET3 about to destroy Grid: 0x1bba8c0
20220602 043949.154 INFO             PET3  NUMBER_OF_PROCESSORS           4
20220602 043949.154 INFO             PET3  PASS  Example ESMF_NUOPCAtmModelEx, ESMF_NUOPCAtmModelEx.F90, line 806
20220602 043949.154 INFO             PET3 Finalizing ESMF
