build time -- 2022-06-07 06:23:22
20220607 072436.943 INFO             PET0 !!!!!!!!!!!!!!!!!!!!!!!!!!!!!!!!!!!!!!!!!!!!!!!!!!!!!!
20220607 072436.944 INFO             PET0 !!! THE ESMF_LOG IS SET TO OUTPUT ALL LOG MESSAGES !!!
20220607 072436.944 INFO             PET0 !!!     THIS MAY CAUSE SLOWDOWN IN PERFORMANCE     !!!
20220607 072436.944 INFO             PET0 !!! FOR PRODUCTION RUNS, USE:                      !!!
20220607 072436.944 INFO             PET0 !!!                   ESMF_LOGKIND_Multi_On_Error  !!!
20220607 072436.944 INFO             PET0 !!!!!!!!!!!!!!!!!!!!!!!!!!!!!!!!!!!!!!!!!!!!!!!!!!!!!!
20220607 072436.944 INFO             PET0 Running with ESMF Version   : v8.3.0
20220607 072436.944 INFO             PET0 ESMF library build date/time: "Jun  7 2022" "06:20:13"
20220607 072436.944 INFO             PET0 ESMF library build location : /scratch1/NCEPDEV/stmp2/role.esmfmaint/pgi_19.1_mpiuni_O_v8.3.0
20220607 072436.944 INFO             PET0 ESMF_COMM                   : mpiuni
20220607 072436.944 INFO             PET0 ESMF_MOAB                   : enabled
20220607 072436.945 INFO             PET0 ESMF_LAPACK                 : enabled
20220607 072436.945 INFO             PET0 ESMF_NETCDF                 : disabled
20220607 072436.945 INFO             PET0 ESMF_PNETCDF                : disabled
20220607 072436.945 INFO             PET0 ESMF_PIO                    : disabled
20220607 072436.945 INFO             PET0 ESMF_YAMLCPP                : enabled
20220607 072436.978 DEBUG            PET0 about to destroy Grid: 0x14ca5b0
20220607 072436.981 DEBUG            PET0 about to destroy Grid: 0x14cc3f0
20220607 072436.991 INFO             PET0  NUMBER_OF_PROCESSORS            1
20220607 072436.991 INFO             PET0  PASS  Example ESMF_NUOPCAtmModelEx, ESMF_NUOPCAtmModelEx.F90, line 806
20220607 072436.991 INFO             PET0 Finalizing ESMF
