build time -- 2022-06-07 06:23:22
20220607 072230.393 INFO             PET0 !!!!!!!!!!!!!!!!!!!!!!!!!!!!!!!!!!!!!!!!!!!!!!!!!!!!!!
20220607 072230.394 INFO             PET0 !!! THE ESMF_LOG IS SET TO OUTPUT ALL LOG MESSAGES !!!
20220607 072230.394 INFO             PET0 !!!     THIS MAY CAUSE SLOWDOWN IN PERFORMANCE     !!!
20220607 072230.394 INFO             PET0 !!! FOR PRODUCTION RUNS, USE:                      !!!
20220607 072230.394 INFO             PET0 !!!                   ESMF_LOGKIND_Multi_On_Error  !!!
20220607 072230.394 INFO             PET0 !!!!!!!!!!!!!!!!!!!!!!!!!!!!!!!!!!!!!!!!!!!!!!!!!!!!!!
20220607 072230.394 INFO             PET0 Running with ESMF Version   : v8.3.0
20220607 072230.394 INFO             PET0 ESMF library build date/time: "Jun  7 2022" "06:20:13"
20220607 072230.394 INFO             PET0 ESMF library build location : /scratch1/NCEPDEV/stmp2/role.esmfmaint/pgi_19.1_mpiuni_O_v8.3.0
20220607 072230.394 INFO             PET0 ESMF_COMM                   : mpiuni
20220607 072230.395 INFO             PET0 ESMF_MOAB                   : enabled
20220607 072230.395 INFO             PET0 ESMF_LAPACK                 : enabled
20220607 072230.395 INFO             PET0 ESMF_NETCDF                 : disabled
20220607 072230.395 INFO             PET0 ESMF_PNETCDF                : disabled
20220607 072230.395 INFO             PET0 ESMF_PIO                    : disabled
20220607 072230.395 INFO             PET0 ESMF_YAMLCPP                : enabled
20220607 072230.398 INFO             PET0 ESMF_FieldRedistStoreNF(): Just entered routine.
20220607 072230.478 INFO             PET0 ESMF_FieldRedistStoreNF(): Leaving routine.
20220607 072230.493 INFO             PET0  NUMBER_OF_PROCESSORS            1
20220607 072230.494 INFO             PET0  PASS  Example ESMF_RHandleFromFileEx, ESMF_RHandleFromFileEx.F90, line 192
20220607 072230.494 INFO             PET0 Finalizing ESMF
