build time -- 2022-04-19 01:10:04.901600
20220419 013402.558 INFO             PET0 !!!!!!!!!!!!!!!!!!!!!!!!!!!!!!!!!!!!!!!!!!!!!!!!!!!!!!
20220419 013402.558 INFO             PET0 !!! THE ESMF_LOG IS SET TO OUTPUT ALL LOG MESSAGES !!!
20220419 013402.558 INFO             PET0 !!!     THIS MAY CAUSE SLOWDOWN IN PERFORMANCE     !!!
20220419 013402.558 INFO             PET0 !!! FOR PRODUCTION RUNS, USE:                      !!!
20220419 013402.558 INFO             PET0 !!!                   ESMF_LOGKIND_Multi_On_Error  !!!
20220419 013402.558 INFO             PET0 !!!!!!!!!!!!!!!!!!!!!!!!!!!!!!!!!!!!!!!!!!!!!!!!!!!!!!
20220419 013402.558 INFO             PET0 Running with ESMF Version   : v8.3.0b12-66-g968479064d
20220419 013402.558 INFO             PET0 ESMF library build date/time: "Apr 19 2022" "01:08:41"
20220419 013402.558 INFO             PET0 ESMF library build location : /gpfsm/dnb04/projects/p98/mpotts/esmf/gfortran_8.3.0_mpiuni_g_develop
20220419 013402.558 INFO             PET0 ESMF_COMM                   : mpiuni
20220419 013402.558 INFO             PET0 ESMF_MOAB                   : enabled
20220419 013402.558 INFO             PET0 ESMF_LAPACK                 : enabled
20220419 013402.558 INFO             PET0 ESMF_NETCDF                 : disabled
20220419 013402.558 INFO             PET0 ESMF_PNETCDF                : disabled
20220419 013402.558 INFO             PET0 ESMF_PIO                    : disabled
20220419 013402.558 INFO             PET0 ESMF_YAMLCPP                : enabled
20220419 013402.559 INFO             PET0 ESMF Tracing Enabled
20220419 013402.559 INFO             PET0 ESMF Profiling Enabled
20220419 013402.559 INFO             PET0 ESMF Trace/Profile clock: REALTIME
20220419 013402.559 INFO             PET0  NUMBER_OF_PROCESSORS           1
20220419 013402.559 INFO             PET0  PASS  Example ESMF_TraceUserEx, ESMF_TraceUserEx.F90, line 125
20220419 013402.559 INFO             PET0 Finalizing ESMF
20220419 013402.559 INFO             PET0 **************** Region Timings *******************
20220419 013402.559 INFO             PET0 Region              Count  Total (s)   Self (s)    Mean (s)    Min (s)     Max (s)
20220419 013402.560 INFO             PET0   outer_region      1      0.0004      0.0000      0.0004      0.0004      0.0004
20220419 013402.560 INFO             PET0     inner_region_1  10     0.0002      0.0002      0.0000      0.0000      0.0000
20220419 013402.560 INFO             PET0     inner_region_2  10     0.0001      0.0001      0.0000      0.0000      0.0000
