build time -- 2022-04-07 01:09:27.708814
20220407 013304.041 INFO             PET0 !!!!!!!!!!!!!!!!!!!!!!!!!!!!!!!!!!!!!!!!!!!!!!!!!!!!!!
20220407 013304.041 INFO             PET0 !!! THE ESMF_LOG IS SET TO OUTPUT ALL LOG MESSAGES !!!
20220407 013304.041 INFO             PET0 !!!     THIS MAY CAUSE SLOWDOWN IN PERFORMANCE     !!!
20220407 013304.041 INFO             PET0 !!! FOR PRODUCTION RUNS, USE:                      !!!
20220407 013304.041 INFO             PET0 !!!                   ESMF_LOGKIND_Multi_On_Error  !!!
20220407 013304.041 INFO             PET0 !!!!!!!!!!!!!!!!!!!!!!!!!!!!!!!!!!!!!!!!!!!!!!!!!!!!!!
20220407 013304.041 INFO             PET0 Running with ESMF Version   : v8.3.0b12
20220407 013304.041 INFO             PET0 ESMF library build date/time: "Apr  7 2022" "01:08:04"
20220407 013304.041 INFO             PET0 ESMF library build location : /gpfsm/dnb04/projects/p98/mpotts/esmf/gfortran_8.3.0_mpiuni_g_develop
20220407 013304.041 INFO             PET0 ESMF_COMM                   : mpiuni
20220407 013304.041 INFO             PET0 ESMF_MOAB                   : enabled
20220407 013304.041 INFO             PET0 ESMF_LAPACK                 : enabled
20220407 013304.041 INFO             PET0 ESMF_NETCDF                 : disabled
20220407 013304.041 INFO             PET0 ESMF_PNETCDF                : disabled
20220407 013304.041 INFO             PET0 ESMF_PIO                    : disabled
20220407 013304.041 INFO             PET0 ESMF_YAMLCPP                : enabled
20220407 013304.041 ERROR            PET0 ESMCI_State.C:982 ESMCI::State::read() Library needed by ESMF not present  - Internal subroutine call returned Error
20220407 013304.041 ERROR            PET0 ESMF_StateAPI.cppF90:3191 ESMF_StateRead Library needed by ESMF not present  - Internal subroutine call returned Error
20220407 013304.042 INFO             PET0  NUMBER_OF_PROCESSORS           1
20220407 013304.042 INFO             PET0  PASS  Example ESMF_StateReadWriteEx, ESMF_StateReadWriteEx.F90, line 185
20220407 013304.042 INFO             PET0 Finalizing ESMF
