build time -- 2022-06-07 01:26:09.687837
20220607 015119.672 INFO             PET0 !!!!!!!!!!!!!!!!!!!!!!!!!!!!!!!!!!!!!!!!!!!!!!!!!!!!!!
20220607 015119.672 INFO             PET0 !!! THE ESMF_LOG IS SET TO OUTPUT ALL LOG MESSAGES !!!
20220607 015119.672 INFO             PET0 !!!     THIS MAY CAUSE SLOWDOWN IN PERFORMANCE     !!!
20220607 015119.672 INFO             PET0 !!! FOR PRODUCTION RUNS, USE:                      !!!
20220607 015119.672 INFO             PET0 !!!                   ESMF_LOGKIND_Multi_On_Error  !!!
20220607 015119.672 INFO             PET0 !!!!!!!!!!!!!!!!!!!!!!!!!!!!!!!!!!!!!!!!!!!!!!!!!!!!!!
20220607 015119.672 INFO             PET0 Running with ESMF Version   : v8.4.0b01-1-g3c875a5b01
20220607 015119.672 INFO             PET0 ESMF library build date/time: "Jun  7 2022" "01:24:55"
20220607 015119.672 INFO             PET0 ESMF library build location : /gpfsm/dnb04/projects/p98/mpotts/esmf/gfortran_8.3.0_mpiuni_g_develop
20220607 015119.672 INFO             PET0 ESMF_COMM                   : mpiuni
20220607 015119.672 INFO             PET0 ESMF_MOAB                   : enabled
20220607 015119.672 INFO             PET0 ESMF_LAPACK                 : enabled
20220607 015119.672 INFO             PET0 ESMF_NETCDF                 : disabled
20220607 015119.672 INFO             PET0 ESMF_PNETCDF                : disabled
20220607 015119.672 INFO             PET0 ESMF_PIO                    : disabled
20220607 015119.672 INFO             PET0 ESMF_YAMLCPP                : enabled
20220607 015119.682 INFO             PET0  NUMBER_OF_PROCESSORS           1
20220607 015119.682 INFO             PET0  PASS  Example ESMF_StateEx, ESMF_StateEx.F90, line 237
20220607 015119.682 INFO             PET0 Finalizing ESMF
