build time -- 2022-05-07 01:30:28.292701
20220507 015431.265 INFO             PET0 !!!!!!!!!!!!!!!!!!!!!!!!!!!!!!!!!!!!!!!!!!!!!!!!!!!!!!
20220507 015431.265 INFO             PET0 !!! THE ESMF_LOG IS SET TO OUTPUT ALL LOG MESSAGES !!!
20220507 015431.265 INFO             PET0 !!!     THIS MAY CAUSE SLOWDOWN IN PERFORMANCE     !!!
20220507 015431.265 INFO             PET0 !!! FOR PRODUCTION RUNS, USE:                      !!!
20220507 015431.265 INFO             PET0 !!!                   ESMF_LOGKIND_Multi_On_Error  !!!
20220507 015431.265 INFO             PET0 !!!!!!!!!!!!!!!!!!!!!!!!!!!!!!!!!!!!!!!!!!!!!!!!!!!!!!
20220507 015431.265 INFO             PET0 Running with ESMF Version   : v8.3.0b14-2-gde129fc120
20220507 015431.265 INFO             PET0 ESMF library build date/time: "May  7 2022" "01:29:08"
20220507 015431.265 INFO             PET0 ESMF library build location : /gpfsm/dnb04/projects/p98/mpotts/esmf/gfortran_8.3.0_mpiuni_g_develop
20220507 015431.265 INFO             PET0 ESMF_COMM                   : mpiuni
20220507 015431.265 INFO             PET0 ESMF_MOAB                   : enabled
20220507 015431.265 INFO             PET0 ESMF_LAPACK                 : enabled
20220507 015431.265 INFO             PET0 ESMF_NETCDF                 : disabled
20220507 015431.265 INFO             PET0 ESMF_PNETCDF                : disabled
20220507 015431.265 INFO             PET0 ESMF_PIO                    : disabled
20220507 015431.265 INFO             PET0 ESMF_YAMLCPP                : enabled
20220507 015431.265 INFO             PET0  NUMBER_OF_PROCESSORS           1
20220507 015431.265 INFO             PET0  PASS  Example ESMF_VMScatterVMGatherEx, ESMF_VMScatterVMGatherEx.F90, line 120
20220507 015431.265 INFO             PET0 Finalizing ESMF
