build time -- 2022-05-03 01:09:26.192864
20220503 013434.430 INFO             PET0 !!!!!!!!!!!!!!!!!!!!!!!!!!!!!!!!!!!!!!!!!!!!!!!!!!!!!!
20220503 013434.430 INFO             PET0 !!! THE ESMF_LOG IS SET TO OUTPUT ALL LOG MESSAGES !!!
20220503 013434.430 INFO             PET0 !!!     THIS MAY CAUSE SLOWDOWN IN PERFORMANCE     !!!
20220503 013434.430 INFO             PET0 !!! FOR PRODUCTION RUNS, USE:                      !!!
20220503 013434.430 INFO             PET0 !!!                   ESMF_LOGKIND_Multi_On_Error  !!!
20220503 013434.430 INFO             PET0 !!!!!!!!!!!!!!!!!!!!!!!!!!!!!!!!!!!!!!!!!!!!!!!!!!!!!!
20220503 013434.430 INFO             PET0 Running with ESMF Version   : v8.3.0b13-7-g0b3ec3b299
20220503 013434.430 INFO             PET0 ESMF library build date/time: "May  3 2022" "01:08:20"
20220503 013434.430 INFO             PET0 ESMF library build location : /gpfsm/dnb04/projects/p98/mpotts/esmf/gfortran_8.3.0_mpiuni_g_develop
20220503 013434.430 INFO             PET0 ESMF_COMM                   : mpiuni
20220503 013434.430 INFO             PET0 ESMF_MOAB                   : enabled
20220503 013434.430 INFO             PET0 ESMF_LAPACK                 : enabled
20220503 013434.430 INFO             PET0 ESMF_NETCDF                 : disabled
20220503 013434.430 INFO             PET0 ESMF_PNETCDF                : disabled
20220503 013434.430 INFO             PET0 ESMF_PIO                    : disabled
20220503 013434.430 INFO             PET0 ESMF_YAMLCPP                : enabled
20220503 013434.431 INFO             PET0  NUMBER_OF_PROCESSORS           1
20220503 013434.431 INFO             PET0  PASS  Example ESMF_ConfigOverviewEx, ESMF_ConfigOverviewEx.F90, line 415
20220503 013434.431 INFO             PET0 Finalizing ESMF
