build time -- 2022-06-04 03:52:20.715375
20220604 040710.923 INFO             PET0 !!!!!!!!!!!!!!!!!!!!!!!!!!!!!!!!!!!!!!!!!!!!!!!!!!!!!!
20220604 040710.923 INFO             PET0 !!! THE ESMF_LOG IS SET TO OUTPUT ALL LOG MESSAGES !!!
20220604 040710.923 INFO             PET0 !!!     THIS MAY CAUSE SLOWDOWN IN PERFORMANCE     !!!
20220604 040710.923 INFO             PET0 !!! FOR PRODUCTION RUNS, USE:                      !!!
20220604 040710.923 INFO             PET0 !!!                   ESMF_LOGKIND_Multi_On_Error  !!!
20220604 040710.923 INFO             PET0 !!!!!!!!!!!!!!!!!!!!!!!!!!!!!!!!!!!!!!!!!!!!!!!!!!!!!!
20220604 040710.923 INFO             PET0 Running with ESMF Version   : v8.3.0b17-1-g6ed324f6a2
20220604 040710.923 INFO             PET0 ESMF library build date/time: "Jun  4 2022" "03:51:32"
20220604 040710.923 INFO             PET0 ESMF library build location : /home/mpotts/gfortran_9.3.0_openmpi_g_release_8.3.0
20220604 040710.923 INFO             PET0 ESMF_COMM                   : openmpi
20220604 040710.923 INFO             PET0 ESMF_MOAB                   : enabled
20220604 040710.923 INFO             PET0 ESMF_LAPACK                 : enabled
20220604 040710.923 INFO             PET0 ESMF_NETCDF                 : enabled
20220604 040710.923 INFO             PET0 ESMF_PNETCDF                : disabled
20220604 040710.923 INFO             PET0 ESMF_PIO                    : enabled
20220604 040710.923 INFO             PET0 ESMF_YAMLCPP                : enabled
20220604 040710.923 INFO             PET0  NUMBER_OF_PROCESSORS           1
20220604 040710.923 INFO             PET0  PASS  Example ESMF_TimeIntervalEx, ESMF_TimeIntervalEx.F90, line 176
20220604 040710.923 INFO             PET0 Finalizing ESMF
