build time -- 2022-05-27 03:51:21.802572
20220527 040610.928 INFO             PET0 !!!!!!!!!!!!!!!!!!!!!!!!!!!!!!!!!!!!!!!!!!!!!!!!!!!!!!
20220527 040610.928 INFO             PET0 !!! THE ESMF_LOG IS SET TO OUTPUT ALL LOG MESSAGES !!!
20220527 040610.928 INFO             PET0 !!!     THIS MAY CAUSE SLOWDOWN IN PERFORMANCE     !!!
20220527 040610.929 INFO             PET0 !!! FOR PRODUCTION RUNS, USE:                      !!!
20220527 040610.929 INFO             PET0 !!!                   ESMF_LOGKIND_Multi_On_Error  !!!
20220527 040610.929 INFO             PET0 !!!!!!!!!!!!!!!!!!!!!!!!!!!!!!!!!!!!!!!!!!!!!!!!!!!!!!
20220527 040610.929 INFO             PET0 Running with ESMF Version   : v8.3.0b16-3-gc2b47388e1
20220527 040610.929 INFO             PET0 ESMF library build date/time: "May 27 2022" "03:50:31"
20220527 040610.929 INFO             PET0 ESMF library build location : /home/mpotts/gfortran_9.3.0_openmpi_g_release_8.3.0
20220527 040610.929 INFO             PET0 ESMF_COMM                   : openmpi
20220527 040610.929 INFO             PET0 ESMF_MOAB                   : enabled
20220527 040610.929 INFO             PET0 ESMF_LAPACK                 : enabled
20220527 040610.929 INFO             PET0 ESMF_NETCDF                 : enabled
20220527 040610.929 INFO             PET0 ESMF_PNETCDF                : disabled
20220527 040610.929 INFO             PET0 ESMF_PIO                    : enabled
20220527 040610.929 INFO             PET0 ESMF_YAMLCPP                : enabled
20220527 040610.929 INFO             PET0  NUMBER_OF_PROCESSORS           1
20220527 040610.929 INFO             PET0  PASS  Example CalendarEx, ESMF_CalendarEx.F90, line 217
20220527 040610.929 INFO             PET0 Finalizing ESMF
