build time -- 2022-05-29 03:53:24.248732
20220529 040900.710 INFO             PET0 !!!!!!!!!!!!!!!!!!!!!!!!!!!!!!!!!!!!!!!!!!!!!!!!!!!!!!
20220529 040900.710 INFO             PET0 !!! THE ESMF_LOG IS SET TO OUTPUT ALL LOG MESSAGES !!!
20220529 040900.710 INFO             PET0 !!!     THIS MAY CAUSE SLOWDOWN IN PERFORMANCE     !!!
20220529 040900.710 INFO             PET0 !!! FOR PRODUCTION RUNS, USE:                      !!!
20220529 040900.710 INFO             PET0 !!!                   ESMF_LOGKIND_Multi_On_Error  !!!
20220529 040900.710 INFO             PET0 !!!!!!!!!!!!!!!!!!!!!!!!!!!!!!!!!!!!!!!!!!!!!!!!!!!!!!
20220529 040900.710 INFO             PET0 Running with ESMF Version   : v8.3.0b16-3-gc2b47388e1
20220529 040900.710 INFO             PET0 ESMF library build date/time: "May 29 2022" "03:52:29"
20220529 040900.710 INFO             PET0 ESMF library build location : /home/mpotts/gfortran_9.3.0_openmpi_g_release_8.3.0
20220529 040900.710 INFO             PET0 ESMF_COMM                   : openmpi
20220529 040900.710 INFO             PET0 ESMF_MOAB                   : enabled
20220529 040900.710 INFO             PET0 ESMF_LAPACK                 : enabled
20220529 040900.711 INFO             PET0 ESMF_NETCDF                 : enabled
20220529 040900.711 INFO             PET0 ESMF_PNETCDF                : disabled
20220529 040900.711 INFO             PET0 ESMF_PIO                    : enabled
20220529 040900.711 INFO             PET0 ESMF_YAMLCPP                : enabled
20220529 040900.772 DEBUG            PET0 about to destroy Grid: 0x25831e0
20220529 040900.779 DEBUG            PET0 about to destroy Grid: 0x2584f60
20220529 040900.797 INFO             PET0  NUMBER_OF_PROCESSORS           4
20220529 040900.797 INFO             PET0  PASS  Example ESMF_NUOPCAtmModelEx, ESMF_NUOPCAtmModelEx.F90, line 806
20220529 040900.797 INFO             PET0 Finalizing ESMF
20220529 040900.710 INFO             PET1 !!!!!!!!!!!!!!!!!!!!!!!!!!!!!!!!!!!!!!!!!!!!!!!!!!!!!!
20220529 040900.710 INFO             PET1 !!! THE ESMF_LOG IS SET TO OUTPUT ALL LOG MESSAGES !!!
20220529 040900.710 INFO             PET1 !!!     THIS MAY CAUSE SLOWDOWN IN PERFORMANCE     !!!
20220529 040900.710 INFO             PET1 !!! FOR PRODUCTION RUNS, USE:                      !!!
20220529 040900.710 INFO             PET1 !!!                   ESMF_LOGKIND_Multi_On_Error  !!!
20220529 040900.710 INFO             PET1 !!!!!!!!!!!!!!!!!!!!!!!!!!!!!!!!!!!!!!!!!!!!!!!!!!!!!!
20220529 040900.710 INFO             PET1 Running with ESMF Version   : v8.3.0b16-3-gc2b47388e1
20220529 040900.710 INFO             PET1 ESMF library build date/time: "May 29 2022" "03:52:29"
20220529 040900.710 INFO             PET1 ESMF library build location : /home/mpotts/gfortran_9.3.0_openmpi_g_release_8.3.0
20220529 040900.710 INFO             PET1 ESMF_COMM                   : openmpi
20220529 040900.710 INFO             PET1 ESMF_MOAB                   : enabled
20220529 040900.710 INFO             PET1 ESMF_LAPACK                 : enabled
20220529 040900.711 INFO             PET1 ESMF_NETCDF                 : enabled
20220529 040900.711 INFO             PET1 ESMF_PNETCDF                : disabled
20220529 040900.711 INFO             PET1 ESMF_PIO                    : enabled
20220529 040900.711 INFO             PET1 ESMF_YAMLCPP                : enabled
20220529 040900.772 DEBUG            PET1 about to destroy Grid: 0x23821c0
20220529 040900.779 DEBUG            PET1 about to destroy Grid: 0x2386b60
20220529 040900.797 INFO             PET1  NUMBER_OF_PROCESSORS           4
20220529 040900.797 INFO             PET1  PASS  Example ESMF_NUOPCAtmModelEx, ESMF_NUOPCAtmModelEx.F90, line 806
20220529 040900.797 INFO             PET1 Finalizing ESMF
20220529 040900.710 INFO             PET2 !!!!!!!!!!!!!!!!!!!!!!!!!!!!!!!!!!!!!!!!!!!!!!!!!!!!!!
20220529 040900.710 INFO             PET2 !!! THE ESMF_LOG IS SET TO OUTPUT ALL LOG MESSAGES !!!
20220529 040900.710 INFO             PET2 !!!     THIS MAY CAUSE SLOWDOWN IN PERFORMANCE     !!!
20220529 040900.710 INFO             PET2 !!! FOR PRODUCTION RUNS, USE:                      !!!
20220529 040900.710 INFO             PET2 !!!                   ESMF_LOGKIND_Multi_On_Error  !!!
20220529 040900.710 INFO             PET2 !!!!!!!!!!!!!!!!!!!!!!!!!!!!!!!!!!!!!!!!!!!!!!!!!!!!!!
20220529 040900.710 INFO             PET2 Running with ESMF Version   : v8.3.0b16-3-gc2b47388e1
20220529 040900.710 INFO             PET2 ESMF library build date/time: "May 29 2022" "03:52:29"
20220529 040900.710 INFO             PET2 ESMF library build location : /home/mpotts/gfortran_9.3.0_openmpi_g_release_8.3.0
20220529 040900.710 INFO             PET2 ESMF_COMM                   : openmpi
20220529 040900.710 INFO             PET2 ESMF_MOAB                   : enabled
20220529 040900.710 INFO             PET2 ESMF_LAPACK                 : enabled
20220529 040900.710 INFO             PET2 ESMF_NETCDF                 : enabled
20220529 040900.710 INFO             PET2 ESMF_PNETCDF                : disabled
20220529 040900.710 INFO             PET2 ESMF_PIO                    : enabled
20220529 040900.710 INFO             PET2 ESMF_YAMLCPP                : enabled
20220529 040900.772 DEBUG            PET2 about to destroy Grid: 0x141a5d0
20220529 040900.779 DEBUG            PET2 about to destroy Grid: 0x141edd0
20220529 040900.797 INFO             PET2  NUMBER_OF_PROCESSORS           4
20220529 040900.797 INFO             PET2  PASS  Example ESMF_NUOPCAtmModelEx, ESMF_NUOPCAtmModelEx.F90, line 806
20220529 040900.797 INFO             PET2 Finalizing ESMF
20220529 040900.710 INFO             PET3 !!!!!!!!!!!!!!!!!!!!!!!!!!!!!!!!!!!!!!!!!!!!!!!!!!!!!!
20220529 040900.710 INFO             PET3 !!! THE ESMF_LOG IS SET TO OUTPUT ALL LOG MESSAGES !!!
20220529 040900.710 INFO             PET3 !!!     THIS MAY CAUSE SLOWDOWN IN PERFORMANCE     !!!
20220529 040900.710 INFO             PET3 !!! FOR PRODUCTION RUNS, USE:                      !!!
20220529 040900.710 INFO             PET3 !!!                   ESMF_LOGKIND_Multi_On_Error  !!!
20220529 040900.710 INFO             PET3 !!!!!!!!!!!!!!!!!!!!!!!!!!!!!!!!!!!!!!!!!!!!!!!!!!!!!!
20220529 040900.710 INFO             PET3 Running with ESMF Version   : v8.3.0b16-3-gc2b47388e1
20220529 040900.710 INFO             PET3 ESMF library build date/time: "May 29 2022" "03:52:29"
20220529 040900.710 INFO             PET3 ESMF library build location : /home/mpotts/gfortran_9.3.0_openmpi_g_release_8.3.0
20220529 040900.710 INFO             PET3 ESMF_COMM                   : openmpi
20220529 040900.711 INFO             PET3 ESMF_MOAB                   : enabled
20220529 040900.711 INFO             PET3 ESMF_LAPACK                 : enabled
20220529 040900.711 INFO             PET3 ESMF_NETCDF                 : enabled
20220529 040900.711 INFO             PET3 ESMF_PNETCDF                : disabled
20220529 040900.711 INFO             PET3 ESMF_PIO                    : enabled
20220529 040900.711 INFO             PET3 ESMF_YAMLCPP                : enabled
20220529 040900.772 DEBUG            PET3 about to destroy Grid: 0x17ee410
20220529 040900.779 DEBUG            PET3 about to destroy Grid: 0x17f2bd0
20220529 040900.797 INFO             PET3  NUMBER_OF_PROCESSORS           4
20220529 040900.797 INFO             PET3  PASS  Example ESMF_NUOPCAtmModelEx, ESMF_NUOPCAtmModelEx.F90, line 806
20220529 040900.797 INFO             PET3 Finalizing ESMF
