build time -- 2022-06-03 03:21:48.091742
20220603 044729.878 INFO             PET0 !!!!!!!!!!!!!!!!!!!!!!!!!!!!!!!!!!!!!!!!!!!!!!!!!!!!!!
20220603 044729.879 INFO             PET0 !!! THE ESMF_LOG IS SET TO OUTPUT ALL LOG MESSAGES !!!
20220603 044729.879 INFO             PET0 !!!     THIS MAY CAUSE SLOWDOWN IN PERFORMANCE     !!!
20220603 044729.879 INFO             PET0 !!! FOR PRODUCTION RUNS, USE:                      !!!
20220603 044729.879 INFO             PET0 !!!                   ESMF_LOGKIND_Multi_On_Error  !!!
20220603 044729.879 INFO             PET0 !!!!!!!!!!!!!!!!!!!!!!!!!!!!!!!!!!!!!!!!!!!!!!!!!!!!!!
20220603 044729.879 INFO             PET0 Running with ESMF Version   : v8.4.0b00
20220603 044729.879 INFO             PET0 ESMF library build date/time: "Jun  3 2022" "03:13:02"
20220603 044729.879 INFO             PET0 ESMF library build location : /glade/scratch/dunlap/esmf-testing/intel_18.0.5_openmpi_g_develop
20220603 044729.879 INFO             PET0 ESMF_COMM                   : openmpi
20220603 044729.879 INFO             PET0 ESMF_MOAB                   : enabled
20220603 044729.879 INFO             PET0 ESMF_LAPACK                 : enabled
20220603 044729.879 INFO             PET0 ESMF_NETCDF                 : enabled
20220603 044729.879 INFO             PET0 ESMF_PNETCDF                : disabled
20220603 044729.879 INFO             PET0 ESMF_PIO                    : enabled
20220603 044729.879 INFO             PET0 ESMF_YAMLCPP                : enabled
20220603 044730.066 DEBUG            PET0 about to destroy Grid: 0x21b7b50
20220603 044730.085 DEBUG            PET0 about to destroy Grid: 0x21b8510
20220603 044730.158 INFO             PET0  NUMBER_OF_PROCESSORS           4
20220603 044730.158 INFO             PET0  PASS  Example ESMF_NUOPCAtmModelEx, ESMF_NUOPCAtmModelEx.F90, line 806
20220603 044730.158 INFO             PET0 Finalizing ESMF
20220603 044729.879 INFO             PET1 !!!!!!!!!!!!!!!!!!!!!!!!!!!!!!!!!!!!!!!!!!!!!!!!!!!!!!
20220603 044729.879 INFO             PET1 !!! THE ESMF_LOG IS SET TO OUTPUT ALL LOG MESSAGES !!!
20220603 044729.879 INFO             PET1 !!!     THIS MAY CAUSE SLOWDOWN IN PERFORMANCE     !!!
20220603 044729.879 INFO             PET1 !!! FOR PRODUCTION RUNS, USE:                      !!!
20220603 044729.879 INFO             PET1 !!!                   ESMF_LOGKIND_Multi_On_Error  !!!
20220603 044729.879 INFO             PET1 !!!!!!!!!!!!!!!!!!!!!!!!!!!!!!!!!!!!!!!!!!!!!!!!!!!!!!
20220603 044729.879 INFO             PET1 Running with ESMF Version   : v8.4.0b00
20220603 044729.879 INFO             PET1 ESMF library build date/time: "Jun  3 2022" "03:13:02"
20220603 044729.879 INFO             PET1 ESMF library build location : /glade/scratch/dunlap/esmf-testing/intel_18.0.5_openmpi_g_develop
20220603 044729.879 INFO             PET1 ESMF_COMM                   : openmpi
20220603 044729.879 INFO             PET1 ESMF_MOAB                   : enabled
20220603 044729.879 INFO             PET1 ESMF_LAPACK                 : enabled
20220603 044729.879 INFO             PET1 ESMF_NETCDF                 : enabled
20220603 044729.879 INFO             PET1 ESMF_PNETCDF                : disabled
20220603 044729.879 INFO             PET1 ESMF_PIO                    : enabled
20220603 044729.879 INFO             PET1 ESMF_YAMLCPP                : enabled
20220603 044730.066 DEBUG            PET1 about to destroy Grid: 0x153e060
20220603 044730.085 DEBUG            PET1 about to destroy Grid: 0x153e510
20220603 044730.158 INFO             PET1  NUMBER_OF_PROCESSORS           4
20220603 044730.158 INFO             PET1  PASS  Example ESMF_NUOPCAtmModelEx, ESMF_NUOPCAtmModelEx.F90, line 806
20220603 044730.158 INFO             PET1 Finalizing ESMF
20220603 044729.879 INFO             PET2 !!!!!!!!!!!!!!!!!!!!!!!!!!!!!!!!!!!!!!!!!!!!!!!!!!!!!!
20220603 044729.879 INFO             PET2 !!! THE ESMF_LOG IS SET TO OUTPUT ALL LOG MESSAGES !!!
20220603 044729.879 INFO             PET2 !!!     THIS MAY CAUSE SLOWDOWN IN PERFORMANCE     !!!
20220603 044729.879 INFO             PET2 !!! FOR PRODUCTION RUNS, USE:                      !!!
20220603 044729.879 INFO             PET2 !!!                   ESMF_LOGKIND_Multi_On_Error  !!!
20220603 044729.879 INFO             PET2 !!!!!!!!!!!!!!!!!!!!!!!!!!!!!!!!!!!!!!!!!!!!!!!!!!!!!!
20220603 044729.879 INFO             PET2 Running with ESMF Version   : v8.4.0b00
20220603 044729.879 INFO             PET2 ESMF library build date/time: "Jun  3 2022" "03:13:02"
20220603 044729.879 INFO             PET2 ESMF library build location : /glade/scratch/dunlap/esmf-testing/intel_18.0.5_openmpi_g_develop
20220603 044729.879 INFO             PET2 ESMF_COMM                   : openmpi
20220603 044729.879 INFO             PET2 ESMF_MOAB                   : enabled
20220603 044729.879 INFO             PET2 ESMF_LAPACK                 : enabled
20220603 044729.879 INFO             PET2 ESMF_NETCDF                 : enabled
20220603 044729.879 INFO             PET2 ESMF_PNETCDF                : disabled
20220603 044729.879 INFO             PET2 ESMF_PIO                    : enabled
20220603 044729.879 INFO             PET2 ESMF_YAMLCPP                : enabled
20220603 044730.066 DEBUG            PET2 about to destroy Grid: 0x1e3b020
20220603 044730.085 DEBUG            PET2 about to destroy Grid: 0x1e3c180
20220603 044730.158 INFO             PET2  NUMBER_OF_PROCESSORS           4
20220603 044730.158 INFO             PET2  PASS  Example ESMF_NUOPCAtmModelEx, ESMF_NUOPCAtmModelEx.F90, line 806
20220603 044730.158 INFO             PET2 Finalizing ESMF
20220603 044729.879 INFO             PET3 !!!!!!!!!!!!!!!!!!!!!!!!!!!!!!!!!!!!!!!!!!!!!!!!!!!!!!
20220603 044729.879 INFO             PET3 !!! THE ESMF_LOG IS SET TO OUTPUT ALL LOG MESSAGES !!!
20220603 044729.879 INFO             PET3 !!!     THIS MAY CAUSE SLOWDOWN IN PERFORMANCE     !!!
20220603 044729.879 INFO             PET3 !!! FOR PRODUCTION RUNS, USE:                      !!!
20220603 044729.879 INFO             PET3 !!!                   ESMF_LOGKIND_Multi_On_Error  !!!
20220603 044729.879 INFO             PET3 !!!!!!!!!!!!!!!!!!!!!!!!!!!!!!!!!!!!!!!!!!!!!!!!!!!!!!
20220603 044729.879 INFO             PET3 Running with ESMF Version   : v8.4.0b00
20220603 044729.879 INFO             PET3 ESMF library build date/time: "Jun  3 2022" "03:13:02"
20220603 044729.879 INFO             PET3 ESMF library build location : /glade/scratch/dunlap/esmf-testing/intel_18.0.5_openmpi_g_develop
20220603 044729.879 INFO             PET3 ESMF_COMM                   : openmpi
20220603 044729.880 INFO             PET3 ESMF_MOAB                   : enabled
20220603 044729.880 INFO             PET3 ESMF_LAPACK                 : enabled
20220603 044729.880 INFO             PET3 ESMF_NETCDF                 : enabled
20220603 044729.880 INFO             PET3 ESMF_PNETCDF                : disabled
20220603 044729.880 INFO             PET3 ESMF_PIO                    : enabled
20220603 044729.880 INFO             PET3 ESMF_YAMLCPP                : enabled
20220603 044730.066 DEBUG            PET3 about to destroy Grid: 0x16a10b0
20220603 044730.085 DEBUG            PET3 about to destroy Grid: 0x16a2230
20220603 044730.159 INFO             PET3  NUMBER_OF_PROCESSORS           4
20220603 044730.159 INFO             PET3  PASS  Example ESMF_NUOPCAtmModelEx, ESMF_NUOPCAtmModelEx.F90, line 806
20220603 044730.159 INFO             PET3 Finalizing ESMF
