build time -- 2022-05-17 01:24:12.838133
20220517 014928.603 INFO             PET0 !!!!!!!!!!!!!!!!!!!!!!!!!!!!!!!!!!!!!!!!!!!!!!!!!!!!!!
20220517 014928.603 INFO             PET0 !!! THE ESMF_LOG IS SET TO OUTPUT ALL LOG MESSAGES !!!
20220517 014928.603 INFO             PET0 !!!     THIS MAY CAUSE SLOWDOWN IN PERFORMANCE     !!!
20220517 014928.603 INFO             PET0 !!! FOR PRODUCTION RUNS, USE:                      !!!
20220517 014928.603 INFO             PET0 !!!                   ESMF_LOGKIND_Multi_On_Error  !!!
20220517 014928.603 INFO             PET0 !!!!!!!!!!!!!!!!!!!!!!!!!!!!!!!!!!!!!!!!!!!!!!!!!!!!!!
20220517 014928.603 INFO             PET0 Running with ESMF Version   : v8.3.0b14-2-gde129fc120
20220517 014928.603 INFO             PET0 ESMF library build date/time: "May 17 2022" "01:22:43"
20220517 014928.603 INFO             PET0 ESMF library build location : /gpfsm/dnb04/projects/p98/mpotts/esmf/gfortran_10.1.0_intelmpi_g_develop
20220517 014928.603 INFO             PET0 ESMF_COMM                   : intelmpi
20220517 014928.603 INFO             PET0 ESMF_MOAB                   : enabled
20220517 014928.603 INFO             PET0 ESMF_LAPACK                 : enabled
20220517 014928.603 INFO             PET0 ESMF_NETCDF                 : disabled
20220517 014928.603 INFO             PET0 ESMF_PNETCDF                : disabled
20220517 014928.603 INFO             PET0 ESMF_PIO                    : disabled
20220517 014928.603 INFO             PET0 ESMF_YAMLCPP                : enabled
20220517 014928.614 INFO             PET0  NUMBER_OF_PROCESSORS           4
20220517 014928.614 INFO             PET0  PASS  Example ESMF_ArrayArbHaloEx, ESMF_ArrayArbHaloEx.F90, line 650
20220517 014928.614 INFO             PET0 Finalizing ESMF
20220517 014928.603 INFO             PET1 !!!!!!!!!!!!!!!!!!!!!!!!!!!!!!!!!!!!!!!!!!!!!!!!!!!!!!
20220517 014928.603 INFO             PET1 !!! THE ESMF_LOG IS SET TO OUTPUT ALL LOG MESSAGES !!!
20220517 014928.603 INFO             PET1 !!!     THIS MAY CAUSE SLOWDOWN IN PERFORMANCE     !!!
20220517 014928.603 INFO             PET1 !!! FOR PRODUCTION RUNS, USE:                      !!!
20220517 014928.603 INFO             PET1 !!!                   ESMF_LOGKIND_Multi_On_Error  !!!
20220517 014928.603 INFO             PET1 !!!!!!!!!!!!!!!!!!!!!!!!!!!!!!!!!!!!!!!!!!!!!!!!!!!!!!
20220517 014928.603 INFO             PET1 Running with ESMF Version   : v8.3.0b14-2-gde129fc120
20220517 014928.603 INFO             PET1 ESMF library build date/time: "May 17 2022" "01:22:43"
20220517 014928.603 INFO             PET1 ESMF library build location : /gpfsm/dnb04/projects/p98/mpotts/esmf/gfortran_10.1.0_intelmpi_g_develop
20220517 014928.603 INFO             PET1 ESMF_COMM                   : intelmpi
20220517 014928.603 INFO             PET1 ESMF_MOAB                   : enabled
20220517 014928.603 INFO             PET1 ESMF_LAPACK                 : enabled
20220517 014928.603 INFO             PET1 ESMF_NETCDF                 : disabled
20220517 014928.603 INFO             PET1 ESMF_PNETCDF                : disabled
20220517 014928.603 INFO             PET1 ESMF_PIO                    : disabled
20220517 014928.603 INFO             PET1 ESMF_YAMLCPP                : enabled
20220517 014928.614 INFO             PET1  NUMBER_OF_PROCESSORS           4
20220517 014928.614 INFO             PET1  PASS  Example ESMF_ArrayArbHaloEx, ESMF_ArrayArbHaloEx.F90, line 650
20220517 014928.614 INFO             PET1 Finalizing ESMF
20220517 014928.603 INFO             PET2 !!!!!!!!!!!!!!!!!!!!!!!!!!!!!!!!!!!!!!!!!!!!!!!!!!!!!!
20220517 014928.603 INFO             PET2 !!! THE ESMF_LOG IS SET TO OUTPUT ALL LOG MESSAGES !!!
20220517 014928.603 INFO             PET2 !!!     THIS MAY CAUSE SLOWDOWN IN PERFORMANCE     !!!
20220517 014928.603 INFO             PET2 !!! FOR PRODUCTION RUNS, USE:                      !!!
20220517 014928.603 INFO             PET2 !!!                   ESMF_LOGKIND_Multi_On_Error  !!!
20220517 014928.603 INFO             PET2 !!!!!!!!!!!!!!!!!!!!!!!!!!!!!!!!!!!!!!!!!!!!!!!!!!!!!!
20220517 014928.603 INFO             PET2 Running with ESMF Version   : v8.3.0b14-2-gde129fc120
20220517 014928.603 INFO             PET2 ESMF library build date/time: "May 17 2022" "01:22:43"
20220517 014928.603 INFO             PET2 ESMF library build location : /gpfsm/dnb04/projects/p98/mpotts/esmf/gfortran_10.1.0_intelmpi_g_develop
20220517 014928.603 INFO             PET2 ESMF_COMM                   : intelmpi
20220517 014928.603 INFO             PET2 ESMF_MOAB                   : enabled
20220517 014928.603 INFO             PET2 ESMF_LAPACK                 : enabled
20220517 014928.603 INFO             PET2 ESMF_NETCDF                 : disabled
20220517 014928.603 INFO             PET2 ESMF_PNETCDF                : disabled
20220517 014928.603 INFO             PET2 ESMF_PIO                    : disabled
20220517 014928.603 INFO             PET2 ESMF_YAMLCPP                : enabled
20220517 014928.614 INFO             PET2  NUMBER_OF_PROCESSORS           4
20220517 014928.614 INFO             PET2  PASS  Example ESMF_ArrayArbHaloEx, ESMF_ArrayArbHaloEx.F90, line 650
20220517 014928.614 INFO             PET2 Finalizing ESMF
20220517 014928.603 INFO             PET3 !!!!!!!!!!!!!!!!!!!!!!!!!!!!!!!!!!!!!!!!!!!!!!!!!!!!!!
20220517 014928.603 INFO             PET3 !!! THE ESMF_LOG IS SET TO OUTPUT ALL LOG MESSAGES !!!
20220517 014928.603 INFO             PET3 !!!     THIS MAY CAUSE SLOWDOWN IN PERFORMANCE     !!!
20220517 014928.603 INFO             PET3 !!! FOR PRODUCTION RUNS, USE:                      !!!
20220517 014928.603 INFO             PET3 !!!                   ESMF_LOGKIND_Multi_On_Error  !!!
20220517 014928.603 INFO             PET3 !!!!!!!!!!!!!!!!!!!!!!!!!!!!!!!!!!!!!!!!!!!!!!!!!!!!!!
20220517 014928.603 INFO             PET3 Running with ESMF Version   : v8.3.0b14-2-gde129fc120
20220517 014928.603 INFO             PET3 ESMF library build date/time: "May 17 2022" "01:22:43"
20220517 014928.603 INFO             PET3 ESMF library build location : /gpfsm/dnb04/projects/p98/mpotts/esmf/gfortran_10.1.0_intelmpi_g_develop
20220517 014928.603 INFO             PET3 ESMF_COMM                   : intelmpi
20220517 014928.604 INFO             PET3 ESMF_MOAB                   : enabled
20220517 014928.604 INFO             PET3 ESMF_LAPACK                 : enabled
20220517 014928.604 INFO             PET3 ESMF_NETCDF                 : disabled
20220517 014928.604 INFO             PET3 ESMF_PNETCDF                : disabled
20220517 014928.604 INFO             PET3 ESMF_PIO                    : disabled
20220517 014928.604 INFO             PET3 ESMF_YAMLCPP                : enabled
20220517 014928.614 INFO             PET3  NUMBER_OF_PROCESSORS           4
20220517 014928.614 INFO             PET3  PASS  Example ESMF_ArrayArbHaloEx, ESMF_ArrayArbHaloEx.F90, line 650
20220517 014928.614 INFO             PET3 Finalizing ESMF
