build time -- 2022-05-11 01:58:03.003606
20220511 022354.687 INFO             PET0 !!!!!!!!!!!!!!!!!!!!!!!!!!!!!!!!!!!!!!!!!!!!!!!!!!!!!!
20220511 022354.687 INFO             PET0 !!! THE ESMF_LOG IS SET TO OUTPUT ALL LOG MESSAGES !!!
20220511 022354.687 INFO             PET0 !!!     THIS MAY CAUSE SLOWDOWN IN PERFORMANCE     !!!
20220511 022354.687 INFO             PET0 !!! FOR PRODUCTION RUNS, USE:                      !!!
20220511 022354.687 INFO             PET0 !!!                   ESMF_LOGKIND_Multi_On_Error  !!!
20220511 022354.687 INFO             PET0 !!!!!!!!!!!!!!!!!!!!!!!!!!!!!!!!!!!!!!!!!!!!!!!!!!!!!!
20220511 022354.687 INFO             PET0 Running with ESMF Version   : v8.3.0b14-2-gde129fc120
20220511 022354.687 INFO             PET0 ESMF library build date/time: "May 11 2022" "01:56:26"
20220511 022354.687 INFO             PET0 ESMF library build location : /gpfsm/dnb04/projects/p98/mpotts/esmf/gfortran_10.1.0_intelmpi_g_develop
20220511 022354.687 INFO             PET0 ESMF_COMM                   : intelmpi
20220511 022354.687 INFO             PET0 ESMF_MOAB                   : enabled
20220511 022354.687 INFO             PET0 ESMF_LAPACK                 : enabled
20220511 022354.687 INFO             PET0 ESMF_NETCDF                 : disabled
20220511 022354.687 INFO             PET0 ESMF_PNETCDF                : disabled
20220511 022354.687 INFO             PET0 ESMF_PIO                    : disabled
20220511 022354.687 INFO             PET0 ESMF_YAMLCPP                : enabled
20220511 022354.688 INFO             PET0  NUMBER_OF_PROCESSORS           1
20220511 022354.688 INFO             PET0  PASS  Example ESMF_ClockEx, ESMF_ClockEx.F90, line 220
20220511 022354.688 INFO             PET0 Finalizing ESMF
