build time -- 2022-04-21 06:03:59
20220421 185415.215 INFO             PET0 !!!!!!!!!!!!!!!!!!!!!!!!!!!!!!!!!!!!!!!!!!!!!!!!!!!!!!
20220421 185415.215 INFO             PET0 !!! THE ESMF_LOG IS SET TO OUTPUT ALL LOG MESSAGES !!!
20220421 185415.215 INFO             PET0 !!!     THIS MAY CAUSE SLOWDOWN IN PERFORMANCE     !!!
20220421 185415.215 INFO             PET0 !!! FOR PRODUCTION RUNS, USE:                      !!!
20220421 185415.215 INFO             PET0 !!!                   ESMF_LOGKIND_Multi_On_Error  !!!
20220421 185415.215 INFO             PET0 !!!!!!!!!!!!!!!!!!!!!!!!!!!!!!!!!!!!!!!!!!!!!!!!!!!!!!
20220421 185415.215 INFO             PET0 Running with ESMF Version   : v8.3.0b13
20220421 185415.215 INFO             PET0 ESMF library build date/time: "Apr 21 2022" "06:02:06"
20220421 185415.215 INFO             PET0 ESMF library build location : /global/cscratch1/sd/rsdunlap/esmf-testing/intel_19.0.3_mpiuni_g_develop
20220421 185415.215 INFO             PET0 ESMF_COMM                   : mpiuni
20220421 185415.217 INFO             PET0 ESMF_MOAB                   : enabled
20220421 185415.217 INFO             PET0 ESMF_LAPACK                 : enabled
20220421 185415.217 INFO             PET0 ESMF_NETCDF                 : enabled
20220421 185415.217 INFO             PET0 ESMF_PNETCDF                : disabled
20220421 185415.217 INFO             PET0 ESMF_PIO                    : disabled
20220421 185415.217 INFO             PET0 ESMF_YAMLCPP                : enabled
20220421 185415.219 INFO             PET0  NUMBER_OF_PROCESSORS           1
20220421 185415.219 INFO             PET0  PASS  Example ESMF_VMAllFullReduceEx, ESMF_VMAllFullReduceEx.F90, line 113
20220421 185415.219 INFO             PET0 Finalizing ESMF
