build time -- 2022-04-07 04:03:09
20220407 201150.826 INFO             PET0 !!!!!!!!!!!!!!!!!!!!!!!!!!!!!!!!!!!!!!!!!!!!!!!!!!!!!!
20220407 201150.826 INFO             PET0 !!! THE ESMF_LOG IS SET TO OUTPUT ALL LOG MESSAGES !!!
20220407 201150.826 INFO             PET0 !!!     THIS MAY CAUSE SLOWDOWN IN PERFORMANCE     !!!
20220407 201150.826 INFO             PET0 !!! FOR PRODUCTION RUNS, USE:                      !!!
20220407 201150.826 INFO             PET0 !!!                   ESMF_LOGKIND_Multi_On_Error  !!!
20220407 201150.826 INFO             PET0 !!!!!!!!!!!!!!!!!!!!!!!!!!!!!!!!!!!!!!!!!!!!!!!!!!!!!!
20220407 201150.826 INFO             PET0 Running with ESMF Version   : v8.3.0b12
20220407 201150.826 INFO             PET0 ESMF library build date/time: "Apr  7 2022" "04:00:34"
20220407 201150.826 INFO             PET0 ESMF library build location : /global/cscratch1/sd/rsdunlap/esmf-testing/intel_19.0.3_mpiuni_g_develop
20220407 201150.826 INFO             PET0 ESMF_COMM                   : mpiuni
20220407 201150.828 INFO             PET0 ESMF_MOAB                   : enabled
20220407 201150.828 INFO             PET0 ESMF_LAPACK                 : enabled
20220407 201150.828 INFO             PET0 ESMF_NETCDF                 : enabled
20220407 201150.828 INFO             PET0 ESMF_PNETCDF                : disabled
20220407 201150.828 INFO             PET0 ESMF_PIO                    : disabled
20220407 201150.828 INFO             PET0 ESMF_YAMLCPP                : enabled
20220407 201150.828 INFO             PET0 ESMF Tracing Enabled
20220407 201150.828 INFO             PET0 ESMF Profiling Enabled
20220407 201150.828 INFO             PET0 ESMF Trace/Profile clock: REALTIME
20220407 201150.833 INFO             PET0  NUMBER_OF_PROCESSORS           1
20220407 201150.833 INFO             PET0  PASS  Example ESMF_TraceEx, ESMF_TraceEx.F90, line 178
20220407 201150.833 INFO             PET0 Finalizing ESMF
20220407 201150.833 INFO             PET0 **************** Region Timings *******************
20220407 201150.833 INFO             PET0 Region              Count  Total (s)   Self (s)    Mean (s)    Min (s)     Max (s)
20220407 201150.833 INFO             PET0   [test] Run 1      5      0.0000      0.0000      0.0000      0.0000      0.0000
20220407 201150.833 INFO             PET0   [test] Init 1     1      0.0000      0.0000      0.0000      0.0000      0.0000
20220407 201150.833 INFO             PET0   [test] Final 1    1      0.0000      0.0000      0.0000      0.0000      0.0000
