build time -- 2022-04-17 04:38:51
20220417 082606.878 INFO             PET0 !!!!!!!!!!!!!!!!!!!!!!!!!!!!!!!!!!!!!!!!!!!!!!!!!!!!!!
20220417 082606.878 INFO             PET0 !!! THE ESMF_LOG IS SET TO OUTPUT ALL LOG MESSAGES !!!
20220417 082606.878 INFO             PET0 !!!     THIS MAY CAUSE SLOWDOWN IN PERFORMANCE     !!!
20220417 082606.878 INFO             PET0 !!! FOR PRODUCTION RUNS, USE:                      !!!
20220417 082606.878 INFO             PET0 !!!                   ESMF_LOGKIND_Multi_On_Error  !!!
20220417 082606.878 INFO             PET0 !!!!!!!!!!!!!!!!!!!!!!!!!!!!!!!!!!!!!!!!!!!!!!!!!!!!!!
20220417 082606.878 INFO             PET0 Running with ESMF Version   : v8.3.0b12-66-g968479064d
20220417 082606.878 INFO             PET0 ESMF library build date/time: "Apr 17 2022" "04:35:35"
20220417 082606.878 INFO             PET0 ESMF library build location : /global/cscratch1/sd/rsdunlap/esmf-testing/intel_19.0.3_mpiuni_g_develop
20220417 082606.878 INFO             PET0 ESMF_COMM                   : mpiuni
20220417 082606.880 INFO             PET0 ESMF_MOAB                   : enabled
20220417 082606.880 INFO             PET0 ESMF_LAPACK                 : enabled
20220417 082606.880 INFO             PET0 ESMF_NETCDF                 : enabled
20220417 082606.880 INFO             PET0 ESMF_PNETCDF                : disabled
20220417 082606.880 INFO             PET0 ESMF_PIO                    : disabled
20220417 082606.880 INFO             PET0 ESMF_YAMLCPP                : enabled
20220417 082606.903 INFO             PET0  NUMBER_OF_PROCESSORS           1
20220417 082606.905 INFO             PET0  PASS  Example ESMF_RHandleReusabilityEx, ESMF_RHandleReusabilityEx.F90, line 582
20220417 082606.905 INFO             PET0 Finalizing ESMF
