build time -- 2022-04-02 04:37:48
20220402 203119.710 INFO             PET0 !!!!!!!!!!!!!!!!!!!!!!!!!!!!!!!!!!!!!!!!!!!!!!!!!!!!!!
20220402 203119.710 INFO             PET0 !!! THE ESMF_LOG IS SET TO OUTPUT ALL LOG MESSAGES !!!
20220402 203119.710 INFO             PET0 !!!     THIS MAY CAUSE SLOWDOWN IN PERFORMANCE     !!!
20220402 203119.710 INFO             PET0 !!! FOR PRODUCTION RUNS, USE:                      !!!
20220402 203119.710 INFO             PET0 !!!                   ESMF_LOGKIND_Multi_On_Error  !!!
20220402 203119.710 INFO             PET0 !!!!!!!!!!!!!!!!!!!!!!!!!!!!!!!!!!!!!!!!!!!!!!!!!!!!!!
20220402 203119.710 INFO             PET0 Running with ESMF Version   : v8.3.0b12
20220402 203119.710 INFO             PET0 ESMF library build date/time: "Apr  2 2022" "04:35:18"
20220402 203119.710 INFO             PET0 ESMF library build location : /global/cscratch1/sd/rsdunlap/esmf-testing/intel_19.0.3_mpiuni_g_develop
20220402 203119.710 INFO             PET0 ESMF_COMM                   : mpiuni
20220402 203119.712 INFO             PET0 ESMF_MOAB                   : enabled
20220402 203119.712 INFO             PET0 ESMF_LAPACK                 : enabled
20220402 203119.712 INFO             PET0 ESMF_NETCDF                 : enabled
20220402 203119.712 INFO             PET0 ESMF_PNETCDF                : disabled
20220402 203119.712 INFO             PET0 ESMF_PIO                    : disabled
20220402 203119.712 INFO             PET0 ESMF_YAMLCPP                : enabled
20220402 203120.132 INFO             PET0  NUMBER_OF_PROCESSORS           1
20220402 203120.134 INFO             PET0  PASS  Example ESMF_GridUsageEx, ESMF_GridUsageEx.F90, line 3470
20220402 203120.134 INFO             PET0 Finalizing ESMF
