build time -- 2022-04-08 03:06:48
20220408 184111.798 INFO             PET0 !!!!!!!!!!!!!!!!!!!!!!!!!!!!!!!!!!!!!!!!!!!!!!!!!!!!!!
20220408 184111.798 INFO             PET0 !!! THE ESMF_LOG IS SET TO OUTPUT ALL LOG MESSAGES !!!
20220408 184111.798 INFO             PET0 !!!     THIS MAY CAUSE SLOWDOWN IN PERFORMANCE     !!!
20220408 184111.798 INFO             PET0 !!! FOR PRODUCTION RUNS, USE:                      !!!
20220408 184111.798 INFO             PET0 !!!                   ESMF_LOGKIND_Multi_On_Error  !!!
20220408 184111.798 INFO             PET0 !!!!!!!!!!!!!!!!!!!!!!!!!!!!!!!!!!!!!!!!!!!!!!!!!!!!!!
20220408 184111.798 INFO             PET0 Running with ESMF Version   : v8.3.0b12-1-g7c85d54760
20220408 184111.798 INFO             PET0 ESMF library build date/time: "Apr  8 2022" "03:04:33"
20220408 184111.798 INFO             PET0 ESMF library build location : /global/cscratch1/sd/rsdunlap/esmf-testing/intel_19.0.3_mpiuni_g_develop
20220408 184111.798 INFO             PET0 ESMF_COMM                   : mpiuni
20220408 184111.803 INFO             PET0 ESMF_MOAB                   : enabled
20220408 184111.803 INFO             PET0 ESMF_LAPACK                 : enabled
20220408 184111.803 INFO             PET0 ESMF_NETCDF                 : enabled
20220408 184111.803 INFO             PET0 ESMF_PNETCDF                : disabled
20220408 184111.803 INFO             PET0 ESMF_PIO                    : disabled
20220408 184111.803 INFO             PET0 ESMF_YAMLCPP                : enabled
20220408 184111.847 DEBUG            PET0 about to destroy Grid: 0x1000011b9a0
20220408 184111.851 DEBUG            PET0 about to destroy Grid: 0x1000011d280
20220408 184111.865 INFO             PET0  NUMBER_OF_PROCESSORS           1
20220408 184111.865 INFO             PET0  PASS  Example ESMF_NUOPCAtmModelEx, ESMF_NUOPCAtmModelEx.F90, line 806
20220408 184111.865 INFO             PET0 Finalizing ESMF
