build time -- 2022-04-11 00:30:46
20220411 020119.892 INFO             PET0 !!!!!!!!!!!!!!!!!!!!!!!!!!!!!!!!!!!!!!!!!!!!!!!!!!!!!!
20220411 020119.892 INFO             PET0 !!! THE ESMF_LOG IS SET TO OUTPUT ALL LOG MESSAGES !!!
20220411 020119.892 INFO             PET0 !!!     THIS MAY CAUSE SLOWDOWN IN PERFORMANCE     !!!
20220411 020119.892 INFO             PET0 !!! FOR PRODUCTION RUNS, USE:                      !!!
20220411 020119.892 INFO             PET0 !!!                   ESMF_LOGKIND_Multi_On_Error  !!!
20220411 020119.892 INFO             PET0 !!!!!!!!!!!!!!!!!!!!!!!!!!!!!!!!!!!!!!!!!!!!!!!!!!!!!!
20220411 020119.892 INFO             PET0 Running with ESMF Version   : v8.3.0b12-1-g7c85d54760
20220411 020119.892 INFO             PET0 ESMF library build date/time: "Apr 11 2022" "00:28:34"
20220411 020119.892 INFO             PET0 ESMF library build location : /lustre/f2/dev/ncep/Mark.Potts/gfortran_8.3.0_mpiuni_g_develop
20220411 020119.892 INFO             PET0 ESMF_COMM                   : mpiuni
20220411 020119.893 INFO             PET0 ESMF_MOAB                   : enabled
20220411 020119.893 INFO             PET0 ESMF_LAPACK                 : enabled
20220411 020119.893 INFO             PET0 ESMF_NETCDF                 : enabled
20220411 020119.893 INFO             PET0 ESMF_PNETCDF                : disabled
20220411 020119.893 INFO             PET0 ESMF_PIO                    : disabled
20220411 020119.893 INFO             PET0 ESMF_YAMLCPP                : enabled
20220411 020119.894 INFO             PET0  NUMBER_OF_PROCESSORS           1
20220411 020119.894 INFO             PET0  PASS  Example ESMF_AppMainEx, ESMF_AppMainEx.F90, line 486
20220411 020119.894 INFO             PET0 Finalizing ESMF
