build time -- 2022-06-05 00:34:29
20220605 015800.337 INFO             PET0 !!!!!!!!!!!!!!!!!!!!!!!!!!!!!!!!!!!!!!!!!!!!!!!!!!!!!!
20220605 015800.337 INFO             PET0 !!! THE ESMF_LOG IS SET TO OUTPUT ALL LOG MESSAGES !!!
20220605 015800.337 INFO             PET0 !!!     THIS MAY CAUSE SLOWDOWN IN PERFORMANCE     !!!
20220605 015800.337 INFO             PET0 !!! FOR PRODUCTION RUNS, USE:                      !!!
20220605 015800.337 INFO             PET0 !!!                   ESMF_LOGKIND_Multi_On_Error  !!!
20220605 015800.337 INFO             PET0 !!!!!!!!!!!!!!!!!!!!!!!!!!!!!!!!!!!!!!!!!!!!!!!!!!!!!!
20220605 015800.337 INFO             PET0 Running with ESMF Version   : v8.4.0b01
20220605 015800.337 INFO             PET0 ESMF library build date/time: "Jun  5 2022" "00:32:44"
20220605 015800.337 INFO             PET0 ESMF library build location : /lustre/f2/dev/ncep/Mark.Potts/gfortran_8.3.0_mpiuni_g_develop
20220605 015800.337 INFO             PET0 ESMF_COMM                   : mpiuni
20220605 015800.338 INFO             PET0 ESMF_MOAB                   : enabled
20220605 015800.338 INFO             PET0 ESMF_LAPACK                 : enabled
20220605 015800.338 INFO             PET0 ESMF_NETCDF                 : enabled
20220605 015800.338 INFO             PET0 ESMF_PNETCDF                : disabled
20220605 015800.338 INFO             PET0 ESMF_PIO                    : disabled
20220605 015800.338 INFO             PET0 ESMF_YAMLCPP                : enabled
20220605 015800.343 INFO             PET0 ESMF_FieldRedistStoreNF(): Just entered routine.
20220605 015800.822 INFO             PET0 ESMF_FieldRedistStoreNF(): Leaving routine.
20220605 015800.839 INFO             PET0  NUMBER_OF_PROCESSORS           1
20220605 015800.839 INFO             PET0  PASS  Example ESMF_RHandleFromFileEx, ESMF_RHandleFromFileEx.F90, line 192
20220605 015800.839 INFO             PET0 Finalizing ESMF
