build time -- 2022-04-24 00:31:26
20220424 015319.152 INFO             PET0 !!!!!!!!!!!!!!!!!!!!!!!!!!!!!!!!!!!!!!!!!!!!!!!!!!!!!!
20220424 015319.153 INFO             PET0 !!! THE ESMF_LOG IS SET TO OUTPUT ALL LOG MESSAGES !!!
20220424 015319.153 INFO             PET0 !!!     THIS MAY CAUSE SLOWDOWN IN PERFORMANCE     !!!
20220424 015319.153 INFO             PET0 !!! FOR PRODUCTION RUNS, USE:                      !!!
20220424 015319.153 INFO             PET0 !!!                   ESMF_LOGKIND_Multi_On_Error  !!!
20220424 015319.153 INFO             PET0 !!!!!!!!!!!!!!!!!!!!!!!!!!!!!!!!!!!!!!!!!!!!!!!!!!!!!!
20220424 015319.153 INFO             PET0 Running with ESMF Version   : v8.3.0b13
20220424 015319.153 INFO             PET0 ESMF library build date/time: "Apr 24 2022" "00:29:21"
20220424 015319.153 INFO             PET0 ESMF library build location : /lustre/f2/dev/ncep/Mark.Potts/gfortran_8.3.0_mpiuni_g_develop
20220424 015319.153 INFO             PET0 ESMF_COMM                   : mpiuni
20220424 015319.153 INFO             PET0 ESMF_MOAB                   : enabled
20220424 015319.153 INFO             PET0 ESMF_LAPACK                 : enabled
20220424 015319.153 INFO             PET0 ESMF_NETCDF                 : enabled
20220424 015319.153 INFO             PET0 ESMF_PNETCDF                : disabled
20220424 015319.153 INFO             PET0 ESMF_PIO                    : disabled
20220424 015319.153 INFO             PET0 ESMF_YAMLCPP                : enabled
20220424 015319.225 INFO             PET0  NUMBER_OF_PROCESSORS           1
20220424 015319.225 INFO             PET0  PASS  Example ESMF_NUOPCBasicModelEx, ESMF_NUOPCBasicModelEx.F90, line 339
20220424 015319.225 INFO             PET0 Finalizing ESMF
