build time -- 2022-05-04 00:30:50
20220504 015419.688 INFO             PET0 !!!!!!!!!!!!!!!!!!!!!!!!!!!!!!!!!!!!!!!!!!!!!!!!!!!!!!
20220504 015419.688 INFO             PET0 !!! THE ESMF_LOG IS SET TO OUTPUT ALL LOG MESSAGES !!!
20220504 015419.688 INFO             PET0 !!!     THIS MAY CAUSE SLOWDOWN IN PERFORMANCE     !!!
20220504 015419.688 INFO             PET0 !!! FOR PRODUCTION RUNS, USE:                      !!!
20220504 015419.688 INFO             PET0 !!!                   ESMF_LOGKIND_Multi_On_Error  !!!
20220504 015419.688 INFO             PET0 !!!!!!!!!!!!!!!!!!!!!!!!!!!!!!!!!!!!!!!!!!!!!!!!!!!!!!
20220504 015419.688 INFO             PET0 Running with ESMF Version   : v8.3.0b13-13-ge46b348a99
20220504 015419.688 INFO             PET0 ESMF library build date/time: "May  4 2022" "00:28:31"
20220504 015419.688 INFO             PET0 ESMF library build location : /lustre/f2/dev/ncep/Mark.Potts/gfortran_8.3.0_mpiuni_g_develop
20220504 015419.688 INFO             PET0 ESMF_COMM                   : mpiuni
20220504 015419.689 INFO             PET0 ESMF_MOAB                   : enabled
20220504 015419.689 INFO             PET0 ESMF_LAPACK                 : enabled
20220504 015419.689 INFO             PET0 ESMF_NETCDF                 : enabled
20220504 015419.689 INFO             PET0 ESMF_PNETCDF                : disabled
20220504 015419.689 INFO             PET0 ESMF_PIO                    : disabled
20220504 015419.689 INFO             PET0 ESMF_YAMLCPP                : enabled
20220504 015419.689 INFO             PET0  NUMBER_OF_PROCESSORS           1
20220504 015419.689 INFO             PET0  PASS  Example ESMF_InternalStateModEx, ESMF_InternalStateModEx.F90, line 239
20220504 015419.689 INFO             PET0 Finalizing ESMF
