build time -- 2022-05-25 01:28:43
20220525 030822.927 INFO             PET0 !!!!!!!!!!!!!!!!!!!!!!!!!!!!!!!!!!!!!!!!!!!!!!!!!!!!!!
20220525 030822.927 INFO             PET0 !!! THE ESMF_LOG IS SET TO OUTPUT ALL LOG MESSAGES !!!
20220525 030822.927 INFO             PET0 !!!     THIS MAY CAUSE SLOWDOWN IN PERFORMANCE     !!!
20220525 030822.927 INFO             PET0 !!! FOR PRODUCTION RUNS, USE:                      !!!
20220525 030822.927 INFO             PET0 !!!                   ESMF_LOGKIND_Multi_On_Error  !!!
20220525 030822.927 INFO             PET0 !!!!!!!!!!!!!!!!!!!!!!!!!!!!!!!!!!!!!!!!!!!!!!!!!!!!!!
20220525 030822.927 INFO             PET0 Running with ESMF Version   : v8.3.0b16
20220525 030822.927 INFO             PET0 ESMF library build date/time: "May 25 2022" "01:26:40"
20220525 030822.927 INFO             PET0 ESMF library build location : /lustre/f2/dev/ncep/Mark.Potts/gfortran_8.3.0_mpiuni_g_develop
20220525 030822.927 INFO             PET0 ESMF_COMM                   : mpiuni
20220525 030822.928 INFO             PET0 ESMF_MOAB                   : enabled
20220525 030822.928 INFO             PET0 ESMF_LAPACK                 : enabled
20220525 030822.928 INFO             PET0 ESMF_NETCDF                 : enabled
20220525 030822.928 INFO             PET0 ESMF_PNETCDF                : disabled
20220525 030822.928 INFO             PET0 ESMF_PIO                    : disabled
20220525 030822.928 INFO             PET0 ESMF_YAMLCPP                : enabled
20220525 030822.928 INFO             PET0  NUMBER_OF_PROCESSORS           1
20220525 030822.928 INFO             PET0  PASS  Example ESMF_StateReconcileEx, ESMF_StateReconcileEx.F90, line 294
20220525 030822.928 INFO             PET0 Finalizing ESMF
