build time -- 2022-04-26 00:28:46
20220426 014935.893 INFO             PET0 !!!!!!!!!!!!!!!!!!!!!!!!!!!!!!!!!!!!!!!!!!!!!!!!!!!!!!
20220426 014935.893 INFO             PET0 !!! THE ESMF_LOG IS SET TO OUTPUT ALL LOG MESSAGES !!!
20220426 014935.893 INFO             PET0 !!!     THIS MAY CAUSE SLOWDOWN IN PERFORMANCE     !!!
20220426 014935.893 INFO             PET0 !!! FOR PRODUCTION RUNS, USE:                      !!!
20220426 014935.893 INFO             PET0 !!!                   ESMF_LOGKIND_Multi_On_Error  !!!
20220426 014935.893 INFO             PET0 !!!!!!!!!!!!!!!!!!!!!!!!!!!!!!!!!!!!!!!!!!!!!!!!!!!!!!
20220426 014935.893 INFO             PET0 Running with ESMF Version   : v8.3.0b13
20220426 014935.893 INFO             PET0 ESMF library build date/time: "Apr 26 2022" "00:26:47"
20220426 014935.893 INFO             PET0 ESMF library build location : /lustre/f2/dev/ncep/Mark.Potts/gfortran_8.3.0_mpiuni_g_develop
20220426 014935.893 INFO             PET0 ESMF_COMM                   : mpiuni
20220426 014935.894 INFO             PET0 ESMF_MOAB                   : enabled
20220426 014935.894 INFO             PET0 ESMF_LAPACK                 : enabled
20220426 014935.894 INFO             PET0 ESMF_NETCDF                 : enabled
20220426 014935.894 INFO             PET0 ESMF_PNETCDF                : disabled
20220426 014935.894 INFO             PET0 ESMF_PIO                    : disabled
20220426 014935.894 INFO             PET0 ESMF_YAMLCPP                : enabled
20220426 014935.917 INFO             PET0  NUMBER_OF_PROCESSORS           1
20220426 014935.917 INFO             PET0  PASS  Example ESMF_LocStreamEx, ESMF_LocStreamEx.F90, line 784
20220426 014935.917 INFO             PET0 Finalizing ESMF
