build time -- 2022-06-07 02:24:15.304691
20220607 030230.378 INFO             PET0 !!!!!!!!!!!!!!!!!!!!!!!!!!!!!!!!!!!!!!!!!!!!!!!!!!!!!!
20220607 030230.378 INFO             PET0 !!! THE ESMF_LOG IS SET TO OUTPUT ALL LOG MESSAGES !!!
20220607 030230.378 INFO             PET0 !!!     THIS MAY CAUSE SLOWDOWN IN PERFORMANCE     !!!
20220607 030230.378 INFO             PET0 !!! FOR PRODUCTION RUNS, USE:                      !!!
20220607 030230.378 INFO             PET0 !!!                   ESMF_LOGKIND_Multi_On_Error  !!!
20220607 030230.378 INFO             PET0 !!!!!!!!!!!!!!!!!!!!!!!!!!!!!!!!!!!!!!!!!!!!!!!!!!!!!!
20220607 030230.378 INFO             PET0 Running with ESMF Version   : v8.3.0
20220607 030230.378 INFO             PET0 ESMF library build date/time: "Jun  7 2022" "02:21:09"
20220607 030230.378 INFO             PET0 ESMF library build location : /glade/scratch/dunlap/esmf-testing/gfortran_10.1.0_mpt_O_v8.3.0
20220607 030230.378 INFO             PET0 ESMF_COMM                   : mpt
20220607 030230.379 INFO             PET0 ESMF_MOAB                   : enabled
20220607 030230.379 INFO             PET0 ESMF_LAPACK                 : enabled
20220607 030230.379 INFO             PET0 ESMF_NETCDF                 : enabled
20220607 030230.379 INFO             PET0 ESMF_PNETCDF                : disabled
20220607 030230.379 INFO             PET0 ESMF_PIO                    : enabled
20220607 030230.379 INFO             PET0 ESMF_YAMLCPP                : enabled
20220607 030230.415 DEBUG            PET0 about to destroy Grid: 0x35c2db0
20220607 030230.419 DEBUG            PET0 about to destroy Grid: 0x35c6740
20220607 030230.429 INFO             PET0  NUMBER_OF_PROCESSORS           4
20220607 030230.429 INFO             PET0  PASS  Example ESMF_NUOPCAtmModelEx, ESMF_NUOPCAtmModelEx.F90, line 806
20220607 030230.429 INFO             PET0 Finalizing ESMF
20220607 030230.380 INFO             PET1 !!!!!!!!!!!!!!!!!!!!!!!!!!!!!!!!!!!!!!!!!!!!!!!!!!!!!!
20220607 030230.380 INFO             PET1 !!! THE ESMF_LOG IS SET TO OUTPUT ALL LOG MESSAGES !!!
20220607 030230.380 INFO             PET1 !!!     THIS MAY CAUSE SLOWDOWN IN PERFORMANCE     !!!
20220607 030230.380 INFO             PET1 !!! FOR PRODUCTION RUNS, USE:                      !!!
20220607 030230.380 INFO             PET1 !!!                   ESMF_LOGKIND_Multi_On_Error  !!!
20220607 030230.380 INFO             PET1 !!!!!!!!!!!!!!!!!!!!!!!!!!!!!!!!!!!!!!!!!!!!!!!!!!!!!!
20220607 030230.380 INFO             PET1 Running with ESMF Version   : v8.3.0
20220607 030230.380 INFO             PET1 ESMF library build date/time: "Jun  7 2022" "02:21:09"
20220607 030230.380 INFO             PET1 ESMF library build location : /glade/scratch/dunlap/esmf-testing/gfortran_10.1.0_mpt_O_v8.3.0
20220607 030230.380 INFO             PET1 ESMF_COMM                   : mpt
20220607 030230.380 INFO             PET1 ESMF_MOAB                   : enabled
20220607 030230.380 INFO             PET1 ESMF_LAPACK                 : enabled
20220607 030230.380 INFO             PET1 ESMF_NETCDF                 : enabled
20220607 030230.380 INFO             PET1 ESMF_PNETCDF                : disabled
20220607 030230.380 INFO             PET1 ESMF_PIO                    : enabled
20220607 030230.380 INFO             PET1 ESMF_YAMLCPP                : enabled
20220607 030230.415 DEBUG            PET1 about to destroy Grid: 0x35c53d0
20220607 030230.419 DEBUG            PET1 about to destroy Grid: 0x35c6860
20220607 030230.429 INFO             PET1  NUMBER_OF_PROCESSORS           4
20220607 030230.429 INFO             PET1  PASS  Example ESMF_NUOPCAtmModelEx, ESMF_NUOPCAtmModelEx.F90, line 806
20220607 030230.429 INFO             PET1 Finalizing ESMF
20220607 030230.378 INFO             PET2 !!!!!!!!!!!!!!!!!!!!!!!!!!!!!!!!!!!!!!!!!!!!!!!!!!!!!!
20220607 030230.378 INFO             PET2 !!! THE ESMF_LOG IS SET TO OUTPUT ALL LOG MESSAGES !!!
20220607 030230.378 INFO             PET2 !!!     THIS MAY CAUSE SLOWDOWN IN PERFORMANCE     !!!
20220607 030230.378 INFO             PET2 !!! FOR PRODUCTION RUNS, USE:                      !!!
20220607 030230.378 INFO             PET2 !!!                   ESMF_LOGKIND_Multi_On_Error  !!!
20220607 030230.378 INFO             PET2 !!!!!!!!!!!!!!!!!!!!!!!!!!!!!!!!!!!!!!!!!!!!!!!!!!!!!!
20220607 030230.378 INFO             PET2 Running with ESMF Version   : v8.3.0
20220607 030230.378 INFO             PET2 ESMF library build date/time: "Jun  7 2022" "02:21:09"
20220607 030230.378 INFO             PET2 ESMF library build location : /glade/scratch/dunlap/esmf-testing/gfortran_10.1.0_mpt_O_v8.3.0
20220607 030230.378 INFO             PET2 ESMF_COMM                   : mpt
20220607 030230.378 INFO             PET2 ESMF_MOAB                   : enabled
20220607 030230.378 INFO             PET2 ESMF_LAPACK                 : enabled
20220607 030230.378 INFO             PET2 ESMF_NETCDF                 : enabled
20220607 030230.378 INFO             PET2 ESMF_PNETCDF                : disabled
20220607 030230.378 INFO             PET2 ESMF_PIO                    : enabled
20220607 030230.378 INFO             PET2 ESMF_YAMLCPP                : enabled
20220607 030230.415 DEBUG            PET2 about to destroy Grid: 0x35c4ab0
20220607 030230.419 DEBUG            PET2 about to destroy Grid: 0x35c5f40
20220607 030230.429 INFO             PET2  NUMBER_OF_PROCESSORS           4
20220607 030230.429 INFO             PET2  PASS  Example ESMF_NUOPCAtmModelEx, ESMF_NUOPCAtmModelEx.F90, line 806
20220607 030230.429 INFO             PET2 Finalizing ESMF
20220607 030230.378 INFO             PET3 !!!!!!!!!!!!!!!!!!!!!!!!!!!!!!!!!!!!!!!!!!!!!!!!!!!!!!
20220607 030230.378 INFO             PET3 !!! THE ESMF_LOG IS SET TO OUTPUT ALL LOG MESSAGES !!!
20220607 030230.378 INFO             PET3 !!!     THIS MAY CAUSE SLOWDOWN IN PERFORMANCE     !!!
20220607 030230.378 INFO             PET3 !!! FOR PRODUCTION RUNS, USE:                      !!!
20220607 030230.378 INFO             PET3 !!!                   ESMF_LOGKIND_Multi_On_Error  !!!
20220607 030230.378 INFO             PET3 !!!!!!!!!!!!!!!!!!!!!!!!!!!!!!!!!!!!!!!!!!!!!!!!!!!!!!
20220607 030230.378 INFO             PET3 Running with ESMF Version   : v8.3.0
20220607 030230.379 INFO             PET3 ESMF library build date/time: "Jun  7 2022" "02:21:09"
20220607 030230.379 INFO             PET3 ESMF library build location : /glade/scratch/dunlap/esmf-testing/gfortran_10.1.0_mpt_O_v8.3.0
20220607 030230.379 INFO             PET3 ESMF_COMM                   : mpt
20220607 030230.379 INFO             PET3 ESMF_MOAB                   : enabled
20220607 030230.379 INFO             PET3 ESMF_LAPACK                 : enabled
20220607 030230.379 INFO             PET3 ESMF_NETCDF                 : enabled
20220607 030230.379 INFO             PET3 ESMF_PNETCDF                : disabled
20220607 030230.379 INFO             PET3 ESMF_PIO                    : enabled
20220607 030230.379 INFO             PET3 ESMF_YAMLCPP                : enabled
20220607 030230.415 DEBUG            PET3 about to destroy Grid: 0x35c4bf0
20220607 030230.419 DEBUG            PET3 about to destroy Grid: 0x35c5a90
20220607 030230.429 INFO             PET3  NUMBER_OF_PROCESSORS           4
20220607 030230.429 INFO             PET3  PASS  Example ESMF_NUOPCAtmModelEx, ESMF_NUOPCAtmModelEx.F90, line 806
20220607 030230.429 INFO             PET3 Finalizing ESMF
