build time -- 2022-05-06 01:09:53.701722
20220506 013510.327 INFO             PET0 !!!!!!!!!!!!!!!!!!!!!!!!!!!!!!!!!!!!!!!!!!!!!!!!!!!!!!
20220506 013510.327 INFO             PET0 !!! THE ESMF_LOG IS SET TO OUTPUT ALL LOG MESSAGES !!!
20220506 013510.327 INFO             PET0 !!!     THIS MAY CAUSE SLOWDOWN IN PERFORMANCE     !!!
20220506 013510.327 INFO             PET0 !!! FOR PRODUCTION RUNS, USE:                      !!!
20220506 013510.327 INFO             PET0 !!!                   ESMF_LOGKIND_Multi_On_Error  !!!
20220506 013510.327 INFO             PET0 !!!!!!!!!!!!!!!!!!!!!!!!!!!!!!!!!!!!!!!!!!!!!!!!!!!!!!
20220506 013510.327 INFO             PET0 Running with ESMF Version   : v8.3.0b13-29-g945a2c14d6
20220506 013510.327 INFO             PET0 ESMF library build date/time: "May  6 2022" "01:08:24"
20220506 013510.327 INFO             PET0 ESMF library build location : /gpfsm/dnb04/projects/p98/mpotts/esmf/gfortran_8.3.0_mpt_g_develop
20220506 013510.327 INFO             PET0 ESMF_COMM                   : mpt
20220506 013510.328 INFO             PET0 ESMF_MOAB                   : enabled
20220506 013510.328 INFO             PET0 ESMF_LAPACK                 : enabled
20220506 013510.328 INFO             PET0 ESMF_NETCDF                 : disabled
20220506 013510.328 INFO             PET0 ESMF_PNETCDF                : disabled
20220506 013510.328 INFO             PET0 ESMF_PIO                    : disabled
20220506 013510.328 INFO             PET0 ESMF_YAMLCPP                : enabled
20220506 013510.417 DEBUG            PET0 about to destroy Grid: 0x17abc20
20220506 013510.428 DEBUG            PET0 about to destroy Grid: 0x17ad220
20220506 013510.458 INFO             PET0  NUMBER_OF_PROCESSORS           4
20220506 013510.458 INFO             PET0  PASS  Example ESMF_NUOPCAtmModelEx, ESMF_NUOPCAtmModelEx.F90, line 806
20220506 013510.458 INFO             PET0 Finalizing ESMF
20220506 013510.328 INFO             PET1 !!!!!!!!!!!!!!!!!!!!!!!!!!!!!!!!!!!!!!!!!!!!!!!!!!!!!!
20220506 013510.328 INFO             PET1 !!! THE ESMF_LOG IS SET TO OUTPUT ALL LOG MESSAGES !!!
20220506 013510.328 INFO             PET1 !!!     THIS MAY CAUSE SLOWDOWN IN PERFORMANCE     !!!
20220506 013510.328 INFO             PET1 !!! FOR PRODUCTION RUNS, USE:                      !!!
20220506 013510.328 INFO             PET1 !!!                   ESMF_LOGKIND_Multi_On_Error  !!!
20220506 013510.328 INFO             PET1 !!!!!!!!!!!!!!!!!!!!!!!!!!!!!!!!!!!!!!!!!!!!!!!!!!!!!!
20220506 013510.328 INFO             PET1 Running with ESMF Version   : v8.3.0b13-29-g945a2c14d6
20220506 013510.328 INFO             PET1 ESMF library build date/time: "May  6 2022" "01:08:24"
20220506 013510.328 INFO             PET1 ESMF library build location : /gpfsm/dnb04/projects/p98/mpotts/esmf/gfortran_8.3.0_mpt_g_develop
20220506 013510.328 INFO             PET1 ESMF_COMM                   : mpt
20220506 013510.328 INFO             PET1 ESMF_MOAB                   : enabled
20220506 013510.328 INFO             PET1 ESMF_LAPACK                 : enabled
20220506 013510.328 INFO             PET1 ESMF_NETCDF                 : disabled
20220506 013510.328 INFO             PET1 ESMF_PNETCDF                : disabled
20220506 013510.328 INFO             PET1 ESMF_PIO                    : disabled
20220506 013510.328 INFO             PET1 ESMF_YAMLCPP                : enabled
20220506 013510.417 DEBUG            PET1 about to destroy Grid: 0x17ac430
20220506 013510.428 DEBUG            PET1 about to destroy Grid: 0x17ad980
20220506 013510.458 INFO             PET1  NUMBER_OF_PROCESSORS           4
20220506 013510.458 INFO             PET1  PASS  Example ESMF_NUOPCAtmModelEx, ESMF_NUOPCAtmModelEx.F90, line 806
20220506 013510.458 INFO             PET1 Finalizing ESMF
20220506 013510.327 INFO             PET2 !!!!!!!!!!!!!!!!!!!!!!!!!!!!!!!!!!!!!!!!!!!!!!!!!!!!!!
20220506 013510.327 INFO             PET2 !!! THE ESMF_LOG IS SET TO OUTPUT ALL LOG MESSAGES !!!
20220506 013510.327 INFO             PET2 !!!     THIS MAY CAUSE SLOWDOWN IN PERFORMANCE     !!!
20220506 013510.327 INFO             PET2 !!! FOR PRODUCTION RUNS, USE:                      !!!
20220506 013510.327 INFO             PET2 !!!                   ESMF_LOGKIND_Multi_On_Error  !!!
20220506 013510.327 INFO             PET2 !!!!!!!!!!!!!!!!!!!!!!!!!!!!!!!!!!!!!!!!!!!!!!!!!!!!!!
20220506 013510.327 INFO             PET2 Running with ESMF Version   : v8.3.0b13-29-g945a2c14d6
20220506 013510.327 INFO             PET2 ESMF library build date/time: "May  6 2022" "01:08:24"
20220506 013510.327 INFO             PET2 ESMF library build location : /gpfsm/dnb04/projects/p98/mpotts/esmf/gfortran_8.3.0_mpt_g_develop
20220506 013510.327 INFO             PET2 ESMF_COMM                   : mpt
20220506 013510.327 INFO             PET2 ESMF_MOAB                   : enabled
20220506 013510.327 INFO             PET2 ESMF_LAPACK                 : enabled
20220506 013510.327 INFO             PET2 ESMF_NETCDF                 : disabled
20220506 013510.327 INFO             PET2 ESMF_PNETCDF                : disabled
20220506 013510.327 INFO             PET2 ESMF_PIO                    : disabled
20220506 013510.327 INFO             PET2 ESMF_YAMLCPP                : enabled
20220506 013510.417 DEBUG            PET2 about to destroy Grid: 0x17abcd0
20220506 013510.428 DEBUG            PET2 about to destroy Grid: 0x17ad1a0
20220506 013510.458 INFO             PET2  NUMBER_OF_PROCESSORS           4
20220506 013510.458 INFO             PET2  PASS  Example ESMF_NUOPCAtmModelEx, ESMF_NUOPCAtmModelEx.F90, line 806
20220506 013510.458 INFO             PET2 Finalizing ESMF
20220506 013510.327 INFO             PET3 !!!!!!!!!!!!!!!!!!!!!!!!!!!!!!!!!!!!!!!!!!!!!!!!!!!!!!
20220506 013510.327 INFO             PET3 !!! THE ESMF_LOG IS SET TO OUTPUT ALL LOG MESSAGES !!!
20220506 013510.327 INFO             PET3 !!!     THIS MAY CAUSE SLOWDOWN IN PERFORMANCE     !!!
20220506 013510.327 INFO             PET3 !!! FOR PRODUCTION RUNS, USE:                      !!!
20220506 013510.327 INFO             PET3 !!!                   ESMF_LOGKIND_Multi_On_Error  !!!
20220506 013510.327 INFO             PET3 !!!!!!!!!!!!!!!!!!!!!!!!!!!!!!!!!!!!!!!!!!!!!!!!!!!!!!
20220506 013510.327 INFO             PET3 Running with ESMF Version   : v8.3.0b13-29-g945a2c14d6
20220506 013510.327 INFO             PET3 ESMF library build date/time: "May  6 2022" "01:08:24"
20220506 013510.327 INFO             PET3 ESMF library build location : /gpfsm/dnb04/projects/p98/mpotts/esmf/gfortran_8.3.0_mpt_g_develop
20220506 013510.327 INFO             PET3 ESMF_COMM                   : mpt
20220506 013510.328 INFO             PET3 ESMF_MOAB                   : enabled
20220506 013510.328 INFO             PET3 ESMF_LAPACK                 : enabled
20220506 013510.328 INFO             PET3 ESMF_NETCDF                 : disabled
20220506 013510.328 INFO             PET3 ESMF_PNETCDF                : disabled
20220506 013510.328 INFO             PET3 ESMF_PIO                    : disabled
20220506 013510.328 INFO             PET3 ESMF_YAMLCPP                : enabled
20220506 013510.417 DEBUG            PET3 about to destroy Grid: 0x17abd20
20220506 013510.428 DEBUG            PET3 about to destroy Grid: 0x17ad5b0
20220506 013510.458 INFO             PET3  NUMBER_OF_PROCESSORS           4
20220506 013510.458 INFO             PET3  PASS  Example ESMF_NUOPCAtmModelEx, ESMF_NUOPCAtmModelEx.F90, line 806
20220506 013510.458 INFO             PET3 Finalizing ESMF
