build time -- 2022-04-17 01:11:16.262952
20220417 013442.698 INFO             PET0 !!!!!!!!!!!!!!!!!!!!!!!!!!!!!!!!!!!!!!!!!!!!!!!!!!!!!!
20220417 013442.698 INFO             PET0 !!! THE ESMF_LOG IS SET TO OUTPUT ALL LOG MESSAGES !!!
20220417 013442.698 INFO             PET0 !!!     THIS MAY CAUSE SLOWDOWN IN PERFORMANCE     !!!
20220417 013442.698 INFO             PET0 !!! FOR PRODUCTION RUNS, USE:                      !!!
20220417 013442.698 INFO             PET0 !!!                   ESMF_LOGKIND_Multi_On_Error  !!!
20220417 013442.698 INFO             PET0 !!!!!!!!!!!!!!!!!!!!!!!!!!!!!!!!!!!!!!!!!!!!!!!!!!!!!!
20220417 013442.698 INFO             PET0 Running with ESMF Version   : v8.3.0b12-66-g968479064d
20220417 013442.698 INFO             PET0 ESMF library build date/time: "Apr 17 2022" "01:09:47"
20220417 013442.699 INFO             PET0 ESMF library build location : /gpfsm/dnb04/projects/p98/mpotts/esmf/gfortran_8.3.0_mpt_g_develop
20220417 013442.699 INFO             PET0 ESMF_COMM                   : mpt
20220417 013442.699 INFO             PET0 ESMF_MOAB                   : enabled
20220417 013442.699 INFO             PET0 ESMF_LAPACK                 : enabled
20220417 013442.699 INFO             PET0 ESMF_NETCDF                 : disabled
20220417 013442.699 INFO             PET0 ESMF_PNETCDF                : disabled
20220417 013442.699 INFO             PET0 ESMF_PIO                    : disabled
20220417 013442.699 INFO             PET0 ESMF_YAMLCPP                : enabled
20220417 013442.699 INFO             PET0  NUMBER_OF_PROCESSORS           1
20220417 013442.699 INFO             PET0  PASS  Example CalendarEx, ESMF_CalendarEx.F90, line 217
20220417 013442.699 INFO             PET0 Finalizing ESMF
