build time -- 2022-05-16 01:09:50.188933
20220516 013011.026 INFO             PET0 !!!!!!!!!!!!!!!!!!!!!!!!!!!!!!!!!!!!!!!!!!!!!!!!!!!!!!
20220516 013011.026 INFO             PET0 !!! THE ESMF_LOG IS SET TO OUTPUT ALL LOG MESSAGES !!!
20220516 013011.026 INFO             PET0 !!!     THIS MAY CAUSE SLOWDOWN IN PERFORMANCE     !!!
20220516 013011.026 INFO             PET0 !!! FOR PRODUCTION RUNS, USE:                      !!!
20220516 013011.026 INFO             PET0 !!!                   ESMF_LOGKIND_Multi_On_Error  !!!
20220516 013011.026 INFO             PET0 !!!!!!!!!!!!!!!!!!!!!!!!!!!!!!!!!!!!!!!!!!!!!!!!!!!!!!
20220516 013011.026 INFO             PET0 Running with ESMF Version   : v8.3.0b14-2-gde129fc120
20220516 013011.026 INFO             PET0 ESMF library build date/time: "May 16 2022" "01:08:30"
20220516 013011.026 INFO             PET0 ESMF library build location : /gpfsm/dnb04/projects/p98/mpotts/esmf/gfortran_8.3.0_mpt_g_develop
20220516 013011.026 INFO             PET0 ESMF_COMM                   : mpt
20220516 013011.026 INFO             PET0 ESMF_MOAB                   : enabled
20220516 013011.026 INFO             PET0 ESMF_LAPACK                 : enabled
20220516 013011.026 INFO             PET0 ESMF_NETCDF                 : disabled
20220516 013011.026 INFO             PET0 ESMF_PNETCDF                : disabled
20220516 013011.026 INFO             PET0 ESMF_PIO                    : disabled
20220516 013011.026 INFO             PET0 ESMF_YAMLCPP                : enabled
20220516 013011.033 INFO             PET0  NUMBER_OF_PROCESSORS           1
20220516 013011.033 INFO             PET0  PASS  Example ESMF_AlarmEx, ESMF_AlarmEx.F90, line 244
20220516 013011.033 INFO             PET0 Finalizing ESMF
