build time -- 2022-05-18 01:30:03.775059
20220518 015123.974 INFO             PET0 !!!!!!!!!!!!!!!!!!!!!!!!!!!!!!!!!!!!!!!!!!!!!!!!!!!!!!
20220518 015123.974 INFO             PET0 !!! THE ESMF_LOG IS SET TO OUTPUT ALL LOG MESSAGES !!!
20220518 015123.974 INFO             PET0 !!!     THIS MAY CAUSE SLOWDOWN IN PERFORMANCE     !!!
20220518 015123.974 INFO             PET0 !!! FOR PRODUCTION RUNS, USE:                      !!!
20220518 015123.974 INFO             PET0 !!!                   ESMF_LOGKIND_Multi_On_Error  !!!
20220518 015123.974 INFO             PET0 !!!!!!!!!!!!!!!!!!!!!!!!!!!!!!!!!!!!!!!!!!!!!!!!!!!!!!
20220518 015123.974 INFO             PET0 Running with ESMF Version   : v8.3.0b15
20220518 015123.974 INFO             PET0 ESMF library build date/time: "May 18 2022" "01:28:35"
20220518 015123.974 INFO             PET0 ESMF library build location : /gpfsm/dnb04/projects/p98/mpotts/esmf/gfortran_8.3.0_mpt_g_develop
20220518 015123.974 INFO             PET0 ESMF_COMM                   : mpt
20220518 015123.974 INFO             PET0 ESMF_MOAB                   : enabled
20220518 015123.974 INFO             PET0 ESMF_LAPACK                 : enabled
20220518 015123.974 INFO             PET0 ESMF_NETCDF                 : disabled
20220518 015123.974 INFO             PET0 ESMF_PNETCDF                : disabled
20220518 015123.974 INFO             PET0 ESMF_PIO                    : disabled
20220518 015123.974 INFO             PET0 ESMF_YAMLCPP                : enabled
20220518 015123.979 INFO             PET0  NUMBER_OF_PROCESSORS           1
20220518 015123.980 INFO             PET0  PASS  Example ESMF_XGridSparseMatEx, ESMF_XGridSparseMatEx.F90, line 642
20220518 015123.980 INFO             PET0 Finalizing ESMF
