build time -- 2022-05-08 01:10:11.534795
20220508 015928.378 INFO             PET0 !!!!!!!!!!!!!!!!!!!!!!!!!!!!!!!!!!!!!!!!!!!!!!!!!!!!!!
20220508 015928.381 INFO             PET0 !!! THE ESMF_LOG IS SET TO OUTPUT ALL LOG MESSAGES !!!
20220508 015928.381 INFO             PET0 !!!     THIS MAY CAUSE SLOWDOWN IN PERFORMANCE     !!!
20220508 015928.381 INFO             PET0 !!! FOR PRODUCTION RUNS, USE:                      !!!
20220508 015928.381 INFO             PET0 !!!                   ESMF_LOGKIND_Multi_On_Error  !!!
20220508 015928.381 INFO             PET0 !!!!!!!!!!!!!!!!!!!!!!!!!!!!!!!!!!!!!!!!!!!!!!!!!!!!!!
20220508 015928.381 INFO             PET0 Running with ESMF Version   : v8.3.0b14-2-gde129fc120
20220508 015928.381 INFO             PET0 ESMF library build date/time: "May  8 2022" "01:08:47"
20220508 015928.381 INFO             PET0 ESMF library build location : /gpfsm/dnb04/projects/p98/mpotts/esmf/gfortran_8.3.0_mpt_g_develop
20220508 015928.381 INFO             PET0 ESMF_COMM                   : mpt
20220508 015928.382 INFO             PET0 ESMF_MOAB                   : enabled
20220508 015928.382 INFO             PET0 ESMF_LAPACK                 : enabled
20220508 015928.382 INFO             PET0 ESMF_NETCDF                 : disabled
20220508 015928.382 INFO             PET0 ESMF_PNETCDF                : disabled
20220508 015928.382 INFO             PET0 ESMF_PIO                    : disabled
20220508 015928.382 INFO             PET0 ESMF_YAMLCPP                : enabled
20220508 015928.383 INFO             PET0 Log Write 2
20220508 015928.383 ERROR            PET0 Invalid object  - Convergence failure
20220508 015928.397 ERROR            PET0 ESMCI_Fraction.C:1444 ESMCI::Fraction::validate() must have non-zero denominator.
20220508 015928.406 ERROR            PET0 ESMCI_Time.C:838 ESMCI::Time::syncToRealTime() Wrong argument specified  - ; calkindflag is JULIANDAY, MODJULIANDAY or NOCALENDAR.
20220508 015928.417 ERROR            PET0 ESMF_Time.F90:1485 ESMF_TimeSyncToRealTime() Wrong argument specified  - Internal subroutine call returned Error
20220508 015928.417 ERROR            PET0 Wrong argument specified  - getting wall clock time
20220508 015928.425 INFO             PET0  NUMBER_OF_PROCESSORS           4
20220508 015928.450 INFO             PET0  PASS  Example ESMF_LogErrEx, ESMF_LogErrEx.F90, line 186
20220508 015928.450 INFO             PET0 Finalizing ESMF
20220508 015928.378 INFO             PET1 !!!!!!!!!!!!!!!!!!!!!!!!!!!!!!!!!!!!!!!!!!!!!!!!!!!!!!
20220508 015928.381 INFO             PET1 !!! THE ESMF_LOG IS SET TO OUTPUT ALL LOG MESSAGES !!!
20220508 015928.381 INFO             PET1 !!!     THIS MAY CAUSE SLOWDOWN IN PERFORMANCE     !!!
20220508 015928.381 INFO             PET1 !!! FOR PRODUCTION RUNS, USE:                      !!!
20220508 015928.381 INFO             PET1 !!!                   ESMF_LOGKIND_Multi_On_Error  !!!
20220508 015928.381 INFO             PET1 !!!!!!!!!!!!!!!!!!!!!!!!!!!!!!!!!!!!!!!!!!!!!!!!!!!!!!
20220508 015928.381 INFO             PET1 Running with ESMF Version   : v8.3.0b14-2-gde129fc120
20220508 015928.381 INFO             PET1 ESMF library build date/time: "May  8 2022" "01:08:47"
20220508 015928.381 INFO             PET1 ESMF library build location : /gpfsm/dnb04/projects/p98/mpotts/esmf/gfortran_8.3.0_mpt_g_develop
20220508 015928.381 INFO             PET1 ESMF_COMM                   : mpt
20220508 015928.382 INFO             PET1 ESMF_MOAB                   : enabled
20220508 015928.382 INFO             PET1 ESMF_LAPACK                 : enabled
20220508 015928.382 INFO             PET1 ESMF_NETCDF                 : disabled
20220508 015928.382 INFO             PET1 ESMF_PNETCDF                : disabled
20220508 015928.382 INFO             PET1 ESMF_PIO                    : disabled
20220508 015928.382 INFO             PET1 ESMF_YAMLCPP                : enabled
20220508 015928.383 INFO             PET1 Log Write 2
20220508 015928.383 ERROR            PET1 Invalid object  - Convergence failure
20220508 015928.397 ERROR            PET1 ESMCI_Fraction.C:1444 ESMCI::Fraction::validate() must have non-zero denominator.
20220508 015928.406 ERROR            PET1 ESMCI_Time.C:838 ESMCI::Time::syncToRealTime() Wrong argument specified  - ; calkindflag is JULIANDAY, MODJULIANDAY or NOCALENDAR.
20220508 015928.417 ERROR            PET1 ESMF_Time.F90:1485 ESMF_TimeSyncToRealTime() Wrong argument specified  - Internal subroutine call returned Error
20220508 015928.417 ERROR            PET1 Wrong argument specified  - getting wall clock time
20220508 015928.425 INFO             PET1  NUMBER_OF_PROCESSORS           4
20220508 015928.450 INFO             PET1  PASS  Example ESMF_LogErrEx, ESMF_LogErrEx.F90, line 186
20220508 015928.450 INFO             PET1 Finalizing ESMF
20220508 015928.378 INFO             PET2 !!!!!!!!!!!!!!!!!!!!!!!!!!!!!!!!!!!!!!!!!!!!!!!!!!!!!!
20220508 015928.381 INFO             PET2 !!! THE ESMF_LOG IS SET TO OUTPUT ALL LOG MESSAGES !!!
20220508 015928.381 INFO             PET2 !!!     THIS MAY CAUSE SLOWDOWN IN PERFORMANCE     !!!
20220508 015928.381 INFO             PET2 !!! FOR PRODUCTION RUNS, USE:                      !!!
20220508 015928.381 INFO             PET2 !!!                   ESMF_LOGKIND_Multi_On_Error  !!!
20220508 015928.381 INFO             PET2 !!!!!!!!!!!!!!!!!!!!!!!!!!!!!!!!!!!!!!!!!!!!!!!!!!!!!!
20220508 015928.381 INFO             PET2 Running with ESMF Version   : v8.3.0b14-2-gde129fc120
20220508 015928.381 INFO             PET2 ESMF library build date/time: "May  8 2022" "01:08:47"
20220508 015928.381 INFO             PET2 ESMF library build location : /gpfsm/dnb04/projects/p98/mpotts/esmf/gfortran_8.3.0_mpt_g_develop
20220508 015928.381 INFO             PET2 ESMF_COMM                   : mpt
20220508 015928.382 INFO             PET2 ESMF_MOAB                   : enabled
20220508 015928.382 INFO             PET2 ESMF_LAPACK                 : enabled
20220508 015928.382 INFO             PET2 ESMF_NETCDF                 : disabled
20220508 015928.382 INFO             PET2 ESMF_PNETCDF                : disabled
20220508 015928.382 INFO             PET2 ESMF_PIO                    : disabled
20220508 015928.382 INFO             PET2 ESMF_YAMLCPP                : enabled
20220508 015928.383 INFO             PET2 Log Write 2
20220508 015928.383 ERROR            PET2 Invalid object  - Convergence failure
20220508 015928.397 ERROR            PET2 ESMCI_Fraction.C:1444 ESMCI::Fraction::validate() must have non-zero denominator.
20220508 015928.406 ERROR            PET2 ESMCI_Time.C:838 ESMCI::Time::syncToRealTime() Wrong argument specified  - ; calkindflag is JULIANDAY, MODJULIANDAY or NOCALENDAR.
20220508 015928.417 ERROR            PET2 ESMF_Time.F90:1485 ESMF_TimeSyncToRealTime() Wrong argument specified  - Internal subroutine call returned Error
20220508 015928.417 ERROR            PET2 Wrong argument specified  - getting wall clock time
20220508 015928.425 INFO             PET2  NUMBER_OF_PROCESSORS           4
20220508 015928.450 INFO             PET2  PASS  Example ESMF_LogErrEx, ESMF_LogErrEx.F90, line 186
20220508 015928.450 INFO             PET2 Finalizing ESMF
20220508 015928.378 INFO             PET3 !!!!!!!!!!!!!!!!!!!!!!!!!!!!!!!!!!!!!!!!!!!!!!!!!!!!!!
20220508 015928.381 INFO             PET3 !!! THE ESMF_LOG IS SET TO OUTPUT ALL LOG MESSAGES !!!
20220508 015928.381 INFO             PET3 !!!     THIS MAY CAUSE SLOWDOWN IN PERFORMANCE     !!!
20220508 015928.381 INFO             PET3 !!! FOR PRODUCTION RUNS, USE:                      !!!
20220508 015928.381 INFO             PET3 !!!                   ESMF_LOGKIND_Multi_On_Error  !!!
20220508 015928.381 INFO             PET3 !!!!!!!!!!!!!!!!!!!!!!!!!!!!!!!!!!!!!!!!!!!!!!!!!!!!!!
20220508 015928.381 INFO             PET3 Running with ESMF Version   : v8.3.0b14-2-gde129fc120
20220508 015928.381 INFO             PET3 ESMF library build date/time: "May  8 2022" "01:08:47"
20220508 015928.381 INFO             PET3 ESMF library build location : /gpfsm/dnb04/projects/p98/mpotts/esmf/gfortran_8.3.0_mpt_g_develop
20220508 015928.381 INFO             PET3 ESMF_COMM                   : mpt
20220508 015928.382 INFO             PET3 ESMF_MOAB                   : enabled
20220508 015928.382 INFO             PET3 ESMF_LAPACK                 : enabled
20220508 015928.382 INFO             PET3 ESMF_NETCDF                 : disabled
20220508 015928.382 INFO             PET3 ESMF_PNETCDF                : disabled
20220508 015928.382 INFO             PET3 ESMF_PIO                    : disabled
20220508 015928.382 INFO             PET3 ESMF_YAMLCPP                : enabled
20220508 015928.383 INFO             PET3 Log Write 2
20220508 015928.383 ERROR            PET3 Invalid object  - Convergence failure
20220508 015928.397 ERROR            PET3 ESMCI_Fraction.C:1444 ESMCI::Fraction::validate() must have non-zero denominator.
20220508 015928.406 ERROR            PET3 ESMCI_Time.C:838 ESMCI::Time::syncToRealTime() Wrong argument specified  - ; calkindflag is JULIANDAY, MODJULIANDAY or NOCALENDAR.
20220508 015928.417 ERROR            PET3 ESMF_Time.F90:1485 ESMF_TimeSyncToRealTime() Wrong argument specified  - Internal subroutine call returned Error
20220508 015928.417 ERROR            PET3 Wrong argument specified  - getting wall clock time
20220508 015928.425 INFO             PET3  NUMBER_OF_PROCESSORS           4
20220508 015928.450 INFO             PET3  PASS  Example ESMF_LogErrEx, ESMF_LogErrEx.F90, line 186
20220508 015928.450 INFO             PET3 Finalizing ESMF
