build time -- 2022-06-08 08:20:33
20220608 084229.070 INFO             PET0 !!!!!!!!!!!!!!!!!!!!!!!!!!!!!!!!!!!!!!!!!!!!!!!!!!!!!!
20220608 084229.071 INFO             PET0 !!! THE ESMF_LOG IS SET TO OUTPUT ALL LOG MESSAGES !!!
20220608 084229.071 INFO             PET0 !!!     THIS MAY CAUSE SLOWDOWN IN PERFORMANCE     !!!
20220608 084229.071 INFO             PET0 !!! FOR PRODUCTION RUNS, USE:                      !!!
20220608 084229.071 INFO             PET0 !!!                   ESMF_LOGKIND_Multi_On_Error  !!!
20220608 084229.071 INFO             PET0 !!!!!!!!!!!!!!!!!!!!!!!!!!!!!!!!!!!!!!!!!!!!!!!!!!!!!!
20220608 084229.071 INFO             PET0 Running with ESMF Version   : v8.3.0
20220608 084229.071 INFO             PET0 ESMF library build date/time: "Jun  8 2022" "08:19:17"
20220608 084229.071 INFO             PET0 ESMF library build location : /Volumes/esmf/esmf-testing/gfortran_11.2.0_openmpi_O_v8.3.0
20220608 084229.071 INFO             PET0 ESMF_COMM                   : openmpi
20220608 084229.071 INFO             PET0 ESMF_MOAB                   : enabled
20220608 084229.071 INFO             PET0 ESMF_LAPACK                 : enabled
20220608 084229.071 INFO             PET0 ESMF_NETCDF                 : enabled
20220608 084229.071 INFO             PET0 ESMF_PNETCDF                : disabled
20220608 084229.071 INFO             PET0 ESMF_PIO                    : enabled
20220608 084229.071 INFO             PET0 ESMF_YAMLCPP                : enabled
20220608 084229.145 DEBUG            PET0 about to destroy Grid: 0x7f7fa6831600
20220608 084229.150 DEBUG            PET0 about to destroy Grid: 0x7f7fa6832200
20220608 084229.166 INFO             PET0  NUMBER_OF_PROCESSORS           4
20220608 084229.166 INFO             PET0  PASS  Example ESMF_NUOPCAtmModelEx, ESMF_NUOPCAtmModelEx.F90, line 806
20220608 084229.166 INFO             PET0 Finalizing ESMF
20220608 084229.070 INFO             PET1 !!!!!!!!!!!!!!!!!!!!!!!!!!!!!!!!!!!!!!!!!!!!!!!!!!!!!!
20220608 084229.071 INFO             PET1 !!! THE ESMF_LOG IS SET TO OUTPUT ALL LOG MESSAGES !!!
20220608 084229.071 INFO             PET1 !!!     THIS MAY CAUSE SLOWDOWN IN PERFORMANCE     !!!
20220608 084229.071 INFO             PET1 !!! FOR PRODUCTION RUNS, USE:                      !!!
20220608 084229.071 INFO             PET1 !!!                   ESMF_LOGKIND_Multi_On_Error  !!!
20220608 084229.071 INFO             PET1 !!!!!!!!!!!!!!!!!!!!!!!!!!!!!!!!!!!!!!!!!!!!!!!!!!!!!!
20220608 084229.071 INFO             PET1 Running with ESMF Version   : v8.3.0
20220608 084229.071 INFO             PET1 ESMF library build date/time: "Jun  8 2022" "08:19:17"
20220608 084229.071 INFO             PET1 ESMF library build location : /Volumes/esmf/esmf-testing/gfortran_11.2.0_openmpi_O_v8.3.0
20220608 084229.071 INFO             PET1 ESMF_COMM                   : openmpi
20220608 084229.071 INFO             PET1 ESMF_MOAB                   : enabled
20220608 084229.071 INFO             PET1 ESMF_LAPACK                 : enabled
20220608 084229.071 INFO             PET1 ESMF_NETCDF                 : enabled
20220608 084229.071 INFO             PET1 ESMF_PNETCDF                : disabled
20220608 084229.071 INFO             PET1 ESMF_PIO                    : enabled
20220608 084229.071 INFO             PET1 ESMF_YAMLCPP                : enabled
20220608 084229.145 DEBUG            PET1 about to destroy Grid: 0x7f8f0001ec00
20220608 084229.150 DEBUG            PET1 about to destroy Grid: 0x7f8f0001f800
20220608 084229.166 INFO             PET1  NUMBER_OF_PROCESSORS           4
20220608 084229.166 INFO             PET1  PASS  Example ESMF_NUOPCAtmModelEx, ESMF_NUOPCAtmModelEx.F90, line 806
20220608 084229.166 INFO             PET1 Finalizing ESMF
20220608 084229.070 INFO             PET2 !!!!!!!!!!!!!!!!!!!!!!!!!!!!!!!!!!!!!!!!!!!!!!!!!!!!!!
20220608 084229.071 INFO             PET2 !!! THE ESMF_LOG IS SET TO OUTPUT ALL LOG MESSAGES !!!
20220608 084229.071 INFO             PET2 !!!     THIS MAY CAUSE SLOWDOWN IN PERFORMANCE     !!!
20220608 084229.071 INFO             PET2 !!! FOR PRODUCTION RUNS, USE:                      !!!
20220608 084229.071 INFO             PET2 !!!                   ESMF_LOGKIND_Multi_On_Error  !!!
20220608 084229.071 INFO             PET2 !!!!!!!!!!!!!!!!!!!!!!!!!!!!!!!!!!!!!!!!!!!!!!!!!!!!!!
20220608 084229.071 INFO             PET2 Running with ESMF Version   : v8.3.0
20220608 084229.071 INFO             PET2 ESMF library build date/time: "Jun  8 2022" "08:19:17"
20220608 084229.071 INFO             PET2 ESMF library build location : /Volumes/esmf/esmf-testing/gfortran_11.2.0_openmpi_O_v8.3.0
20220608 084229.071 INFO             PET2 ESMF_COMM                   : openmpi
20220608 084229.071 INFO             PET2 ESMF_MOAB                   : enabled
20220608 084229.071 INFO             PET2 ESMF_LAPACK                 : enabled
20220608 084229.071 INFO             PET2 ESMF_NETCDF                 : enabled
20220608 084229.071 INFO             PET2 ESMF_PNETCDF                : disabled
20220608 084229.071 INFO             PET2 ESMF_PIO                    : enabled
20220608 084229.071 INFO             PET2 ESMF_YAMLCPP                : enabled
20220608 084229.145 DEBUG            PET2 about to destroy Grid: 0x7f913b023400
20220608 084229.150 DEBUG            PET2 about to destroy Grid: 0x7f913b03fc00
20220608 084229.166 INFO             PET2  NUMBER_OF_PROCESSORS           4
20220608 084229.166 INFO             PET2  PASS  Example ESMF_NUOPCAtmModelEx, ESMF_NUOPCAtmModelEx.F90, line 806
20220608 084229.166 INFO             PET2 Finalizing ESMF
20220608 084229.070 INFO             PET3 !!!!!!!!!!!!!!!!!!!!!!!!!!!!!!!!!!!!!!!!!!!!!!!!!!!!!!
20220608 084229.071 INFO             PET3 !!! THE ESMF_LOG IS SET TO OUTPUT ALL LOG MESSAGES !!!
20220608 084229.071 INFO             PET3 !!!     THIS MAY CAUSE SLOWDOWN IN PERFORMANCE     !!!
20220608 084229.071 INFO             PET3 !!! FOR PRODUCTION RUNS, USE:                      !!!
20220608 084229.071 INFO             PET3 !!!                   ESMF_LOGKIND_Multi_On_Error  !!!
20220608 084229.071 INFO             PET3 !!!!!!!!!!!!!!!!!!!!!!!!!!!!!!!!!!!!!!!!!!!!!!!!!!!!!!
20220608 084229.071 INFO             PET3 Running with ESMF Version   : v8.3.0
20220608 084229.071 INFO             PET3 ESMF library build date/time: "Jun  8 2022" "08:19:17"
20220608 084229.071 INFO             PET3 ESMF library build location : /Volumes/esmf/esmf-testing/gfortran_11.2.0_openmpi_O_v8.3.0
20220608 084229.071 INFO             PET3 ESMF_COMM                   : openmpi
20220608 084229.071 INFO             PET3 ESMF_MOAB                   : enabled
20220608 084229.071 INFO             PET3 ESMF_LAPACK                 : enabled
20220608 084229.071 INFO             PET3 ESMF_NETCDF                 : enabled
20220608 084229.071 INFO             PET3 ESMF_PNETCDF                : disabled
20220608 084229.071 INFO             PET3 ESMF_PIO                    : enabled
20220608 084229.071 INFO             PET3 ESMF_YAMLCPP                : enabled
20220608 084229.145 DEBUG            PET3 about to destroy Grid: 0x7fb3800a3a00
20220608 084229.150 DEBUG            PET3 about to destroy Grid: 0x7fb3800a4600
20220608 084229.166 INFO             PET3  NUMBER_OF_PROCESSORS           4
20220608 084229.166 INFO             PET3  PASS  Example ESMF_NUOPCAtmModelEx, ESMF_NUOPCAtmModelEx.F90, line 806
20220608 084229.166 INFO             PET3 Finalizing ESMF
