build time -- 2022-06-07 08:20:29
20220607 084021.731 INFO             PET0 !!!!!!!!!!!!!!!!!!!!!!!!!!!!!!!!!!!!!!!!!!!!!!!!!!!!!!
20220607 084021.731 INFO             PET0 !!! THE ESMF_LOG IS SET TO OUTPUT ALL LOG MESSAGES !!!
20220607 084021.731 INFO             PET0 !!!     THIS MAY CAUSE SLOWDOWN IN PERFORMANCE     !!!
20220607 084021.731 INFO             PET0 !!! FOR PRODUCTION RUNS, USE:                      !!!
20220607 084021.731 INFO             PET0 !!!                   ESMF_LOGKIND_Multi_On_Error  !!!
20220607 084021.731 INFO             PET0 !!!!!!!!!!!!!!!!!!!!!!!!!!!!!!!!!!!!!!!!!!!!!!!!!!!!!!
20220607 084021.731 INFO             PET0 Running with ESMF Version   : v8.3.0
20220607 084021.731 INFO             PET0 ESMF library build date/time: "Jun  7 2022" "08:19:14"
20220607 084021.731 INFO             PET0 ESMF library build location : /Volumes/esmf/esmf-testing/gfortran_11.2.0_openmpi_O_v8.3.0
20220607 084021.731 INFO             PET0 ESMF_COMM                   : openmpi
20220607 084021.732 INFO             PET0 ESMF_MOAB                   : enabled
20220607 084021.732 INFO             PET0 ESMF_LAPACK                 : enabled
20220607 084021.732 INFO             PET0 ESMF_NETCDF                 : enabled
20220607 084021.732 INFO             PET0 ESMF_PNETCDF                : disabled
20220607 084021.732 INFO             PET0 ESMF_PIO                    : enabled
20220607 084021.732 INFO             PET0 ESMF_YAMLCPP                : enabled
20220607 084021.732 INFO             PET0  NUMBER_OF_PROCESSORS           1
20220607 084021.732 INFO             PET0  PASS  Example ESMF_TimeIntervalEx, ESMF_TimeIntervalEx.F90, line 176
20220607 084021.732 INFO             PET0 Finalizing ESMF
