build time -- 2022-05-25 01:38:17.674618
20220525 015059.810 INFO             PET0 !!!!!!!!!!!!!!!!!!!!!!!!!!!!!!!!!!!!!!!!!!!!!!!!!!!!!!
20220525 015059.810 INFO             PET0 !!! THE ESMF_LOG IS SET TO OUTPUT ALL LOG MESSAGES !!!
20220525 015059.810 INFO             PET0 !!!     THIS MAY CAUSE SLOWDOWN IN PERFORMANCE     !!!
20220525 015059.810 INFO             PET0 !!! FOR PRODUCTION RUNS, USE:                      !!!
20220525 015059.810 INFO             PET0 !!!                   ESMF_LOGKIND_Multi_On_Error  !!!
20220525 015059.810 INFO             PET0 !!!!!!!!!!!!!!!!!!!!!!!!!!!!!!!!!!!!!!!!!!!!!!!!!!!!!!
20220525 015059.810 INFO             PET0 Running with ESMF Version   : v8.3.0b16
20220525 015059.810 INFO             PET0 ESMF library build date/time: "May 25 2022" "01:37:45"
20220525 015059.810 INFO             PET0 ESMF library build location : /home/mpotts/gfortran_9.3.0_openmpi_O_develop
20220525 015059.810 INFO             PET0 ESMF_COMM                   : openmpi
20220525 015059.810 INFO             PET0 ESMF_MOAB                   : enabled
20220525 015059.810 INFO             PET0 ESMF_LAPACK                 : enabled
20220525 015059.810 INFO             PET0 ESMF_NETCDF                 : enabled
20220525 015059.810 INFO             PET0 ESMF_PNETCDF                : disabled
20220525 015059.810 INFO             PET0 ESMF_PIO                    : enabled
20220525 015059.810 INFO             PET0 ESMF_YAMLCPP                : enabled
20220525 015059.810 INFO             PET0  NUMBER_OF_PROCESSORS           1
20220525 015059.810 INFO             PET0  PASS  Example CalendarEx, ESMF_CalendarEx.F90, line 217
20220525 015059.810 INFO             PET0 Finalizing ESMF
