build time -- 2022-04-05 01:38:54.531326
20220405 015225.897 INFO             PET0 !!!!!!!!!!!!!!!!!!!!!!!!!!!!!!!!!!!!!!!!!!!!!!!!!!!!!!
20220405 015225.897 INFO             PET0 !!! THE ESMF_LOG IS SET TO OUTPUT ALL LOG MESSAGES !!!
20220405 015225.897 INFO             PET0 !!!     THIS MAY CAUSE SLOWDOWN IN PERFORMANCE     !!!
20220405 015225.897 INFO             PET0 !!! FOR PRODUCTION RUNS, USE:                      !!!
20220405 015225.897 INFO             PET0 !!!                   ESMF_LOGKIND_Multi_On_Error  !!!
20220405 015225.897 INFO             PET0 !!!!!!!!!!!!!!!!!!!!!!!!!!!!!!!!!!!!!!!!!!!!!!!!!!!!!!
20220405 015225.897 INFO             PET0 Running with ESMF Version   : v8.3.0b12
20220405 015225.897 INFO             PET0 ESMF library build date/time: "Apr  5 2022" "01:38:08"
20220405 015225.897 INFO             PET0 ESMF library build location : /home/mpotts/gfortran_9.3.0_openmpi_O_develop
20220405 015225.897 INFO             PET0 ESMF_COMM                   : openmpi
20220405 015225.898 INFO             PET0 ESMF_MOAB                   : enabled
20220405 015225.898 INFO             PET0 ESMF_LAPACK                 : enabled
20220405 015225.898 INFO             PET0 ESMF_NETCDF                 : enabled
20220405 015225.898 INFO             PET0 ESMF_PNETCDF                : disabled
20220405 015225.898 INFO             PET0 ESMF_PIO                    : enabled
20220405 015225.898 INFO             PET0 ESMF_YAMLCPP                : enabled
20220405 015225.900 INFO             PET0  NUMBER_OF_PROCESSORS           1
20220405 015225.900 INFO             PET0  PASS  Example ESMF_XGridSparseMatEx, ESMF_XGridSparseMatEx.F90, line 642
20220405 015225.900 INFO             PET0 Finalizing ESMF
