build time -- 2022-04-10 01:38:44.402636
20220410 015156.280 INFO             PET0 !!!!!!!!!!!!!!!!!!!!!!!!!!!!!!!!!!!!!!!!!!!!!!!!!!!!!!
20220410 015156.280 INFO             PET0 !!! THE ESMF_LOG IS SET TO OUTPUT ALL LOG MESSAGES !!!
20220410 015156.280 INFO             PET0 !!!     THIS MAY CAUSE SLOWDOWN IN PERFORMANCE     !!!
20220410 015156.280 INFO             PET0 !!! FOR PRODUCTION RUNS, USE:                      !!!
20220410 015156.280 INFO             PET0 !!!                   ESMF_LOGKIND_Multi_On_Error  !!!
20220410 015156.280 INFO             PET0 !!!!!!!!!!!!!!!!!!!!!!!!!!!!!!!!!!!!!!!!!!!!!!!!!!!!!!
20220410 015156.280 INFO             PET0 Running with ESMF Version   : v8.3.0b12-1-g7c85d54760
20220410 015156.280 INFO             PET0 ESMF library build date/time: "Apr 10 2022" "01:37:58"
20220410 015156.280 INFO             PET0 ESMF library build location : /home/mpotts/gfortran_9.3.0_openmpi_O_develop
20220410 015156.280 INFO             PET0 ESMF_COMM                   : openmpi
20220410 015156.280 INFO             PET0 ESMF_MOAB                   : enabled
20220410 015156.280 INFO             PET0 ESMF_LAPACK                 : enabled
20220410 015156.280 INFO             PET0 ESMF_NETCDF                 : enabled
20220410 015156.280 INFO             PET0 ESMF_PNETCDF                : disabled
20220410 015156.280 INFO             PET0 ESMF_PIO                    : enabled
20220410 015156.280 INFO             PET0 ESMF_YAMLCPP                : enabled
20220410 015156.280 INFO             PET0  NUMBER_OF_PROCESSORS           4
20220410 015156.280 INFO             PET0  PASS  Example ESMF_VMUserMpiCommMultiEx, ESMF_VMUserMpiCommMultiEx.F90, line 126
20220410 015156.280 INFO             PET0 Finalizing ESMF
20220410 015156.280 INFO             PET0 !!!!!!!!!!!!!!!!!!!!!!!!!!!!!!!!!!!!!!!!!!!!!!!!!!!!!!
20220410 015156.280 INFO             PET0 !!! THE ESMF_LOG IS SET TO OUTPUT ALL LOG MESSAGES !!!
20220410 015156.280 INFO             PET0 !!!     THIS MAY CAUSE SLOWDOWN IN PERFORMANCE     !!!
20220410 015156.280 INFO             PET0 !!! FOR PRODUCTION RUNS, USE:                      !!!
20220410 015156.280 INFO             PET0 !!!                   ESMF_LOGKIND_Multi_On_Error  !!!
20220410 015156.280 INFO             PET0 !!!!!!!!!!!!!!!!!!!!!!!!!!!!!!!!!!!!!!!!!!!!!!!!!!!!!!
20220410 015156.280 INFO             PET0 Running with ESMF Version   : v8.3.0b12-1-g7c85d54760
20220410 015156.280 INFO             PET0 ESMF library build date/time: "Apr 10 2022" "01:37:58"
20220410 015156.280 INFO             PET0 ESMF library build location : /home/mpotts/gfortran_9.3.0_openmpi_O_develop
20220410 015156.280 INFO             PET0 ESMF_COMM                   : openmpi
20220410 015156.280 INFO             PET0 ESMF_MOAB                   : enabled
20220410 015156.280 INFO             PET0 ESMF_LAPACK                 : enabled
20220410 015156.280 INFO             PET0 ESMF_NETCDF                 : enabled
20220410 015156.280 INFO             PET0 ESMF_PNETCDF                : disabled
20220410 015156.280 INFO             PET0 ESMF_PIO                    : enabled
20220410 015156.280 INFO             PET0 ESMF_YAMLCPP                : enabled
20220410 015156.280 INFO             PET0  NUMBER_OF_PROCESSORS           4
20220410 015156.280 INFO             PET0  PASS  Example ESMF_VMUserMpiCommMultiEx, ESMF_VMUserMpiCommMultiEx.F90, line 154
20220410 015156.280 INFO             PET0 Finalizing ESMF
20220410 015156.280 INFO             PET1 !!!!!!!!!!!!!!!!!!!!!!!!!!!!!!!!!!!!!!!!!!!!!!!!!!!!!!
20220410 015156.280 INFO             PET1 !!! THE ESMF_LOG IS SET TO OUTPUT ALL LOG MESSAGES !!!
20220410 015156.280 INFO             PET1 !!!     THIS MAY CAUSE SLOWDOWN IN PERFORMANCE     !!!
20220410 015156.280 INFO             PET1 !!! FOR PRODUCTION RUNS, USE:                      !!!
20220410 015156.280 INFO             PET1 !!!                   ESMF_LOGKIND_Multi_On_Error  !!!
20220410 015156.280 INFO             PET1 !!!!!!!!!!!!!!!!!!!!!!!!!!!!!!!!!!!!!!!!!!!!!!!!!!!!!!
20220410 015156.280 INFO             PET1 Running with ESMF Version   : v8.3.0b12-1-g7c85d54760
20220410 015156.280 INFO             PET1 ESMF library build date/time: "Apr 10 2022" "01:37:58"
20220410 015156.280 INFO             PET1 ESMF library build location : /home/mpotts/gfortran_9.3.0_openmpi_O_develop
20220410 015156.280 INFO             PET1 ESMF_COMM                   : openmpi
20220410 015156.280 INFO             PET1 ESMF_MOAB                   : enabled
20220410 015156.280 INFO             PET1 ESMF_LAPACK                 : enabled
20220410 015156.280 INFO             PET1 ESMF_NETCDF                 : enabled
20220410 015156.280 INFO             PET1 ESMF_PNETCDF                : disabled
20220410 015156.280 INFO             PET1 ESMF_PIO                    : enabled
20220410 015156.280 INFO             PET1 ESMF_YAMLCPP                : enabled
20220410 015156.280 INFO             PET1  NUMBER_OF_PROCESSORS           4
20220410 015156.280 INFO             PET1  PASS  Example ESMF_VMUserMpiCommMultiEx, ESMF_VMUserMpiCommMultiEx.F90, line 126
20220410 015156.280 INFO             PET1 Finalizing ESMF
20220410 015156.280 INFO             PET1 !!!!!!!!!!!!!!!!!!!!!!!!!!!!!!!!!!!!!!!!!!!!!!!!!!!!!!
20220410 015156.280 INFO             PET1 !!! THE ESMF_LOG IS SET TO OUTPUT ALL LOG MESSAGES !!!
20220410 015156.280 INFO             PET1 !!!     THIS MAY CAUSE SLOWDOWN IN PERFORMANCE     !!!
20220410 015156.280 INFO             PET1 !!! FOR PRODUCTION RUNS, USE:                      !!!
20220410 015156.280 INFO             PET1 !!!                   ESMF_LOGKIND_Multi_On_Error  !!!
20220410 015156.280 INFO             PET1 !!!!!!!!!!!!!!!!!!!!!!!!!!!!!!!!!!!!!!!!!!!!!!!!!!!!!!
20220410 015156.280 INFO             PET1 Running with ESMF Version   : v8.3.0b12-1-g7c85d54760
20220410 015156.280 INFO             PET1 ESMF library build date/time: "Apr 10 2022" "01:37:58"
20220410 015156.280 INFO             PET1 ESMF library build location : /home/mpotts/gfortran_9.3.0_openmpi_O_develop
20220410 015156.280 INFO             PET1 ESMF_COMM                   : openmpi
20220410 015156.280 INFO             PET1 ESMF_MOAB                   : enabled
20220410 015156.280 INFO             PET1 ESMF_LAPACK                 : enabled
20220410 015156.280 INFO             PET1 ESMF_NETCDF                 : enabled
20220410 015156.280 INFO             PET1 ESMF_PNETCDF                : disabled
20220410 015156.280 INFO             PET1 ESMF_PIO                    : enabled
20220410 015156.280 INFO             PET1 ESMF_YAMLCPP                : enabled
20220410 015156.280 INFO             PET1  NUMBER_OF_PROCESSORS           4
20220410 015156.280 INFO             PET1  PASS  Example ESMF_VMUserMpiCommMultiEx, ESMF_VMUserMpiCommMultiEx.F90, line 154
20220410 015156.280 INFO             PET1 Finalizing ESMF
