build time -- 2022-04-18 01:38:48.510125
20220418 015233.528 INFO             PET0 !!!!!!!!!!!!!!!!!!!!!!!!!!!!!!!!!!!!!!!!!!!!!!!!!!!!!!
20220418 015233.528 INFO             PET0 !!! THE ESMF_LOG IS SET TO OUTPUT ALL LOG MESSAGES !!!
20220418 015233.528 INFO             PET0 !!!     THIS MAY CAUSE SLOWDOWN IN PERFORMANCE     !!!
20220418 015233.528 INFO             PET0 !!! FOR PRODUCTION RUNS, USE:                      !!!
20220418 015233.528 INFO             PET0 !!!                   ESMF_LOGKIND_Multi_On_Error  !!!
20220418 015233.528 INFO             PET0 !!!!!!!!!!!!!!!!!!!!!!!!!!!!!!!!!!!!!!!!!!!!!!!!!!!!!!
20220418 015233.528 INFO             PET0 Running with ESMF Version   : v8.3.0b12-66-g968479064d
20220418 015233.528 INFO             PET0 ESMF library build date/time: "Apr 18 2022" "01:38:01"
20220418 015233.528 INFO             PET0 ESMF library build location : /home/mpotts/gfortran_9.3.0_openmpi_O_develop
20220418 015233.528 INFO             PET0 ESMF_COMM                   : openmpi
20220418 015233.528 INFO             PET0 ESMF_MOAB                   : enabled
20220418 015233.528 INFO             PET0 ESMF_LAPACK                 : enabled
20220418 015233.528 INFO             PET0 ESMF_NETCDF                 : enabled
20220418 015233.528 INFO             PET0 ESMF_PNETCDF                : disabled
20220418 015233.528 INFO             PET0 ESMF_PIO                    : enabled
20220418 015233.528 INFO             PET0 ESMF_YAMLCPP                : enabled
20220418 015233.555 DEBUG            PET0 about to destroy Grid: 0x12f8d10
20220418 015233.556 DEBUG            PET0 about to destroy Grid: 0x12fd260
20220418 015233.562 INFO             PET0  NUMBER_OF_PROCESSORS           4
20220418 015233.562 INFO             PET0  PASS  Example ESMF_NUOPCAtmModelEx, ESMF_NUOPCAtmModelEx.F90, line 806
20220418 015233.562 INFO             PET0 Finalizing ESMF
20220418 015233.528 INFO             PET1 !!!!!!!!!!!!!!!!!!!!!!!!!!!!!!!!!!!!!!!!!!!!!!!!!!!!!!
20220418 015233.528 INFO             PET1 !!! THE ESMF_LOG IS SET TO OUTPUT ALL LOG MESSAGES !!!
20220418 015233.528 INFO             PET1 !!!     THIS MAY CAUSE SLOWDOWN IN PERFORMANCE     !!!
20220418 015233.528 INFO             PET1 !!! FOR PRODUCTION RUNS, USE:                      !!!
20220418 015233.528 INFO             PET1 !!!                   ESMF_LOGKIND_Multi_On_Error  !!!
20220418 015233.528 INFO             PET1 !!!!!!!!!!!!!!!!!!!!!!!!!!!!!!!!!!!!!!!!!!!!!!!!!!!!!!
20220418 015233.528 INFO             PET1 Running with ESMF Version   : v8.3.0b12-66-g968479064d
20220418 015233.528 INFO             PET1 ESMF library build date/time: "Apr 18 2022" "01:38:01"
20220418 015233.528 INFO             PET1 ESMF library build location : /home/mpotts/gfortran_9.3.0_openmpi_O_develop
20220418 015233.528 INFO             PET1 ESMF_COMM                   : openmpi
20220418 015233.528 INFO             PET1 ESMF_MOAB                   : enabled
20220418 015233.528 INFO             PET1 ESMF_LAPACK                 : enabled
20220418 015233.528 INFO             PET1 ESMF_NETCDF                 : enabled
20220418 015233.528 INFO             PET1 ESMF_PNETCDF                : disabled
20220418 015233.529 INFO             PET1 ESMF_PIO                    : enabled
20220418 015233.529 INFO             PET1 ESMF_YAMLCPP                : enabled
20220418 015233.555 DEBUG            PET1 about to destroy Grid: 0x12d3cd0
20220418 015233.556 DEBUG            PET1 about to destroy Grid: 0x12d5cd0
20220418 015233.562 INFO             PET1  NUMBER_OF_PROCESSORS           4
20220418 015233.562 INFO             PET1  PASS  Example ESMF_NUOPCAtmModelEx, ESMF_NUOPCAtmModelEx.F90, line 806
20220418 015233.562 INFO             PET1 Finalizing ESMF
20220418 015233.528 INFO             PET2 !!!!!!!!!!!!!!!!!!!!!!!!!!!!!!!!!!!!!!!!!!!!!!!!!!!!!!
20220418 015233.528 INFO             PET2 !!! THE ESMF_LOG IS SET TO OUTPUT ALL LOG MESSAGES !!!
20220418 015233.528 INFO             PET2 !!!     THIS MAY CAUSE SLOWDOWN IN PERFORMANCE     !!!
20220418 015233.528 INFO             PET2 !!! FOR PRODUCTION RUNS, USE:                      !!!
20220418 015233.528 INFO             PET2 !!!                   ESMF_LOGKIND_Multi_On_Error  !!!
20220418 015233.528 INFO             PET2 !!!!!!!!!!!!!!!!!!!!!!!!!!!!!!!!!!!!!!!!!!!!!!!!!!!!!!
20220418 015233.528 INFO             PET2 Running with ESMF Version   : v8.3.0b12-66-g968479064d
20220418 015233.528 INFO             PET2 ESMF library build date/time: "Apr 18 2022" "01:38:01"
20220418 015233.528 INFO             PET2 ESMF library build location : /home/mpotts/gfortran_9.3.0_openmpi_O_develop
20220418 015233.528 INFO             PET2 ESMF_COMM                   : openmpi
20220418 015233.529 INFO             PET2 ESMF_MOAB                   : enabled
20220418 015233.529 INFO             PET2 ESMF_LAPACK                 : enabled
20220418 015233.529 INFO             PET2 ESMF_NETCDF                 : enabled
20220418 015233.529 INFO             PET2 ESMF_PNETCDF                : disabled
20220418 015233.529 INFO             PET2 ESMF_PIO                    : enabled
20220418 015233.529 INFO             PET2 ESMF_YAMLCPP                : enabled
20220418 015233.555 DEBUG            PET2 about to destroy Grid: 0x21c23d0
20220418 015233.556 DEBUG            PET2 about to destroy Grid: 0x21c4410
20220418 015233.562 INFO             PET2  NUMBER_OF_PROCESSORS           4
20220418 015233.562 INFO             PET2  PASS  Example ESMF_NUOPCAtmModelEx, ESMF_NUOPCAtmModelEx.F90, line 806
20220418 015233.562 INFO             PET2 Finalizing ESMF
20220418 015233.528 INFO             PET3 !!!!!!!!!!!!!!!!!!!!!!!!!!!!!!!!!!!!!!!!!!!!!!!!!!!!!!
20220418 015233.528 INFO             PET3 !!! THE ESMF_LOG IS SET TO OUTPUT ALL LOG MESSAGES !!!
20220418 015233.528 INFO             PET3 !!!     THIS MAY CAUSE SLOWDOWN IN PERFORMANCE     !!!
20220418 015233.528 INFO             PET3 !!! FOR PRODUCTION RUNS, USE:                      !!!
20220418 015233.528 INFO             PET3 !!!                   ESMF_LOGKIND_Multi_On_Error  !!!
20220418 015233.528 INFO             PET3 !!!!!!!!!!!!!!!!!!!!!!!!!!!!!!!!!!!!!!!!!!!!!!!!!!!!!!
20220418 015233.528 INFO             PET3 Running with ESMF Version   : v8.3.0b12-66-g968479064d
20220418 015233.528 INFO             PET3 ESMF library build date/time: "Apr 18 2022" "01:38:01"
20220418 015233.528 INFO             PET3 ESMF library build location : /home/mpotts/gfortran_9.3.0_openmpi_O_develop
20220418 015233.528 INFO             PET3 ESMF_COMM                   : openmpi
20220418 015233.528 INFO             PET3 ESMF_MOAB                   : enabled
20220418 015233.528 INFO             PET3 ESMF_LAPACK                 : enabled
20220418 015233.528 INFO             PET3 ESMF_NETCDF                 : enabled
20220418 015233.528 INFO             PET3 ESMF_PNETCDF                : disabled
20220418 015233.528 INFO             PET3 ESMF_PIO                    : enabled
20220418 015233.528 INFO             PET3 ESMF_YAMLCPP                : enabled
20220418 015233.555 DEBUG            PET3 about to destroy Grid: 0x2700120
20220418 015233.556 DEBUG            PET3 about to destroy Grid: 0x2702230
20220418 015233.562 INFO             PET3  NUMBER_OF_PROCESSORS           4
20220418 015233.562 INFO             PET3  PASS  Example ESMF_NUOPCAtmModelEx, ESMF_NUOPCAtmModelEx.F90, line 806
20220418 015233.562 INFO             PET3 Finalizing ESMF
