build time -- 2022-04-13 02:34:24.597394
20220413 025009.016 INFO             PET0 !!!!!!!!!!!!!!!!!!!!!!!!!!!!!!!!!!!!!!!!!!!!!!!!!!!!!!
20220413 025009.016 INFO             PET0 !!! THE ESMF_LOG IS SET TO OUTPUT ALL LOG MESSAGES !!!
20220413 025009.016 INFO             PET0 !!!     THIS MAY CAUSE SLOWDOWN IN PERFORMANCE     !!!
20220413 025009.016 INFO             PET0 !!! FOR PRODUCTION RUNS, USE:                      !!!
20220413 025009.016 INFO             PET0 !!!                   ESMF_LOGKIND_Multi_On_Error  !!!
20220413 025009.016 INFO             PET0 !!!!!!!!!!!!!!!!!!!!!!!!!!!!!!!!!!!!!!!!!!!!!!!!!!!!!!
20220413 025009.016 INFO             PET0 Running with ESMF Version   : v8.3.0b12-61-g0687c4c862
20220413 025009.016 INFO             PET0 ESMF library build date/time: "Apr 13 2022" "02:33:29"
20220413 025009.016 INFO             PET0 ESMF library build location : /home/mpotts/gfortran_9.3.0_openmpi_g_develop
20220413 025009.016 INFO             PET0 ESMF_COMM                   : openmpi
20220413 025009.016 INFO             PET0 ESMF_MOAB                   : enabled
20220413 025009.016 INFO             PET0 ESMF_LAPACK                 : enabled
20220413 025009.016 INFO             PET0 ESMF_NETCDF                 : enabled
20220413 025009.016 INFO             PET0 ESMF_PNETCDF                : disabled
20220413 025009.016 INFO             PET0 ESMF_PIO                    : enabled
20220413 025009.016 INFO             PET0 ESMF_YAMLCPP                : enabled
20220413 025009.016 INFO             PET0  NUMBER_OF_PROCESSORS           1
20220413 025009.016 INFO             PET0  PASS  Example ESMF_TimeIntervalEx, ESMF_TimeIntervalEx.F90, line 176
20220413 025009.016 INFO             PET0 Finalizing ESMF
