build time -- 2022-04-13 02:34:24.597394
20220413 025053.927 INFO             PET0 !!!!!!!!!!!!!!!!!!!!!!!!!!!!!!!!!!!!!!!!!!!!!!!!!!!!!!
20220413 025053.927 INFO             PET0 !!! THE ESMF_LOG IS SET TO OUTPUT ALL LOG MESSAGES !!!
20220413 025053.927 INFO             PET0 !!!     THIS MAY CAUSE SLOWDOWN IN PERFORMANCE     !!!
20220413 025053.927 INFO             PET0 !!! FOR PRODUCTION RUNS, USE:                      !!!
20220413 025053.927 INFO             PET0 !!!                   ESMF_LOGKIND_Multi_On_Error  !!!
20220413 025053.927 INFO             PET0 !!!!!!!!!!!!!!!!!!!!!!!!!!!!!!!!!!!!!!!!!!!!!!!!!!!!!!
20220413 025053.927 INFO             PET0 Running with ESMF Version   : v8.3.0b12-61-g0687c4c862
20220413 025053.927 INFO             PET0 ESMF library build date/time: "Apr 13 2022" "02:33:29"
20220413 025053.927 INFO             PET0 ESMF library build location : /home/mpotts/gfortran_9.3.0_openmpi_g_develop
20220413 025053.927 INFO             PET0 ESMF_COMM                   : openmpi
20220413 025053.927 INFO             PET0 ESMF_MOAB                   : enabled
20220413 025053.927 INFO             PET0 ESMF_LAPACK                 : enabled
20220413 025053.927 INFO             PET0 ESMF_NETCDF                 : enabled
20220413 025053.927 INFO             PET0 ESMF_PNETCDF                : disabled
20220413 025053.927 INFO             PET0 ESMF_PIO                    : enabled
20220413 025053.927 INFO             PET0 ESMF_YAMLCPP                : enabled
20220413 025053.983 DEBUG            PET0 about to destroy Grid: 0x11fe450
20220413 025053.991 DEBUG            PET0 about to destroy Grid: 0x12001d0
20220413 025054.010 INFO             PET0  NUMBER_OF_PROCESSORS           4
20220413 025054.010 INFO             PET0  PASS  Example ESMF_NUOPCAtmModelEx, ESMF_NUOPCAtmModelEx.F90, line 806
20220413 025054.010 INFO             PET0 Finalizing ESMF
20220413 025053.927 INFO             PET1 !!!!!!!!!!!!!!!!!!!!!!!!!!!!!!!!!!!!!!!!!!!!!!!!!!!!!!
20220413 025053.927 INFO             PET1 !!! THE ESMF_LOG IS SET TO OUTPUT ALL LOG MESSAGES !!!
20220413 025053.927 INFO             PET1 !!!     THIS MAY CAUSE SLOWDOWN IN PERFORMANCE     !!!
20220413 025053.927 INFO             PET1 !!! FOR PRODUCTION RUNS, USE:                      !!!
20220413 025053.927 INFO             PET1 !!!                   ESMF_LOGKIND_Multi_On_Error  !!!
20220413 025053.927 INFO             PET1 !!!!!!!!!!!!!!!!!!!!!!!!!!!!!!!!!!!!!!!!!!!!!!!!!!!!!!
20220413 025053.927 INFO             PET1 Running with ESMF Version   : v8.3.0b12-61-g0687c4c862
20220413 025053.927 INFO             PET1 ESMF library build date/time: "Apr 13 2022" "02:33:29"
20220413 025053.927 INFO             PET1 ESMF library build location : /home/mpotts/gfortran_9.3.0_openmpi_g_develop
20220413 025053.927 INFO             PET1 ESMF_COMM                   : openmpi
20220413 025053.927 INFO             PET1 ESMF_MOAB                   : enabled
20220413 025053.927 INFO             PET1 ESMF_LAPACK                 : enabled
20220413 025053.927 INFO             PET1 ESMF_NETCDF                 : enabled
20220413 025053.927 INFO             PET1 ESMF_PNETCDF                : disabled
20220413 025053.927 INFO             PET1 ESMF_PIO                    : enabled
20220413 025053.927 INFO             PET1 ESMF_YAMLCPP                : enabled
20220413 025053.983 DEBUG            PET1 about to destroy Grid: 0x1855490
20220413 025053.991 DEBUG            PET1 about to destroy Grid: 0x1859b80
20220413 025054.010 INFO             PET1  NUMBER_OF_PROCESSORS           4
20220413 025054.010 INFO             PET1  PASS  Example ESMF_NUOPCAtmModelEx, ESMF_NUOPCAtmModelEx.F90, line 806
20220413 025054.010 INFO             PET1 Finalizing ESMF
20220413 025053.927 INFO             PET2 !!!!!!!!!!!!!!!!!!!!!!!!!!!!!!!!!!!!!!!!!!!!!!!!!!!!!!
20220413 025053.927 INFO             PET2 !!! THE ESMF_LOG IS SET TO OUTPUT ALL LOG MESSAGES !!!
20220413 025053.927 INFO             PET2 !!!     THIS MAY CAUSE SLOWDOWN IN PERFORMANCE     !!!
20220413 025053.927 INFO             PET2 !!! FOR PRODUCTION RUNS, USE:                      !!!
20220413 025053.927 INFO             PET2 !!!                   ESMF_LOGKIND_Multi_On_Error  !!!
20220413 025053.927 INFO             PET2 !!!!!!!!!!!!!!!!!!!!!!!!!!!!!!!!!!!!!!!!!!!!!!!!!!!!!!
20220413 025053.927 INFO             PET2 Running with ESMF Version   : v8.3.0b12-61-g0687c4c862
20220413 025053.927 INFO             PET2 ESMF library build date/time: "Apr 13 2022" "02:33:29"
20220413 025053.927 INFO             PET2 ESMF library build location : /home/mpotts/gfortran_9.3.0_openmpi_g_develop
20220413 025053.927 INFO             PET2 ESMF_COMM                   : openmpi
20220413 025053.927 INFO             PET2 ESMF_MOAB                   : enabled
20220413 025053.927 INFO             PET2 ESMF_LAPACK                 : enabled
20220413 025053.927 INFO             PET2 ESMF_NETCDF                 : enabled
20220413 025053.927 INFO             PET2 ESMF_PNETCDF                : disabled
20220413 025053.927 INFO             PET2 ESMF_PIO                    : enabled
20220413 025053.927 INFO             PET2 ESMF_YAMLCPP                : enabled
20220413 025053.983 DEBUG            PET2 about to destroy Grid: 0x14f6ad0
20220413 025053.991 DEBUG            PET2 about to destroy Grid: 0x14fb2d0
20220413 025054.010 INFO             PET2  NUMBER_OF_PROCESSORS           4
20220413 025054.010 INFO             PET2  PASS  Example ESMF_NUOPCAtmModelEx, ESMF_NUOPCAtmModelEx.F90, line 806
20220413 025054.010 INFO             PET2 Finalizing ESMF
20220413 025053.927 INFO             PET3 !!!!!!!!!!!!!!!!!!!!!!!!!!!!!!!!!!!!!!!!!!!!!!!!!!!!!!
20220413 025053.927 INFO             PET3 !!! THE ESMF_LOG IS SET TO OUTPUT ALL LOG MESSAGES !!!
20220413 025053.927 INFO             PET3 !!!     THIS MAY CAUSE SLOWDOWN IN PERFORMANCE     !!!
20220413 025053.927 INFO             PET3 !!! FOR PRODUCTION RUNS, USE:                      !!!
20220413 025053.927 INFO             PET3 !!!                   ESMF_LOGKIND_Multi_On_Error  !!!
20220413 025053.927 INFO             PET3 !!!!!!!!!!!!!!!!!!!!!!!!!!!!!!!!!!!!!!!!!!!!!!!!!!!!!!
20220413 025053.927 INFO             PET3 Running with ESMF Version   : v8.3.0b12-61-g0687c4c862
20220413 025053.927 INFO             PET3 ESMF library build date/time: "Apr 13 2022" "02:33:29"
20220413 025053.927 INFO             PET3 ESMF library build location : /home/mpotts/gfortran_9.3.0_openmpi_g_develop
20220413 025053.927 INFO             PET3 ESMF_COMM                   : openmpi
20220413 025053.927 INFO             PET3 ESMF_MOAB                   : enabled
20220413 025053.927 INFO             PET3 ESMF_LAPACK                 : enabled
20220413 025053.927 INFO             PET3 ESMF_NETCDF                 : enabled
20220413 025053.927 INFO             PET3 ESMF_PNETCDF                : disabled
20220413 025053.927 INFO             PET3 ESMF_PIO                    : enabled
20220413 025053.927 INFO             PET3 ESMF_YAMLCPP                : enabled
20220413 025053.983 DEBUG            PET3 about to destroy Grid: 0x25dcb60
20220413 025053.991 DEBUG            PET3 about to destroy Grid: 0x25e1360
20220413 025054.010 INFO             PET3  NUMBER_OF_PROCESSORS           4
20220413 025054.010 INFO             PET3  PASS  Example ESMF_NUOPCAtmModelEx, ESMF_NUOPCAtmModelEx.F90, line 806
20220413 025054.010 INFO             PET3 Finalizing ESMF
