build time -- 2022-05-08 06:01:28
20220508 062337.504 INFO             PET0 !!!!!!!!!!!!!!!!!!!!!!!!!!!!!!!!!!!!!!!!!!!!!!!!!!!!!!
20220508 062337.504 INFO             PET0 !!! THE ESMF_LOG IS SET TO OUTPUT ALL LOG MESSAGES !!!
20220508 062337.504 INFO             PET0 !!!     THIS MAY CAUSE SLOWDOWN IN PERFORMANCE     !!!
20220508 062337.504 INFO             PET0 !!! FOR PRODUCTION RUNS, USE:                      !!!
20220508 062337.504 INFO             PET0 !!!                   ESMF_LOGKIND_Multi_On_Error  !!!
20220508 062337.504 INFO             PET0 !!!!!!!!!!!!!!!!!!!!!!!!!!!!!!!!!!!!!!!!!!!!!!!!!!!!!!
20220508 062337.504 INFO             PET0 Running with ESMF Version   : v8.3.0b14-2-gde129fc120
20220508 062337.504 INFO             PET0 ESMF library build date/time: "May  8 2022" "05:59:50"
20220508 062337.504 INFO             PET0 ESMF library build location : /scratch1/NCEPDEV/stmp2/role.esmfmaint/intel_18.0.5a_mpiuni_O_develop
20220508 062337.504 INFO             PET0 ESMF_COMM                   : mpiuni
20220508 062337.505 INFO             PET0 ESMF_MOAB                   : enabled
20220508 062337.505 INFO             PET0 ESMF_LAPACK                 : enabled
20220508 062337.505 INFO             PET0 ESMF_NETCDF                 : enabled
20220508 062337.505 INFO             PET0 ESMF_PNETCDF                : disabled
20220508 062337.505 INFO             PET0 ESMF_PIO                    : disabled
20220508 062337.505 INFO             PET0 ESMF_YAMLCPP                : enabled
20220508 062337.534 DEBUG            PET0 about to destroy Grid: 0x19aa500
20220508 062337.537 DEBUG            PET0 about to destroy Grid: 0x19acb30
20220508 062337.546 INFO             PET0  NUMBER_OF_PROCESSORS           1
20220508 062337.546 INFO             PET0  PASS  Example ESMF_NUOPCAtmModelEx, ESMF_NUOPCAtmModelEx.F90, line 806
20220508 062337.546 INFO             PET0 Finalizing ESMF
