build time -- 2022-05-13 06:03:14
20220513 062429.624 INFO             PET0 !!!!!!!!!!!!!!!!!!!!!!!!!!!!!!!!!!!!!!!!!!!!!!!!!!!!!!
20220513 062429.624 INFO             PET0 !!! THE ESMF_LOG IS SET TO OUTPUT ALL LOG MESSAGES !!!
20220513 062429.624 INFO             PET0 !!!     THIS MAY CAUSE SLOWDOWN IN PERFORMANCE     !!!
20220513 062429.624 INFO             PET0 !!! FOR PRODUCTION RUNS, USE:                      !!!
20220513 062429.624 INFO             PET0 !!!                   ESMF_LOGKIND_Multi_On_Error  !!!
20220513 062429.624 INFO             PET0 !!!!!!!!!!!!!!!!!!!!!!!!!!!!!!!!!!!!!!!!!!!!!!!!!!!!!!
20220513 062429.624 INFO             PET0 Running with ESMF Version   : v8.3.0b14-2-gde129fc120
20220513 062429.624 INFO             PET0 ESMF library build date/time: "May 13 2022" "06:01:36"
20220513 062429.624 INFO             PET0 ESMF library build location : /scratch1/NCEPDEV/stmp2/role.esmfmaint/intel_18.0.5a_mpiuni_O_develop
20220513 062429.624 INFO             PET0 ESMF_COMM                   : mpiuni
20220513 062429.625 INFO             PET0 ESMF_MOAB                   : enabled
20220513 062429.625 INFO             PET0 ESMF_LAPACK                 : enabled
20220513 062429.625 INFO             PET0 ESMF_NETCDF                 : enabled
20220513 062429.625 INFO             PET0 ESMF_PNETCDF                : disabled
20220513 062429.625 INFO             PET0 ESMF_PIO                    : disabled
20220513 062429.625 INFO             PET0 ESMF_YAMLCPP                : enabled
20220513 062429.627 INFO             PET0 ESMF_FieldRedistStoreNF(): Just entered routine.
20220513 062429.714 INFO             PET0 ESMF_FieldRedistStoreNF(): Leaving routine.
20220513 062429.729 INFO             PET0  NUMBER_OF_PROCESSORS           1
20220513 062429.730 INFO             PET0  PASS  Example ESMF_RHandleFromFileEx, ESMF_RHandleFromFileEx.F90, line 192
20220513 062429.730 INFO             PET0 Finalizing ESMF
