build time -- 2022-05-17 06:52:37
20220517 071827.750 INFO             PET0 !!!!!!!!!!!!!!!!!!!!!!!!!!!!!!!!!!!!!!!!!!!!!!!!!!!!!!
20220517 071827.750 INFO             PET0 !!! THE ESMF_LOG IS SET TO OUTPUT ALL LOG MESSAGES !!!
20220517 071827.750 INFO             PET0 !!!     THIS MAY CAUSE SLOWDOWN IN PERFORMANCE     !!!
20220517 071827.750 INFO             PET0 !!! FOR PRODUCTION RUNS, USE:                      !!!
20220517 071827.750 INFO             PET0 !!!                   ESMF_LOGKIND_Multi_On_Error  !!!
20220517 071827.750 INFO             PET0 !!!!!!!!!!!!!!!!!!!!!!!!!!!!!!!!!!!!!!!!!!!!!!!!!!!!!!
20220517 071827.750 INFO             PET0 Running with ESMF Version   : v8.3.0b14-2-gde129fc120
20220517 071827.750 INFO             PET0 ESMF library build date/time: "May 17 2022" "06:50:56"
20220517 071827.750 INFO             PET0 ESMF library build location : /scratch1/NCEPDEV/stmp2/role.esmfmaint/intel_18.0.5a_mpiuni_O_develop
20220517 071827.750 INFO             PET0 ESMF_COMM                   : mpiuni
20220517 071827.751 INFO             PET0 ESMF_MOAB                   : enabled
20220517 071827.751 INFO             PET0 ESMF_LAPACK                 : enabled
20220517 071827.751 INFO             PET0 ESMF_NETCDF                 : enabled
20220517 071827.751 INFO             PET0 ESMF_PNETCDF                : disabled
20220517 071827.751 INFO             PET0 ESMF_PIO                    : disabled
20220517 071827.751 INFO             PET0 ESMF_YAMLCPP                : enabled
20220517 071827.752 INFO             PET0  NUMBER_OF_PROCESSORS           1
20220517 071827.752 INFO             PET0  PASS  Example ESMF_VMDefaultBasicsEx, ESMF_VMDefaultBasicsEx.F90, line 107
20220517 071827.752 INFO             PET0 Finalizing ESMF
