build time -- 2022-05-24 01:16:56.832859
20220524 014225.624 INFO             PET0 !!!!!!!!!!!!!!!!!!!!!!!!!!!!!!!!!!!!!!!!!!!!!!!!!!!!!!
20220524 014225.624 INFO             PET0 !!! THE ESMF_LOG IS SET TO OUTPUT ALL LOG MESSAGES !!!
20220524 014225.624 INFO             PET0 !!!     THIS MAY CAUSE SLOWDOWN IN PERFORMANCE     !!!
20220524 014225.624 INFO             PET0 !!! FOR PRODUCTION RUNS, USE:                      !!!
20220524 014225.624 INFO             PET0 !!!                   ESMF_LOGKIND_Multi_On_Error  !!!
20220524 014225.624 INFO             PET0 !!!!!!!!!!!!!!!!!!!!!!!!!!!!!!!!!!!!!!!!!!!!!!!!!!!!!!
20220524 014225.624 INFO             PET0 Running with ESMF Version   : v8.3.0b16-3-gc2b47388e1
20220524 014225.624 INFO             PET0 ESMF library build date/time: "May 24 2022" "01:15:38"
20220524 014225.624 INFO             PET0 ESMF library build location : /gpfsm/dnb04/projects/p98/mpotts/esmf/gfortran_10.1.0_intelmpi_O_release_8.3.0
20220524 014225.624 INFO             PET0 ESMF_COMM                   : intelmpi
20220524 014225.625 INFO             PET0 ESMF_MOAB                   : enabled
20220524 014225.625 INFO             PET0 ESMF_LAPACK                 : enabled
20220524 014225.625 INFO             PET0 ESMF_NETCDF                 : disabled
20220524 014225.625 INFO             PET0 ESMF_PNETCDF                : disabled
20220524 014225.625 INFO             PET0 ESMF_PIO                    : disabled
20220524 014225.625 INFO             PET0 ESMF_YAMLCPP                : enabled
20220524 014225.627 INFO             PET0  NUMBER_OF_PROCESSORS           1
20220524 014225.627 INFO             PET0  PASS  Example ESMF_XGridSparseMatEx, ESMF_XGridSparseMatEx.F90, line 642
20220524 014225.627 INFO             PET0 Finalizing ESMF
