build time -- 2022-05-29 01:13:52.957734
20220529 013807.484 INFO             PET0 !!!!!!!!!!!!!!!!!!!!!!!!!!!!!!!!!!!!!!!!!!!!!!!!!!!!!!
20220529 013807.484 INFO             PET0 !!! THE ESMF_LOG IS SET TO OUTPUT ALL LOG MESSAGES !!!
20220529 013807.484 INFO             PET0 !!!     THIS MAY CAUSE SLOWDOWN IN PERFORMANCE     !!!
20220529 013807.484 INFO             PET0 !!! FOR PRODUCTION RUNS, USE:                      !!!
20220529 013807.484 INFO             PET0 !!!                   ESMF_LOGKIND_Multi_On_Error  !!!
20220529 013807.484 INFO             PET0 !!!!!!!!!!!!!!!!!!!!!!!!!!!!!!!!!!!!!!!!!!!!!!!!!!!!!!
20220529 013807.484 INFO             PET0 Running with ESMF Version   : v8.3.0b16-3-gc2b47388e1
20220529 013807.484 INFO             PET0 ESMF library build date/time: "May 29 2022" "01:12:43"
20220529 013807.484 INFO             PET0 ESMF library build location : /gpfsm/dnb04/projects/p98/mpotts/esmf/gfortran_10.1.0_intelmpi_O_release_8.3.0
20220529 013807.484 INFO             PET0 ESMF_COMM                   : intelmpi
20220529 013807.484 INFO             PET0 ESMF_MOAB                   : enabled
20220529 013807.484 INFO             PET0 ESMF_LAPACK                 : enabled
20220529 013807.484 INFO             PET0 ESMF_NETCDF                 : disabled
20220529 013807.484 INFO             PET0 ESMF_PNETCDF                : disabled
20220529 013807.484 INFO             PET0 ESMF_PIO                    : disabled
20220529 013807.484 INFO             PET0 ESMF_YAMLCPP                : enabled
20220529 013807.519 DEBUG            PET0 about to destroy Grid: 0x8f8380
20220529 013807.522 DEBUG            PET0 about to destroy Grid: 0x8f9cd0
20220529 013807.532 INFO             PET0  NUMBER_OF_PROCESSORS           4
20220529 013807.532 INFO             PET0  PASS  Example ESMF_NUOPCAtmModelEx, ESMF_NUOPCAtmModelEx.F90, line 806
20220529 013807.532 INFO             PET0 Finalizing ESMF
20220529 013807.484 INFO             PET1 !!!!!!!!!!!!!!!!!!!!!!!!!!!!!!!!!!!!!!!!!!!!!!!!!!!!!!
20220529 013807.484 INFO             PET1 !!! THE ESMF_LOG IS SET TO OUTPUT ALL LOG MESSAGES !!!
20220529 013807.484 INFO             PET1 !!!     THIS MAY CAUSE SLOWDOWN IN PERFORMANCE     !!!
20220529 013807.484 INFO             PET1 !!! FOR PRODUCTION RUNS, USE:                      !!!
20220529 013807.484 INFO             PET1 !!!                   ESMF_LOGKIND_Multi_On_Error  !!!
20220529 013807.484 INFO             PET1 !!!!!!!!!!!!!!!!!!!!!!!!!!!!!!!!!!!!!!!!!!!!!!!!!!!!!!
20220529 013807.484 INFO             PET1 Running with ESMF Version   : v8.3.0b16-3-gc2b47388e1
20220529 013807.484 INFO             PET1 ESMF library build date/time: "May 29 2022" "01:12:43"
20220529 013807.484 INFO             PET1 ESMF library build location : /gpfsm/dnb04/projects/p98/mpotts/esmf/gfortran_10.1.0_intelmpi_O_release_8.3.0
20220529 013807.484 INFO             PET1 ESMF_COMM                   : intelmpi
20220529 013807.484 INFO             PET1 ESMF_MOAB                   : enabled
20220529 013807.484 INFO             PET1 ESMF_LAPACK                 : enabled
20220529 013807.484 INFO             PET1 ESMF_NETCDF                 : disabled
20220529 013807.484 INFO             PET1 ESMF_PNETCDF                : disabled
20220529 013807.484 INFO             PET1 ESMF_PIO                    : disabled
20220529 013807.484 INFO             PET1 ESMF_YAMLCPP                : enabled
20220529 013807.519 DEBUG            PET1 about to destroy Grid: 0x8f8750
20220529 013807.522 DEBUG            PET1 about to destroy Grid: 0x8f9990
20220529 013807.532 INFO             PET1  NUMBER_OF_PROCESSORS           4
20220529 013807.532 INFO             PET1  PASS  Example ESMF_NUOPCAtmModelEx, ESMF_NUOPCAtmModelEx.F90, line 806
20220529 013807.532 INFO             PET1 Finalizing ESMF
20220529 013807.484 INFO             PET2 !!!!!!!!!!!!!!!!!!!!!!!!!!!!!!!!!!!!!!!!!!!!!!!!!!!!!!
20220529 013807.484 INFO             PET2 !!! THE ESMF_LOG IS SET TO OUTPUT ALL LOG MESSAGES !!!
20220529 013807.484 INFO             PET2 !!!     THIS MAY CAUSE SLOWDOWN IN PERFORMANCE     !!!
20220529 013807.484 INFO             PET2 !!! FOR PRODUCTION RUNS, USE:                      !!!
20220529 013807.484 INFO             PET2 !!!                   ESMF_LOGKIND_Multi_On_Error  !!!
20220529 013807.484 INFO             PET2 !!!!!!!!!!!!!!!!!!!!!!!!!!!!!!!!!!!!!!!!!!!!!!!!!!!!!!
20220529 013807.484 INFO             PET2 Running with ESMF Version   : v8.3.0b16-3-gc2b47388e1
20220529 013807.484 INFO             PET2 ESMF library build date/time: "May 29 2022" "01:12:43"
20220529 013807.484 INFO             PET2 ESMF library build location : /gpfsm/dnb04/projects/p98/mpotts/esmf/gfortran_10.1.0_intelmpi_O_release_8.3.0
20220529 013807.484 INFO             PET2 ESMF_COMM                   : intelmpi
20220529 013807.484 INFO             PET2 ESMF_MOAB                   : enabled
20220529 013807.484 INFO             PET2 ESMF_LAPACK                 : enabled
20220529 013807.484 INFO             PET2 ESMF_NETCDF                 : disabled
20220529 013807.484 INFO             PET2 ESMF_PNETCDF                : disabled
20220529 013807.484 INFO             PET2 ESMF_PIO                    : disabled
20220529 013807.484 INFO             PET2 ESMF_YAMLCPP                : enabled
20220529 013807.519 DEBUG            PET2 about to destroy Grid: 0x8f7f40
20220529 013807.522 DEBUG            PET2 about to destroy Grid: 0x8f9450
20220529 013807.532 INFO             PET2  NUMBER_OF_PROCESSORS           4
20220529 013807.532 INFO             PET2  PASS  Example ESMF_NUOPCAtmModelEx, ESMF_NUOPCAtmModelEx.F90, line 806
20220529 013807.532 INFO             PET2 Finalizing ESMF
20220529 013807.484 INFO             PET3 !!!!!!!!!!!!!!!!!!!!!!!!!!!!!!!!!!!!!!!!!!!!!!!!!!!!!!
20220529 013807.484 INFO             PET3 !!! THE ESMF_LOG IS SET TO OUTPUT ALL LOG MESSAGES !!!
20220529 013807.484 INFO             PET3 !!!     THIS MAY CAUSE SLOWDOWN IN PERFORMANCE     !!!
20220529 013807.484 INFO             PET3 !!! FOR PRODUCTION RUNS, USE:                      !!!
20220529 013807.484 INFO             PET3 !!!                   ESMF_LOGKIND_Multi_On_Error  !!!
20220529 013807.484 INFO             PET3 !!!!!!!!!!!!!!!!!!!!!!!!!!!!!!!!!!!!!!!!!!!!!!!!!!!!!!
20220529 013807.484 INFO             PET3 Running with ESMF Version   : v8.3.0b16-3-gc2b47388e1
20220529 013807.484 INFO             PET3 ESMF library build date/time: "May 29 2022" "01:12:43"
20220529 013807.484 INFO             PET3 ESMF library build location : /gpfsm/dnb04/projects/p98/mpotts/esmf/gfortran_10.1.0_intelmpi_O_release_8.3.0
20220529 013807.484 INFO             PET3 ESMF_COMM                   : intelmpi
20220529 013807.484 INFO             PET3 ESMF_MOAB                   : enabled
20220529 013807.484 INFO             PET3 ESMF_LAPACK                 : enabled
20220529 013807.484 INFO             PET3 ESMF_NETCDF                 : disabled
20220529 013807.484 INFO             PET3 ESMF_PNETCDF                : disabled
20220529 013807.484 INFO             PET3 ESMF_PIO                    : disabled
20220529 013807.484 INFO             PET3 ESMF_YAMLCPP                : enabled
20220529 013807.519 DEBUG            PET3 about to destroy Grid: 0x8f7f80
20220529 013807.522 DEBUG            PET3 about to destroy Grid: 0x8f91c0
20220529 013807.532 INFO             PET3  NUMBER_OF_PROCESSORS           4
20220529 013807.532 INFO             PET3  PASS  Example ESMF_NUOPCAtmModelEx, ESMF_NUOPCAtmModelEx.F90, line 806
20220529 013807.532 INFO             PET3 Finalizing ESMF
