build time -- 2022-06-08 10:48:29
20220608 111346.401 INFO             PET0 !!!!!!!!!!!!!!!!!!!!!!!!!!!!!!!!!!!!!!!!!!!!!!!!!!!!!!
20220608 111346.402 INFO             PET0 !!! THE ESMF_LOG IS SET TO OUTPUT ALL LOG MESSAGES !!!
20220608 111346.402 INFO             PET0 !!!     THIS MAY CAUSE SLOWDOWN IN PERFORMANCE     !!!
20220608 111346.402 INFO             PET0 !!! FOR PRODUCTION RUNS, USE:                      !!!
20220608 111346.402 INFO             PET0 !!!                   ESMF_LOGKIND_Multi_On_Error  !!!
20220608 111346.402 INFO             PET0 !!!!!!!!!!!!!!!!!!!!!!!!!!!!!!!!!!!!!!!!!!!!!!!!!!!!!!
20220608 111346.402 INFO             PET0 Running with ESMF Version   : v8.3.0
20220608 111346.402 INFO             PET0 ESMF library build date/time: "Jun  8 2022" "10:46:47"
20220608 111346.402 INFO             PET0 ESMF library build location : /Volumes/esmf/esmf-testing/gfortran_11.2.0_openmpi_g_v8.3.0
20220608 111346.402 INFO             PET0 ESMF_COMM                   : openmpi
20220608 111346.402 INFO             PET0 ESMF_MOAB                   : enabled
20220608 111346.402 INFO             PET0 ESMF_LAPACK                 : enabled
20220608 111346.402 INFO             PET0 ESMF_NETCDF                 : enabled
20220608 111346.402 INFO             PET0 ESMF_PNETCDF                : disabled
20220608 111346.402 INFO             PET0 ESMF_PIO                    : enabled
20220608 111346.402 INFO             PET0 ESMF_YAMLCPP                : enabled
20220608 111346.524 DEBUG            PET0 about to destroy Grid: 0x7fc67900ae00
20220608 111346.537 DEBUG            PET0 about to destroy Grid: 0x7fc679011000
20220608 111346.572 INFO             PET0  NUMBER_OF_PROCESSORS           4
20220608 111346.572 INFO             PET0  PASS  Example ESMF_NUOPCAtmModelEx, ESMF_NUOPCAtmModelEx.F90, line 806
20220608 111346.572 INFO             PET0 Finalizing ESMF
20220608 111346.401 INFO             PET1 !!!!!!!!!!!!!!!!!!!!!!!!!!!!!!!!!!!!!!!!!!!!!!!!!!!!!!
20220608 111346.402 INFO             PET1 !!! THE ESMF_LOG IS SET TO OUTPUT ALL LOG MESSAGES !!!
20220608 111346.402 INFO             PET1 !!!     THIS MAY CAUSE SLOWDOWN IN PERFORMANCE     !!!
20220608 111346.402 INFO             PET1 !!! FOR PRODUCTION RUNS, USE:                      !!!
20220608 111346.402 INFO             PET1 !!!                   ESMF_LOGKIND_Multi_On_Error  !!!
20220608 111346.402 INFO             PET1 !!!!!!!!!!!!!!!!!!!!!!!!!!!!!!!!!!!!!!!!!!!!!!!!!!!!!!
20220608 111346.402 INFO             PET1 Running with ESMF Version   : v8.3.0
20220608 111346.402 INFO             PET1 ESMF library build date/time: "Jun  8 2022" "10:46:47"
20220608 111346.402 INFO             PET1 ESMF library build location : /Volumes/esmf/esmf-testing/gfortran_11.2.0_openmpi_g_v8.3.0
20220608 111346.402 INFO             PET1 ESMF_COMM                   : openmpi
20220608 111346.402 INFO             PET1 ESMF_MOAB                   : enabled
20220608 111346.402 INFO             PET1 ESMF_LAPACK                 : enabled
20220608 111346.402 INFO             PET1 ESMF_NETCDF                 : enabled
20220608 111346.402 INFO             PET1 ESMF_PNETCDF                : disabled
20220608 111346.402 INFO             PET1 ESMF_PIO                    : enabled
20220608 111346.402 INFO             PET1 ESMF_YAMLCPP                : enabled
20220608 111346.524 DEBUG            PET1 about to destroy Grid: 0x7f8bd1008e00
20220608 111346.537 DEBUG            PET1 about to destroy Grid: 0x7f8bd100f000
20220608 111346.572 INFO             PET1  NUMBER_OF_PROCESSORS           4
20220608 111346.572 INFO             PET1  PASS  Example ESMF_NUOPCAtmModelEx, ESMF_NUOPCAtmModelEx.F90, line 806
20220608 111346.572 INFO             PET1 Finalizing ESMF
20220608 111346.401 INFO             PET2 !!!!!!!!!!!!!!!!!!!!!!!!!!!!!!!!!!!!!!!!!!!!!!!!!!!!!!
20220608 111346.402 INFO             PET2 !!! THE ESMF_LOG IS SET TO OUTPUT ALL LOG MESSAGES !!!
20220608 111346.402 INFO             PET2 !!!     THIS MAY CAUSE SLOWDOWN IN PERFORMANCE     !!!
20220608 111346.402 INFO             PET2 !!! FOR PRODUCTION RUNS, USE:                      !!!
20220608 111346.402 INFO             PET2 !!!                   ESMF_LOGKIND_Multi_On_Error  !!!
20220608 111346.402 INFO             PET2 !!!!!!!!!!!!!!!!!!!!!!!!!!!!!!!!!!!!!!!!!!!!!!!!!!!!!!
20220608 111346.402 INFO             PET2 Running with ESMF Version   : v8.3.0
20220608 111346.402 INFO             PET2 ESMF library build date/time: "Jun  8 2022" "10:46:47"
20220608 111346.402 INFO             PET2 ESMF library build location : /Volumes/esmf/esmf-testing/gfortran_11.2.0_openmpi_g_v8.3.0
20220608 111346.402 INFO             PET2 ESMF_COMM                   : openmpi
20220608 111346.402 INFO             PET2 ESMF_MOAB                   : enabled
20220608 111346.402 INFO             PET2 ESMF_LAPACK                 : enabled
20220608 111346.402 INFO             PET2 ESMF_NETCDF                 : enabled
20220608 111346.402 INFO             PET2 ESMF_PNETCDF                : disabled
20220608 111346.402 INFO             PET2 ESMF_PIO                    : enabled
20220608 111346.402 INFO             PET2 ESMF_YAMLCPP                : enabled
20220608 111346.524 DEBUG            PET2 about to destroy Grid: 0x7fc121057400
20220608 111346.537 DEBUG            PET2 about to destroy Grid: 0x7fc12105b400
20220608 111346.572 INFO             PET2  NUMBER_OF_PROCESSORS           4
20220608 111346.572 INFO             PET2  PASS  Example ESMF_NUOPCAtmModelEx, ESMF_NUOPCAtmModelEx.F90, line 806
20220608 111346.572 INFO             PET2 Finalizing ESMF
20220608 111346.401 INFO             PET3 !!!!!!!!!!!!!!!!!!!!!!!!!!!!!!!!!!!!!!!!!!!!!!!!!!!!!!
20220608 111346.402 INFO             PET3 !!! THE ESMF_LOG IS SET TO OUTPUT ALL LOG MESSAGES !!!
20220608 111346.402 INFO             PET3 !!!     THIS MAY CAUSE SLOWDOWN IN PERFORMANCE     !!!
20220608 111346.402 INFO             PET3 !!! FOR PRODUCTION RUNS, USE:                      !!!
20220608 111346.402 INFO             PET3 !!!                   ESMF_LOGKIND_Multi_On_Error  !!!
20220608 111346.402 INFO             PET3 !!!!!!!!!!!!!!!!!!!!!!!!!!!!!!!!!!!!!!!!!!!!!!!!!!!!!!
20220608 111346.402 INFO             PET3 Running with ESMF Version   : v8.3.0
20220608 111346.402 INFO             PET3 ESMF library build date/time: "Jun  8 2022" "10:46:47"
20220608 111346.402 INFO             PET3 ESMF library build location : /Volumes/esmf/esmf-testing/gfortran_11.2.0_openmpi_g_v8.3.0
20220608 111346.402 INFO             PET3 ESMF_COMM                   : openmpi
20220608 111346.402 INFO             PET3 ESMF_MOAB                   : enabled
20220608 111346.402 INFO             PET3 ESMF_LAPACK                 : enabled
20220608 111346.402 INFO             PET3 ESMF_NETCDF                 : enabled
20220608 111346.402 INFO             PET3 ESMF_PNETCDF                : disabled
20220608 111346.402 INFO             PET3 ESMF_PIO                    : enabled
20220608 111346.402 INFO             PET3 ESMF_YAMLCPP                : enabled
20220608 111346.524 DEBUG            PET3 about to destroy Grid: 0x7f8e71843000
20220608 111346.537 DEBUG            PET3 about to destroy Grid: 0x7f8e7184d600
20220608 111346.572 INFO             PET3  NUMBER_OF_PROCESSORS           4
20220608 111346.572 INFO             PET3  PASS  Example ESMF_NUOPCAtmModelEx, ESMF_NUOPCAtmModelEx.F90, line 806
20220608 111346.572 INFO             PET3 Finalizing ESMF
