build time -- 2022-04-26 02:31:00
20220426 030045.950 INFO             PET0 !!!!!!!!!!!!!!!!!!!!!!!!!!!!!!!!!!!!!!!!!!!!!!!!!!!!!!
20220426 030045.951 INFO             PET0 !!! THE ESMF_LOG IS SET TO OUTPUT ALL LOG MESSAGES !!!
20220426 030045.951 INFO             PET0 !!!     THIS MAY CAUSE SLOWDOWN IN PERFORMANCE     !!!
20220426 030045.951 INFO             PET0 !!! FOR PRODUCTION RUNS, USE:                      !!!
20220426 030045.951 INFO             PET0 !!!                   ESMF_LOGKIND_Multi_On_Error  !!!
20220426 030045.951 INFO             PET0 !!!!!!!!!!!!!!!!!!!!!!!!!!!!!!!!!!!!!!!!!!!!!!!!!!!!!!
20220426 030045.951 INFO             PET0 Running with ESMF Version   : v8.3.0b13
20220426 030045.951 INFO             PET0 ESMF library build date/time: "Apr 26 2022" "02:29:41"
20220426 030045.951 INFO             PET0 ESMF library build location : /work/noaa/da/mpotts/sandbox/gfortran_8.3.0_openmpi_g_develop
20220426 030045.951 INFO             PET0 ESMF_COMM                   : openmpi
20220426 030045.951 INFO             PET0 ESMF_MOAB                   : enabled
20220426 030045.951 INFO             PET0 ESMF_LAPACK                 : enabled
20220426 030045.951 INFO             PET0 ESMF_NETCDF                 : enabled
20220426 030045.951 INFO             PET0 ESMF_PNETCDF                : disabled
20220426 030045.951 INFO             PET0 ESMF_PIO                    : enabled
20220426 030045.951 INFO             PET0 ESMF_YAMLCPP                : enabled
20220426 030045.958 INFO             PET0  NUMBER_OF_PROCESSORS           1
20220426 030045.958 INFO             PET0  PASS  Example ESMF_XGridSparseMatEx, ESMF_XGridSparseMatEx.F90, line 642
20220426 030045.958 INFO             PET0 Finalizing ESMF
