build time -- 2022-04-24 02:30:04
20220424 025534.854 INFO             PET0 !!!!!!!!!!!!!!!!!!!!!!!!!!!!!!!!!!!!!!!!!!!!!!!!!!!!!!
20220424 025534.854 INFO             PET0 !!! THE ESMF_LOG IS SET TO OUTPUT ALL LOG MESSAGES !!!
20220424 025534.854 INFO             PET0 !!!     THIS MAY CAUSE SLOWDOWN IN PERFORMANCE     !!!
20220424 025534.854 INFO             PET0 !!! FOR PRODUCTION RUNS, USE:                      !!!
20220424 025534.854 INFO             PET0 !!!                   ESMF_LOGKIND_Multi_On_Error  !!!
20220424 025534.854 INFO             PET0 !!!!!!!!!!!!!!!!!!!!!!!!!!!!!!!!!!!!!!!!!!!!!!!!!!!!!!
20220424 025534.854 INFO             PET0 Running with ESMF Version   : v8.3.0b13
20220424 025534.854 INFO             PET0 ESMF library build date/time: "Apr 24 2022" "02:28:49"
20220424 025534.854 INFO             PET0 ESMF library build location : /work/noaa/da/mpotts/sandbox/gfortran_8.3.0_openmpi_g_develop
20220424 025534.854 INFO             PET0 ESMF_COMM                   : openmpi
20220424 025534.855 INFO             PET0 ESMF_MOAB                   : enabled
20220424 025534.855 INFO             PET0 ESMF_LAPACK                 : enabled
20220424 025534.855 INFO             PET0 ESMF_NETCDF                 : enabled
20220424 025534.855 INFO             PET0 ESMF_PNETCDF                : disabled
20220424 025534.855 INFO             PET0 ESMF_PIO                    : enabled
20220424 025534.855 INFO             PET0 ESMF_YAMLCPP                : enabled
20220424 025534.864 INFO             PET0 ESMF_FieldRedistStoreNF(): Just entered routine.
20220424 025535.083 INFO             PET0 ESMF_FieldRedistStoreNF(): Leaving routine.
20220424 025535.091 INFO             PET0  NUMBER_OF_PROCESSORS           4
20220424 025535.091 INFO             PET0  PASS  Example ESMF_RHandleFromFileEx, ESMF_RHandleFromFileEx.F90, line 192
20220424 025535.091 INFO             PET0 Finalizing ESMF
20220424 025534.858 INFO             PET1 !!!!!!!!!!!!!!!!!!!!!!!!!!!!!!!!!!!!!!!!!!!!!!!!!!!!!!
20220424 025534.858 INFO             PET1 !!! THE ESMF_LOG IS SET TO OUTPUT ALL LOG MESSAGES !!!
20220424 025534.858 INFO             PET1 !!!     THIS MAY CAUSE SLOWDOWN IN PERFORMANCE     !!!
20220424 025534.858 INFO             PET1 !!! FOR PRODUCTION RUNS, USE:                      !!!
20220424 025534.858 INFO             PET1 !!!                   ESMF_LOGKIND_Multi_On_Error  !!!
20220424 025534.858 INFO             PET1 !!!!!!!!!!!!!!!!!!!!!!!!!!!!!!!!!!!!!!!!!!!!!!!!!!!!!!
20220424 025534.858 INFO             PET1 Running with ESMF Version   : v8.3.0b13
20220424 025534.858 INFO             PET1 ESMF library build date/time: "Apr 24 2022" "02:28:49"
20220424 025534.858 INFO             PET1 ESMF library build location : /work/noaa/da/mpotts/sandbox/gfortran_8.3.0_openmpi_g_develop
20220424 025534.858 INFO             PET1 ESMF_COMM                   : openmpi
20220424 025534.860 INFO             PET1 ESMF_MOAB                   : enabled
20220424 025534.860 INFO             PET1 ESMF_LAPACK                 : enabled
20220424 025534.860 INFO             PET1 ESMF_NETCDF                 : enabled
20220424 025534.860 INFO             PET1 ESMF_PNETCDF                : disabled
20220424 025534.860 INFO             PET1 ESMF_PIO                    : enabled
20220424 025534.860 INFO             PET1 ESMF_YAMLCPP                : enabled
20220424 025534.863 INFO             PET1 ESMF_FieldRedistStoreNF(): Just entered routine.
20220424 025535.083 INFO             PET1 ESMF_FieldRedistStoreNF(): Leaving routine.
20220424 025535.091 INFO             PET1  NUMBER_OF_PROCESSORS           4
20220424 025535.091 INFO             PET1  PASS  Example ESMF_RHandleFromFileEx, ESMF_RHandleFromFileEx.F90, line 192
20220424 025535.091 INFO             PET1 Finalizing ESMF
20220424 025534.854 INFO             PET2 !!!!!!!!!!!!!!!!!!!!!!!!!!!!!!!!!!!!!!!!!!!!!!!!!!!!!!
20220424 025534.854 INFO             PET2 !!! THE ESMF_LOG IS SET TO OUTPUT ALL LOG MESSAGES !!!
20220424 025534.854 INFO             PET2 !!!     THIS MAY CAUSE SLOWDOWN IN PERFORMANCE     !!!
20220424 025534.854 INFO             PET2 !!! FOR PRODUCTION RUNS, USE:                      !!!
20220424 025534.854 INFO             PET2 !!!                   ESMF_LOGKIND_Multi_On_Error  !!!
20220424 025534.854 INFO             PET2 !!!!!!!!!!!!!!!!!!!!!!!!!!!!!!!!!!!!!!!!!!!!!!!!!!!!!!
20220424 025534.854 INFO             PET2 Running with ESMF Version   : v8.3.0b13
20220424 025534.854 INFO             PET2 ESMF library build date/time: "Apr 24 2022" "02:28:49"
20220424 025534.854 INFO             PET2 ESMF library build location : /work/noaa/da/mpotts/sandbox/gfortran_8.3.0_openmpi_g_develop
20220424 025534.854 INFO             PET2 ESMF_COMM                   : openmpi
20220424 025534.855 INFO             PET2 ESMF_MOAB                   : enabled
20220424 025534.855 INFO             PET2 ESMF_LAPACK                 : enabled
20220424 025534.855 INFO             PET2 ESMF_NETCDF                 : enabled
20220424 025534.855 INFO             PET2 ESMF_PNETCDF                : disabled
20220424 025534.855 INFO             PET2 ESMF_PIO                    : enabled
20220424 025534.855 INFO             PET2 ESMF_YAMLCPP                : enabled
20220424 025534.863 INFO             PET2 ESMF_FieldRedistStoreNF(): Just entered routine.
20220424 025535.083 INFO             PET2 ESMF_FieldRedistStoreNF(): Leaving routine.
20220424 025535.091 INFO             PET2  NUMBER_OF_PROCESSORS           4
20220424 025535.091 INFO             PET2  PASS  Example ESMF_RHandleFromFileEx, ESMF_RHandleFromFileEx.F90, line 192
20220424 025535.091 INFO             PET2 Finalizing ESMF
20220424 025534.854 INFO             PET3 !!!!!!!!!!!!!!!!!!!!!!!!!!!!!!!!!!!!!!!!!!!!!!!!!!!!!!
20220424 025534.854 INFO             PET3 !!! THE ESMF_LOG IS SET TO OUTPUT ALL LOG MESSAGES !!!
20220424 025534.854 INFO             PET3 !!!     THIS MAY CAUSE SLOWDOWN IN PERFORMANCE     !!!
20220424 025534.854 INFO             PET3 !!! FOR PRODUCTION RUNS, USE:                      !!!
20220424 025534.854 INFO             PET3 !!!                   ESMF_LOGKIND_Multi_On_Error  !!!
20220424 025534.854 INFO             PET3 !!!!!!!!!!!!!!!!!!!!!!!!!!!!!!!!!!!!!!!!!!!!!!!!!!!!!!
20220424 025534.854 INFO             PET3 Running with ESMF Version   : v8.3.0b13
20220424 025534.854 INFO             PET3 ESMF library build date/time: "Apr 24 2022" "02:28:49"
20220424 025534.854 INFO             PET3 ESMF library build location : /work/noaa/da/mpotts/sandbox/gfortran_8.3.0_openmpi_g_develop
20220424 025534.854 INFO             PET3 ESMF_COMM                   : openmpi
20220424 025534.854 INFO             PET3 ESMF_MOAB                   : enabled
20220424 025534.854 INFO             PET3 ESMF_LAPACK                 : enabled
20220424 025534.854 INFO             PET3 ESMF_NETCDF                 : enabled
20220424 025534.855 INFO             PET3 ESMF_PNETCDF                : disabled
20220424 025534.855 INFO             PET3 ESMF_PIO                    : enabled
20220424 025534.855 INFO             PET3 ESMF_YAMLCPP                : enabled
20220424 025534.864 INFO             PET3 ESMF_FieldRedistStoreNF(): Just entered routine.
20220424 025535.083 INFO             PET3 ESMF_FieldRedistStoreNF(): Leaving routine.
20220424 025535.091 INFO             PET3  NUMBER_OF_PROCESSORS           4
20220424 025535.091 INFO             PET3  PASS  Example ESMF_RHandleFromFileEx, ESMF_RHandleFromFileEx.F90, line 192
20220424 025535.091 INFO             PET3 Finalizing ESMF
