build time -- 2022-04-15 02:42:53
20220415 030931.340 INFO             PET0 !!!!!!!!!!!!!!!!!!!!!!!!!!!!!!!!!!!!!!!!!!!!!!!!!!!!!!
20220415 030931.341 INFO             PET0 !!! THE ESMF_LOG IS SET TO OUTPUT ALL LOG MESSAGES !!!
20220415 030931.341 INFO             PET0 !!!     THIS MAY CAUSE SLOWDOWN IN PERFORMANCE     !!!
20220415 030931.341 INFO             PET0 !!! FOR PRODUCTION RUNS, USE:                      !!!
20220415 030931.341 INFO             PET0 !!!                   ESMF_LOGKIND_Multi_On_Error  !!!
20220415 030931.341 INFO             PET0 !!!!!!!!!!!!!!!!!!!!!!!!!!!!!!!!!!!!!!!!!!!!!!!!!!!!!!
20220415 030931.341 INFO             PET0 Running with ESMF Version   : v8.3.0b12-66-g9684790
20220415 030931.341 INFO             PET0 ESMF library build date/time: "Apr 15 2022" "02:41:39"
20220415 030931.341 INFO             PET0 ESMF library build location : /work/noaa/da/mpotts/sandbox/gfortran_8.3.0_openmpi_g_develop
20220415 030931.341 INFO             PET0 ESMF_COMM                   : openmpi
20220415 030931.341 INFO             PET0 ESMF_MOAB                   : enabled
20220415 030931.341 INFO             PET0 ESMF_LAPACK                 : enabled
20220415 030931.341 INFO             PET0 ESMF_NETCDF                 : enabled
20220415 030931.341 INFO             PET0 ESMF_PNETCDF                : disabled
20220415 030931.341 INFO             PET0 ESMF_PIO                    : enabled
20220415 030931.341 INFO             PET0 ESMF_YAMLCPP                : enabled
20220415 030931.342 INFO             PET0  NUMBER_OF_PROCESSORS           1
20220415 030931.342 INFO             PET0  PASS  Example ESMF_TimeIntervalEx, ESMF_TimeIntervalEx.F90, line 176
20220415 030931.342 INFO             PET0 Finalizing ESMF
