build time -- 2022-04-19 02:30:24
20220419 025633.594 INFO             PET0 !!!!!!!!!!!!!!!!!!!!!!!!!!!!!!!!!!!!!!!!!!!!!!!!!!!!!!
20220419 025633.594 INFO             PET0 !!! THE ESMF_LOG IS SET TO OUTPUT ALL LOG MESSAGES !!!
20220419 025633.594 INFO             PET0 !!!     THIS MAY CAUSE SLOWDOWN IN PERFORMANCE     !!!
20220419 025633.594 INFO             PET0 !!! FOR PRODUCTION RUNS, USE:                      !!!
20220419 025633.594 INFO             PET0 !!!                   ESMF_LOGKIND_Multi_On_Error  !!!
20220419 025633.594 INFO             PET0 !!!!!!!!!!!!!!!!!!!!!!!!!!!!!!!!!!!!!!!!!!!!!!!!!!!!!!
20220419 025633.594 INFO             PET0 Running with ESMF Version   : v8.3.0b12-66-g9684790
20220419 025633.594 INFO             PET0 ESMF library build date/time: "Apr 19 2022" "02:29:10"
20220419 025633.594 INFO             PET0 ESMF library build location : /work/noaa/da/mpotts/sandbox/gfortran_8.3.0_openmpi_g_develop
20220419 025633.594 INFO             PET0 ESMF_COMM                   : openmpi
20220419 025633.595 INFO             PET0 ESMF_MOAB                   : enabled
20220419 025633.595 INFO             PET0 ESMF_LAPACK                 : enabled
20220419 025633.595 INFO             PET0 ESMF_NETCDF                 : enabled
20220419 025633.595 INFO             PET0 ESMF_PNETCDF                : disabled
20220419 025633.595 INFO             PET0 ESMF_PIO                    : enabled
20220419 025633.595 INFO             PET0 ESMF_YAMLCPP                : enabled
20220419 025633.606 INFO             PET0 ESMF_FieldRedistStoreNF(): Just entered routine.
20220419 025633.902 INFO             PET0 ESMF_FieldRedistStoreNF(): Leaving routine.
20220419 025633.907 INFO             PET0  NUMBER_OF_PROCESSORS           4
20220419 025633.907 INFO             PET0  PASS  Example ESMF_RHandleFromRHandleEx, ESMF_RHandleFromRHandleEx.F90, line 660
20220419 025633.907 INFO             PET0 Finalizing ESMF
20220419 025633.595 INFO             PET1 !!!!!!!!!!!!!!!!!!!!!!!!!!!!!!!!!!!!!!!!!!!!!!!!!!!!!!
20220419 025633.595 INFO             PET1 !!! THE ESMF_LOG IS SET TO OUTPUT ALL LOG MESSAGES !!!
20220419 025633.595 INFO             PET1 !!!     THIS MAY CAUSE SLOWDOWN IN PERFORMANCE     !!!
20220419 025633.595 INFO             PET1 !!! FOR PRODUCTION RUNS, USE:                      !!!
20220419 025633.595 INFO             PET1 !!!                   ESMF_LOGKIND_Multi_On_Error  !!!
20220419 025633.595 INFO             PET1 !!!!!!!!!!!!!!!!!!!!!!!!!!!!!!!!!!!!!!!!!!!!!!!!!!!!!!
20220419 025633.595 INFO             PET1 Running with ESMF Version   : v8.3.0b12-66-g9684790
20220419 025633.595 INFO             PET1 ESMF library build date/time: "Apr 19 2022" "02:29:10"
20220419 025633.595 INFO             PET1 ESMF library build location : /work/noaa/da/mpotts/sandbox/gfortran_8.3.0_openmpi_g_develop
20220419 025633.595 INFO             PET1 ESMF_COMM                   : openmpi
20220419 025633.595 INFO             PET1 ESMF_MOAB                   : enabled
20220419 025633.595 INFO             PET1 ESMF_LAPACK                 : enabled
20220419 025633.595 INFO             PET1 ESMF_NETCDF                 : enabled
20220419 025633.595 INFO             PET1 ESMF_PNETCDF                : disabled
20220419 025633.595 INFO             PET1 ESMF_PIO                    : enabled
20220419 025633.595 INFO             PET1 ESMF_YAMLCPP                : enabled
20220419 025633.606 INFO             PET1 ESMF_FieldRedistStoreNF(): Just entered routine.
20220419 025633.902 INFO             PET1 ESMF_FieldRedistStoreNF(): Leaving routine.
20220419 025633.908 INFO             PET1  NUMBER_OF_PROCESSORS           4
20220419 025633.908 INFO             PET1  PASS  Example ESMF_RHandleFromRHandleEx, ESMF_RHandleFromRHandleEx.F90, line 660
20220419 025633.908 INFO             PET1 Finalizing ESMF
20220419 025633.594 INFO             PET2 !!!!!!!!!!!!!!!!!!!!!!!!!!!!!!!!!!!!!!!!!!!!!!!!!!!!!!
20220419 025633.594 INFO             PET2 !!! THE ESMF_LOG IS SET TO OUTPUT ALL LOG MESSAGES !!!
20220419 025633.594 INFO             PET2 !!!     THIS MAY CAUSE SLOWDOWN IN PERFORMANCE     !!!
20220419 025633.594 INFO             PET2 !!! FOR PRODUCTION RUNS, USE:                      !!!
20220419 025633.594 INFO             PET2 !!!                   ESMF_LOGKIND_Multi_On_Error  !!!
20220419 025633.594 INFO             PET2 !!!!!!!!!!!!!!!!!!!!!!!!!!!!!!!!!!!!!!!!!!!!!!!!!!!!!!
20220419 025633.594 INFO             PET2 Running with ESMF Version   : v8.3.0b12-66-g9684790
20220419 025633.594 INFO             PET2 ESMF library build date/time: "Apr 19 2022" "02:29:10"
20220419 025633.594 INFO             PET2 ESMF library build location : /work/noaa/da/mpotts/sandbox/gfortran_8.3.0_openmpi_g_develop
20220419 025633.594 INFO             PET2 ESMF_COMM                   : openmpi
20220419 025633.594 INFO             PET2 ESMF_MOAB                   : enabled
20220419 025633.594 INFO             PET2 ESMF_LAPACK                 : enabled
20220419 025633.594 INFO             PET2 ESMF_NETCDF                 : enabled
20220419 025633.594 INFO             PET2 ESMF_PNETCDF                : disabled
20220419 025633.594 INFO             PET2 ESMF_PIO                    : enabled
20220419 025633.594 INFO             PET2 ESMF_YAMLCPP                : enabled
20220419 025633.606 INFO             PET2 ESMF_FieldRedistStoreNF(): Just entered routine.
20220419 025633.902 INFO             PET2 ESMF_FieldRedistStoreNF(): Leaving routine.
20220419 025633.905 INFO             PET2  NUMBER_OF_PROCESSORS           4
20220419 025633.905 INFO             PET2  PASS  Example ESMF_RHandleFromRHandleEx, ESMF_RHandleFromRHandleEx.F90, line 660
20220419 025633.905 INFO             PET2 Finalizing ESMF
20220419 025633.594 INFO             PET3 !!!!!!!!!!!!!!!!!!!!!!!!!!!!!!!!!!!!!!!!!!!!!!!!!!!!!!
20220419 025633.594 INFO             PET3 !!! THE ESMF_LOG IS SET TO OUTPUT ALL LOG MESSAGES !!!
20220419 025633.594 INFO             PET3 !!!     THIS MAY CAUSE SLOWDOWN IN PERFORMANCE     !!!
20220419 025633.594 INFO             PET3 !!! FOR PRODUCTION RUNS, USE:                      !!!
20220419 025633.594 INFO             PET3 !!!                   ESMF_LOGKIND_Multi_On_Error  !!!
20220419 025633.594 INFO             PET3 !!!!!!!!!!!!!!!!!!!!!!!!!!!!!!!!!!!!!!!!!!!!!!!!!!!!!!
20220419 025633.594 INFO             PET3 Running with ESMF Version   : v8.3.0b12-66-g9684790
20220419 025633.594 INFO             PET3 ESMF library build date/time: "Apr 19 2022" "02:29:10"
20220419 025633.594 INFO             PET3 ESMF library build location : /work/noaa/da/mpotts/sandbox/gfortran_8.3.0_openmpi_g_develop
20220419 025633.594 INFO             PET3 ESMF_COMM                   : openmpi
20220419 025633.595 INFO             PET3 ESMF_MOAB                   : enabled
20220419 025633.595 INFO             PET3 ESMF_LAPACK                 : enabled
20220419 025633.595 INFO             PET3 ESMF_NETCDF                 : enabled
20220419 025633.595 INFO             PET3 ESMF_PNETCDF                : disabled
20220419 025633.595 INFO             PET3 ESMF_PIO                    : enabled
20220419 025633.595 INFO             PET3 ESMF_YAMLCPP                : enabled
20220419 025633.606 INFO             PET3 ESMF_FieldRedistStoreNF(): Just entered routine.
20220419 025633.902 INFO             PET3 ESMF_FieldRedistStoreNF(): Leaving routine.
20220419 025633.908 INFO             PET3  NUMBER_OF_PROCESSORS           4
20220419 025633.908 INFO             PET3  PASS  Example ESMF_RHandleFromRHandleEx, ESMF_RHandleFromRHandleEx.F90, line 660
20220419 025633.908 INFO             PET3 Finalizing ESMF
