build time -- 2022-04-20 02:35:22
20220420 030158.887 INFO             PET0 !!!!!!!!!!!!!!!!!!!!!!!!!!!!!!!!!!!!!!!!!!!!!!!!!!!!!!
20220420 030158.887 INFO             PET0 !!! THE ESMF_LOG IS SET TO OUTPUT ALL LOG MESSAGES !!!
20220420 030158.887 INFO             PET0 !!!     THIS MAY CAUSE SLOWDOWN IN PERFORMANCE     !!!
20220420 030158.887 INFO             PET0 !!! FOR PRODUCTION RUNS, USE:                      !!!
20220420 030158.887 INFO             PET0 !!!                   ESMF_LOGKIND_Multi_On_Error  !!!
20220420 030158.887 INFO             PET0 !!!!!!!!!!!!!!!!!!!!!!!!!!!!!!!!!!!!!!!!!!!!!!!!!!!!!!
20220420 030158.887 INFO             PET0 Running with ESMF Version   : v8.3.0b12-72-g1df70b4
20220420 030158.887 INFO             PET0 ESMF library build date/time: "Apr 20 2022" "02:33:26"
20220420 030158.887 INFO             PET0 ESMF library build location : /work/noaa/da/mpotts/sandbox/gfortran_8.3.0_openmpi_g_develop
20220420 030158.887 INFO             PET0 ESMF_COMM                   : openmpi
20220420 030158.888 INFO             PET0 ESMF_MOAB                   : enabled
20220420 030158.888 INFO             PET0 ESMF_LAPACK                 : enabled
20220420 030158.888 INFO             PET0 ESMF_NETCDF                 : enabled
20220420 030158.888 INFO             PET0 ESMF_PNETCDF                : disabled
20220420 030158.888 INFO             PET0 ESMF_PIO                    : enabled
20220420 030158.888 INFO             PET0 ESMF_YAMLCPP                : enabled
20220420 030158.889 INFO             PET0  NUMBER_OF_PROCESSORS           1
20220420 030158.889 INFO             PET0  PASS  Example ESMF_AlarmEx, ESMF_AlarmEx.F90, line 244
20220420 030158.889 INFO             PET0 Finalizing ESMF
