build time -- 2022-04-23 02:32:00
20220423 030501.035 INFO             PET0 !!!!!!!!!!!!!!!!!!!!!!!!!!!!!!!!!!!!!!!!!!!!!!!!!!!!!!
20220423 030501.035 INFO             PET0 !!! THE ESMF_LOG IS SET TO OUTPUT ALL LOG MESSAGES !!!
20220423 030501.035 INFO             PET0 !!!     THIS MAY CAUSE SLOWDOWN IN PERFORMANCE     !!!
20220423 030501.035 INFO             PET0 !!! FOR PRODUCTION RUNS, USE:                      !!!
20220423 030501.035 INFO             PET0 !!!                   ESMF_LOGKIND_Multi_On_Error  !!!
20220423 030501.035 INFO             PET0 !!!!!!!!!!!!!!!!!!!!!!!!!!!!!!!!!!!!!!!!!!!!!!!!!!!!!!
20220423 030501.035 INFO             PET0 Running with ESMF Version   : v8.3.0b13
20220423 030501.035 INFO             PET0 ESMF library build date/time: "Apr 23 2022" "02:30:38"
20220423 030501.035 INFO             PET0 ESMF library build location : /work/noaa/da/mpotts/sandbox/gfortran_8.3.0_openmpi_g_develop
20220423 030501.035 INFO             PET0 ESMF_COMM                   : openmpi
20220423 030501.036 INFO             PET0 ESMF_MOAB                   : enabled
20220423 030501.036 INFO             PET0 ESMF_LAPACK                 : enabled
20220423 030501.036 INFO             PET0 ESMF_NETCDF                 : enabled
20220423 030501.036 INFO             PET0 ESMF_PNETCDF                : disabled
20220423 030501.036 INFO             PET0 ESMF_PIO                    : enabled
20220423 030501.036 INFO             PET0 ESMF_YAMLCPP                : enabled
20220423 030501.130 DEBUG            PET0 about to destroy Grid: 0x2491b70
20220423 030501.141 DEBUG            PET0 about to destroy Grid: 0x2493830
20220423 030501.173 INFO             PET0  NUMBER_OF_PROCESSORS           4
20220423 030501.173 INFO             PET0  PASS  Example ESMF_NUOPCAtmModelEx, ESMF_NUOPCAtmModelEx.F90, line 806
20220423 030501.173 INFO             PET0 Finalizing ESMF
20220423 030501.034 INFO             PET1 !!!!!!!!!!!!!!!!!!!!!!!!!!!!!!!!!!!!!!!!!!!!!!!!!!!!!!
20220423 030501.035 INFO             PET1 !!! THE ESMF_LOG IS SET TO OUTPUT ALL LOG MESSAGES !!!
20220423 030501.035 INFO             PET1 !!!     THIS MAY CAUSE SLOWDOWN IN PERFORMANCE     !!!
20220423 030501.035 INFO             PET1 !!! FOR PRODUCTION RUNS, USE:                      !!!
20220423 030501.035 INFO             PET1 !!!                   ESMF_LOGKIND_Multi_On_Error  !!!
20220423 030501.035 INFO             PET1 !!!!!!!!!!!!!!!!!!!!!!!!!!!!!!!!!!!!!!!!!!!!!!!!!!!!!!
20220423 030501.035 INFO             PET1 Running with ESMF Version   : v8.3.0b13
20220423 030501.035 INFO             PET1 ESMF library build date/time: "Apr 23 2022" "02:30:38"
20220423 030501.035 INFO             PET1 ESMF library build location : /work/noaa/da/mpotts/sandbox/gfortran_8.3.0_openmpi_g_develop
20220423 030501.035 INFO             PET1 ESMF_COMM                   : openmpi
20220423 030501.035 INFO             PET1 ESMF_MOAB                   : enabled
20220423 030501.035 INFO             PET1 ESMF_LAPACK                 : enabled
20220423 030501.035 INFO             PET1 ESMF_NETCDF                 : enabled
20220423 030501.035 INFO             PET1 ESMF_PNETCDF                : disabled
20220423 030501.035 INFO             PET1 ESMF_PIO                    : enabled
20220423 030501.035 INFO             PET1 ESMF_YAMLCPP                : enabled
20220423 030501.130 DEBUG            PET1 about to destroy Grid: 0x2577940
20220423 030501.141 DEBUG            PET1 about to destroy Grid: 0x25790a0
20220423 030501.173 INFO             PET1  NUMBER_OF_PROCESSORS           4
20220423 030501.173 INFO             PET1  PASS  Example ESMF_NUOPCAtmModelEx, ESMF_NUOPCAtmModelEx.F90, line 806
20220423 030501.173 INFO             PET1 Finalizing ESMF
20220423 030501.035 INFO             PET2 !!!!!!!!!!!!!!!!!!!!!!!!!!!!!!!!!!!!!!!!!!!!!!!!!!!!!!
20220423 030501.035 INFO             PET2 !!! THE ESMF_LOG IS SET TO OUTPUT ALL LOG MESSAGES !!!
20220423 030501.035 INFO             PET2 !!!     THIS MAY CAUSE SLOWDOWN IN PERFORMANCE     !!!
20220423 030501.035 INFO             PET2 !!! FOR PRODUCTION RUNS, USE:                      !!!
20220423 030501.035 INFO             PET2 !!!                   ESMF_LOGKIND_Multi_On_Error  !!!
20220423 030501.035 INFO             PET2 !!!!!!!!!!!!!!!!!!!!!!!!!!!!!!!!!!!!!!!!!!!!!!!!!!!!!!
20220423 030501.035 INFO             PET2 Running with ESMF Version   : v8.3.0b13
20220423 030501.035 INFO             PET2 ESMF library build date/time: "Apr 23 2022" "02:30:38"
20220423 030501.035 INFO             PET2 ESMF library build location : /work/noaa/da/mpotts/sandbox/gfortran_8.3.0_openmpi_g_develop
20220423 030501.035 INFO             PET2 ESMF_COMM                   : openmpi
20220423 030501.036 INFO             PET2 ESMF_MOAB                   : enabled
20220423 030501.036 INFO             PET2 ESMF_LAPACK                 : enabled
20220423 030501.036 INFO             PET2 ESMF_NETCDF                 : enabled
20220423 030501.036 INFO             PET2 ESMF_PNETCDF                : disabled
20220423 030501.036 INFO             PET2 ESMF_PIO                    : enabled
20220423 030501.036 INFO             PET2 ESMF_YAMLCPP                : enabled
20220423 030501.130 DEBUG            PET2 about to destroy Grid: 0x1afdad0
20220423 030501.141 DEBUG            PET2 about to destroy Grid: 0x1afed90
20220423 030501.173 INFO             PET2  NUMBER_OF_PROCESSORS           4
20220423 030501.173 INFO             PET2  PASS  Example ESMF_NUOPCAtmModelEx, ESMF_NUOPCAtmModelEx.F90, line 806
20220423 030501.173 INFO             PET2 Finalizing ESMF
20220423 030501.035 INFO             PET3 !!!!!!!!!!!!!!!!!!!!!!!!!!!!!!!!!!!!!!!!!!!!!!!!!!!!!!
20220423 030501.035 INFO             PET3 !!! THE ESMF_LOG IS SET TO OUTPUT ALL LOG MESSAGES !!!
20220423 030501.035 INFO             PET3 !!!     THIS MAY CAUSE SLOWDOWN IN PERFORMANCE     !!!
20220423 030501.035 INFO             PET3 !!! FOR PRODUCTION RUNS, USE:                      !!!
20220423 030501.035 INFO             PET3 !!!                   ESMF_LOGKIND_Multi_On_Error  !!!
20220423 030501.035 INFO             PET3 !!!!!!!!!!!!!!!!!!!!!!!!!!!!!!!!!!!!!!!!!!!!!!!!!!!!!!
20220423 030501.035 INFO             PET3 Running with ESMF Version   : v8.3.0b13
20220423 030501.035 INFO             PET3 ESMF library build date/time: "Apr 23 2022" "02:30:38"
20220423 030501.035 INFO             PET3 ESMF library build location : /work/noaa/da/mpotts/sandbox/gfortran_8.3.0_openmpi_g_develop
20220423 030501.035 INFO             PET3 ESMF_COMM                   : openmpi
20220423 030501.035 INFO             PET3 ESMF_MOAB                   : enabled
20220423 030501.035 INFO             PET3 ESMF_LAPACK                 : enabled
20220423 030501.035 INFO             PET3 ESMF_NETCDF                 : enabled
20220423 030501.035 INFO             PET3 ESMF_PNETCDF                : disabled
20220423 030501.035 INFO             PET3 ESMF_PIO                    : enabled
20220423 030501.035 INFO             PET3 ESMF_YAMLCPP                : enabled
20220423 030501.130 DEBUG            PET3 about to destroy Grid: 0x1312960
20220423 030501.141 DEBUG            PET3 about to destroy Grid: 0x1313ad0
20220423 030501.173 INFO             PET3  NUMBER_OF_PROCESSORS           4
20220423 030501.173 INFO             PET3  PASS  Example ESMF_NUOPCAtmModelEx, ESMF_NUOPCAtmModelEx.F90, line 806
20220423 030501.173 INFO             PET3 Finalizing ESMF
