build time -- 2022-05-25 02:00:08
20220525 025928.418 INFO             PET0 !!!!!!!!!!!!!!!!!!!!!!!!!!!!!!!!!!!!!!!!!!!!!!!!!!!!!!
20220525 025928.418 INFO             PET0 !!! THE ESMF_LOG IS SET TO OUTPUT ALL LOG MESSAGES !!!
20220525 025928.418 INFO             PET0 !!!     THIS MAY CAUSE SLOWDOWN IN PERFORMANCE     !!!
20220525 025928.418 INFO             PET0 !!! FOR PRODUCTION RUNS, USE:                      !!!
20220525 025928.418 INFO             PET0 !!!                   ESMF_LOGKIND_Multi_On_Error  !!!
20220525 025928.418 INFO             PET0 !!!!!!!!!!!!!!!!!!!!!!!!!!!!!!!!!!!!!!!!!!!!!!!!!!!!!!
20220525 025928.418 INFO             PET0 Running with ESMF Version   : v8.3.0b16-3-gc2b47388e1
20220525 025928.418 INFO             PET0 ESMF library build date/time: "May 25 2022" "01:57:59"
20220525 025928.418 INFO             PET0 ESMF library build location : /lustre/f2/dev/ncep/Mark.Potts/intel_2019.5_mpi_g_release_8.3.0
20220525 025928.418 INFO             PET0 ESMF_COMM                   : mpi
20220525 025928.419 INFO             PET0 ESMF_MOAB                   : enabled
20220525 025928.419 INFO             PET0 ESMF_LAPACK                 : enabled
20220525 025928.419 INFO             PET0 ESMF_NETCDF                 : enabled
20220525 025928.419 INFO             PET0 ESMF_PNETCDF                : disabled
20220525 025928.419 INFO             PET0 ESMF_PIO                    : enabled
20220525 025928.419 INFO             PET0 ESMF_YAMLCPP                : enabled
20220525 025928.421 INFO             PET0  NUMBER_OF_PROCESSORS           1
20220525 025928.421 INFO             PET0  PASS  Example ESMF_ClockEx, ESMF_ClockEx.F90, line 220
20220525 025928.421 INFO             PET0 Finalizing ESMF
