build time -- 2022-05-26 01:08:48
20220526 015340.094 INFO             PET0 !!!!!!!!!!!!!!!!!!!!!!!!!!!!!!!!!!!!!!!!!!!!!!!!!!!!!!
20220526 015340.094 INFO             PET0 !!! THE ESMF_LOG IS SET TO OUTPUT ALL LOG MESSAGES !!!
20220526 015340.094 INFO             PET0 !!!     THIS MAY CAUSE SLOWDOWN IN PERFORMANCE     !!!
20220526 015340.094 INFO             PET0 !!! FOR PRODUCTION RUNS, USE:                      !!!
20220526 015340.094 INFO             PET0 !!!                   ESMF_LOGKIND_Multi_On_Error  !!!
20220526 015340.094 INFO             PET0 !!!!!!!!!!!!!!!!!!!!!!!!!!!!!!!!!!!!!!!!!!!!!!!!!!!!!!
20220526 015340.094 INFO             PET0 Running with ESMF Version   : v8.3.0b16-3-gc2b47388e1
20220526 015340.095 INFO             PET0 ESMF library build date/time: "May 26 2022" "01:06:44"
20220526 015340.095 INFO             PET0 ESMF library build location : /lustre/f2/dev/ncep/Mark.Potts/intel_2019.5_mpi_g_release_8.3.0
20220526 015340.095 INFO             PET0 ESMF_COMM                   : mpi
20220526 015340.096 INFO             PET0 ESMF_MOAB                   : enabled
20220526 015340.096 INFO             PET0 ESMF_LAPACK                 : enabled
20220526 015340.096 INFO             PET0 ESMF_NETCDF                 : enabled
20220526 015340.096 INFO             PET0 ESMF_PNETCDF                : disabled
20220526 015340.096 INFO             PET0 ESMF_PIO                    : enabled
20220526 015340.096 INFO             PET0 ESMF_YAMLCPP                : enabled
20220526 015340.107 INFO             PET0  NUMBER_OF_PROCESSORS           1
20220526 015340.107 INFO             PET0  PASS  Example ESMF_XGridSparseMatEx, ESMF_XGridSparseMatEx.F90, line 642
20220526 015340.107 INFO             PET0 Finalizing ESMF
