build time -- 2022-06-02 01:51:21
20220602 024137.358 INFO             PET0 !!!!!!!!!!!!!!!!!!!!!!!!!!!!!!!!!!!!!!!!!!!!!!!!!!!!!!
20220602 024137.358 INFO             PET0 !!! THE ESMF_LOG IS SET TO OUTPUT ALL LOG MESSAGES !!!
20220602 024137.358 INFO             PET0 !!!     THIS MAY CAUSE SLOWDOWN IN PERFORMANCE     !!!
20220602 024137.358 INFO             PET0 !!! FOR PRODUCTION RUNS, USE:                      !!!
20220602 024137.358 INFO             PET0 !!!                   ESMF_LOGKIND_Multi_On_Error  !!!
20220602 024137.358 INFO             PET0 !!!!!!!!!!!!!!!!!!!!!!!!!!!!!!!!!!!!!!!!!!!!!!!!!!!!!!
20220602 024137.358 INFO             PET0 Running with ESMF Version   : v8.3.0b16-4-g64dc951248
20220602 024137.358 INFO             PET0 ESMF library build date/time: "Jun  2 2022" "01:49:14"
20220602 024137.358 INFO             PET0 ESMF library build location : /lustre/f2/dev/ncep/Mark.Potts/intel_2019.5_mpi_g_release_8.3.0
20220602 024137.358 INFO             PET0 ESMF_COMM                   : mpi
20220602 024137.359 INFO             PET0 ESMF_MOAB                   : enabled
20220602 024137.359 INFO             PET0 ESMF_LAPACK                 : enabled
20220602 024137.359 INFO             PET0 ESMF_NETCDF                 : enabled
20220602 024137.359 INFO             PET0 ESMF_PNETCDF                : disabled
20220602 024137.359 INFO             PET0 ESMF_PIO                    : enabled
20220602 024137.359 INFO             PET0 ESMF_YAMLCPP                : enabled
20220602 024137.380 INFO             PET0  NUMBER_OF_PROCESSORS           4
20220602 024137.380 INFO             PET0  PASS  Example ESMF_FieldBundleSMMEx, ESMF_FieldBundleSMMEx.F90, line 242
20220602 024137.380 INFO             PET0 Finalizing ESMF
20220602 024137.361 INFO             PET1 !!!!!!!!!!!!!!!!!!!!!!!!!!!!!!!!!!!!!!!!!!!!!!!!!!!!!!
20220602 024137.362 INFO             PET1 !!! THE ESMF_LOG IS SET TO OUTPUT ALL LOG MESSAGES !!!
20220602 024137.362 INFO             PET1 !!!     THIS MAY CAUSE SLOWDOWN IN PERFORMANCE     !!!
20220602 024137.362 INFO             PET1 !!! FOR PRODUCTION RUNS, USE:                      !!!
20220602 024137.362 INFO             PET1 !!!                   ESMF_LOGKIND_Multi_On_Error  !!!
20220602 024137.362 INFO             PET1 !!!!!!!!!!!!!!!!!!!!!!!!!!!!!!!!!!!!!!!!!!!!!!!!!!!!!!
20220602 024137.362 INFO             PET1 Running with ESMF Version   : v8.3.0b16-4-g64dc951248
20220602 024137.362 INFO             PET1 ESMF library build date/time: "Jun  2 2022" "01:49:14"
20220602 024137.362 INFO             PET1 ESMF library build location : /lustre/f2/dev/ncep/Mark.Potts/intel_2019.5_mpi_g_release_8.3.0
20220602 024137.362 INFO             PET1 ESMF_COMM                   : mpi
20220602 024137.363 INFO             PET1 ESMF_MOAB                   : enabled
20220602 024137.363 INFO             PET1 ESMF_LAPACK                 : enabled
20220602 024137.363 INFO             PET1 ESMF_NETCDF                 : enabled
20220602 024137.363 INFO             PET1 ESMF_PNETCDF                : disabled
20220602 024137.363 INFO             PET1 ESMF_PIO                    : enabled
20220602 024137.363 INFO             PET1 ESMF_YAMLCPP                : enabled
20220602 024137.380 INFO             PET1  NUMBER_OF_PROCESSORS           4
20220602 024137.380 INFO             PET1  PASS  Example ESMF_FieldBundleSMMEx, ESMF_FieldBundleSMMEx.F90, line 242
20220602 024137.380 INFO             PET1 Finalizing ESMF
20220602 024137.368 INFO             PET2 !!!!!!!!!!!!!!!!!!!!!!!!!!!!!!!!!!!!!!!!!!!!!!!!!!!!!!
20220602 024137.368 INFO             PET2 !!! THE ESMF_LOG IS SET TO OUTPUT ALL LOG MESSAGES !!!
20220602 024137.368 INFO             PET2 !!!     THIS MAY CAUSE SLOWDOWN IN PERFORMANCE     !!!
20220602 024137.368 INFO             PET2 !!! FOR PRODUCTION RUNS, USE:                      !!!
20220602 024137.368 INFO             PET2 !!!                   ESMF_LOGKIND_Multi_On_Error  !!!
20220602 024137.368 INFO             PET2 !!!!!!!!!!!!!!!!!!!!!!!!!!!!!!!!!!!!!!!!!!!!!!!!!!!!!!
20220602 024137.368 INFO             PET2 Running with ESMF Version   : v8.3.0b16-4-g64dc951248
20220602 024137.368 INFO             PET2 ESMF library build date/time: "Jun  2 2022" "01:49:14"
20220602 024137.368 INFO             PET2 ESMF library build location : /lustre/f2/dev/ncep/Mark.Potts/intel_2019.5_mpi_g_release_8.3.0
20220602 024137.368 INFO             PET2 ESMF_COMM                   : mpi
20220602 024137.369 INFO             PET2 ESMF_MOAB                   : enabled
20220602 024137.369 INFO             PET2 ESMF_LAPACK                 : enabled
20220602 024137.369 INFO             PET2 ESMF_NETCDF                 : enabled
20220602 024137.369 INFO             PET2 ESMF_PNETCDF                : disabled
20220602 024137.369 INFO             PET2 ESMF_PIO                    : enabled
20220602 024137.369 INFO             PET2 ESMF_YAMLCPP                : enabled
20220602 024137.380 INFO             PET2  NUMBER_OF_PROCESSORS           4
20220602 024137.380 INFO             PET2  PASS  Example ESMF_FieldBundleSMMEx, ESMF_FieldBundleSMMEx.F90, line 242
20220602 024137.380 INFO             PET2 Finalizing ESMF
20220602 024137.372 INFO             PET3 !!!!!!!!!!!!!!!!!!!!!!!!!!!!!!!!!!!!!!!!!!!!!!!!!!!!!!
20220602 024137.372 INFO             PET3 !!! THE ESMF_LOG IS SET TO OUTPUT ALL LOG MESSAGES !!!
20220602 024137.372 INFO             PET3 !!!     THIS MAY CAUSE SLOWDOWN IN PERFORMANCE     !!!
20220602 024137.372 INFO             PET3 !!! FOR PRODUCTION RUNS, USE:                      !!!
20220602 024137.372 INFO             PET3 !!!                   ESMF_LOGKIND_Multi_On_Error  !!!
20220602 024137.372 INFO             PET3 !!!!!!!!!!!!!!!!!!!!!!!!!!!!!!!!!!!!!!!!!!!!!!!!!!!!!!
20220602 024137.372 INFO             PET3 Running with ESMF Version   : v8.3.0b16-4-g64dc951248
20220602 024137.372 INFO             PET3 ESMF library build date/time: "Jun  2 2022" "01:49:14"
20220602 024137.372 INFO             PET3 ESMF library build location : /lustre/f2/dev/ncep/Mark.Potts/intel_2019.5_mpi_g_release_8.3.0
20220602 024137.372 INFO             PET3 ESMF_COMM                   : mpi
20220602 024137.373 INFO             PET3 ESMF_MOAB                   : enabled
20220602 024137.373 INFO             PET3 ESMF_LAPACK                 : enabled
20220602 024137.373 INFO             PET3 ESMF_NETCDF                 : enabled
20220602 024137.373 INFO             PET3 ESMF_PNETCDF                : disabled
20220602 024137.373 INFO             PET3 ESMF_PIO                    : enabled
20220602 024137.373 INFO             PET3 ESMF_YAMLCPP                : enabled
20220602 024137.380 INFO             PET3  NUMBER_OF_PROCESSORS           4
20220602 024137.380 INFO             PET3  PASS  Example ESMF_FieldBundleSMMEx, ESMF_FieldBundleSMMEx.F90, line 242
20220602 024137.380 INFO             PET3 Finalizing ESMF
