build time -- 2022-05-21 00:48:09
20220521 012404.272 INFO             PET0 !!!!!!!!!!!!!!!!!!!!!!!!!!!!!!!!!!!!!!!!!!!!!!!!!!!!!!
20220521 012404.272 INFO             PET0 !!! THE ESMF_LOG IS SET TO OUTPUT ALL LOG MESSAGES !!!
20220521 012404.272 INFO             PET0 !!!     THIS MAY CAUSE SLOWDOWN IN PERFORMANCE     !!!
20220521 012404.272 INFO             PET0 !!! FOR PRODUCTION RUNS, USE:                      !!!
20220521 012404.272 INFO             PET0 !!!                   ESMF_LOGKIND_Multi_On_Error  !!!
20220521 012404.272 INFO             PET0 !!!!!!!!!!!!!!!!!!!!!!!!!!!!!!!!!!!!!!!!!!!!!!!!!!!!!!
20220521 012404.272 INFO             PET0 Running with ESMF Version   : v8.3.0b16-3-gc2b47388e1
20220521 012404.272 INFO             PET0 ESMF library build date/time: "May 21 2022" "00:46:13"
20220521 012404.272 INFO             PET0 ESMF library build location : /lustre/f2/dev/ncep/Mark.Potts/intel_2019.5_mpi_g_release_8.3.0
20220521 012404.272 INFO             PET0 ESMF_COMM                   : mpi
20220521 012404.274 INFO             PET0 ESMF_MOAB                   : enabled
20220521 012404.274 INFO             PET0 ESMF_LAPACK                 : enabled
20220521 012404.274 INFO             PET0 ESMF_NETCDF                 : enabled
20220521 012404.274 INFO             PET0 ESMF_PNETCDF                : disabled
20220521 012404.274 INFO             PET0 ESMF_PIO                    : enabled
20220521 012404.274 INFO             PET0 ESMF_YAMLCPP                : enabled
20220521 012404.275 INFO             PET0  NUMBER_OF_PROCESSORS           4
20220521 012404.275 INFO             PET0  PASS  Example ESMF_VMUserMpiCommMultiEx, ESMF_VMUserMpiCommMultiEx.F90, line 126
20220521 012404.275 INFO             PET0 Finalizing ESMF
20220521 012404.274 INFO             PET0 !!!!!!!!!!!!!!!!!!!!!!!!!!!!!!!!!!!!!!!!!!!!!!!!!!!!!!
20220521 012404.274 INFO             PET0 !!! THE ESMF_LOG IS SET TO OUTPUT ALL LOG MESSAGES !!!
20220521 012404.274 INFO             PET0 !!!     THIS MAY CAUSE SLOWDOWN IN PERFORMANCE     !!!
20220521 012404.274 INFO             PET0 !!! FOR PRODUCTION RUNS, USE:                      !!!
20220521 012404.274 INFO             PET0 !!!                   ESMF_LOGKIND_Multi_On_Error  !!!
20220521 012404.274 INFO             PET0 !!!!!!!!!!!!!!!!!!!!!!!!!!!!!!!!!!!!!!!!!!!!!!!!!!!!!!
20220521 012404.274 INFO             PET0 Running with ESMF Version   : v8.3.0b16-3-gc2b47388e1
20220521 012404.274 INFO             PET0 ESMF library build date/time: "May 21 2022" "00:46:13"
20220521 012404.274 INFO             PET0 ESMF library build location : /lustre/f2/dev/ncep/Mark.Potts/intel_2019.5_mpi_g_release_8.3.0
20220521 012404.274 INFO             PET0 ESMF_COMM                   : mpi
20220521 012404.275 INFO             PET0 ESMF_MOAB                   : enabled
20220521 012404.275 INFO             PET0 ESMF_LAPACK                 : enabled
20220521 012404.275 INFO             PET0 ESMF_NETCDF                 : enabled
20220521 012404.275 INFO             PET0 ESMF_PNETCDF                : disabled
20220521 012404.275 INFO             PET0 ESMF_PIO                    : enabled
20220521 012404.275 INFO             PET0 ESMF_YAMLCPP                : enabled
20220521 012404.275 INFO             PET0  NUMBER_OF_PROCESSORS           4
20220521 012404.275 INFO             PET0  PASS  Example ESMF_VMUserMpiCommMultiEx, ESMF_VMUserMpiCommMultiEx.F90, line 154
20220521 012404.275 INFO             PET0 Finalizing ESMF
20220521 012404.260 INFO             PET1 !!!!!!!!!!!!!!!!!!!!!!!!!!!!!!!!!!!!!!!!!!!!!!!!!!!!!!
20220521 012404.261 INFO             PET1 !!! THE ESMF_LOG IS SET TO OUTPUT ALL LOG MESSAGES !!!
20220521 012404.261 INFO             PET1 !!!     THIS MAY CAUSE SLOWDOWN IN PERFORMANCE     !!!
20220521 012404.261 INFO             PET1 !!! FOR PRODUCTION RUNS, USE:                      !!!
20220521 012404.261 INFO             PET1 !!!                   ESMF_LOGKIND_Multi_On_Error  !!!
20220521 012404.261 INFO             PET1 !!!!!!!!!!!!!!!!!!!!!!!!!!!!!!!!!!!!!!!!!!!!!!!!!!!!!!
20220521 012404.261 INFO             PET1 Running with ESMF Version   : v8.3.0b16-3-gc2b47388e1
20220521 012404.262 INFO             PET1 ESMF library build date/time: "May 21 2022" "00:46:13"
20220521 012404.262 INFO             PET1 ESMF library build location : /lustre/f2/dev/ncep/Mark.Potts/intel_2019.5_mpi_g_release_8.3.0
20220521 012404.262 INFO             PET1 ESMF_COMM                   : mpi
20220521 012404.264 INFO             PET1 ESMF_MOAB                   : enabled
20220521 012404.264 INFO             PET1 ESMF_LAPACK                 : enabled
20220521 012404.264 INFO             PET1 ESMF_NETCDF                 : enabled
20220521 012404.264 INFO             PET1 ESMF_PNETCDF                : disabled
20220521 012404.264 INFO             PET1 ESMF_PIO                    : enabled
20220521 012404.264 INFO             PET1 ESMF_YAMLCPP                : enabled
20220521 012404.275 INFO             PET1  NUMBER_OF_PROCESSORS           4
20220521 012404.275 INFO             PET1  PASS  Example ESMF_VMUserMpiCommMultiEx, ESMF_VMUserMpiCommMultiEx.F90, line 126
20220521 012404.275 INFO             PET1 Finalizing ESMF
20220521 012404.273 INFO             PET1 !!!!!!!!!!!!!!!!!!!!!!!!!!!!!!!!!!!!!!!!!!!!!!!!!!!!!!
20220521 012404.273 INFO             PET1 !!! THE ESMF_LOG IS SET TO OUTPUT ALL LOG MESSAGES !!!
20220521 012404.273 INFO             PET1 !!!     THIS MAY CAUSE SLOWDOWN IN PERFORMANCE     !!!
20220521 012404.273 INFO             PET1 !!! FOR PRODUCTION RUNS, USE:                      !!!
20220521 012404.273 INFO             PET1 !!!                   ESMF_LOGKIND_Multi_On_Error  !!!
20220521 012404.273 INFO             PET1 !!!!!!!!!!!!!!!!!!!!!!!!!!!!!!!!!!!!!!!!!!!!!!!!!!!!!!
20220521 012404.273 INFO             PET1 Running with ESMF Version   : v8.3.0b16-3-gc2b47388e1
20220521 012404.273 INFO             PET1 ESMF library build date/time: "May 21 2022" "00:46:13"
20220521 012404.273 INFO             PET1 ESMF library build location : /lustre/f2/dev/ncep/Mark.Potts/intel_2019.5_mpi_g_release_8.3.0
20220521 012404.273 INFO             PET1 ESMF_COMM                   : mpi
20220521 012404.274 INFO             PET1 ESMF_MOAB                   : enabled
20220521 012404.274 INFO             PET1 ESMF_LAPACK                 : enabled
20220521 012404.274 INFO             PET1 ESMF_NETCDF                 : enabled
20220521 012404.274 INFO             PET1 ESMF_PNETCDF                : disabled
20220521 012404.274 INFO             PET1 ESMF_PIO                    : enabled
20220521 012404.274 INFO             PET1 ESMF_YAMLCPP                : enabled
20220521 012404.275 INFO             PET1  NUMBER_OF_PROCESSORS           4
20220521 012404.275 INFO             PET1  PASS  Example ESMF_VMUserMpiCommMultiEx, ESMF_VMUserMpiCommMultiEx.F90, line 154
20220521 012404.275 INFO             PET1 Finalizing ESMF
