build time -- 2022-06-02 01:51:21
20220602 024241.032 INFO             PET0 !!!!!!!!!!!!!!!!!!!!!!!!!!!!!!!!!!!!!!!!!!!!!!!!!!!!!!
20220602 024241.032 INFO             PET0 !!! THE ESMF_LOG IS SET TO OUTPUT ALL LOG MESSAGES !!!
20220602 024241.032 INFO             PET0 !!!     THIS MAY CAUSE SLOWDOWN IN PERFORMANCE     !!!
20220602 024241.032 INFO             PET0 !!! FOR PRODUCTION RUNS, USE:                      !!!
20220602 024241.032 INFO             PET0 !!!                   ESMF_LOGKIND_Multi_On_Error  !!!
20220602 024241.032 INFO             PET0 !!!!!!!!!!!!!!!!!!!!!!!!!!!!!!!!!!!!!!!!!!!!!!!!!!!!!!
20220602 024241.032 INFO             PET0 Running with ESMF Version   : v8.3.0b16-4-g64dc951248
20220602 024241.032 INFO             PET0 ESMF library build date/time: "Jun  2 2022" "01:49:14"
20220602 024241.032 INFO             PET0 ESMF library build location : /lustre/f2/dev/ncep/Mark.Potts/intel_2019.5_mpi_g_release_8.3.0
20220602 024241.032 INFO             PET0 ESMF_COMM                   : mpi
20220602 024241.033 INFO             PET0 ESMF_MOAB                   : enabled
20220602 024241.033 INFO             PET0 ESMF_LAPACK                 : enabled
20220602 024241.033 INFO             PET0 ESMF_NETCDF                 : enabled
20220602 024241.033 INFO             PET0 ESMF_PNETCDF                : disabled
20220602 024241.033 INFO             PET0 ESMF_PIO                    : enabled
20220602 024241.033 INFO             PET0 ESMF_YAMLCPP                : enabled
20220602 024241.107 DEBUG            PET0 about to destroy Grid: 0x9328b0
20220602 024241.112 DEBUG            PET0 about to destroy Grid: 0x935cd0
20220602 024241.127 INFO             PET0  NUMBER_OF_PROCESSORS           4
20220602 024241.128 INFO             PET0  PASS  Example ESMF_NUOPCAtmModelEx, ESMF_NUOPCAtmModelEx.F90, line 806
20220602 024241.128 INFO             PET0 Finalizing ESMF
20220602 024241.035 INFO             PET1 !!!!!!!!!!!!!!!!!!!!!!!!!!!!!!!!!!!!!!!!!!!!!!!!!!!!!!
20220602 024241.036 INFO             PET1 !!! THE ESMF_LOG IS SET TO OUTPUT ALL LOG MESSAGES !!!
20220602 024241.036 INFO             PET1 !!!     THIS MAY CAUSE SLOWDOWN IN PERFORMANCE     !!!
20220602 024241.036 INFO             PET1 !!! FOR PRODUCTION RUNS, USE:                      !!!
20220602 024241.036 INFO             PET1 !!!                   ESMF_LOGKIND_Multi_On_Error  !!!
20220602 024241.036 INFO             PET1 !!!!!!!!!!!!!!!!!!!!!!!!!!!!!!!!!!!!!!!!!!!!!!!!!!!!!!
20220602 024241.036 INFO             PET1 Running with ESMF Version   : v8.3.0b16-4-g64dc951248
20220602 024241.036 INFO             PET1 ESMF library build date/time: "Jun  2 2022" "01:49:14"
20220602 024241.036 INFO             PET1 ESMF library build location : /lustre/f2/dev/ncep/Mark.Potts/intel_2019.5_mpi_g_release_8.3.0
20220602 024241.036 INFO             PET1 ESMF_COMM                   : mpi
20220602 024241.036 INFO             PET1 ESMF_MOAB                   : enabled
20220602 024241.036 INFO             PET1 ESMF_LAPACK                 : enabled
20220602 024241.036 INFO             PET1 ESMF_NETCDF                 : enabled
20220602 024241.036 INFO             PET1 ESMF_PNETCDF                : disabled
20220602 024241.036 INFO             PET1 ESMF_PIO                    : enabled
20220602 024241.036 INFO             PET1 ESMF_YAMLCPP                : enabled
20220602 024241.107 DEBUG            PET1 about to destroy Grid: 0x932160
20220602 024241.112 DEBUG            PET1 about to destroy Grid: 0x933740
20220602 024241.128 INFO             PET1  NUMBER_OF_PROCESSORS           4
20220602 024241.128 INFO             PET1  PASS  Example ESMF_NUOPCAtmModelEx, ESMF_NUOPCAtmModelEx.F90, line 806
20220602 024241.128 INFO             PET1 Finalizing ESMF
20220602 024241.034 INFO             PET2 !!!!!!!!!!!!!!!!!!!!!!!!!!!!!!!!!!!!!!!!!!!!!!!!!!!!!!
20220602 024241.034 INFO             PET2 !!! THE ESMF_LOG IS SET TO OUTPUT ALL LOG MESSAGES !!!
20220602 024241.034 INFO             PET2 !!!     THIS MAY CAUSE SLOWDOWN IN PERFORMANCE     !!!
20220602 024241.034 INFO             PET2 !!! FOR PRODUCTION RUNS, USE:                      !!!
20220602 024241.034 INFO             PET2 !!!                   ESMF_LOGKIND_Multi_On_Error  !!!
20220602 024241.034 INFO             PET2 !!!!!!!!!!!!!!!!!!!!!!!!!!!!!!!!!!!!!!!!!!!!!!!!!!!!!!
20220602 024241.034 INFO             PET2 Running with ESMF Version   : v8.3.0b16-4-g64dc951248
20220602 024241.034 INFO             PET2 ESMF library build date/time: "Jun  2 2022" "01:49:14"
20220602 024241.034 INFO             PET2 ESMF library build location : /lustre/f2/dev/ncep/Mark.Potts/intel_2019.5_mpi_g_release_8.3.0
20220602 024241.034 INFO             PET2 ESMF_COMM                   : mpi
20220602 024241.035 INFO             PET2 ESMF_MOAB                   : enabled
20220602 024241.035 INFO             PET2 ESMF_LAPACK                 : enabled
20220602 024241.035 INFO             PET2 ESMF_NETCDF                 : enabled
20220602 024241.035 INFO             PET2 ESMF_PNETCDF                : disabled
20220602 024241.035 INFO             PET2 ESMF_PIO                    : enabled
20220602 024241.035 INFO             PET2 ESMF_YAMLCPP                : enabled
20220602 024241.107 DEBUG            PET2 about to destroy Grid: 0x931f80
20220602 024241.112 DEBUG            PET2 about to destroy Grid: 0x933560
20220602 024241.127 INFO             PET2  NUMBER_OF_PROCESSORS           4
20220602 024241.128 INFO             PET2  PASS  Example ESMF_NUOPCAtmModelEx, ESMF_NUOPCAtmModelEx.F90, line 806
20220602 024241.128 INFO             PET2 Finalizing ESMF
20220602 024241.055 INFO             PET3 !!!!!!!!!!!!!!!!!!!!!!!!!!!!!!!!!!!!!!!!!!!!!!!!!!!!!!
20220602 024241.055 INFO             PET3 !!! THE ESMF_LOG IS SET TO OUTPUT ALL LOG MESSAGES !!!
20220602 024241.055 INFO             PET3 !!!     THIS MAY CAUSE SLOWDOWN IN PERFORMANCE     !!!
20220602 024241.055 INFO             PET3 !!! FOR PRODUCTION RUNS, USE:                      !!!
20220602 024241.055 INFO             PET3 !!!                   ESMF_LOGKIND_Multi_On_Error  !!!
20220602 024241.055 INFO             PET3 !!!!!!!!!!!!!!!!!!!!!!!!!!!!!!!!!!!!!!!!!!!!!!!!!!!!!!
20220602 024241.055 INFO             PET3 Running with ESMF Version   : v8.3.0b16-4-g64dc951248
20220602 024241.055 INFO             PET3 ESMF library build date/time: "Jun  2 2022" "01:49:14"
20220602 024241.055 INFO             PET3 ESMF library build location : /lustre/f2/dev/ncep/Mark.Potts/intel_2019.5_mpi_g_release_8.3.0
20220602 024241.055 INFO             PET3 ESMF_COMM                   : mpi
20220602 024241.056 INFO             PET3 ESMF_MOAB                   : enabled
20220602 024241.056 INFO             PET3 ESMF_LAPACK                 : enabled
20220602 024241.056 INFO             PET3 ESMF_NETCDF                 : enabled
20220602 024241.056 INFO             PET3 ESMF_PNETCDF                : disabled
20220602 024241.056 INFO             PET3 ESMF_PIO                    : enabled
20220602 024241.056 INFO             PET3 ESMF_YAMLCPP                : enabled
20220602 024241.107 DEBUG            PET3 about to destroy Grid: 0x932160
20220602 024241.112 DEBUG            PET3 about to destroy Grid: 0x933740
20220602 024241.128 INFO             PET3  NUMBER_OF_PROCESSORS           4
20220602 024241.128 INFO             PET3  PASS  Example ESMF_NUOPCAtmModelEx, ESMF_NUOPCAtmModelEx.F90, line 806
20220602 024241.128 INFO             PET3 Finalizing ESMF
