build time -- 2022-06-06 00:52:26
20220606 012615.604 INFO             PET0 !!!!!!!!!!!!!!!!!!!!!!!!!!!!!!!!!!!!!!!!!!!!!!!!!!!!!!
20220606 012615.604 INFO             PET0 !!! THE ESMF_LOG IS SET TO OUTPUT ALL LOG MESSAGES !!!
20220606 012615.604 INFO             PET0 !!!     THIS MAY CAUSE SLOWDOWN IN PERFORMANCE     !!!
20220606 012615.604 INFO             PET0 !!! FOR PRODUCTION RUNS, USE:                      !!!
20220606 012615.604 INFO             PET0 !!!                   ESMF_LOGKIND_Multi_On_Error  !!!
20220606 012615.604 INFO             PET0 !!!!!!!!!!!!!!!!!!!!!!!!!!!!!!!!!!!!!!!!!!!!!!!!!!!!!!
20220606 012615.604 INFO             PET0 Running with ESMF Version   : v8.3.0b17-1-g6ed324f6a2
20220606 012615.604 INFO             PET0 ESMF library build date/time: "Jun  6 2022" "00:50:32"
20220606 012615.604 INFO             PET0 ESMF library build location : /lustre/f2/dev/ncep/Mark.Potts/intel_2019.5_mpi_g_release_8.3.0
20220606 012615.605 INFO             PET0 ESMF_COMM                   : mpi
20220606 012615.606 INFO             PET0 ESMF_MOAB                   : enabled
20220606 012615.606 INFO             PET0 ESMF_LAPACK                 : enabled
20220606 012615.606 INFO             PET0 ESMF_NETCDF                 : enabled
20220606 012615.606 INFO             PET0 ESMF_PNETCDF                : disabled
20220606 012615.606 INFO             PET0 ESMF_PIO                    : enabled
20220606 012615.606 INFO             PET0 ESMF_YAMLCPP                : enabled
20220606 012615.607 INFO             PET0  NUMBER_OF_PROCESSORS           1
20220606 012615.607 INFO             PET0  PASS  Example CalendarEx, ESMF_CalendarEx.F90, line 217
20220606 012615.607 INFO             PET0 Finalizing ESMF
