build time -- 2022-05-28 01:01:44
20220528 013900.590 INFO             PET0 !!!!!!!!!!!!!!!!!!!!!!!!!!!!!!!!!!!!!!!!!!!!!!!!!!!!!!
20220528 013900.591 INFO             PET0 !!! THE ESMF_LOG IS SET TO OUTPUT ALL LOG MESSAGES !!!
20220528 013900.591 INFO             PET0 !!!     THIS MAY CAUSE SLOWDOWN IN PERFORMANCE     !!!
20220528 013900.591 INFO             PET0 !!! FOR PRODUCTION RUNS, USE:                      !!!
20220528 013900.591 INFO             PET0 !!!                   ESMF_LOGKIND_Multi_On_Error  !!!
20220528 013900.591 INFO             PET0 !!!!!!!!!!!!!!!!!!!!!!!!!!!!!!!!!!!!!!!!!!!!!!!!!!!!!!
20220528 013900.591 INFO             PET0 Running with ESMF Version   : v8.3.0b16-3-gc2b47388e1
20220528 013900.591 INFO             PET0 ESMF library build date/time: "May 28 2022" "00:59:32"
20220528 013900.591 INFO             PET0 ESMF library build location : /lustre/f2/dev/ncep/Mark.Potts/intel_2019.5_mpi_g_release_8.3.0
20220528 013900.591 INFO             PET0 ESMF_COMM                   : mpi
20220528 013900.592 INFO             PET0 ESMF_MOAB                   : enabled
20220528 013900.592 INFO             PET0 ESMF_LAPACK                 : enabled
20220528 013900.592 INFO             PET0 ESMF_NETCDF                 : enabled
20220528 013900.592 INFO             PET0 ESMF_PNETCDF                : disabled
20220528 013900.592 INFO             PET0 ESMF_PIO                    : enabled
20220528 013900.592 INFO             PET0 ESMF_YAMLCPP                : enabled
20220528 013900.593 INFO             PET0  NUMBER_OF_PROCESSORS           1
20220528 013900.593 INFO             PET0  PASS  Example ESMF_TimeIntervalEx, ESMF_TimeIntervalEx.F90, line 176
20220528 013900.593 INFO             PET0 Finalizing ESMF
