build time -- 2022-06-06 02:39:56.891592
20220606 031902.276 INFO             PET0 !!!!!!!!!!!!!!!!!!!!!!!!!!!!!!!!!!!!!!!!!!!!!!!!!!!!!!
20220606 031902.276 INFO             PET0 !!! THE ESMF_LOG IS SET TO OUTPUT ALL LOG MESSAGES !!!
20220606 031902.276 INFO             PET0 !!!     THIS MAY CAUSE SLOWDOWN IN PERFORMANCE     !!!
20220606 031902.276 INFO             PET0 !!! FOR PRODUCTION RUNS, USE:                      !!!
20220606 031902.276 INFO             PET0 !!!                   ESMF_LOGKIND_Multi_On_Error  !!!
20220606 031902.276 INFO             PET0 !!!!!!!!!!!!!!!!!!!!!!!!!!!!!!!!!!!!!!!!!!!!!!!!!!!!!!
20220606 031902.276 INFO             PET0 Running with ESMF Version   : v8.3.0b17-1-g6ed324f6a2
20220606 031902.276 INFO             PET0 ESMF library build date/time: "Jun  6 2022" "02:35:36"
20220606 031902.276 INFO             PET0 ESMF library build location : /glade/scratch/dunlap/esmf-testing/gfortran_10.1.0_mpt_g_release_8.3.0
20220606 031902.276 INFO             PET0 ESMF_COMM                   : mpt
20220606 031902.276 INFO             PET0 ESMF_MOAB                   : enabled
20220606 031902.276 INFO             PET0 ESMF_LAPACK                 : enabled
20220606 031902.276 INFO             PET0 ESMF_NETCDF                 : enabled
20220606 031902.276 INFO             PET0 ESMF_PNETCDF                : disabled
20220606 031902.276 INFO             PET0 ESMF_PIO                    : enabled
20220606 031902.276 INFO             PET0 ESMF_YAMLCPP                : enabled
20220606 031902.373 DEBUG            PET0 about to destroy Grid: 0x2cbe970
20220606 031902.385 DEBUG            PET0 about to destroy Grid: 0x2cbffc0
20220606 031902.419 INFO             PET0  NUMBER_OF_PROCESSORS           4
20220606 031902.419 INFO             PET0  PASS  Example ESMF_NUOPCAtmModelEx, ESMF_NUOPCAtmModelEx.F90, line 806
20220606 031902.419 INFO             PET0 Finalizing ESMF
20220606 031902.246 INFO             PET1 !!!!!!!!!!!!!!!!!!!!!!!!!!!!!!!!!!!!!!!!!!!!!!!!!!!!!!
20220606 031902.246 INFO             PET1 !!! THE ESMF_LOG IS SET TO OUTPUT ALL LOG MESSAGES !!!
20220606 031902.246 INFO             PET1 !!!     THIS MAY CAUSE SLOWDOWN IN PERFORMANCE     !!!
20220606 031902.246 INFO             PET1 !!! FOR PRODUCTION RUNS, USE:                      !!!
20220606 031902.246 INFO             PET1 !!!                   ESMF_LOGKIND_Multi_On_Error  !!!
20220606 031902.246 INFO             PET1 !!!!!!!!!!!!!!!!!!!!!!!!!!!!!!!!!!!!!!!!!!!!!!!!!!!!!!
20220606 031902.246 INFO             PET1 Running with ESMF Version   : v8.3.0b17-1-g6ed324f6a2
20220606 031902.246 INFO             PET1 ESMF library build date/time: "Jun  6 2022" "02:35:36"
20220606 031902.246 INFO             PET1 ESMF library build location : /glade/scratch/dunlap/esmf-testing/gfortran_10.1.0_mpt_g_release_8.3.0
20220606 031902.246 INFO             PET1 ESMF_COMM                   : mpt
20220606 031902.246 INFO             PET1 ESMF_MOAB                   : enabled
20220606 031902.246 INFO             PET1 ESMF_LAPACK                 : enabled
20220606 031902.246 INFO             PET1 ESMF_NETCDF                 : enabled
20220606 031902.246 INFO             PET1 ESMF_PNETCDF                : disabled
20220606 031902.246 INFO             PET1 ESMF_PIO                    : enabled
20220606 031902.246 INFO             PET1 ESMF_YAMLCPP                : enabled
20220606 031902.373 DEBUG            PET1 about to destroy Grid: 0x2cbf700
20220606 031902.385 DEBUG            PET1 about to destroy Grid: 0x2cc0820
20220606 031902.419 INFO             PET1  NUMBER_OF_PROCESSORS           4
20220606 031902.419 INFO             PET1  PASS  Example ESMF_NUOPCAtmModelEx, ESMF_NUOPCAtmModelEx.F90, line 806
20220606 031902.419 INFO             PET1 Finalizing ESMF
20220606 031902.276 INFO             PET2 !!!!!!!!!!!!!!!!!!!!!!!!!!!!!!!!!!!!!!!!!!!!!!!!!!!!!!
20220606 031902.276 INFO             PET2 !!! THE ESMF_LOG IS SET TO OUTPUT ALL LOG MESSAGES !!!
20220606 031902.276 INFO             PET2 !!!     THIS MAY CAUSE SLOWDOWN IN PERFORMANCE     !!!
20220606 031902.276 INFO             PET2 !!! FOR PRODUCTION RUNS, USE:                      !!!
20220606 031902.276 INFO             PET2 !!!                   ESMF_LOGKIND_Multi_On_Error  !!!
20220606 031902.276 INFO             PET2 !!!!!!!!!!!!!!!!!!!!!!!!!!!!!!!!!!!!!!!!!!!!!!!!!!!!!!
20220606 031902.276 INFO             PET2 Running with ESMF Version   : v8.3.0b17-1-g6ed324f6a2
20220606 031902.276 INFO             PET2 ESMF library build date/time: "Jun  6 2022" "02:35:36"
20220606 031902.276 INFO             PET2 ESMF library build location : /glade/scratch/dunlap/esmf-testing/gfortran_10.1.0_mpt_g_release_8.3.0
20220606 031902.276 INFO             PET2 ESMF_COMM                   : mpt
20220606 031902.276 INFO             PET2 ESMF_MOAB                   : enabled
20220606 031902.276 INFO             PET2 ESMF_LAPACK                 : enabled
20220606 031902.276 INFO             PET2 ESMF_NETCDF                 : enabled
20220606 031902.276 INFO             PET2 ESMF_PNETCDF                : disabled
20220606 031902.276 INFO             PET2 ESMF_PIO                    : enabled
20220606 031902.276 INFO             PET2 ESMF_YAMLCPP                : enabled
20220606 031902.373 DEBUG            PET2 about to destroy Grid: 0x2cbea70
20220606 031902.385 DEBUG            PET2 about to destroy Grid: 0x2cbfdc0
20220606 031902.419 INFO             PET2  NUMBER_OF_PROCESSORS           4
20220606 031902.419 INFO             PET2  PASS  Example ESMF_NUOPCAtmModelEx, ESMF_NUOPCAtmModelEx.F90, line 806
20220606 031902.419 INFO             PET2 Finalizing ESMF
20220606 031902.278 INFO             PET3 !!!!!!!!!!!!!!!!!!!!!!!!!!!!!!!!!!!!!!!!!!!!!!!!!!!!!!
20220606 031902.278 INFO             PET3 !!! THE ESMF_LOG IS SET TO OUTPUT ALL LOG MESSAGES !!!
20220606 031902.278 INFO             PET3 !!!     THIS MAY CAUSE SLOWDOWN IN PERFORMANCE     !!!
20220606 031902.278 INFO             PET3 !!! FOR PRODUCTION RUNS, USE:                      !!!
20220606 031902.278 INFO             PET3 !!!                   ESMF_LOGKIND_Multi_On_Error  !!!
20220606 031902.278 INFO             PET3 !!!!!!!!!!!!!!!!!!!!!!!!!!!!!!!!!!!!!!!!!!!!!!!!!!!!!!
20220606 031902.278 INFO             PET3 Running with ESMF Version   : v8.3.0b17-1-g6ed324f6a2
20220606 031902.278 INFO             PET3 ESMF library build date/time: "Jun  6 2022" "02:35:36"
20220606 031902.278 INFO             PET3 ESMF library build location : /glade/scratch/dunlap/esmf-testing/gfortran_10.1.0_mpt_g_release_8.3.0
20220606 031902.278 INFO             PET3 ESMF_COMM                   : mpt
20220606 031902.278 INFO             PET3 ESMF_MOAB                   : enabled
20220606 031902.278 INFO             PET3 ESMF_LAPACK                 : enabled
20220606 031902.278 INFO             PET3 ESMF_NETCDF                 : enabled
20220606 031902.278 INFO             PET3 ESMF_PNETCDF                : disabled
20220606 031902.278 INFO             PET3 ESMF_PIO                    : enabled
20220606 031902.278 INFO             PET3 ESMF_YAMLCPP                : enabled
20220606 031902.373 DEBUG            PET3 about to destroy Grid: 0x2cbea40
20220606 031902.385 DEBUG            PET3 about to destroy Grid: 0x2cbfd70
20220606 031902.419 INFO             PET3  NUMBER_OF_PROCESSORS           4
20220606 031902.419 INFO             PET3  PASS  Example ESMF_NUOPCAtmModelEx, ESMF_NUOPCAtmModelEx.F90, line 806
20220606 031902.419 INFO             PET3 Finalizing ESMF
