build time -- 2022-06-03 02:32:11.835982
 localPET=           0  localDE=           0 : array(           1 ,           1 )=   0.0000000000000000     
 localPET=           0  localDE=           0 : array(           1 ,           2 )=   4.2439915829186759E-314
 localPET=           0  localDE=           0 : array(           2 ,           1 )=   4.2439915829186759E-314
 localPET=           0  localDE=           0 : array(           2 ,           2 )=   2.1219957924474693E-314
 localPET=           0  localDE=           0 : array(           3 ,           1 )=   4.2439915834127416E-314
 localPET=           0  localDE=           0 : array(           3 ,           2 )=   2.1219957919534036E-314
 localPET=           0  localDE=           1 : array(           1 ,           1 )=   1.6055892396938159E-316
 localPET=           2  localDE=           0 : array(           1 ,           1 )=   0.0000000000000000     
 localPET=           2  localDE=           0 : array(           1 ,           2 )=   4.2439915829186759E-314
 localPET=           2  localDE=           0 : array(           2 ,           1 )=   4.2439915829186759E-314
 localPET=           2  localDE=           0 : array(           2 ,           2 )=   2.1219957924474693E-314
 localPET=           2  localDE=           0 : array(           3 ,           1 )=   4.2439915834127416E-314
 localPET=           2  localDE=           0 : array(           3 ,           2 )=   2.1219957919534036E-314
 localPET=           1  localDE=           0 : array(           1 ,           1 )=   1.1564416708573555E-316
 localPET=           1  localDE=           0 : array(           1 ,           2 )=   1.0609978956308559E-313
 localPET=           1  localDE=           0 : array(           2 ,           1 )=   2.3514842522066388E-310
 localPET=           1  localDE=           0 : array(           2 ,           2 )=   1.0609978957296690E-313
 localPET=           1  localDE=           1 : array(           1 ,           1 )=   1.1566084674193915E-316
 localPET=           1  localDE=           1 : array(           2 ,           1 )=   2.3514842522058483E-310
 localPET=           0  localDE=           1 : array(           2 ,           1 )=   2.3452298957791045E-310
 localPET=           0  localDE=           1 : array(           3 ,           1 )=   0.0000000000000000     
 localPET=           3  localDE=           0 : array(           1 ,           1 )=   1.3004060760152280E-316
 localPET=           3  localDE=           0 : array(           1 ,           2 )=   0.0000000000000000     
 localPET=           3  localDE=           0 : array(           2 ,           1 )=   2.3493157671308645E-310
 localPET=           3  localDE=           0 : array(           2 ,           2 )=   0.0000000000000000     
 localPet:            2 DE            2  [           1           3 ]
 localPet:            3 DE            3  [           1           2 ]
 localPet:            1 DE            1  [           1           2 ]
 localPet:            1 DE            5  [           1           2 ]
 localPet:            0 DE            0  [           1           3 ]
 localPet:            0 DE            4  [           1           3 ]
  PASS  Example ESMF_ArrayEx, ESMF_ArrayEx.F90, line 1899
 PASS: ESMF_ArrayEx.F90
  PASS  Example ESMF_ArrayEx, ESMF_ArrayEx.F90, line 1899
 PASS: ESMF_ArrayEx.F90
  PASS  Example ESMF_ArrayEx, ESMF_ArrayEx.F90, line 1899
 PASS: ESMF_ArrayEx.F90
  PASS  Example ESMF_ArrayEx, ESMF_ArrayEx.F90, line 1899
 PASS: ESMF_ArrayEx.F90
