build time -- 2022-05-23 03:29:34
20220523 232156.567 INFO             PET0 !!!!!!!!!!!!!!!!!!!!!!!!!!!!!!!!!!!!!!!!!!!!!!!!!!!!!!
20220523 232156.572 INFO             PET0 !!! THE ESMF_LOG IS SET TO OUTPUT ALL LOG MESSAGES !!!
20220523 232156.572 INFO             PET0 !!!     THIS MAY CAUSE SLOWDOWN IN PERFORMANCE     !!!
20220523 232156.572 INFO             PET0 !!! FOR PRODUCTION RUNS, USE:                      !!!
20220523 232156.572 INFO             PET0 !!!                   ESMF_LOGKIND_Multi_On_Error  !!!
20220523 232156.572 INFO             PET0 !!!!!!!!!!!!!!!!!!!!!!!!!!!!!!!!!!!!!!!!!!!!!!!!!!!!!!
20220523 232156.572 INFO             PET0 Running with ESMF Version   : v8.3.0b16-3-gc2b47388e1
20220523 232156.573 INFO             PET0 ESMF library build date/time: "May 23 2022" "03:28:00"
20220523 232156.573 INFO             PET0 ESMF library build location : /global/cscratch1/sd/rsdunlap/esmf-testing/intel_19.1.2_mpi_g_release_8.3.0
20220523 232156.573 INFO             PET0 ESMF_COMM                   : mpi
20220523 232156.577 INFO             PET0 ESMF_MOAB                   : enabled
20220523 232156.577 INFO             PET0 ESMF_LAPACK                 : enabled
20220523 232156.578 INFO             PET0 ESMF_NETCDF                 : enabled
20220523 232156.578 INFO             PET0 ESMF_PNETCDF                : disabled
20220523 232156.578 INFO             PET0 ESMF_PIO                    : enabled
20220523 232156.578 INFO             PET0 ESMF_YAMLCPP                : enabled
20220523 232156.598 INFO             PET0  NUMBER_OF_PROCESSORS           4
20220523 232156.599 INFO             PET0  PASS  Example ESMF_InternalStateEx, ESMF_InternalStateEx.F90, line 132
20220523 232156.600 INFO             PET0 Finalizing ESMF
20220523 232156.567 INFO             PET1 !!!!!!!!!!!!!!!!!!!!!!!!!!!!!!!!!!!!!!!!!!!!!!!!!!!!!!
20220523 232156.572 INFO             PET1 !!! THE ESMF_LOG IS SET TO OUTPUT ALL LOG MESSAGES !!!
20220523 232156.572 INFO             PET1 !!!     THIS MAY CAUSE SLOWDOWN IN PERFORMANCE     !!!
20220523 232156.572 INFO             PET1 !!! FOR PRODUCTION RUNS, USE:                      !!!
20220523 232156.572 INFO             PET1 !!!                   ESMF_LOGKIND_Multi_On_Error  !!!
20220523 232156.572 INFO             PET1 !!!!!!!!!!!!!!!!!!!!!!!!!!!!!!!!!!!!!!!!!!!!!!!!!!!!!!
20220523 232156.572 INFO             PET1 Running with ESMF Version   : v8.3.0b16-3-gc2b47388e1
20220523 232156.573 INFO             PET1 ESMF library build date/time: "May 23 2022" "03:28:00"
20220523 232156.573 INFO             PET1 ESMF library build location : /global/cscratch1/sd/rsdunlap/esmf-testing/intel_19.1.2_mpi_g_release_8.3.0
20220523 232156.573 INFO             PET1 ESMF_COMM                   : mpi
20220523 232156.577 INFO             PET1 ESMF_MOAB                   : enabled
20220523 232156.577 INFO             PET1 ESMF_LAPACK                 : enabled
20220523 232156.578 INFO             PET1 ESMF_NETCDF                 : enabled
20220523 232156.578 INFO             PET1 ESMF_PNETCDF                : disabled
20220523 232156.578 INFO             PET1 ESMF_PIO                    : enabled
20220523 232156.578 INFO             PET1 ESMF_YAMLCPP                : enabled
20220523 232156.598 INFO             PET1  NUMBER_OF_PROCESSORS           4
20220523 232156.599 INFO             PET1  PASS  Example ESMF_InternalStateEx, ESMF_InternalStateEx.F90, line 132
20220523 232156.600 INFO             PET1 Finalizing ESMF
20220523 232156.567 INFO             PET2 !!!!!!!!!!!!!!!!!!!!!!!!!!!!!!!!!!!!!!!!!!!!!!!!!!!!!!
20220523 232156.572 INFO             PET2 !!! THE ESMF_LOG IS SET TO OUTPUT ALL LOG MESSAGES !!!
20220523 232156.572 INFO             PET2 !!!     THIS MAY CAUSE SLOWDOWN IN PERFORMANCE     !!!
20220523 232156.572 INFO             PET2 !!! FOR PRODUCTION RUNS, USE:                      !!!
20220523 232156.572 INFO             PET2 !!!                   ESMF_LOGKIND_Multi_On_Error  !!!
20220523 232156.572 INFO             PET2 !!!!!!!!!!!!!!!!!!!!!!!!!!!!!!!!!!!!!!!!!!!!!!!!!!!!!!
20220523 232156.572 INFO             PET2 Running with ESMF Version   : v8.3.0b16-3-gc2b47388e1
20220523 232156.573 INFO             PET2 ESMF library build date/time: "May 23 2022" "03:28:00"
20220523 232156.573 INFO             PET2 ESMF library build location : /global/cscratch1/sd/rsdunlap/esmf-testing/intel_19.1.2_mpi_g_release_8.3.0
20220523 232156.573 INFO             PET2 ESMF_COMM                   : mpi
20220523 232156.577 INFO             PET2 ESMF_MOAB                   : enabled
20220523 232156.577 INFO             PET2 ESMF_LAPACK                 : enabled
20220523 232156.577 INFO             PET2 ESMF_NETCDF                 : enabled
20220523 232156.578 INFO             PET2 ESMF_PNETCDF                : disabled
20220523 232156.578 INFO             PET2 ESMF_PIO                    : enabled
20220523 232156.578 INFO             PET2 ESMF_YAMLCPP                : enabled
20220523 232156.598 INFO             PET2  NUMBER_OF_PROCESSORS           4
20220523 232156.599 INFO             PET2  PASS  Example ESMF_InternalStateEx, ESMF_InternalStateEx.F90, line 132
20220523 232156.600 INFO             PET2 Finalizing ESMF
20220523 232156.567 INFO             PET3 !!!!!!!!!!!!!!!!!!!!!!!!!!!!!!!!!!!!!!!!!!!!!!!!!!!!!!
20220523 232156.572 INFO             PET3 !!! THE ESMF_LOG IS SET TO OUTPUT ALL LOG MESSAGES !!!
20220523 232156.572 INFO             PET3 !!!     THIS MAY CAUSE SLOWDOWN IN PERFORMANCE     !!!
20220523 232156.572 INFO             PET3 !!! FOR PRODUCTION RUNS, USE:                      !!!
20220523 232156.572 INFO             PET3 !!!                   ESMF_LOGKIND_Multi_On_Error  !!!
20220523 232156.572 INFO             PET3 !!!!!!!!!!!!!!!!!!!!!!!!!!!!!!!!!!!!!!!!!!!!!!!!!!!!!!
20220523 232156.572 INFO             PET3 Running with ESMF Version   : v8.3.0b16-3-gc2b47388e1
20220523 232156.573 INFO             PET3 ESMF library build date/time: "May 23 2022" "03:28:00"
20220523 232156.573 INFO             PET3 ESMF library build location : /global/cscratch1/sd/rsdunlap/esmf-testing/intel_19.1.2_mpi_g_release_8.3.0
20220523 232156.573 INFO             PET3 ESMF_COMM                   : mpi
20220523 232156.577 INFO             PET3 ESMF_MOAB                   : enabled
20220523 232156.577 INFO             PET3 ESMF_LAPACK                 : enabled
20220523 232156.578 INFO             PET3 ESMF_NETCDF                 : enabled
20220523 232156.578 INFO             PET3 ESMF_PNETCDF                : disabled
20220523 232156.578 INFO             PET3 ESMF_PIO                    : enabled
20220523 232156.578 INFO             PET3 ESMF_YAMLCPP                : enabled
20220523 232156.598 INFO             PET3  NUMBER_OF_PROCESSORS           4
20220523 232156.599 INFO             PET3  PASS  Example ESMF_InternalStateEx, ESMF_InternalStateEx.F90, line 132
20220523 232156.600 INFO             PET3 Finalizing ESMF
