build time -- 2022-06-06 03:35:25
20220606 151430.616 INFO             PET0 !!!!!!!!!!!!!!!!!!!!!!!!!!!!!!!!!!!!!!!!!!!!!!!!!!!!!!
20220606 151430.616 INFO             PET0 !!! THE ESMF_LOG IS SET TO OUTPUT ALL LOG MESSAGES !!!
20220606 151430.616 INFO             PET0 !!!     THIS MAY CAUSE SLOWDOWN IN PERFORMANCE     !!!
20220606 151430.616 INFO             PET0 !!! FOR PRODUCTION RUNS, USE:                      !!!
20220606 151430.616 INFO             PET0 !!!                   ESMF_LOGKIND_Multi_On_Error  !!!
20220606 151430.616 INFO             PET0 !!!!!!!!!!!!!!!!!!!!!!!!!!!!!!!!!!!!!!!!!!!!!!!!!!!!!!
20220606 151430.616 INFO             PET0 Running with ESMF Version   : v8.3.0b17-1-g6ed324f6a2
20220606 151430.616 INFO             PET0 ESMF library build date/time: "Jun  6 2022" "03:33:22"
20220606 151430.616 INFO             PET0 ESMF library build location : /global/cscratch1/sd/rsdunlap/esmf-testing/intel_19.1.2_mpi_g_release_8.3.0
20220606 151430.616 INFO             PET0 ESMF_COMM                   : mpi
20220606 151430.619 INFO             PET0 ESMF_MOAB                   : enabled
20220606 151430.619 INFO             PET0 ESMF_LAPACK                 : enabled
20220606 151430.619 INFO             PET0 ESMF_NETCDF                 : enabled
20220606 151430.619 INFO             PET0 ESMF_PNETCDF                : disabled
20220606 151430.619 INFO             PET0 ESMF_PIO                    : enabled
20220606 151430.619 INFO             PET0 ESMF_YAMLCPP                : enabled
20220606 151431.336 DEBUG            PET0 about to destroy Grid: 0x100001e7480
20220606 151431.341 DEBUG            PET0 about to destroy Grid: 0x100001ea810
20220606 151431.401 INFO             PET0  NUMBER_OF_PROCESSORS           4
20220606 151431.401 INFO             PET0  PASS  Example ESMF_NUOPCAtmModelEx, ESMF_NUOPCAtmModelEx.F90, line 806
20220606 151431.401 INFO             PET0 Finalizing ESMF
20220606 151430.614 INFO             PET1 !!!!!!!!!!!!!!!!!!!!!!!!!!!!!!!!!!!!!!!!!!!!!!!!!!!!!!
20220606 151430.614 INFO             PET1 !!! THE ESMF_LOG IS SET TO OUTPUT ALL LOG MESSAGES !!!
20220606 151430.614 INFO             PET1 !!!     THIS MAY CAUSE SLOWDOWN IN PERFORMANCE     !!!
20220606 151430.614 INFO             PET1 !!! FOR PRODUCTION RUNS, USE:                      !!!
20220606 151430.614 INFO             PET1 !!!                   ESMF_LOGKIND_Multi_On_Error  !!!
20220606 151430.614 INFO             PET1 !!!!!!!!!!!!!!!!!!!!!!!!!!!!!!!!!!!!!!!!!!!!!!!!!!!!!!
20220606 151430.614 INFO             PET1 Running with ESMF Version   : v8.3.0b17-1-g6ed324f6a2
20220606 151430.614 INFO             PET1 ESMF library build date/time: "Jun  6 2022" "03:33:22"
20220606 151430.614 INFO             PET1 ESMF library build location : /global/cscratch1/sd/rsdunlap/esmf-testing/intel_19.1.2_mpi_g_release_8.3.0
20220606 151430.614 INFO             PET1 ESMF_COMM                   : mpi
20220606 151430.615 INFO             PET1 ESMF_MOAB                   : enabled
20220606 151430.615 INFO             PET1 ESMF_LAPACK                 : enabled
20220606 151430.615 INFO             PET1 ESMF_NETCDF                 : enabled
20220606 151430.615 INFO             PET1 ESMF_PNETCDF                : disabled
20220606 151430.615 INFO             PET1 ESMF_PIO                    : enabled
20220606 151430.615 INFO             PET1 ESMF_YAMLCPP                : enabled
20220606 151431.336 DEBUG            PET1 about to destroy Grid: 0x100001e6c60
20220606 151431.341 DEBUG            PET1 about to destroy Grid: 0x100001e81e0
20220606 151431.401 INFO             PET1  NUMBER_OF_PROCESSORS           4
20220606 151431.401 INFO             PET1  PASS  Example ESMF_NUOPCAtmModelEx, ESMF_NUOPCAtmModelEx.F90, line 806
20220606 151431.401 INFO             PET1 Finalizing ESMF
20220606 151430.615 INFO             PET2 !!!!!!!!!!!!!!!!!!!!!!!!!!!!!!!!!!!!!!!!!!!!!!!!!!!!!!
20220606 151430.615 INFO             PET2 !!! THE ESMF_LOG IS SET TO OUTPUT ALL LOG MESSAGES !!!
20220606 151430.615 INFO             PET2 !!!     THIS MAY CAUSE SLOWDOWN IN PERFORMANCE     !!!
20220606 151430.615 INFO             PET2 !!! FOR PRODUCTION RUNS, USE:                      !!!
20220606 151430.615 INFO             PET2 !!!                   ESMF_LOGKIND_Multi_On_Error  !!!
20220606 151430.615 INFO             PET2 !!!!!!!!!!!!!!!!!!!!!!!!!!!!!!!!!!!!!!!!!!!!!!!!!!!!!!
20220606 151430.615 INFO             PET2 Running with ESMF Version   : v8.3.0b17-1-g6ed324f6a2
20220606 151430.615 INFO             PET2 ESMF library build date/time: "Jun  6 2022" "03:33:22"
20220606 151430.615 INFO             PET2 ESMF library build location : /global/cscratch1/sd/rsdunlap/esmf-testing/intel_19.1.2_mpi_g_release_8.3.0
20220606 151430.615 INFO             PET2 ESMF_COMM                   : mpi
20220606 151430.617 INFO             PET2 ESMF_MOAB                   : enabled
20220606 151430.617 INFO             PET2 ESMF_LAPACK                 : enabled
20220606 151430.617 INFO             PET2 ESMF_NETCDF                 : enabled
20220606 151430.617 INFO             PET2 ESMF_PNETCDF                : disabled
20220606 151430.617 INFO             PET2 ESMF_PIO                    : enabled
20220606 151430.617 INFO             PET2 ESMF_YAMLCPP                : enabled
20220606 151431.336 DEBUG            PET2 about to destroy Grid: 0x100001e6fd0
20220606 151431.341 DEBUG            PET2 about to destroy Grid: 0x100001e8530
20220606 151431.401 INFO             PET2  NUMBER_OF_PROCESSORS           4
20220606 151431.401 INFO             PET2  PASS  Example ESMF_NUOPCAtmModelEx, ESMF_NUOPCAtmModelEx.F90, line 806
20220606 151431.401 INFO             PET2 Finalizing ESMF
20220606 151430.570 INFO             PET3 !!!!!!!!!!!!!!!!!!!!!!!!!!!!!!!!!!!!!!!!!!!!!!!!!!!!!!
20220606 151430.578 INFO             PET3 !!! THE ESMF_LOG IS SET TO OUTPUT ALL LOG MESSAGES !!!
20220606 151430.578 INFO             PET3 !!!     THIS MAY CAUSE SLOWDOWN IN PERFORMANCE     !!!
20220606 151430.578 INFO             PET3 !!! FOR PRODUCTION RUNS, USE:                      !!!
20220606 151430.578 INFO             PET3 !!!                   ESMF_LOGKIND_Multi_On_Error  !!!
20220606 151430.578 INFO             PET3 !!!!!!!!!!!!!!!!!!!!!!!!!!!!!!!!!!!!!!!!!!!!!!!!!!!!!!
20220606 151430.578 INFO             PET3 Running with ESMF Version   : v8.3.0b17-1-g6ed324f6a2
20220606 151430.579 INFO             PET3 ESMF library build date/time: "Jun  6 2022" "03:33:22"
20220606 151430.579 INFO             PET3 ESMF library build location : /global/cscratch1/sd/rsdunlap/esmf-testing/intel_19.1.2_mpi_g_release_8.3.0
20220606 151430.579 INFO             PET3 ESMF_COMM                   : mpi
20220606 151430.604 INFO             PET3 ESMF_MOAB                   : enabled
20220606 151430.604 INFO             PET3 ESMF_LAPACK                 : enabled
20220606 151430.604 INFO             PET3 ESMF_NETCDF                 : enabled
20220606 151430.604 INFO             PET3 ESMF_PNETCDF                : disabled
20220606 151430.605 INFO             PET3 ESMF_PIO                    : enabled
20220606 151430.605 INFO             PET3 ESMF_YAMLCPP                : enabled
20220606 151431.336 DEBUG            PET3 about to destroy Grid: 0x100001e6c60
20220606 151431.341 DEBUG            PET3 about to destroy Grid: 0x100001e81e0
20220606 151431.401 INFO             PET3  NUMBER_OF_PROCESSORS           4
20220606 151431.401 INFO             PET3  PASS  Example ESMF_NUOPCAtmModelEx, ESMF_NUOPCAtmModelEx.F90, line 806
20220606 151431.401 INFO             PET3 Finalizing ESMF
