build time -- 2022-06-05 04:40:51
20220605 214232.256 INFO             PET0 !!!!!!!!!!!!!!!!!!!!!!!!!!!!!!!!!!!!!!!!!!!!!!!!!!!!!!
20220605 214232.256 INFO             PET0 !!! THE ESMF_LOG IS SET TO OUTPUT ALL LOG MESSAGES !!!
20220605 214232.256 INFO             PET0 !!!     THIS MAY CAUSE SLOWDOWN IN PERFORMANCE     !!!
20220605 214232.256 INFO             PET0 !!! FOR PRODUCTION RUNS, USE:                      !!!
20220605 214232.256 INFO             PET0 !!!                   ESMF_LOGKIND_Multi_On_Error  !!!
20220605 214232.256 INFO             PET0 !!!!!!!!!!!!!!!!!!!!!!!!!!!!!!!!!!!!!!!!!!!!!!!!!!!!!!
20220605 214232.256 INFO             PET0 Running with ESMF Version   : v8.3.0b17-1-g6ed324f6a2
20220605 214232.256 INFO             PET0 ESMF library build date/time: "Jun  5 2022" "04:39:12"
20220605 214232.257 INFO             PET0 ESMF library build location : /global/cscratch1/sd/rsdunlap/esmf-testing/intel_19.1.2_mpi_g_release_8.3.0
20220605 214232.257 INFO             PET0 ESMF_COMM                   : mpi
20220605 214232.258 INFO             PET0 ESMF_MOAB                   : enabled
20220605 214232.258 INFO             PET0 ESMF_LAPACK                 : enabled
20220605 214232.258 INFO             PET0 ESMF_NETCDF                 : enabled
20220605 214232.258 INFO             PET0 ESMF_PNETCDF                : disabled
20220605 214232.258 INFO             PET0 ESMF_PIO                    : enabled
20220605 214232.258 INFO             PET0 ESMF_YAMLCPP                : enabled
20220605 214232.259 INFO             PET0  NUMBER_OF_PROCESSORS           1
20220605 214232.259 INFO             PET0  PASS  Example ESMF_AlarmEx, ESMF_AlarmEx.F90, line 244
20220605 214232.259 INFO             PET0 Finalizing ESMF
