build time -- 2022-06-02 03:01:45.890971
20220602 042155.990 INFO             PET0 !!!!!!!!!!!!!!!!!!!!!!!!!!!!!!!!!!!!!!!!!!!!!!!!!!!!!!
20220602 042155.990 INFO             PET0 !!! THE ESMF_LOG IS SET TO OUTPUT ALL LOG MESSAGES !!!
20220602 042155.990 INFO             PET0 !!!     THIS MAY CAUSE SLOWDOWN IN PERFORMANCE     !!!
20220602 042155.990 INFO             PET0 !!! FOR PRODUCTION RUNS, USE:                      !!!
20220602 042155.990 INFO             PET0 !!!                   ESMF_LOGKIND_Multi_On_Error  !!!
20220602 042155.990 INFO             PET0 !!!!!!!!!!!!!!!!!!!!!!!!!!!!!!!!!!!!!!!!!!!!!!!!!!!!!!
20220602 042155.990 INFO             PET0 Running with ESMF Version   : v8.3.0b16-4-g64dc951248
20220602 042155.990 INFO             PET0 ESMF library build date/time: "Jun  2 2022" "02:53:16"
20220602 042155.990 INFO             PET0 ESMF library build location : /glade/scratch/dunlap/esmf-testing/intel_18.0.5_openmpi_O_release_8.3.0
20220602 042155.990 INFO             PET0 ESMF_COMM                   : openmpi
20220602 042155.990 INFO             PET0 ESMF_MOAB                   : enabled
20220602 042155.990 INFO             PET0 ESMF_LAPACK                 : enabled
20220602 042155.990 INFO             PET0 ESMF_NETCDF                 : enabled
20220602 042155.990 INFO             PET0 ESMF_PNETCDF                : disabled
20220602 042155.990 INFO             PET0 ESMF_PIO                    : enabled
20220602 042155.990 INFO             PET0 ESMF_YAMLCPP                : enabled
20220602 042156.037 DEBUG            PET0 about to destroy Grid: 0x13de7e0
20220602 042156.041 DEBUG            PET0 about to destroy Grid: 0x13df6d0
20220602 042156.054 INFO             PET0  NUMBER_OF_PROCESSORS           4
20220602 042156.054 INFO             PET0  PASS  Example ESMF_NUOPCAtmModelEx, ESMF_NUOPCAtmModelEx.F90, line 806
20220602 042156.054 INFO             PET0 Finalizing ESMF
20220602 042155.989 INFO             PET1 !!!!!!!!!!!!!!!!!!!!!!!!!!!!!!!!!!!!!!!!!!!!!!!!!!!!!!
20220602 042155.990 INFO             PET1 !!! THE ESMF_LOG IS SET TO OUTPUT ALL LOG MESSAGES !!!
20220602 042155.990 INFO             PET1 !!!     THIS MAY CAUSE SLOWDOWN IN PERFORMANCE     !!!
20220602 042155.990 INFO             PET1 !!! FOR PRODUCTION RUNS, USE:                      !!!
20220602 042155.990 INFO             PET1 !!!                   ESMF_LOGKIND_Multi_On_Error  !!!
20220602 042155.990 INFO             PET1 !!!!!!!!!!!!!!!!!!!!!!!!!!!!!!!!!!!!!!!!!!!!!!!!!!!!!!
20220602 042155.990 INFO             PET1 Running with ESMF Version   : v8.3.0b16-4-g64dc951248
20220602 042155.990 INFO             PET1 ESMF library build date/time: "Jun  2 2022" "02:53:16"
20220602 042155.990 INFO             PET1 ESMF library build location : /glade/scratch/dunlap/esmf-testing/intel_18.0.5_openmpi_O_release_8.3.0
20220602 042155.990 INFO             PET1 ESMF_COMM                   : openmpi
20220602 042155.990 INFO             PET1 ESMF_MOAB                   : enabled
20220602 042155.990 INFO             PET1 ESMF_LAPACK                 : enabled
20220602 042155.990 INFO             PET1 ESMF_NETCDF                 : enabled
20220602 042155.990 INFO             PET1 ESMF_PNETCDF                : disabled
20220602 042155.990 INFO             PET1 ESMF_PIO                    : enabled
20220602 042155.990 INFO             PET1 ESMF_YAMLCPP                : enabled
20220602 042156.037 DEBUG            PET1 about to destroy Grid: 0x141bb60
20220602 042156.041 DEBUG            PET1 about to destroy Grid: 0x1430070
20220602 042156.054 INFO             PET1  NUMBER_OF_PROCESSORS           4
20220602 042156.054 INFO             PET1  PASS  Example ESMF_NUOPCAtmModelEx, ESMF_NUOPCAtmModelEx.F90, line 806
20220602 042156.054 INFO             PET1 Finalizing ESMF
20220602 042155.989 INFO             PET2 !!!!!!!!!!!!!!!!!!!!!!!!!!!!!!!!!!!!!!!!!!!!!!!!!!!!!!
20220602 042155.989 INFO             PET2 !!! THE ESMF_LOG IS SET TO OUTPUT ALL LOG MESSAGES !!!
20220602 042155.989 INFO             PET2 !!!     THIS MAY CAUSE SLOWDOWN IN PERFORMANCE     !!!
20220602 042155.989 INFO             PET2 !!! FOR PRODUCTION RUNS, USE:                      !!!
20220602 042155.989 INFO             PET2 !!!                   ESMF_LOGKIND_Multi_On_Error  !!!
20220602 042155.989 INFO             PET2 !!!!!!!!!!!!!!!!!!!!!!!!!!!!!!!!!!!!!!!!!!!!!!!!!!!!!!
20220602 042155.989 INFO             PET2 Running with ESMF Version   : v8.3.0b16-4-g64dc951248
20220602 042155.989 INFO             PET2 ESMF library build date/time: "Jun  2 2022" "02:53:16"
20220602 042155.989 INFO             PET2 ESMF library build location : /glade/scratch/dunlap/esmf-testing/intel_18.0.5_openmpi_O_release_8.3.0
20220602 042155.989 INFO             PET2 ESMF_COMM                   : openmpi
20220602 042155.990 INFO             PET2 ESMF_MOAB                   : enabled
20220602 042155.990 INFO             PET2 ESMF_LAPACK                 : enabled
20220602 042155.990 INFO             PET2 ESMF_NETCDF                 : enabled
20220602 042155.990 INFO             PET2 ESMF_PNETCDF                : disabled
20220602 042155.990 INFO             PET2 ESMF_PIO                    : enabled
20220602 042155.990 INFO             PET2 ESMF_YAMLCPP                : enabled
20220602 042156.037 DEBUG            PET2 about to destroy Grid: 0x23b9d10
20220602 042156.041 DEBUG            PET2 about to destroy Grid: 0x23ce270
20220602 042156.054 INFO             PET2  NUMBER_OF_PROCESSORS           4
20220602 042156.054 INFO             PET2  PASS  Example ESMF_NUOPCAtmModelEx, ESMF_NUOPCAtmModelEx.F90, line 806
20220602 042156.054 INFO             PET2 Finalizing ESMF
20220602 042155.990 INFO             PET3 !!!!!!!!!!!!!!!!!!!!!!!!!!!!!!!!!!!!!!!!!!!!!!!!!!!!!!
20220602 042155.990 INFO             PET3 !!! THE ESMF_LOG IS SET TO OUTPUT ALL LOG MESSAGES !!!
20220602 042155.990 INFO             PET3 !!!     THIS MAY CAUSE SLOWDOWN IN PERFORMANCE     !!!
20220602 042155.990 INFO             PET3 !!! FOR PRODUCTION RUNS, USE:                      !!!
20220602 042155.990 INFO             PET3 !!!                   ESMF_LOGKIND_Multi_On_Error  !!!
20220602 042155.990 INFO             PET3 !!!!!!!!!!!!!!!!!!!!!!!!!!!!!!!!!!!!!!!!!!!!!!!!!!!!!!
20220602 042155.990 INFO             PET3 Running with ESMF Version   : v8.3.0b16-4-g64dc951248
20220602 042155.990 INFO             PET3 ESMF library build date/time: "Jun  2 2022" "02:53:16"
20220602 042155.990 INFO             PET3 ESMF library build location : /glade/scratch/dunlap/esmf-testing/intel_18.0.5_openmpi_O_release_8.3.0
20220602 042155.990 INFO             PET3 ESMF_COMM                   : openmpi
20220602 042155.990 INFO             PET3 ESMF_MOAB                   : enabled
20220602 042155.990 INFO             PET3 ESMF_LAPACK                 : enabled
20220602 042155.990 INFO             PET3 ESMF_NETCDF                 : enabled
20220602 042155.990 INFO             PET3 ESMF_PNETCDF                : disabled
20220602 042155.990 INFO             PET3 ESMF_PIO                    : enabled
20220602 042155.990 INFO             PET3 ESMF_YAMLCPP                : enabled
20220602 042156.037 DEBUG            PET3 about to destroy Grid: 0x2628070
20220602 042156.041 DEBUG            PET3 about to destroy Grid: 0x26290d0
20220602 042156.054 INFO             PET3  NUMBER_OF_PROCESSORS           4
20220602 042156.054 INFO             PET3  PASS  Example ESMF_NUOPCAtmModelEx, ESMF_NUOPCAtmModelEx.F90, line 806
20220602 042156.054 INFO             PET3 Finalizing ESMF
