build time -- 2022-06-06 03:04:13.133274
20220606 042039.282 INFO             PET0 !!!!!!!!!!!!!!!!!!!!!!!!!!!!!!!!!!!!!!!!!!!!!!!!!!!!!!
20220606 042039.282 INFO             PET0 !!! THE ESMF_LOG IS SET TO OUTPUT ALL LOG MESSAGES !!!
20220606 042039.282 INFO             PET0 !!!     THIS MAY CAUSE SLOWDOWN IN PERFORMANCE     !!!
20220606 042039.282 INFO             PET0 !!! FOR PRODUCTION RUNS, USE:                      !!!
20220606 042039.282 INFO             PET0 !!!                   ESMF_LOGKIND_Multi_On_Error  !!!
20220606 042039.282 INFO             PET0 !!!!!!!!!!!!!!!!!!!!!!!!!!!!!!!!!!!!!!!!!!!!!!!!!!!!!!
20220606 042039.282 INFO             PET0 Running with ESMF Version   : v8.3.0b17-1-g6ed324f6a2
20220606 042039.282 INFO             PET0 ESMF library build date/time: "Jun  6 2022" "03:00:19"
20220606 042039.282 INFO             PET0 ESMF library build location : /glade/scratch/dunlap/esmf-testing/nvhpc_22.2_mpt_g_release_8.3.0
20220606 042039.282 INFO             PET0 ESMF_COMM                   : mpt
20220606 042039.282 INFO             PET0 ESMF_MOAB                   : enabled
20220606 042039.282 INFO             PET0 ESMF_LAPACK                 : enabled
20220606 042039.282 INFO             PET0 ESMF_NETCDF                 : enabled
20220606 042039.282 INFO             PET0 ESMF_PNETCDF                : disabled
20220606 042039.282 INFO             PET0 ESMF_PIO                    : enabled
20220606 042039.282 INFO             PET0 ESMF_YAMLCPP                : enabled
20220606 042039.282 INFO             PET0  NUMBER_OF_PROCESSORS            4
20220606 042039.282 INFO             PET0  PASS  Example ESMF_VMUserMpiCommMultiEx, ESMF_VMUserMpiCommMultiEx.F90, line 126
20220606 042039.282 INFO             PET0 Finalizing ESMF
20220606 042039.282 INFO             PET0 !!!!!!!!!!!!!!!!!!!!!!!!!!!!!!!!!!!!!!!!!!!!!!!!!!!!!!
20220606 042039.283 INFO             PET0 !!! THE ESMF_LOG IS SET TO OUTPUT ALL LOG MESSAGES !!!
20220606 042039.283 INFO             PET0 !!!     THIS MAY CAUSE SLOWDOWN IN PERFORMANCE     !!!
20220606 042039.283 INFO             PET0 !!! FOR PRODUCTION RUNS, USE:                      !!!
20220606 042039.283 INFO             PET0 !!!                   ESMF_LOGKIND_Multi_On_Error  !!!
20220606 042039.283 INFO             PET0 !!!!!!!!!!!!!!!!!!!!!!!!!!!!!!!!!!!!!!!!!!!!!!!!!!!!!!
20220606 042039.283 INFO             PET0 Running with ESMF Version   : v8.3.0b17-1-g6ed324f6a2
20220606 042039.283 INFO             PET0 ESMF library build date/time: "Jun  6 2022" "03:00:19"
20220606 042039.283 INFO             PET0 ESMF library build location : /glade/scratch/dunlap/esmf-testing/nvhpc_22.2_mpt_g_release_8.3.0
20220606 042039.283 INFO             PET0 ESMF_COMM                   : mpt
20220606 042039.283 INFO             PET0 ESMF_MOAB                   : enabled
20220606 042039.283 INFO             PET0 ESMF_LAPACK                 : enabled
20220606 042039.283 INFO             PET0 ESMF_NETCDF                 : enabled
20220606 042039.283 INFO             PET0 ESMF_PNETCDF                : disabled
20220606 042039.283 INFO             PET0 ESMF_PIO                    : enabled
20220606 042039.283 INFO             PET0 ESMF_YAMLCPP                : enabled
20220606 042039.283 INFO             PET0  NUMBER_OF_PROCESSORS            4
20220606 042039.283 INFO             PET0  PASS  Example ESMF_VMUserMpiCommMultiEx, ESMF_VMUserMpiCommMultiEx.F90, line 154
20220606 042039.283 INFO             PET0 Finalizing ESMF
20220606 042039.281 INFO             PET1 !!!!!!!!!!!!!!!!!!!!!!!!!!!!!!!!!!!!!!!!!!!!!!!!!!!!!!
20220606 042039.281 INFO             PET1 !!! THE ESMF_LOG IS SET TO OUTPUT ALL LOG MESSAGES !!!
20220606 042039.281 INFO             PET1 !!!     THIS MAY CAUSE SLOWDOWN IN PERFORMANCE     !!!
20220606 042039.281 INFO             PET1 !!! FOR PRODUCTION RUNS, USE:                      !!!
20220606 042039.281 INFO             PET1 !!!                   ESMF_LOGKIND_Multi_On_Error  !!!
20220606 042039.281 INFO             PET1 !!!!!!!!!!!!!!!!!!!!!!!!!!!!!!!!!!!!!!!!!!!!!!!!!!!!!!
20220606 042039.281 INFO             PET1 Running with ESMF Version   : v8.3.0b17-1-g6ed324f6a2
20220606 042039.281 INFO             PET1 ESMF library build date/time: "Jun  6 2022" "03:00:19"
20220606 042039.281 INFO             PET1 ESMF library build location : /glade/scratch/dunlap/esmf-testing/nvhpc_22.2_mpt_g_release_8.3.0
20220606 042039.281 INFO             PET1 ESMF_COMM                   : mpt
20220606 042039.281 INFO             PET1 ESMF_MOAB                   : enabled
20220606 042039.281 INFO             PET1 ESMF_LAPACK                 : enabled
20220606 042039.281 INFO             PET1 ESMF_NETCDF                 : enabled
20220606 042039.281 INFO             PET1 ESMF_PNETCDF                : disabled
20220606 042039.281 INFO             PET1 ESMF_PIO                    : enabled
20220606 042039.281 INFO             PET1 ESMF_YAMLCPP                : enabled
20220606 042039.282 INFO             PET1  NUMBER_OF_PROCESSORS            4
20220606 042039.282 INFO             PET1  PASS  Example ESMF_VMUserMpiCommMultiEx, ESMF_VMUserMpiCommMultiEx.F90, line 126
20220606 042039.282 INFO             PET1 Finalizing ESMF
20220606 042039.282 INFO             PET1 !!!!!!!!!!!!!!!!!!!!!!!!!!!!!!!!!!!!!!!!!!!!!!!!!!!!!!
20220606 042039.282 INFO             PET1 !!! THE ESMF_LOG IS SET TO OUTPUT ALL LOG MESSAGES !!!
20220606 042039.282 INFO             PET1 !!!     THIS MAY CAUSE SLOWDOWN IN PERFORMANCE     !!!
20220606 042039.282 INFO             PET1 !!! FOR PRODUCTION RUNS, USE:                      !!!
20220606 042039.282 INFO             PET1 !!!                   ESMF_LOGKIND_Multi_On_Error  !!!
20220606 042039.282 INFO             PET1 !!!!!!!!!!!!!!!!!!!!!!!!!!!!!!!!!!!!!!!!!!!!!!!!!!!!!!
20220606 042039.282 INFO             PET1 Running with ESMF Version   : v8.3.0b17-1-g6ed324f6a2
20220606 042039.282 INFO             PET1 ESMF library build date/time: "Jun  6 2022" "03:00:19"
20220606 042039.282 INFO             PET1 ESMF library build location : /glade/scratch/dunlap/esmf-testing/nvhpc_22.2_mpt_g_release_8.3.0
20220606 042039.282 INFO             PET1 ESMF_COMM                   : mpt
20220606 042039.282 INFO             PET1 ESMF_MOAB                   : enabled
20220606 042039.282 INFO             PET1 ESMF_LAPACK                 : enabled
20220606 042039.282 INFO             PET1 ESMF_NETCDF                 : enabled
20220606 042039.282 INFO             PET1 ESMF_PNETCDF                : disabled
20220606 042039.282 INFO             PET1 ESMF_PIO                    : enabled
20220606 042039.282 INFO             PET1 ESMF_YAMLCPP                : enabled
20220606 042039.283 INFO             PET1  NUMBER_OF_PROCESSORS            4
20220606 042039.283 INFO             PET1  PASS  Example ESMF_VMUserMpiCommMultiEx, ESMF_VMUserMpiCommMultiEx.F90, line 154
20220606 042039.283 INFO             PET1 Finalizing ESMF
