build time -- 2022-06-03 02:36:56
20220603 025904.961 INFO             PET0 !!!!!!!!!!!!!!!!!!!!!!!!!!!!!!!!!!!!!!!!!!!!!!!!!!!!!!
20220603 025904.961 INFO             PET0 !!! THE ESMF_LOG IS SET TO OUTPUT ALL LOG MESSAGES !!!
20220603 025904.961 INFO             PET0 !!!     THIS MAY CAUSE SLOWDOWN IN PERFORMANCE     !!!
20220603 025904.961 INFO             PET0 !!! FOR PRODUCTION RUNS, USE:                      !!!
20220603 025904.961 INFO             PET0 !!!                   ESMF_LOGKIND_Multi_On_Error  !!!
20220603 025904.961 INFO             PET0 !!!!!!!!!!!!!!!!!!!!!!!!!!!!!!!!!!!!!!!!!!!!!!!!!!!!!!
20220603 025904.961 INFO             PET0 Running with ESMF Version   : v8.3.0b17
20220603 025904.961 INFO             PET0 ESMF library build date/time: "Jun  3 2022" "02:35:50"
20220603 025904.961 INFO             PET0 ESMF library build location : /work/noaa/da/mpotts/sandbox/gfortran_8.3.0_mpiuni_g_release_8.3.0
20220603 025904.961 INFO             PET0 ESMF_COMM                   : mpiuni
20220603 025904.962 INFO             PET0 ESMF_MOAB                   : enabled
20220603 025904.962 INFO             PET0 ESMF_LAPACK                 : enabled
20220603 025904.962 INFO             PET0 ESMF_NETCDF                 : enabled
20220603 025904.962 INFO             PET0 ESMF_PNETCDF                : disabled
20220603 025904.962 INFO             PET0 ESMF_PIO                    : disabled
20220603 025904.962 INFO             PET0 ESMF_YAMLCPP                : enabled
20220603 025904.962 INFO             PET0  NUMBER_OF_PROCESSORS           1
20220603 025904.962 INFO             PET0  PASS  Example ESMF_InternalStateEx, ESMF_InternalStateEx.F90, line 132
20220603 025904.962 INFO             PET0 Finalizing ESMF
