build time -- 2022-05-24 02:36:59
20220524 025919.179 INFO             PET0 !!!!!!!!!!!!!!!!!!!!!!!!!!!!!!!!!!!!!!!!!!!!!!!!!!!!!!
20220524 025919.179 INFO             PET0 !!! THE ESMF_LOG IS SET TO OUTPUT ALL LOG MESSAGES !!!
20220524 025919.179 INFO             PET0 !!!     THIS MAY CAUSE SLOWDOWN IN PERFORMANCE     !!!
20220524 025919.179 INFO             PET0 !!! FOR PRODUCTION RUNS, USE:                      !!!
20220524 025919.179 INFO             PET0 !!!                   ESMF_LOGKIND_Multi_On_Error  !!!
20220524 025919.179 INFO             PET0 !!!!!!!!!!!!!!!!!!!!!!!!!!!!!!!!!!!!!!!!!!!!!!!!!!!!!!
20220524 025919.179 INFO             PET0 Running with ESMF Version   : v8.3.0b16-3-gc2b4738
20220524 025919.179 INFO             PET0 ESMF library build date/time: "May 24 2022" "02:35:47"
20220524 025919.179 INFO             PET0 ESMF library build location : /work/noaa/da/mpotts/sandbox/gfortran_8.3.0_mpiuni_g_release_8.3.0
20220524 025919.179 INFO             PET0 ESMF_COMM                   : mpiuni
20220524 025919.180 INFO             PET0 ESMF_MOAB                   : enabled
20220524 025919.180 INFO             PET0 ESMF_LAPACK                 : enabled
20220524 025919.180 INFO             PET0 ESMF_NETCDF                 : enabled
20220524 025919.180 INFO             PET0 ESMF_PNETCDF                : disabled
20220524 025919.180 INFO             PET0 ESMF_PIO                    : disabled
20220524 025919.180 INFO             PET0 ESMF_YAMLCPP                : enabled
20220524 025919.194 INFO             PET0  NUMBER_OF_PROCESSORS           1
20220524 025919.194 INFO             PET0  PASS  Example ESMF_StateReadWriteEx, ESMF_StateReadWriteEx.F90, line 185
20220524 025919.194 INFO             PET0 Finalizing ESMF
