build time -- 2022-04-07 02:35:04
20220407 025927.157 INFO             PET0 !!!!!!!!!!!!!!!!!!!!!!!!!!!!!!!!!!!!!!!!!!!!!!!!!!!!!!
20220407 025927.157 INFO             PET0 !!! THE ESMF_LOG IS SET TO OUTPUT ALL LOG MESSAGES !!!
20220407 025927.157 INFO             PET0 !!!     THIS MAY CAUSE SLOWDOWN IN PERFORMANCE     !!!
20220407 025927.157 INFO             PET0 !!! FOR PRODUCTION RUNS, USE:                      !!!
20220407 025927.157 INFO             PET0 !!!                   ESMF_LOGKIND_Multi_On_Error  !!!
20220407 025927.157 INFO             PET0 !!!!!!!!!!!!!!!!!!!!!!!!!!!!!!!!!!!!!!!!!!!!!!!!!!!!!!
20220407 025927.157 INFO             PET0 Running with ESMF Version   : v8.3.0b12
20220407 025927.157 INFO             PET0 ESMF library build date/time: "Apr  7 2022" "02:33:05"
20220407 025927.157 INFO             PET0 ESMF library build location : /work/noaa/da/mpotts/sandbox/gfortran_8.3.0_mpiuni_g_develop
20220407 025927.157 INFO             PET0 ESMF_COMM                   : mpiuni
20220407 025927.158 INFO             PET0 ESMF_MOAB                   : enabled
20220407 025927.158 INFO             PET0 ESMF_LAPACK                 : enabled
20220407 025927.158 INFO             PET0 ESMF_NETCDF                 : enabled
20220407 025927.158 INFO             PET0 ESMF_PNETCDF                : disabled
20220407 025927.158 INFO             PET0 ESMF_PIO                    : disabled
20220407 025927.158 INFO             PET0 ESMF_YAMLCPP                : enabled
20220407 025927.160 INFO             PET0  NUMBER_OF_PROCESSORS           1
20220407 025927.160 INFO             PET0  PASS  Example ESMF_AppMainEx, ESMF_AppMainEx.F90, line 486
20220407 025927.160 INFO             PET0 Finalizing ESMF
