build time -- 2022-04-13 02:30:23
20220413 025245.177 INFO             PET0 !!!!!!!!!!!!!!!!!!!!!!!!!!!!!!!!!!!!!!!!!!!!!!!!!!!!!!
20220413 025245.177 INFO             PET0 !!! THE ESMF_LOG IS SET TO OUTPUT ALL LOG MESSAGES !!!
20220413 025245.177 INFO             PET0 !!!     THIS MAY CAUSE SLOWDOWN IN PERFORMANCE     !!!
20220413 025245.177 INFO             PET0 !!! FOR PRODUCTION RUNS, USE:                      !!!
20220413 025245.177 INFO             PET0 !!!                   ESMF_LOGKIND_Multi_On_Error  !!!
20220413 025245.177 INFO             PET0 !!!!!!!!!!!!!!!!!!!!!!!!!!!!!!!!!!!!!!!!!!!!!!!!!!!!!!
20220413 025245.177 INFO             PET0 Running with ESMF Version   : v8.3.0b12-61-g0687c4c
20220413 025245.177 INFO             PET0 ESMF library build date/time: "Apr 13 2022" "02:29:15"
20220413 025245.177 INFO             PET0 ESMF library build location : /work/noaa/da/mpotts/sandbox/gfortran_8.3.0_mpiuni_g_develop
20220413 025245.177 INFO             PET0 ESMF_COMM                   : mpiuni
20220413 025245.177 INFO             PET0 ESMF_MOAB                   : enabled
20220413 025245.177 INFO             PET0 ESMF_LAPACK                 : enabled
20220413 025245.177 INFO             PET0 ESMF_NETCDF                 : enabled
20220413 025245.177 INFO             PET0 ESMF_PNETCDF                : disabled
20220413 025245.177 INFO             PET0 ESMF_PIO                    : disabled
20220413 025245.177 INFO             PET0 ESMF_YAMLCPP                : enabled
20220413 025245.177 INFO             PET0 ESMF Tracing Enabled
20220413 025245.177 INFO             PET0 ESMF Profiling Enabled
20220413 025245.178 INFO             PET0 ESMF Trace/Profile clock: REALTIME
20220413 025245.180 INFO             PET0  NUMBER_OF_PROCESSORS           1
20220413 025245.180 INFO             PET0  PASS  Example ESMF_TraceEx, ESMF_TraceEx.F90, line 178
20220413 025245.180 INFO             PET0 Finalizing ESMF
20220413 025245.180 INFO             PET0 **************** Region Timings *******************
20220413 025245.180 INFO             PET0 Region              Count  Total (s)   Self (s)    Mean (s)    Min (s)     Max (s)
20220413 025245.180 INFO             PET0   [test] Init 1     1      0.0000      0.0000      0.0000      0.0000      0.0000
20220413 025245.180 INFO             PET0   [test] Run 1      5      0.0000      0.0000      0.0000      0.0000      0.0000
20220413 025245.180 INFO             PET0   [test] Final 1    1      0.0000      0.0000      0.0000      0.0000      0.0000
