build time -- 2022-04-30 02:30:13
20220430 025324.962 INFO             PET0 !!!!!!!!!!!!!!!!!!!!!!!!!!!!!!!!!!!!!!!!!!!!!!!!!!!!!!
20220430 025324.963 INFO             PET0 !!! THE ESMF_LOG IS SET TO OUTPUT ALL LOG MESSAGES !!!
20220430 025324.963 INFO             PET0 !!!     THIS MAY CAUSE SLOWDOWN IN PERFORMANCE     !!!
20220430 025324.963 INFO             PET0 !!! FOR PRODUCTION RUNS, USE:                      !!!
20220430 025324.963 INFO             PET0 !!!                   ESMF_LOGKIND_Multi_On_Error  !!!
20220430 025324.963 INFO             PET0 !!!!!!!!!!!!!!!!!!!!!!!!!!!!!!!!!!!!!!!!!!!!!!!!!!!!!!
20220430 025324.963 INFO             PET0 Running with ESMF Version   : v8.3.0b13-3-g648c7f8
20220430 025324.963 INFO             PET0 ESMF library build date/time: "Apr 30 2022" "02:29:04"
20220430 025324.963 INFO             PET0 ESMF library build location : /work/noaa/da/mpotts/sandbox/gfortran_8.3.0_mpiuni_g_develop
20220430 025324.963 INFO             PET0 ESMF_COMM                   : mpiuni
20220430 025324.963 INFO             PET0 ESMF_MOAB                   : enabled
20220430 025324.963 INFO             PET0 ESMF_LAPACK                 : enabled
20220430 025324.963 INFO             PET0 ESMF_NETCDF                 : enabled
20220430 025324.963 INFO             PET0 ESMF_PNETCDF                : disabled
20220430 025324.963 INFO             PET0 ESMF_PIO                    : disabled
20220430 025324.963 INFO             PET0 ESMF_YAMLCPP                : enabled
20220430 025324.964 INFO             PET0  NUMBER_OF_PROCESSORS           1
20220430 025324.964 INFO             PET0  PASS  Example ESMF_InternalStateEx, ESMF_InternalStateEx.F90, line 132
20220430 025324.964 INFO             PET0 Finalizing ESMF
