build time -- 2022-05-09 02:30:42
20220509 025321.987 INFO             PET0 !!!!!!!!!!!!!!!!!!!!!!!!!!!!!!!!!!!!!!!!!!!!!!!!!!!!!!
20220509 025321.987 INFO             PET0 !!! THE ESMF_LOG IS SET TO OUTPUT ALL LOG MESSAGES !!!
20220509 025321.987 INFO             PET0 !!!     THIS MAY CAUSE SLOWDOWN IN PERFORMANCE     !!!
20220509 025321.987 INFO             PET0 !!! FOR PRODUCTION RUNS, USE:                      !!!
20220509 025321.987 INFO             PET0 !!!                   ESMF_LOGKIND_Multi_On_Error  !!!
20220509 025321.987 INFO             PET0 !!!!!!!!!!!!!!!!!!!!!!!!!!!!!!!!!!!!!!!!!!!!!!!!!!!!!!
20220509 025321.987 INFO             PET0 Running with ESMF Version   : v8.3.0b14-2-gde129fc
20220509 025321.987 INFO             PET0 ESMF library build date/time: "May  9 2022" "02:29:32"
20220509 025321.987 INFO             PET0 ESMF library build location : /work/noaa/da/mpotts/sandbox/gfortran_8.3.0_mpiuni_g_develop
20220509 025321.987 INFO             PET0 ESMF_COMM                   : mpiuni
20220509 025321.988 INFO             PET0 ESMF_MOAB                   : enabled
20220509 025321.988 INFO             PET0 ESMF_LAPACK                 : enabled
20220509 025321.988 INFO             PET0 ESMF_NETCDF                 : enabled
20220509 025321.988 INFO             PET0 ESMF_PNETCDF                : disabled
20220509 025321.988 INFO             PET0 ESMF_PIO                    : disabled
20220509 025321.988 INFO             PET0 ESMF_YAMLCPP                : enabled
20220509 025322.054 DEBUG            PET0 about to destroy Grid: 0x259f060
20220509 025322.067 DEBUG            PET0 about to destroy Grid: 0x25a0740
20220509 025322.098 INFO             PET0  NUMBER_OF_PROCESSORS           1
20220509 025322.098 INFO             PET0  PASS  Example ESMF_NUOPCAtmModelEx, ESMF_NUOPCAtmModelEx.F90, line 806
20220509 025322.098 INFO             PET0 Finalizing ESMF
