build time -- 2022-04-29 02:37:01
20220429 030258.637 INFO             PET0 !!!!!!!!!!!!!!!!!!!!!!!!!!!!!!!!!!!!!!!!!!!!!!!!!!!!!!
20220429 030258.637 INFO             PET0 !!! THE ESMF_LOG IS SET TO OUTPUT ALL LOG MESSAGES !!!
20220429 030258.637 INFO             PET0 !!!     THIS MAY CAUSE SLOWDOWN IN PERFORMANCE     !!!
20220429 030258.637 INFO             PET0 !!! FOR PRODUCTION RUNS, USE:                      !!!
20220429 030258.637 INFO             PET0 !!!                   ESMF_LOGKIND_Multi_On_Error  !!!
20220429 030258.637 INFO             PET0 !!!!!!!!!!!!!!!!!!!!!!!!!!!!!!!!!!!!!!!!!!!!!!!!!!!!!!
20220429 030258.637 INFO             PET0 Running with ESMF Version   : v8.3.0b13-3-g648c7f8
20220429 030258.637 INFO             PET0 ESMF library build date/time: "Apr 29 2022" "02:34:43"
20220429 030258.637 INFO             PET0 ESMF library build location : /work/noaa/da/mpotts/sandbox/intel_2020.2_intelmpi_O_develop
20220429 030258.637 INFO             PET0 ESMF_COMM                   : intelmpi
20220429 030258.639 INFO             PET0 ESMF_MOAB                   : enabled
20220429 030258.639 INFO             PET0 ESMF_LAPACK                 : enabled
20220429 030258.639 INFO             PET0 ESMF_NETCDF                 : enabled
20220429 030258.639 INFO             PET0 ESMF_PNETCDF                : disabled
20220429 030258.639 INFO             PET0 ESMF_PIO                    : enabled
20220429 030258.639 INFO             PET0 ESMF_YAMLCPP                : enabled
20220429 030258.639 INFO             PET0  NUMBER_OF_PROCESSORS           1
20220429 030258.639 INFO             PET0  PASS  Example ESMF_TimeIntervalEx, ESMF_TimeIntervalEx.F90, line 176
20220429 030258.639 INFO             PET0 Finalizing ESMF
