build time -- 2022-04-10 02:33:59
20220410 030759.262 INFO             PET0 !!!!!!!!!!!!!!!!!!!!!!!!!!!!!!!!!!!!!!!!!!!!!!!!!!!!!!
20220410 030759.262 INFO             PET0 !!! THE ESMF_LOG IS SET TO OUTPUT ALL LOG MESSAGES !!!
20220410 030759.262 INFO             PET0 !!!     THIS MAY CAUSE SLOWDOWN IN PERFORMANCE     !!!
20220410 030759.262 INFO             PET0 !!! FOR PRODUCTION RUNS, USE:                      !!!
20220410 030759.262 INFO             PET0 !!!                   ESMF_LOGKIND_Multi_On_Error  !!!
20220410 030759.262 INFO             PET0 !!!!!!!!!!!!!!!!!!!!!!!!!!!!!!!!!!!!!!!!!!!!!!!!!!!!!!
20220410 030759.262 INFO             PET0 Running with ESMF Version   : v8.3.0b12-1-g7c85d54
20220410 030759.263 INFO             PET0 ESMF library build date/time: "Apr 10 2022" "02:32:24"
20220410 030759.263 INFO             PET0 ESMF library build location : /work/noaa/da/mpotts/sandbox/intel_2020.2_intelmpi_O_develop
20220410 030759.263 INFO             PET0 ESMF_COMM                   : intelmpi
20220410 030759.263 INFO             PET0 ESMF_MOAB                   : enabled
20220410 030759.263 INFO             PET0 ESMF_LAPACK                 : enabled
20220410 030759.263 INFO             PET0 ESMF_NETCDF                 : enabled
20220410 030759.263 INFO             PET0 ESMF_PNETCDF                : disabled
20220410 030759.263 INFO             PET0 ESMF_PIO                    : enabled
20220410 030759.263 INFO             PET0 ESMF_YAMLCPP                : enabled
20220410 030759.266 INFO             PET0 ESMF_FieldRedistStoreNF(): Just entered routine.
20220410 030759.302 INFO             PET0 ESMF_FieldRedistStoreNF(): Leaving routine.
20220410 030759.311 INFO             PET0  NUMBER_OF_PROCESSORS           4
20220410 030759.311 INFO             PET0  PASS  Example ESMF_RHandleFromFileEx, ESMF_RHandleFromFileEx.F90, line 192
20220410 030759.311 INFO             PET0 Finalizing ESMF
20220410 030759.263 INFO             PET1 !!!!!!!!!!!!!!!!!!!!!!!!!!!!!!!!!!!!!!!!!!!!!!!!!!!!!!
20220410 030759.263 INFO             PET1 !!! THE ESMF_LOG IS SET TO OUTPUT ALL LOG MESSAGES !!!
20220410 030759.263 INFO             PET1 !!!     THIS MAY CAUSE SLOWDOWN IN PERFORMANCE     !!!
20220410 030759.263 INFO             PET1 !!! FOR PRODUCTION RUNS, USE:                      !!!
20220410 030759.263 INFO             PET1 !!!                   ESMF_LOGKIND_Multi_On_Error  !!!
20220410 030759.263 INFO             PET1 !!!!!!!!!!!!!!!!!!!!!!!!!!!!!!!!!!!!!!!!!!!!!!!!!!!!!!
20220410 030759.263 INFO             PET1 Running with ESMF Version   : v8.3.0b12-1-g7c85d54
20220410 030759.263 INFO             PET1 ESMF library build date/time: "Apr 10 2022" "02:32:24"
20220410 030759.263 INFO             PET1 ESMF library build location : /work/noaa/da/mpotts/sandbox/intel_2020.2_intelmpi_O_develop
20220410 030759.263 INFO             PET1 ESMF_COMM                   : intelmpi
20220410 030759.264 INFO             PET1 ESMF_MOAB                   : enabled
20220410 030759.264 INFO             PET1 ESMF_LAPACK                 : enabled
20220410 030759.264 INFO             PET1 ESMF_NETCDF                 : enabled
20220410 030759.264 INFO             PET1 ESMF_PNETCDF                : disabled
20220410 030759.264 INFO             PET1 ESMF_PIO                    : enabled
20220410 030759.264 INFO             PET1 ESMF_YAMLCPP                : enabled
20220410 030759.265 INFO             PET1 ESMF_FieldRedistStoreNF(): Just entered routine.
20220410 030759.302 INFO             PET1 ESMF_FieldRedistStoreNF(): Leaving routine.
20220410 030759.311 INFO             PET1  NUMBER_OF_PROCESSORS           4
20220410 030759.311 INFO             PET1  PASS  Example ESMF_RHandleFromFileEx, ESMF_RHandleFromFileEx.F90, line 192
20220410 030759.311 INFO             PET1 Finalizing ESMF
20220410 030759.262 INFO             PET2 !!!!!!!!!!!!!!!!!!!!!!!!!!!!!!!!!!!!!!!!!!!!!!!!!!!!!!
20220410 030759.262 INFO             PET2 !!! THE ESMF_LOG IS SET TO OUTPUT ALL LOG MESSAGES !!!
20220410 030759.262 INFO             PET2 !!!     THIS MAY CAUSE SLOWDOWN IN PERFORMANCE     !!!
20220410 030759.262 INFO             PET2 !!! FOR PRODUCTION RUNS, USE:                      !!!
20220410 030759.262 INFO             PET2 !!!                   ESMF_LOGKIND_Multi_On_Error  !!!
20220410 030759.262 INFO             PET2 !!!!!!!!!!!!!!!!!!!!!!!!!!!!!!!!!!!!!!!!!!!!!!!!!!!!!!
20220410 030759.262 INFO             PET2 Running with ESMF Version   : v8.3.0b12-1-g7c85d54
20220410 030759.262 INFO             PET2 ESMF library build date/time: "Apr 10 2022" "02:32:24"
20220410 030759.262 INFO             PET2 ESMF library build location : /work/noaa/da/mpotts/sandbox/intel_2020.2_intelmpi_O_develop
20220410 030759.263 INFO             PET2 ESMF_COMM                   : intelmpi
20220410 030759.264 INFO             PET2 ESMF_MOAB                   : enabled
20220410 030759.264 INFO             PET2 ESMF_LAPACK                 : enabled
20220410 030759.264 INFO             PET2 ESMF_NETCDF                 : enabled
20220410 030759.264 INFO             PET2 ESMF_PNETCDF                : disabled
20220410 030759.264 INFO             PET2 ESMF_PIO                    : enabled
20220410 030759.264 INFO             PET2 ESMF_YAMLCPP                : enabled
20220410 030759.265 INFO             PET2 ESMF_FieldRedistStoreNF(): Just entered routine.
20220410 030759.302 INFO             PET2 ESMF_FieldRedistStoreNF(): Leaving routine.
20220410 030759.311 INFO             PET2  NUMBER_OF_PROCESSORS           4
20220410 030759.311 INFO             PET2  PASS  Example ESMF_RHandleFromFileEx, ESMF_RHandleFromFileEx.F90, line 192
20220410 030759.311 INFO             PET2 Finalizing ESMF
20220410 030759.262 INFO             PET3 !!!!!!!!!!!!!!!!!!!!!!!!!!!!!!!!!!!!!!!!!!!!!!!!!!!!!!
20220410 030759.262 INFO             PET3 !!! THE ESMF_LOG IS SET TO OUTPUT ALL LOG MESSAGES !!!
20220410 030759.262 INFO             PET3 !!!     THIS MAY CAUSE SLOWDOWN IN PERFORMANCE     !!!
20220410 030759.262 INFO             PET3 !!! FOR PRODUCTION RUNS, USE:                      !!!
20220410 030759.262 INFO             PET3 !!!                   ESMF_LOGKIND_Multi_On_Error  !!!
20220410 030759.262 INFO             PET3 !!!!!!!!!!!!!!!!!!!!!!!!!!!!!!!!!!!!!!!!!!!!!!!!!!!!!!
20220410 030759.262 INFO             PET3 Running with ESMF Version   : v8.3.0b12-1-g7c85d54
20220410 030759.262 INFO             PET3 ESMF library build date/time: "Apr 10 2022" "02:32:24"
20220410 030759.262 INFO             PET3 ESMF library build location : /work/noaa/da/mpotts/sandbox/intel_2020.2_intelmpi_O_develop
20220410 030759.262 INFO             PET3 ESMF_COMM                   : intelmpi
20220410 030759.263 INFO             PET3 ESMF_MOAB                   : enabled
20220410 030759.263 INFO             PET3 ESMF_LAPACK                 : enabled
20220410 030759.263 INFO             PET3 ESMF_NETCDF                 : enabled
20220410 030759.263 INFO             PET3 ESMF_PNETCDF                : disabled
20220410 030759.263 INFO             PET3 ESMF_PIO                    : enabled
20220410 030759.263 INFO             PET3 ESMF_YAMLCPP                : enabled
20220410 030759.266 INFO             PET3 ESMF_FieldRedistStoreNF(): Just entered routine.
20220410 030759.302 INFO             PET3 ESMF_FieldRedistStoreNF(): Leaving routine.
20220410 030759.311 INFO             PET3  NUMBER_OF_PROCESSORS           4
20220410 030759.311 INFO             PET3  PASS  Example ESMF_RHandleFromFileEx, ESMF_RHandleFromFileEx.F90, line 192
20220410 030759.311 INFO             PET3 Finalizing ESMF
