build time -- 2022-04-04 02:32:25
20220404 030103.710 INFO             PET0 !!!!!!!!!!!!!!!!!!!!!!!!!!!!!!!!!!!!!!!!!!!!!!!!!!!!!!
20220404 030103.710 INFO             PET0 !!! THE ESMF_LOG IS SET TO OUTPUT ALL LOG MESSAGES !!!
20220404 030103.710 INFO             PET0 !!!     THIS MAY CAUSE SLOWDOWN IN PERFORMANCE     !!!
20220404 030103.710 INFO             PET0 !!! FOR PRODUCTION RUNS, USE:                      !!!
20220404 030103.710 INFO             PET0 !!!                   ESMF_LOGKIND_Multi_On_Error  !!!
20220404 030103.710 INFO             PET0 !!!!!!!!!!!!!!!!!!!!!!!!!!!!!!!!!!!!!!!!!!!!!!!!!!!!!!
20220404 030103.710 INFO             PET0 Running with ESMF Version   : v8.3.0b12
20220404 030103.710 INFO             PET0 ESMF library build date/time: "Apr  4 2022" "02:30:57"
20220404 030103.710 INFO             PET0 ESMF library build location : /work/noaa/da/mpotts/sandbox/intel_2020.2_intelmpi_O_develop
20220404 030103.710 INFO             PET0 ESMF_COMM                   : intelmpi
20220404 030103.711 INFO             PET0 ESMF_MOAB                   : enabled
20220404 030103.711 INFO             PET0 ESMF_LAPACK                 : enabled
20220404 030103.711 INFO             PET0 ESMF_NETCDF                 : enabled
20220404 030103.711 INFO             PET0 ESMF_PNETCDF                : disabled
20220404 030103.711 INFO             PET0 ESMF_PIO                    : enabled
20220404 030103.711 INFO             PET0 ESMF_YAMLCPP                : enabled
20220404 030103.712 INFO             PET0  NUMBER_OF_PROCESSORS           1
20220404 030103.712 INFO             PET0  PASS  Example ESMF_ClockEx, ESMF_ClockEx.F90, line 220
20220404 030103.712 INFO             PET0 Finalizing ESMF
