build time -- 2022-04-06 03:03:43
20220406 050508.500 INFO             PET0 !!!!!!!!!!!!!!!!!!!!!!!!!!!!!!!!!!!!!!!!!!!!!!!!!!!!!!
20220406 050508.500 INFO             PET0 !!! THE ESMF_LOG IS SET TO OUTPUT ALL LOG MESSAGES !!!
20220406 050508.500 INFO             PET0 !!!     THIS MAY CAUSE SLOWDOWN IN PERFORMANCE     !!!
20220406 050508.500 INFO             PET0 !!! FOR PRODUCTION RUNS, USE:                      !!!
20220406 050508.500 INFO             PET0 !!!                   ESMF_LOGKIND_Multi_On_Error  !!!
20220406 050508.500 INFO             PET0 !!!!!!!!!!!!!!!!!!!!!!!!!!!!!!!!!!!!!!!!!!!!!!!!!!!!!!
20220406 050508.500 INFO             PET0 Running with ESMF Version   : v8.3.0b12
20220406 050508.500 INFO             PET0 ESMF library build date/time: "Apr  6 2022" "03:02:14"
20220406 050508.500 INFO             PET0 ESMF library build location : /work/noaa/da/mpotts/sandbox/intel_2020.2_intelmpi_O_develop
20220406 050508.500 INFO             PET0 ESMF_COMM                   : intelmpi
20220406 050508.501 INFO             PET0 ESMF_MOAB                   : enabled
20220406 050508.501 INFO             PET0 ESMF_LAPACK                 : enabled
20220406 050508.501 INFO             PET0 ESMF_NETCDF                 : enabled
20220406 050508.501 INFO             PET0 ESMF_PNETCDF                : disabled
20220406 050508.501 INFO             PET0 ESMF_PIO                    : enabled
20220406 050508.501 INFO             PET0 ESMF_YAMLCPP                : enabled
20220406 050508.507 INFO             PET0 ESMF_FieldRedistStoreNF(): Just entered routine.
20220406 050508.555 INFO             PET0 ESMF_FieldRedistStoreNF(): Leaving routine.
20220406 050508.556 INFO             PET0  NUMBER_OF_PROCESSORS           4
20220406 050508.557 INFO             PET0  PASS  Example ESMF_RHandleFromRHandleEx, ESMF_RHandleFromRHandleEx.F90, line 660
20220406 050508.557 INFO             PET0 Finalizing ESMF
20220406 050508.500 INFO             PET1 !!!!!!!!!!!!!!!!!!!!!!!!!!!!!!!!!!!!!!!!!!!!!!!!!!!!!!
20220406 050508.500 INFO             PET1 !!! THE ESMF_LOG IS SET TO OUTPUT ALL LOG MESSAGES !!!
20220406 050508.500 INFO             PET1 !!!     THIS MAY CAUSE SLOWDOWN IN PERFORMANCE     !!!
20220406 050508.500 INFO             PET1 !!! FOR PRODUCTION RUNS, USE:                      !!!
20220406 050508.500 INFO             PET1 !!!                   ESMF_LOGKIND_Multi_On_Error  !!!
20220406 050508.500 INFO             PET1 !!!!!!!!!!!!!!!!!!!!!!!!!!!!!!!!!!!!!!!!!!!!!!!!!!!!!!
20220406 050508.500 INFO             PET1 Running with ESMF Version   : v8.3.0b12
20220406 050508.500 INFO             PET1 ESMF library build date/time: "Apr  6 2022" "03:02:14"
20220406 050508.500 INFO             PET1 ESMF library build location : /work/noaa/da/mpotts/sandbox/intel_2020.2_intelmpi_O_develop
20220406 050508.500 INFO             PET1 ESMF_COMM                   : intelmpi
20220406 050508.501 INFO             PET1 ESMF_MOAB                   : enabled
20220406 050508.501 INFO             PET1 ESMF_LAPACK                 : enabled
20220406 050508.501 INFO             PET1 ESMF_NETCDF                 : enabled
20220406 050508.501 INFO             PET1 ESMF_PNETCDF                : disabled
20220406 050508.501 INFO             PET1 ESMF_PIO                    : enabled
20220406 050508.501 INFO             PET1 ESMF_YAMLCPP                : enabled
20220406 050508.507 INFO             PET1 ESMF_FieldRedistStoreNF(): Just entered routine.
20220406 050508.555 INFO             PET1 ESMF_FieldRedistStoreNF(): Leaving routine.
20220406 050508.556 INFO             PET1  NUMBER_OF_PROCESSORS           4
20220406 050508.557 INFO             PET1  PASS  Example ESMF_RHandleFromRHandleEx, ESMF_RHandleFromRHandleEx.F90, line 660
20220406 050508.557 INFO             PET1 Finalizing ESMF
20220406 050508.499 INFO             PET2 !!!!!!!!!!!!!!!!!!!!!!!!!!!!!!!!!!!!!!!!!!!!!!!!!!!!!!
20220406 050508.499 INFO             PET2 !!! THE ESMF_LOG IS SET TO OUTPUT ALL LOG MESSAGES !!!
20220406 050508.499 INFO             PET2 !!!     THIS MAY CAUSE SLOWDOWN IN PERFORMANCE     !!!
20220406 050508.499 INFO             PET2 !!! FOR PRODUCTION RUNS, USE:                      !!!
20220406 050508.499 INFO             PET2 !!!                   ESMF_LOGKIND_Multi_On_Error  !!!
20220406 050508.499 INFO             PET2 !!!!!!!!!!!!!!!!!!!!!!!!!!!!!!!!!!!!!!!!!!!!!!!!!!!!!!
20220406 050508.499 INFO             PET2 Running with ESMF Version   : v8.3.0b12
20220406 050508.499 INFO             PET2 ESMF library build date/time: "Apr  6 2022" "03:02:14"
20220406 050508.499 INFO             PET2 ESMF library build location : /work/noaa/da/mpotts/sandbox/intel_2020.2_intelmpi_O_develop
20220406 050508.499 INFO             PET2 ESMF_COMM                   : intelmpi
20220406 050508.500 INFO             PET2 ESMF_MOAB                   : enabled
20220406 050508.500 INFO             PET2 ESMF_LAPACK                 : enabled
20220406 050508.500 INFO             PET2 ESMF_NETCDF                 : enabled
20220406 050508.500 INFO             PET2 ESMF_PNETCDF                : disabled
20220406 050508.500 INFO             PET2 ESMF_PIO                    : enabled
20220406 050508.500 INFO             PET2 ESMF_YAMLCPP                : enabled
20220406 050508.507 INFO             PET2 ESMF_FieldRedistStoreNF(): Just entered routine.
20220406 050508.556 INFO             PET2 ESMF_FieldRedistStoreNF(): Leaving routine.
20220406 050508.558 INFO             PET2  NUMBER_OF_PROCESSORS           4
20220406 050508.558 INFO             PET2  PASS  Example ESMF_RHandleFromRHandleEx, ESMF_RHandleFromRHandleEx.F90, line 660
20220406 050508.558 INFO             PET2 Finalizing ESMF
20220406 050508.500 INFO             PET3 !!!!!!!!!!!!!!!!!!!!!!!!!!!!!!!!!!!!!!!!!!!!!!!!!!!!!!
20220406 050508.500 INFO             PET3 !!! THE ESMF_LOG IS SET TO OUTPUT ALL LOG MESSAGES !!!
20220406 050508.500 INFO             PET3 !!!     THIS MAY CAUSE SLOWDOWN IN PERFORMANCE     !!!
20220406 050508.500 INFO             PET3 !!! FOR PRODUCTION RUNS, USE:                      !!!
20220406 050508.500 INFO             PET3 !!!                   ESMF_LOGKIND_Multi_On_Error  !!!
20220406 050508.500 INFO             PET3 !!!!!!!!!!!!!!!!!!!!!!!!!!!!!!!!!!!!!!!!!!!!!!!!!!!!!!
20220406 050508.500 INFO             PET3 Running with ESMF Version   : v8.3.0b12
20220406 050508.500 INFO             PET3 ESMF library build date/time: "Apr  6 2022" "03:02:14"
20220406 050508.500 INFO             PET3 ESMF library build location : /work/noaa/da/mpotts/sandbox/intel_2020.2_intelmpi_O_develop
20220406 050508.500 INFO             PET3 ESMF_COMM                   : intelmpi
20220406 050508.501 INFO             PET3 ESMF_MOAB                   : enabled
20220406 050508.501 INFO             PET3 ESMF_LAPACK                 : enabled
20220406 050508.501 INFO             PET3 ESMF_NETCDF                 : enabled
20220406 050508.501 INFO             PET3 ESMF_PNETCDF                : disabled
20220406 050508.501 INFO             PET3 ESMF_PIO                    : enabled
20220406 050508.501 INFO             PET3 ESMF_YAMLCPP                : enabled
20220406 050508.507 INFO             PET3 ESMF_FieldRedistStoreNF(): Just entered routine.
20220406 050508.555 INFO             PET3 ESMF_FieldRedistStoreNF(): Leaving routine.
20220406 050508.560 INFO             PET3  NUMBER_OF_PROCESSORS           4
20220406 050508.560 INFO             PET3  PASS  Example ESMF_RHandleFromRHandleEx, ESMF_RHandleFromRHandleEx.F90, line 660
20220406 050508.560 INFO             PET3 Finalizing ESMF
