build time -- 2022-05-27 02:32:08
20220527 025654.406 INFO             PET0 !!!!!!!!!!!!!!!!!!!!!!!!!!!!!!!!!!!!!!!!!!!!!!!!!!!!!!
20220527 025654.406 INFO             PET0 !!! THE ESMF_LOG IS SET TO OUTPUT ALL LOG MESSAGES !!!
20220527 025654.406 INFO             PET0 !!!     THIS MAY CAUSE SLOWDOWN IN PERFORMANCE     !!!
20220527 025654.406 INFO             PET0 !!! FOR PRODUCTION RUNS, USE:                      !!!
20220527 025654.406 INFO             PET0 !!!                   ESMF_LOGKIND_Multi_On_Error  !!!
20220527 025654.406 INFO             PET0 !!!!!!!!!!!!!!!!!!!!!!!!!!!!!!!!!!!!!!!!!!!!!!!!!!!!!!
20220527 025654.406 INFO             PET0 Running with ESMF Version   : v8.3.0b16
20220527 025654.406 INFO             PET0 ESMF library build date/time: "May 27 2022" "02:30:40"
20220527 025654.406 INFO             PET0 ESMF library build location : /work/noaa/da/mpotts/sandbox/intel_2020.2_intelmpi_O_develop
20220527 025654.406 INFO             PET0 ESMF_COMM                   : intelmpi
20220527 025654.407 INFO             PET0 ESMF_MOAB                   : enabled
20220527 025654.407 INFO             PET0 ESMF_LAPACK                 : enabled
20220527 025654.407 INFO             PET0 ESMF_NETCDF                 : enabled
20220527 025654.407 INFO             PET0 ESMF_PNETCDF                : disabled
20220527 025654.407 INFO             PET0 ESMF_PIO                    : enabled
20220527 025654.407 INFO             PET0 ESMF_YAMLCPP                : enabled
20220527 025654.408 INFO             PET0  NUMBER_OF_PROCESSORS           2
20220527 025654.408 INFO             PET0  PASS  Example ESMF_VMUserMpiCommEx, ESMF_VMUserMpiCommEx.F90, line 113
20220527 025654.408 INFO             PET0 Finalizing ESMF
20220527 025654.406 INFO             PET1 !!!!!!!!!!!!!!!!!!!!!!!!!!!!!!!!!!!!!!!!!!!!!!!!!!!!!!
20220527 025654.406 INFO             PET1 !!! THE ESMF_LOG IS SET TO OUTPUT ALL LOG MESSAGES !!!
20220527 025654.406 INFO             PET1 !!!     THIS MAY CAUSE SLOWDOWN IN PERFORMANCE     !!!
20220527 025654.406 INFO             PET1 !!! FOR PRODUCTION RUNS, USE:                      !!!
20220527 025654.406 INFO             PET1 !!!                   ESMF_LOGKIND_Multi_On_Error  !!!
20220527 025654.406 INFO             PET1 !!!!!!!!!!!!!!!!!!!!!!!!!!!!!!!!!!!!!!!!!!!!!!!!!!!!!!
20220527 025654.406 INFO             PET1 Running with ESMF Version   : v8.3.0b16
20220527 025654.406 INFO             PET1 ESMF library build date/time: "May 27 2022" "02:30:40"
20220527 025654.406 INFO             PET1 ESMF library build location : /work/noaa/da/mpotts/sandbox/intel_2020.2_intelmpi_O_develop
20220527 025654.406 INFO             PET1 ESMF_COMM                   : intelmpi
20220527 025654.408 INFO             PET1 ESMF_MOAB                   : enabled
20220527 025654.408 INFO             PET1 ESMF_LAPACK                 : enabled
20220527 025654.408 INFO             PET1 ESMF_NETCDF                 : enabled
20220527 025654.408 INFO             PET1 ESMF_PNETCDF                : disabled
20220527 025654.408 INFO             PET1 ESMF_PIO                    : enabled
20220527 025654.408 INFO             PET1 ESMF_YAMLCPP                : enabled
20220527 025654.408 INFO             PET1  NUMBER_OF_PROCESSORS           2
20220527 025654.408 INFO             PET1  PASS  Example ESMF_VMUserMpiCommEx, ESMF_VMUserMpiCommEx.F90, line 113
20220527 025654.408 INFO             PET1 Finalizing ESMF
