build time -- 2022-05-12 02:32:16
20220512 025950.018 INFO             PET0 !!!!!!!!!!!!!!!!!!!!!!!!!!!!!!!!!!!!!!!!!!!!!!!!!!!!!!
20220512 025950.018 INFO             PET0 !!! THE ESMF_LOG IS SET TO OUTPUT ALL LOG MESSAGES !!!
20220512 025950.018 INFO             PET0 !!!     THIS MAY CAUSE SLOWDOWN IN PERFORMANCE     !!!
20220512 025950.018 INFO             PET0 !!! FOR PRODUCTION RUNS, USE:                      !!!
20220512 025950.018 INFO             PET0 !!!                   ESMF_LOGKIND_Multi_On_Error  !!!
20220512 025950.018 INFO             PET0 !!!!!!!!!!!!!!!!!!!!!!!!!!!!!!!!!!!!!!!!!!!!!!!!!!!!!!
20220512 025950.018 INFO             PET0 Running with ESMF Version   : v8.3.0b14-2-gde129fc
20220512 025950.018 INFO             PET0 ESMF library build date/time: "May 12 2022" "02:30:36"
20220512 025950.018 INFO             PET0 ESMF library build location : /work/noaa/da/mpotts/sandbox/intel_2020.2_intelmpi_O_develop
20220512 025950.018 INFO             PET0 ESMF_COMM                   : intelmpi
20220512 025950.019 INFO             PET0 ESMF_MOAB                   : enabled
20220512 025950.019 INFO             PET0 ESMF_LAPACK                 : enabled
20220512 025950.019 INFO             PET0 ESMF_NETCDF                 : enabled
20220512 025950.019 INFO             PET0 ESMF_PNETCDF                : disabled
20220512 025950.019 INFO             PET0 ESMF_PIO                    : enabled
20220512 025950.019 INFO             PET0 ESMF_YAMLCPP                : enabled
20220512 025950.020 INFO             PET0  NUMBER_OF_PROCESSORS           1
20220512 025950.020 INFO             PET0  PASS  Example CalendarEx, ESMF_CalendarEx.F90, line 217
20220512 025950.020 INFO             PET0 Finalizing ESMF
