build time -- 2022-05-24 04:19:11
20220524 081700.650 INFO             PET0 !!!!!!!!!!!!!!!!!!!!!!!!!!!!!!!!!!!!!!!!!!!!!!!!!!!!!!
20220524 081700.650 INFO             PET0 !!! THE ESMF_LOG IS SET TO OUTPUT ALL LOG MESSAGES !!!
20220524 081700.650 INFO             PET0 !!!     THIS MAY CAUSE SLOWDOWN IN PERFORMANCE     !!!
20220524 081700.650 INFO             PET0 !!! FOR PRODUCTION RUNS, USE:                      !!!
20220524 081700.650 INFO             PET0 !!!                   ESMF_LOGKIND_Multi_On_Error  !!!
20220524 081700.650 INFO             PET0 !!!!!!!!!!!!!!!!!!!!!!!!!!!!!!!!!!!!!!!!!!!!!!!!!!!!!!
20220524 081700.650 INFO             PET0 Running with ESMF Version   : v8.3.0b16-3-gc2b47388e1
20220524 081700.650 INFO             PET0 ESMF library build date/time: "May 24 2022" "04:17:41"
20220524 081700.650 INFO             PET0 ESMF library build location : /global/cscratch1/sd/rsdunlap/esmf-testing/intel_19.1.2_mpi_O_release_8.3.0
20220524 081700.650 INFO             PET0 ESMF_COMM                   : mpi
20220524 081700.651 INFO             PET0 ESMF_MOAB                   : enabled
20220524 081700.651 INFO             PET0 ESMF_LAPACK                 : enabled
20220524 081700.651 INFO             PET0 ESMF_NETCDF                 : enabled
20220524 081700.651 INFO             PET0 ESMF_PNETCDF                : disabled
20220524 081700.651 INFO             PET0 ESMF_PIO                    : enabled
20220524 081700.651 INFO             PET0 ESMF_YAMLCPP                : enabled
20220524 081700.652 INFO             PET0  NUMBER_OF_PROCESSORS           4
20220524 081700.652 INFO             PET0  PASS  Example ESMF_VMUserMpiCommMultiEx, ESMF_VMUserMpiCommMultiEx.F90, line 126
20220524 081700.652 INFO             PET0 Finalizing ESMF
20220524 081700.649 INFO             PET0 !!!!!!!!!!!!!!!!!!!!!!!!!!!!!!!!!!!!!!!!!!!!!!!!!!!!!!
20220524 081700.649 INFO             PET0 !!! THE ESMF_LOG IS SET TO OUTPUT ALL LOG MESSAGES !!!
20220524 081700.649 INFO             PET0 !!!     THIS MAY CAUSE SLOWDOWN IN PERFORMANCE     !!!
20220524 081700.649 INFO             PET0 !!! FOR PRODUCTION RUNS, USE:                      !!!
20220524 081700.649 INFO             PET0 !!!                   ESMF_LOGKIND_Multi_On_Error  !!!
20220524 081700.649 INFO             PET0 !!!!!!!!!!!!!!!!!!!!!!!!!!!!!!!!!!!!!!!!!!!!!!!!!!!!!!
20220524 081700.649 INFO             PET0 Running with ESMF Version   : v8.3.0b16-3-gc2b47388e1
20220524 081700.649 INFO             PET0 ESMF library build date/time: "May 24 2022" "04:17:41"
20220524 081700.649 INFO             PET0 ESMF library build location : /global/cscratch1/sd/rsdunlap/esmf-testing/intel_19.1.2_mpi_O_release_8.3.0
20220524 081700.649 INFO             PET0 ESMF_COMM                   : mpi
20220524 081700.650 INFO             PET0 ESMF_MOAB                   : enabled
20220524 081700.650 INFO             PET0 ESMF_LAPACK                 : enabled
20220524 081700.650 INFO             PET0 ESMF_NETCDF                 : enabled
20220524 081700.650 INFO             PET0 ESMF_PNETCDF                : disabled
20220524 081700.650 INFO             PET0 ESMF_PIO                    : enabled
20220524 081700.650 INFO             PET0 ESMF_YAMLCPP                : enabled
20220524 081700.651 INFO             PET0  NUMBER_OF_PROCESSORS           4
20220524 081700.651 INFO             PET0  PASS  Example ESMF_VMUserMpiCommMultiEx, ESMF_VMUserMpiCommMultiEx.F90, line 154
20220524 081700.651 INFO             PET0 Finalizing ESMF
20220524 081700.649 INFO             PET1 !!!!!!!!!!!!!!!!!!!!!!!!!!!!!!!!!!!!!!!!!!!!!!!!!!!!!!
20220524 081700.649 INFO             PET1 !!! THE ESMF_LOG IS SET TO OUTPUT ALL LOG MESSAGES !!!
20220524 081700.649 INFO             PET1 !!!     THIS MAY CAUSE SLOWDOWN IN PERFORMANCE     !!!
20220524 081700.649 INFO             PET1 !!! FOR PRODUCTION RUNS, USE:                      !!!
20220524 081700.649 INFO             PET1 !!!                   ESMF_LOGKIND_Multi_On_Error  !!!
20220524 081700.649 INFO             PET1 !!!!!!!!!!!!!!!!!!!!!!!!!!!!!!!!!!!!!!!!!!!!!!!!!!!!!!
20220524 081700.650 INFO             PET1 Running with ESMF Version   : v8.3.0b16-3-gc2b47388e1
20220524 081700.650 INFO             PET1 ESMF library build date/time: "May 24 2022" "04:17:41"
20220524 081700.650 INFO             PET1 ESMF library build location : /global/cscratch1/sd/rsdunlap/esmf-testing/intel_19.1.2_mpi_O_release_8.3.0
20220524 081700.650 INFO             PET1 ESMF_COMM                   : mpi
20220524 081700.651 INFO             PET1 ESMF_MOAB                   : enabled
20220524 081700.651 INFO             PET1 ESMF_LAPACK                 : enabled
20220524 081700.651 INFO             PET1 ESMF_NETCDF                 : enabled
20220524 081700.651 INFO             PET1 ESMF_PNETCDF                : disabled
20220524 081700.651 INFO             PET1 ESMF_PIO                    : enabled
20220524 081700.651 INFO             PET1 ESMF_YAMLCPP                : enabled
20220524 081700.652 INFO             PET1  NUMBER_OF_PROCESSORS           4
20220524 081700.652 INFO             PET1  PASS  Example ESMF_VMUserMpiCommMultiEx, ESMF_VMUserMpiCommMultiEx.F90, line 126
20220524 081700.652 INFO             PET1 Finalizing ESMF
20220524 081700.649 INFO             PET1 !!!!!!!!!!!!!!!!!!!!!!!!!!!!!!!!!!!!!!!!!!!!!!!!!!!!!!
20220524 081700.649 INFO             PET1 !!! THE ESMF_LOG IS SET TO OUTPUT ALL LOG MESSAGES !!!
20220524 081700.649 INFO             PET1 !!!     THIS MAY CAUSE SLOWDOWN IN PERFORMANCE     !!!
20220524 081700.649 INFO             PET1 !!! FOR PRODUCTION RUNS, USE:                      !!!
20220524 081700.649 INFO             PET1 !!!                   ESMF_LOGKIND_Multi_On_Error  !!!
20220524 081700.649 INFO             PET1 !!!!!!!!!!!!!!!!!!!!!!!!!!!!!!!!!!!!!!!!!!!!!!!!!!!!!!
20220524 081700.649 INFO             PET1 Running with ESMF Version   : v8.3.0b16-3-gc2b47388e1
20220524 081700.649 INFO             PET1 ESMF library build date/time: "May 24 2022" "04:17:41"
20220524 081700.649 INFO             PET1 ESMF library build location : /global/cscratch1/sd/rsdunlap/esmf-testing/intel_19.1.2_mpi_O_release_8.3.0
20220524 081700.649 INFO             PET1 ESMF_COMM                   : mpi
20220524 081700.650 INFO             PET1 ESMF_MOAB                   : enabled
20220524 081700.650 INFO             PET1 ESMF_LAPACK                 : enabled
20220524 081700.650 INFO             PET1 ESMF_NETCDF                 : enabled
20220524 081700.650 INFO             PET1 ESMF_PNETCDF                : disabled
20220524 081700.650 INFO             PET1 ESMF_PIO                    : enabled
20220524 081700.650 INFO             PET1 ESMF_YAMLCPP                : enabled
20220524 081700.651 INFO             PET1  NUMBER_OF_PROCESSORS           4
20220524 081700.651 INFO             PET1  PASS  Example ESMF_VMUserMpiCommMultiEx, ESMF_VMUserMpiCommMultiEx.F90, line 154
20220524 081700.651 INFO             PET1 Finalizing ESMF
