build time -- 2022-05-22 05:49:27
20220522 074404.331 INFO             PET0 !!!!!!!!!!!!!!!!!!!!!!!!!!!!!!!!!!!!!!!!!!!!!!!!!!!!!!
20220522 074404.332 INFO             PET0 !!! THE ESMF_LOG IS SET TO OUTPUT ALL LOG MESSAGES !!!
20220522 074404.332 INFO             PET0 !!!     THIS MAY CAUSE SLOWDOWN IN PERFORMANCE     !!!
20220522 074404.332 INFO             PET0 !!! FOR PRODUCTION RUNS, USE:                      !!!
20220522 074404.332 INFO             PET0 !!!                   ESMF_LOGKIND_Multi_On_Error  !!!
20220522 074404.332 INFO             PET0 !!!!!!!!!!!!!!!!!!!!!!!!!!!!!!!!!!!!!!!!!!!!!!!!!!!!!!
20220522 074404.332 INFO             PET0 Running with ESMF Version   : v8.3.0b16-3-gc2b47388e1
20220522 074404.332 INFO             PET0 ESMF library build date/time: "May 22 2022" "05:47:55"
20220522 074404.332 INFO             PET0 ESMF library build location : /global/cscratch1/sd/rsdunlap/esmf-testing/intel_19.1.2_mpi_O_release_8.3.0
20220522 074404.332 INFO             PET0 ESMF_COMM                   : mpi
20220522 074404.333 INFO             PET0 ESMF_MOAB                   : enabled
20220522 074404.333 INFO             PET0 ESMF_LAPACK                 : enabled
20220522 074404.333 INFO             PET0 ESMF_NETCDF                 : enabled
20220522 074404.333 INFO             PET0 ESMF_PNETCDF                : disabled
20220522 074404.333 INFO             PET0 ESMF_PIO                    : enabled
20220522 074404.333 INFO             PET0 ESMF_YAMLCPP                : enabled
20220522 074404.380 DEBUG            PET0 about to destroy Grid: 0x100001e7480
20220522 074404.383 DEBUG            PET0 about to destroy Grid: 0x100001ea810
20220522 074404.393 INFO             PET0  NUMBER_OF_PROCESSORS           4
20220522 074404.393 INFO             PET0  PASS  Example ESMF_NUOPCAtmModelEx, ESMF_NUOPCAtmModelEx.F90, line 806
20220522 074404.393 INFO             PET0 Finalizing ESMF
20220522 074404.332 INFO             PET1 !!!!!!!!!!!!!!!!!!!!!!!!!!!!!!!!!!!!!!!!!!!!!!!!!!!!!!
20220522 074404.332 INFO             PET1 !!! THE ESMF_LOG IS SET TO OUTPUT ALL LOG MESSAGES !!!
20220522 074404.332 INFO             PET1 !!!     THIS MAY CAUSE SLOWDOWN IN PERFORMANCE     !!!
20220522 074404.332 INFO             PET1 !!! FOR PRODUCTION RUNS, USE:                      !!!
20220522 074404.332 INFO             PET1 !!!                   ESMF_LOGKIND_Multi_On_Error  !!!
20220522 074404.332 INFO             PET1 !!!!!!!!!!!!!!!!!!!!!!!!!!!!!!!!!!!!!!!!!!!!!!!!!!!!!!
20220522 074404.332 INFO             PET1 Running with ESMF Version   : v8.3.0b16-3-gc2b47388e1
20220522 074404.332 INFO             PET1 ESMF library build date/time: "May 22 2022" "05:47:55"
20220522 074404.332 INFO             PET1 ESMF library build location : /global/cscratch1/sd/rsdunlap/esmf-testing/intel_19.1.2_mpi_O_release_8.3.0
20220522 074404.332 INFO             PET1 ESMF_COMM                   : mpi
20220522 074404.334 INFO             PET1 ESMF_MOAB                   : enabled
20220522 074404.334 INFO             PET1 ESMF_LAPACK                 : enabled
20220522 074404.334 INFO             PET1 ESMF_NETCDF                 : enabled
20220522 074404.334 INFO             PET1 ESMF_PNETCDF                : disabled
20220522 074404.334 INFO             PET1 ESMF_PIO                    : enabled
20220522 074404.334 INFO             PET1 ESMF_YAMLCPP                : enabled
20220522 074404.380 DEBUG            PET1 about to destroy Grid: 0x100001e6c60
20220522 074404.383 DEBUG            PET1 about to destroy Grid: 0x100001e81e0
20220522 074404.392 INFO             PET1  NUMBER_OF_PROCESSORS           4
20220522 074404.393 INFO             PET1  PASS  Example ESMF_NUOPCAtmModelEx, ESMF_NUOPCAtmModelEx.F90, line 806
20220522 074404.393 INFO             PET1 Finalizing ESMF
20220522 074404.331 INFO             PET2 !!!!!!!!!!!!!!!!!!!!!!!!!!!!!!!!!!!!!!!!!!!!!!!!!!!!!!
20220522 074404.331 INFO             PET2 !!! THE ESMF_LOG IS SET TO OUTPUT ALL LOG MESSAGES !!!
20220522 074404.331 INFO             PET2 !!!     THIS MAY CAUSE SLOWDOWN IN PERFORMANCE     !!!
20220522 074404.331 INFO             PET2 !!! FOR PRODUCTION RUNS, USE:                      !!!
20220522 074404.331 INFO             PET2 !!!                   ESMF_LOGKIND_Multi_On_Error  !!!
20220522 074404.331 INFO             PET2 !!!!!!!!!!!!!!!!!!!!!!!!!!!!!!!!!!!!!!!!!!!!!!!!!!!!!!
20220522 074404.331 INFO             PET2 Running with ESMF Version   : v8.3.0b16-3-gc2b47388e1
20220522 074404.331 INFO             PET2 ESMF library build date/time: "May 22 2022" "05:47:55"
20220522 074404.331 INFO             PET2 ESMF library build location : /global/cscratch1/sd/rsdunlap/esmf-testing/intel_19.1.2_mpi_O_release_8.3.0
20220522 074404.331 INFO             PET2 ESMF_COMM                   : mpi
20220522 074404.333 INFO             PET2 ESMF_MOAB                   : enabled
20220522 074404.333 INFO             PET2 ESMF_LAPACK                 : enabled
20220522 074404.333 INFO             PET2 ESMF_NETCDF                 : enabled
20220522 074404.333 INFO             PET2 ESMF_PNETCDF                : disabled
20220522 074404.333 INFO             PET2 ESMF_PIO                    : enabled
20220522 074404.333 INFO             PET2 ESMF_YAMLCPP                : enabled
20220522 074404.380 DEBUG            PET2 about to destroy Grid: 0x100001e6fd0
20220522 074404.383 DEBUG            PET2 about to destroy Grid: 0x100001e8530
20220522 074404.392 INFO             PET2  NUMBER_OF_PROCESSORS           4
20220522 074404.393 INFO             PET2  PASS  Example ESMF_NUOPCAtmModelEx, ESMF_NUOPCAtmModelEx.F90, line 806
20220522 074404.393 INFO             PET2 Finalizing ESMF
20220522 074404.331 INFO             PET3 !!!!!!!!!!!!!!!!!!!!!!!!!!!!!!!!!!!!!!!!!!!!!!!!!!!!!!
20220522 074404.331 INFO             PET3 !!! THE ESMF_LOG IS SET TO OUTPUT ALL LOG MESSAGES !!!
20220522 074404.331 INFO             PET3 !!!     THIS MAY CAUSE SLOWDOWN IN PERFORMANCE     !!!
20220522 074404.331 INFO             PET3 !!! FOR PRODUCTION RUNS, USE:                      !!!
20220522 074404.331 INFO             PET3 !!!                   ESMF_LOGKIND_Multi_On_Error  !!!
20220522 074404.331 INFO             PET3 !!!!!!!!!!!!!!!!!!!!!!!!!!!!!!!!!!!!!!!!!!!!!!!!!!!!!!
20220522 074404.331 INFO             PET3 Running with ESMF Version   : v8.3.0b16-3-gc2b47388e1
20220522 074404.331 INFO             PET3 ESMF library build date/time: "May 22 2022" "05:47:55"
20220522 074404.331 INFO             PET3 ESMF library build location : /global/cscratch1/sd/rsdunlap/esmf-testing/intel_19.1.2_mpi_O_release_8.3.0
20220522 074404.331 INFO             PET3 ESMF_COMM                   : mpi
20220522 074404.332 INFO             PET3 ESMF_MOAB                   : enabled
20220522 074404.332 INFO             PET3 ESMF_LAPACK                 : enabled
20220522 074404.332 INFO             PET3 ESMF_NETCDF                 : enabled
20220522 074404.332 INFO             PET3 ESMF_PNETCDF                : disabled
20220522 074404.332 INFO             PET3 ESMF_PIO                    : enabled
20220522 074404.332 INFO             PET3 ESMF_YAMLCPP                : enabled
20220522 074404.380 DEBUG            PET3 about to destroy Grid: 0x100001e6c60
20220522 074404.383 DEBUG            PET3 about to destroy Grid: 0x100001e81e0
20220522 074404.392 INFO             PET3  NUMBER_OF_PROCESSORS           4
20220522 074404.392 INFO             PET3  PASS  Example ESMF_NUOPCAtmModelEx, ESMF_NUOPCAtmModelEx.F90, line 806
20220522 074404.392 INFO             PET3 Finalizing ESMF
