build time -- 2022-06-06 00:23:20
20220606 012140.645 INFO             PET0 !!!!!!!!!!!!!!!!!!!!!!!!!!!!!!!!!!!!!!!!!!!!!!!!!!!!!!
20220606 012140.645 INFO             PET0 !!! THE ESMF_LOG IS SET TO OUTPUT ALL LOG MESSAGES !!!
20220606 012140.645 INFO             PET0 !!!     THIS MAY CAUSE SLOWDOWN IN PERFORMANCE     !!!
20220606 012140.645 INFO             PET0 !!! FOR PRODUCTION RUNS, USE:                      !!!
20220606 012140.645 INFO             PET0 !!!                   ESMF_LOGKIND_Multi_On_Error  !!!
20220606 012140.645 INFO             PET0 !!!!!!!!!!!!!!!!!!!!!!!!!!!!!!!!!!!!!!!!!!!!!!!!!!!!!!
20220606 012140.645 INFO             PET0 Running with ESMF Version   : v8.3.0b17-1-g6ed324f6a2
20220606 012140.645 INFO             PET0 ESMF library build date/time: "Jun  6 2022" "00:21:41"
20220606 012140.645 INFO             PET0 ESMF library build location : /lustre/f2/dev/ncep/Mark.Potts/gfortran_8.3.0_mpiuni_O_release_8.3.0
20220606 012140.645 INFO             PET0 ESMF_COMM                   : mpiuni
20220606 012140.645 INFO             PET0 ESMF_MOAB                   : enabled
20220606 012140.645 INFO             PET0 ESMF_LAPACK                 : enabled
20220606 012140.645 INFO             PET0 ESMF_NETCDF                 : enabled
20220606 012140.645 INFO             PET0 ESMF_PNETCDF                : disabled
20220606 012140.645 INFO             PET0 ESMF_PIO                    : disabled
20220606 012140.645 INFO             PET0 ESMF_YAMLCPP                : enabled
20220606 012140.672 ERROR            PET0 ESMCI_Info.C:1278 Info::set(<json>) Cannot set value  - Error/Return Code 540 (ESMC_RC_CANNOT_SET) - Key '/myIntegerKey' already in map and force=false.
20220606 012140.672 ERROR            PET0 ESMCI_Info.C:1281 Info::set(<json>) Cannot set value  - Internal subroutine call returned Error
20220606 012140.672 ERROR            PET0 ESMCI_Info.C:1323 Info::set(<json>) Cannot set value  - Internal subroutine call returned Error
20220606 012140.672 ERROR            PET0 ESMCI_Info.C:1326 Info::set(<json>) Cannot set value  - Internal subroutine call returned Error
20220606 012140.673 ERROR            PET0 ESMCI_Info.C:1374 Info::set(<scalar>) Cannot set value  - Internal subroutine call returned Error
20220606 012140.673 ERROR            PET0 ESMC_InfoCDefGeneric.C:387 ESMC_InfoSetI4() Cannot set value  - Internal subroutine call returned Error
20220606 012140.673 ERROR            PET0 ESMF_Info.F90:2866 ESMF_InfoSetI4() Cannot set value  - Internal subroutine call returned Error
20220606 012140.673 INFO             PET0  NUMBER_OF_PROCESSORS           1
20220606 012140.673 INFO             PET0  PASS  Example ESMF_InfoTutorialEx, ESMF_InfoTutorialEx.F90, line 335
20220606 012140.673 INFO             PET0 Finalizing ESMF
