build time -- 2022-05-31 06:05:58
20220531 062818.350 INFO             PET0 !!!!!!!!!!!!!!!!!!!!!!!!!!!!!!!!!!!!!!!!!!!!!!!!!!!!!!
20220531 062818.350 INFO             PET0 !!! THE ESMF_LOG IS SET TO OUTPUT ALL LOG MESSAGES !!!
20220531 062818.350 INFO             PET0 !!!     THIS MAY CAUSE SLOWDOWN IN PERFORMANCE     !!!
20220531 062818.350 INFO             PET0 !!! FOR PRODUCTION RUNS, USE:                      !!!
20220531 062818.350 INFO             PET0 !!!                   ESMF_LOGKIND_Multi_On_Error  !!!
20220531 062818.350 INFO             PET0 !!!!!!!!!!!!!!!!!!!!!!!!!!!!!!!!!!!!!!!!!!!!!!!!!!!!!!
20220531 062818.350 INFO             PET0 Running with ESMF Version   : v8.3.0b16
20220531 062818.350 INFO             PET0 ESMF library build date/time: "May 31 2022" "06:04:41"
20220531 062818.350 INFO             PET0 ESMF library build location : /scratch1/NCEPDEV/stmp2/role.esmfmaint/gfortran_9.2.0a_mpiuni_g_develop
20220531 062818.350 INFO             PET0 ESMF_COMM                   : mpiuni
20220531 062818.351 INFO             PET0 ESMF_MOAB                   : enabled
20220531 062818.351 INFO             PET0 ESMF_LAPACK                 : enabled
20220531 062818.351 INFO             PET0 ESMF_NETCDF                 : enabled
20220531 062818.351 INFO             PET0 ESMF_PNETCDF                : disabled
20220531 062818.351 INFO             PET0 ESMF_PIO                    : disabled
20220531 062818.351 INFO             PET0 ESMF_YAMLCPP                : enabled
20220531 062818.414 DEBUG            PET0 about to destroy Grid: 0x15dc700
20220531 062818.426 DEBUG            PET0 about to destroy Grid: 0x15dda30
20220531 062818.455 INFO             PET0  NUMBER_OF_PROCESSORS           1
20220531 062818.455 INFO             PET0  PASS  Example ESMF_NUOPCAtmModelEx, ESMF_NUOPCAtmModelEx.F90, line 806
20220531 062818.455 INFO             PET0 Finalizing ESMF
