build time -- 2022-04-10 03:15:37
20220411 004547.983 INFO             PET0 !!!!!!!!!!!!!!!!!!!!!!!!!!!!!!!!!!!!!!!!!!!!!!!!!!!!!!
20220411 004548.017 INFO             PET0 !!! THE ESMF_LOG IS SET TO OUTPUT ALL LOG MESSAGES !!!
20220411 004548.017 INFO             PET0 !!!     THIS MAY CAUSE SLOWDOWN IN PERFORMANCE     !!!
20220411 004548.017 INFO             PET0 !!! FOR PRODUCTION RUNS, USE:                      !!!
20220411 004548.017 INFO             PET0 !!!                   ESMF_LOGKIND_Multi_On_Error  !!!
20220411 004548.017 INFO             PET0 !!!!!!!!!!!!!!!!!!!!!!!!!!!!!!!!!!!!!!!!!!!!!!!!!!!!!!
20220411 004548.018 INFO             PET0 Running with ESMF Version   : v8.3.0b12-1-g7c85d54760
20220411 004548.029 INFO             PET0 ESMF library build date/time: "Apr 10 2022" "03:10:59"
20220411 004548.029 INFO             PET0 ESMF library build location : /global/cscratch1/sd/rsdunlap/esmf-testing/intel_19.0.3_mpi_g_develop
20220411 004548.029 INFO             PET0 ESMF_COMM                   : mpi
20220411 004548.039 INFO             PET0 ESMF_MOAB                   : enabled
20220411 004548.039 INFO             PET0 ESMF_LAPACK                 : enabled
20220411 004548.039 INFO             PET0 ESMF_NETCDF                 : enabled
20220411 004548.039 INFO             PET0 ESMF_PNETCDF                : disabled
20220411 004548.039 INFO             PET0 ESMF_PIO                    : enabled
20220411 004548.039 INFO             PET0 ESMF_YAMLCPP                : enabled
20220411 004548.198 INFO             PET0  NUMBER_OF_PROCESSORS           4
20220411 004548.198 INFO             PET0  PASS  Example ESMF_FieldArbGridEx, ESMF_FieldArbGridEx.F90, line 243
20220411 004548.198 INFO             PET0 Finalizing ESMF
20220411 004547.989 INFO             PET1 !!!!!!!!!!!!!!!!!!!!!!!!!!!!!!!!!!!!!!!!!!!!!!!!!!!!!!
20220411 004548.017 INFO             PET1 !!! THE ESMF_LOG IS SET TO OUTPUT ALL LOG MESSAGES !!!
20220411 004548.017 INFO             PET1 !!!     THIS MAY CAUSE SLOWDOWN IN PERFORMANCE     !!!
20220411 004548.017 INFO             PET1 !!! FOR PRODUCTION RUNS, USE:                      !!!
20220411 004548.017 INFO             PET1 !!!                   ESMF_LOGKIND_Multi_On_Error  !!!
20220411 004548.017 INFO             PET1 !!!!!!!!!!!!!!!!!!!!!!!!!!!!!!!!!!!!!!!!!!!!!!!!!!!!!!
20220411 004548.018 INFO             PET1 Running with ESMF Version   : v8.3.0b12-1-g7c85d54760
20220411 004548.029 INFO             PET1 ESMF library build date/time: "Apr 10 2022" "03:10:59"
20220411 004548.029 INFO             PET1 ESMF library build location : /global/cscratch1/sd/rsdunlap/esmf-testing/intel_19.0.3_mpi_g_develop
20220411 004548.029 INFO             PET1 ESMF_COMM                   : mpi
20220411 004548.040 INFO             PET1 ESMF_MOAB                   : enabled
20220411 004548.040 INFO             PET1 ESMF_LAPACK                 : enabled
20220411 004548.040 INFO             PET1 ESMF_NETCDF                 : enabled
20220411 004548.040 INFO             PET1 ESMF_PNETCDF                : disabled
20220411 004548.040 INFO             PET1 ESMF_PIO                    : enabled
20220411 004548.040 INFO             PET1 ESMF_YAMLCPP                : enabled
20220411 004548.198 INFO             PET1  NUMBER_OF_PROCESSORS           4
20220411 004548.198 INFO             PET1  PASS  Example ESMF_FieldArbGridEx, ESMF_FieldArbGridEx.F90, line 243
20220411 004548.198 INFO             PET1 Finalizing ESMF
20220411 004548.001 INFO             PET2 !!!!!!!!!!!!!!!!!!!!!!!!!!!!!!!!!!!!!!!!!!!!!!!!!!!!!!
20220411 004548.017 INFO             PET2 !!! THE ESMF_LOG IS SET TO OUTPUT ALL LOG MESSAGES !!!
20220411 004548.017 INFO             PET2 !!!     THIS MAY CAUSE SLOWDOWN IN PERFORMANCE     !!!
20220411 004548.017 INFO             PET2 !!! FOR PRODUCTION RUNS, USE:                      !!!
20220411 004548.017 INFO             PET2 !!!                   ESMF_LOGKIND_Multi_On_Error  !!!
20220411 004548.017 INFO             PET2 !!!!!!!!!!!!!!!!!!!!!!!!!!!!!!!!!!!!!!!!!!!!!!!!!!!!!!
20220411 004548.018 INFO             PET2 Running with ESMF Version   : v8.3.0b12-1-g7c85d54760
20220411 004548.029 INFO             PET2 ESMF library build date/time: "Apr 10 2022" "03:10:59"
20220411 004548.029 INFO             PET2 ESMF library build location : /global/cscratch1/sd/rsdunlap/esmf-testing/intel_19.0.3_mpi_g_develop
20220411 004548.029 INFO             PET2 ESMF_COMM                   : mpi
20220411 004548.039 INFO             PET2 ESMF_MOAB                   : enabled
20220411 004548.039 INFO             PET2 ESMF_LAPACK                 : enabled
20220411 004548.039 INFO             PET2 ESMF_NETCDF                 : enabled
20220411 004548.039 INFO             PET2 ESMF_PNETCDF                : disabled
20220411 004548.039 INFO             PET2 ESMF_PIO                    : enabled
20220411 004548.039 INFO             PET2 ESMF_YAMLCPP                : enabled
20220411 004548.198 INFO             PET2  NUMBER_OF_PROCESSORS           4
20220411 004548.198 INFO             PET2  PASS  Example ESMF_FieldArbGridEx, ESMF_FieldArbGridEx.F90, line 243
20220411 004548.198 INFO             PET2 Finalizing ESMF
20220411 004547.994 INFO             PET3 !!!!!!!!!!!!!!!!!!!!!!!!!!!!!!!!!!!!!!!!!!!!!!!!!!!!!!
20220411 004548.017 INFO             PET3 !!! THE ESMF_LOG IS SET TO OUTPUT ALL LOG MESSAGES !!!
20220411 004548.017 INFO             PET3 !!!     THIS MAY CAUSE SLOWDOWN IN PERFORMANCE     !!!
20220411 004548.017 INFO             PET3 !!! FOR PRODUCTION RUNS, USE:                      !!!
20220411 004548.017 INFO             PET3 !!!                   ESMF_LOGKIND_Multi_On_Error  !!!
20220411 004548.017 INFO             PET3 !!!!!!!!!!!!!!!!!!!!!!!!!!!!!!!!!!!!!!!!!!!!!!!!!!!!!!
20220411 004548.018 INFO             PET3 Running with ESMF Version   : v8.3.0b12-1-g7c85d54760
20220411 004548.029 INFO             PET3 ESMF library build date/time: "Apr 10 2022" "03:10:59"
20220411 004548.029 INFO             PET3 ESMF library build location : /global/cscratch1/sd/rsdunlap/esmf-testing/intel_19.0.3_mpi_g_develop
20220411 004548.029 INFO             PET3 ESMF_COMM                   : mpi
20220411 004548.041 INFO             PET3 ESMF_MOAB                   : enabled
20220411 004548.041 INFO             PET3 ESMF_LAPACK                 : enabled
20220411 004548.041 INFO             PET3 ESMF_NETCDF                 : enabled
20220411 004548.041 INFO             PET3 ESMF_PNETCDF                : disabled
20220411 004548.041 INFO             PET3 ESMF_PIO                    : enabled
20220411 004548.041 INFO             PET3 ESMF_YAMLCPP                : enabled
20220411 004548.198 INFO             PET3  NUMBER_OF_PROCESSORS           4
20220411 004548.198 INFO             PET3  PASS  Example ESMF_FieldArbGridEx, ESMF_FieldArbGridEx.F90, line 243
20220411 004548.198 INFO             PET3 Finalizing ESMF
