build time -- 2022-04-26 07:09:24
20220426 201832.616 INFO             PET0 !!!!!!!!!!!!!!!!!!!!!!!!!!!!!!!!!!!!!!!!!!!!!!!!!!!!!!
20220426 201832.620 INFO             PET0 !!! THE ESMF_LOG IS SET TO OUTPUT ALL LOG MESSAGES !!!
20220426 201832.621 INFO             PET0 !!!     THIS MAY CAUSE SLOWDOWN IN PERFORMANCE     !!!
20220426 201832.621 INFO             PET0 !!! FOR PRODUCTION RUNS, USE:                      !!!
20220426 201832.621 INFO             PET0 !!!                   ESMF_LOGKIND_Multi_On_Error  !!!
20220426 201832.621 INFO             PET0 !!!!!!!!!!!!!!!!!!!!!!!!!!!!!!!!!!!!!!!!!!!!!!!!!!!!!!
20220426 201832.621 INFO             PET0 Running with ESMF Version   : v8.3.0b13
20220426 201832.622 INFO             PET0 ESMF library build date/time: "Apr 26 2022" "07:07:48"
20220426 201832.622 INFO             PET0 ESMF library build location : /global/cscratch1/sd/rsdunlap/esmf-testing/intel_19.0.3_mpi_g_develop
20220426 201832.622 INFO             PET0 ESMF_COMM                   : mpi
20220426 201832.629 INFO             PET0 ESMF_MOAB                   : enabled
20220426 201832.629 INFO             PET0 ESMF_LAPACK                 : enabled
20220426 201832.629 INFO             PET0 ESMF_NETCDF                 : enabled
20220426 201832.629 INFO             PET0 ESMF_PNETCDF                : disabled
20220426 201832.629 INFO             PET0 ESMF_PIO                    : enabled
20220426 201832.629 INFO             PET0 ESMF_YAMLCPP                : enabled
20220426 201832.674 INFO             PET0  NUMBER_OF_PROCESSORS           4
20220426 201832.675 INFO             PET0  PASS  Example ESMF_SCompEx, ESMF_SCompEx.F90, line 385
20220426 201832.675 INFO             PET0 Finalizing ESMF
20220426 201832.616 INFO             PET1 !!!!!!!!!!!!!!!!!!!!!!!!!!!!!!!!!!!!!!!!!!!!!!!!!!!!!!
20220426 201832.620 INFO             PET1 !!! THE ESMF_LOG IS SET TO OUTPUT ALL LOG MESSAGES !!!
20220426 201832.621 INFO             PET1 !!!     THIS MAY CAUSE SLOWDOWN IN PERFORMANCE     !!!
20220426 201832.621 INFO             PET1 !!! FOR PRODUCTION RUNS, USE:                      !!!
20220426 201832.621 INFO             PET1 !!!                   ESMF_LOGKIND_Multi_On_Error  !!!
20220426 201832.621 INFO             PET1 !!!!!!!!!!!!!!!!!!!!!!!!!!!!!!!!!!!!!!!!!!!!!!!!!!!!!!
20220426 201832.621 INFO             PET1 Running with ESMF Version   : v8.3.0b13
20220426 201832.622 INFO             PET1 ESMF library build date/time: "Apr 26 2022" "07:07:48"
20220426 201832.622 INFO             PET1 ESMF library build location : /global/cscratch1/sd/rsdunlap/esmf-testing/intel_19.0.3_mpi_g_develop
20220426 201832.622 INFO             PET1 ESMF_COMM                   : mpi
20220426 201832.629 INFO             PET1 ESMF_MOAB                   : enabled
20220426 201832.629 INFO             PET1 ESMF_LAPACK                 : enabled
20220426 201832.629 INFO             PET1 ESMF_NETCDF                 : enabled
20220426 201832.629 INFO             PET1 ESMF_PNETCDF                : disabled
20220426 201832.629 INFO             PET1 ESMF_PIO                    : enabled
20220426 201832.629 INFO             PET1 ESMF_YAMLCPP                : enabled
20220426 201832.674 INFO             PET1  NUMBER_OF_PROCESSORS           4
20220426 201832.675 INFO             PET1  PASS  Example ESMF_SCompEx, ESMF_SCompEx.F90, line 385
20220426 201832.675 INFO             PET1 Finalizing ESMF
20220426 201832.616 INFO             PET2 !!!!!!!!!!!!!!!!!!!!!!!!!!!!!!!!!!!!!!!!!!!!!!!!!!!!!!
20220426 201832.620 INFO             PET2 !!! THE ESMF_LOG IS SET TO OUTPUT ALL LOG MESSAGES !!!
20220426 201832.621 INFO             PET2 !!!     THIS MAY CAUSE SLOWDOWN IN PERFORMANCE     !!!
20220426 201832.621 INFO             PET2 !!! FOR PRODUCTION RUNS, USE:                      !!!
20220426 201832.621 INFO             PET2 !!!                   ESMF_LOGKIND_Multi_On_Error  !!!
20220426 201832.621 INFO             PET2 !!!!!!!!!!!!!!!!!!!!!!!!!!!!!!!!!!!!!!!!!!!!!!!!!!!!!!
20220426 201832.621 INFO             PET2 Running with ESMF Version   : v8.3.0b13
20220426 201832.622 INFO             PET2 ESMF library build date/time: "Apr 26 2022" "07:07:48"
20220426 201832.622 INFO             PET2 ESMF library build location : /global/cscratch1/sd/rsdunlap/esmf-testing/intel_19.0.3_mpi_g_develop
20220426 201832.622 INFO             PET2 ESMF_COMM                   : mpi
20220426 201832.629 INFO             PET2 ESMF_MOAB                   : enabled
20220426 201832.629 INFO             PET2 ESMF_LAPACK                 : enabled
20220426 201832.629 INFO             PET2 ESMF_NETCDF                 : enabled
20220426 201832.629 INFO             PET2 ESMF_PNETCDF                : disabled
20220426 201832.629 INFO             PET2 ESMF_PIO                    : enabled
20220426 201832.629 INFO             PET2 ESMF_YAMLCPP                : enabled
20220426 201832.674 INFO             PET2  NUMBER_OF_PROCESSORS           4
20220426 201832.675 INFO             PET2  PASS  Example ESMF_SCompEx, ESMF_SCompEx.F90, line 385
20220426 201832.675 INFO             PET2 Finalizing ESMF
20220426 201832.616 INFO             PET3 !!!!!!!!!!!!!!!!!!!!!!!!!!!!!!!!!!!!!!!!!!!!!!!!!!!!!!
20220426 201832.620 INFO             PET3 !!! THE ESMF_LOG IS SET TO OUTPUT ALL LOG MESSAGES !!!
20220426 201832.621 INFO             PET3 !!!     THIS MAY CAUSE SLOWDOWN IN PERFORMANCE     !!!
20220426 201832.621 INFO             PET3 !!! FOR PRODUCTION RUNS, USE:                      !!!
20220426 201832.621 INFO             PET3 !!!                   ESMF_LOGKIND_Multi_On_Error  !!!
20220426 201832.621 INFO             PET3 !!!!!!!!!!!!!!!!!!!!!!!!!!!!!!!!!!!!!!!!!!!!!!!!!!!!!!
20220426 201832.621 INFO             PET3 Running with ESMF Version   : v8.3.0b13
20220426 201832.622 INFO             PET3 ESMF library build date/time: "Apr 26 2022" "07:07:48"
20220426 201832.622 INFO             PET3 ESMF library build location : /global/cscratch1/sd/rsdunlap/esmf-testing/intel_19.0.3_mpi_g_develop
20220426 201832.622 INFO             PET3 ESMF_COMM                   : mpi
20220426 201832.629 INFO             PET3 ESMF_MOAB                   : enabled
20220426 201832.629 INFO             PET3 ESMF_LAPACK                 : enabled
20220426 201832.629 INFO             PET3 ESMF_NETCDF                 : enabled
20220426 201832.629 INFO             PET3 ESMF_PNETCDF                : disabled
20220426 201832.629 INFO             PET3 ESMF_PIO                    : enabled
20220426 201832.629 INFO             PET3 ESMF_YAMLCPP                : enabled
20220426 201832.674 INFO             PET3  NUMBER_OF_PROCESSORS           4
20220426 201832.675 INFO             PET3  PASS  Example ESMF_SCompEx, ESMF_SCompEx.F90, line 385
20220426 201832.675 INFO             PET3 Finalizing ESMF
