build time -- 2022-04-23 03:22:24
20220423 074815.958 INFO             PET0 !!!!!!!!!!!!!!!!!!!!!!!!!!!!!!!!!!!!!!!!!!!!!!!!!!!!!!
20220423 074815.958 INFO             PET0 !!! THE ESMF_LOG IS SET TO OUTPUT ALL LOG MESSAGES !!!
20220423 074815.958 INFO             PET0 !!!     THIS MAY CAUSE SLOWDOWN IN PERFORMANCE     !!!
20220423 074815.958 INFO             PET0 !!! FOR PRODUCTION RUNS, USE:                      !!!
20220423 074815.958 INFO             PET0 !!!                   ESMF_LOGKIND_Multi_On_Error  !!!
20220423 074815.958 INFO             PET0 !!!!!!!!!!!!!!!!!!!!!!!!!!!!!!!!!!!!!!!!!!!!!!!!!!!!!!
20220423 074815.958 INFO             PET0 Running with ESMF Version   : v8.3.0b13
20220423 074815.958 INFO             PET0 ESMF library build date/time: "Apr 23 2022" "03:20:55"
20220423 074815.958 INFO             PET0 ESMF library build location : /global/cscratch1/sd/rsdunlap/esmf-testing/intel_19.0.3_mpi_g_develop
20220423 074815.958 INFO             PET0 ESMF_COMM                   : mpi
20220423 074815.960 INFO             PET0 ESMF_MOAB                   : enabled
20220423 074815.960 INFO             PET0 ESMF_LAPACK                 : enabled
20220423 074815.960 INFO             PET0 ESMF_NETCDF                 : enabled
20220423 074815.960 INFO             PET0 ESMF_PNETCDF                : disabled
20220423 074815.960 INFO             PET0 ESMF_PIO                    : enabled
20220423 074815.960 INFO             PET0 ESMF_YAMLCPP                : enabled
20220423 074815.960 INFO             PET0  NUMBER_OF_PROCESSORS           4
20220423 074815.960 INFO             PET0  PASS  Example ESMF_VMUserMpiCommMultiEx, ESMF_VMUserMpiCommMultiEx.F90, line 126
20220423 074815.960 INFO             PET0 Finalizing ESMF
20220423 074815.957 INFO             PET0 !!!!!!!!!!!!!!!!!!!!!!!!!!!!!!!!!!!!!!!!!!!!!!!!!!!!!!
20220423 074815.957 INFO             PET0 !!! THE ESMF_LOG IS SET TO OUTPUT ALL LOG MESSAGES !!!
20220423 074815.957 INFO             PET0 !!!     THIS MAY CAUSE SLOWDOWN IN PERFORMANCE     !!!
20220423 074815.957 INFO             PET0 !!! FOR PRODUCTION RUNS, USE:                      !!!
20220423 074815.957 INFO             PET0 !!!                   ESMF_LOGKIND_Multi_On_Error  !!!
20220423 074815.957 INFO             PET0 !!!!!!!!!!!!!!!!!!!!!!!!!!!!!!!!!!!!!!!!!!!!!!!!!!!!!!
20220423 074815.957 INFO             PET0 Running with ESMF Version   : v8.3.0b13
20220423 074815.957 INFO             PET0 ESMF library build date/time: "Apr 23 2022" "03:20:55"
20220423 074815.957 INFO             PET0 ESMF library build location : /global/cscratch1/sd/rsdunlap/esmf-testing/intel_19.0.3_mpi_g_develop
20220423 074815.957 INFO             PET0 ESMF_COMM                   : mpi
20220423 074815.959 INFO             PET0 ESMF_MOAB                   : enabled
20220423 074815.959 INFO             PET0 ESMF_LAPACK                 : enabled
20220423 074815.959 INFO             PET0 ESMF_NETCDF                 : enabled
20220423 074815.959 INFO             PET0 ESMF_PNETCDF                : disabled
20220423 074815.959 INFO             PET0 ESMF_PIO                    : enabled
20220423 074815.959 INFO             PET0 ESMF_YAMLCPP                : enabled
20220423 074815.960 INFO             PET0  NUMBER_OF_PROCESSORS           4
20220423 074815.960 INFO             PET0  PASS  Example ESMF_VMUserMpiCommMultiEx, ESMF_VMUserMpiCommMultiEx.F90, line 154
20220423 074815.960 INFO             PET0 Finalizing ESMF
20220423 074815.957 INFO             PET1 !!!!!!!!!!!!!!!!!!!!!!!!!!!!!!!!!!!!!!!!!!!!!!!!!!!!!!
20220423 074815.957 INFO             PET1 !!! THE ESMF_LOG IS SET TO OUTPUT ALL LOG MESSAGES !!!
20220423 074815.957 INFO             PET1 !!!     THIS MAY CAUSE SLOWDOWN IN PERFORMANCE     !!!
20220423 074815.957 INFO             PET1 !!! FOR PRODUCTION RUNS, USE:                      !!!
20220423 074815.957 INFO             PET1 !!!                   ESMF_LOGKIND_Multi_On_Error  !!!
20220423 074815.957 INFO             PET1 !!!!!!!!!!!!!!!!!!!!!!!!!!!!!!!!!!!!!!!!!!!!!!!!!!!!!!
20220423 074815.957 INFO             PET1 Running with ESMF Version   : v8.3.0b13
20220423 074815.958 INFO             PET1 ESMF library build date/time: "Apr 23 2022" "03:20:55"
20220423 074815.958 INFO             PET1 ESMF library build location : /global/cscratch1/sd/rsdunlap/esmf-testing/intel_19.0.3_mpi_g_develop
20220423 074815.958 INFO             PET1 ESMF_COMM                   : mpi
20220423 074815.959 INFO             PET1 ESMF_MOAB                   : enabled
20220423 074815.959 INFO             PET1 ESMF_LAPACK                 : enabled
20220423 074815.959 INFO             PET1 ESMF_NETCDF                 : enabled
20220423 074815.959 INFO             PET1 ESMF_PNETCDF                : disabled
20220423 074815.959 INFO             PET1 ESMF_PIO                    : enabled
20220423 074815.959 INFO             PET1 ESMF_YAMLCPP                : enabled
20220423 074815.960 INFO             PET1  NUMBER_OF_PROCESSORS           4
20220423 074815.960 INFO             PET1  PASS  Example ESMF_VMUserMpiCommMultiEx, ESMF_VMUserMpiCommMultiEx.F90, line 126
20220423 074815.960 INFO             PET1 Finalizing ESMF
20220423 074815.957 INFO             PET1 !!!!!!!!!!!!!!!!!!!!!!!!!!!!!!!!!!!!!!!!!!!!!!!!!!!!!!
20220423 074815.957 INFO             PET1 !!! THE ESMF_LOG IS SET TO OUTPUT ALL LOG MESSAGES !!!
20220423 074815.957 INFO             PET1 !!!     THIS MAY CAUSE SLOWDOWN IN PERFORMANCE     !!!
20220423 074815.957 INFO             PET1 !!! FOR PRODUCTION RUNS, USE:                      !!!
20220423 074815.957 INFO             PET1 !!!                   ESMF_LOGKIND_Multi_On_Error  !!!
20220423 074815.957 INFO             PET1 !!!!!!!!!!!!!!!!!!!!!!!!!!!!!!!!!!!!!!!!!!!!!!!!!!!!!!
20220423 074815.957 INFO             PET1 Running with ESMF Version   : v8.3.0b13
20220423 074815.957 INFO             PET1 ESMF library build date/time: "Apr 23 2022" "03:20:55"
20220423 074815.957 INFO             PET1 ESMF library build location : /global/cscratch1/sd/rsdunlap/esmf-testing/intel_19.0.3_mpi_g_develop
20220423 074815.957 INFO             PET1 ESMF_COMM                   : mpi
20220423 074815.959 INFO             PET1 ESMF_MOAB                   : enabled
20220423 074815.959 INFO             PET1 ESMF_LAPACK                 : enabled
20220423 074815.959 INFO             PET1 ESMF_NETCDF                 : enabled
20220423 074815.959 INFO             PET1 ESMF_PNETCDF                : disabled
20220423 074815.959 INFO             PET1 ESMF_PIO                    : enabled
20220423 074815.959 INFO             PET1 ESMF_YAMLCPP                : enabled
20220423 074815.960 INFO             PET1  NUMBER_OF_PROCESSORS           4
20220423 074815.960 INFO             PET1  PASS  Example ESMF_VMUserMpiCommMultiEx, ESMF_VMUserMpiCommMultiEx.F90, line 154
20220423 074815.960 INFO             PET1 Finalizing ESMF
