build time -- 2022-04-07 04:07:03
20220407 202525.286 INFO             PET0 !!!!!!!!!!!!!!!!!!!!!!!!!!!!!!!!!!!!!!!!!!!!!!!!!!!!!!
20220407 202525.286 INFO             PET0 !!! THE ESMF_LOG IS SET TO OUTPUT ALL LOG MESSAGES !!!
20220407 202525.286 INFO             PET0 !!!     THIS MAY CAUSE SLOWDOWN IN PERFORMANCE     !!!
20220407 202525.286 INFO             PET0 !!! FOR PRODUCTION RUNS, USE:                      !!!
20220407 202525.286 INFO             PET0 !!!                   ESMF_LOGKIND_Multi_On_Error  !!!
20220407 202525.286 INFO             PET0 !!!!!!!!!!!!!!!!!!!!!!!!!!!!!!!!!!!!!!!!!!!!!!!!!!!!!!
20220407 202525.286 INFO             PET0 Running with ESMF Version   : v8.3.0b12
20220407 202525.286 INFO             PET0 ESMF library build date/time: "Apr  7 2022" "04:05:27"
20220407 202525.286 INFO             PET0 ESMF library build location : /global/cscratch1/sd/rsdunlap/esmf-testing/intel_19.0.3_mpi_g_develop
20220407 202525.286 INFO             PET0 ESMF_COMM                   : mpi
20220407 202525.288 INFO             PET0 ESMF_MOAB                   : enabled
20220407 202525.288 INFO             PET0 ESMF_LAPACK                 : enabled
20220407 202525.288 INFO             PET0 ESMF_NETCDF                 : enabled
20220407 202525.288 INFO             PET0 ESMF_PNETCDF                : disabled
20220407 202525.288 INFO             PET0 ESMF_PIO                    : enabled
20220407 202525.288 INFO             PET0 ESMF_YAMLCPP                : enabled
20220407 202525.289 INFO             PET0  NUMBER_OF_PROCESSORS           1
20220407 202525.289 INFO             PET0  PASS  Example CalendarEx, ESMF_CalendarEx.F90, line 217
20220407 202525.289 INFO             PET0 Finalizing ESMF
