build time -- 2022-04-12 02:30:00
20220412 081932.683 INFO             PET0 !!!!!!!!!!!!!!!!!!!!!!!!!!!!!!!!!!!!!!!!!!!!!!!!!!!!!!
20220412 081932.695 INFO             PET0 !!! THE ESMF_LOG IS SET TO OUTPUT ALL LOG MESSAGES !!!
20220412 081932.695 INFO             PET0 !!!     THIS MAY CAUSE SLOWDOWN IN PERFORMANCE     !!!
20220412 081932.695 INFO             PET0 !!! FOR PRODUCTION RUNS, USE:                      !!!
20220412 081932.695 INFO             PET0 !!!                   ESMF_LOGKIND_Multi_On_Error  !!!
20220412 081932.695 INFO             PET0 !!!!!!!!!!!!!!!!!!!!!!!!!!!!!!!!!!!!!!!!!!!!!!!!!!!!!!
20220412 081932.695 INFO             PET0 Running with ESMF Version   : v8.3.0b12-59-ge6bf2211df
20220412 081932.695 INFO             PET0 ESMF library build date/time: "Apr 12 2022" "02:28:09"
20220412 081932.696 INFO             PET0 ESMF library build location : /global/cscratch1/sd/rsdunlap/esmf-testing/intel_19.0.3_mpi_g_develop
20220412 081932.696 INFO             PET0 ESMF_COMM                   : mpi
20220412 081932.708 INFO             PET0 ESMF_MOAB                   : enabled
20220412 081932.708 INFO             PET0 ESMF_LAPACK                 : enabled
20220412 081932.708 INFO             PET0 ESMF_NETCDF                 : enabled
20220412 081932.708 INFO             PET0 ESMF_PNETCDF                : disabled
20220412 081932.708 INFO             PET0 ESMF_PIO                    : enabled
20220412 081932.708 INFO             PET0 ESMF_YAMLCPP                : enabled
20220412 081932.713 INFO             PET0  NUMBER_OF_PROCESSORS           2
20220412 081932.714 INFO             PET0  PASS  Example ESMF_VMUserMpiCommEx, ESMF_VMUserMpiCommEx.F90, line 113
20220412 081932.715 INFO             PET0 Finalizing ESMF
20220412 081932.683 INFO             PET1 !!!!!!!!!!!!!!!!!!!!!!!!!!!!!!!!!!!!!!!!!!!!!!!!!!!!!!
20220412 081932.695 INFO             PET1 !!! THE ESMF_LOG IS SET TO OUTPUT ALL LOG MESSAGES !!!
20220412 081932.695 INFO             PET1 !!!     THIS MAY CAUSE SLOWDOWN IN PERFORMANCE     !!!
20220412 081932.695 INFO             PET1 !!! FOR PRODUCTION RUNS, USE:                      !!!
20220412 081932.695 INFO             PET1 !!!                   ESMF_LOGKIND_Multi_On_Error  !!!
20220412 081932.695 INFO             PET1 !!!!!!!!!!!!!!!!!!!!!!!!!!!!!!!!!!!!!!!!!!!!!!!!!!!!!!
20220412 081932.695 INFO             PET1 Running with ESMF Version   : v8.3.0b12-59-ge6bf2211df
20220412 081932.695 INFO             PET1 ESMF library build date/time: "Apr 12 2022" "02:28:09"
20220412 081932.696 INFO             PET1 ESMF library build location : /global/cscratch1/sd/rsdunlap/esmf-testing/intel_19.0.3_mpi_g_develop
20220412 081932.696 INFO             PET1 ESMF_COMM                   : mpi
20220412 081932.707 INFO             PET1 ESMF_MOAB                   : enabled
20220412 081932.707 INFO             PET1 ESMF_LAPACK                 : enabled
20220412 081932.707 INFO             PET1 ESMF_NETCDF                 : enabled
20220412 081932.707 INFO             PET1 ESMF_PNETCDF                : disabled
20220412 081932.708 INFO             PET1 ESMF_PIO                    : enabled
20220412 081932.708 INFO             PET1 ESMF_YAMLCPP                : enabled
20220412 081932.713 INFO             PET1  NUMBER_OF_PROCESSORS           2
20220412 081932.714 INFO             PET1  PASS  Example ESMF_VMUserMpiCommEx, ESMF_VMUserMpiCommEx.F90, line 113
20220412 081932.715 INFO             PET1 Finalizing ESMF
