build time -- 2022-03-31 02:33:05
20220331 040501.697 INFO             PET0 !!!!!!!!!!!!!!!!!!!!!!!!!!!!!!!!!!!!!!!!!!!!!!!!!!!!!!
20220331 040501.697 INFO             PET0 !!! THE ESMF_LOG IS SET TO OUTPUT ALL LOG MESSAGES !!!
20220331 040501.697 INFO             PET0 !!!     THIS MAY CAUSE SLOWDOWN IN PERFORMANCE     !!!
20220331 040501.697 INFO             PET0 !!! FOR PRODUCTION RUNS, USE:                      !!!
20220331 040501.697 INFO             PET0 !!!                   ESMF_LOGKIND_Multi_On_Error  !!!
20220331 040501.697 INFO             PET0 !!!!!!!!!!!!!!!!!!!!!!!!!!!!!!!!!!!!!!!!!!!!!!!!!!!!!!
20220331 040501.697 INFO             PET0 Running with ESMF Version   : v8.3.0b12
20220331 040501.697 INFO             PET0 ESMF library build date/time: "Mar 31 2022" "02:30:30"
20220331 040501.697 INFO             PET0 ESMF library build location : /global/cscratch1/sd/rsdunlap/esmf-testing/intel_19.0.3_mpi_g_develop
20220331 040501.697 INFO             PET0 ESMF_COMM                   : mpi
20220331 040501.699 INFO             PET0 ESMF_MOAB                   : enabled
20220331 040501.699 INFO             PET0 ESMF_LAPACK                 : enabled
20220331 040501.699 INFO             PET0 ESMF_NETCDF                 : enabled
20220331 040501.699 INFO             PET0 ESMF_PNETCDF                : disabled
20220331 040501.699 INFO             PET0 ESMF_PIO                    : enabled
20220331 040501.699 INFO             PET0 ESMF_YAMLCPP                : enabled
20220331 040501.708 INFO             PET0  NUMBER_OF_PROCESSORS           1
20220331 040501.708 INFO             PET0  PASS  Example ESMF_XGridSparseMatEx, ESMF_XGridSparseMatEx.F90, line 642
20220331 040501.708 INFO             PET0 Finalizing ESMF
