build time -- 2022-04-17 04:49:25
20220417 092902.390 INFO             PET0 !!!!!!!!!!!!!!!!!!!!!!!!!!!!!!!!!!!!!!!!!!!!!!!!!!!!!!
20220417 092902.390 INFO             PET0 !!! THE ESMF_LOG IS SET TO OUTPUT ALL LOG MESSAGES !!!
20220417 092902.390 INFO             PET0 !!!     THIS MAY CAUSE SLOWDOWN IN PERFORMANCE     !!!
20220417 092902.390 INFO             PET0 !!! FOR PRODUCTION RUNS, USE:                      !!!
20220417 092902.390 INFO             PET0 !!!                   ESMF_LOGKIND_Multi_On_Error  !!!
20220417 092902.390 INFO             PET0 !!!!!!!!!!!!!!!!!!!!!!!!!!!!!!!!!!!!!!!!!!!!!!!!!!!!!!
20220417 092902.390 INFO             PET0 Running with ESMF Version   : v8.3.0b12-66-g968479064d
20220417 092902.390 INFO             PET0 ESMF library build date/time: "Apr 17 2022" "04:46:40"
20220417 092902.390 INFO             PET0 ESMF library build location : /global/cscratch1/sd/rsdunlap/esmf-testing/intel_19.0.3_mpi_g_develop
20220417 092902.390 INFO             PET0 ESMF_COMM                   : mpi
20220417 092902.392 INFO             PET0 ESMF_MOAB                   : enabled
20220417 092902.392 INFO             PET0 ESMF_LAPACK                 : enabled
20220417 092902.392 INFO             PET0 ESMF_NETCDF                 : enabled
20220417 092902.392 INFO             PET0 ESMF_PNETCDF                : disabled
20220417 092902.392 INFO             PET0 ESMF_PIO                    : enabled
20220417 092902.392 INFO             PET0 ESMF_YAMLCPP                : enabled
20220417 092902.440 DEBUG            PET0 about to destroy Grid: 0x100001e74a0
20220417 092902.445 DEBUG            PET0 about to destroy Grid: 0x100001ea830
20220417 092902.463 INFO             PET0  NUMBER_OF_PROCESSORS           4
20220417 092902.463 INFO             PET0  PASS  Example ESMF_NUOPCAtmModelEx, ESMF_NUOPCAtmModelEx.F90, line 806
20220417 092902.463 INFO             PET0 Finalizing ESMF
20220417 092902.390 INFO             PET1 !!!!!!!!!!!!!!!!!!!!!!!!!!!!!!!!!!!!!!!!!!!!!!!!!!!!!!
20220417 092902.390 INFO             PET1 !!! THE ESMF_LOG IS SET TO OUTPUT ALL LOG MESSAGES !!!
20220417 092902.390 INFO             PET1 !!!     THIS MAY CAUSE SLOWDOWN IN PERFORMANCE     !!!
20220417 092902.390 INFO             PET1 !!! FOR PRODUCTION RUNS, USE:                      !!!
20220417 092902.390 INFO             PET1 !!!                   ESMF_LOGKIND_Multi_On_Error  !!!
20220417 092902.390 INFO             PET1 !!!!!!!!!!!!!!!!!!!!!!!!!!!!!!!!!!!!!!!!!!!!!!!!!!!!!!
20220417 092902.390 INFO             PET1 Running with ESMF Version   : v8.3.0b12-66-g968479064d
20220417 092902.390 INFO             PET1 ESMF library build date/time: "Apr 17 2022" "04:46:40"
20220417 092902.390 INFO             PET1 ESMF library build location : /global/cscratch1/sd/rsdunlap/esmf-testing/intel_19.0.3_mpi_g_develop
20220417 092902.390 INFO             PET1 ESMF_COMM                   : mpi
20220417 092902.392 INFO             PET1 ESMF_MOAB                   : enabled
20220417 092902.392 INFO             PET1 ESMF_LAPACK                 : enabled
20220417 092902.392 INFO             PET1 ESMF_NETCDF                 : enabled
20220417 092902.392 INFO             PET1 ESMF_PNETCDF                : disabled
20220417 092902.392 INFO             PET1 ESMF_PIO                    : enabled
20220417 092902.392 INFO             PET1 ESMF_YAMLCPP                : enabled
20220417 092902.440 DEBUG            PET1 about to destroy Grid: 0x100001e6c90
20220417 092902.445 DEBUG            PET1 about to destroy Grid: 0x100001e8210
20220417 092902.463 INFO             PET1  NUMBER_OF_PROCESSORS           4
20220417 092902.463 INFO             PET1  PASS  Example ESMF_NUOPCAtmModelEx, ESMF_NUOPCAtmModelEx.F90, line 806
20220417 092902.463 INFO             PET1 Finalizing ESMF
20220417 092902.390 INFO             PET2 !!!!!!!!!!!!!!!!!!!!!!!!!!!!!!!!!!!!!!!!!!!!!!!!!!!!!!
20220417 092902.390 INFO             PET2 !!! THE ESMF_LOG IS SET TO OUTPUT ALL LOG MESSAGES !!!
20220417 092902.390 INFO             PET2 !!!     THIS MAY CAUSE SLOWDOWN IN PERFORMANCE     !!!
20220417 092902.390 INFO             PET2 !!! FOR PRODUCTION RUNS, USE:                      !!!
20220417 092902.390 INFO             PET2 !!!                   ESMF_LOGKIND_Multi_On_Error  !!!
20220417 092902.390 INFO             PET2 !!!!!!!!!!!!!!!!!!!!!!!!!!!!!!!!!!!!!!!!!!!!!!!!!!!!!!
20220417 092902.390 INFO             PET2 Running with ESMF Version   : v8.3.0b12-66-g968479064d
20220417 092902.390 INFO             PET2 ESMF library build date/time: "Apr 17 2022" "04:46:40"
20220417 092902.390 INFO             PET2 ESMF library build location : /global/cscratch1/sd/rsdunlap/esmf-testing/intel_19.0.3_mpi_g_develop
20220417 092902.390 INFO             PET2 ESMF_COMM                   : mpi
20220417 092902.392 INFO             PET2 ESMF_MOAB                   : enabled
20220417 092902.392 INFO             PET2 ESMF_LAPACK                 : enabled
20220417 092902.392 INFO             PET2 ESMF_NETCDF                 : enabled
20220417 092902.392 INFO             PET2 ESMF_PNETCDF                : disabled
20220417 092902.392 INFO             PET2 ESMF_PIO                    : enabled
20220417 092902.392 INFO             PET2 ESMF_YAMLCPP                : enabled
20220417 092902.440 DEBUG            PET2 about to destroy Grid: 0x100001e7000
20220417 092902.445 DEBUG            PET2 about to destroy Grid: 0x100001e8560
20220417 092902.463 INFO             PET2  NUMBER_OF_PROCESSORS           4
20220417 092902.463 INFO             PET2  PASS  Example ESMF_NUOPCAtmModelEx, ESMF_NUOPCAtmModelEx.F90, line 806
20220417 092902.463 INFO             PET2 Finalizing ESMF
20220417 092902.390 INFO             PET3 !!!!!!!!!!!!!!!!!!!!!!!!!!!!!!!!!!!!!!!!!!!!!!!!!!!!!!
20220417 092902.390 INFO             PET3 !!! THE ESMF_LOG IS SET TO OUTPUT ALL LOG MESSAGES !!!
20220417 092902.390 INFO             PET3 !!!     THIS MAY CAUSE SLOWDOWN IN PERFORMANCE     !!!
20220417 092902.390 INFO             PET3 !!! FOR PRODUCTION RUNS, USE:                      !!!
20220417 092902.390 INFO             PET3 !!!                   ESMF_LOGKIND_Multi_On_Error  !!!
20220417 092902.390 INFO             PET3 !!!!!!!!!!!!!!!!!!!!!!!!!!!!!!!!!!!!!!!!!!!!!!!!!!!!!!
20220417 092902.390 INFO             PET3 Running with ESMF Version   : v8.3.0b12-66-g968479064d
20220417 092902.390 INFO             PET3 ESMF library build date/time: "Apr 17 2022" "04:46:40"
20220417 092902.390 INFO             PET3 ESMF library build location : /global/cscratch1/sd/rsdunlap/esmf-testing/intel_19.0.3_mpi_g_develop
20220417 092902.390 INFO             PET3 ESMF_COMM                   : mpi
20220417 092902.392 INFO             PET3 ESMF_MOAB                   : enabled
20220417 092902.392 INFO             PET3 ESMF_LAPACK                 : enabled
20220417 092902.392 INFO             PET3 ESMF_NETCDF                 : enabled
20220417 092902.392 INFO             PET3 ESMF_PNETCDF                : disabled
20220417 092902.392 INFO             PET3 ESMF_PIO                    : enabled
20220417 092902.392 INFO             PET3 ESMF_YAMLCPP                : enabled
20220417 092902.440 DEBUG            PET3 about to destroy Grid: 0x100001e6c90
20220417 092902.445 DEBUG            PET3 about to destroy Grid: 0x100001e8210
20220417 092902.463 INFO             PET3  NUMBER_OF_PROCESSORS           4
20220417 092902.463 INFO             PET3  PASS  Example ESMF_NUOPCAtmModelEx, ESMF_NUOPCAtmModelEx.F90, line 806
20220417 092902.463 INFO             PET3 Finalizing ESMF
