build time -- 2022-04-11 05:30:15
20220411 083409.487 INFO             PET0 !!!!!!!!!!!!!!!!!!!!!!!!!!!!!!!!!!!!!!!!!!!!!!!!!!!!!!
20220411 083409.513 INFO             PET0 !!! THE ESMF_LOG IS SET TO OUTPUT ALL LOG MESSAGES !!!
20220411 083409.513 INFO             PET0 !!!     THIS MAY CAUSE SLOWDOWN IN PERFORMANCE     !!!
20220411 083409.513 INFO             PET0 !!! FOR PRODUCTION RUNS, USE:                      !!!
20220411 083409.513 INFO             PET0 !!!                   ESMF_LOGKIND_Multi_On_Error  !!!
20220411 083409.513 INFO             PET0 !!!!!!!!!!!!!!!!!!!!!!!!!!!!!!!!!!!!!!!!!!!!!!!!!!!!!!
20220411 083409.513 INFO             PET0 Running with ESMF Version   : v8.3.0b12-1-g7c85d54760
20220411 083409.514 INFO             PET0 ESMF library build date/time: "Apr 11 2022" "05:23:44"
20220411 083409.514 INFO             PET0 ESMF library build location : /global/cscratch1/sd/rsdunlap/esmf-testing/intel_19.0.3_mpi_g_develop
20220411 083409.514 INFO             PET0 ESMF_COMM                   : mpi
20220411 083409.545 INFO             PET0 ESMF_MOAB                   : enabled
20220411 083409.545 INFO             PET0 ESMF_LAPACK                 : enabled
20220411 083409.545 INFO             PET0 ESMF_NETCDF                 : enabled
20220411 083409.545 INFO             PET0 ESMF_PNETCDF                : disabled
20220411 083409.545 INFO             PET0 ESMF_PIO                    : enabled
20220411 083409.545 INFO             PET0 ESMF_YAMLCPP                : enabled
20220411 083409.698 INFO             PET0  NUMBER_OF_PROCESSORS           4
20220411 083409.698 INFO             PET0  PASS  Example ESMF_RHandleVMEpochEx, ESMF_RHandleVMEpochEx.F90, line 247
20220411 083409.699 INFO             PET0 Finalizing ESMF
20220411 083409.486 INFO             PET1 !!!!!!!!!!!!!!!!!!!!!!!!!!!!!!!!!!!!!!!!!!!!!!!!!!!!!!
20220411 083409.513 INFO             PET1 !!! THE ESMF_LOG IS SET TO OUTPUT ALL LOG MESSAGES !!!
20220411 083409.513 INFO             PET1 !!!     THIS MAY CAUSE SLOWDOWN IN PERFORMANCE     !!!
20220411 083409.513 INFO             PET1 !!! FOR PRODUCTION RUNS, USE:                      !!!
20220411 083409.513 INFO             PET1 !!!                   ESMF_LOGKIND_Multi_On_Error  !!!
20220411 083409.513 INFO             PET1 !!!!!!!!!!!!!!!!!!!!!!!!!!!!!!!!!!!!!!!!!!!!!!!!!!!!!!
20220411 083409.513 INFO             PET1 Running with ESMF Version   : v8.3.0b12-1-g7c85d54760
20220411 083409.514 INFO             PET1 ESMF library build date/time: "Apr 11 2022" "05:23:44"
20220411 083409.514 INFO             PET1 ESMF library build location : /global/cscratch1/sd/rsdunlap/esmf-testing/intel_19.0.3_mpi_g_develop
20220411 083409.514 INFO             PET1 ESMF_COMM                   : mpi
20220411 083409.545 INFO             PET1 ESMF_MOAB                   : enabled
20220411 083409.545 INFO             PET1 ESMF_LAPACK                 : enabled
20220411 083409.545 INFO             PET1 ESMF_NETCDF                 : enabled
20220411 083409.546 INFO             PET1 ESMF_PNETCDF                : disabled
20220411 083409.546 INFO             PET1 ESMF_PIO                    : enabled
20220411 083409.546 INFO             PET1 ESMF_YAMLCPP                : enabled
20220411 083409.698 INFO             PET1  NUMBER_OF_PROCESSORS           4
20220411 083409.698 INFO             PET1  PASS  Example ESMF_RHandleVMEpochEx, ESMF_RHandleVMEpochEx.F90, line 247
20220411 083409.699 INFO             PET1 Finalizing ESMF
20220411 083409.482 INFO             PET2 !!!!!!!!!!!!!!!!!!!!!!!!!!!!!!!!!!!!!!!!!!!!!!!!!!!!!!
20220411 083409.516 INFO             PET2 !!! THE ESMF_LOG IS SET TO OUTPUT ALL LOG MESSAGES !!!
20220411 083409.516 INFO             PET2 !!!     THIS MAY CAUSE SLOWDOWN IN PERFORMANCE     !!!
20220411 083409.516 INFO             PET2 !!! FOR PRODUCTION RUNS, USE:                      !!!
20220411 083409.516 INFO             PET2 !!!                   ESMF_LOGKIND_Multi_On_Error  !!!
20220411 083409.516 INFO             PET2 !!!!!!!!!!!!!!!!!!!!!!!!!!!!!!!!!!!!!!!!!!!!!!!!!!!!!!
20220411 083409.516 INFO             PET2 Running with ESMF Version   : v8.3.0b12-1-g7c85d54760
20220411 083409.516 INFO             PET2 ESMF library build date/time: "Apr 11 2022" "05:23:44"
20220411 083409.516 INFO             PET2 ESMF library build location : /global/cscratch1/sd/rsdunlap/esmf-testing/intel_19.0.3_mpi_g_develop
20220411 083409.516 INFO             PET2 ESMF_COMM                   : mpi
20220411 083409.543 INFO             PET2 ESMF_MOAB                   : enabled
20220411 083409.544 INFO             PET2 ESMF_LAPACK                 : enabled
20220411 083409.544 INFO             PET2 ESMF_NETCDF                 : enabled
20220411 083409.544 INFO             PET2 ESMF_PNETCDF                : disabled
20220411 083409.544 INFO             PET2 ESMF_PIO                    : enabled
20220411 083409.544 INFO             PET2 ESMF_YAMLCPP                : enabled
20220411 083409.698 INFO             PET2  NUMBER_OF_PROCESSORS           4
20220411 083409.698 INFO             PET2  PASS  Example ESMF_RHandleVMEpochEx, ESMF_RHandleVMEpochEx.F90, line 247
20220411 083409.699 INFO             PET2 Finalizing ESMF
20220411 083409.484 INFO             PET3 !!!!!!!!!!!!!!!!!!!!!!!!!!!!!!!!!!!!!!!!!!!!!!!!!!!!!!
20220411 083409.513 INFO             PET3 !!! THE ESMF_LOG IS SET TO OUTPUT ALL LOG MESSAGES !!!
20220411 083409.513 INFO             PET3 !!!     THIS MAY CAUSE SLOWDOWN IN PERFORMANCE     !!!
20220411 083409.513 INFO             PET3 !!! FOR PRODUCTION RUNS, USE:                      !!!
20220411 083409.513 INFO             PET3 !!!                   ESMF_LOGKIND_Multi_On_Error  !!!
20220411 083409.513 INFO             PET3 !!!!!!!!!!!!!!!!!!!!!!!!!!!!!!!!!!!!!!!!!!!!!!!!!!!!!!
20220411 083409.513 INFO             PET3 Running with ESMF Version   : v8.3.0b12-1-g7c85d54760
20220411 083409.514 INFO             PET3 ESMF library build date/time: "Apr 11 2022" "05:23:44"
20220411 083409.514 INFO             PET3 ESMF library build location : /global/cscratch1/sd/rsdunlap/esmf-testing/intel_19.0.3_mpi_g_develop
20220411 083409.514 INFO             PET3 ESMF_COMM                   : mpi
20220411 083409.542 INFO             PET3 ESMF_MOAB                   : enabled
20220411 083409.542 INFO             PET3 ESMF_LAPACK                 : enabled
20220411 083409.542 INFO             PET3 ESMF_NETCDF                 : enabled
20220411 083409.542 INFO             PET3 ESMF_PNETCDF                : disabled
20220411 083409.543 INFO             PET3 ESMF_PIO                    : enabled
20220411 083409.543 INFO             PET3 ESMF_YAMLCPP                : enabled
20220411 083409.698 INFO             PET3  NUMBER_OF_PROCESSORS           4
20220411 083409.698 INFO             PET3  PASS  Example ESMF_RHandleVMEpochEx, ESMF_RHandleVMEpochEx.F90, line 247
20220411 083409.699 INFO             PET3 Finalizing ESMF
