build time -- 2022-06-08 03:54:21.596179
20220608 040954.622 INFO             PET0 !!!!!!!!!!!!!!!!!!!!!!!!!!!!!!!!!!!!!!!!!!!!!!!!!!!!!!
20220608 040954.622 INFO             PET0 !!! THE ESMF_LOG IS SET TO OUTPUT ALL LOG MESSAGES !!!
20220608 040954.622 INFO             PET0 !!!     THIS MAY CAUSE SLOWDOWN IN PERFORMANCE     !!!
20220608 040954.622 INFO             PET0 !!! FOR PRODUCTION RUNS, USE:                      !!!
20220608 040954.622 INFO             PET0 !!!                   ESMF_LOGKIND_Multi_On_Error  !!!
20220608 040954.622 INFO             PET0 !!!!!!!!!!!!!!!!!!!!!!!!!!!!!!!!!!!!!!!!!!!!!!!!!!!!!!
20220608 040954.622 INFO             PET0 Running with ESMF Version   : v8.3.0
20220608 040954.622 INFO             PET0 ESMF library build date/time: "Jun  8 2022" "03:53:41"
20220608 040954.622 INFO             PET0 ESMF library build location : /home/mpotts/gfortran_9.3.0_openmpi_g_v8.3.0
20220608 040954.622 INFO             PET0 ESMF_COMM                   : openmpi
20220608 040954.622 INFO             PET0 ESMF_MOAB                   : enabled
20220608 040954.622 INFO             PET0 ESMF_LAPACK                 : enabled
20220608 040954.622 INFO             PET0 ESMF_NETCDF                 : enabled
20220608 040954.622 INFO             PET0 ESMF_PNETCDF                : disabled
20220608 040954.622 INFO             PET0 ESMF_PIO                    : enabled
20220608 040954.622 INFO             PET0 ESMF_YAMLCPP                : enabled
20220608 040954.678 DEBUG            PET0 about to destroy Grid: 0x2552f40
20220608 040954.685 DEBUG            PET0 about to destroy Grid: 0x2554cc0
20220608 040954.703 INFO             PET0  NUMBER_OF_PROCESSORS           4
20220608 040954.703 INFO             PET0  PASS  Example ESMF_NUOPCAtmModelEx, ESMF_NUOPCAtmModelEx.F90, line 806
20220608 040954.703 INFO             PET0 Finalizing ESMF
20220608 040954.622 INFO             PET1 !!!!!!!!!!!!!!!!!!!!!!!!!!!!!!!!!!!!!!!!!!!!!!!!!!!!!!
20220608 040954.622 INFO             PET1 !!! THE ESMF_LOG IS SET TO OUTPUT ALL LOG MESSAGES !!!
20220608 040954.622 INFO             PET1 !!!     THIS MAY CAUSE SLOWDOWN IN PERFORMANCE     !!!
20220608 040954.622 INFO             PET1 !!! FOR PRODUCTION RUNS, USE:                      !!!
20220608 040954.622 INFO             PET1 !!!                   ESMF_LOGKIND_Multi_On_Error  !!!
20220608 040954.622 INFO             PET1 !!!!!!!!!!!!!!!!!!!!!!!!!!!!!!!!!!!!!!!!!!!!!!!!!!!!!!
20220608 040954.622 INFO             PET1 Running with ESMF Version   : v8.3.0
20220608 040954.622 INFO             PET1 ESMF library build date/time: "Jun  8 2022" "03:53:41"
20220608 040954.622 INFO             PET1 ESMF library build location : /home/mpotts/gfortran_9.3.0_openmpi_g_v8.3.0
20220608 040954.622 INFO             PET1 ESMF_COMM                   : openmpi
20220608 040954.622 INFO             PET1 ESMF_MOAB                   : enabled
20220608 040954.622 INFO             PET1 ESMF_LAPACK                 : enabled
20220608 040954.622 INFO             PET1 ESMF_NETCDF                 : enabled
20220608 040954.622 INFO             PET1 ESMF_PNETCDF                : disabled
20220608 040954.622 INFO             PET1 ESMF_PIO                    : enabled
20220608 040954.622 INFO             PET1 ESMF_YAMLCPP                : enabled
20220608 040954.678 DEBUG            PET1 about to destroy Grid: 0x2188fb0
20220608 040954.685 DEBUG            PET1 about to destroy Grid: 0x218d7b0
20220608 040954.703 INFO             PET1  NUMBER_OF_PROCESSORS           4
20220608 040954.703 INFO             PET1  PASS  Example ESMF_NUOPCAtmModelEx, ESMF_NUOPCAtmModelEx.F90, line 806
20220608 040954.703 INFO             PET1 Finalizing ESMF
20220608 040954.622 INFO             PET2 !!!!!!!!!!!!!!!!!!!!!!!!!!!!!!!!!!!!!!!!!!!!!!!!!!!!!!
20220608 040954.622 INFO             PET2 !!! THE ESMF_LOG IS SET TO OUTPUT ALL LOG MESSAGES !!!
20220608 040954.622 INFO             PET2 !!!     THIS MAY CAUSE SLOWDOWN IN PERFORMANCE     !!!
20220608 040954.622 INFO             PET2 !!! FOR PRODUCTION RUNS, USE:                      !!!
20220608 040954.622 INFO             PET2 !!!                   ESMF_LOGKIND_Multi_On_Error  !!!
20220608 040954.622 INFO             PET2 !!!!!!!!!!!!!!!!!!!!!!!!!!!!!!!!!!!!!!!!!!!!!!!!!!!!!!
20220608 040954.622 INFO             PET2 Running with ESMF Version   : v8.3.0
20220608 040954.622 INFO             PET2 ESMF library build date/time: "Jun  8 2022" "03:53:41"
20220608 040954.622 INFO             PET2 ESMF library build location : /home/mpotts/gfortran_9.3.0_openmpi_g_v8.3.0
20220608 040954.622 INFO             PET2 ESMF_COMM                   : openmpi
20220608 040954.622 INFO             PET2 ESMF_MOAB                   : enabled
20220608 040954.622 INFO             PET2 ESMF_LAPACK                 : enabled
20220608 040954.622 INFO             PET2 ESMF_NETCDF                 : enabled
20220608 040954.622 INFO             PET2 ESMF_PNETCDF                : disabled
20220608 040954.622 INFO             PET2 ESMF_PIO                    : enabled
20220608 040954.622 INFO             PET2 ESMF_YAMLCPP                : enabled
20220608 040954.678 DEBUG            PET2 about to destroy Grid: 0x1f80660
20220608 040954.685 DEBUG            PET2 about to destroy Grid: 0x1f84e60
20220608 040954.703 INFO             PET2  NUMBER_OF_PROCESSORS           4
20220608 040954.703 INFO             PET2  PASS  Example ESMF_NUOPCAtmModelEx, ESMF_NUOPCAtmModelEx.F90, line 806
20220608 040954.703 INFO             PET2 Finalizing ESMF
20220608 040954.622 INFO             PET3 !!!!!!!!!!!!!!!!!!!!!!!!!!!!!!!!!!!!!!!!!!!!!!!!!!!!!!
20220608 040954.622 INFO             PET3 !!! THE ESMF_LOG IS SET TO OUTPUT ALL LOG MESSAGES !!!
20220608 040954.622 INFO             PET3 !!!     THIS MAY CAUSE SLOWDOWN IN PERFORMANCE     !!!
20220608 040954.622 INFO             PET3 !!! FOR PRODUCTION RUNS, USE:                      !!!
20220608 040954.622 INFO             PET3 !!!                   ESMF_LOGKIND_Multi_On_Error  !!!
20220608 040954.622 INFO             PET3 !!!!!!!!!!!!!!!!!!!!!!!!!!!!!!!!!!!!!!!!!!!!!!!!!!!!!!
20220608 040954.622 INFO             PET3 Running with ESMF Version   : v8.3.0
20220608 040954.622 INFO             PET3 ESMF library build date/time: "Jun  8 2022" "03:53:41"
20220608 040954.622 INFO             PET3 ESMF library build location : /home/mpotts/gfortran_9.3.0_openmpi_g_v8.3.0
20220608 040954.622 INFO             PET3 ESMF_COMM                   : openmpi
20220608 040954.622 INFO             PET3 ESMF_MOAB                   : enabled
20220608 040954.622 INFO             PET3 ESMF_LAPACK                 : enabled
20220608 040954.622 INFO             PET3 ESMF_NETCDF                 : enabled
20220608 040954.622 INFO             PET3 ESMF_PNETCDF                : disabled
20220608 040954.622 INFO             PET3 ESMF_PIO                    : enabled
20220608 040954.622 INFO             PET3 ESMF_YAMLCPP                : enabled
20220608 040954.678 DEBUG            PET3 about to destroy Grid: 0x156b410
20220608 040954.685 DEBUG            PET3 about to destroy Grid: 0x156fbd0
20220608 040954.703 INFO             PET3  NUMBER_OF_PROCESSORS           4
20220608 040954.703 INFO             PET3  PASS  Example ESMF_NUOPCAtmModelEx, ESMF_NUOPCAtmModelEx.F90, line 806
20220608 040954.703 INFO             PET3 Finalizing ESMF
