Fri May 13 15:28:33 MDT 2022
---------------------------------------------------------------------------
Fri May 13 15:27:23 MDT 2022
STARTING: AsyncIOBlockingProto
rm -f PET*.ESMF_LogFile *.nc *.stdout
rm -f asyncIOApp *.o *.mod
mpif90 -c     model.F90
model.F90:17:6:

   17 |   use ESMF
      |      1
Fatal Error: Cannot open module file ‘esmf.mod’ for reading at (1): No such file or directory
compilation terminated.
Makefile:36: recipe for target 'model.o' failed
make: *** [model.o] Error 1
+ -np 4 ./asyncIOApp
+ local result=127
+ set +x
FINISHED: AsyncIOBlockingProto
Fri May 13 15:27:23 MDT 2022
---------------------------------------------------------------------------

---------------------------------------------------------------------------
Fri May 13 15:27:23 MDT 2022
STARTING: AsyncIONonblockingProto
rm -f PET*.ESMF_LogFile *.nc *.stdout
rm -f asyncIOApp *.o *.mod
mpif90 -c     model.F90
model.F90:17:6:

   17 |   use ESMF
      |      1
Fatal Error: Cannot open module file ‘esmf.mod’ for reading at (1): No such file or directory
compilation terminated.
Makefile:36: recipe for target 'model.o' failed
make: *** [model.o] Error 1
+ -np 4 ./asyncIOApp
+ local result=127
+ set +x
FINISHED: AsyncIONonblockingProto
Fri May 13 15:27:24 MDT 2022
---------------------------------------------------------------------------

---------------------------------------------------------------------------
Fri May 13 15:27:24 MDT 2022
STARTING: AtmOcnConOptsProto
rm -rf PET*.ESMF_LogFile traceout *.nc *.stdout
rm -f esmApp *.o *.mod
mpif90 -c     atm.F90
atm.F90:17:6:

   17 |   use ESMF
      |      1
Fatal Error: Cannot open module file ‘esmf.mod’ for reading at (1): No such file or directory
compilation terminated.
Makefile:36: recipe for target 'atm.o' failed
make: *** [atm.o] Error 1
+ -np 4 ./esmApp
+ local result=127
+ set +x
FINISHED: AtmOcnConOptsProto
Fri May 13 15:27:24 MDT 2022
---------------------------------------------------------------------------

---------------------------------------------------------------------------
Fri May 13 15:27:24 MDT 2022
STARTING: AtmOcnConProto
rm -f PET*.ESMF_LogFile *.nc *.stdout
rm -f esmApp *.o *.mod
mpif90 -c     atm.F90
atm.F90:17:6:

   17 |   use ESMF
      |      1
Fatal Error: Cannot open module file ‘esmf.mod’ for reading at (1): No such file or directory
compilation terminated.
Makefile:36: recipe for target 'atm.o' failed
make: *** [atm.o] Error 1
+ -np 4 ./esmApp
+ local result=127
+ set +x
FINISHED: AtmOcnConProto
Fri May 13 15:27:24 MDT 2022
---------------------------------------------------------------------------

---------------------------------------------------------------------------
Fri May 13 15:27:24 MDT 2022
STARTING: AtmOcnCplListProto
rm -f PET*.ESMF_LogFile *.nc *.stdout
rm -f esmApp *.o *.mod
mpif90 -c     atm.F90
atm.F90:17:6:

   17 |   use ESMF
      |      1
Fatal Error: Cannot open module file ‘esmf.mod’ for reading at (1): No such file or directory
compilation terminated.
Makefile:36: recipe for target 'atm.o' failed
make: *** [atm.o] Error 1
+ -np 4 ./esmApp
+ local result=127
+ set +x
FINISHED: AtmOcnCplListProto
Fri May 13 15:27:24 MDT 2022
---------------------------------------------------------------------------

---------------------------------------------------------------------------
Fri May 13 15:27:24 MDT 2022
STARTING: AtmOcnCplSetProto
rm -f PET*.ESMF_LogFile err out core* *.nc *.stdout
rm -f esmApp *.o *.mod
mpif90 -g -c     atm.F90
atm.F90:24:6:

   24 |   use ESMF
      |      1
Fatal Error: Cannot open module file ‘esmf.mod’ for reading at (1): No such file or directory
compilation terminated.
Makefile:36: recipe for target 'atm.o' failed
make: *** [atm.o] Error 1
+ -np 4 ./esmApp
+ local result=127
+ set +x
FINISHED: AtmOcnCplSetProto
Fri May 13 15:27:24 MDT 2022
---------------------------------------------------------------------------

---------------------------------------------------------------------------
Fri May 13 15:27:24 MDT 2022
STARTING: AtmOcnFDSynoProto
rm -f PET*.ESMF_LogFile *.nc *.stdout
rm -f esmApp *.o *.mod
mpif90 -c     atm.F90
atm.F90:17:6:

   17 |   use ESMF
      |      1
Fatal Error: Cannot open module file ‘esmf.mod’ for reading at (1): No such file or directory
compilation terminated.
Makefile:36: recipe for target 'atm.o' failed
make: *** [atm.o] Error 1
+ -np 4 ./esmApp
+ local result=127
+ set +x
FINISHED: AtmOcnFDSynoProto
Fri May 13 15:27:27 MDT 2022
---------------------------------------------------------------------------

---------------------------------------------------------------------------
Fri May 13 15:27:27 MDT 2022
STARTING: AtmOcnIceSimpleImplicitProto
rm -f PET*.ESMF_LogFile *.nc *.stdout
rm -f esmApp *.o *.mod
mpif90 -c     atm.F90
atm.F90:26:6:

   26 |   use ESMF
      |      1
Fatal Error: Cannot open module file ‘esmf.mod’ for reading at (1): No such file or directory
compilation terminated.
Makefile:36: recipe for target 'atm.o' failed
make: *** [atm.o] Error 1
+ -np 4 ./esmApp
+ local result=127
+ set +x
FINISHED: AtmOcnIceSimpleImplicitProto
Fri May 13 15:27:27 MDT 2022
---------------------------------------------------------------------------

---------------------------------------------------------------------------
Fri May 13 15:27:27 MDT 2022
STARTING: AtmOcnImplicitProto
rm -f PET*.ESMF_LogFile *.nc *.stdout
rm -f esmApp *.o *.mod
mpif90 -c     atm.F90
atm.F90:26:6:

   26 |   use ESMF
      |      1
Fatal Error: Cannot open module file ‘esmf.mod’ for reading at (1): No such file or directory
compilation terminated.
Makefile:36: recipe for target 'atm.o' failed
make: *** [atm.o] Error 1
+ -np 4 ./esmApp
+ local result=127
+ set +x
FINISHED: AtmOcnImplicitProto
Fri May 13 15:27:27 MDT 2022
---------------------------------------------------------------------------

---------------------------------------------------------------------------
Fri May 13 15:27:27 MDT 2022
STARTING: AtmOcnLndProto
rm -f PET*.ESMF_LogFile *.nc *.stdout
rm -f esmApp *.o *.mod
mpif90 -c     atm.F90
atm.F90:17:6:

   17 |   use ESMF
      |      1
Fatal Error: Cannot open module file ‘esmf.mod’ for reading at (1): No such file or directory
compilation terminated.
Makefile:36: recipe for target 'atm.o' failed
make: *** [atm.o] Error 1
+ -np 4 ./esmApp
+ local result=127
+ set +x
FINISHED: AtmOcnLndProto
Fri May 13 15:27:27 MDT 2022
---------------------------------------------------------------------------

---------------------------------------------------------------------------
Fri May 13 15:27:27 MDT 2022
STARTING: AtmOcnLogNoneProto
rm -rf PET*.ESMF_LogFile traceout *.nc *.stdout
rm -f esmApp *.o *.mod
mpif90 -c     atm.F90
atm.F90:17:6:

   17 |   use ESMF
      |      1
Fatal Error: Cannot open module file ‘esmf.mod’ for reading at (1): No such file or directory
compilation terminated.
Makefile:36: recipe for target 'atm.o' failed
make: *** [atm.o] Error 1
+ -np 4 ./esmApp
+ local result=127
+ set +x
FINISHED: AtmOcnLogNoneProto
Fri May 13 15:27:27 MDT 2022
---------------------------------------------------------------------------

---------------------------------------------------------------------------
Fri May 13 15:27:27 MDT 2022
STARTING: AtmOcnMedIngestFromConfigProto
rm -f PET*.ESMF_LogFile *.nc *.stdout
rm -f esmApp *.o *.mod
mpif90 -c     atm.F90
atm.F90:17:6:

   17 |   use ESMF
      |      1
Fatal Error: Cannot open module file ‘esmf.mod’ for reading at (1): No such file or directory
compilation terminated.
Makefile:36: recipe for target 'atm.o' failed
make: *** [atm.o] Error 1
+ -np 4 ./esmApp
+ local result=127
+ set +x
FINISHED: AtmOcnMedIngestFromConfigProto
Fri May 13 15:27:28 MDT 2022
---------------------------------------------------------------------------

---------------------------------------------------------------------------
Fri May 13 15:27:28 MDT 2022
STARTING: AtmOcnMedIngestFromInternalProto
rm -f PET*.ESMF_LogFile *.nc *.stdout
rm -f esmApp *.o *.mod
mpif90 -c     atm.F90
atm.F90:17:6:

   17 |   use ESMF
      |      1
Fatal Error: Cannot open module file ‘esmf.mod’ for reading at (1): No such file or directory
compilation terminated.
Makefile:36: recipe for target 'atm.o' failed
make: *** [atm.o] Error 1
+ -np 4 ./esmApp
+ local result=127
+ set +x
FINISHED: AtmOcnMedIngestFromInternalProto
Fri May 13 15:27:28 MDT 2022
---------------------------------------------------------------------------

---------------------------------------------------------------------------
Fri May 13 15:27:28 MDT 2022
STARTING: AtmOcnMedPetListProto
rm -f PET*.ESMF_LogFile *.nc *.stdout
rm -f esmApp *.o *.mod
mpif90 -c     atm.F90
atm.F90:17:6:

   17 |   use ESMF
      |      1
Fatal Error: Cannot open module file ‘esmf.mod’ for reading at (1): No such file or directory
compilation terminated.
Makefile:36: recipe for target 'atm.o' failed
make: *** [atm.o] Error 1
+ -np 4 ./esmApp
+ local result=127
+ set +x
FINISHED: AtmOcnMedPetListProto
Fri May 13 15:27:28 MDT 2022
---------------------------------------------------------------------------

---------------------------------------------------------------------------
Fri May 13 15:27:28 MDT 2022
STARTING: AtmOcnMedPetListTimescalesProto
rm -f PET*.ESMF_LogFile *.nc *.stdout
rm -f esmApp *.o *.mod
mpif90 -c     atm.F90
atm.F90:17:6:

   17 |   use ESMF
      |      1
Fatal Error: Cannot open module file ‘esmf.mod’ for reading at (1): No such file or directory
compilation terminated.
Makefile:36: recipe for target 'atm.o' failed
make: *** [atm.o] Error 1
+ -np 4 ./esmApp
+ local result=127
+ set +x
FINISHED: AtmOcnMedPetListTimescalesProto
Fri May 13 15:27:28 MDT 2022
---------------------------------------------------------------------------

---------------------------------------------------------------------------
Fri May 13 15:27:28 MDT 2022
STARTING: AtmOcnMedPetListTimescalesSplitFastProto
rm -f PET*.ESMF_LogFile *.nc *.stdout
rm -f esmApp *.o *.mod
mpif90 -c     atm.F90
atm.F90:17:6:

   17 |   use ESMF
      |      1
Fatal Error: Cannot open module file ‘esmf.mod’ for reading at (1): No such file or directory
compilation terminated.
Makefile:36: recipe for target 'atm.o' failed
make: *** [atm.o] Error 1
+ -np 4 ./esmApp
+ local result=127
+ set +x
FINISHED: AtmOcnMedPetListTimescalesSplitFastProto
Fri May 13 15:27:28 MDT 2022
---------------------------------------------------------------------------

---------------------------------------------------------------------------
Fri May 13 15:27:28 MDT 2022
STARTING: AtmOcnMedProto
rm -f PET*.ESMF_LogFile *.nc *.stdout
rm -f esmApp *.o *.mod
mpif90 -c     atm.F90
atm.F90:17:6:

   17 |   use ESMF
      |      1
Fatal Error: Cannot open module file ‘esmf.mod’ for reading at (1): No such file or directory
compilation terminated.
Makefile:36: recipe for target 'atm.o' failed
make: *** [atm.o] Error 1
+ -np 4 ./esmApp
+ local result=127
+ set +x
FINISHED: AtmOcnMedProto
Fri May 13 15:27:28 MDT 2022
---------------------------------------------------------------------------

---------------------------------------------------------------------------
Fri May 13 15:27:28 MDT 2022
STARTING: AtmOcnMirrorFieldsProto
rm -f PET*.ESMF_LogFile *.nc *.stdout
rm -f esmApp *.o *.mod
mpif90 -c     atm.F90
atm.F90:34:6:

   34 |   use ESMF
      |      1
Fatal Error: Cannot open module file ‘esmf.mod’ for reading at (1): No such file or directory
compilation terminated.
Makefile:36: recipe for target 'atm.o' failed
make: *** [atm.o] Error 1
+ -np 4 ./esmApp
+ local result=127
+ set +x
FINISHED: AtmOcnMirrorFieldsProto
Fri May 13 15:27:29 MDT 2022
---------------------------------------------------------------------------

---------------------------------------------------------------------------
Fri May 13 15:27:29 MDT 2022
STARTING: AtmOcnPetListProto
rm -f PET*.ESMF_LogFile *.nc *.stdout
rm -f esmApp *.o *.mod
mpif90 -c     atm.F90
atm.F90:17:6:

   17 |   use ESMF
      |      1
Fatal Error: Cannot open module file ‘esmf.mod’ for reading at (1): No such file or directory
compilation terminated.
Makefile:36: recipe for target 'atm.o' failed
make: *** [atm.o] Error 1
+ -np 4 ./esmApp
+ local result=127
+ set +x
FINISHED: AtmOcnPetListProto
Fri May 13 15:27:29 MDT 2022
---------------------------------------------------------------------------

---------------------------------------------------------------------------
Fri May 13 15:27:29 MDT 2022
STARTING: AtmOcnProto
rm -rf PET*.ESMF_LogFile traceout *.nc *.stdout
rm -f esmApp *.o *.mod
mpif90 -c     atm.F90
atm.F90:17:6:

   17 |   use ESMF
      |      1
Fatal Error: Cannot open module file ‘esmf.mod’ for reading at (1): No such file or directory
compilation terminated.
Makefile:36: recipe for target 'atm.o' failed
make: *** [atm.o] Error 1
+ -np 4 ./esmApp
+ local result=127
+ set +x
FINISHED: AtmOcnProto
Fri May 13 15:27:29 MDT 2022
---------------------------------------------------------------------------

---------------------------------------------------------------------------
Fri May 13 15:27:29 MDT 2022
STARTING: AtmOcnRtmTwoTimescalesProto
rm -f PET*.ESMF_LogFile *.nc *.stdout
rm -f esmApp *.o *.mod
mpif90 -c     atm.F90
atm.F90:17:6:

   17 |   use ESMF
      |      1
Fatal Error: Cannot open module file ‘esmf.mod’ for reading at (1): No such file or directory
compilation terminated.
Makefile:36: recipe for target 'atm.o' failed
make: *** [atm.o] Error 1
+ -np 4 ./esmApp
+ local result=127
+ set +x
FINISHED: AtmOcnRtmTwoTimescalesProto
Fri May 13 15:27:30 MDT 2022
---------------------------------------------------------------------------

---------------------------------------------------------------------------
Fri May 13 15:27:30 MDT 2022
STARTING: AtmOcnScalarProto
rm -f PET*.ESMF_LogFile *.nc *.stdout
rm -f esmApp *.o *.mod
mpif90 -c     atm.F90
atm.F90:17:6:

   17 |   use ESMF
      |      1
Fatal Error: Cannot open module file ‘esmf.mod’ for reading at (1): No such file or directory
compilation terminated.
Makefile:36: recipe for target 'atm.o' failed
make: *** [atm.o] Error 1
+ -np 4 ./esmApp
+ local result=127
+ set +x
FINISHED: AtmOcnScalarProto
Fri May 13 15:27:30 MDT 2022
---------------------------------------------------------------------------

---------------------------------------------------------------------------
Fri May 13 15:27:30 MDT 2022
STARTING: AtmOcnSelectExternalProto
rm -f PET*.ESMF_LogFile *.nc *.stdout
rm -f esmApp *.o *.mod
rm -f *.so
rm -f PET*.ESMF_LogFile
rm -f *.o *.mod *.mk
rm -f PET*.ESMF_LogFile
rm -f *.o *.mod *.mk
rm -f PET*.ESMF_LogFile
rm -f *.o *.mod *.a *.mk
rm -f PET*.ESMF_LogFile
rm -f *.o *.so *.mod *.mk
rm -f PET*.ESMF_LogFile
rm -f *.o *.so *.mod *.mk
rm -f PET*.ESMF_LogFile
rm -f *.o *.mod *.mk
Makefile:30: ../OcnCommon/ocnCommon.mk: No such file or directory
mpif90 -c  -DFRONT_OCNCOMMON=       ../OcnCommon/ocnCommon.F90
../OcnCommon/ocnCommon.F90:13:6:

   13 |   use ESMF
      |      1
Fatal Error: Cannot open module file ‘esmf.mod’ for reading at (1): No such file or directory
compilation terminated.
Makefile:47: recipe for target '../OcnCommon/ocnCommon.o' failed
make: *** [../OcnCommon/ocnCommon.o] Error 1
Makefile:30: ../OcnCommon/ocnCommon.mk: No such file or directory
Makefile:38: OcnSub/ocnSub.mk: No such file or directory
mpif90 -c  -DFRONT_OCNCOMMON= -DFRONT_OCNSUB=        OcnSub/ocnSub.F90
OcnSub/ocnSub.F90:7:6:

    7 |   use ESMF
      |      1
Fatal Error: Cannot open module file ‘esmf.mod’ for reading at (1): No such file or directory
compilation terminated.
Makefile:55: recipe for target 'OcnSub/ocnSub.o' failed
make: *** [OcnSub/ocnSub.o] Error 1
rm -f PET*.ESMF_LogFile
rm -f *.o *.mod *.mk
Makefile:34: ../OcnCommon/ocnCommon.mk: No such file or directory
Makefile:42: OcnSub/ocnSub.mk: No such file or directory
make: *** No rule to make target 'OcnSub/ocnSub.mk'.  Stop.
rm -f PET*.ESMF_LogFile
rm -f *.o *.mod *.mk
rm -f PET*.ESMF_LogFile
rm -f *.o *.mod *.mk
rm -f PET*.ESMF_LogFile
rm -f *.o *.mod *.mk
mpif90 -c     atmA.F90
atmA.F90:17:6:

   17 |   use ESMF
      |      1
Fatal Error: Cannot open module file ‘esmf.mod’ for reading at (1): No such file or directory
compilation terminated.
Makefile:36: recipe for target 'atmA.o' failed
make: *** [atmA.o] Error 1
rm -f PET*.ESMF_LogFile
rm -f *.o *.mod *.mk
mpif90 -c     atmB.F90
atmB.F90:17:6:

   17 |   use ESMF
      |      1
Fatal Error: Cannot open module file ‘esmf.mod’ for reading at (1): No such file or directory
compilation terminated.
Makefile:36: recipe for target 'atmB.o' failed
make: *** [atmB.o] Error 1
rm -f PET*.ESMF_LogFile
rm -f *.o *.mod *.a *.mk
mpif90 -c     atmC.F90
atmC.F90:17:6:

   17 |   use ESMF
      |      1
Fatal Error: Cannot open module file ‘esmf.mod’ for reading at (1): No such file or directory
compilation terminated.
Makefile:36: recipe for target 'atmC.o' failed
make: *** [atmC.o] Error 1
rm -f PET*.ESMF_LogFile
rm -f *.o *.so *.mod *.mk
mpif90 -c     atmD.F90
atmD.F90:17:6:

   17 |   use ESMF
      |      1
Fatal Error: Cannot open module file ‘esmf.mod’ for reading at (1): No such file or directory
compilation terminated.
Makefile:36: recipe for target 'atmD.o' failed
make: *** [atmD.o] Error 1
rm -f PET*.ESMF_LogFile
rm -f *.o *.so *.mod *.mk
mpif90 -c     atmE.F90
atmE.F90:17:6:

   17 |   use ESMF
      |      1
Fatal Error: Cannot open module file ‘esmf.mod’ for reading at (1): No such file or directory
compilation terminated.
Makefile:36: recipe for target 'atmE.o' failed
make: *** [atmE.o] Error 1
mv: cannot stat 'atmE.so': No such file or directory
rm -f PET*.ESMF_LogFile
rm -f *.o *.mod *.mk
c     atmF.C
make: c: Command not found
Makefile:42: recipe for target 'atmF.o' failed
make: [atmF.o] Error 127 (ignored)
rm -f PET*.ESMF_LogFile
rm -f *.o *.mod *.mk
mpif90 -c     subModule1.F90
mpif90 -c     subModule2.F90
mpif90 -c     ocnCommon.F90
ocnCommon.F90:13:6:

   13 |   use ESMF
      |      1
Fatal Error: Cannot open module file ‘esmf.mod’ for reading at (1): No such file or directory
compilation terminated.
Makefile:36: recipe for target 'ocnCommon.o' failed
make: *** [ocnCommon.o] Error 1
Makefile:30: ../OcnCommon/ocnCommon.mk: No such file or directory
mpif90 -c  -DFRONT_OCNCOMMON=       ../OcnCommon/ocnCommon.F90
../OcnCommon/ocnCommon.F90:13:6:

   13 |   use ESMF
      |      1
Fatal Error: Cannot open module file ‘esmf.mod’ for reading at (1): No such file or directory
compilation terminated.
Makefile:47: recipe for target '../OcnCommon/ocnCommon.o' failed
make: *** [../OcnCommon/ocnCommon.o] Error 1
Makefile:30: ../OcnCommon/ocnCommon.mk: No such file or directory
mpif90 -c  -DFRONT_OCNCOMMON=       ../OcnCommon/ocnCommon.F90
../OcnCommon/ocnCommon.F90:13:6:

   13 |   use ESMF
      |      1
Fatal Error: Cannot open module file ‘esmf.mod’ for reading at (1): No such file or directory
compilation terminated.
Makefile:47: recipe for target '../OcnCommon/ocnCommon.o' failed
make: *** [../OcnCommon/ocnCommon.o] Error 1
rm -f PET*.ESMF_LogFile
rm -f *.o *.mod *.mk
mpif90 -c     ocnSub.F90
ocnSub.F90:7:6:

    7 |   use ESMF
      |      1
Fatal Error: Cannot open module file ‘esmf.mod’ for reading at (1): No such file or directory
compilation terminated.
Makefile:36: recipe for target 'ocnSub.o' failed
make: *** [ocnSub.o] Error 1
Makefile:30: ../OcnCommon/ocnCommon.mk: No such file or directory
Makefile:38: OcnSub/ocnSub.mk: No such file or directory
mpif90 -c  -DFRONT_OCNCOMMON= -DFRONT_OCNSUB=        OcnSub/ocnSub.F90
OcnSub/ocnSub.F90:7:6:

    7 |   use ESMF
      |      1
Fatal Error: Cannot open module file ‘esmf.mod’ for reading at (1): No such file or directory
compilation terminated.
Makefile:55: recipe for target 'OcnSub/ocnSub.o' failed
make: *** [OcnSub/ocnSub.o] Error 1
Makefile:30: ../OcnCommon/ocnCommon.mk: No such file or directory
Makefile:38: OcnSub/ocnSub.mk: No such file or directory
mpif90 -c  -DFRONT_OCNCOMMON= -DFRONT_OCNSUB=        OcnSub/ocnSub.F90
OcnSub/ocnSub.F90:7:6:

    7 |   use ESMF
      |      1
Fatal Error: Cannot open module file ‘esmf.mod’ for reading at (1): No such file or directory
compilation terminated.
Makefile:55: recipe for target 'OcnSub/ocnSub.o' failed
make: *** [OcnSub/ocnSub.o] Error 1
rm -f PET*.ESMF_LogFile
rm -f *.o *.mod *.mk
mpif90 -c     ocnSub.F90
ocnSub.F90:7:6:

    7 |   use ESMF
      |      1
Fatal Error: Cannot open module file ‘esmf.mod’ for reading at (1): No such file or directory
compilation terminated.
Makefile:36: recipe for target 'ocnSub.o' failed
make: *** [ocnSub.o] Error 1
Makefile:34: ../OcnCommon/ocnCommon.mk: No such file or directory
Makefile:42: OcnSub/ocnSub.mk: No such file or directory
make: *** No rule to make target 'OcnSub/ocnSub.mk'.  Stop.
Makefile:34: ../OcnCommon/ocnCommon.mk: No such file or directory
Makefile:42: OcnSub/ocnSub.mk: No such file or directory
make: *** No rule to make target 'OcnSub/ocnSub.mk'.  Stop.
mv: cannot stat 'ocn.so': No such file or directory
Makefile:35: ATM-A/atmA.mk: No such file or directory
Makefile:99: OcnModelA/ocn.mk: No such file or directory
Makefile:108: OcnModelB/ocn.mk: No such file or directory
Makefile:117: OcnModelC/ocn.mk: No such file or directory
make: *** No rule to make target 'OcnModelC/ocn.mk'.  Stop.
+ -np 4 ./esmApp
+ local result=127
+ set +x

rm -f esmApp *.o *.mod
Makefile:44: ATM-B/atmB.mk: No such file or directory
Makefile:99: OcnModelA/ocn.mk: No such file or directory
Makefile:108: OcnModelB/ocn.mk: No such file or directory
Makefile:117: OcnModelC/ocn.mk: No such file or directory
make: *** No rule to make target 'OcnModelC/ocn.mk'.  Stop.
+ -np 4 ./esmApp
+ local result=127
+ set +x

rm -f esmApp *.o *.mod
Makefile:53: ATM-C/atmC.mk: No such file or directory
Makefile:99: OcnModelA/ocn.mk: No such file or directory
Makefile:108: OcnModelB/ocn.mk: No such file or directory
Makefile:117: OcnModelC/ocn.mk: No such file or directory
make: *** No rule to make target 'OcnModelC/ocn.mk'.  Stop.
+ -np 4 ./esmApp
+ local result=127
+ set +x

rm -f esmApp *.o *.mod
Makefile:62: ATM-D/atmD.mk: No such file or directory
Makefile:99: OcnModelA/ocn.mk: No such file or directory
Makefile:108: OcnModelB/ocn.mk: No such file or directory
Makefile:117: OcnModelC/ocn.mk: No such file or directory
make: *** No rule to make target 'OcnModelC/ocn.mk'.  Stop.
+ -np 4 ./esmApp
+ local result=127
+ set +x
FINISHED: AtmOcnSelectExternalProto

rm -f esmApp *.o *.mod
Makefile:71: ATM-E/atmE.mk: No such file or directory
Makefile:99: OcnModelA/ocn.mk: No such file or directory
Makefile:108: OcnModelB/ocn.mk: No such file or directory
Makefile:117: OcnModelC/ocn.mk: No such file or directory
make: *** No rule to make target 'OcnModelC/ocn.mk'.  Stop.
+ -np 4 ./esmApp
+ local result=127
+ set +x

rm -f esmApp *.o *.mod
Makefile:99: OcnModelA/ocn.mk: No such file or directory
Makefile:108: OcnModelB/ocn.mk: No such file or directory
Makefile:117: OcnModelC/ocn.mk: No such file or directory
make: *** No rule to make target 'OcnModelC/ocn.mk'.  Stop.
FINISHED: AtmOcnSelectExternalProto
Fri May 13 15:27:34 MDT 2022
---------------------------------------------------------------------------

---------------------------------------------------------------------------
Fri May 13 15:27:34 MDT 2022
STARTING: AtmOcnSelectProto
rm -f PET*.ESMF_LogFile *.nc *.stdout
rm -f esmApp *.o *.mod
mpif90 -c -DWITH_ATM_A -DWITH_OCN_A -DWITH_OCN_B     atmA.F90
atmA.F90:17:6:

   17 |   use ESMF
      |      1
Fatal Error: Cannot open module file ‘esmf.mod’ for reading at (1): No such file or directory
compilation terminated.
Makefile:51: recipe for target 'atmA.o' failed
make: *** [atmA.o] Error 1
+ -np 4 ./esmApp
+ local result=127
+ set +x

rm -f esmApp *.o *.mod
mpif90 -c -DWITH_ATM_B -DWITH_OCN_A -DWITH_OCN_B     atmA.F90
atmA.F90:17:6:

   17 |   use ESMF
      |      1
Fatal Error: Cannot open module file ‘esmf.mod’ for reading at (1): No such file or directory
compilation terminated.
Makefile:51: recipe for target 'atmA.o' failed
make: *** [atmA.o] Error 1
+ -np 4 ./esmApp
+ local result=127
+ set +x

rm -f esmApp *.o *.mod
mpif90 -c -DWITH_ATM_A -DWITH_OCN_B     atmA.F90
atmA.F90:17:6:

   17 |   use ESMF
      |      1
Fatal Error: Cannot open module file ‘esmf.mod’ for reading at (1): No such file or directory
compilation terminated.
Makefile:51: recipe for target 'atmA.o' failed
make: *** [atmA.o] Error 1
+ -np 4 ./esmApp
+ local result=127
+ set +x
FINISHED: AtmOcnSelectProto
Fri May 13 15:27:35 MDT 2022
---------------------------------------------------------------------------

---------------------------------------------------------------------------
Fri May 13 15:27:35 MDT 2022
STARTING: AtmOcnSimpleImplicitProto
rm -f PET*.ESMF_LogFile *.nc *.stdout
rm -f esmApp *.o *.mod
mpif90 -c     atm.F90
atm.F90:26:6:

   26 |   use ESMF
      |      1
Fatal Error: Cannot open module file ‘esmf.mod’ for reading at (1): No such file or directory
compilation terminated.
Makefile:36: recipe for target 'atm.o' failed
make: *** [atm.o] Error 1
+ -np 4 ./esmApp
+ local result=127
+ set +x
FINISHED: AtmOcnSimpleImplicitProto
Fri May 13 15:27:35 MDT 2022
---------------------------------------------------------------------------

---------------------------------------------------------------------------
Fri May 13 15:27:35 MDT 2022
STARTING: AtmOcnTransferGridProto
rm -f PET*.ESMF_LogFile *.nc *.vtk *.stdout fort.*
rm -f esmApp *.o *.mod
mpif90 -c     atm.F90
atm.F90:21:6:

   21 |   use ESMF
      |      1
Fatal Error: Cannot open module file ‘esmf.mod’ for reading at (1): No such file or directory
compilation terminated.
Makefile:36: recipe for target 'atm.o' failed
make: *** [atm.o] Error 1
+ -np 4 ./esmApp
+ local result=127
+ set +x
FINISHED: AtmOcnTransferGridProto
Fri May 13 15:27:36 MDT 2022
---------------------------------------------------------------------------

---------------------------------------------------------------------------
Fri May 13 15:27:36 MDT 2022
STARTING: AtmOcnTransferLocStreamProto
rm -f PET*.ESMF_LogFile *.nc *.stdout
rm -f esmApp *.o *.mod
mpif90 -c     atm.F90
atm.F90:17:6:

   17 |   use ESMF
      |      1
Fatal Error: Cannot open module file ‘esmf.mod’ for reading at (1): No such file or directory
compilation terminated.
Makefile:36: recipe for target 'atm.o' failed
make: *** [atm.o] Error 1
+ -np 4 ./esmApp
+ local result=127
+ set +x
FINISHED: AtmOcnTransferLocStreamProto
Fri May 13 15:27:36 MDT 2022
---------------------------------------------------------------------------

---------------------------------------------------------------------------
Fri May 13 15:27:36 MDT 2022
STARTING: AtmOcnTransferMeshProto
rm -f PET*.ESMF_LogFile field*.nc *.vtk *.stdout fort.*
rm -f esmApp *.o *.mod
mpif90 -c     atm.F90
atm.F90:17:6:

   17 |   use ESMF
      |      1
Fatal Error: Cannot open module file ‘esmf.mod’ for reading at (1): No such file or directory
compilation terminated.
Makefile:36: recipe for target 'atm.o' failed
make: *** [atm.o] Error 1
+ -np 4 ./esmApp
+ local result=127
+ set +x
FINISHED: AtmOcnTransferMeshProto
Fri May 13 15:27:36 MDT 2022
---------------------------------------------------------------------------

---------------------------------------------------------------------------
Fri May 13 15:27:36 MDT 2022
STARTING: ComponentExplorer
rm -f PET*.ESMF_LogFile
rm -f nuopcExplorerApp *.o *.mod
+ ./nuopcExplorerScript ../AtmOcnSelectExternalProto/ATM-A/atmA.mk

NUOPC Component Explorer Script
-------------------------------
The argument does not appear to be a regular file!
Exiting with error.

+ -np 4 ./nuopcExplorerApp
+ local result=127
+ set +x
FINISHED: ComponentExplorer
Fri May 13 15:27:36 MDT 2022
---------------------------------------------------------------------------

---------------------------------------------------------------------------
Fri May 13 15:27:36 MDT 2022
STARTING: CustomFieldDictionaryProto
rm -f PET*.ESMF_LogFile *.nc *.stdout
rm -f mainApp *.o *.mod
mpif90 -c     -DESMF_VERSION_MAJOR= model.F90
model.F90:17:6:

   17 |   use ESMF
      |      1
Fatal Error: Cannot open module file ‘esmf.mod’ for reading at (1): No such file or directory
compilation terminated.
Makefile:36: recipe for target 'model.o' failed
make: *** [model.o] Error 1
+ -np 4 ./mainApp
+ local result=127
+ set +x
FINISHED: CustomFieldDictionaryProto
Fri May 13 15:27:36 MDT 2022
---------------------------------------------------------------------------

---------------------------------------------------------------------------
Fri May 13 15:27:36 MDT 2022
STARTING: DriverInDriverDataDepProto
rm -f PET*.ESMF_LogFile *.nc *.stdout
rm -f mainApp *.o *.mod
mpif90 -c     -DESMF_VERSION_MAJOR= atm.F90
atm.F90:17:6:

   17 |   use ESMF
      |      1
Fatal Error: Cannot open module file ‘esmf.mod’ for reading at (1): No such file or directory
compilation terminated.
Makefile:36: recipe for target 'atm.o' failed
make: *** [atm.o] Error 1
+ -np 4 ./mainApp
+ local result=127
+ set +x
FINISHED: DriverInDriverDataDepProto
Fri May 13 15:27:37 MDT 2022
---------------------------------------------------------------------------

---------------------------------------------------------------------------
Fri May 13 15:27:37 MDT 2022
STARTING: DriverInDriverProto
rm -f PET*.ESMF_LogFile *.nc *.stdout
rm -f mainApp *.o *.mod
mpif90 -c     -DESMF_VERSION_MAJOR= atm.F90
atm.F90:17:6:

   17 |   use ESMF
      |      1
Fatal Error: Cannot open module file ‘esmf.mod’ for reading at (1): No such file or directory
compilation terminated.
Makefile:36: recipe for target 'atm.o' failed
make: *** [atm.o] Error 1
+ -np 4 ./mainApp
+ local result=127
+ set +x
FINISHED: DriverInDriverProto
Fri May 13 15:27:37 MDT 2022
---------------------------------------------------------------------------

---------------------------------------------------------------------------
Fri May 13 15:27:37 MDT 2022
STARTING: DynPhyProto
rm -f PET*.ESMF_LogFile *.nc *.stdout
rm -f esmApp *.o *.mod
mpif90 -c     dyn.F90
dyn.F90:17:6:

   17 |   use ESMF
      |      1
Fatal Error: Cannot open module file ‘esmf.mod’ for reading at (1): No such file or directory
compilation terminated.
Makefile:36: recipe for target 'dyn.o' failed
make: *** [dyn.o] Error 1
+ -np 4 ./esmApp
+ local result=127
+ set +x
FINISHED: DynPhyProto
Fri May 13 15:27:37 MDT 2022
---------------------------------------------------------------------------

---------------------------------------------------------------------------
Fri May 13 15:27:37 MDT 2022
STARTING: ExternalDriverAPIProto
rm -f PET*.ESMF_LogFile *.nc *.stdout
rm -f externalApp *.o *.mod
mpif90 -c     atm.F90
atm.F90:17:6:

   17 |   use ESMF
      |      1
Fatal Error: Cannot open module file ‘esmf.mod’ for reading at (1): No such file or directory
compilation terminated.
Makefile:36: recipe for target 'atm.o' failed
make: *** [atm.o] Error 1
+ -np 4 ./externalApp
+ local result=127
+ set +x
FINISHED: ExternalDriverAPIProto
Fri May 13 15:27:38 MDT 2022
---------------------------------------------------------------------------

---------------------------------------------------------------------------
Fri May 13 15:27:38 MDT 2022
STARTING: ExternalDriverAPIWeakCplDAProto
rm -f PET*.ESMF_LogFile *.nc *.stdout
rm -f externalApp *.o *.mod
mpif90 -c     atm.F90
atm.F90:17:6:

   17 |   use ESMF
      |      1
Fatal Error: Cannot open module file ‘esmf.mod’ for reading at (1): No such file or directory
compilation terminated.
Makefile:36: recipe for target 'atm.o' failed
make: *** [atm.o] Error 1
+ -np 4 ./externalApp
+ local result=127
+ set +x
FINISHED: ExternalDriverAPIWeakCplDAProto
Fri May 13 15:27:38 MDT 2022
---------------------------------------------------------------------------

---------------------------------------------------------------------------
Fri May 13 15:27:38 MDT 2022
STARTING: GenericMediatorProto
rm -f PET*.ESMF_LogFile *.nc *.stdout
rm -f app *.o *.mod
mpif90 -c     mediator.F90
mediator.F90:17:6:

   17 |   use ESMF
      |      1
Fatal Error: Cannot open module file ‘esmf.mod’ for reading at (1): No such file or directory
compilation terminated.
Makefile:36: recipe for target 'mediator.o' failed
make: *** [mediator.o] Error 1
+ -np 4 ./app
+ local result=127
+ set +x
FINISHED: GenericMediatorProto
Fri May 13 15:27:38 MDT 2022
---------------------------------------------------------------------------

---------------------------------------------------------------------------
Fri May 13 15:27:38 MDT 2022
STARTING: HierarchyProto
rm -f PET*.ESMF_LogFile *.nc *.stdout
rm -f esmApp *.o *.mod
mpif90 -c     dyn.F90
dyn.F90:17:6:

   17 |   use ESMF
      |      1
Fatal Error: Cannot open module file ‘esmf.mod’ for reading at (1): No such file or directory
compilation terminated.
Makefile:36: recipe for target 'dyn.o' failed
make: *** [dyn.o] Error 1
+ -np 4 ./esmApp
+ local result=127
+ set +x
FINISHED: HierarchyProto
Fri May 13 15:27:39 MDT 2022
---------------------------------------------------------------------------

---------------------------------------------------------------------------
Fri May 13 15:27:39 MDT 2022
STARTING: NamespaceProto
rm -f PET*.ESMF_LogFile *.nc *.stdout
rm -f mainApp *.o *.mod
mpif90 -c     -DESMF_VERSION_MAJOR= atm.F90
atm.F90:17:6:

   17 |   use ESMF
      |      1
Fatal Error: Cannot open module file ‘esmf.mod’ for reading at (1): No such file or directory
compilation terminated.
Makefile:36: recipe for target 'atm.o' failed
make: *** [atm.o] Error 1
+ -np 4 ./mainApp
+ local result=127
+ set +x
FINISHED: NamespaceProto
Fri May 13 15:27:39 MDT 2022
---------------------------------------------------------------------------

---------------------------------------------------------------------------
Fri May 13 15:27:39 MDT 2022
STARTING: NestingMultipleProto
rm -f PET*.ESMF_LogFile *.nc *.stdout
rm -f mainApp *.o *.mod
mpif90 -c     -DESMF_VERSION_MAJOR= advectDiffComp.F90
advectDiffComp.F90:13:6:

   13 |   use ESMF
      |      1
Fatal Error: Cannot open module file ‘esmf.mod’ for reading at (1): No such file or directory
compilation terminated.
Makefile:36: recipe for target 'advectDiffComp.o' failed
make: *** [advectDiffComp.o] Error 1
+ -np 4 ./mainApp
+ local result=127
+ set +x
FINISHED: NestingMultipleProto
Fri May 13 15:27:40 MDT 2022
---------------------------------------------------------------------------

---------------------------------------------------------------------------
Fri May 13 15:27:40 MDT 2022
STARTING: NestingSingleProto
rm -f PET*.ESMF_LogFile *.nc *.stdout
rm -f mainApp *.o *.mod
mpif90 -c     -DESMF_VERSION_MAJOR= advectDiffComp.F90
advectDiffComp.F90:13:6:

   13 |   use ESMF
      |      1
Fatal Error: Cannot open module file ‘esmf.mod’ for reading at (1): No such file or directory
compilation terminated.
Makefile:36: recipe for target 'advectDiffComp.o' failed
make: *** [advectDiffComp.o] Error 1
+ -np 4 ./mainApp
+ local result=127
+ set +x
FINISHED: NestingSingleProto
Fri May 13 15:27:40 MDT 2022
---------------------------------------------------------------------------

---------------------------------------------------------------------------
Fri May 13 15:27:40 MDT 2022
STARTING: NestingTelescopeMultipleProto
rm -f PET*.ESMF_LogFile *.nc *.stdout
rm -f mainApp *.o *.mod
mpif90 -c     -DESMF_VERSION_MAJOR= advectDiffComp.F90
advectDiffComp.F90:13:6:

   13 |   use ESMF
      |      1
Fatal Error: Cannot open module file ‘esmf.mod’ for reading at (1): No such file or directory
compilation terminated.
Makefile:36: recipe for target 'advectDiffComp.o' failed
make: *** [advectDiffComp.o] Error 1
+ -np 4 ./mainApp
+ local result=127
+ set +x
FINISHED: NestingTelescopeMultipleProto
Fri May 13 15:27:40 MDT 2022
---------------------------------------------------------------------------

---------------------------------------------------------------------------
Fri May 13 15:27:40 MDT 2022
STARTING: SingleModelProto
rm -f PET*.ESMF_LogFile *.nc *.stdout
rm -f mainApp *.o *.mod
mpif90 -c     -DESMF_VERSION_MAJOR= model.F90
model.F90:17:6:

   17 |   use ESMF
      |      1
Fatal Error: Cannot open module file ‘esmf.mod’ for reading at (1): No such file or directory
compilation terminated.
Makefile:36: recipe for target 'model.o' failed
make: *** [model.o] Error 1
+ -np 4 ./mainApp
+ local result=127
+ set +x
FINISHED: SingleModelProto
Fri May 13 15:27:41 MDT 2022
---------------------------------------------------------------------------

---------------------------------------------------------------------------
Fri May 13 15:27:41 MDT 2022
STARTING: SingleModelOpenMPProto
rm -f PET*.ESMF_LogFile *.nc *.stdout
rm -f mainApp *.o *.mod
mpif90 -c     -DESMF_VERSION_MAJOR= model.F90
model.F90:17:6:

   17 |   use ESMF
      |      1
Fatal Error: Cannot open module file ‘esmf.mod’ for reading at (1): No such file or directory
compilation terminated.
Makefile:36: recipe for target 'model.o' failed
make: *** [model.o] Error 1
+ -np 4 ./mainApp
+ local result=127
+ set +x
FINISHED: SingleModelOpenMPProto
Fri May 13 15:27:41 MDT 2022
---------------------------------------------------------------------------

---------------------------------------------------------------------------
Fri May 13 15:27:41 MDT 2022
STARTING: SingleModelOpenMPUnawareProto
rm -f PET*.ESMF_LogFile *.nc *.stdout
rm -f mainApp *.o *.mod
mpif90 -c     -DESMF_VERSION_MAJOR= model.F90
model.F90:17:6:

   17 |   use ESMF
      |      1
Fatal Error: Cannot open module file ‘esmf.mod’ for reading at (1): No such file or directory
compilation terminated.
Makefile:36: recipe for target 'model.o' failed
make: *** [model.o] Error 1
+ -np 4 ./mainApp
+ local result=127
+ set +x
FINISHED: SingleModelOpenMPUnawareProto
Fri May 13 15:27:41 MDT 2022
---------------------------------------------------------------------------

Fri May 13 15:27:41 MDT 2022
== TEST SUMMARY START ==
FAIL: AsyncIOBlockingProto
FAIL: AsyncIONonblockingProto
FAIL: AtmOcnConOptsProto
FAIL: AtmOcnConProto
FAIL: AtmOcnCplListProto
FAIL: AtmOcnCplSetProto
FAIL: AtmOcnFDSynoProto
FAIL: AtmOcnIceSimpleImplicitProto
FAIL: AtmOcnImplicitProto
FAIL: AtmOcnLndProto
FAIL: AtmOcnLogNoneProto
FAIL: AtmOcnMedIngestFromConfigProto
FAIL: AtmOcnMedIngestFromInternalProto
FAIL: AtmOcnMedPetListProto
FAIL: AtmOcnMedPetListTimescalesProto
FAIL: AtmOcnMedPetListTimescalesSplitFastProto
FAIL: AtmOcnMedProto
FAIL: AtmOcnMirrorFieldsProto
FAIL: AtmOcnPetListProto
FAIL: AtmOcnProto
FAIL: AtmOcnRtmTwoTimescalesProto
FAIL: AtmOcnScalarProto
FAIL: AtmOcnSelectExternalProto
FAIL: AtmOcnSelectExternalProto
FAIL: AtmOcnSelectExternalProto
FAIL: AtmOcnSelectExternalProto
FAIL: AtmOcnSelectExternalProto
FAIL: AtmOcnSelectProto
FAIL: AtmOcnSelectProto
FAIL: AtmOcnSelectProto
FAIL: AtmOcnSimpleImplicitProto
FAIL: AtmOcnTransferGridProto
FAIL: AtmOcnTransferLocStreamProto
FAIL: AtmOcnTransferMeshProto
FAIL: ComponentExplorer
FAIL: CustomFieldDictionaryProto
FAIL: DriverInDriverDataDepProto
FAIL: DriverInDriverProto
FAIL: DynPhyProto
FAIL: ExternalDriverAPIProto
FAIL: ExternalDriverAPIWeakCplDAProto
FAIL: GenericMediatorProto
FAIL: HierarchyProto
FAIL: NamespaceProto
FAIL: NestingMultipleProto
FAIL: NestingSingleProto
FAIL: NestingTelescopeMultipleProto
FAIL: SingleModelProto
FAIL: SingleModelOpenMPProto
FAIL: SingleModelOpenMPUnawareProto
== TEST SUMMARY STOP ==
Fri May 13 15:27:41 MDT 2022

---------------------------------------------------------------------------
grep: */PET*.ESMF_LogFile: No such file or directory
