build time -- 2022-05-25 02:02:31.456097
20220525 023245.059 INFO             PET0 !!!!!!!!!!!!!!!!!!!!!!!!!!!!!!!!!!!!!!!!!!!!!!!!!!!!!!
20220525 023245.059 INFO             PET0 !!! THE ESMF_LOG IS SET TO OUTPUT ALL LOG MESSAGES !!!
20220525 023245.059 INFO             PET0 !!!     THIS MAY CAUSE SLOWDOWN IN PERFORMANCE     !!!
20220525 023245.059 INFO             PET0 !!! FOR PRODUCTION RUNS, USE:                      !!!
20220525 023245.059 INFO             PET0 !!!                   ESMF_LOGKIND_Multi_On_Error  !!!
20220525 023245.059 INFO             PET0 !!!!!!!!!!!!!!!!!!!!!!!!!!!!!!!!!!!!!!!!!!!!!!!!!!!!!!
20220525 023245.059 INFO             PET0 Running with ESMF Version   : v8.3.0b16-3-gc2b47388e1
20220525 023245.059 INFO             PET0 ESMF library build date/time: "May 25 2022" "01:59:51"
20220525 023245.059 INFO             PET0 ESMF library build location : /gpfsm/dnb04/projects/p98/mpotts/esmf/intel_19.1.3_mpt_g_release_8.3.0
20220525 023245.059 INFO             PET0 ESMF_COMM                   : mpt
20220525 023245.060 INFO             PET0 ESMF_MOAB                   : enabled
20220525 023245.060 INFO             PET0 ESMF_LAPACK                 : enabled
20220525 023245.060 INFO             PET0 ESMF_NETCDF                 : enabled
20220525 023245.060 INFO             PET0 ESMF_PNETCDF                : disabled
20220525 023245.060 INFO             PET0 ESMF_PIO                    : enabled
20220525 023245.060 INFO             PET0 ESMF_YAMLCPP                : enabled
20220525 023245.178 DEBUG            PET0 about to destroy Grid: 0x19b0fd0
20220525 023245.193 DEBUG            PET0 about to destroy Grid: 0x19b3d40
20220525 023245.235 INFO             PET0  NUMBER_OF_PROCESSORS           4
20220525 023245.235 INFO             PET0  PASS  Example ESMF_NUOPCAtmModelEx, ESMF_NUOPCAtmModelEx.F90, line 806
20220525 023245.235 INFO             PET0 Finalizing ESMF
20220525 023245.060 INFO             PET1 !!!!!!!!!!!!!!!!!!!!!!!!!!!!!!!!!!!!!!!!!!!!!!!!!!!!!!
20220525 023245.060 INFO             PET1 !!! THE ESMF_LOG IS SET TO OUTPUT ALL LOG MESSAGES !!!
20220525 023245.060 INFO             PET1 !!!     THIS MAY CAUSE SLOWDOWN IN PERFORMANCE     !!!
20220525 023245.060 INFO             PET1 !!! FOR PRODUCTION RUNS, USE:                      !!!
20220525 023245.060 INFO             PET1 !!!                   ESMF_LOGKIND_Multi_On_Error  !!!
20220525 023245.060 INFO             PET1 !!!!!!!!!!!!!!!!!!!!!!!!!!!!!!!!!!!!!!!!!!!!!!!!!!!!!!
20220525 023245.060 INFO             PET1 Running with ESMF Version   : v8.3.0b16-3-gc2b47388e1
20220525 023245.060 INFO             PET1 ESMF library build date/time: "May 25 2022" "01:59:51"
20220525 023245.060 INFO             PET1 ESMF library build location : /gpfsm/dnb04/projects/p98/mpotts/esmf/intel_19.1.3_mpt_g_release_8.3.0
20220525 023245.060 INFO             PET1 ESMF_COMM                   : mpt
20220525 023245.060 INFO             PET1 ESMF_MOAB                   : enabled
20220525 023245.060 INFO             PET1 ESMF_LAPACK                 : enabled
20220525 023245.060 INFO             PET1 ESMF_NETCDF                 : enabled
20220525 023245.060 INFO             PET1 ESMF_PNETCDF                : disabled
20220525 023245.060 INFO             PET1 ESMF_PIO                    : enabled
20220525 023245.060 INFO             PET1 ESMF_YAMLCPP                : enabled
20220525 023245.178 DEBUG            PET1 about to destroy Grid: 0x19b3dd0
20220525 023245.193 DEBUG            PET1 about to destroy Grid: 0x19b4dc0
20220525 023245.235 INFO             PET1  NUMBER_OF_PROCESSORS           4
20220525 023245.235 INFO             PET1  PASS  Example ESMF_NUOPCAtmModelEx, ESMF_NUOPCAtmModelEx.F90, line 806
20220525 023245.235 INFO             PET1 Finalizing ESMF
20220525 023245.059 INFO             PET2 !!!!!!!!!!!!!!!!!!!!!!!!!!!!!!!!!!!!!!!!!!!!!!!!!!!!!!
20220525 023245.059 INFO             PET2 !!! THE ESMF_LOG IS SET TO OUTPUT ALL LOG MESSAGES !!!
20220525 023245.059 INFO             PET2 !!!     THIS MAY CAUSE SLOWDOWN IN PERFORMANCE     !!!
20220525 023245.059 INFO             PET2 !!! FOR PRODUCTION RUNS, USE:                      !!!
20220525 023245.059 INFO             PET2 !!!                   ESMF_LOGKIND_Multi_On_Error  !!!
20220525 023245.059 INFO             PET2 !!!!!!!!!!!!!!!!!!!!!!!!!!!!!!!!!!!!!!!!!!!!!!!!!!!!!!
20220525 023245.059 INFO             PET2 Running with ESMF Version   : v8.3.0b16-3-gc2b47388e1
20220525 023245.059 INFO             PET2 ESMF library build date/time: "May 25 2022" "01:59:51"
20220525 023245.059 INFO             PET2 ESMF library build location : /gpfsm/dnb04/projects/p98/mpotts/esmf/intel_19.1.3_mpt_g_release_8.3.0
20220525 023245.059 INFO             PET2 ESMF_COMM                   : mpt
20220525 023245.061 INFO             PET2 ESMF_MOAB                   : enabled
20220525 023245.061 INFO             PET2 ESMF_LAPACK                 : enabled
20220525 023245.061 INFO             PET2 ESMF_NETCDF                 : enabled
20220525 023245.061 INFO             PET2 ESMF_PNETCDF                : disabled
20220525 023245.061 INFO             PET2 ESMF_PIO                    : enabled
20220525 023245.061 INFO             PET2 ESMF_YAMLCPP                : enabled
20220525 023245.178 DEBUG            PET2 about to destroy Grid: 0x19b3e90
20220525 023245.193 DEBUG            PET2 about to destroy Grid: 0x19b4e80
20220525 023245.235 INFO             PET2  NUMBER_OF_PROCESSORS           4
20220525 023245.235 INFO             PET2  PASS  Example ESMF_NUOPCAtmModelEx, ESMF_NUOPCAtmModelEx.F90, line 806
20220525 023245.235 INFO             PET2 Finalizing ESMF
20220525 023245.059 INFO             PET3 !!!!!!!!!!!!!!!!!!!!!!!!!!!!!!!!!!!!!!!!!!!!!!!!!!!!!!
20220525 023245.059 INFO             PET3 !!! THE ESMF_LOG IS SET TO OUTPUT ALL LOG MESSAGES !!!
20220525 023245.059 INFO             PET3 !!!     THIS MAY CAUSE SLOWDOWN IN PERFORMANCE     !!!
20220525 023245.059 INFO             PET3 !!! FOR PRODUCTION RUNS, USE:                      !!!
20220525 023245.059 INFO             PET3 !!!                   ESMF_LOGKIND_Multi_On_Error  !!!
20220525 023245.059 INFO             PET3 !!!!!!!!!!!!!!!!!!!!!!!!!!!!!!!!!!!!!!!!!!!!!!!!!!!!!!
20220525 023245.059 INFO             PET3 Running with ESMF Version   : v8.3.0b16-3-gc2b47388e1
20220525 023245.059 INFO             PET3 ESMF library build date/time: "May 25 2022" "01:59:51"
20220525 023245.059 INFO             PET3 ESMF library build location : /gpfsm/dnb04/projects/p98/mpotts/esmf/intel_19.1.3_mpt_g_release_8.3.0
20220525 023245.059 INFO             PET3 ESMF_COMM                   : mpt
20220525 023245.060 INFO             PET3 ESMF_MOAB                   : enabled
20220525 023245.060 INFO             PET3 ESMF_LAPACK                 : enabled
20220525 023245.060 INFO             PET3 ESMF_NETCDF                 : enabled
20220525 023245.060 INFO             PET3 ESMF_PNETCDF                : disabled
20220525 023245.060 INFO             PET3 ESMF_PIO                    : enabled
20220525 023245.060 INFO             PET3 ESMF_YAMLCPP                : enabled
20220525 023245.178 DEBUG            PET3 about to destroy Grid: 0x19b3f10
20220525 023245.193 DEBUG            PET3 about to destroy Grid: 0x19b4f00
20220525 023245.235 INFO             PET3  NUMBER_OF_PROCESSORS           4
20220525 023245.235 INFO             PET3  PASS  Example ESMF_NUOPCAtmModelEx, ESMF_NUOPCAtmModelEx.F90, line 806
20220525 023245.235 INFO             PET3 Finalizing ESMF
