build time -- 2022-05-23 15:17:14.067226
0:Hi there from socketServerInit()
3:Hi there from socketServerInit()
3:socketServerInit waited: 2.00332
4:Hi there from socketClientInit() with timeout 10
0:socketServerInit waited: 2.00593
4:socketClientInit connect(), not yet established... continue: Operation now in progress
4:socketClientInit: getsockopt() at 4.9179e-05 SO_ERROR: Success
4:socketClientInit waited: 4.9179e-05
4:socketClientInit: CONNECTED!
4:Hi there from socketRecv()
0:socketServerInit: CONNECTED!
0:Hi there from socketSend()
0:socketSend: buffer size=41, bytes sent=41
0:Hi there from socketRecv()
4:socketRecv: buffer size=160, bytes recvd=41
4:Hi there from socketSend()
4:socketSend: buffer size=9, bytes sent=9
4:Hi there from socketRecv()
0:socketRecv: buffer size=160, bytes recvd=9
0:Hi there from socketSend()
0:socketSend: buffer size=43, bytes sent=43
4:socketRecv: buffer size=160, bytes recvd=43
3:calling CompTunnel::execute() for name: InitializeIC01P
3:in CompTunnel::execute() ... call CompTunnel::dual2actual() with method 7
4:calling CompTunnel::execute() for name: InitializeIC01P
5:calling CompTunnel::execute() for name: InitializeIC01P
5:in CompTunnel::execute() ... call CompTunnel::dual2actual() with method 7
0:Hi there from socketRecv()
4:in CompTunnel::execute() ... call CompTunnel::dual2actual() with method 7
4:Hi there from socketSend()
4:socketSend: buffer size=4, bytes sent=4
0:socketRecv: buffer size=4, bytes recvd=4
0:Hi there from socketRecv()
4:Hi there from socketSend()
4:socketSend: buffer size=4, bytes sent=4
3:calling CompTunnel::execute() for name: InitializeIC01P
3:in CompTunnel::execute() ... call CompTunnel::wait, cargo=0x18fbfe0
3:in CompTunnel::execute() ... call CompTunnel::wait really calling
3:calling CompTunnel::wait() for name: InitializeIC01P
3:in CompTunnel::wait() ... 
4:calling CompTunnel::execute() for name: InitializeIC01P
4:in CompTunnel::execute() ... call CompTunnel::wait, cargo=0x18fc0a0
4:in CompTunnel::execute() ... call CompTunnel::wait really calling
4:calling CompTunnel::wait() for name: InitializeIC01P
4:in CompTunnel::wait() ... 
5:calling CompTunnel::execute() for name: InitializeIC01P
4:Hi there from socketRecv()
5:in CompTunnel::execute() ... call CompTunnel::wait, cargo=0x18fc120
5:in CompTunnel::execute() ... call CompTunnel::wait really calling
5:calling CompTunnel::wait() for name: InitializeIC01P
5:in CompTunnel::wait() ... 
0:socketRecv: buffer size=4, bytes recvd=4
0:Hi there from socketSend()
0:socketSend: buffer size=8, bytes sent=8
3:in CompTunnel::wait() ... received RC=0, userRC=0
4:in CompTunnel::wait() ... received RC=0, userRC=0
5:in CompTunnel::wait() ... received RC=0, userRC=0
4:socketRecv: buffer size=8, bytes recvd=8
5:calling CompTunnel::execute() for name: RunIC01P
5:in CompTunnel::execute() ... call CompTunnel::dual2actual() with method 8
3:calling CompTunnel::execute() for name: RunIC01P
3:in CompTunnel::execute() ... call CompTunnel::dual2actual() with method 8
4:calling CompTunnel::execute() for name: RunIC01P
4:in CompTunnel::execute() ... call CompTunnel::dual2actual() with method 8
4:Hi there from socketSend()
4:socketSend: buffer size=4, bytes sent=4
0:Hi there from socketRecv()
0:socketRecv: buffer size=4, bytes recvd=4
4:Hi there from socketSend()
4:socketSend: buffer size=4, bytes sent=4
3:calling CompTunnel::execute() for name: RunIC01P
4:calling CompTunnel::execute() for name: RunIC01P
4:in CompTunnel::execute() ... call CompTunnel::wait, cargo=0x18fc0a0
4:in CompTunnel::execute() ... call CompTunnel::wait really calling
4:calling CompTunnel::wait() for name: RunIC01P
4:in CompTunnel::wait() ... 
5:calling CompTunnel::execute() for name: RunIC01P
5:in CompTunnel::execute() ... call CompTunnel::wait, cargo=0x18fc120
5:in CompTunnel::execute() ... call CompTunnel::wait really calling
5:calling CompTunnel::wait() for name: RunIC01P
5:in CompTunnel::wait() ... 
0:Hi there from socketRecv()
4:Hi there from socketRecv()
3:in CompTunnel::execute() ... call CompTunnel::wait, cargo=0x18fbfe0
3:in CompTunnel::execute() ... call CompTunnel::wait really calling
3:calling CompTunnel::wait() for name: RunIC01P
3:in CompTunnel::wait() ... 
0:socketRecv: buffer size=4, bytes recvd=4
0:Hi there from socketSend()
0:socketSend: buffer size=8, bytes sent=8
3:in CompTunnel::wait() ... received RC=0, userRC=0
4:in CompTunnel::wait() ... received RC=0, userRC=0
5:in CompTunnel::wait() ... received RC=0, userRC=0
4:socketRecv: buffer size=8, bytes recvd=8
3:calling CompTunnel::execute() for name: FinalizeIC01P
3:in CompTunnel::execute() ... call CompTunnel::dual2actual() with method 9
4:calling CompTunnel::execute() for name: FinalizeIC01P
4:in CompTunnel::execute() ... call CompTunnel::dual2actual() with method 9
5:calling CompTunnel::execute() for name: FinalizeIC01P
5:in CompTunnel::execute() ... call CompTunnel::dual2actual() with method 9
4:Hi there from socketSend()
4:socketSend: buffer size=4, bytes sent=4
0:Hi there from socketRecv()
0:socketRecv: buffer size=4, bytes recvd=4
0:Hi there from socketRecv()
4:Hi there from socketSend()
4:socketSend: buffer size=4, bytes sent=4
3:calling CompTunnel::execute() for name: FinalizeIC01P
3:in CompTunnel::execute() ... call CompTunnel::wait, cargo=0x18fbfe0
3:in CompTunnel::execute() ... call CompTunnel::wait really calling
3:calling CompTunnel::wait() for name: FinalizeIC01P
3:in CompTunnel::wait() ... 
4:calling CompTunnel::execute() for name: FinalizeIC01P
4:in CompTunnel::execute() ... call CompTunnel::wait, cargo=0x18fc0a0
4:in CompTunnel::execute() ... call CompTunnel::wait really calling
4:calling CompTunnel::wait() for name: FinalizeIC01P
4:in CompTunnel::wait() ... 
5:calling CompTunnel::execute() for name: FinalizeIC01P
5:in CompTunnel::execute() ... call CompTunnel::wait, cargo=0x18fc120
5:in CompTunnel::execute() ... call CompTunnel::wait really calling
5:calling CompTunnel::wait() for name: FinalizeIC01P
5:in CompTunnel::wait() ... 
4:Hi there from socketRecv()
0:socketRecv: buffer size=4, bytes recvd=4
0:Hi there from socketSend()
0:socketSend: buffer size=8, bytes sent=8
3:in CompTunnel::wait() ... received RC=0, userRC=0
4:in CompTunnel::wait() ... received RC=0, userRC=0
5:in CompTunnel::wait() ... received RC=0, userRC=0
5:calling CompTunnel::execute() for name: InitializeIC01P
5:in CompTunnel::execute() ... call CompTunnel::dual2actual() with method 7
4:socketRecv: buffer size=8, bytes recvd=8
3:calling CompTunnel::execute() for name: InitializeIC01P
3:in CompTunnel::execute() ... call CompTunnel::dual2actual() with method 7
4:calling CompTunnel::execute() for name: InitializeIC01P
4:in CompTunnel::execute() ... call CompTunnel::dual2actual() with method 7
4:Hi there from socketSend()
4:socketSend: buffer size=4, bytes sent=4
4:Hi there from socketSend()
0:Hi there from socketRecv()
0:socketRecv: buffer size=4, bytes recvd=4
4:socketSend: buffer size=4, bytes sent=4
3:calling CompTunnel::execute() for name: InitializeIC01P
3:in CompTunnel::execute() ... call CompTunnel::wait, cargo=0x18fbfe0
3:in CompTunnel::execute() ... call CompTunnel::wait really calling
3:calling CompTunnel::wait() for name: InitializeIC01P
3:in CompTunnel::wait() ... 
4:calling CompTunnel::execute() for name: InitializeIC01P
4:in CompTunnel::execute() ... call CompTunnel::wait, cargo=0x18fc0a0
4:in CompTunnel::execute() ... call CompTunnel::wait really calling
4:calling CompTunnel::wait() for name: InitializeIC01P
4:in CompTunnel::wait() ... 
5:calling CompTunnel::execute() for name: InitializeIC01P
0:Hi there from socketRecv()
4:Hi there from socketRecv()
5:in CompTunnel::execute() ... call CompTunnel::wait, cargo=0x18fc120
5:in CompTunnel::execute() ... call CompTunnel::wait really calling
5:calling CompTunnel::wait() for name: InitializeIC01P
5:in CompTunnel::wait() ... 
0:socketRecv: buffer size=4, bytes recvd=4
0:Hi there from socketSend()
0:socketSend: buffer size=8, bytes sent=8
4:in CompTunnel::wait() ... received RC=0, userRC=0
4:socketRecv: buffer size=8, bytes recvd=8
3:in CompTunnel::wait() ... received RC=0, userRC=0
5:in CompTunnel::wait() ... received RC=0, userRC=0
5:calling CompTunnel::execute() for name: InitializeIC01P
5:in CompTunnel::execute() ... call CompTunnel::dual2actual() with method 7
3:calling CompTunnel::execute() for name: InitializeIC01P
3:in CompTunnel::execute() ... call CompTunnel::dual2actual() with method 7
4:calling CompTunnel::execute() for name: InitializeIC01P
4:in CompTunnel::execute() ... call CompTunnel::dual2actual() with method 7
4:Hi there from socketSend()
4:socketSend: buffer size=4, bytes sent=4
4:Hi there from socketSend()
0:Hi there from socketRecv()
0:socketRecv: buffer size=4, bytes recvd=4
0:Hi there from socketRecv()
4:socketSend: buffer size=4, bytes sent=4
3:calling CompTunnel::execute() for name: InitializeIC01P
3:in CompTunnel::execute() ... call CompTunnel::wait, cargo=0x18fbfe0
3:in CompTunnel::execute() ... call CompTunnel::wait really calling
3:calling CompTunnel::wait() for name: InitializeIC01P
3:in CompTunnel::wait() ... 
5:calling CompTunnel::execute() for name: InitializeIC01P
5:in CompTunnel::execute() ... call CompTunnel::wait, cargo=0x18fc120
5:in CompTunnel::execute() ... call CompTunnel::wait really calling
5:calling CompTunnel::wait() for name: InitializeIC01P
5:in CompTunnel::wait() ... 
4:calling CompTunnel::execute() for name: InitializeIC01P
4:in CompTunnel::execute() ... call CompTunnel::wait, cargo=0x18fc0a0
4:in CompTunnel::execute() ... call CompTunnel::wait really calling
4:calling CompTunnel::wait() for name: InitializeIC01P
4:in CompTunnel::wait() ... 
4:Hi there from socketRecv()
0:socketRecv: buffer size=4, bytes recvd=4
0:Hi there from socketSend()
0:socketSend: buffer size=8, bytes sent=8
0:Hi there from socketRecv()
4:socketRecv: buffer size=8, bytes recvd=8
3:in CompTunnel::wait() ... received RC=0, userRC=0
3:calling CompTunnel::execute() for name: RunIC01P
3:in CompTunnel::execute() ... call CompTunnel::dual2actual() with method 8
4:in CompTunnel::wait() ... received RC=0, userRC=0
4:calling CompTunnel::execute() for name: RunIC01P
4:in CompTunnel::execute() ... call CompTunnel::dual2actual() with method 8
5:in CompTunnel::wait() ... received RC=0, userRC=0
5:calling CompTunnel::execute() for name: RunIC01P
5:in CompTunnel::execute() ... call CompTunnel::dual2actual() with method 8
4:Hi there from socketSend()
4:socketSend: buffer size=4, bytes sent=4
0:socketRecv: buffer size=4, bytes recvd=4
4:Hi there from socketSend()
4:socketSend: buffer size=4, bytes sent=4
3:calling CompTunnel::execute() for name: RunIC01P
3:in CompTunnel::execute() ... call CompTunnel::wait, cargo=0x18fbfe0
3:in CompTunnel::execute() ... call CompTunnel::wait really calling
3:calling CompTunnel::wait() for name: RunIC01P
3:in CompTunnel::wait() ... 
5:calling CompTunnel::execute() for name: RunIC01P
4:calling CompTunnel::execute() for name: RunIC01P
4:in CompTunnel::execute() ... call CompTunnel::wait, cargo=0x18fc0a0
4:in CompTunnel::execute() ... call CompTunnel::wait really calling
4:calling CompTunnel::wait() for name: RunIC01P
4:in CompTunnel::wait() ... 
5:in CompTunnel::execute() ... call CompTunnel::wait, cargo=0x18fc120
0:Hi there from socketRecv()
5:in CompTunnel::execute() ... call CompTunnel::wait really calling
5:calling CompTunnel::wait() for name: RunIC01P
5:in CompTunnel::wait() ... 
4:Hi there from socketRecv()
0:socketRecv: buffer size=4, bytes recvd=4
0:Hi there from socketSend()
0:socketSend: buffer size=8, bytes sent=8
0:Hi there from socketRecv()
4:socketRecv: buffer size=8, bytes recvd=8
3:in CompTunnel::wait() ... received RC=0, userRC=0
4:in CompTunnel::wait() ... received RC=0, userRC=0
5:in CompTunnel::wait() ... received RC=0, userRC=0
3:calling CompTunnel::execute() for name: None01P
3:in CompTunnel::execute() ... call CompTunnel::dual2actual() with method 0
5:calling CompTunnel::execute() for name: None01P
5:in CompTunnel::execute() ... call CompTunnel::dual2actual() with method 0
4:calling CompTunnel::execute() for name: None01P
4:in CompTunnel::execute() ... call CompTunnel::dual2actual() with method 0
4:Hi there from socketSend()
0:socketRecv: buffer size=4, bytes recvd=4
4:socketSend: buffer size=4, bytes sent=4
0:Hi there from socketRecv()
4:Hi there from socketSend()
4:socketSend: buffer size=4, bytes sent=4
3:calling CompTunnel::execute() for name: None01P
3:in CompTunnel::execute() ... call CompTunnel::wait, cargo=0x18fbfe0
3:in CompTunnel::execute() ... call CompTunnel::wait really calling
3:calling CompTunnel::wait() for name: None01P
3:in CompTunnel::wait() ... 
4:calling CompTunnel::execute() for name: None01P
5:calling CompTunnel::execute() for name: None01P
5:in CompTunnel::execute() ... call CompTunnel::wait, cargo=0x18fc120
5:in CompTunnel::execute() ... call CompTunnel::wait really calling
5:calling CompTunnel::wait() for name: None01P
5:in CompTunnel::wait() ... 
4:in CompTunnel::execute() ... call CompTunnel::wait, cargo=0x18fc0a0
4:in CompTunnel::execute() ... call CompTunnel::wait really calling
4:calling CompTunnel::wait() for name: None01P
4:in CompTunnel::wait() ... 
4:Hi there from socketRecv()
0:socketRecv: buffer size=4, bytes recvd=4
0:Hi there from socketSend()
0:socketSend: buffer size=8, bytes sent=8
4:socketRecv: buffer size=8, bytes recvd=8
3:in CompTunnel::wait() ... received RC=0, userRC=0
4:in CompTunnel::wait() ... received RC=0, userRC=0
5:in CompTunnel::wait() ... received RC=0, userRC=0
3:  PASS  Example ESMF_CompTunnelEx, ESMF_CompTunnelEx.F90, line 549
4:  PASS  Example ESMF_CompTunnelEx, ESMF_CompTunnelEx.F90, line 549
4: PASS: ESMF_CompTunnelEx.F90
5:  PASS  Example ESMF_CompTunnelEx, ESMF_CompTunnelEx.F90, line 549
3: PASS: ESMF_CompTunnelEx.F90
5: PASS: ESMF_CompTunnelEx.F90
0:  PASS  Example ESMF_CompTunnelEx, ESMF_CompTunnelEx.F90, line 549
1:  PASS  Example ESMF_CompTunnelEx, ESMF_CompTunnelEx.F90, line 549
1: PASS: ESMF_CompTunnelEx.F90
2:  PASS  Example ESMF_CompTunnelEx, ESMF_CompTunnelEx.F90, line 549
2: PASS: ESMF_CompTunnelEx.F90
0: PASS: ESMF_CompTunnelEx.F90
