build time -- 2022-06-03 01:49:29.833762
20220603 021721.904 INFO             PET0 !!!!!!!!!!!!!!!!!!!!!!!!!!!!!!!!!!!!!!!!!!!!!!!!!!!!!!
20220603 021721.904 INFO             PET0 !!! THE ESMF_LOG IS SET TO OUTPUT ALL LOG MESSAGES !!!
20220603 021721.904 INFO             PET0 !!!     THIS MAY CAUSE SLOWDOWN IN PERFORMANCE     !!!
20220603 021721.904 INFO             PET0 !!! FOR PRODUCTION RUNS, USE:                      !!!
20220603 021721.904 INFO             PET0 !!!                   ESMF_LOGKIND_Multi_On_Error  !!!
20220603 021721.904 INFO             PET0 !!!!!!!!!!!!!!!!!!!!!!!!!!!!!!!!!!!!!!!!!!!!!!!!!!!!!!
20220603 021721.904 INFO             PET0 Running with ESMF Version   : v8.3.0b17
20220603 021721.904 INFO             PET0 ESMF library build date/time: "Jun  3 2022" "01:46:49"
20220603 021721.904 INFO             PET0 ESMF library build location : /gpfsm/dnb04/projects/p98/mpotts/esmf/intel_19.1.3_mpt_g_release_8.3.0
20220603 021721.904 INFO             PET0 ESMF_COMM                   : mpt
20220603 021721.905 INFO             PET0 ESMF_MOAB                   : enabled
20220603 021721.905 INFO             PET0 ESMF_LAPACK                 : enabled
20220603 021721.905 INFO             PET0 ESMF_NETCDF                 : enabled
20220603 021721.905 INFO             PET0 ESMF_PNETCDF                : disabled
20220603 021721.905 INFO             PET0 ESMF_PIO                    : enabled
20220603 021721.905 INFO             PET0 ESMF_YAMLCPP                : enabled
20220603 021721.906 INFO             PET0  NUMBER_OF_PROCESSORS           4
20220603 021721.906 INFO             PET0  PASS  Example ESMF_VMUserMpiCommMultiEx, ESMF_VMUserMpiCommMultiEx.F90, line 126
20220603 021721.906 INFO             PET0 Finalizing ESMF
20220603 021721.907 INFO             PET0 !!!!!!!!!!!!!!!!!!!!!!!!!!!!!!!!!!!!!!!!!!!!!!!!!!!!!!
20220603 021721.907 INFO             PET0 !!! THE ESMF_LOG IS SET TO OUTPUT ALL LOG MESSAGES !!!
20220603 021721.907 INFO             PET0 !!!     THIS MAY CAUSE SLOWDOWN IN PERFORMANCE     !!!
20220603 021721.907 INFO             PET0 !!! FOR PRODUCTION RUNS, USE:                      !!!
20220603 021721.907 INFO             PET0 !!!                   ESMF_LOGKIND_Multi_On_Error  !!!
20220603 021721.907 INFO             PET0 !!!!!!!!!!!!!!!!!!!!!!!!!!!!!!!!!!!!!!!!!!!!!!!!!!!!!!
20220603 021721.907 INFO             PET0 Running with ESMF Version   : v8.3.0b17
20220603 021721.907 INFO             PET0 ESMF library build date/time: "Jun  3 2022" "01:46:49"
20220603 021721.907 INFO             PET0 ESMF library build location : /gpfsm/dnb04/projects/p98/mpotts/esmf/intel_19.1.3_mpt_g_release_8.3.0
20220603 021721.907 INFO             PET0 ESMF_COMM                   : mpt
20220603 021721.907 INFO             PET0 ESMF_MOAB                   : enabled
20220603 021721.907 INFO             PET0 ESMF_LAPACK                 : enabled
20220603 021721.907 INFO             PET0 ESMF_NETCDF                 : enabled
20220603 021721.907 INFO             PET0 ESMF_PNETCDF                : disabled
20220603 021721.907 INFO             PET0 ESMF_PIO                    : enabled
20220603 021721.907 INFO             PET0 ESMF_YAMLCPP                : enabled
20220603 021721.907 INFO             PET0  NUMBER_OF_PROCESSORS           4
20220603 021721.907 INFO             PET0  PASS  Example ESMF_VMUserMpiCommMultiEx, ESMF_VMUserMpiCommMultiEx.F90, line 154
20220603 021721.907 INFO             PET0 Finalizing ESMF
20220603 021721.905 INFO             PET1 !!!!!!!!!!!!!!!!!!!!!!!!!!!!!!!!!!!!!!!!!!!!!!!!!!!!!!
20220603 021721.905 INFO             PET1 !!! THE ESMF_LOG IS SET TO OUTPUT ALL LOG MESSAGES !!!
20220603 021721.905 INFO             PET1 !!!     THIS MAY CAUSE SLOWDOWN IN PERFORMANCE     !!!
20220603 021721.905 INFO             PET1 !!! FOR PRODUCTION RUNS, USE:                      !!!
20220603 021721.905 INFO             PET1 !!!                   ESMF_LOGKIND_Multi_On_Error  !!!
20220603 021721.905 INFO             PET1 !!!!!!!!!!!!!!!!!!!!!!!!!!!!!!!!!!!!!!!!!!!!!!!!!!!!!!
20220603 021721.905 INFO             PET1 Running with ESMF Version   : v8.3.0b17
20220603 021721.905 INFO             PET1 ESMF library build date/time: "Jun  3 2022" "01:46:49"
20220603 021721.905 INFO             PET1 ESMF library build location : /gpfsm/dnb04/projects/p98/mpotts/esmf/intel_19.1.3_mpt_g_release_8.3.0
20220603 021721.905 INFO             PET1 ESMF_COMM                   : mpt
20220603 021721.906 INFO             PET1 ESMF_MOAB                   : enabled
20220603 021721.906 INFO             PET1 ESMF_LAPACK                 : enabled
20220603 021721.906 INFO             PET1 ESMF_NETCDF                 : enabled
20220603 021721.906 INFO             PET1 ESMF_PNETCDF                : disabled
20220603 021721.906 INFO             PET1 ESMF_PIO                    : enabled
20220603 021721.906 INFO             PET1 ESMF_YAMLCPP                : enabled
20220603 021721.906 INFO             PET1  NUMBER_OF_PROCESSORS           4
20220603 021721.906 INFO             PET1  PASS  Example ESMF_VMUserMpiCommMultiEx, ESMF_VMUserMpiCommMultiEx.F90, line 126
20220603 021721.906 INFO             PET1 Finalizing ESMF
20220603 021721.905 INFO             PET1 !!!!!!!!!!!!!!!!!!!!!!!!!!!!!!!!!!!!!!!!!!!!!!!!!!!!!!
20220603 021721.905 INFO             PET1 !!! THE ESMF_LOG IS SET TO OUTPUT ALL LOG MESSAGES !!!
20220603 021721.905 INFO             PET1 !!!     THIS MAY CAUSE SLOWDOWN IN PERFORMANCE     !!!
20220603 021721.905 INFO             PET1 !!! FOR PRODUCTION RUNS, USE:                      !!!
20220603 021721.905 INFO             PET1 !!!                   ESMF_LOGKIND_Multi_On_Error  !!!
20220603 021721.905 INFO             PET1 !!!!!!!!!!!!!!!!!!!!!!!!!!!!!!!!!!!!!!!!!!!!!!!!!!!!!!
20220603 021721.905 INFO             PET1 Running with ESMF Version   : v8.3.0b17
20220603 021721.905 INFO             PET1 ESMF library build date/time: "Jun  3 2022" "01:46:49"
20220603 021721.905 INFO             PET1 ESMF library build location : /gpfsm/dnb04/projects/p98/mpotts/esmf/intel_19.1.3_mpt_g_release_8.3.0
20220603 021721.905 INFO             PET1 ESMF_COMM                   : mpt
20220603 021721.906 INFO             PET1 ESMF_MOAB                   : enabled
20220603 021721.906 INFO             PET1 ESMF_LAPACK                 : enabled
20220603 021721.906 INFO             PET1 ESMF_NETCDF                 : enabled
20220603 021721.906 INFO             PET1 ESMF_PNETCDF                : disabled
20220603 021721.906 INFO             PET1 ESMF_PIO                    : enabled
20220603 021721.906 INFO             PET1 ESMF_YAMLCPP                : enabled
20220603 021721.907 INFO             PET1  NUMBER_OF_PROCESSORS           4
20220603 021721.907 INFO             PET1  PASS  Example ESMF_VMUserMpiCommMultiEx, ESMF_VMUserMpiCommMultiEx.F90, line 154
20220603 021721.907 INFO             PET1 Finalizing ESMF
