build time -- 2022-04-14 17:00:30
20220414 171919.427 INFO             PET0 !!!!!!!!!!!!!!!!!!!!!!!!!!!!!!!!!!!!!!!!!!!!!!!!!!!!!!
20220414 171919.427 INFO             PET0 !!! THE ESMF_LOG IS SET TO OUTPUT ALL LOG MESSAGES !!!
20220414 171919.427 INFO             PET0 !!!     THIS MAY CAUSE SLOWDOWN IN PERFORMANCE     !!!
20220414 171919.427 INFO             PET0 !!! FOR PRODUCTION RUNS, USE:                      !!!
20220414 171919.427 INFO             PET0 !!!                   ESMF_LOGKIND_Multi_On_Error  !!!
20220414 171919.427 INFO             PET0 !!!!!!!!!!!!!!!!!!!!!!!!!!!!!!!!!!!!!!!!!!!!!!!!!!!!!!
20220414 171919.427 INFO             PET0 Running with ESMF Version   : v8.3.0b12-65-g6d22e4bf03
20220414 171919.427 INFO             PET0 ESMF library build date/time: "Apr 14 2022" "16:59:08"
20220414 171919.427 INFO             PET0 ESMF library build location : /Volumes/esmf/esmf-testing/gfortran_11.2.0_openmpi_g_develop
20220414 171919.427 INFO             PET0 ESMF_COMM                   : openmpi
20220414 171919.427 INFO             PET0 ESMF_MOAB                   : enabled
20220414 171919.427 INFO             PET0 ESMF_LAPACK                 : enabled
20220414 171919.427 INFO             PET0 ESMF_NETCDF                 : enabled
20220414 171919.427 INFO             PET0 ESMF_PNETCDF                : disabled
20220414 171919.427 INFO             PET0 ESMF_PIO                    : enabled
20220414 171919.427 INFO             PET0 ESMF_YAMLCPP                : enabled
20220414 171919.524 DEBUG            PET0 about to destroy Grid: 0x7ff77982ea00
20220414 171919.534 DEBUG            PET0 about to destroy Grid: 0x7ff77982f600
20220414 171919.562 INFO             PET0  NUMBER_OF_PROCESSORS           4
20220414 171919.562 INFO             PET0  PASS  Example ESMF_NUOPCAtmModelEx, ESMF_NUOPCAtmModelEx.F90, line 806
20220414 171919.562 INFO             PET0 Finalizing ESMF
20220414 171919.427 INFO             PET1 !!!!!!!!!!!!!!!!!!!!!!!!!!!!!!!!!!!!!!!!!!!!!!!!!!!!!!
20220414 171919.427 INFO             PET1 !!! THE ESMF_LOG IS SET TO OUTPUT ALL LOG MESSAGES !!!
20220414 171919.427 INFO             PET1 !!!     THIS MAY CAUSE SLOWDOWN IN PERFORMANCE     !!!
20220414 171919.427 INFO             PET1 !!! FOR PRODUCTION RUNS, USE:                      !!!
20220414 171919.427 INFO             PET1 !!!                   ESMF_LOGKIND_Multi_On_Error  !!!
20220414 171919.427 INFO             PET1 !!!!!!!!!!!!!!!!!!!!!!!!!!!!!!!!!!!!!!!!!!!!!!!!!!!!!!
20220414 171919.427 INFO             PET1 Running with ESMF Version   : v8.3.0b12-65-g6d22e4bf03
20220414 171919.427 INFO             PET1 ESMF library build date/time: "Apr 14 2022" "16:59:08"
20220414 171919.427 INFO             PET1 ESMF library build location : /Volumes/esmf/esmf-testing/gfortran_11.2.0_openmpi_g_develop
20220414 171919.427 INFO             PET1 ESMF_COMM                   : openmpi
20220414 171919.427 INFO             PET1 ESMF_MOAB                   : enabled
20220414 171919.427 INFO             PET1 ESMF_LAPACK                 : enabled
20220414 171919.427 INFO             PET1 ESMF_NETCDF                 : enabled
20220414 171919.427 INFO             PET1 ESMF_PNETCDF                : disabled
20220414 171919.427 INFO             PET1 ESMF_PIO                    : enabled
20220414 171919.427 INFO             PET1 ESMF_YAMLCPP                : enabled
20220414 171919.524 DEBUG            PET1 about to destroy Grid: 0x7fcedd018400
20220414 171919.534 DEBUG            PET1 about to destroy Grid: 0x7fcedd010a00
20220414 171919.562 INFO             PET1  NUMBER_OF_PROCESSORS           4
20220414 171919.562 INFO             PET1  PASS  Example ESMF_NUOPCAtmModelEx, ESMF_NUOPCAtmModelEx.F90, line 806
20220414 171919.562 INFO             PET1 Finalizing ESMF
20220414 171919.426 INFO             PET2 !!!!!!!!!!!!!!!!!!!!!!!!!!!!!!!!!!!!!!!!!!!!!!!!!!!!!!
20220414 171919.427 INFO             PET2 !!! THE ESMF_LOG IS SET TO OUTPUT ALL LOG MESSAGES !!!
20220414 171919.427 INFO             PET2 !!!     THIS MAY CAUSE SLOWDOWN IN PERFORMANCE     !!!
20220414 171919.427 INFO             PET2 !!! FOR PRODUCTION RUNS, USE:                      !!!
20220414 171919.427 INFO             PET2 !!!                   ESMF_LOGKIND_Multi_On_Error  !!!
20220414 171919.427 INFO             PET2 !!!!!!!!!!!!!!!!!!!!!!!!!!!!!!!!!!!!!!!!!!!!!!!!!!!!!!
20220414 171919.427 INFO             PET2 Running with ESMF Version   : v8.3.0b12-65-g6d22e4bf03
20220414 171919.427 INFO             PET2 ESMF library build date/time: "Apr 14 2022" "16:59:08"
20220414 171919.427 INFO             PET2 ESMF library build location : /Volumes/esmf/esmf-testing/gfortran_11.2.0_openmpi_g_develop
20220414 171919.427 INFO             PET2 ESMF_COMM                   : openmpi
20220414 171919.427 INFO             PET2 ESMF_MOAB                   : enabled
20220414 171919.427 INFO             PET2 ESMF_LAPACK                 : enabled
20220414 171919.427 INFO             PET2 ESMF_NETCDF                 : enabled
20220414 171919.427 INFO             PET2 ESMF_PNETCDF                : disabled
20220414 171919.427 INFO             PET2 ESMF_PIO                    : enabled
20220414 171919.427 INFO             PET2 ESMF_YAMLCPP                : enabled
20220414 171919.524 DEBUG            PET2 about to destroy Grid: 0x7f8cf002a400
20220414 171919.534 DEBUG            PET2 about to destroy Grid: 0x7f8cf002b000
20220414 171919.562 INFO             PET2  NUMBER_OF_PROCESSORS           4
20220414 171919.562 INFO             PET2  PASS  Example ESMF_NUOPCAtmModelEx, ESMF_NUOPCAtmModelEx.F90, line 806
20220414 171919.562 INFO             PET2 Finalizing ESMF
20220414 171919.427 INFO             PET3 !!!!!!!!!!!!!!!!!!!!!!!!!!!!!!!!!!!!!!!!!!!!!!!!!!!!!!
20220414 171919.427 INFO             PET3 !!! THE ESMF_LOG IS SET TO OUTPUT ALL LOG MESSAGES !!!
20220414 171919.427 INFO             PET3 !!!     THIS MAY CAUSE SLOWDOWN IN PERFORMANCE     !!!
20220414 171919.427 INFO             PET3 !!! FOR PRODUCTION RUNS, USE:                      !!!
20220414 171919.427 INFO             PET3 !!!                   ESMF_LOGKIND_Multi_On_Error  !!!
20220414 171919.427 INFO             PET3 !!!!!!!!!!!!!!!!!!!!!!!!!!!!!!!!!!!!!!!!!!!!!!!!!!!!!!
20220414 171919.427 INFO             PET3 Running with ESMF Version   : v8.3.0b12-65-g6d22e4bf03
20220414 171919.427 INFO             PET3 ESMF library build date/time: "Apr 14 2022" "16:59:08"
20220414 171919.427 INFO             PET3 ESMF library build location : /Volumes/esmf/esmf-testing/gfortran_11.2.0_openmpi_g_develop
20220414 171919.427 INFO             PET3 ESMF_COMM                   : openmpi
20220414 171919.427 INFO             PET3 ESMF_MOAB                   : enabled
20220414 171919.427 INFO             PET3 ESMF_LAPACK                 : enabled
20220414 171919.427 INFO             PET3 ESMF_NETCDF                 : enabled
20220414 171919.427 INFO             PET3 ESMF_PNETCDF                : disabled
20220414 171919.427 INFO             PET3 ESMF_PIO                    : enabled
20220414 171919.427 INFO             PET3 ESMF_YAMLCPP                : enabled
20220414 171919.524 DEBUG            PET3 about to destroy Grid: 0x7fdb83821400
20220414 171919.534 DEBUG            PET3 about to destroy Grid: 0x7fdb83822000
20220414 171919.562 INFO             PET3  NUMBER_OF_PROCESSORS           4
20220414 171919.562 INFO             PET3  PASS  Example ESMF_NUOPCAtmModelEx, ESMF_NUOPCAtmModelEx.F90, line 806
20220414 171919.562 INFO             PET3 Finalizing ESMF
