build time -- 2022-06-05 10:04:31
20220605 102756.238 INFO             PET0 !!!!!!!!!!!!!!!!!!!!!!!!!!!!!!!!!!!!!!!!!!!!!!!!!!!!!!
20220605 102756.238 INFO             PET0 !!! THE ESMF_LOG IS SET TO OUTPUT ALL LOG MESSAGES !!!
20220605 102756.238 INFO             PET0 !!!     THIS MAY CAUSE SLOWDOWN IN PERFORMANCE     !!!
20220605 102756.238 INFO             PET0 !!! FOR PRODUCTION RUNS, USE:                      !!!
20220605 102756.238 INFO             PET0 !!!                   ESMF_LOGKIND_Multi_On_Error  !!!
20220605 102756.238 INFO             PET0 !!!!!!!!!!!!!!!!!!!!!!!!!!!!!!!!!!!!!!!!!!!!!!!!!!!!!!
20220605 102756.238 INFO             PET0 Running with ESMF Version   : v8.4.0b01
20220605 102756.238 INFO             PET0 ESMF library build date/time: "Jun  5 2022" "10:02:52"
20220605 102756.238 INFO             PET0 ESMF library build location : /Volumes/esmf/esmf-testing/gfortran_11.2.0_openmpi_g_develop
20220605 102756.238 INFO             PET0 ESMF_COMM                   : openmpi
20220605 102756.238 INFO             PET0 ESMF_MOAB                   : enabled
20220605 102756.238 INFO             PET0 ESMF_LAPACK                 : enabled
20220605 102756.238 INFO             PET0 ESMF_NETCDF                 : enabled
20220605 102756.238 INFO             PET0 ESMF_PNETCDF                : disabled
20220605 102756.238 INFO             PET0 ESMF_PIO                    : enabled
20220605 102756.238 INFO             PET0 ESMF_YAMLCPP                : enabled
20220605 102756.239 INFO             PET0  NUMBER_OF_PROCESSORS           1
20220605 102756.239 INFO             PET0  PASS  Example ESMF_ClockEx, ESMF_ClockEx.F90, line 220
20220605 102756.239 INFO             PET0 Finalizing ESMF
