build time -- 2022-05-20 12:12:15
20220520 123215.064 INFO             PET0 !!!!!!!!!!!!!!!!!!!!!!!!!!!!!!!!!!!!!!!!!!!!!!!!!!!!!!
20220520 123215.064 INFO             PET0 !!! THE ESMF_LOG IS SET TO OUTPUT ALL LOG MESSAGES !!!
20220520 123215.064 INFO             PET0 !!!     THIS MAY CAUSE SLOWDOWN IN PERFORMANCE     !!!
20220520 123215.064 INFO             PET0 !!! FOR PRODUCTION RUNS, USE:                      !!!
20220520 123215.064 INFO             PET0 !!!                   ESMF_LOGKIND_Multi_On_Error  !!!
20220520 123215.064 INFO             PET0 !!!!!!!!!!!!!!!!!!!!!!!!!!!!!!!!!!!!!!!!!!!!!!!!!!!!!!
20220520 123215.064 INFO             PET0 Running with ESMF Version   : v8.3.0b16
20220520 123215.064 INFO             PET0 ESMF library build date/time: "May 20 2022" "12:10:59"
20220520 123215.064 INFO             PET0 ESMF library build location : /Volumes/esmf/esmf-testing/gfortran_11.2.0_openmpi_O_develop
20220520 123215.064 INFO             PET0 ESMF_COMM                   : openmpi
20220520 123215.064 INFO             PET0 ESMF_MOAB                   : enabled
20220520 123215.064 INFO             PET0 ESMF_LAPACK                 : enabled
20220520 123215.064 INFO             PET0 ESMF_NETCDF                 : enabled
20220520 123215.064 INFO             PET0 ESMF_PNETCDF                : disabled
20220520 123215.064 INFO             PET0 ESMF_PIO                    : enabled
20220520 123215.064 INFO             PET0 ESMF_YAMLCPP                : enabled
20220520 123215.065 INFO             PET0  NUMBER_OF_PROCESSORS           1
20220520 123215.065 INFO             PET0  PASS  Example CalendarEx, ESMF_CalendarEx.F90, line 217
20220520 123215.065 INFO             PET0 Finalizing ESMF
