build time -- 2022-04-24 23:42:02
20220425 000039.139 INFO             PET0 !!!!!!!!!!!!!!!!!!!!!!!!!!!!!!!!!!!!!!!!!!!!!!!!!!!!!!
20220425 000039.139 INFO             PET0 !!! THE ESMF_LOG IS SET TO OUTPUT ALL LOG MESSAGES !!!
20220425 000039.139 INFO             PET0 !!!     THIS MAY CAUSE SLOWDOWN IN PERFORMANCE     !!!
20220425 000039.139 INFO             PET0 !!! FOR PRODUCTION RUNS, USE:                      !!!
20220425 000039.139 INFO             PET0 !!!                   ESMF_LOGKIND_Multi_On_Error  !!!
20220425 000039.139 INFO             PET0 !!!!!!!!!!!!!!!!!!!!!!!!!!!!!!!!!!!!!!!!!!!!!!!!!!!!!!
20220425 000039.139 INFO             PET0 Running with ESMF Version   : v8.3.0b13
20220425 000039.139 INFO             PET0 ESMF library build date/time: "Apr 24 2022" "23:40:46"
20220425 000039.139 INFO             PET0 ESMF library build location : /Volumes/esmf/esmf-testing/gfortran_11.2.0_openmpi_O_develop
20220425 000039.139 INFO             PET0 ESMF_COMM                   : openmpi
20220425 000039.139 INFO             PET0 ESMF_MOAB                   : enabled
20220425 000039.139 INFO             PET0 ESMF_LAPACK                 : enabled
20220425 000039.139 INFO             PET0 ESMF_NETCDF                 : enabled
20220425 000039.139 INFO             PET0 ESMF_PNETCDF                : disabled
20220425 000039.139 INFO             PET0 ESMF_PIO                    : enabled
20220425 000039.139 INFO             PET0 ESMF_YAMLCPP                : enabled
20220425 000039.141 INFO             PET0  NUMBER_OF_PROCESSORS           4
20220425 000039.141 INFO             PET0  PASS  Example ESMF_ArrayFarrayEx, ESMF_ArrayFarrayEx.F90, line 288
20220425 000039.141 INFO             PET0 Finalizing ESMF
20220425 000039.139 INFO             PET1 !!!!!!!!!!!!!!!!!!!!!!!!!!!!!!!!!!!!!!!!!!!!!!!!!!!!!!
20220425 000039.139 INFO             PET1 !!! THE ESMF_LOG IS SET TO OUTPUT ALL LOG MESSAGES !!!
20220425 000039.139 INFO             PET1 !!!     THIS MAY CAUSE SLOWDOWN IN PERFORMANCE     !!!
20220425 000039.139 INFO             PET1 !!! FOR PRODUCTION RUNS, USE:                      !!!
20220425 000039.139 INFO             PET1 !!!                   ESMF_LOGKIND_Multi_On_Error  !!!
20220425 000039.139 INFO             PET1 !!!!!!!!!!!!!!!!!!!!!!!!!!!!!!!!!!!!!!!!!!!!!!!!!!!!!!
20220425 000039.139 INFO             PET1 Running with ESMF Version   : v8.3.0b13
20220425 000039.139 INFO             PET1 ESMF library build date/time: "Apr 24 2022" "23:40:46"
20220425 000039.139 INFO             PET1 ESMF library build location : /Volumes/esmf/esmf-testing/gfortran_11.2.0_openmpi_O_develop
20220425 000039.139 INFO             PET1 ESMF_COMM                   : openmpi
20220425 000039.139 INFO             PET1 ESMF_MOAB                   : enabled
20220425 000039.139 INFO             PET1 ESMF_LAPACK                 : enabled
20220425 000039.139 INFO             PET1 ESMF_NETCDF                 : enabled
20220425 000039.139 INFO             PET1 ESMF_PNETCDF                : disabled
20220425 000039.139 INFO             PET1 ESMF_PIO                    : enabled
20220425 000039.139 INFO             PET1 ESMF_YAMLCPP                : enabled
20220425 000039.141 INFO             PET1  NUMBER_OF_PROCESSORS           4
20220425 000039.141 INFO             PET1  PASS  Example ESMF_ArrayFarrayEx, ESMF_ArrayFarrayEx.F90, line 288
20220425 000039.141 INFO             PET1 Finalizing ESMF
20220425 000039.139 INFO             PET2 !!!!!!!!!!!!!!!!!!!!!!!!!!!!!!!!!!!!!!!!!!!!!!!!!!!!!!
20220425 000039.140 INFO             PET2 !!! THE ESMF_LOG IS SET TO OUTPUT ALL LOG MESSAGES !!!
20220425 000039.140 INFO             PET2 !!!     THIS MAY CAUSE SLOWDOWN IN PERFORMANCE     !!!
20220425 000039.140 INFO             PET2 !!! FOR PRODUCTION RUNS, USE:                      !!!
20220425 000039.140 INFO             PET2 !!!                   ESMF_LOGKIND_Multi_On_Error  !!!
20220425 000039.140 INFO             PET2 !!!!!!!!!!!!!!!!!!!!!!!!!!!!!!!!!!!!!!!!!!!!!!!!!!!!!!
20220425 000039.140 INFO             PET2 Running with ESMF Version   : v8.3.0b13
20220425 000039.140 INFO             PET2 ESMF library build date/time: "Apr 24 2022" "23:40:46"
20220425 000039.140 INFO             PET2 ESMF library build location : /Volumes/esmf/esmf-testing/gfortran_11.2.0_openmpi_O_develop
20220425 000039.140 INFO             PET2 ESMF_COMM                   : openmpi
20220425 000039.140 INFO             PET2 ESMF_MOAB                   : enabled
20220425 000039.140 INFO             PET2 ESMF_LAPACK                 : enabled
20220425 000039.140 INFO             PET2 ESMF_NETCDF                 : enabled
20220425 000039.140 INFO             PET2 ESMF_PNETCDF                : disabled
20220425 000039.140 INFO             PET2 ESMF_PIO                    : enabled
20220425 000039.140 INFO             PET2 ESMF_YAMLCPP                : enabled
20220425 000039.141 INFO             PET2  NUMBER_OF_PROCESSORS           4
20220425 000039.141 INFO             PET2  PASS  Example ESMF_ArrayFarrayEx, ESMF_ArrayFarrayEx.F90, line 288
20220425 000039.141 INFO             PET2 Finalizing ESMF
20220425 000039.139 INFO             PET3 !!!!!!!!!!!!!!!!!!!!!!!!!!!!!!!!!!!!!!!!!!!!!!!!!!!!!!
20220425 000039.139 INFO             PET3 !!! THE ESMF_LOG IS SET TO OUTPUT ALL LOG MESSAGES !!!
20220425 000039.139 INFO             PET3 !!!     THIS MAY CAUSE SLOWDOWN IN PERFORMANCE     !!!
20220425 000039.139 INFO             PET3 !!! FOR PRODUCTION RUNS, USE:                      !!!
20220425 000039.139 INFO             PET3 !!!                   ESMF_LOGKIND_Multi_On_Error  !!!
20220425 000039.139 INFO             PET3 !!!!!!!!!!!!!!!!!!!!!!!!!!!!!!!!!!!!!!!!!!!!!!!!!!!!!!
20220425 000039.139 INFO             PET3 Running with ESMF Version   : v8.3.0b13
20220425 000039.139 INFO             PET3 ESMF library build date/time: "Apr 24 2022" "23:40:46"
20220425 000039.139 INFO             PET3 ESMF library build location : /Volumes/esmf/esmf-testing/gfortran_11.2.0_openmpi_O_develop
20220425 000039.139 INFO             PET3 ESMF_COMM                   : openmpi
20220425 000039.139 INFO             PET3 ESMF_MOAB                   : enabled
20220425 000039.139 INFO             PET3 ESMF_LAPACK                 : enabled
20220425 000039.139 INFO             PET3 ESMF_NETCDF                 : enabled
20220425 000039.139 INFO             PET3 ESMF_PNETCDF                : disabled
20220425 000039.139 INFO             PET3 ESMF_PIO                    : enabled
20220425 000039.139 INFO             PET3 ESMF_YAMLCPP                : enabled
20220425 000039.141 INFO             PET3  NUMBER_OF_PROCESSORS           4
20220425 000039.141 INFO             PET3  PASS  Example ESMF_ArrayFarrayEx, ESMF_ArrayFarrayEx.F90, line 288
20220425 000039.141 INFO             PET3 Finalizing ESMF
