build time -- 2022-04-19 23:42:15
20220420 000240.157 INFO             PET0 !!!!!!!!!!!!!!!!!!!!!!!!!!!!!!!!!!!!!!!!!!!!!!!!!!!!!!
20220420 000240.158 INFO             PET0 !!! THE ESMF_LOG IS SET TO OUTPUT ALL LOG MESSAGES !!!
20220420 000240.158 INFO             PET0 !!!     THIS MAY CAUSE SLOWDOWN IN PERFORMANCE     !!!
20220420 000240.158 INFO             PET0 !!! FOR PRODUCTION RUNS, USE:                      !!!
20220420 000240.158 INFO             PET0 !!!                   ESMF_LOGKIND_Multi_On_Error  !!!
20220420 000240.158 INFO             PET0 !!!!!!!!!!!!!!!!!!!!!!!!!!!!!!!!!!!!!!!!!!!!!!!!!!!!!!
20220420 000240.158 INFO             PET0 Running with ESMF Version   : v8.3.0b12-72-g1df70b4e76
20220420 000240.158 INFO             PET0 ESMF library build date/time: "Apr 19 2022" "23:40:58"
20220420 000240.158 INFO             PET0 ESMF library build location : /Volumes/esmf/esmf-testing/gfortran_11.2.0_openmpi_O_develop
20220420 000240.158 INFO             PET0 ESMF_COMM                   : openmpi
20220420 000240.158 INFO             PET0 ESMF_MOAB                   : enabled
20220420 000240.158 INFO             PET0 ESMF_LAPACK                 : enabled
20220420 000240.158 INFO             PET0 ESMF_NETCDF                 : enabled
20220420 000240.158 INFO             PET0 ESMF_PNETCDF                : disabled
20220420 000240.158 INFO             PET0 ESMF_PIO                    : enabled
20220420 000240.158 INFO             PET0 ESMF_YAMLCPP                : enabled
20220420 000240.231 DEBUG            PET0 about to destroy Grid: 0x7f7a37079000
20220420 000240.236 DEBUG            PET0 about to destroy Grid: 0x7f7a37079c00
20220420 000240.252 INFO             PET0  NUMBER_OF_PROCESSORS           4
20220420 000240.252 INFO             PET0  PASS  Example ESMF_NUOPCAtmModelEx, ESMF_NUOPCAtmModelEx.F90, line 806
20220420 000240.252 INFO             PET0 Finalizing ESMF
20220420 000240.157 INFO             PET1 !!!!!!!!!!!!!!!!!!!!!!!!!!!!!!!!!!!!!!!!!!!!!!!!!!!!!!
20220420 000240.158 INFO             PET1 !!! THE ESMF_LOG IS SET TO OUTPUT ALL LOG MESSAGES !!!
20220420 000240.158 INFO             PET1 !!!     THIS MAY CAUSE SLOWDOWN IN PERFORMANCE     !!!
20220420 000240.158 INFO             PET1 !!! FOR PRODUCTION RUNS, USE:                      !!!
20220420 000240.158 INFO             PET1 !!!                   ESMF_LOGKIND_Multi_On_Error  !!!
20220420 000240.158 INFO             PET1 !!!!!!!!!!!!!!!!!!!!!!!!!!!!!!!!!!!!!!!!!!!!!!!!!!!!!!
20220420 000240.158 INFO             PET1 Running with ESMF Version   : v8.3.0b12-72-g1df70b4e76
20220420 000240.158 INFO             PET1 ESMF library build date/time: "Apr 19 2022" "23:40:58"
20220420 000240.158 INFO             PET1 ESMF library build location : /Volumes/esmf/esmf-testing/gfortran_11.2.0_openmpi_O_develop
20220420 000240.158 INFO             PET1 ESMF_COMM                   : openmpi
20220420 000240.158 INFO             PET1 ESMF_MOAB                   : enabled
20220420 000240.158 INFO             PET1 ESMF_LAPACK                 : enabled
20220420 000240.158 INFO             PET1 ESMF_NETCDF                 : enabled
20220420 000240.158 INFO             PET1 ESMF_PNETCDF                : disabled
20220420 000240.158 INFO             PET1 ESMF_PIO                    : enabled
20220420 000240.158 INFO             PET1 ESMF_YAMLCPP                : enabled
20220420 000240.231 DEBUG            PET1 about to destroy Grid: 0x7fd6c882ec00
20220420 000240.236 DEBUG            PET1 about to destroy Grid: 0x7fd6c8825400
20220420 000240.252 INFO             PET1  NUMBER_OF_PROCESSORS           4
20220420 000240.252 INFO             PET1  PASS  Example ESMF_NUOPCAtmModelEx, ESMF_NUOPCAtmModelEx.F90, line 806
20220420 000240.252 INFO             PET1 Finalizing ESMF
20220420 000240.157 INFO             PET2 !!!!!!!!!!!!!!!!!!!!!!!!!!!!!!!!!!!!!!!!!!!!!!!!!!!!!!
20220420 000240.158 INFO             PET2 !!! THE ESMF_LOG IS SET TO OUTPUT ALL LOG MESSAGES !!!
20220420 000240.158 INFO             PET2 !!!     THIS MAY CAUSE SLOWDOWN IN PERFORMANCE     !!!
20220420 000240.158 INFO             PET2 !!! FOR PRODUCTION RUNS, USE:                      !!!
20220420 000240.158 INFO             PET2 !!!                   ESMF_LOGKIND_Multi_On_Error  !!!
20220420 000240.158 INFO             PET2 !!!!!!!!!!!!!!!!!!!!!!!!!!!!!!!!!!!!!!!!!!!!!!!!!!!!!!
20220420 000240.158 INFO             PET2 Running with ESMF Version   : v8.3.0b12-72-g1df70b4e76
20220420 000240.158 INFO             PET2 ESMF library build date/time: "Apr 19 2022" "23:40:58"
20220420 000240.158 INFO             PET2 ESMF library build location : /Volumes/esmf/esmf-testing/gfortran_11.2.0_openmpi_O_develop
20220420 000240.158 INFO             PET2 ESMF_COMM                   : openmpi
20220420 000240.158 INFO             PET2 ESMF_MOAB                   : enabled
20220420 000240.158 INFO             PET2 ESMF_LAPACK                 : enabled
20220420 000240.158 INFO             PET2 ESMF_NETCDF                 : enabled
20220420 000240.158 INFO             PET2 ESMF_PNETCDF                : disabled
20220420 000240.158 INFO             PET2 ESMF_PIO                    : enabled
20220420 000240.158 INFO             PET2 ESMF_YAMLCPP                : enabled
20220420 000240.231 DEBUG            PET2 about to destroy Grid: 0x7fbdd8827600
20220420 000240.236 DEBUG            PET2 about to destroy Grid: 0x7fbdd8820800
20220420 000240.252 INFO             PET2  NUMBER_OF_PROCESSORS           4
20220420 000240.252 INFO             PET2  PASS  Example ESMF_NUOPCAtmModelEx, ESMF_NUOPCAtmModelEx.F90, line 806
20220420 000240.252 INFO             PET2 Finalizing ESMF
20220420 000240.157 INFO             PET3 !!!!!!!!!!!!!!!!!!!!!!!!!!!!!!!!!!!!!!!!!!!!!!!!!!!!!!
20220420 000240.158 INFO             PET3 !!! THE ESMF_LOG IS SET TO OUTPUT ALL LOG MESSAGES !!!
20220420 000240.158 INFO             PET3 !!!     THIS MAY CAUSE SLOWDOWN IN PERFORMANCE     !!!
20220420 000240.158 INFO             PET3 !!! FOR PRODUCTION RUNS, USE:                      !!!
20220420 000240.158 INFO             PET3 !!!                   ESMF_LOGKIND_Multi_On_Error  !!!
20220420 000240.158 INFO             PET3 !!!!!!!!!!!!!!!!!!!!!!!!!!!!!!!!!!!!!!!!!!!!!!!!!!!!!!
20220420 000240.158 INFO             PET3 Running with ESMF Version   : v8.3.0b12-72-g1df70b4e76
20220420 000240.158 INFO             PET3 ESMF library build date/time: "Apr 19 2022" "23:40:58"
20220420 000240.158 INFO             PET3 ESMF library build location : /Volumes/esmf/esmf-testing/gfortran_11.2.0_openmpi_O_develop
20220420 000240.158 INFO             PET3 ESMF_COMM                   : openmpi
20220420 000240.158 INFO             PET3 ESMF_MOAB                   : enabled
20220420 000240.158 INFO             PET3 ESMF_LAPACK                 : enabled
20220420 000240.158 INFO             PET3 ESMF_NETCDF                 : enabled
20220420 000240.158 INFO             PET3 ESMF_PNETCDF                : disabled
20220420 000240.158 INFO             PET3 ESMF_PIO                    : enabled
20220420 000240.158 INFO             PET3 ESMF_YAMLCPP                : enabled
20220420 000240.231 DEBUG            PET3 about to destroy Grid: 0x7f978f82d000
20220420 000240.236 DEBUG            PET3 about to destroy Grid: 0x7f978f82dc00
20220420 000240.252 INFO             PET3  NUMBER_OF_PROCESSORS           4
20220420 000240.252 INFO             PET3  PASS  Example ESMF_NUOPCAtmModelEx, ESMF_NUOPCAtmModelEx.F90, line 806
20220420 000240.252 INFO             PET3 Finalizing ESMF
