build time -- 2022-05-01 23:42:17
20220502 000056.530 INFO             PET0 !!!!!!!!!!!!!!!!!!!!!!!!!!!!!!!!!!!!!!!!!!!!!!!!!!!!!!
20220502 000056.531 INFO             PET0 !!! THE ESMF_LOG IS SET TO OUTPUT ALL LOG MESSAGES !!!
20220502 000056.531 INFO             PET0 !!!     THIS MAY CAUSE SLOWDOWN IN PERFORMANCE     !!!
20220502 000056.531 INFO             PET0 !!! FOR PRODUCTION RUNS, USE:                      !!!
20220502 000056.531 INFO             PET0 !!!                   ESMF_LOGKIND_Multi_On_Error  !!!
20220502 000056.531 INFO             PET0 !!!!!!!!!!!!!!!!!!!!!!!!!!!!!!!!!!!!!!!!!!!!!!!!!!!!!!
20220502 000056.531 INFO             PET0 Running with ESMF Version   : v8.3.0b13-3-g648c7f896f
20220502 000056.531 INFO             PET0 ESMF library build date/time: "May  1 2022" "23:41:00"
20220502 000056.531 INFO             PET0 ESMF library build location : /Volumes/esmf/esmf-testing/gfortran_11.2.0_openmpi_O_develop
20220502 000056.531 INFO             PET0 ESMF_COMM                   : openmpi
20220502 000056.531 INFO             PET0 ESMF_MOAB                   : enabled
20220502 000056.531 INFO             PET0 ESMF_LAPACK                 : enabled
20220502 000056.531 INFO             PET0 ESMF_NETCDF                 : enabled
20220502 000056.531 INFO             PET0 ESMF_PNETCDF                : disabled
20220502 000056.531 INFO             PET0 ESMF_PIO                    : enabled
20220502 000056.531 INFO             PET0 ESMF_YAMLCPP                : enabled
20220502 000056.531 INFO             PET0  NUMBER_OF_PROCESSORS           1
20220502 000056.531 INFO             PET0  PASS  Example ESMF_ClockEx, ESMF_ClockEx.F90, line 220
20220502 000056.531 INFO             PET0 Finalizing ESMF
