build time -- 2022-05-24 00:51:07
20220524 012855.537 INFO             PET0 !!!!!!!!!!!!!!!!!!!!!!!!!!!!!!!!!!!!!!!!!!!!!!!!!!!!!!
20220524 012855.537 INFO             PET0 !!! THE ESMF_LOG IS SET TO OUTPUT ALL LOG MESSAGES !!!
20220524 012855.537 INFO             PET0 !!!     THIS MAY CAUSE SLOWDOWN IN PERFORMANCE     !!!
20220524 012855.537 INFO             PET0 !!! FOR PRODUCTION RUNS, USE:                      !!!
20220524 012855.537 INFO             PET0 !!!                   ESMF_LOGKIND_Multi_On_Error  !!!
20220524 012855.537 INFO             PET0 !!!!!!!!!!!!!!!!!!!!!!!!!!!!!!!!!!!!!!!!!!!!!!!!!!!!!!
20220524 012855.537 INFO             PET0 Running with ESMF Version   : v8.3.0b16-3-gc2b47388e1
20220524 012855.537 INFO             PET0 ESMF library build date/time: "May 24 2022" "00:49:07"
20220524 012855.537 INFO             PET0 ESMF library build location : /lustre/f2/dev/ncep/Mark.Potts/intel_2019.5_mpi_O_release_8.3.0
20220524 012855.537 INFO             PET0 ESMF_COMM                   : mpi
20220524 012855.537 INFO             PET0 ESMF_MOAB                   : enabled
20220524 012855.537 INFO             PET0 ESMF_LAPACK                 : enabled
20220524 012855.537 INFO             PET0 ESMF_NETCDF                 : enabled
20220524 012855.537 INFO             PET0 ESMF_PNETCDF                : disabled
20220524 012855.537 INFO             PET0 ESMF_PIO                    : enabled
20220524 012855.537 INFO             PET0 ESMF_YAMLCPP                : enabled
20220524 012855.538 INFO             PET0  NUMBER_OF_PROCESSORS           4
20220524 012855.538 INFO             PET0  PASS  Example ESMF_VMUserMpiCommMultiEx, ESMF_VMUserMpiCommMultiEx.F90, line 126
20220524 012855.538 INFO             PET0 Finalizing ESMF
20220524 012855.533 INFO             PET0 !!!!!!!!!!!!!!!!!!!!!!!!!!!!!!!!!!!!!!!!!!!!!!!!!!!!!!
20220524 012855.533 INFO             PET0 !!! THE ESMF_LOG IS SET TO OUTPUT ALL LOG MESSAGES !!!
20220524 012855.533 INFO             PET0 !!!     THIS MAY CAUSE SLOWDOWN IN PERFORMANCE     !!!
20220524 012855.533 INFO             PET0 !!! FOR PRODUCTION RUNS, USE:                      !!!
20220524 012855.533 INFO             PET0 !!!                   ESMF_LOGKIND_Multi_On_Error  !!!
20220524 012855.533 INFO             PET0 !!!!!!!!!!!!!!!!!!!!!!!!!!!!!!!!!!!!!!!!!!!!!!!!!!!!!!
20220524 012855.533 INFO             PET0 Running with ESMF Version   : v8.3.0b16-3-gc2b47388e1
20220524 012855.533 INFO             PET0 ESMF library build date/time: "May 24 2022" "00:49:07"
20220524 012855.533 INFO             PET0 ESMF library build location : /lustre/f2/dev/ncep/Mark.Potts/intel_2019.5_mpi_O_release_8.3.0
20220524 012855.533 INFO             PET0 ESMF_COMM                   : mpi
20220524 012855.534 INFO             PET0 ESMF_MOAB                   : enabled
20220524 012855.534 INFO             PET0 ESMF_LAPACK                 : enabled
20220524 012855.534 INFO             PET0 ESMF_NETCDF                 : enabled
20220524 012855.534 INFO             PET0 ESMF_PNETCDF                : disabled
20220524 012855.534 INFO             PET0 ESMF_PIO                    : enabled
20220524 012855.534 INFO             PET0 ESMF_YAMLCPP                : enabled
20220524 012855.546 INFO             PET0  NUMBER_OF_PROCESSORS           4
20220524 012855.546 INFO             PET0  PASS  Example ESMF_VMUserMpiCommMultiEx, ESMF_VMUserMpiCommMultiEx.F90, line 154
20220524 012855.546 INFO             PET0 Finalizing ESMF
20220524 012855.535 INFO             PET1 !!!!!!!!!!!!!!!!!!!!!!!!!!!!!!!!!!!!!!!!!!!!!!!!!!!!!!
20220524 012855.535 INFO             PET1 !!! THE ESMF_LOG IS SET TO OUTPUT ALL LOG MESSAGES !!!
20220524 012855.535 INFO             PET1 !!!     THIS MAY CAUSE SLOWDOWN IN PERFORMANCE     !!!
20220524 012855.535 INFO             PET1 !!! FOR PRODUCTION RUNS, USE:                      !!!
20220524 012855.535 INFO             PET1 !!!                   ESMF_LOGKIND_Multi_On_Error  !!!
20220524 012855.535 INFO             PET1 !!!!!!!!!!!!!!!!!!!!!!!!!!!!!!!!!!!!!!!!!!!!!!!!!!!!!!
20220524 012855.535 INFO             PET1 Running with ESMF Version   : v8.3.0b16-3-gc2b47388e1
20220524 012855.535 INFO             PET1 ESMF library build date/time: "May 24 2022" "00:49:07"
20220524 012855.535 INFO             PET1 ESMF library build location : /lustre/f2/dev/ncep/Mark.Potts/intel_2019.5_mpi_O_release_8.3.0
20220524 012855.535 INFO             PET1 ESMF_COMM                   : mpi
20220524 012855.536 INFO             PET1 ESMF_MOAB                   : enabled
20220524 012855.536 INFO             PET1 ESMF_LAPACK                 : enabled
20220524 012855.536 INFO             PET1 ESMF_NETCDF                 : enabled
20220524 012855.536 INFO             PET1 ESMF_PNETCDF                : disabled
20220524 012855.536 INFO             PET1 ESMF_PIO                    : enabled
20220524 012855.536 INFO             PET1 ESMF_YAMLCPP                : enabled
20220524 012855.538 INFO             PET1  NUMBER_OF_PROCESSORS           4
20220524 012855.538 INFO             PET1  PASS  Example ESMF_VMUserMpiCommMultiEx, ESMF_VMUserMpiCommMultiEx.F90, line 126
20220524 012855.538 INFO             PET1 Finalizing ESMF
20220524 012855.544 INFO             PET1 !!!!!!!!!!!!!!!!!!!!!!!!!!!!!!!!!!!!!!!!!!!!!!!!!!!!!!
20220524 012855.545 INFO             PET1 !!! THE ESMF_LOG IS SET TO OUTPUT ALL LOG MESSAGES !!!
20220524 012855.545 INFO             PET1 !!!     THIS MAY CAUSE SLOWDOWN IN PERFORMANCE     !!!
20220524 012855.545 INFO             PET1 !!! FOR PRODUCTION RUNS, USE:                      !!!
20220524 012855.545 INFO             PET1 !!!                   ESMF_LOGKIND_Multi_On_Error  !!!
20220524 012855.545 INFO             PET1 !!!!!!!!!!!!!!!!!!!!!!!!!!!!!!!!!!!!!!!!!!!!!!!!!!!!!!
20220524 012855.545 INFO             PET1 Running with ESMF Version   : v8.3.0b16-3-gc2b47388e1
20220524 012855.545 INFO             PET1 ESMF library build date/time: "May 24 2022" "00:49:07"
20220524 012855.545 INFO             PET1 ESMF library build location : /lustre/f2/dev/ncep/Mark.Potts/intel_2019.5_mpi_O_release_8.3.0
20220524 012855.545 INFO             PET1 ESMF_COMM                   : mpi
20220524 012855.546 INFO             PET1 ESMF_MOAB                   : enabled
20220524 012855.546 INFO             PET1 ESMF_LAPACK                 : enabled
20220524 012855.546 INFO             PET1 ESMF_NETCDF                 : enabled
20220524 012855.546 INFO             PET1 ESMF_PNETCDF                : disabled
20220524 012855.546 INFO             PET1 ESMF_PIO                    : enabled
20220524 012855.546 INFO             PET1 ESMF_YAMLCPP                : enabled
20220524 012855.546 INFO             PET1  NUMBER_OF_PROCESSORS           4
20220524 012855.546 INFO             PET1  PASS  Example ESMF_VMUserMpiCommMultiEx, ESMF_VMUserMpiCommMultiEx.F90, line 154
20220524 012855.546 INFO             PET1 Finalizing ESMF
