Sun Jun 5 03:25:03 MDT 2022
/bin/sh: line 0: [: -ge: unary operator expected
/bin/sh: line 0: [: -ge: unary operator expected
 
--------------------------------------------------------------
ESMF_VERSION_STRING:    8.4.0 beta snapshot
v8.4.0b01
--------------------------------------------------------------
On branch develop
Your branch is up to date with 'origin/develop'.

Untracked files:
  (use "git add <file>..." to include in what will be committed)
	build-intel_18.0.5_openmpi_g.bat
	getres-build.sh
	getres-test.sh
	nuopc-app-prototypes/
	runpython.sh
	test-intel_18.0.5_openmpi_g.bat

nothing added to commit but untracked files present (use "git add" to track)
--------------------------------------------------------------
 
--------------------------------------------------------------
Make version:
GNU Make 4.0
Built for x86_64-unknown-linux-gnu
Copyright (C) 1988-2013 Free Software Foundation, Inc.
License GPLv3+: GNU GPL version 3 or later <http://gnu.org/licenses/gpl.html>
This is free software: you are free to change and redistribute it.
There is NO WARRANTY, to the extent permitted by law.

--------------------------------------------------------------
CMake version:
cmake version 3.18.2

CMake suite maintained and supported by Kitware (kitware.com/cmake).

--------------------------------------------------------------
Fortran Compiler version:

Error: A license for Comp-FL is not available now (-15,570,115).

A connection to the license server could not be made.  You should
make sure that your license daemon process is running: both an
lmgrd process and an INTEL process should be running
if your license limits you to a specified number of licenses in use
at a time.  Also, check to see if the wrong port@host or the wrong
license file is being used, or if the port or hostname in the license
file has changed.

License file(s) used were (in this order):
**  1.  28518@128.117.177.41
**  2.  /glade/u/apps/opt/intel/2018u4/compilers_and_libraries_2018.5.274/linux/bin/intel64/../../Licenses
**  3.  /glade/u/home/dunlap/Licenses
**  4.  /opt/intel/licenses
**  5.  /Users/Shared/Library/Application Support/Intel/Licenses
**  6.  /glade/u/apps/opt/intel/2018u4/compilers_and_libraries_2018.5.274/linux/bin/intel64/*.lic

Please refer http://software.intel.com/sites/support/ for more information..

ifort: error #10052: could not checkout FLEXlm license

--------------------------------------------------------------
C++ Compiler version:

Error: A license for Comp-CL is not available now (-15,570,115).

A connection to the license server could not be made.  You should
make sure that your license daemon process is running: both an
lmgrd process and an INTEL process should be running
if your license limits you to a specified number of licenses in use
at a time.  Also, check to see if the wrong port@host or the wrong
license file is being used, or if the port or hostname in the license
file has changed.

License file(s) used were (in this order):
**  1.  28518@128.117.177.41
**  2.  /glade/u/apps/opt/intel/2018u4/compilers_and_libraries_2018.5.274/linux/bin/intel64/../../Licenses
**  3.  /glade/u/home/dunlap/Licenses
**  4.  /opt/intel/licenses
**  5.  /Users/Shared/Library/Application Support/Intel/Licenses
**  6.  /glade/u/apps/opt/intel/2018u4/compilers_and_libraries_2018.5.274/linux/bin/intel64/*.lic

Please refer http://software.intel.com/sites/support/ for more information..

icpc: error #10052: could not checkout FLEXlm license

--------------------------------------------------------------
C Compiler version:

Error: A license for Comp-CL is not available now (-15,570,115).

A connection to the license server could not be made.  You should
make sure that your license daemon process is running: both an
lmgrd process and an INTEL process should be running
if your license limits you to a specified number of licenses in use
at a time.  Also, check to see if the wrong port@host or the wrong
license file is being used, or if the port or hostname in the license
file has changed.

License file(s) used were (in this order):
**  1.  28518@128.117.177.41
**  2.  /glade/u/apps/opt/intel/2018u4/compilers_and_libraries_2018.5.274/linux/bin/intel64/../../Licenses
**  3.  /glade/u/home/dunlap/Licenses
**  4.  /opt/intel/licenses
**  5.  /Users/Shared/Library/Application Support/Intel/Licenses
**  6.  /glade/u/apps/opt/intel/2018u4/compilers_and_libraries_2018.5.274/linux/bin/intel64/*.lic

Please refer http://software.intel.com/sites/support/ for more information..

icc: error #10052: could not checkout FLEXlm license

--------------------------------------------------------------
Preprocessor version:
gcc (SUSE Linux) 4.8.5
Copyright (C) 2015 Free Software Foundation, Inc.
This is free software; see the source for copying conditions.  There is NO
warranty; not even for MERCHANTABILITY or FITNESS FOR A PARTICULAR PURPOSE.

--------------------------------------------------------------
NetCDF library version: netCDF 4.6.3
NetCDF Fortran version: netCDF-Fortran 4.4.4
 
--------------------------------------------------------------
 * User set ESMF environment variables *
ESMF_BOPT=g
ESMF_COMM=openmpi
ESMF_COMPILER=intel
ESMF_DIR=/glade/scratch/dunlap/esmf-testing/intel_18.0.5_openmpi_g_develop
ESMF_NETCDF=nc-config
ESMF_TESTEXHAUSTIVE=ON
ESMF_TESTWITHTHREADS=ON
 
--------------------------------------------------------------
 * ESMF environment variables *
ESMF_DIR: /glade/scratch/dunlap/esmf-testing/intel_18.0.5_openmpi_g_develop
ESMF_OS:                Linux
ESMF_MACHINE:           x86_64
ESMF_ABI:               64
ESMF_COMPILER:          intel
ESMF_BOPT:              g
ESMF_COMM:              openmpi
ESMF_SITE:              default
ESMF_PTHREADS:          ON
ESMF_OPENMP:            ON
ESMF_OPENACC:           OFF
ESMF_CXXSTD:            11
ESMF_ARRAY_LITE:        FALSE
ESMF_NO_INTEGER_1_BYTE: TRUE
ESMF_NO_INTEGER_2_BYTE: TRUE
ESMF_FORTRANSYMBOLS:    default
ESMF_MAPPER_BUILD:      OFF
ESMF_AUTO_LIB_BUILD:    ON
ESMF_DEFER_LIB_BUILD:   ON
ESMF_SHARED_LIB_BUILD:  ON
ESMF_TRACE_LIB_BUILD:   ON
ESMF_TRACE_BUILD_SHARED:ON
ESMF_TESTEXHAUSTIVE:    ON
ESMF_TESTCOMPTUNNEL:    ON
ESMF_TESTWITHTHREADS:   ON
ESMF_TESTMPMD:          OFF
ESMF_TESTSHAREDOBJ:     OFF
ESMF_TESTFORCEOPENMP:   OFF
ESMF_TESTFORCEOPENACC:  OFF
ESMF_TESTHARNESS_ARRAY: default
ESMF_TESTHARNESS_FIELD: default
ESMF_MPIRUN:            mpirun 
 
--------------------------------------------------------------
 * ESMF environment variables pointing to 3rd party software *
ESMF_MOAB:               internal
ESMF_LAPACK:             internal
ESMF_ACC_SOFTWARE_STACK: none
ESMF_NETCDF:             nc-config
ESMF_NETCDF_INCLUDE:     /glade/u/apps/ch/opt/netcdf/4.6.3/intel/18.0.5/include
ESMF_NETCDF_LIBS:        -lnetcdf
ESMF_NETCDF_LIBPATH:     /glade/u/apps/ch/opt/netcdf/4.6.3/intel/18.0.5/lib
ESMF_NFCONFIG:           nf-config
ESMF_NETCDFF_INCLUDE:    /glade/u/apps/ch/opt/netcdf/4.6.3/intel/18.0.5/include
ESMF_NETCDFF_LIBS:       -lnetcdff -lnetcdf -lnetcdf
ESMF_NETCDFF_LIBPATH:    /glade/u/apps/ch/opt/netcdf/4.6.3/intel/18.0.5/lib /glade/u/apps/ch/opt/netcdf/4.6.3/intel/18.0.5//lib
ESMF_PIO:                internal
ESMF_PIO_LIBS:           -lpioc
ESMF_YAMLCPP:            internal
 
--------------------------------------------------------------
 * ESMF environment variables for final installation *
ESMF_INSTALL_PREFIX:    ./DEFAULTINSTALLDIR
ESMF_INSTALL_HEADERDIR: include
ESMF_INSTALL_MODDIR:    mod/modg/Linux.intel.64.openmpi.default
ESMF_INSTALL_LIBDIR:    lib/libg/Linux.intel.64.openmpi.default
ESMF_INSTALL_BINDIR:    bin/bing/Linux.intel.64.openmpi.default
ESMF_INSTALL_DOCDIR:    doc
 
--------------------------------------------------------------
 * ESMF Benchmark directory and parameters *
ESMF_BENCHMARK_PREFIX:         ./DEFAULTBENCHMARKDIR
ESMF_BENCHMARK_TOLERANCE:      20%
ESMF_BENCHMARK_THRESHOLD_MSEC: 500
 
--------------------------------------------------------------
 * Other relevant environment variables *
PATH:    /glade/u/apps/ch/opt/netcdf/4.6.3/intel/18.0.5/bin:/glade/u/apps/ch/opt/ncarcompilers/0.5.0/intel/18.0.5/mpi:/glade/u/apps/ch/opt/openmpi/3.1.4/intel/18.0.5/bin:/glade/u/apps/ch/opt/ncarcompilers/0.5.0/intel/18.0.5:/glade/u/apps/opt/intel/2018u4/vtune_amplifier/bin64:/glade/u/apps/opt/intel/2018u4/inspector/bin64:/glade/u/apps/opt/intel/2018u4/advisor/bin64:/glade/u/apps/opt/intel/2018u4/compilers_and_libraries/linux/bin/intel64:/glade/u/apps/ch/opt/cmake/3.18.2/bin:/glade/u/apps/ch/opt/python/3.7.9/gnu/9.1.0/bin:/glade/u/apps/ch/opt/ncarcompilers/0.5.0/intel/19.1.1/mpi:/glade/u/apps/opt/vncmgr:/glade/u/apps/opt/globus-utils:/glade/u/apps/ch/opt/usr/bin:/glade/u/apps/ch/opt/lmod/8.1.7/bin:/usr/local/bin:/usr/bin:/bin:/usr/games:/opt/ibutils/bin:/glade/u/apps/opt/hpss/hpss-client.5.0.2.p5/bin:/glade/u/apps/ch/os/usr/bin:/glade/u/apps/ch/opt/hpe-cpe/22.02/bin:/opt/pbs/bin:/sbin
LD_LIBRARY_PATH: /glade/u/apps/ch/opt/openmpi/3.1.4/intel/18.0.5/lib:/glade/u/apps/opt/intel/2018u4/compilers_and_libraries/linux/lib/intel64:/glade/u/apps/ch/os/usr/lib64:/glade/u/apps/ch/os/usr/lib:/glade/u/apps/ch/os/lib64:/glade/u/apps/ch/os/lib
 
ls: cannot access '/glade/u/apps/ch/opt/ncarcompilers/0.5.0/intel/18.0.5/mpi/../lib*': No such file or directory
ls: cannot access '/glade/u/apps/ch/opt/ncarcompilers/0.5.0/intel/18.0.5/mpi/../lib*': No such file or directory
--------------------------------------------------------------
 * Compilers, Linkers, Flags, and Libraries *
Location of the preprocessor:      /glade/u/apps/ch/opt/ncarcompilers/0.5.0/intel/18.0.5/gcc
Location of the Fortran compiler:  /glade/u/apps/ch/opt/ncarcompilers/0.5.0/intel/18.0.5/mpi/mpifort
Location of the Fortran linker:    /glade/u/apps/ch/opt/ncarcompilers/0.5.0/intel/18.0.5/mpi/mpifort
Location of the C++ compiler:      /glade/u/apps/ch/opt/ncarcompilers/0.5.0/intel/18.0.5/mpi/mpicxx
Location of the C++ linker:        /glade/u/apps/ch/opt/ncarcompilers/0.5.0/intel/18.0.5/mpi/mpicxx
Location of the C compiler:        /glade/u/apps/ch/opt/ncarcompilers/0.5.0/intel/18.0.5/mpi/mpicc
Location of the C linker:          /glade/u/apps/ch/opt/ncarcompilers/0.5.0/intel/18.0.5/mpi/mpicc

Fortran compiler flags:
ESMF_F90COMPILER: mpifort
ESMF_F90COMPILEOPTS: -g -traceback -check arg_temp_created,bounds,format,output_conversion,stack,uninit -fPIC -debug minimal -assume realloc_lhs -m64 -mcmodel=small -pthread -threads  -openmp
ESMF_F90COMPILEPATHS: -I/glade/scratch/dunlap/esmf-testing/intel_18.0.5_openmpi_g_develop/mod/modg/Linux.intel.64.openmpi.default -I/glade/scratch/dunlap/esmf-testing/intel_18.0.5_openmpi_g_develop/src/include -I/glade/u/apps/ch/opt/netcdf/4.6.3/intel/18.0.5/include -I/glade/u/apps/ch/opt/netcdf/4.6.3/intel/18.0.5/include
ESMF_F90COMPILECPPFLAGS: -DESMF_NO_INTEGER_1_BYTE -DESMF_NO_INTEGER_2_BYTE -DESMF_VERSION_STRING_GIT='v8.4.0b01' -DESMF_MOAB=1 -DESMF_LAPACK=1 -DESMF_LAPACK_INTERNAL=1 -DESMF_NO_ACC_SOFTWARE_STACK=1 -DESMF_NETCDF=1 -DESMF_YAMLCPP=1 -DESMF_YAML=1 -DESMF_PIO=1 -DESMF_NO_OPENACC -DESMF_TESTEXHAUSTIVE -DESMF_BOPT_g -DESMF_TESTCOMPTUNNEL -DESMF_TESTWITHTHREADS -DSx86_64_small=1 -DESMF_OS_Linux=1 -DESMF_COMM=openmpi -DESMF_DIR=/glade/scratch/dunlap/esmf-testing/intel_18.0.5_openmpi_g_develop
ESMF_F90COMPILEFREECPP: 
ESMF_F90COMPILEFREENOCPP: 
ESMF_F90COMPILEFIXCPP: 
ESMF_F90COMPILEFIXNOCPP: 

Fortran linker flags:
ESMF_F90LINKOPTS:   -m64 -mcmodel=small -pthread -threads -Wl,--no-as-needed  -openmp
ESMF_F90LINKPATHS: -L/glade/scratch/dunlap/esmf-testing/intel_18.0.5_openmpi_g_develop/lib/libg/Linux.intel.64.openmpi.default -L/glade/u/apps/ch/opt/netcdf/4.6.3/intel/18.0.5/lib -L/glade/u/apps/ch/opt/netcdf/4.6.3/intel/18.0.5/lib -L/glade/u/apps/ch/opt/netcdf/4.6.3/intel/18.0.5//lib 
ESMF_F90LINKRPATHS: -Wl,-rpath,/glade/scratch/dunlap/esmf-testing/intel_18.0.5_openmpi_g_develop/lib/libg/Linux.intel.64.openmpi.default -Wl,-rpath,/glade/u/apps/ch/opt/netcdf/4.6.3/intel/18.0.5/lib -Wl,-rpath,/glade/u/apps/ch/opt/netcdf/4.6.3/intel/18.0.5/lib -Wl,-rpath,/glade/u/apps/ch/opt/netcdf/4.6.3/intel/18.0.5//lib 
ESMF_F90LINKLIBS:   -cxxlib -lrt -ldl -lnetcdf -lnetcdff -lnetcdf -lnetcdf -lpioc
ESMF_F90ESMFLINKLIBS: -lesmf   -cxxlib -lrt -ldl -lnetcdf -lnetcdff -lnetcdf -lnetcdf -lpioc

C++ compiler flags:
ESMF_CXXCOMPILER: mpicxx
ESMF_CXXCOMPILEOPTS: -std=c++11 -g -traceback -Wcheck -fPIC -debug minimal -m64 -mcmodel=small -pthread  -openmp
ESMF_CXXCOMPILEPATHS:  -I/glade/scratch/dunlap/esmf-testing/intel_18.0.5_openmpi_g_develop/src/include  -I/glade/u/apps/ch/opt/netcdf/4.6.3/intel/18.0.5/include -I/glade/scratch/dunlap/esmf-testing/intel_18.0.5_openmpi_g_develop/src/prologue/yaml-cpp/include
ESMF_CXXCOMPILECPPFLAGS: -DESMF_NO_INTEGER_1_BYTE -DESMF_NO_INTEGER_2_BYTE -DESMF_VERSION_STRING_GIT='v8.4.0b01' -DESMF_MOAB=1 -DESMF_LAPACK=1 -DESMF_LAPACK_INTERNAL=1 -DESMF_NO_ACC_SOFTWARE_STACK=1 -DESMF_NETCDF=1 -DESMF_YAMLCPP=1 -DESMF_YAML=1 -DESMF_PIO=1 -DESMF_NO_OPENACC -DESMF_TESTEXHAUSTIVE -DESMF_BOPT_g -DESMF_TESTCOMPTUNNEL -DESMF_TESTWITHTHREADS -DSx86_64_small=1 -DESMF_OS_Linux=1 -DESMF_COMM=openmpi -DESMF_DIR=/glade/scratch/dunlap/esmf-testing/intel_18.0.5_openmpi_g_develop -D__SDIR__='' -DESMF_CXXSTD=11 -DESMF_NO_SIGUSR2

C++ linker flags:
ESMF_CXXLINKOPTS:   -m64 -mcmodel=small -pthread -Wl,--no-as-needed  -openmp
ESMF_CXXLINKPATHS: -L/glade/scratch/dunlap/esmf-testing/intel_18.0.5_openmpi_g_develop/lib/libg/Linux.intel.64.openmpi.default -L/glade/u/apps/ch/opt/netcdf/4.6.3/intel/18.0.5/lib -L/glade/u/apps/ch/opt/netcdf/4.6.3/intel/18.0.5/lib -L/glade/u/apps/ch/opt/netcdf/4.6.3/intel/18.0.5//lib -L/glade/u/apps/opt/intel/2018u4/compilers_and_libraries_2018.5.274/linux/compiler/lib/intel64_lin/
ESMF_CXXLINKRPATHS: -Wl,-rpath,/glade/scratch/dunlap/esmf-testing/intel_18.0.5_openmpi_g_develop/lib/libg/Linux.intel.64.openmpi.default -Wl,-rpath,/glade/u/apps/ch/opt/netcdf/4.6.3/intel/18.0.5/lib -Wl,-rpath,/glade/u/apps/ch/opt/netcdf/4.6.3/intel/18.0.5/lib -Wl,-rpath,/glade/u/apps/ch/opt/netcdf/4.6.3/intel/18.0.5//lib  -Wl,-rpath,
ESMF_CXXLINKLIBS:   -lrt -ldl -lnetcdf -lnetcdff -lnetcdf -lnetcdf -lpioc
ESMF_CXXESMFLINKLIBS: -lesmf   -lrt -ldl -lnetcdf -lnetcdff -lnetcdf -lnetcdf -lpioc

C compiler flags:
ESMF_CCOMPILER: mpicc
ESMF_CCOMPILEOPTS:  -g -fPIC -debug minimal
ESMF_CCOMPILEPATHS:  -I/glade/scratch/dunlap/esmf-testing/intel_18.0.5_openmpi_g_develop/src/include  
ESMF_CCOMPILECPPFLAGS: -DESMF_NO_INTEGER_1_BYTE -DESMF_NO_INTEGER_2_BYTE -DESMF_VERSION_STRING_GIT='v8.4.0b01' -DESMF_MOAB=1 -DESMF_LAPACK=1 -DESMF_LAPACK_INTERNAL=1 -DESMF_NO_ACC_SOFTWARE_STACK=1 -DESMF_NETCDF=1 -DESMF_YAMLCPP=1 -DESMF_YAML=1 -DESMF_PIO=1 -DESMF_NO_OPENACC -DESMF_TESTEXHAUSTIVE -DESMF_BOPT_g -DESMF_TESTCOMPTUNNEL -DESMF_TESTWITHTHREADS -DSx86_64_small=1 -DESMF_OS_Linux=1 -DESMF_COMM=openmpi -DESMF_DIR=/glade/scratch/dunlap/esmf-testing/intel_18.0.5_openmpi_g_develop -D__SDIR__=''

C linker flags:
ESMF_CLINKOPTS:  
ESMF_CLINKPATHS: -L/glade/scratch/dunlap/esmf-testing/intel_18.0.5_openmpi_g_develop/lib/libg/Linux.intel.64.openmpi.default 
ESMF_CLINKRPATHS: -Wl,-rpath,/glade/scratch/dunlap/esmf-testing/intel_18.0.5_openmpi_g_develop/lib/libg/Linux.intel.64.openmpi.default 
ESMF_CLINKLIBS: 
ESMF_CESMFLINKLIBS: -lesmf 

Shared library build:
ESMF_SL_LIBS_TO_MAKE: libesmf
ESMF_SL_SUFFIX:       so
ESMF_SL_LIBLINKER:    mpicxx
ESMF_SL_LIBOPTS:       -pthread -shared  -openmp
ESMF_SL_LIBLIBS:      

ESMF Tracing linker options:
ESMF_TRACE_LDPRELOAD=/glade/scratch/dunlap/esmf-testing/intel_18.0.5_openmpi_g_develop/lib/libg/Linux.intel.64.openmpi.default/libesmftrace_preload.so
ESMF_TRACE_STATICLINKOPTS=-static -Wl,--wrap=c_esmftrace_notify_wrappers -Wl,--wrap=c_esmftrace_isinitialized -Wl,--wrap=write -Wl,--wrap=writev -Wl,--wrap=pwrite -Wl,--wrap=read -Wl,--wrap=open -Wl,--wrap=MPI_Allgather -Wl,--wrap=MPI_Allgatherv -Wl,--wrap=MPI_Allreduce -Wl,--wrap=MPI_Alltoall -Wl,--wrap=MPI_Alltoallv -Wl,--wrap=MPI_Alltoallw -Wl,--wrap=MPI_Barrier -Wl,--wrap=MPI_Bcast -Wl,--wrap=MPI_Bsend -Wl,--wrap=MPI_Gather -Wl,--wrap=MPI_Gatherv -Wl,--wrap=MPI_Iprobe -Wl,--wrap=MPI_Irecv -Wl,--wrap=MPI_Irsend -Wl,--wrap=MPI_Isend -Wl,--wrap=MPI_Issend -Wl,--wrap=MPI_Probe -Wl,--wrap=MPI_Recv -Wl,--wrap=MPI_Reduce -Wl,--wrap=MPI_Rsend -Wl,--wrap=MPI_Scan -Wl,--wrap=MPI_Scatter -Wl,--wrap=MPI_Scatterv -Wl,--wrap=MPI_Send -Wl,--wrap=MPI_Sendrecv -Wl,--wrap=MPI_Test -Wl,--wrap=MPI_Testall -Wl,--wrap=MPI_Testany -Wl,--wrap=MPI_Testsome -Wl,--wrap=MPI_Wait -Wl,--wrap=MPI_Waitall -Wl,--wrap=MPI_Waitany -Wl,--wrap=MPI_Waitsome -Wl,--wrap=mpi_allgather_ -Wl,--wrap=mpi_allgather__ -Wl,--wrap=mpi_allgatherv_ -Wl,--wrap=mpi_allgatherv__ -Wl,--wrap=mpi_allreduce_ -Wl,--wrap=mpi_allreduce__ -Wl,--wrap=mpi_alltoall_ -Wl,--wrap=mpi_alltoall__ -Wl,--wrap=mpi_alltoallv_ -Wl,--wrap=mpi_alltoallv__ -Wl,--wrap=mpi_alltoallw_ -Wl,--wrap=mpi_alltoallw__ -Wl,--wrap=mpi_barrier_ -Wl,--wrap=mpi_barrier__ -Wl,--wrap=mpi_bcast_ -Wl,--wrap=mpi_bcast__ -Wl,--wrap=mpi_bsend_ -Wl,--wrap=mpi_bsend__ -Wl,--wrap=mpi_exscan_ -Wl,--wrap=mpi_exscan__ -Wl,--wrap=mpi_gather_ -Wl,--wrap=mpi_gather__ -Wl,--wrap=mpi_gatherv_ -Wl,--wrap=mpi_gatherv__ -Wl,--wrap=mpi_iprobe_ -Wl,--wrap=mpi_iprobe__ -Wl,--wrap=mpi_irecv_ -Wl,--wrap=mpi_irecv__ -Wl,--wrap=mpi_irsend_ -Wl,--wrap=mpi_irsend__ -Wl,--wrap=mpi_isend_ -Wl,--wrap=mpi_isend__ -Wl,--wrap=mpi_issend_ -Wl,--wrap=mpi_issend__ -Wl,--wrap=mpi_probe_ -Wl,--wrap=mpi_probe__ -Wl,--wrap=mpi_recv_ -Wl,--wrap=mpi_recv__ -Wl,--wrap=mpi_reduce_ -Wl,--wrap=mpi_reduce__ -Wl,--wrap=mpi_reduce_scatter_ -Wl,--wrap=mpi_reduce_scatter__ -Wl,--wrap=mpi_rsend_ -Wl,--wrap=mpi_rsend__ -Wl,--wrap=mpi_scatter_ -Wl,--wrap=mpi_scatter__ -Wl,--wrap=mpi_scatterv_ -Wl,--wrap=mpi_scatterv__ -Wl,--wrap=mpi_scan_ -Wl,--wrap=mpi_scan__ -Wl,--wrap=mpi_send_ -Wl,--wrap=mpi_send__ -Wl,--wrap=mpi_sendrecv_ -Wl,--wrap=mpi_sendrecv__ -Wl,--wrap=mpi_test_ -Wl,--wrap=mpi_test__ -Wl,--wrap=mpi_testall_ -Wl,--wrap=mpi_testall__ -Wl,--wrap=mpi_testany_ -Wl,--wrap=mpi_testany__ -Wl,--wrap=mpi_testsome_ -Wl,--wrap=mpi_testsome__ -Wl,--wrap=mpi_wait_ -Wl,--wrap=mpi_wait__ -Wl,--wrap=mpi_waitall_ -Wl,--wrap=mpi_waitall__ -Wl,--wrap=mpi_waitany_ -Wl,--wrap=mpi_waitany__
ESMF_TRACE_STATICLINKLIBS=-lesmftrace_static


--------------------------------------------------------------
Compiling on Sun Jun 5 02:30:27 MDT 2022 on r2i7n17
Machine characteristics: Linux r2i7n17 4.12.14-95.51-default #1 SMP Fri Apr 17 08:14:12 UTC 2020 (c6bab98) x86_64 x86_64 x86_64 GNU/Linux
==============================================================
 
make[1]: Entering directory '/glade/scratch/dunlap/esmf-testing/intel_18.0.5_openmpi_g_develop'
/bin/sh: line 0: [: -ge: unary operator expected
Making directory /glade/scratch/dunlap/esmf-testing/intel_18.0.5_openmpi_g_develop/lib/libg/Linux.intel.64.openmpi.default for library
Making directory /glade/scratch/dunlap/esmf-testing/intel_18.0.5_openmpi_g_develop/mod/modg/Linux.intel.64.openmpi.default for *.mod files
Making directory /glade/scratch/dunlap/esmf-testing/intel_18.0.5_openmpi_g_develop/src/include for include files
Making directory /glade/scratch/dunlap/esmf-testing/intel_18.0.5_openmpi_g_develop/obj/objg/Linux.intel.64.openmpi.default for *.o files
cd /glade/scratch/dunlap/esmf-testing/intel_18.0.5_openmpi_g_develop ;\
make ACTION=tree_include tree
make[2]: Entering directory '/glade/scratch/dunlap/esmf-testing/intel_18.0.5_openmpi_g_develop'
/bin/sh: line 0: [: -ge: unary operator expected
/bin/sh: line 0: [: -ge: unary operator expected
tree_include in: /glade/scratch/dunlap/esmf-testing/intel_18.0.5_openmpi_g_develop/src
make[3]: Entering directory '/glade/scratch/dunlap/esmf-testing/intel_18.0.5_openmpi_g_develop/src'
/bin/sh: line 0: [: -ge: unary operator expected
/bin/sh: line 0: [: -ge: unary operator expected
tree_include in: /glade/scratch/dunlap/esmf-testing/intel_18.0.5_openmpi_g_develop/src/prologue
make[4]: Entering directory '/glade/scratch/dunlap/esmf-testing/intel_18.0.5_openmpi_g_develop/src/prologue'
/bin/sh: line 0: [: -ge: unary operator expected
/bin/sh: line 0: [: -ge: unary operator expected
tree_include in: /glade/scratch/dunlap/esmf-testing/intel_18.0.5_openmpi_g_develop/src/prologue/tests
make[5]: Entering directory '/glade/scratch/dunlap/esmf-testing/intel_18.0.5_openmpi_g_develop/src/prologue/tests'
/bin/sh: line 0: [: -ge: unary operator expected
make[5]: Leaving directory '/glade/scratch/dunlap/esmf-testing/intel_18.0.5_openmpi_g_develop/src/prologue/tests'
tree_include in: /glade/scratch/dunlap/esmf-testing/intel_18.0.5_openmpi_g_develop/src/prologue/yaml-cpp
make[5]: Entering directory '/glade/scratch/dunlap/esmf-testing/intel_18.0.5_openmpi_g_develop/src/prologue/yaml-cpp'
/bin/sh: line 0: [: -ge: unary operator expected
/bin/sh: line 0: [: -ge: unary operator expected
tree_include in: /glade/scratch/dunlap/esmf-testing/intel_18.0.5_openmpi_g_develop/src/prologue/yaml-cpp/src
make[6]: Entering directory '/glade/scratch/dunlap/esmf-testing/intel_18.0.5_openmpi_g_develop/src/prologue/yaml-cpp/src'
/bin/sh: line 0: [: -ge: unary operator expected
/bin/sh: line 0: [: -ge: unary operator expected
make[6]: Leaving directory '/glade/scratch/dunlap/esmf-testing/intel_18.0.5_openmpi_g_develop/src/prologue/yaml-cpp/src'
make[5]: Leaving directory '/glade/scratch/dunlap/esmf-testing/intel_18.0.5_openmpi_g_develop/src/prologue/yaml-cpp'
make[4]: Leaving directory '/glade/scratch/dunlap/esmf-testing/intel_18.0.5_openmpi_g_develop/src/prologue'
tree_include in: /glade/scratch/dunlap/esmf-testing/intel_18.0.5_openmpi_g_develop/src/test_harness
make[4]: Entering directory '/glade/scratch/dunlap/esmf-testing/intel_18.0.5_openmpi_g_develop/src/test_harness'
/bin/sh: line 0: [: -ge: unary operator expected
/bin/sh: line 0: [: -ge: unary operator expected
tree_include in: /glade/scratch/dunlap/esmf-testing/intel_18.0.5_openmpi_g_develop/src/test_harness/src
make[5]: Entering directory '/glade/scratch/dunlap/esmf-testing/intel_18.0.5_openmpi_g_develop/src/test_harness/src'
/bin/sh: line 0: [: -ge: unary operator expected
/bin/sh: line 0: [: -ge: unary operator expected
make[5]: Leaving directory '/glade/scratch/dunlap/esmf-testing/intel_18.0.5_openmpi_g_develop/src/test_harness/src'
make[4]: Leaving directory '/glade/scratch/dunlap/esmf-testing/intel_18.0.5_openmpi_g_develop/src/test_harness'
tree_include in: /glade/scratch/dunlap/esmf-testing/intel_18.0.5_openmpi_g_develop/src/Infrastructure
make[4]: Entering directory '/glade/scratch/dunlap/esmf-testing/intel_18.0.5_openmpi_g_develop/src/Infrastructure'
/bin/sh: line 0: [: -ge: unary operator expected
tree_include in: /glade/scratch/dunlap/esmf-testing/intel_18.0.5_openmpi_g_develop/src/Infrastructure/stubs
make[5]: Entering directory '/glade/scratch/dunlap/esmf-testing/intel_18.0.5_openmpi_g_develop/src/Infrastructure/stubs'
/bin/sh: line 0: [: -ge: unary operator expected
/bin/sh: line 0: [: -ge: unary operator expected
tree_include in: /glade/scratch/dunlap/esmf-testing/intel_18.0.5_openmpi_g_develop/src/Infrastructure/stubs/mpiuni
make[6]: Entering directory '/glade/scratch/dunlap/esmf-testing/intel_18.0.5_openmpi_g_develop/src/Infrastructure/stubs/mpiuni'
/bin/sh: line 0: [: -ge: unary operator expected
/bin/sh: line 0: [: -ge: unary operator expected
make[6]: Leaving directory '/glade/scratch/dunlap/esmf-testing/intel_18.0.5_openmpi_g_develop/src/Infrastructure/stubs/mpiuni'
make[5]: Leaving directory '/glade/scratch/dunlap/esmf-testing/intel_18.0.5_openmpi_g_develop/src/Infrastructure/stubs'
tree_include in: /glade/scratch/dunlap/esmf-testing/intel_18.0.5_openmpi_g_develop/src/Infrastructure/Util
make[5]: Entering directory '/glade/scratch/dunlap/esmf-testing/intel_18.0.5_openmpi_g_develop/src/Infrastructure/Util'
/bin/sh: line 0: [: -ge: unary operator expected
/bin/sh: line 0: [: -ge: unary operator expected
tree_include in: /glade/scratch/dunlap/esmf-testing/intel_18.0.5_openmpi_g_develop/src/Infrastructure/Util/src
make[6]: Entering directory '/glade/scratch/dunlap/esmf-testing/intel_18.0.5_openmpi_g_develop/src/Infrastructure/Util/src'
/bin/sh: line 0: [: -ge: unary operator expected
/bin/sh: line 0: [: -ge: unary operator expected
make[6]: Leaving directory '/glade/scratch/dunlap/esmf-testing/intel_18.0.5_openmpi_g_develop/src/Infrastructure/Util/src'
tree_include in: /glade/scratch/dunlap/esmf-testing/intel_18.0.5_openmpi_g_develop/src/Infrastructure/Util/interface
make[6]: Entering directory '/glade/scratch/dunlap/esmf-testing/intel_18.0.5_openmpi_g_develop/src/Infrastructure/Util/interface'
/bin/sh: line 0: [: -ge: unary operator expected
make[6]: Leaving directory '/glade/scratch/dunlap/esmf-testing/intel_18.0.5_openmpi_g_develop/src/Infrastructure/Util/interface'
tree_include in: /glade/scratch/dunlap/esmf-testing/intel_18.0.5_openmpi_g_develop/src/Infrastructure/Util/tests
make[6]: Entering directory '/glade/scratch/dunlap/esmf-testing/intel_18.0.5_openmpi_g_develop/src/Infrastructure/Util/tests'
/bin/sh: line 0: [: -ge: unary operator expected
make[6]: Leaving directory '/glade/scratch/dunlap/esmf-testing/intel_18.0.5_openmpi_g_develop/src/Infrastructure/Util/tests'
tree_include in: /glade/scratch/dunlap/esmf-testing/intel_18.0.5_openmpi_g_develop/src/Infrastructure/Util/examples
make[6]: Entering directory '/glade/scratch/dunlap/esmf-testing/intel_18.0.5_openmpi_g_develop/src/Infrastructure/Util/examples'
/bin/sh: line 0: [: -ge: unary operator expected
make[6]: Leaving directory '/glade/scratch/dunlap/esmf-testing/intel_18.0.5_openmpi_g_develop/src/Infrastructure/Util/examples'
tree_include in: /glade/scratch/dunlap/esmf-testing/intel_18.0.5_openmpi_g_develop/src/Infrastructure/Util/doc
make[6]: Entering directory '/glade/scratch/dunlap/esmf-testing/intel_18.0.5_openmpi_g_develop/src/Infrastructure/Util/doc'
/bin/sh: line 0: [: -ge: unary operator expected
/bin/sh: line 0: [: -ge: unary operator expected
make[6]: Leaving directory '/glade/scratch/dunlap/esmf-testing/intel_18.0.5_openmpi_g_develop/src/Infrastructure/Util/doc'
make[5]: Leaving directory '/glade/scratch/dunlap/esmf-testing/intel_18.0.5_openmpi_g_develop/src/Infrastructure/Util'
tree_include in: /glade/scratch/dunlap/esmf-testing/intel_18.0.5_openmpi_g_develop/src/Infrastructure/LogErr
make[5]: Entering directory '/glade/scratch/dunlap/esmf-testing/intel_18.0.5_openmpi_g_develop/src/Infrastructure/LogErr'
/bin/sh: line 0: [: -ge: unary operator expected
tree_include in: /glade/scratch/dunlap/esmf-testing/intel_18.0.5_openmpi_g_develop/src/Infrastructure/LogErr/src
make[6]: Entering directory '/glade/scratch/dunlap/esmf-testing/intel_18.0.5_openmpi_g_develop/src/Infrastructure/LogErr/src'
/bin/sh: line 0: [: -ge: unary operator expected
/bin/sh: line 0: [: -ge: unary operator expected
make[6]: Leaving directory '/glade/scratch/dunlap/esmf-testing/intel_18.0.5_openmpi_g_develop/src/Infrastructure/LogErr/src'
tree_include in: /glade/scratch/dunlap/esmf-testing/intel_18.0.5_openmpi_g_develop/src/Infrastructure/LogErr/interface
make[6]: Entering directory '/glade/scratch/dunlap/esmf-testing/intel_18.0.5_openmpi_g_develop/src/Infrastructure/LogErr/interface'
/bin/sh: line 0: [: -ge: unary operator expected
make[6]: Leaving directory '/glade/scratch/dunlap/esmf-testing/intel_18.0.5_openmpi_g_develop/src/Infrastructure/LogErr/interface'
tree_include in: /glade/scratch/dunlap/esmf-testing/intel_18.0.5_openmpi_g_develop/src/Infrastructure/LogErr/examples
make[6]: Entering directory '/glade/scratch/dunlap/esmf-testing/intel_18.0.5_openmpi_g_develop/src/Infrastructure/LogErr/examples'
/bin/sh: line 0: [: -ge: unary operator expected
/bin/sh: line 0: [: -ge: unary operator expected
make[6]: Leaving directory '/glade/scratch/dunlap/esmf-testing/intel_18.0.5_openmpi_g_develop/src/Infrastructure/LogErr/examples'
tree_include in: /glade/scratch/dunlap/esmf-testing/intel_18.0.5_openmpi_g_develop/src/Infrastructure/LogErr/doc
make[6]: Entering directory '/glade/scratch/dunlap/esmf-testing/intel_18.0.5_openmpi_g_develop/src/Infrastructure/LogErr/doc'
/bin/sh: line 0: [: -ge: unary operator expected
/bin/sh: line 0: [: -ge: unary operator expected
make[6]: Leaving directory '/glade/scratch/dunlap/esmf-testing/intel_18.0.5_openmpi_g_develop/src/Infrastructure/LogErr/doc'
tree_include in: /glade/scratch/dunlap/esmf-testing/intel_18.0.5_openmpi_g_develop/src/Infrastructure/LogErr/tests
make[6]: Entering directory '/glade/scratch/dunlap/esmf-testing/intel_18.0.5_openmpi_g_develop/src/Infrastructure/LogErr/tests'
/bin/sh: line 0: [: -ge: unary operator expected
/bin/sh: line 0: [: -ge: unary operator expected
make[6]: Leaving directory '/glade/scratch/dunlap/esmf-testing/intel_18.0.5_openmpi_g_develop/src/Infrastructure/LogErr/tests'
make[5]: Leaving directory '/glade/scratch/dunlap/esmf-testing/intel_18.0.5_openmpi_g_develop/src/Infrastructure/LogErr'
tree_include in: /glade/scratch/dunlap/esmf-testing/intel_18.0.5_openmpi_g_develop/src/Infrastructure/VM
make[5]: Entering directory '/glade/scratch/dunlap/esmf-testing/intel_18.0.5_openmpi_g_develop/src/Infrastructure/VM'
/bin/sh: line 0: [: -ge: unary operator expected
/bin/sh: line 0: [: -ge: unary operator expected
tree_include in: /glade/scratch/dunlap/esmf-testing/intel_18.0.5_openmpi_g_develop/src/Infrastructure/VM/src
make[6]: Entering directory '/glade/scratch/dunlap/esmf-testing/intel_18.0.5_openmpi_g_develop/src/Infrastructure/VM/src'
/bin/sh: line 0: [: -ge: unary operator expected
/bin/sh: line 0: [: -ge: unary operator expected
tree_include in: /glade/scratch/dunlap/esmf-testing/intel_18.0.5_openmpi_g_develop/src/Infrastructure/VM/src/acc
make[7]: Entering directory '/glade/scratch/dunlap/esmf-testing/intel_18.0.5_openmpi_g_develop/src/Infrastructure/VM/src/acc'
/bin/sh: line 0: [: -ge: unary operator expected
/bin/sh: line 0: [: -ge: unary operator expected
make[7]: Leaving directory '/glade/scratch/dunlap/esmf-testing/intel_18.0.5_openmpi_g_develop/src/Infrastructure/VM/src/acc'
make[6]: Leaving directory '/glade/scratch/dunlap/esmf-testing/intel_18.0.5_openmpi_g_develop/src/Infrastructure/VM/src'
tree_include in: /glade/scratch/dunlap/esmf-testing/intel_18.0.5_openmpi_g_develop/src/Infrastructure/VM/interface
make[6]: Entering directory '/glade/scratch/dunlap/esmf-testing/intel_18.0.5_openmpi_g_develop/src/Infrastructure/VM/interface'
/bin/sh: line 0: [: -ge: unary operator expected
make[6]: Leaving directory '/glade/scratch/dunlap/esmf-testing/intel_18.0.5_openmpi_g_develop/src/Infrastructure/VM/interface'
tree_include in: /glade/scratch/dunlap/esmf-testing/intel_18.0.5_openmpi_g_develop/src/Infrastructure/VM/doc
make[6]: Entering directory '/glade/scratch/dunlap/esmf-testing/intel_18.0.5_openmpi_g_develop/src/Infrastructure/VM/doc'
/bin/sh: line 0: [: -ge: unary operator expected
/bin/sh: line 0: [: -ge: unary operator expected
make[6]: Leaving directory '/glade/scratch/dunlap/esmf-testing/intel_18.0.5_openmpi_g_develop/src/Infrastructure/VM/doc'
tree_include in: /glade/scratch/dunlap/esmf-testing/intel_18.0.5_openmpi_g_develop/src/Infrastructure/VM/examples
make[6]: Entering directory '/glade/scratch/dunlap/esmf-testing/intel_18.0.5_openmpi_g_develop/src/Infrastructure/VM/examples'
/bin/sh: line 0: [: -ge: unary operator expected
make[6]: Leaving directory '/glade/scratch/dunlap/esmf-testing/intel_18.0.5_openmpi_g_develop/src/Infrastructure/VM/examples'
tree_include in: /glade/scratch/dunlap/esmf-testing/intel_18.0.5_openmpi_g_develop/src/Infrastructure/VM/tests
make[6]: Entering directory '/glade/scratch/dunlap/esmf-testing/intel_18.0.5_openmpi_g_develop/src/Infrastructure/VM/tests'
/bin/sh: line 0: [: -ge: unary operator expected
/bin/sh: line 0: [: -ge: unary operator expected
make[6]: Leaving directory '/glade/scratch/dunlap/esmf-testing/intel_18.0.5_openmpi_g_develop/src/Infrastructure/VM/tests'
make[5]: Leaving directory '/glade/scratch/dunlap/esmf-testing/intel_18.0.5_openmpi_g_develop/src/Infrastructure/VM'
tree_include in: /glade/scratch/dunlap/esmf-testing/intel_18.0.5_openmpi_g_develop/src/Infrastructure/Trace
make[5]: Entering directory '/glade/scratch/dunlap/esmf-testing/intel_18.0.5_openmpi_g_develop/src/Infrastructure/Trace'
/bin/sh: line 0: [: -ge: unary operator expected
/bin/sh: line 0: [: -ge: unary operator expected
tree_include in: /glade/scratch/dunlap/esmf-testing/intel_18.0.5_openmpi_g_develop/src/Infrastructure/Trace/src
make[6]: Entering directory '/glade/scratch/dunlap/esmf-testing/intel_18.0.5_openmpi_g_develop/src/Infrastructure/Trace/src'
/bin/sh: line 0: [: -ge: unary operator expected
make[6]: Leaving directory '/glade/scratch/dunlap/esmf-testing/intel_18.0.5_openmpi_g_develop/src/Infrastructure/Trace/src'
tree_include in: /glade/scratch/dunlap/esmf-testing/intel_18.0.5_openmpi_g_develop/src/Infrastructure/Trace/interface
make[6]: Entering directory '/glade/scratch/dunlap/esmf-testing/intel_18.0.5_openmpi_g_develop/src/Infrastructure/Trace/interface'
/bin/sh: line 0: [: -ge: unary operator expected
/bin/sh: line 0: [: -ge: unary operator expected
make[6]: Leaving directory '/glade/scratch/dunlap/esmf-testing/intel_18.0.5_openmpi_g_develop/src/Infrastructure/Trace/interface'
tree_include in: /glade/scratch/dunlap/esmf-testing/intel_18.0.5_openmpi_g_develop/src/Infrastructure/Trace/tests
make[6]: Entering directory '/glade/scratch/dunlap/esmf-testing/intel_18.0.5_openmpi_g_develop/src/Infrastructure/Trace/tests'
/bin/sh: line 0: [: -ge: unary operator expected
/bin/sh: line 0: [: -ge: unary operator expected
make[6]: Leaving directory '/glade/scratch/dunlap/esmf-testing/intel_18.0.5_openmpi_g_develop/src/Infrastructure/Trace/tests'
tree_include in: /glade/scratch/dunlap/esmf-testing/intel_18.0.5_openmpi_g_develop/src/Infrastructure/Trace/doc
make[6]: Entering directory '/glade/scratch/dunlap/esmf-testing/intel_18.0.5_openmpi_g_develop/src/Infrastructure/Trace/doc'
/bin/sh: line 0: [: -ge: unary operator expected
make[6]: Leaving directory '/glade/scratch/dunlap/esmf-testing/intel_18.0.5_openmpi_g_develop/src/Infrastructure/Trace/doc'
tree_include in: /glade/scratch/dunlap/esmf-testing/intel_18.0.5_openmpi_g_develop/src/Infrastructure/Trace/examples
make[6]: Entering directory '/glade/scratch/dunlap/esmf-testing/intel_18.0.5_openmpi_g_develop/src/Infrastructure/Trace/examples'
/bin/sh: line 0: [: -ge: unary operator expected
make[6]: Leaving directory '/glade/scratch/dunlap/esmf-testing/intel_18.0.5_openmpi_g_develop/src/Infrastructure/Trace/examples'
make[5]: Leaving directory '/glade/scratch/dunlap/esmf-testing/intel_18.0.5_openmpi_g_develop/src/Infrastructure/Trace'
tree_include in: /glade/scratch/dunlap/esmf-testing/intel_18.0.5_openmpi_g_develop/src/Infrastructure/Base
make[5]: Entering directory '/glade/scratch/dunlap/esmf-testing/intel_18.0.5_openmpi_g_develop/src/Infrastructure/Base'
/bin/sh: line 0: [: -ge: unary operator expected
tree_include in: /glade/scratch/dunlap/esmf-testing/intel_18.0.5_openmpi_g_develop/src/Infrastructure/Base/src
make[6]: Entering directory '/glade/scratch/dunlap/esmf-testing/intel_18.0.5_openmpi_g_develop/src/Infrastructure/Base/src'
/bin/sh: line 0: [: -ge: unary operator expected
/bin/sh: line 0: [: -ge: unary operator expected
make[6]: Leaving directory '/glade/scratch/dunlap/esmf-testing/intel_18.0.5_openmpi_g_develop/src/Infrastructure/Base/src'
tree_include in: /glade/scratch/dunlap/esmf-testing/intel_18.0.5_openmpi_g_develop/src/Infrastructure/Base/interface
make[6]: Entering directory '/glade/scratch/dunlap/esmf-testing/intel_18.0.5_openmpi_g_develop/src/Infrastructure/Base/interface'
/bin/sh: line 0: [: -ge: unary operator expected
/bin/sh: line 0: [: -ge: unary operator expected
make[6]: Leaving directory '/glade/scratch/dunlap/esmf-testing/intel_18.0.5_openmpi_g_develop/src/Infrastructure/Base/interface'
tree_include in: /glade/scratch/dunlap/esmf-testing/intel_18.0.5_openmpi_g_develop/src/Infrastructure/Base/tests
make[6]: Entering directory '/glade/scratch/dunlap/esmf-testing/intel_18.0.5_openmpi_g_develop/src/Infrastructure/Base/tests'
/bin/sh: line 0: [: -ge: unary operator expected
/bin/sh: line 0: [: -ge: unary operator expected
make[6]: Leaving directory '/glade/scratch/dunlap/esmf-testing/intel_18.0.5_openmpi_g_develop/src/Infrastructure/Base/tests'
tree_include in: /glade/scratch/dunlap/esmf-testing/intel_18.0.5_openmpi_g_develop/src/Infrastructure/Base/examples
make[6]: Entering directory '/glade/scratch/dunlap/esmf-testing/intel_18.0.5_openmpi_g_develop/src/Infrastructure/Base/examples'
/bin/sh: line 0: [: -ge: unary operator expected
make[6]: Leaving directory '/glade/scratch/dunlap/esmf-testing/intel_18.0.5_openmpi_g_develop/src/Infrastructure/Base/examples'
tree_include in: /glade/scratch/dunlap/esmf-testing/intel_18.0.5_openmpi_g_develop/src/Infrastructure/Base/doc
make[6]: Entering directory '/glade/scratch/dunlap/esmf-testing/intel_18.0.5_openmpi_g_develop/src/Infrastructure/Base/doc'
/bin/sh: line 0: [: -ge: unary operator expected
/bin/sh: line 0: [: -ge: unary operator expected
make[6]: Leaving directory '/glade/scratch/dunlap/esmf-testing/intel_18.0.5_openmpi_g_develop/src/Infrastructure/Base/doc'
make[5]: Leaving directory '/glade/scratch/dunlap/esmf-testing/intel_18.0.5_openmpi_g_develop/src/Infrastructure/Base'
tree_include in: /glade/scratch/dunlap/esmf-testing/intel_18.0.5_openmpi_g_develop/src/Infrastructure/TimeMgr
make[5]: Entering directory '/glade/scratch/dunlap/esmf-testing/intel_18.0.5_openmpi_g_develop/src/Infrastructure/TimeMgr'
/bin/sh: line 0: [: -ge: unary operator expected
tree_include in: /glade/scratch/dunlap/esmf-testing/intel_18.0.5_openmpi_g_develop/src/Infrastructure/TimeMgr/src
make[6]: Entering directory '/glade/scratch/dunlap/esmf-testing/intel_18.0.5_openmpi_g_develop/src/Infrastructure/TimeMgr/src'
/bin/sh: line 0: [: -ge: unary operator expected
make[6]: Leaving directory '/glade/scratch/dunlap/esmf-testing/intel_18.0.5_openmpi_g_develop/src/Infrastructure/TimeMgr/src'
tree_include in: /glade/scratch/dunlap/esmf-testing/intel_18.0.5_openmpi_g_develop/src/Infrastructure/TimeMgr/interface
make[6]: Entering directory '/glade/scratch/dunlap/esmf-testing/intel_18.0.5_openmpi_g_develop/src/Infrastructure/TimeMgr/interface'
/bin/sh: line 0: [: -ge: unary operator expected
/bin/sh: line 0: [: -ge: unary operator expected
make[6]: Leaving directory '/glade/scratch/dunlap/esmf-testing/intel_18.0.5_openmpi_g_develop/src/Infrastructure/TimeMgr/interface'
tree_include in: /glade/scratch/dunlap/esmf-testing/intel_18.0.5_openmpi_g_develop/src/Infrastructure/TimeMgr/examples
make[6]: Entering directory '/glade/scratch/dunlap/esmf-testing/intel_18.0.5_openmpi_g_develop/src/Infrastructure/TimeMgr/examples'
