build time -- 2022-05-21 06:12:55
20220521 064210.134 INFO             PET0 !!!!!!!!!!!!!!!!!!!!!!!!!!!!!!!!!!!!!!!!!!!!!!!!!!!!!!
20220521 064210.134 INFO             PET0 !!! THE ESMF_LOG IS SET TO OUTPUT ALL LOG MESSAGES !!!
20220521 064210.134 INFO             PET0 !!!     THIS MAY CAUSE SLOWDOWN IN PERFORMANCE     !!!
20220521 064210.134 INFO             PET0 !!! FOR PRODUCTION RUNS, USE:                      !!!
20220521 064210.134 INFO             PET0 !!!                   ESMF_LOGKIND_Multi_On_Error  !!!
20220521 064210.134 INFO             PET0 !!!!!!!!!!!!!!!!!!!!!!!!!!!!!!!!!!!!!!!!!!!!!!!!!!!!!!
20220521 064210.134 INFO             PET0 Running with ESMF Version   : v8.3.0b16-3-gc2b47388e1
20220521 064210.134 INFO             PET0 ESMF library build date/time: "May 21 2022" "06:11:04"
20220521 064210.134 INFO             PET0 ESMF library build location : /scratch1/NCEPDEV/stmp2/role.esmfmaint/intel_18.0.5b_intelmpi_g_release_8.3.0
20220521 064210.134 INFO             PET0 ESMF_COMM                   : intelmpi
20220521 064210.136 INFO             PET0 ESMF_MOAB                   : enabled
20220521 064210.136 INFO             PET0 ESMF_LAPACK                 : enabled
20220521 064210.136 INFO             PET0 ESMF_NETCDF                 : enabled
20220521 064210.136 INFO             PET0 ESMF_PNETCDF                : disabled
20220521 064210.136 INFO             PET0 ESMF_PIO                    : enabled
20220521 064210.136 INFO             PET0 ESMF_YAMLCPP                : enabled
20220521 064210.136 INFO             PET0  NUMBER_OF_PROCESSORS           1
20220521 064210.137 INFO             PET0  PASS  Example ESMF_TimeEx, ESMF_TimeEx.F90, line 141
20220521 064210.137 INFO             PET0 Finalizing ESMF
