build time -- 2022-05-25 06:19:12
20220525 065311.963 INFO             PET0 !!!!!!!!!!!!!!!!!!!!!!!!!!!!!!!!!!!!!!!!!!!!!!!!!!!!!!
20220525 065311.963 INFO             PET0 !!! THE ESMF_LOG IS SET TO OUTPUT ALL LOG MESSAGES !!!
20220525 065311.963 INFO             PET0 !!!     THIS MAY CAUSE SLOWDOWN IN PERFORMANCE     !!!
20220525 065311.963 INFO             PET0 !!! FOR PRODUCTION RUNS, USE:                      !!!
20220525 065311.963 INFO             PET0 !!!                   ESMF_LOGKIND_Multi_On_Error  !!!
20220525 065311.963 INFO             PET0 !!!!!!!!!!!!!!!!!!!!!!!!!!!!!!!!!!!!!!!!!!!!!!!!!!!!!!
20220525 065311.963 INFO             PET0 Running with ESMF Version   : v8.3.0b16-3-gc2b47388e1
20220525 065311.963 INFO             PET0 ESMF library build date/time: "May 25 2022" "06:17:16"
20220525 065311.963 INFO             PET0 ESMF library build location : /scratch1/NCEPDEV/stmp2/role.esmfmaint/intel_18.0.5b_intelmpi_g_release_8.3.0
20220525 065311.963 INFO             PET0 ESMF_COMM                   : intelmpi
20220525 065311.964 INFO             PET0 ESMF_MOAB                   : enabled
20220525 065311.964 INFO             PET0 ESMF_LAPACK                 : enabled
20220525 065311.964 INFO             PET0 ESMF_NETCDF                 : enabled
20220525 065311.964 INFO             PET0 ESMF_PNETCDF                : disabled
20220525 065311.964 INFO             PET0 ESMF_PIO                    : enabled
20220525 065311.964 INFO             PET0 ESMF_YAMLCPP                : enabled
20220525 065312.092 DEBUG            PET0 about to destroy Grid: 0x19d2e00
20220525 065312.108 DEBUG            PET0 about to destroy Grid: 0x19d4820
20220525 065312.153 INFO             PET0  NUMBER_OF_PROCESSORS           4
20220525 065312.153 INFO             PET0  PASS  Example ESMF_NUOPCAtmModelEx, ESMF_NUOPCAtmModelEx.F90, line 806
20220525 065312.153 INFO             PET0 Finalizing ESMF
20220525 065311.962 INFO             PET1 !!!!!!!!!!!!!!!!!!!!!!!!!!!!!!!!!!!!!!!!!!!!!!!!!!!!!!
20220525 065311.962 INFO             PET1 !!! THE ESMF_LOG IS SET TO OUTPUT ALL LOG MESSAGES !!!
20220525 065311.962 INFO             PET1 !!!     THIS MAY CAUSE SLOWDOWN IN PERFORMANCE     !!!
20220525 065311.962 INFO             PET1 !!! FOR PRODUCTION RUNS, USE:                      !!!
20220525 065311.962 INFO             PET1 !!!                   ESMF_LOGKIND_Multi_On_Error  !!!
20220525 065311.962 INFO             PET1 !!!!!!!!!!!!!!!!!!!!!!!!!!!!!!!!!!!!!!!!!!!!!!!!!!!!!!
20220525 065311.962 INFO             PET1 Running with ESMF Version   : v8.3.0b16-3-gc2b47388e1
20220525 065311.962 INFO             PET1 ESMF library build date/time: "May 25 2022" "06:17:16"
20220525 065311.962 INFO             PET1 ESMF library build location : /scratch1/NCEPDEV/stmp2/role.esmfmaint/intel_18.0.5b_intelmpi_g_release_8.3.0
20220525 065311.962 INFO             PET1 ESMF_COMM                   : intelmpi
20220525 065311.963 INFO             PET1 ESMF_MOAB                   : enabled
20220525 065311.963 INFO             PET1 ESMF_LAPACK                 : enabled
20220525 065311.963 INFO             PET1 ESMF_NETCDF                 : enabled
20220525 065311.963 INFO             PET1 ESMF_PNETCDF                : disabled
20220525 065311.963 INFO             PET1 ESMF_PIO                    : enabled
20220525 065311.963 INFO             PET1 ESMF_YAMLCPP                : enabled
20220525 065312.092 DEBUG            PET1 about to destroy Grid: 0xb5f9d0
20220525 065312.108 DEBUG            PET1 about to destroy Grid: 0xb602c0
20220525 065312.153 INFO             PET1  NUMBER_OF_PROCESSORS           4
20220525 065312.153 INFO             PET1  PASS  Example ESMF_NUOPCAtmModelEx, ESMF_NUOPCAtmModelEx.F90, line 806
20220525 065312.153 INFO             PET1 Finalizing ESMF
20220525 065311.963 INFO             PET2 !!!!!!!!!!!!!!!!!!!!!!!!!!!!!!!!!!!!!!!!!!!!!!!!!!!!!!
20220525 065311.963 INFO             PET2 !!! THE ESMF_LOG IS SET TO OUTPUT ALL LOG MESSAGES !!!
20220525 065311.963 INFO             PET2 !!!     THIS MAY CAUSE SLOWDOWN IN PERFORMANCE     !!!
20220525 065311.963 INFO             PET2 !!! FOR PRODUCTION RUNS, USE:                      !!!
20220525 065311.963 INFO             PET2 !!!                   ESMF_LOGKIND_Multi_On_Error  !!!
20220525 065311.963 INFO             PET2 !!!!!!!!!!!!!!!!!!!!!!!!!!!!!!!!!!!!!!!!!!!!!!!!!!!!!!
20220525 065311.963 INFO             PET2 Running with ESMF Version   : v8.3.0b16-3-gc2b47388e1
20220525 065311.963 INFO             PET2 ESMF library build date/time: "May 25 2022" "06:17:16"
20220525 065311.963 INFO             PET2 ESMF library build location : /scratch1/NCEPDEV/stmp2/role.esmfmaint/intel_18.0.5b_intelmpi_g_release_8.3.0
20220525 065311.963 INFO             PET2 ESMF_COMM                   : intelmpi
20220525 065311.964 INFO             PET2 ESMF_MOAB                   : enabled
20220525 065311.964 INFO             PET2 ESMF_LAPACK                 : enabled
20220525 065311.964 INFO             PET2 ESMF_NETCDF                 : enabled
20220525 065311.964 INFO             PET2 ESMF_PNETCDF                : disabled
20220525 065311.964 INFO             PET2 ESMF_PIO                    : enabled
20220525 065311.964 INFO             PET2 ESMF_YAMLCPP                : enabled
20220525 065312.092 DEBUG            PET2 about to destroy Grid: 0x23d99c0
20220525 065312.108 DEBUG            PET2 about to destroy Grid: 0x23da2b0
20220525 065312.153 INFO             PET2  NUMBER_OF_PROCESSORS           4
20220525 065312.153 INFO             PET2  PASS  Example ESMF_NUOPCAtmModelEx, ESMF_NUOPCAtmModelEx.F90, line 806
20220525 065312.153 INFO             PET2 Finalizing ESMF
20220525 065311.963 INFO             PET3 !!!!!!!!!!!!!!!!!!!!!!!!!!!!!!!!!!!!!!!!!!!!!!!!!!!!!!
20220525 065311.963 INFO             PET3 !!! THE ESMF_LOG IS SET TO OUTPUT ALL LOG MESSAGES !!!
20220525 065311.963 INFO             PET3 !!!     THIS MAY CAUSE SLOWDOWN IN PERFORMANCE     !!!
20220525 065311.963 INFO             PET3 !!! FOR PRODUCTION RUNS, USE:                      !!!
20220525 065311.963 INFO             PET3 !!!                   ESMF_LOGKIND_Multi_On_Error  !!!
20220525 065311.963 INFO             PET3 !!!!!!!!!!!!!!!!!!!!!!!!!!!!!!!!!!!!!!!!!!!!!!!!!!!!!!
20220525 065311.963 INFO             PET3 Running with ESMF Version   : v8.3.0b16-3-gc2b47388e1
20220525 065311.963 INFO             PET3 ESMF library build date/time: "May 25 2022" "06:17:16"
20220525 065311.963 INFO             PET3 ESMF library build location : /scratch1/NCEPDEV/stmp2/role.esmfmaint/intel_18.0.5b_intelmpi_g_release_8.3.0
20220525 065311.963 INFO             PET3 ESMF_COMM                   : intelmpi
20220525 065311.963 INFO             PET3 ESMF_MOAB                   : enabled
20220525 065311.963 INFO             PET3 ESMF_LAPACK                 : enabled
20220525 065311.963 INFO             PET3 ESMF_NETCDF                 : enabled
20220525 065311.963 INFO             PET3 ESMF_PNETCDF                : disabled
20220525 065311.963 INFO             PET3 ESMF_PIO                    : enabled
20220525 065311.963 INFO             PET3 ESMF_YAMLCPP                : enabled
20220525 065312.092 DEBUG            PET3 about to destroy Grid: 0x26799f0
20220525 065312.108 DEBUG            PET3 about to destroy Grid: 0x267a2e0
20220525 065312.152 INFO             PET3  NUMBER_OF_PROCESSORS           4
20220525 065312.152 INFO             PET3  PASS  Example ESMF_NUOPCAtmModelEx, ESMF_NUOPCAtmModelEx.F90, line 806
20220525 065312.152 INFO             PET3 Finalizing ESMF
