build time -- 2022-05-23 05:54:19
20220523 061039.130 INFO             PET0 !!!!!!!!!!!!!!!!!!!!!!!!!!!!!!!!!!!!!!!!!!!!!!!!!!!!!!
20220523 061039.130 INFO             PET0 !!! THE ESMF_LOG IS SET TO OUTPUT ALL LOG MESSAGES !!!
20220523 061039.130 INFO             PET0 !!!     THIS MAY CAUSE SLOWDOWN IN PERFORMANCE     !!!
20220523 061039.130 INFO             PET0 !!! FOR PRODUCTION RUNS, USE:                      !!!
20220523 061039.130 INFO             PET0 !!!                   ESMF_LOGKIND_Multi_On_Error  !!!
20220523 061039.130 INFO             PET0 !!!!!!!!!!!!!!!!!!!!!!!!!!!!!!!!!!!!!!!!!!!!!!!!!!!!!!
20220523 061039.130 INFO             PET0 Running with ESMF Version   : v8.3.0b16
20220523 061039.130 INFO             PET0 ESMF library build date/time: "May 23 2022" "05:53:11"
20220523 061039.130 INFO             PET0 ESMF library build location : /scratch1/NCEPDEV/stmp2/role.esmfmaint/gfortran_9.2.0a_mpiuni_O_develop
20220523 061039.130 INFO             PET0 ESMF_COMM                   : mpiuni
20220523 061039.130 INFO             PET0 ESMF_MOAB                   : enabled
20220523 061039.130 INFO             PET0 ESMF_LAPACK                 : enabled
20220523 061039.130 INFO             PET0 ESMF_NETCDF                 : enabled
20220523 061039.130 INFO             PET0 ESMF_PNETCDF                : disabled
20220523 061039.130 INFO             PET0 ESMF_PIO                    : disabled
20220523 061039.130 INFO             PET0 ESMF_YAMLCPP                : enabled
20220523 061039.130 INFO             PET0  NUMBER_OF_PROCESSORS           1
20220523 061039.130 INFO             PET0  PASS  Example ESMF_VMSendVMRecvEx, ESMF_VMSendVMRecvEx.F90, line 120
20220523 061039.130 INFO             PET0 Finalizing ESMF
