build time -- 2022-05-19 05:54:07
20220519 064858.996 INFO             PET0 !!!!!!!!!!!!!!!!!!!!!!!!!!!!!!!!!!!!!!!!!!!!!!!!!!!!!!
20220519 064858.996 INFO             PET0 !!! THE ESMF_LOG IS SET TO OUTPUT ALL LOG MESSAGES !!!
20220519 064858.996 INFO             PET0 !!!     THIS MAY CAUSE SLOWDOWN IN PERFORMANCE     !!!
20220519 064858.996 INFO             PET0 !!! FOR PRODUCTION RUNS, USE:                      !!!
20220519 064858.996 INFO             PET0 !!!                   ESMF_LOGKIND_Multi_On_Error  !!!
20220519 064858.996 INFO             PET0 !!!!!!!!!!!!!!!!!!!!!!!!!!!!!!!!!!!!!!!!!!!!!!!!!!!!!!
20220519 064858.996 INFO             PET0 Running with ESMF Version   : v8.3.0b15-6-g3df5f266a8
20220519 064858.996 INFO             PET0 ESMF library build date/time: "May 19 2022" "05:53:11"
20220519 064858.996 INFO             PET0 ESMF library build location : /scratch1/NCEPDEV/stmp2/role.esmfmaint/gfortran_9.2.0a_mpiuni_O_develop
20220519 064858.996 INFO             PET0 ESMF_COMM                   : mpiuni
20220519 064858.997 INFO             PET0 ESMF_MOAB                   : enabled
20220519 064858.997 INFO             PET0 ESMF_LAPACK                 : enabled
20220519 064858.997 INFO             PET0 ESMF_NETCDF                 : enabled
20220519 064858.997 INFO             PET0 ESMF_PNETCDF                : disabled
20220519 064858.997 INFO             PET0 ESMF_PIO                    : disabled
20220519 064858.997 INFO             PET0 ESMF_YAMLCPP                : enabled
20220519 064858.997 INFO             PET0  NUMBER_OF_PROCESSORS           1
20220519 064858.997 INFO             PET0  PASS  Example ESMF_StateReconcileEx, ESMF_StateReconcileEx.F90, line 294
20220519 064858.997 INFO             PET0 Finalizing ESMF
