build time -- 2022-06-03 03:12:12.666075
20220603 041949.994 INFO             PET0 !!!!!!!!!!!!!!!!!!!!!!!!!!!!!!!!!!!!!!!!!!!!!!!!!!!!!!
20220603 041949.994 INFO             PET0 !!! THE ESMF_LOG IS SET TO OUTPUT ALL LOG MESSAGES !!!
20220603 041949.994 INFO             PET0 !!!     THIS MAY CAUSE SLOWDOWN IN PERFORMANCE     !!!
20220603 041949.994 INFO             PET0 !!! FOR PRODUCTION RUNS, USE:                      !!!
20220603 041949.994 INFO             PET0 !!!                   ESMF_LOGKIND_Multi_On_Error  !!!
20220603 041949.994 INFO             PET0 !!!!!!!!!!!!!!!!!!!!!!!!!!!!!!!!!!!!!!!!!!!!!!!!!!!!!!
20220603 041949.994 INFO             PET0 Running with ESMF Version   : v8.4.0b00
20220603 041949.994 INFO             PET0 ESMF library build date/time: "Jun  3 2022" "03:02:47"
20220603 041949.994 INFO             PET0 ESMF library build location : /glade/scratch/dunlap/esmf-testing/intel_18.0.5_mpiuni_g_develop
20220603 041949.994 INFO             PET0 ESMF_COMM                   : mpiuni
20220603 041949.994 INFO             PET0 ESMF_MOAB                   : enabled
20220603 041949.994 INFO             PET0 ESMF_LAPACK                 : enabled
20220603 041949.994 INFO             PET0 ESMF_NETCDF                 : enabled
20220603 041949.994 INFO             PET0 ESMF_PNETCDF                : disabled
20220603 041949.994 INFO             PET0 ESMF_PIO                    : disabled
20220603 041949.994 INFO             PET0 ESMF_YAMLCPP                : enabled
20220603 041949.995 INFO             PET0  NUMBER_OF_PROCESSORS           1
20220603 041949.995 INFO             PET0  PASS  Example ESMF_VMAllFullReduceEx, ESMF_VMAllFullReduceEx.F90, line 113
20220603 041949.995 INFO             PET0 Finalizing ESMF
