build time -- 2022-06-02 03:01:51.713959
20220602 040816.221 INFO             PET0 !!!!!!!!!!!!!!!!!!!!!!!!!!!!!!!!!!!!!!!!!!!!!!!!!!!!!!
20220602 040816.221 INFO             PET0 !!! THE ESMF_LOG IS SET TO OUTPUT ALL LOG MESSAGES !!!
20220602 040816.221 INFO             PET0 !!!     THIS MAY CAUSE SLOWDOWN IN PERFORMANCE     !!!
20220602 040816.221 INFO             PET0 !!! FOR PRODUCTION RUNS, USE:                      !!!
20220602 040816.221 INFO             PET0 !!!                   ESMF_LOGKIND_Multi_On_Error  !!!
20220602 040816.221 INFO             PET0 !!!!!!!!!!!!!!!!!!!!!!!!!!!!!!!!!!!!!!!!!!!!!!!!!!!!!!
20220602 040816.221 INFO             PET0 Running with ESMF Version   : v8.4.0b00
20220602 040816.221 INFO             PET0 ESMF library build date/time: "Jun  2 2022" "02:52:58"
20220602 040816.221 INFO             PET0 ESMF library build location : /glade/scratch/dunlap/esmf-testing/intel_18.0.5_mpiuni_g_develop
20220602 040816.221 INFO             PET0 ESMF_COMM                   : mpiuni
20220602 040816.221 INFO             PET0 ESMF_MOAB                   : enabled
20220602 040816.221 INFO             PET0 ESMF_LAPACK                 : enabled
20220602 040816.221 INFO             PET0 ESMF_NETCDF                 : enabled
20220602 040816.221 INFO             PET0 ESMF_PNETCDF                : disabled
20220602 040816.221 INFO             PET0 ESMF_PIO                    : disabled
20220602 040816.221 INFO             PET0 ESMF_YAMLCPP                : enabled
20220602 040818.645 INFO             PET0  NUMBER_OF_PROCESSORS           1
20220602 040818.646 INFO             PET0  PASS  Example ESMF_GridUsageEx, ESMF_GridUsageEx.F90, line 3470
20220602 040818.646 INFO             PET0 Finalizing ESMF
