build time -- 2022-06-06 18:53:31
20220606 195118.355 INFO             PET0 !!!!!!!!!!!!!!!!!!!!!!!!!!!!!!!!!!!!!!!!!!!!!!!!!!!!!!
20220606 195118.356 INFO             PET0 !!! THE ESMF_LOG IS SET TO OUTPUT ALL LOG MESSAGES !!!
20220606 195118.356 INFO             PET0 !!!     THIS MAY CAUSE SLOWDOWN IN PERFORMANCE     !!!
20220606 195118.356 INFO             PET0 !!! FOR PRODUCTION RUNS, USE:                      !!!
20220606 195118.356 INFO             PET0 !!!                   ESMF_LOGKIND_Multi_On_Error  !!!
20220606 195118.356 INFO             PET0 !!!!!!!!!!!!!!!!!!!!!!!!!!!!!!!!!!!!!!!!!!!!!!!!!!!!!!
20220606 195118.356 INFO             PET0 Running with ESMF Version   : v8.3.0
20220606 195118.356 INFO             PET0 ESMF library build date/time: "Jun  6 2022" "18:49:47"
20220606 195118.356 INFO             PET0 ESMF library build location : /scratch1/NCEPDEV/stmp2/role.esmfmaint/pgi_19.1_mpiuni_g_v8.3.0
20220606 195118.356 INFO             PET0 ESMF_COMM                   : mpiuni
20220606 195118.357 INFO             PET0 ESMF_MOAB                   : enabled
20220606 195118.357 INFO             PET0 ESMF_LAPACK                 : enabled
20220606 195118.357 INFO             PET0 ESMF_NETCDF                 : disabled
20220606 195118.357 INFO             PET0 ESMF_PNETCDF                : disabled
20220606 195118.357 INFO             PET0 ESMF_PIO                    : disabled
20220606 195118.357 INFO             PET0 ESMF_YAMLCPP                : enabled
20220606 195118.358 INFO             PET0  NUMBER_OF_PROCESSORS            1
20220606 195118.358 INFO             PET0  PASS  Example ESMF_TimeIntervalEx, ESMF_TimeIntervalEx.F90, line 176
20220606 195118.358 INFO             PET0 Finalizing ESMF
