build time -- 2022-06-06 12:54:01.674541
20220606 150951.451 INFO             PET0 !!!!!!!!!!!!!!!!!!!!!!!!!!!!!!!!!!!!!!!!!!!!!!!!!!!!!!
20220606 150951.451 INFO             PET0 !!! THE ESMF_LOG IS SET TO OUTPUT ALL LOG MESSAGES !!!
20220606 150951.451 INFO             PET0 !!!     THIS MAY CAUSE SLOWDOWN IN PERFORMANCE     !!!
20220606 150951.451 INFO             PET0 !!! FOR PRODUCTION RUNS, USE:                      !!!
20220606 150951.451 INFO             PET0 !!!                   ESMF_LOGKIND_Multi_On_Error  !!!
20220606 150951.451 INFO             PET0 !!!!!!!!!!!!!!!!!!!!!!!!!!!!!!!!!!!!!!!!!!!!!!!!!!!!!!
20220606 150951.451 INFO             PET0 Running with ESMF Version   : v8.4.0b01-1-g3c875a5b01
20220606 150951.451 INFO             PET0 ESMF library build date/time: "Jun  6 2022" "12:41:35"
20220606 150951.451 INFO             PET0 ESMF library build location : /glade/scratch/dunlap/esmf-testing/intel_18.0.5_openmpi_O_develop
20220606 150951.451 INFO             PET0 ESMF_COMM                   : openmpi
20220606 150951.451 INFO             PET0 ESMF_MOAB                   : enabled
20220606 150951.451 INFO             PET0 ESMF_LAPACK                 : enabled
20220606 150951.451 INFO             PET0 ESMF_NETCDF                 : enabled
20220606 150951.451 INFO             PET0 ESMF_PNETCDF                : disabled
20220606 150951.451 INFO             PET0 ESMF_PIO                    : enabled
20220606 150951.451 INFO             PET0 ESMF_YAMLCPP                : enabled
20220606 150951.576 DEBUG            PET0 about to destroy Grid: 0x1328680
20220606 150951.580 DEBUG            PET0 about to destroy Grid: 0x1329570
20220606 150951.593 INFO             PET0  NUMBER_OF_PROCESSORS           4
20220606 150951.593 INFO             PET0  PASS  Example ESMF_NUOPCAtmModelEx, ESMF_NUOPCAtmModelEx.F90, line 806
20220606 150951.593 INFO             PET0 Finalizing ESMF
20220606 150951.519 INFO             PET1 !!!!!!!!!!!!!!!!!!!!!!!!!!!!!!!!!!!!!!!!!!!!!!!!!!!!!!
20220606 150951.519 INFO             PET1 !!! THE ESMF_LOG IS SET TO OUTPUT ALL LOG MESSAGES !!!
20220606 150951.519 INFO             PET1 !!!     THIS MAY CAUSE SLOWDOWN IN PERFORMANCE     !!!
20220606 150951.519 INFO             PET1 !!! FOR PRODUCTION RUNS, USE:                      !!!
20220606 150951.519 INFO             PET1 !!!                   ESMF_LOGKIND_Multi_On_Error  !!!
20220606 150951.519 INFO             PET1 !!!!!!!!!!!!!!!!!!!!!!!!!!!!!!!!!!!!!!!!!!!!!!!!!!!!!!
20220606 150951.519 INFO             PET1 Running with ESMF Version   : v8.4.0b01-1-g3c875a5b01
20220606 150951.519 INFO             PET1 ESMF library build date/time: "Jun  6 2022" "12:41:35"
20220606 150951.519 INFO             PET1 ESMF library build location : /glade/scratch/dunlap/esmf-testing/intel_18.0.5_openmpi_O_develop
20220606 150951.519 INFO             PET1 ESMF_COMM                   : openmpi
20220606 150951.520 INFO             PET1 ESMF_MOAB                   : enabled
20220606 150951.520 INFO             PET1 ESMF_LAPACK                 : enabled
20220606 150951.520 INFO             PET1 ESMF_NETCDF                 : enabled
20220606 150951.520 INFO             PET1 ESMF_PNETCDF                : disabled
20220606 150951.520 INFO             PET1 ESMF_PIO                    : enabled
20220606 150951.520 INFO             PET1 ESMF_YAMLCPP                : enabled
20220606 150951.576 DEBUG            PET1 about to destroy Grid: 0x184aab0
20220606 150951.580 DEBUG            PET1 about to destroy Grid: 0x185efc0
20220606 150951.593 INFO             PET1  NUMBER_OF_PROCESSORS           4
20220606 150951.593 INFO             PET1  PASS  Example ESMF_NUOPCAtmModelEx, ESMF_NUOPCAtmModelEx.F90, line 806
20220606 150951.593 INFO             PET1 Finalizing ESMF
20220606 150951.519 INFO             PET2 !!!!!!!!!!!!!!!!!!!!!!!!!!!!!!!!!!!!!!!!!!!!!!!!!!!!!!
20220606 150951.519 INFO             PET2 !!! THE ESMF_LOG IS SET TO OUTPUT ALL LOG MESSAGES !!!
20220606 150951.519 INFO             PET2 !!!     THIS MAY CAUSE SLOWDOWN IN PERFORMANCE     !!!
20220606 150951.519 INFO             PET2 !!! FOR PRODUCTION RUNS, USE:                      !!!
20220606 150951.519 INFO             PET2 !!!                   ESMF_LOGKIND_Multi_On_Error  !!!
20220606 150951.519 INFO             PET2 !!!!!!!!!!!!!!!!!!!!!!!!!!!!!!!!!!!!!!!!!!!!!!!!!!!!!!
20220606 150951.519 INFO             PET2 Running with ESMF Version   : v8.4.0b01-1-g3c875a5b01
20220606 150951.519 INFO             PET2 ESMF library build date/time: "Jun  6 2022" "12:41:35"
20220606 150951.519 INFO             PET2 ESMF library build location : /glade/scratch/dunlap/esmf-testing/intel_18.0.5_openmpi_O_develop
20220606 150951.519 INFO             PET2 ESMF_COMM                   : openmpi
20220606 150951.519 INFO             PET2 ESMF_MOAB                   : enabled
20220606 150951.519 INFO             PET2 ESMF_LAPACK                 : enabled
20220606 150951.519 INFO             PET2 ESMF_NETCDF                 : enabled
20220606 150951.519 INFO             PET2 ESMF_PNETCDF                : disabled
20220606 150951.519 INFO             PET2 ESMF_PIO                    : enabled
20220606 150951.519 INFO             PET2 ESMF_YAMLCPP                : enabled
20220606 150951.576 DEBUG            PET2 about to destroy Grid: 0x21937b0
20220606 150951.580 DEBUG            PET2 about to destroy Grid: 0x21a8d20
20220606 150951.593 INFO             PET2  NUMBER_OF_PROCESSORS           4
20220606 150951.593 INFO             PET2  PASS  Example ESMF_NUOPCAtmModelEx, ESMF_NUOPCAtmModelEx.F90, line 806
20220606 150951.593 INFO             PET2 Finalizing ESMF
20220606 150951.519 INFO             PET3 !!!!!!!!!!!!!!!!!!!!!!!!!!!!!!!!!!!!!!!!!!!!!!!!!!!!!!
20220606 150951.519 INFO             PET3 !!! THE ESMF_LOG IS SET TO OUTPUT ALL LOG MESSAGES !!!
20220606 150951.519 INFO             PET3 !!!     THIS MAY CAUSE SLOWDOWN IN PERFORMANCE     !!!
20220606 150951.519 INFO             PET3 !!! FOR PRODUCTION RUNS, USE:                      !!!
20220606 150951.519 INFO             PET3 !!!                   ESMF_LOGKIND_Multi_On_Error  !!!
20220606 150951.519 INFO             PET3 !!!!!!!!!!!!!!!!!!!!!!!!!!!!!!!!!!!!!!!!!!!!!!!!!!!!!!
20220606 150951.519 INFO             PET3 Running with ESMF Version   : v8.4.0b01-1-g3c875a5b01
20220606 150951.520 INFO             PET3 ESMF library build date/time: "Jun  6 2022" "12:41:35"
20220606 150951.520 INFO             PET3 ESMF library build location : /glade/scratch/dunlap/esmf-testing/intel_18.0.5_openmpi_O_develop
20220606 150951.520 INFO             PET3 ESMF_COMM                   : openmpi
20220606 150951.520 INFO             PET3 ESMF_MOAB                   : enabled
20220606 150951.520 INFO             PET3 ESMF_LAPACK                 : enabled
20220606 150951.520 INFO             PET3 ESMF_NETCDF                 : enabled
20220606 150951.520 INFO             PET3 ESMF_PNETCDF                : disabled
20220606 150951.520 INFO             PET3 ESMF_PIO                    : enabled
20220606 150951.520 INFO             PET3 ESMF_YAMLCPP                : enabled
20220606 150951.576 DEBUG            PET3 about to destroy Grid: 0x15cf610
20220606 150951.580 DEBUG            PET3 about to destroy Grid: 0x15e5440
20220606 150951.593 INFO             PET3  NUMBER_OF_PROCESSORS           4
20220606 150951.593 INFO             PET3  PASS  Example ESMF_NUOPCAtmModelEx, ESMF_NUOPCAtmModelEx.F90, line 806
20220606 150951.593 INFO             PET3 Finalizing ESMF
