build time -- 2022-05-26 06:11:22
20220526 204206.536 INFO             PET0 !!!!!!!!!!!!!!!!!!!!!!!!!!!!!!!!!!!!!!!!!!!!!!!!!!!!!!
20220526 204206.536 INFO             PET0 !!! THE ESMF_LOG IS SET TO OUTPUT ALL LOG MESSAGES !!!
20220526 204206.536 INFO             PET0 !!!     THIS MAY CAUSE SLOWDOWN IN PERFORMANCE     !!!
20220526 204206.536 INFO             PET0 !!! FOR PRODUCTION RUNS, USE:                      !!!
20220526 204206.536 INFO             PET0 !!!                   ESMF_LOGKIND_Multi_On_Error  !!!
20220526 204206.536 INFO             PET0 !!!!!!!!!!!!!!!!!!!!!!!!!!!!!!!!!!!!!!!!!!!!!!!!!!!!!!
20220526 204206.536 INFO             PET0 Running with ESMF Version   : v8.3.0b16
20220526 204206.536 INFO             PET0 ESMF library build date/time: "May 26 2022" "06:09:46"
20220526 204206.536 INFO             PET0 ESMF library build location : /global/cscratch1/sd/rsdunlap/esmf-testing/intel_19.1.2_mpi_O_develop
20220526 204206.536 INFO             PET0 ESMF_COMM                   : mpi
20220526 204206.538 INFO             PET0 ESMF_MOAB                   : enabled
20220526 204206.538 INFO             PET0 ESMF_LAPACK                 : enabled
20220526 204206.538 INFO             PET0 ESMF_NETCDF                 : enabled
20220526 204206.538 INFO             PET0 ESMF_PNETCDF                : disabled
20220526 204206.538 INFO             PET0 ESMF_PIO                    : enabled
20220526 204206.538 INFO             PET0 ESMF_YAMLCPP                : enabled
20220526 204206.543 INFO             PET0 ESMF_FieldRedistStoreNF(): Just entered routine.
20220526 204206.584 INFO             PET0 ESMF_FieldRedistStoreNF(): Leaving routine.
20220526 204206.588 INFO             PET0  NUMBER_OF_PROCESSORS           4
20220526 204206.588 INFO             PET0  PASS  Example ESMF_RHandleFromRHandleEx, ESMF_RHandleFromRHandleEx.F90, line 660
20220526 204206.588 INFO             PET0 Finalizing ESMF
20220526 204206.536 INFO             PET1 !!!!!!!!!!!!!!!!!!!!!!!!!!!!!!!!!!!!!!!!!!!!!!!!!!!!!!
20220526 204206.536 INFO             PET1 !!! THE ESMF_LOG IS SET TO OUTPUT ALL LOG MESSAGES !!!
20220526 204206.536 INFO             PET1 !!!     THIS MAY CAUSE SLOWDOWN IN PERFORMANCE     !!!
20220526 204206.536 INFO             PET1 !!! FOR PRODUCTION RUNS, USE:                      !!!
20220526 204206.536 INFO             PET1 !!!                   ESMF_LOGKIND_Multi_On_Error  !!!
20220526 204206.536 INFO             PET1 !!!!!!!!!!!!!!!!!!!!!!!!!!!!!!!!!!!!!!!!!!!!!!!!!!!!!!
20220526 204206.536 INFO             PET1 Running with ESMF Version   : v8.3.0b16
20220526 204206.536 INFO             PET1 ESMF library build date/time: "May 26 2022" "06:09:46"
20220526 204206.536 INFO             PET1 ESMF library build location : /global/cscratch1/sd/rsdunlap/esmf-testing/intel_19.1.2_mpi_O_develop
20220526 204206.536 INFO             PET1 ESMF_COMM                   : mpi
20220526 204206.537 INFO             PET1 ESMF_MOAB                   : enabled
20220526 204206.537 INFO             PET1 ESMF_LAPACK                 : enabled
20220526 204206.537 INFO             PET1 ESMF_NETCDF                 : enabled
20220526 204206.537 INFO             PET1 ESMF_PNETCDF                : disabled
20220526 204206.537 INFO             PET1 ESMF_PIO                    : enabled
20220526 204206.537 INFO             PET1 ESMF_YAMLCPP                : enabled
20220526 204206.543 INFO             PET1 ESMF_FieldRedistStoreNF(): Just entered routine.
20220526 204206.584 INFO             PET1 ESMF_FieldRedistStoreNF(): Leaving routine.
20220526 204206.587 INFO             PET1  NUMBER_OF_PROCESSORS           4
20220526 204206.588 INFO             PET1  PASS  Example ESMF_RHandleFromRHandleEx, ESMF_RHandleFromRHandleEx.F90, line 660
20220526 204206.588 INFO             PET1 Finalizing ESMF
20220526 204206.536 INFO             PET2 !!!!!!!!!!!!!!!!!!!!!!!!!!!!!!!!!!!!!!!!!!!!!!!!!!!!!!
20220526 204206.536 INFO             PET2 !!! THE ESMF_LOG IS SET TO OUTPUT ALL LOG MESSAGES !!!
20220526 204206.536 INFO             PET2 !!!     THIS MAY CAUSE SLOWDOWN IN PERFORMANCE     !!!
20220526 204206.536 INFO             PET2 !!! FOR PRODUCTION RUNS, USE:                      !!!
20220526 204206.536 INFO             PET2 !!!                   ESMF_LOGKIND_Multi_On_Error  !!!
20220526 204206.536 INFO             PET2 !!!!!!!!!!!!!!!!!!!!!!!!!!!!!!!!!!!!!!!!!!!!!!!!!!!!!!
20220526 204206.536 INFO             PET2 Running with ESMF Version   : v8.3.0b16
20220526 204206.536 INFO             PET2 ESMF library build date/time: "May 26 2022" "06:09:46"
20220526 204206.536 INFO             PET2 ESMF library build location : /global/cscratch1/sd/rsdunlap/esmf-testing/intel_19.1.2_mpi_O_develop
20220526 204206.536 INFO             PET2 ESMF_COMM                   : mpi
20220526 204206.538 INFO             PET2 ESMF_MOAB                   : enabled
20220526 204206.538 INFO             PET2 ESMF_LAPACK                 : enabled
20220526 204206.538 INFO             PET2 ESMF_NETCDF                 : enabled
20220526 204206.538 INFO             PET2 ESMF_PNETCDF                : disabled
20220526 204206.538 INFO             PET2 ESMF_PIO                    : enabled
20220526 204206.538 INFO             PET2 ESMF_YAMLCPP                : enabled
20220526 204206.543 INFO             PET2 ESMF_FieldRedistStoreNF(): Just entered routine.
20220526 204206.584 INFO             PET2 ESMF_FieldRedistStoreNF(): Leaving routine.
20220526 204206.586 INFO             PET2  NUMBER_OF_PROCESSORS           4
20220526 204206.586 INFO             PET2  PASS  Example ESMF_RHandleFromRHandleEx, ESMF_RHandleFromRHandleEx.F90, line 660
20220526 204206.586 INFO             PET2 Finalizing ESMF
20220526 204206.536 INFO             PET3 !!!!!!!!!!!!!!!!!!!!!!!!!!!!!!!!!!!!!!!!!!!!!!!!!!!!!!
20220526 204206.536 INFO             PET3 !!! THE ESMF_LOG IS SET TO OUTPUT ALL LOG MESSAGES !!!
20220526 204206.536 INFO             PET3 !!!     THIS MAY CAUSE SLOWDOWN IN PERFORMANCE     !!!
20220526 204206.536 INFO             PET3 !!! FOR PRODUCTION RUNS, USE:                      !!!
20220526 204206.536 INFO             PET3 !!!                   ESMF_LOGKIND_Multi_On_Error  !!!
20220526 204206.536 INFO             PET3 !!!!!!!!!!!!!!!!!!!!!!!!!!!!!!!!!!!!!!!!!!!!!!!!!!!!!!
20220526 204206.536 INFO             PET3 Running with ESMF Version   : v8.3.0b16
20220526 204206.536 INFO             PET3 ESMF library build date/time: "May 26 2022" "06:09:46"
20220526 204206.536 INFO             PET3 ESMF library build location : /global/cscratch1/sd/rsdunlap/esmf-testing/intel_19.1.2_mpi_O_develop
20220526 204206.536 INFO             PET3 ESMF_COMM                   : mpi
20220526 204206.537 INFO             PET3 ESMF_MOAB                   : enabled
20220526 204206.537 INFO             PET3 ESMF_LAPACK                 : enabled
20220526 204206.537 INFO             PET3 ESMF_NETCDF                 : enabled
20220526 204206.537 INFO             PET3 ESMF_PNETCDF                : disabled
20220526 204206.537 INFO             PET3 ESMF_PIO                    : enabled
20220526 204206.537 INFO             PET3 ESMF_YAMLCPP                : enabled
20220526 204206.543 INFO             PET3 ESMF_FieldRedistStoreNF(): Just entered routine.
20220526 204206.584 INFO             PET3 ESMF_FieldRedistStoreNF(): Leaving routine.
20220526 204206.588 INFO             PET3  NUMBER_OF_PROCESSORS           4
20220526 204206.588 INFO             PET3  PASS  Example ESMF_RHandleFromRHandleEx, ESMF_RHandleFromRHandleEx.F90, line 660
20220526 204206.588 INFO             PET3 Finalizing ESMF
