build time -- 2022-05-09 02:24:05
20220509 060410.893 INFO             PET0 !!!!!!!!!!!!!!!!!!!!!!!!!!!!!!!!!!!!!!!!!!!!!!!!!!!!!!
20220509 060410.893 INFO             PET0 !!! THE ESMF_LOG IS SET TO OUTPUT ALL LOG MESSAGES !!!
20220509 060410.893 INFO             PET0 !!!     THIS MAY CAUSE SLOWDOWN IN PERFORMANCE     !!!
20220509 060410.893 INFO             PET0 !!! FOR PRODUCTION RUNS, USE:                      !!!
20220509 060410.893 INFO             PET0 !!!                   ESMF_LOGKIND_Multi_On_Error  !!!
20220509 060410.893 INFO             PET0 !!!!!!!!!!!!!!!!!!!!!!!!!!!!!!!!!!!!!!!!!!!!!!!!!!!!!!
20220509 060410.893 INFO             PET0 Running with ESMF Version   : v8.3.0b14-2-gde129fc120
20220509 060410.893 INFO             PET0 ESMF library build date/time: "May  9 2022" "02:22:34"
20220509 060410.893 INFO             PET0 ESMF library build location : /global/cscratch1/sd/rsdunlap/esmf-testing/intel_19.1.2_mpi_O_develop
20220509 060410.893 INFO             PET0 ESMF_COMM                   : mpi
20220509 060410.895 INFO             PET0 ESMF_MOAB                   : enabled
20220509 060410.895 INFO             PET0 ESMF_LAPACK                 : enabled
20220509 060410.895 INFO             PET0 ESMF_NETCDF                 : enabled
20220509 060410.895 INFO             PET0 ESMF_PNETCDF                : disabled
20220509 060410.895 INFO             PET0 ESMF_PIO                    : enabled
20220509 060410.895 INFO             PET0 ESMF_YAMLCPP                : enabled
20220509 060410.898 INFO             PET0  NUMBER_OF_PROCESSORS           4
20220509 060410.898 INFO             PET0  PASS  Example ESMF_VMUserMpiCommMultiEx, ESMF_VMUserMpiCommMultiEx.F90, line 126
20220509 060410.898 INFO             PET0 Finalizing ESMF
20220509 060410.893 INFO             PET0 !!!!!!!!!!!!!!!!!!!!!!!!!!!!!!!!!!!!!!!!!!!!!!!!!!!!!!
20220509 060410.893 INFO             PET0 !!! THE ESMF_LOG IS SET TO OUTPUT ALL LOG MESSAGES !!!
20220509 060410.893 INFO             PET0 !!!     THIS MAY CAUSE SLOWDOWN IN PERFORMANCE     !!!
20220509 060410.893 INFO             PET0 !!! FOR PRODUCTION RUNS, USE:                      !!!
20220509 060410.893 INFO             PET0 !!!                   ESMF_LOGKIND_Multi_On_Error  !!!
20220509 060410.893 INFO             PET0 !!!!!!!!!!!!!!!!!!!!!!!!!!!!!!!!!!!!!!!!!!!!!!!!!!!!!!
20220509 060410.893 INFO             PET0 Running with ESMF Version   : v8.3.0b14-2-gde129fc120
20220509 060410.893 INFO             PET0 ESMF library build date/time: "May  9 2022" "02:22:34"
20220509 060410.893 INFO             PET0 ESMF library build location : /global/cscratch1/sd/rsdunlap/esmf-testing/intel_19.1.2_mpi_O_develop
20220509 060410.893 INFO             PET0 ESMF_COMM                   : mpi
20220509 060410.894 INFO             PET0 ESMF_MOAB                   : enabled
20220509 060410.894 INFO             PET0 ESMF_LAPACK                 : enabled
20220509 060410.894 INFO             PET0 ESMF_NETCDF                 : enabled
20220509 060410.894 INFO             PET0 ESMF_PNETCDF                : disabled
20220509 060410.894 INFO             PET0 ESMF_PIO                    : enabled
20220509 060410.894 INFO             PET0 ESMF_YAMLCPP                : enabled
20220509 060410.895 INFO             PET0  NUMBER_OF_PROCESSORS           4
20220509 060410.895 INFO             PET0  PASS  Example ESMF_VMUserMpiCommMultiEx, ESMF_VMUserMpiCommMultiEx.F90, line 154
20220509 060410.895 INFO             PET0 Finalizing ESMF
20220509 060410.893 INFO             PET1 !!!!!!!!!!!!!!!!!!!!!!!!!!!!!!!!!!!!!!!!!!!!!!!!!!!!!!
20220509 060410.893 INFO             PET1 !!! THE ESMF_LOG IS SET TO OUTPUT ALL LOG MESSAGES !!!
20220509 060410.893 INFO             PET1 !!!     THIS MAY CAUSE SLOWDOWN IN PERFORMANCE     !!!
20220509 060410.893 INFO             PET1 !!! FOR PRODUCTION RUNS, USE:                      !!!
20220509 060410.893 INFO             PET1 !!!                   ESMF_LOGKIND_Multi_On_Error  !!!
20220509 060410.893 INFO             PET1 !!!!!!!!!!!!!!!!!!!!!!!!!!!!!!!!!!!!!!!!!!!!!!!!!!!!!!
20220509 060410.893 INFO             PET1 Running with ESMF Version   : v8.3.0b14-2-gde129fc120
20220509 060410.893 INFO             PET1 ESMF library build date/time: "May  9 2022" "02:22:34"
20220509 060410.893 INFO             PET1 ESMF library build location : /global/cscratch1/sd/rsdunlap/esmf-testing/intel_19.1.2_mpi_O_develop
20220509 060410.893 INFO             PET1 ESMF_COMM                   : mpi
20220509 060410.897 INFO             PET1 ESMF_MOAB                   : enabled
20220509 060410.897 INFO             PET1 ESMF_LAPACK                 : enabled
20220509 060410.897 INFO             PET1 ESMF_NETCDF                 : enabled
20220509 060410.897 INFO             PET1 ESMF_PNETCDF                : disabled
20220509 060410.897 INFO             PET1 ESMF_PIO                    : enabled
20220509 060410.897 INFO             PET1 ESMF_YAMLCPP                : enabled
20220509 060410.898 INFO             PET1  NUMBER_OF_PROCESSORS           4
20220509 060410.898 INFO             PET1  PASS  Example ESMF_VMUserMpiCommMultiEx, ESMF_VMUserMpiCommMultiEx.F90, line 126
20220509 060410.898 INFO             PET1 Finalizing ESMF
20220509 060410.893 INFO             PET1 !!!!!!!!!!!!!!!!!!!!!!!!!!!!!!!!!!!!!!!!!!!!!!!!!!!!!!
20220509 060410.893 INFO             PET1 !!! THE ESMF_LOG IS SET TO OUTPUT ALL LOG MESSAGES !!!
20220509 060410.893 INFO             PET1 !!!     THIS MAY CAUSE SLOWDOWN IN PERFORMANCE     !!!
20220509 060410.893 INFO             PET1 !!! FOR PRODUCTION RUNS, USE:                      !!!
20220509 060410.893 INFO             PET1 !!!                   ESMF_LOGKIND_Multi_On_Error  !!!
20220509 060410.893 INFO             PET1 !!!!!!!!!!!!!!!!!!!!!!!!!!!!!!!!!!!!!!!!!!!!!!!!!!!!!!
20220509 060410.893 INFO             PET1 Running with ESMF Version   : v8.3.0b14-2-gde129fc120
20220509 060410.893 INFO             PET1 ESMF library build date/time: "May  9 2022" "02:22:34"
20220509 060410.893 INFO             PET1 ESMF library build location : /global/cscratch1/sd/rsdunlap/esmf-testing/intel_19.1.2_mpi_O_develop
20220509 060410.893 INFO             PET1 ESMF_COMM                   : mpi
20220509 060410.895 INFO             PET1 ESMF_MOAB                   : enabled
20220509 060410.895 INFO             PET1 ESMF_LAPACK                 : enabled
20220509 060410.895 INFO             PET1 ESMF_NETCDF                 : enabled
20220509 060410.895 INFO             PET1 ESMF_PNETCDF                : disabled
20220509 060410.895 INFO             PET1 ESMF_PIO                    : enabled
20220509 060410.895 INFO             PET1 ESMF_YAMLCPP                : enabled
20220509 060410.895 INFO             PET1  NUMBER_OF_PROCESSORS           4
20220509 060410.895 INFO             PET1  PASS  Example ESMF_VMUserMpiCommMultiEx, ESMF_VMUserMpiCommMultiEx.F90, line 154
20220509 060410.895 INFO             PET1 Finalizing ESMF
