build time -- 2022-05-10 02:44:28
20220510 034012.965 INFO             PET0 !!!!!!!!!!!!!!!!!!!!!!!!!!!!!!!!!!!!!!!!!!!!!!!!!!!!!!
20220510 034012.965 INFO             PET0 !!! THE ESMF_LOG IS SET TO OUTPUT ALL LOG MESSAGES !!!
20220510 034012.965 INFO             PET0 !!!     THIS MAY CAUSE SLOWDOWN IN PERFORMANCE     !!!
20220510 034012.965 INFO             PET0 !!! FOR PRODUCTION RUNS, USE:                      !!!
20220510 034012.965 INFO             PET0 !!!                   ESMF_LOGKIND_Multi_On_Error  !!!
20220510 034012.965 INFO             PET0 !!!!!!!!!!!!!!!!!!!!!!!!!!!!!!!!!!!!!!!!!!!!!!!!!!!!!!
20220510 034012.965 INFO             PET0 Running with ESMF Version   : v8.3.0b14-2-gde129fc120
20220510 034012.965 INFO             PET0 ESMF library build date/time: "May 10 2022" "02:42:52"
20220510 034012.965 INFO             PET0 ESMF library build location : /global/cscratch1/sd/rsdunlap/esmf-testing/intel_19.1.2_mpi_O_develop
20220510 034012.965 INFO             PET0 ESMF_COMM                   : mpi
20220510 034012.967 INFO             PET0 ESMF_MOAB                   : enabled
20220510 034012.967 INFO             PET0 ESMF_LAPACK                 : enabled
20220510 034012.967 INFO             PET0 ESMF_NETCDF                 : enabled
20220510 034012.967 INFO             PET0 ESMF_PNETCDF                : disabled
20220510 034012.967 INFO             PET0 ESMF_PIO                    : enabled
20220510 034012.967 INFO             PET0 ESMF_YAMLCPP                : enabled
20220510 034012.967 INFO             PET0  NUMBER_OF_PROCESSORS           2
20220510 034012.967 INFO             PET0  PASS  Example ESMF_VMUserMpiCommEx, ESMF_VMUserMpiCommEx.F90, line 113
20220510 034012.967 INFO             PET0 Finalizing ESMF
20220510 034012.965 INFO             PET1 !!!!!!!!!!!!!!!!!!!!!!!!!!!!!!!!!!!!!!!!!!!!!!!!!!!!!!
20220510 034012.965 INFO             PET1 !!! THE ESMF_LOG IS SET TO OUTPUT ALL LOG MESSAGES !!!
20220510 034012.965 INFO             PET1 !!!     THIS MAY CAUSE SLOWDOWN IN PERFORMANCE     !!!
20220510 034012.965 INFO             PET1 !!! FOR PRODUCTION RUNS, USE:                      !!!
20220510 034012.965 INFO             PET1 !!!                   ESMF_LOGKIND_Multi_On_Error  !!!
20220510 034012.965 INFO             PET1 !!!!!!!!!!!!!!!!!!!!!!!!!!!!!!!!!!!!!!!!!!!!!!!!!!!!!!
20220510 034012.965 INFO             PET1 Running with ESMF Version   : v8.3.0b14-2-gde129fc120
20220510 034012.965 INFO             PET1 ESMF library build date/time: "May 10 2022" "02:42:52"
20220510 034012.965 INFO             PET1 ESMF library build location : /global/cscratch1/sd/rsdunlap/esmf-testing/intel_19.1.2_mpi_O_develop
20220510 034012.965 INFO             PET1 ESMF_COMM                   : mpi
20220510 034012.966 INFO             PET1 ESMF_MOAB                   : enabled
20220510 034012.966 INFO             PET1 ESMF_LAPACK                 : enabled
20220510 034012.966 INFO             PET1 ESMF_NETCDF                 : enabled
20220510 034012.966 INFO             PET1 ESMF_PNETCDF                : disabled
20220510 034012.966 INFO             PET1 ESMF_PIO                    : enabled
20220510 034012.966 INFO             PET1 ESMF_YAMLCPP                : enabled
20220510 034012.967 INFO             PET1  NUMBER_OF_PROCESSORS           2
20220510 034012.967 INFO             PET1  PASS  Example ESMF_VMUserMpiCommEx, ESMF_VMUserMpiCommEx.F90, line 113
20220510 034012.967 INFO             PET1 Finalizing ESMF
