build time -- 2022-06-02 03:08:02
20220602 134038.879 INFO             PET0 !!!!!!!!!!!!!!!!!!!!!!!!!!!!!!!!!!!!!!!!!!!!!!!!!!!!!!
20220602 134038.879 INFO             PET0 !!! THE ESMF_LOG IS SET TO OUTPUT ALL LOG MESSAGES !!!
20220602 134038.879 INFO             PET0 !!!     THIS MAY CAUSE SLOWDOWN IN PERFORMANCE     !!!
20220602 134038.879 INFO             PET0 !!! FOR PRODUCTION RUNS, USE:                      !!!
20220602 134038.879 INFO             PET0 !!!                   ESMF_LOGKIND_Multi_On_Error  !!!
20220602 134038.879 INFO             PET0 !!!!!!!!!!!!!!!!!!!!!!!!!!!!!!!!!!!!!!!!!!!!!!!!!!!!!!
20220602 134038.879 INFO             PET0 Running with ESMF Version   : v8.4.0b00
20220602 134038.879 INFO             PET0 ESMF library build date/time: "Jun  2 2022" "03:06:33"
20220602 134038.879 INFO             PET0 ESMF library build location : /global/cscratch1/sd/rsdunlap/esmf-testing/intel_19.1.2_mpi_O_develop
20220602 134038.879 INFO             PET0 ESMF_COMM                   : mpi
20220602 134038.881 INFO             PET0 ESMF_MOAB                   : enabled
20220602 134038.881 INFO             PET0 ESMF_LAPACK                 : enabled
20220602 134038.881 INFO             PET0 ESMF_NETCDF                 : enabled
20220602 134038.881 INFO             PET0 ESMF_PNETCDF                : disabled
20220602 134038.881 INFO             PET0 ESMF_PIO                    : enabled
20220602 134038.881 INFO             PET0 ESMF_YAMLCPP                : enabled
20220602 134038.917 DEBUG            PET0 about to destroy Grid: 0x100001e7460
20220602 134038.920 DEBUG            PET0 about to destroy Grid: 0x100001ea7f0
20220602 134038.930 INFO             PET0  NUMBER_OF_PROCESSORS           4
20220602 134038.930 INFO             PET0  PASS  Example ESMF_NUOPCAtmModelEx, ESMF_NUOPCAtmModelEx.F90, line 806
20220602 134038.930 INFO             PET0 Finalizing ESMF
20220602 134038.879 INFO             PET1 !!!!!!!!!!!!!!!!!!!!!!!!!!!!!!!!!!!!!!!!!!!!!!!!!!!!!!
20220602 134038.879 INFO             PET1 !!! THE ESMF_LOG IS SET TO OUTPUT ALL LOG MESSAGES !!!
20220602 134038.879 INFO             PET1 !!!     THIS MAY CAUSE SLOWDOWN IN PERFORMANCE     !!!
20220602 134038.879 INFO             PET1 !!! FOR PRODUCTION RUNS, USE:                      !!!
20220602 134038.879 INFO             PET1 !!!                   ESMF_LOGKIND_Multi_On_Error  !!!
20220602 134038.879 INFO             PET1 !!!!!!!!!!!!!!!!!!!!!!!!!!!!!!!!!!!!!!!!!!!!!!!!!!!!!!
20220602 134038.879 INFO             PET1 Running with ESMF Version   : v8.4.0b00
20220602 134038.879 INFO             PET1 ESMF library build date/time: "Jun  2 2022" "03:06:33"
20220602 134038.879 INFO             PET1 ESMF library build location : /global/cscratch1/sd/rsdunlap/esmf-testing/intel_19.1.2_mpi_O_develop
20220602 134038.879 INFO             PET1 ESMF_COMM                   : mpi
20220602 134038.880 INFO             PET1 ESMF_MOAB                   : enabled
20220602 134038.880 INFO             PET1 ESMF_LAPACK                 : enabled
20220602 134038.880 INFO             PET1 ESMF_NETCDF                 : enabled
20220602 134038.880 INFO             PET1 ESMF_PNETCDF                : disabled
20220602 134038.880 INFO             PET1 ESMF_PIO                    : enabled
20220602 134038.880 INFO             PET1 ESMF_YAMLCPP                : enabled
20220602 134038.917 DEBUG            PET1 about to destroy Grid: 0x100001e6c40
20220602 134038.920 DEBUG            PET1 about to destroy Grid: 0x100001e81c0
20220602 134038.930 INFO             PET1  NUMBER_OF_PROCESSORS           4
20220602 134038.930 INFO             PET1  PASS  Example ESMF_NUOPCAtmModelEx, ESMF_NUOPCAtmModelEx.F90, line 806
20220602 134038.930 INFO             PET1 Finalizing ESMF
20220602 134038.878 INFO             PET2 !!!!!!!!!!!!!!!!!!!!!!!!!!!!!!!!!!!!!!!!!!!!!!!!!!!!!!
20220602 134038.879 INFO             PET2 !!! THE ESMF_LOG IS SET TO OUTPUT ALL LOG MESSAGES !!!
20220602 134038.879 INFO             PET2 !!!     THIS MAY CAUSE SLOWDOWN IN PERFORMANCE     !!!
20220602 134038.879 INFO             PET2 !!! FOR PRODUCTION RUNS, USE:                      !!!
20220602 134038.879 INFO             PET2 !!!                   ESMF_LOGKIND_Multi_On_Error  !!!
20220602 134038.879 INFO             PET2 !!!!!!!!!!!!!!!!!!!!!!!!!!!!!!!!!!!!!!!!!!!!!!!!!!!!!!
20220602 134038.879 INFO             PET2 Running with ESMF Version   : v8.4.0b00
20220602 134038.879 INFO             PET2 ESMF library build date/time: "Jun  2 2022" "03:06:33"
20220602 134038.879 INFO             PET2 ESMF library build location : /global/cscratch1/sd/rsdunlap/esmf-testing/intel_19.1.2_mpi_O_develop
20220602 134038.879 INFO             PET2 ESMF_COMM                   : mpi
20220602 134038.880 INFO             PET2 ESMF_MOAB                   : enabled
20220602 134038.880 INFO             PET2 ESMF_LAPACK                 : enabled
20220602 134038.880 INFO             PET2 ESMF_NETCDF                 : enabled
20220602 134038.880 INFO             PET2 ESMF_PNETCDF                : disabled
20220602 134038.880 INFO             PET2 ESMF_PIO                    : enabled
20220602 134038.880 INFO             PET2 ESMF_YAMLCPP                : enabled
20220602 134038.917 DEBUG            PET2 about to destroy Grid: 0x100001e6fb0
20220602 134038.920 DEBUG            PET2 about to destroy Grid: 0x100001e8510
20220602 134038.930 INFO             PET2  NUMBER_OF_PROCESSORS           4
20220602 134038.930 INFO             PET2  PASS  Example ESMF_NUOPCAtmModelEx, ESMF_NUOPCAtmModelEx.F90, line 806
20220602 134038.930 INFO             PET2 Finalizing ESMF
20220602 134038.879 INFO             PET3 !!!!!!!!!!!!!!!!!!!!!!!!!!!!!!!!!!!!!!!!!!!!!!!!!!!!!!
20220602 134038.879 INFO             PET3 !!! THE ESMF_LOG IS SET TO OUTPUT ALL LOG MESSAGES !!!
20220602 134038.879 INFO             PET3 !!!     THIS MAY CAUSE SLOWDOWN IN PERFORMANCE     !!!
20220602 134038.879 INFO             PET3 !!! FOR PRODUCTION RUNS, USE:                      !!!
20220602 134038.879 INFO             PET3 !!!                   ESMF_LOGKIND_Multi_On_Error  !!!
20220602 134038.879 INFO             PET3 !!!!!!!!!!!!!!!!!!!!!!!!!!!!!!!!!!!!!!!!!!!!!!!!!!!!!!
20220602 134038.879 INFO             PET3 Running with ESMF Version   : v8.4.0b00
20220602 134038.879 INFO             PET3 ESMF library build date/time: "Jun  2 2022" "03:06:33"
20220602 134038.879 INFO             PET3 ESMF library build location : /global/cscratch1/sd/rsdunlap/esmf-testing/intel_19.1.2_mpi_O_develop
20220602 134038.879 INFO             PET3 ESMF_COMM                   : mpi
20220602 134038.881 INFO             PET3 ESMF_MOAB                   : enabled
20220602 134038.881 INFO             PET3 ESMF_LAPACK                 : enabled
20220602 134038.881 INFO             PET3 ESMF_NETCDF                 : enabled
20220602 134038.881 INFO             PET3 ESMF_PNETCDF                : disabled
20220602 134038.881 INFO             PET3 ESMF_PIO                    : enabled
20220602 134038.881 INFO             PET3 ESMF_YAMLCPP                : enabled
20220602 134038.917 DEBUG            PET3 about to destroy Grid: 0x100001e6b90
20220602 134038.920 DEBUG            PET3 about to destroy Grid: 0x100001e8110
20220602 134038.930 INFO             PET3  NUMBER_OF_PROCESSORS           4
20220602 134038.930 INFO             PET3  PASS  Example ESMF_NUOPCAtmModelEx, ESMF_NUOPCAtmModelEx.F90, line 806
20220602 134038.930 INFO             PET3 Finalizing ESMF
