build time -- 2022-05-24 04:23:15
20220524 081700.606 INFO             PET0 !!!!!!!!!!!!!!!!!!!!!!!!!!!!!!!!!!!!!!!!!!!!!!!!!!!!!!
20220524 081700.606 INFO             PET0 !!! THE ESMF_LOG IS SET TO OUTPUT ALL LOG MESSAGES !!!
20220524 081700.606 INFO             PET0 !!!     THIS MAY CAUSE SLOWDOWN IN PERFORMANCE     !!!
20220524 081700.606 INFO             PET0 !!! FOR PRODUCTION RUNS, USE:                      !!!
20220524 081700.606 INFO             PET0 !!!                   ESMF_LOGKIND_Multi_On_Error  !!!
20220524 081700.606 INFO             PET0 !!!!!!!!!!!!!!!!!!!!!!!!!!!!!!!!!!!!!!!!!!!!!!!!!!!!!!
20220524 081700.606 INFO             PET0 Running with ESMF Version   : v8.3.0b16
20220524 081700.606 INFO             PET0 ESMF library build date/time: "May 24 2022" "04:21:16"
20220524 081700.606 INFO             PET0 ESMF library build location : /global/cscratch1/sd/rsdunlap/esmf-testing/intel_19.1.2_mpi_O_develop
20220524 081700.606 INFO             PET0 ESMF_COMM                   : mpi
20220524 081700.608 INFO             PET0 ESMF_MOAB                   : enabled
20220524 081700.608 INFO             PET0 ESMF_LAPACK                 : enabled
20220524 081700.608 INFO             PET0 ESMF_NETCDF                 : enabled
20220524 081700.608 INFO             PET0 ESMF_PNETCDF                : disabled
20220524 081700.608 INFO             PET0 ESMF_PIO                    : enabled
20220524 081700.608 INFO             PET0 ESMF_YAMLCPP                : enabled
20220524 081700.609 INFO             PET0  NUMBER_OF_PROCESSORS           1
20220524 081700.609 INFO             PET0  PASS  Example CalendarEx, ESMF_CalendarEx.F90, line 217
20220524 081700.609 INFO             PET0 Finalizing ESMF
