build time -- 2022-06-08 04:51:58.960101
20220608 051842.651 INFO             PET0 !!!!!!!!!!!!!!!!!!!!!!!!!!!!!!!!!!!!!!!!!!!!!!!!!!!!!!
20220608 051842.651 INFO             PET0 !!! THE ESMF_LOG IS SET TO OUTPUT ALL LOG MESSAGES !!!
20220608 051842.651 INFO             PET0 !!!     THIS MAY CAUSE SLOWDOWN IN PERFORMANCE     !!!
20220608 051842.651 INFO             PET0 !!! FOR PRODUCTION RUNS, USE:                      !!!
20220608 051842.651 INFO             PET0 !!!                   ESMF_LOGKIND_Multi_On_Error  !!!
20220608 051842.651 INFO             PET0 !!!!!!!!!!!!!!!!!!!!!!!!!!!!!!!!!!!!!!!!!!!!!!!!!!!!!!
20220608 051842.651 INFO             PET0 Running with ESMF Version   : v8.3.0
20220608 051842.651 INFO             PET0 ESMF library build date/time: "Jun  8 2022" "04:50:48"
20220608 051842.651 INFO             PET0 ESMF library build location : /home/mpotts/intel_2021.2_intelmpi_g_v8.3.0
20220608 051842.651 INFO             PET0 ESMF_COMM                   : intelmpi
20220608 051842.651 INFO             PET0 ESMF_MOAB                   : enabled
20220608 051842.651 INFO             PET0 ESMF_LAPACK                 : enabled
20220608 051842.651 INFO             PET0 ESMF_NETCDF                 : enabled
20220608 051842.651 INFO             PET0 ESMF_PNETCDF                : disabled
20220608 051842.651 INFO             PET0 ESMF_PIO                    : enabled
20220608 051842.651 INFO             PET0 ESMF_YAMLCPP                : enabled
20220608 051842.731 DEBUG            PET0 about to destroy Grid: 0x1f19bc0
20220608 051842.743 DEBUG            PET0 about to destroy Grid: 0x1f1ad20
20220608 051842.773 INFO             PET0  NUMBER_OF_PROCESSORS           4
20220608 051842.773 INFO             PET0  PASS  Example ESMF_NUOPCAtmModelEx, ESMF_NUOPCAtmModelEx.F90, line 806
20220608 051842.773 INFO             PET0 Finalizing ESMF
20220608 051842.651 INFO             PET1 !!!!!!!!!!!!!!!!!!!!!!!!!!!!!!!!!!!!!!!!!!!!!!!!!!!!!!
20220608 051842.651 INFO             PET1 !!! THE ESMF_LOG IS SET TO OUTPUT ALL LOG MESSAGES !!!
20220608 051842.651 INFO             PET1 !!!     THIS MAY CAUSE SLOWDOWN IN PERFORMANCE     !!!
20220608 051842.651 INFO             PET1 !!! FOR PRODUCTION RUNS, USE:                      !!!
20220608 051842.651 INFO             PET1 !!!                   ESMF_LOGKIND_Multi_On_Error  !!!
20220608 051842.651 INFO             PET1 !!!!!!!!!!!!!!!!!!!!!!!!!!!!!!!!!!!!!!!!!!!!!!!!!!!!!!
20220608 051842.651 INFO             PET1 Running with ESMF Version   : v8.3.0
20220608 051842.651 INFO             PET1 ESMF library build date/time: "Jun  8 2022" "04:50:48"
20220608 051842.651 INFO             PET1 ESMF library build location : /home/mpotts/intel_2021.2_intelmpi_g_v8.3.0
20220608 051842.651 INFO             PET1 ESMF_COMM                   : intelmpi
20220608 051842.651 INFO             PET1 ESMF_MOAB                   : enabled
20220608 051842.651 INFO             PET1 ESMF_LAPACK                 : enabled
20220608 051842.651 INFO             PET1 ESMF_NETCDF                 : enabled
20220608 051842.651 INFO             PET1 ESMF_PNETCDF                : disabled
20220608 051842.651 INFO             PET1 ESMF_PIO                    : enabled
20220608 051842.651 INFO             PET1 ESMF_YAMLCPP                : enabled
20220608 051842.731 DEBUG            PET1 about to destroy Grid: 0x13ec260
20220608 051842.743 DEBUG            PET1 about to destroy Grid: 0x13ecf40
20220608 051842.773 INFO             PET1  NUMBER_OF_PROCESSORS           4
20220608 051842.773 INFO             PET1  PASS  Example ESMF_NUOPCAtmModelEx, ESMF_NUOPCAtmModelEx.F90, line 806
20220608 051842.773 INFO             PET1 Finalizing ESMF
20220608 051842.651 INFO             PET2 !!!!!!!!!!!!!!!!!!!!!!!!!!!!!!!!!!!!!!!!!!!!!!!!!!!!!!
20220608 051842.651 INFO             PET2 !!! THE ESMF_LOG IS SET TO OUTPUT ALL LOG MESSAGES !!!
20220608 051842.651 INFO             PET2 !!!     THIS MAY CAUSE SLOWDOWN IN PERFORMANCE     !!!
20220608 051842.651 INFO             PET2 !!! FOR PRODUCTION RUNS, USE:                      !!!
20220608 051842.651 INFO             PET2 !!!                   ESMF_LOGKIND_Multi_On_Error  !!!
20220608 051842.651 INFO             PET2 !!!!!!!!!!!!!!!!!!!!!!!!!!!!!!!!!!!!!!!!!!!!!!!!!!!!!!
20220608 051842.651 INFO             PET2 Running with ESMF Version   : v8.3.0
20220608 051842.651 INFO             PET2 ESMF library build date/time: "Jun  8 2022" "04:50:48"
20220608 051842.651 INFO             PET2 ESMF library build location : /home/mpotts/intel_2021.2_intelmpi_g_v8.3.0
20220608 051842.651 INFO             PET2 ESMF_COMM                   : intelmpi
20220608 051842.651 INFO             PET2 ESMF_MOAB                   : enabled
20220608 051842.651 INFO             PET2 ESMF_LAPACK                 : enabled
20220608 051842.651 INFO             PET2 ESMF_NETCDF                 : enabled
20220608 051842.651 INFO             PET2 ESMF_PNETCDF                : disabled
20220608 051842.651 INFO             PET2 ESMF_PIO                    : enabled
20220608 051842.651 INFO             PET2 ESMF_YAMLCPP                : enabled
20220608 051842.731 DEBUG            PET2 about to destroy Grid: 0x1ad7260
20220608 051842.743 DEBUG            PET2 about to destroy Grid: 0x1ad7f40
20220608 051842.773 INFO             PET2  NUMBER_OF_PROCESSORS           4
20220608 051842.773 INFO             PET2  PASS  Example ESMF_NUOPCAtmModelEx, ESMF_NUOPCAtmModelEx.F90, line 806
20220608 051842.773 INFO             PET2 Finalizing ESMF
20220608 051842.651 INFO             PET3 !!!!!!!!!!!!!!!!!!!!!!!!!!!!!!!!!!!!!!!!!!!!!!!!!!!!!!
20220608 051842.651 INFO             PET3 !!! THE ESMF_LOG IS SET TO OUTPUT ALL LOG MESSAGES !!!
20220608 051842.651 INFO             PET3 !!!     THIS MAY CAUSE SLOWDOWN IN PERFORMANCE     !!!
20220608 051842.651 INFO             PET3 !!! FOR PRODUCTION RUNS, USE:                      !!!
20220608 051842.651 INFO             PET3 !!!                   ESMF_LOGKIND_Multi_On_Error  !!!
20220608 051842.651 INFO             PET3 !!!!!!!!!!!!!!!!!!!!!!!!!!!!!!!!!!!!!!!!!!!!!!!!!!!!!!
20220608 051842.651 INFO             PET3 Running with ESMF Version   : v8.3.0
20220608 051842.651 INFO             PET3 ESMF library build date/time: "Jun  8 2022" "04:50:48"
20220608 051842.651 INFO             PET3 ESMF library build location : /home/mpotts/intel_2021.2_intelmpi_g_v8.3.0
20220608 051842.651 INFO             PET3 ESMF_COMM                   : intelmpi
20220608 051842.651 INFO             PET3 ESMF_MOAB                   : enabled
20220608 051842.651 INFO             PET3 ESMF_LAPACK                 : enabled
20220608 051842.651 INFO             PET3 ESMF_NETCDF                 : enabled
20220608 051842.651 INFO             PET3 ESMF_PNETCDF                : disabled
20220608 051842.651 INFO             PET3 ESMF_PIO                    : enabled
20220608 051842.651 INFO             PET3 ESMF_YAMLCPP                : enabled
20220608 051842.732 DEBUG            PET3 about to destroy Grid: 0x9b1240
20220608 051842.743 DEBUG            PET3 about to destroy Grid: 0x9b1f20
20220608 051842.773 INFO             PET3  NUMBER_OF_PROCESSORS           4
20220608 051842.773 INFO             PET3  PASS  Example ESMF_NUOPCAtmModelEx, ESMF_NUOPCAtmModelEx.F90, line 806
20220608 051842.773 INFO             PET3 Finalizing ESMF
