build time -- 2022-06-08 04:51:58.960101
20220608 051523.103 INFO             PET0 !!!!!!!!!!!!!!!!!!!!!!!!!!!!!!!!!!!!!!!!!!!!!!!!!!!!!!
20220608 051523.103 INFO             PET0 !!! THE ESMF_LOG IS SET TO OUTPUT ALL LOG MESSAGES !!!
20220608 051523.103 INFO             PET0 !!!     THIS MAY CAUSE SLOWDOWN IN PERFORMANCE     !!!
20220608 051523.103 INFO             PET0 !!! FOR PRODUCTION RUNS, USE:                      !!!
20220608 051523.103 INFO             PET0 !!!                   ESMF_LOGKIND_Multi_On_Error  !!!
20220608 051523.103 INFO             PET0 !!!!!!!!!!!!!!!!!!!!!!!!!!!!!!!!!!!!!!!!!!!!!!!!!!!!!!
20220608 051523.103 INFO             PET0 Running with ESMF Version   : v8.3.0
20220608 051523.103 INFO             PET0 ESMF library build date/time: "Jun  8 2022" "04:50:48"
20220608 051523.103 INFO             PET0 ESMF library build location : /home/mpotts/intel_2021.2_intelmpi_g_v8.3.0
20220608 051523.103 INFO             PET0 ESMF_COMM                   : intelmpi
20220608 051523.103 INFO             PET0 ESMF_MOAB                   : enabled
20220608 051523.103 INFO             PET0 ESMF_LAPACK                 : enabled
20220608 051523.103 INFO             PET0 ESMF_NETCDF                 : enabled
20220608 051523.103 INFO             PET0 ESMF_PNETCDF                : disabled
20220608 051523.103 INFO             PET0 ESMF_PIO                    : enabled
20220608 051523.103 INFO             PET0 ESMF_YAMLCPP                : enabled
20220608 051523.104 INFO             PET0  NUMBER_OF_PROCESSORS           1
20220608 051523.104 INFO             PET0  PASS  Example ESMF_TimeEx, ESMF_TimeEx.F90, line 141
20220608 051523.104 INFO             PET0 Finalizing ESMF
