build time -- 2022-06-03 02:01:00.118023
20220603 021427.925 INFO             PET0 !!!!!!!!!!!!!!!!!!!!!!!!!!!!!!!!!!!!!!!!!!!!!!!!!!!!!!
20220603 021427.925 INFO             PET0 !!! THE ESMF_LOG IS SET TO OUTPUT ALL LOG MESSAGES !!!
20220603 021427.925 INFO             PET0 !!!     THIS MAY CAUSE SLOWDOWN IN PERFORMANCE     !!!
20220603 021427.925 INFO             PET0 !!! FOR PRODUCTION RUNS, USE:                      !!!
20220603 021427.925 INFO             PET0 !!!                   ESMF_LOGKIND_Multi_On_Error  !!!
20220603 021427.925 INFO             PET0 !!!!!!!!!!!!!!!!!!!!!!!!!!!!!!!!!!!!!!!!!!!!!!!!!!!!!!
20220603 021427.925 INFO             PET0 Running with ESMF Version   : v8.3.0b17
20220603 021427.925 INFO             PET0 ESMF library build date/time: "Jun  3 2022" "02:00:15"
20220603 021427.925 INFO             PET0 ESMF library build location : /home/mpotts/gfortran_9.3.0_openmpi_O_release_8.3.0
20220603 021427.925 INFO             PET0 ESMF_COMM                   : openmpi
20220603 021427.925 INFO             PET0 ESMF_MOAB                   : enabled
20220603 021427.925 INFO             PET0 ESMF_LAPACK                 : enabled
20220603 021427.925 INFO             PET0 ESMF_NETCDF                 : enabled
20220603 021427.925 INFO             PET0 ESMF_PNETCDF                : disabled
20220603 021427.925 INFO             PET0 ESMF_PIO                    : enabled
20220603 021427.925 INFO             PET0 ESMF_YAMLCPP                : enabled
20220603 021427.955 DEBUG            PET0 about to destroy Grid: 0xa08a90
20220603 021427.957 DEBUG            PET0 about to destroy Grid: 0xa0cfe0
20220603 021427.962 INFO             PET0  NUMBER_OF_PROCESSORS           4
20220603 021427.962 INFO             PET0  PASS  Example ESMF_NUOPCAtmModelEx, ESMF_NUOPCAtmModelEx.F90, line 806
20220603 021427.962 INFO             PET0 Finalizing ESMF
20220603 021427.925 INFO             PET1 !!!!!!!!!!!!!!!!!!!!!!!!!!!!!!!!!!!!!!!!!!!!!!!!!!!!!!
20220603 021427.925 INFO             PET1 !!! THE ESMF_LOG IS SET TO OUTPUT ALL LOG MESSAGES !!!
20220603 021427.925 INFO             PET1 !!!     THIS MAY CAUSE SLOWDOWN IN PERFORMANCE     !!!
20220603 021427.925 INFO             PET1 !!! FOR PRODUCTION RUNS, USE:                      !!!
20220603 021427.925 INFO             PET1 !!!                   ESMF_LOGKIND_Multi_On_Error  !!!
20220603 021427.925 INFO             PET1 !!!!!!!!!!!!!!!!!!!!!!!!!!!!!!!!!!!!!!!!!!!!!!!!!!!!!!
20220603 021427.925 INFO             PET1 Running with ESMF Version   : v8.3.0b17
20220603 021427.925 INFO             PET1 ESMF library build date/time: "Jun  3 2022" "02:00:15"
20220603 021427.925 INFO             PET1 ESMF library build location : /home/mpotts/gfortran_9.3.0_openmpi_O_release_8.3.0
20220603 021427.925 INFO             PET1 ESMF_COMM                   : openmpi
20220603 021427.925 INFO             PET1 ESMF_MOAB                   : enabled
20220603 021427.925 INFO             PET1 ESMF_LAPACK                 : enabled
20220603 021427.925 INFO             PET1 ESMF_NETCDF                 : enabled
20220603 021427.925 INFO             PET1 ESMF_PNETCDF                : disabled
20220603 021427.925 INFO             PET1 ESMF_PIO                    : enabled
20220603 021427.925 INFO             PET1 ESMF_YAMLCPP                : enabled
20220603 021427.955 DEBUG            PET1 about to destroy Grid: 0x200ea20
20220603 021427.957 DEBUG            PET1 about to destroy Grid: 0x2010a20
20220603 021427.962 INFO             PET1  NUMBER_OF_PROCESSORS           4
20220603 021427.962 INFO             PET1  PASS  Example ESMF_NUOPCAtmModelEx, ESMF_NUOPCAtmModelEx.F90, line 806
20220603 021427.962 INFO             PET1 Finalizing ESMF
20220603 021427.925 INFO             PET2 !!!!!!!!!!!!!!!!!!!!!!!!!!!!!!!!!!!!!!!!!!!!!!!!!!!!!!
20220603 021427.925 INFO             PET2 !!! THE ESMF_LOG IS SET TO OUTPUT ALL LOG MESSAGES !!!
20220603 021427.925 INFO             PET2 !!!     THIS MAY CAUSE SLOWDOWN IN PERFORMANCE     !!!
20220603 021427.925 INFO             PET2 !!! FOR PRODUCTION RUNS, USE:                      !!!
20220603 021427.925 INFO             PET2 !!!                   ESMF_LOGKIND_Multi_On_Error  !!!
20220603 021427.925 INFO             PET2 !!!!!!!!!!!!!!!!!!!!!!!!!!!!!!!!!!!!!!!!!!!!!!!!!!!!!!
20220603 021427.925 INFO             PET2 Running with ESMF Version   : v8.3.0b17
20220603 021427.925 INFO             PET2 ESMF library build date/time: "Jun  3 2022" "02:00:15"
20220603 021427.925 INFO             PET2 ESMF library build location : /home/mpotts/gfortran_9.3.0_openmpi_O_release_8.3.0
20220603 021427.925 INFO             PET2 ESMF_COMM                   : openmpi
20220603 021427.925 INFO             PET2 ESMF_MOAB                   : enabled
20220603 021427.925 INFO             PET2 ESMF_LAPACK                 : enabled
20220603 021427.925 INFO             PET2 ESMF_NETCDF                 : enabled
20220603 021427.925 INFO             PET2 ESMF_PNETCDF                : disabled
20220603 021427.925 INFO             PET2 ESMF_PIO                    : enabled
20220603 021427.925 INFO             PET2 ESMF_YAMLCPP                : enabled
20220603 021427.955 DEBUG            PET2 about to destroy Grid: 0x1120db0
20220603 021427.957 DEBUG            PET2 about to destroy Grid: 0x1122ec0
20220603 021427.962 INFO             PET2  NUMBER_OF_PROCESSORS           4
20220603 021427.962 INFO             PET2  PASS  Example ESMF_NUOPCAtmModelEx, ESMF_NUOPCAtmModelEx.F90, line 806
20220603 021427.962 INFO             PET2 Finalizing ESMF
20220603 021427.925 INFO             PET3 !!!!!!!!!!!!!!!!!!!!!!!!!!!!!!!!!!!!!!!!!!!!!!!!!!!!!!
20220603 021427.925 INFO             PET3 !!! THE ESMF_LOG IS SET TO OUTPUT ALL LOG MESSAGES !!!
20220603 021427.925 INFO             PET3 !!!     THIS MAY CAUSE SLOWDOWN IN PERFORMANCE     !!!
20220603 021427.925 INFO             PET3 !!! FOR PRODUCTION RUNS, USE:                      !!!
20220603 021427.925 INFO             PET3 !!!                   ESMF_LOGKIND_Multi_On_Error  !!!
20220603 021427.925 INFO             PET3 !!!!!!!!!!!!!!!!!!!!!!!!!!!!!!!!!!!!!!!!!!!!!!!!!!!!!!
20220603 021427.925 INFO             PET3 Running with ESMF Version   : v8.3.0b17
20220603 021427.925 INFO             PET3 ESMF library build date/time: "Jun  3 2022" "02:00:15"
20220603 021427.925 INFO             PET3 ESMF library build location : /home/mpotts/gfortran_9.3.0_openmpi_O_release_8.3.0
20220603 021427.925 INFO             PET3 ESMF_COMM                   : openmpi
20220603 021427.925 INFO             PET3 ESMF_MOAB                   : enabled
20220603 021427.925 INFO             PET3 ESMF_LAPACK                 : enabled
20220603 021427.925 INFO             PET3 ESMF_NETCDF                 : enabled
20220603 021427.925 INFO             PET3 ESMF_PNETCDF                : disabled
20220603 021427.925 INFO             PET3 ESMF_PIO                    : enabled
20220603 021427.925 INFO             PET3 ESMF_YAMLCPP                : enabled
20220603 021427.955 DEBUG            PET3 about to destroy Grid: 0x2164600
20220603 021427.957 DEBUG            PET3 about to destroy Grid: 0x2168bc0
20220603 021427.962 INFO             PET3  NUMBER_OF_PROCESSORS           4
20220603 021427.962 INFO             PET3  PASS  Example ESMF_NUOPCAtmModelEx, ESMF_NUOPCAtmModelEx.F90, line 806
20220603 021427.962 INFO             PET3 Finalizing ESMF
