build time -- 2022-05-27 02:00:38.505158
20220527 021305.975 INFO             PET0 !!!!!!!!!!!!!!!!!!!!!!!!!!!!!!!!!!!!!!!!!!!!!!!!!!!!!!
20220527 021305.975 INFO             PET0 !!! THE ESMF_LOG IS SET TO OUTPUT ALL LOG MESSAGES !!!
20220527 021305.975 INFO             PET0 !!!     THIS MAY CAUSE SLOWDOWN IN PERFORMANCE     !!!
20220527 021305.975 INFO             PET0 !!! FOR PRODUCTION RUNS, USE:                      !!!
20220527 021305.975 INFO             PET0 !!!                   ESMF_LOGKIND_Multi_On_Error  !!!
20220527 021305.975 INFO             PET0 !!!!!!!!!!!!!!!!!!!!!!!!!!!!!!!!!!!!!!!!!!!!!!!!!!!!!!
20220527 021305.975 INFO             PET0 Running with ESMF Version   : v8.3.0b16-3-gc2b47388e1
20220527 021305.975 INFO             PET0 ESMF library build date/time: "May 27 2022" "01:59:54"
20220527 021305.975 INFO             PET0 ESMF library build location : /home/mpotts/gfortran_9.3.0_openmpi_O_release_8.3.0
20220527 021305.975 INFO             PET0 ESMF_COMM                   : openmpi
20220527 021305.975 INFO             PET0 ESMF_MOAB                   : enabled
20220527 021305.975 INFO             PET0 ESMF_LAPACK                 : enabled
20220527 021305.975 INFO             PET0 ESMF_NETCDF                 : enabled
20220527 021305.975 INFO             PET0 ESMF_PNETCDF                : disabled
20220527 021305.975 INFO             PET0 ESMF_PIO                    : enabled
20220527 021305.975 INFO             PET0 ESMF_YAMLCPP                : enabled
20220527 021305.975 INFO             PET0  NUMBER_OF_PROCESSORS           1
20220527 021305.975 INFO             PET0  PASS  Example ESMF_TimeIntervalEx, ESMF_TimeIntervalEx.F90, line 176
20220527 021305.975 INFO             PET0 Finalizing ESMF
