build time -- 2022-04-23 00:35:28
20220423 015844.050 INFO             PET0 !!!!!!!!!!!!!!!!!!!!!!!!!!!!!!!!!!!!!!!!!!!!!!!!!!!!!!
20220423 015844.050 INFO             PET0 !!! THE ESMF_LOG IS SET TO OUTPUT ALL LOG MESSAGES !!!
20220423 015844.050 INFO             PET0 !!!     THIS MAY CAUSE SLOWDOWN IN PERFORMANCE     !!!
20220423 015844.050 INFO             PET0 !!! FOR PRODUCTION RUNS, USE:                      !!!
20220423 015844.050 INFO             PET0 !!!                   ESMF_LOGKIND_Multi_On_Error  !!!
20220423 015844.050 INFO             PET0 !!!!!!!!!!!!!!!!!!!!!!!!!!!!!!!!!!!!!!!!!!!!!!!!!!!!!!
20220423 015844.050 INFO             PET0 Running with ESMF Version   : v8.3.0b13
20220423 015844.050 INFO             PET0 ESMF library build date/time: "Apr 23 2022" "00:33:12"
20220423 015844.050 INFO             PET0 ESMF library build location : /lustre/f2/dev/ncep/Mark.Potts/gfortran_8.3.0_mpi_g_develop
20220423 015844.050 INFO             PET0 ESMF_COMM                   : mpi
20220423 015844.051 INFO             PET0 ESMF_MOAB                   : enabled
20220423 015844.051 INFO             PET0 ESMF_LAPACK                 : enabled
20220423 015844.051 INFO             PET0 ESMF_NETCDF                 : enabled
20220423 015844.051 INFO             PET0 ESMF_PNETCDF                : disabled
20220423 015844.051 INFO             PET0 ESMF_PIO                    : enabled
20220423 015844.051 INFO             PET0 ESMF_YAMLCPP                : enabled
20220423 015844.127 INFO             PET0  NUMBER_OF_PROCESSORS           4
20220423 015844.127 INFO             PET0  PASS  Example ESMF_FieldBundleSMMEx, ESMF_FieldBundleSMMEx.F90, line 242
20220423 015844.127 INFO             PET0 Finalizing ESMF
20220423 015844.122 INFO             PET1 !!!!!!!!!!!!!!!!!!!!!!!!!!!!!!!!!!!!!!!!!!!!!!!!!!!!!!
20220423 015844.122 INFO             PET1 !!! THE ESMF_LOG IS SET TO OUTPUT ALL LOG MESSAGES !!!
20220423 015844.122 INFO             PET1 !!!     THIS MAY CAUSE SLOWDOWN IN PERFORMANCE     !!!
20220423 015844.122 INFO             PET1 !!! FOR PRODUCTION RUNS, USE:                      !!!
20220423 015844.122 INFO             PET1 !!!                   ESMF_LOGKIND_Multi_On_Error  !!!
20220423 015844.122 INFO             PET1 !!!!!!!!!!!!!!!!!!!!!!!!!!!!!!!!!!!!!!!!!!!!!!!!!!!!!!
20220423 015844.122 INFO             PET1 Running with ESMF Version   : v8.3.0b13
20220423 015844.122 INFO             PET1 ESMF library build date/time: "Apr 23 2022" "00:33:12"
20220423 015844.122 INFO             PET1 ESMF library build location : /lustre/f2/dev/ncep/Mark.Potts/gfortran_8.3.0_mpi_g_develop
20220423 015844.122 INFO             PET1 ESMF_COMM                   : mpi
20220423 015844.122 INFO             PET1 ESMF_MOAB                   : enabled
20220423 015844.122 INFO             PET1 ESMF_LAPACK                 : enabled
20220423 015844.122 INFO             PET1 ESMF_NETCDF                 : enabled
20220423 015844.122 INFO             PET1 ESMF_PNETCDF                : disabled
20220423 015844.122 INFO             PET1 ESMF_PIO                    : enabled
20220423 015844.122 INFO             PET1 ESMF_YAMLCPP                : enabled
20220423 015844.127 INFO             PET1  NUMBER_OF_PROCESSORS           4
20220423 015844.127 INFO             PET1  PASS  Example ESMF_FieldBundleSMMEx, ESMF_FieldBundleSMMEx.F90, line 242
20220423 015844.127 INFO             PET1 Finalizing ESMF
20220423 015844.061 INFO             PET2 !!!!!!!!!!!!!!!!!!!!!!!!!!!!!!!!!!!!!!!!!!!!!!!!!!!!!!
20220423 015844.061 INFO             PET2 !!! THE ESMF_LOG IS SET TO OUTPUT ALL LOG MESSAGES !!!
20220423 015844.061 INFO             PET2 !!!     THIS MAY CAUSE SLOWDOWN IN PERFORMANCE     !!!
20220423 015844.061 INFO             PET2 !!! FOR PRODUCTION RUNS, USE:                      !!!
20220423 015844.061 INFO             PET2 !!!                   ESMF_LOGKIND_Multi_On_Error  !!!
20220423 015844.061 INFO             PET2 !!!!!!!!!!!!!!!!!!!!!!!!!!!!!!!!!!!!!!!!!!!!!!!!!!!!!!
20220423 015844.061 INFO             PET2 Running with ESMF Version   : v8.3.0b13
20220423 015844.061 INFO             PET2 ESMF library build date/time: "Apr 23 2022" "00:33:12"
20220423 015844.061 INFO             PET2 ESMF library build location : /lustre/f2/dev/ncep/Mark.Potts/gfortran_8.3.0_mpi_g_develop
20220423 015844.061 INFO             PET2 ESMF_COMM                   : mpi
20220423 015844.061 INFO             PET2 ESMF_MOAB                   : enabled
20220423 015844.061 INFO             PET2 ESMF_LAPACK                 : enabled
20220423 015844.061 INFO             PET2 ESMF_NETCDF                 : enabled
20220423 015844.061 INFO             PET2 ESMF_PNETCDF                : disabled
20220423 015844.061 INFO             PET2 ESMF_PIO                    : enabled
20220423 015844.061 INFO             PET2 ESMF_YAMLCPP                : enabled
20220423 015844.127 INFO             PET2  NUMBER_OF_PROCESSORS           4
20220423 015844.127 INFO             PET2  PASS  Example ESMF_FieldBundleSMMEx, ESMF_FieldBundleSMMEx.F90, line 242
20220423 015844.127 INFO             PET2 Finalizing ESMF
20220423 015844.055 INFO             PET3 !!!!!!!!!!!!!!!!!!!!!!!!!!!!!!!!!!!!!!!!!!!!!!!!!!!!!!
20220423 015844.055 INFO             PET3 !!! THE ESMF_LOG IS SET TO OUTPUT ALL LOG MESSAGES !!!
20220423 015844.055 INFO             PET3 !!!     THIS MAY CAUSE SLOWDOWN IN PERFORMANCE     !!!
20220423 015844.055 INFO             PET3 !!! FOR PRODUCTION RUNS, USE:                      !!!
20220423 015844.055 INFO             PET3 !!!                   ESMF_LOGKIND_Multi_On_Error  !!!
20220423 015844.055 INFO             PET3 !!!!!!!!!!!!!!!!!!!!!!!!!!!!!!!!!!!!!!!!!!!!!!!!!!!!!!
20220423 015844.055 INFO             PET3 Running with ESMF Version   : v8.3.0b13
20220423 015844.055 INFO             PET3 ESMF library build date/time: "Apr 23 2022" "00:33:12"
20220423 015844.055 INFO             PET3 ESMF library build location : /lustre/f2/dev/ncep/Mark.Potts/gfortran_8.3.0_mpi_g_develop
20220423 015844.055 INFO             PET3 ESMF_COMM                   : mpi
20220423 015844.056 INFO             PET3 ESMF_MOAB                   : enabled
20220423 015844.056 INFO             PET3 ESMF_LAPACK                 : enabled
20220423 015844.056 INFO             PET3 ESMF_NETCDF                 : enabled
20220423 015844.056 INFO             PET3 ESMF_PNETCDF                : disabled
20220423 015844.056 INFO             PET3 ESMF_PIO                    : enabled
20220423 015844.056 INFO             PET3 ESMF_YAMLCPP                : enabled
20220423 015844.127 INFO             PET3  NUMBER_OF_PROCESSORS           4
20220423 015844.127 INFO             PET3  PASS  Example ESMF_FieldBundleSMMEx, ESMF_FieldBundleSMMEx.F90, line 242
20220423 015844.127 INFO             PET3 Finalizing ESMF
