build time -- 2022-04-14 00:35:55
20220414 020747.010 INFO             PET0 !!!!!!!!!!!!!!!!!!!!!!!!!!!!!!!!!!!!!!!!!!!!!!!!!!!!!!
20220414 020747.010 INFO             PET0 !!! THE ESMF_LOG IS SET TO OUTPUT ALL LOG MESSAGES !!!
20220414 020747.011 INFO             PET0 !!!     THIS MAY CAUSE SLOWDOWN IN PERFORMANCE     !!!
20220414 020747.011 INFO             PET0 !!! FOR PRODUCTION RUNS, USE:                      !!!
20220414 020747.011 INFO             PET0 !!!                   ESMF_LOGKIND_Multi_On_Error  !!!
20220414 020747.011 INFO             PET0 !!!!!!!!!!!!!!!!!!!!!!!!!!!!!!!!!!!!!!!!!!!!!!!!!!!!!!
20220414 020747.011 INFO             PET0 Running with ESMF Version   : v8.3.0b12-62-gbae6f575dd
20220414 020747.011 INFO             PET0 ESMF library build date/time: "Apr 14 2022" "00:33:33"
20220414 020747.011 INFO             PET0 ESMF library build location : /lustre/f2/dev/ncep/Mark.Potts/gfortran_8.3.0_mpi_g_develop
20220414 020747.011 INFO             PET0 ESMF_COMM                   : mpi
20220414 020747.012 INFO             PET0 ESMF_MOAB                   : enabled
20220414 020747.012 INFO             PET0 ESMF_LAPACK                 : enabled
20220414 020747.012 INFO             PET0 ESMF_NETCDF                 : enabled
20220414 020747.012 INFO             PET0 ESMF_PNETCDF                : disabled
20220414 020747.012 INFO             PET0 ESMF_PIO                    : enabled
20220414 020747.012 INFO             PET0 ESMF_YAMLCPP                : enabled
20220414 020747.027 INFO             PET0  NUMBER_OF_PROCESSORS           1
20220414 020747.027 INFO             PET0  PASS  Example ESMF_AlarmEx, ESMF_AlarmEx.F90, line 244
20220414 020747.027 INFO             PET0 Finalizing ESMF
