build time -- 2022-06-01 01:42:06
20220601 035713.606 INFO             PET0 !!!!!!!!!!!!!!!!!!!!!!!!!!!!!!!!!!!!!!!!!!!!!!!!!!!!!!
20220601 035713.606 INFO             PET0 !!! THE ESMF_LOG IS SET TO OUTPUT ALL LOG MESSAGES !!!
20220601 035713.606 INFO             PET0 !!!     THIS MAY CAUSE SLOWDOWN IN PERFORMANCE     !!!
20220601 035713.606 INFO             PET0 !!! FOR PRODUCTION RUNS, USE:                      !!!
20220601 035713.606 INFO             PET0 !!!                   ESMF_LOGKIND_Multi_On_Error  !!!
20220601 035713.606 INFO             PET0 !!!!!!!!!!!!!!!!!!!!!!!!!!!!!!!!!!!!!!!!!!!!!!!!!!!!!!
20220601 035713.606 INFO             PET0 Running with ESMF Version   : v8.3.0b16
20220601 035713.606 INFO             PET0 ESMF library build date/time: "Jun  1 2022" "01:36:58"
20220601 035713.606 INFO             PET0 ESMF library build location : /lustre/f2/dev/ncep/Mark.Potts/gfortran_8.3.0_mpi_g_develop
20220601 035713.606 INFO             PET0 ESMF_COMM                   : mpi
20220601 035713.607 INFO             PET0 ESMF_MOAB                   : enabled
20220601 035713.607 INFO             PET0 ESMF_LAPACK                 : enabled
20220601 035713.607 INFO             PET0 ESMF_NETCDF                 : enabled
20220601 035713.607 INFO             PET0 ESMF_PNETCDF                : disabled
20220601 035713.607 INFO             PET0 ESMF_PIO                    : enabled
20220601 035713.607 INFO             PET0 ESMF_YAMLCPP                : enabled
20220601 035713.828 DEBUG            PET0 about to destroy Grid: 0x34e6610
20220601 035713.836 DEBUG            PET0 about to destroy Grid: 0x34e8c10
20220601 035713.857 INFO             PET0  NUMBER_OF_PROCESSORS           4
20220601 035713.857 INFO             PET0  PASS  Example ESMF_NUOPCAtmModelEx, ESMF_NUOPCAtmModelEx.F90, line 806
20220601 035713.857 INFO             PET0 Finalizing ESMF
20220601 035713.610 INFO             PET1 !!!!!!!!!!!!!!!!!!!!!!!!!!!!!!!!!!!!!!!!!!!!!!!!!!!!!!
20220601 035713.610 INFO             PET1 !!! THE ESMF_LOG IS SET TO OUTPUT ALL LOG MESSAGES !!!
20220601 035713.610 INFO             PET1 !!!     THIS MAY CAUSE SLOWDOWN IN PERFORMANCE     !!!
20220601 035713.610 INFO             PET1 !!! FOR PRODUCTION RUNS, USE:                      !!!
20220601 035713.610 INFO             PET1 !!!                   ESMF_LOGKIND_Multi_On_Error  !!!
20220601 035713.610 INFO             PET1 !!!!!!!!!!!!!!!!!!!!!!!!!!!!!!!!!!!!!!!!!!!!!!!!!!!!!!
20220601 035713.610 INFO             PET1 Running with ESMF Version   : v8.3.0b16
20220601 035713.610 INFO             PET1 ESMF library build date/time: "Jun  1 2022" "01:36:58"
20220601 035713.610 INFO             PET1 ESMF library build location : /lustre/f2/dev/ncep/Mark.Potts/gfortran_8.3.0_mpi_g_develop
20220601 035713.610 INFO             PET1 ESMF_COMM                   : mpi
20220601 035713.611 INFO             PET1 ESMF_MOAB                   : enabled
20220601 035713.611 INFO             PET1 ESMF_LAPACK                 : enabled
20220601 035713.611 INFO             PET1 ESMF_NETCDF                 : enabled
20220601 035713.611 INFO             PET1 ESMF_PNETCDF                : disabled
20220601 035713.611 INFO             PET1 ESMF_PIO                    : enabled
20220601 035713.611 INFO             PET1 ESMF_YAMLCPP                : enabled
20220601 035713.828 DEBUG            PET1 about to destroy Grid: 0x34e3520
20220601 035713.836 DEBUG            PET1 about to destroy Grid: 0x34e5850
20220601 035713.857 INFO             PET1  NUMBER_OF_PROCESSORS           4
20220601 035713.857 INFO             PET1  PASS  Example ESMF_NUOPCAtmModelEx, ESMF_NUOPCAtmModelEx.F90, line 806
20220601 035713.857 INFO             PET1 Finalizing ESMF
20220601 035713.613 INFO             PET2 !!!!!!!!!!!!!!!!!!!!!!!!!!!!!!!!!!!!!!!!!!!!!!!!!!!!!!
20220601 035713.613 INFO             PET2 !!! THE ESMF_LOG IS SET TO OUTPUT ALL LOG MESSAGES !!!
20220601 035713.613 INFO             PET2 !!!     THIS MAY CAUSE SLOWDOWN IN PERFORMANCE     !!!
20220601 035713.613 INFO             PET2 !!! FOR PRODUCTION RUNS, USE:                      !!!
20220601 035713.613 INFO             PET2 !!!                   ESMF_LOGKIND_Multi_On_Error  !!!
20220601 035713.613 INFO             PET2 !!!!!!!!!!!!!!!!!!!!!!!!!!!!!!!!!!!!!!!!!!!!!!!!!!!!!!
20220601 035713.613 INFO             PET2 Running with ESMF Version   : v8.3.0b16
20220601 035713.613 INFO             PET2 ESMF library build date/time: "Jun  1 2022" "01:36:58"
20220601 035713.613 INFO             PET2 ESMF library build location : /lustre/f2/dev/ncep/Mark.Potts/gfortran_8.3.0_mpi_g_develop
20220601 035713.613 INFO             PET2 ESMF_COMM                   : mpi
20220601 035713.613 INFO             PET2 ESMF_MOAB                   : enabled
20220601 035713.613 INFO             PET2 ESMF_LAPACK                 : enabled
20220601 035713.613 INFO             PET2 ESMF_NETCDF                 : enabled
20220601 035713.613 INFO             PET2 ESMF_PNETCDF                : disabled
20220601 035713.613 INFO             PET2 ESMF_PIO                    : enabled
20220601 035713.613 INFO             PET2 ESMF_YAMLCPP                : enabled
20220601 035713.828 DEBUG            PET2 about to destroy Grid: 0x34e3850
20220601 035713.836 DEBUG            PET2 about to destroy Grid: 0x34e5420
20220601 035713.857 INFO             PET2  NUMBER_OF_PROCESSORS           4
20220601 035713.857 INFO             PET2  PASS  Example ESMF_NUOPCAtmModelEx, ESMF_NUOPCAtmModelEx.F90, line 806
20220601 035713.857 INFO             PET2 Finalizing ESMF
20220601 035713.703 INFO             PET3 !!!!!!!!!!!!!!!!!!!!!!!!!!!!!!!!!!!!!!!!!!!!!!!!!!!!!!
20220601 035713.703 INFO             PET3 !!! THE ESMF_LOG IS SET TO OUTPUT ALL LOG MESSAGES !!!
20220601 035713.703 INFO             PET3 !!!     THIS MAY CAUSE SLOWDOWN IN PERFORMANCE     !!!
20220601 035713.703 INFO             PET3 !!! FOR PRODUCTION RUNS, USE:                      !!!
20220601 035713.703 INFO             PET3 !!!                   ESMF_LOGKIND_Multi_On_Error  !!!
20220601 035713.703 INFO             PET3 !!!!!!!!!!!!!!!!!!!!!!!!!!!!!!!!!!!!!!!!!!!!!!!!!!!!!!
20220601 035713.703 INFO             PET3 Running with ESMF Version   : v8.3.0b16
20220601 035713.703 INFO             PET3 ESMF library build date/time: "Jun  1 2022" "01:36:58"
20220601 035713.703 INFO             PET3 ESMF library build location : /lustre/f2/dev/ncep/Mark.Potts/gfortran_8.3.0_mpi_g_develop
20220601 035713.703 INFO             PET3 ESMF_COMM                   : mpi
20220601 035713.704 INFO             PET3 ESMF_MOAB                   : enabled
20220601 035713.704 INFO             PET3 ESMF_LAPACK                 : enabled
20220601 035713.704 INFO             PET3 ESMF_NETCDF                 : enabled
20220601 035713.704 INFO             PET3 ESMF_PNETCDF                : disabled
20220601 035713.704 INFO             PET3 ESMF_PIO                    : enabled
20220601 035713.704 INFO             PET3 ESMF_YAMLCPP                : enabled
20220601 035713.828 DEBUG            PET3 about to destroy Grid: 0x34e2bc0
20220601 035713.836 DEBUG            PET3 about to destroy Grid: 0x34e4ef0
20220601 035713.857 INFO             PET3  NUMBER_OF_PROCESSORS           4
20220601 035713.857 INFO             PET3  PASS  Example ESMF_NUOPCAtmModelEx, ESMF_NUOPCAtmModelEx.F90, line 806
20220601 035713.857 INFO             PET3 Finalizing ESMF
