build time -- 2022-05-31 00:45:32
20220531 023759.959 INFO             PET0 !!!!!!!!!!!!!!!!!!!!!!!!!!!!!!!!!!!!!!!!!!!!!!!!!!!!!!
20220531 023759.960 INFO             PET0 !!! THE ESMF_LOG IS SET TO OUTPUT ALL LOG MESSAGES !!!
20220531 023759.960 INFO             PET0 !!!     THIS MAY CAUSE SLOWDOWN IN PERFORMANCE     !!!
20220531 023759.960 INFO             PET0 !!! FOR PRODUCTION RUNS, USE:                      !!!
20220531 023759.960 INFO             PET0 !!!                   ESMF_LOGKIND_Multi_On_Error  !!!
20220531 023759.960 INFO             PET0 !!!!!!!!!!!!!!!!!!!!!!!!!!!!!!!!!!!!!!!!!!!!!!!!!!!!!!
20220531 023759.960 INFO             PET0 Running with ESMF Version   : v8.3.0b16
20220531 023759.960 INFO             PET0 ESMF library build date/time: "May 31 2022" "00:43:31"
20220531 023759.960 INFO             PET0 ESMF library build location : /lustre/f2/dev/ncep/Mark.Potts/gfortran_8.3.0_mpi_g_develop
20220531 023759.960 INFO             PET0 ESMF_COMM                   : mpi
20220531 023759.961 INFO             PET0 ESMF_MOAB                   : enabled
20220531 023759.961 INFO             PET0 ESMF_LAPACK                 : enabled
20220531 023759.961 INFO             PET0 ESMF_NETCDF                 : enabled
20220531 023759.961 INFO             PET0 ESMF_PNETCDF                : disabled
20220531 023759.961 INFO             PET0 ESMF_PIO                    : enabled
20220531 023759.961 INFO             PET0 ESMF_YAMLCPP                : enabled
20220531 023759.962 INFO             PET0  NUMBER_OF_PROCESSORS           1
20220531 023759.962 INFO             PET0  PASS  Example ESMF_TimeIntervalEx, ESMF_TimeIntervalEx.F90, line 176
20220531 023759.962 INFO             PET0 Finalizing ESMF
