build time -- 2022-04-05 00:27:40
20220405 015516.111 INFO             PET0 !!!!!!!!!!!!!!!!!!!!!!!!!!!!!!!!!!!!!!!!!!!!!!!!!!!!!!
20220405 015516.112 INFO             PET0 !!! THE ESMF_LOG IS SET TO OUTPUT ALL LOG MESSAGES !!!
20220405 015516.112 INFO             PET0 !!!     THIS MAY CAUSE SLOWDOWN IN PERFORMANCE     !!!
20220405 015516.112 INFO             PET0 !!! FOR PRODUCTION RUNS, USE:                      !!!
20220405 015516.112 INFO             PET0 !!!                   ESMF_LOGKIND_Multi_On_Error  !!!
20220405 015516.112 INFO             PET0 !!!!!!!!!!!!!!!!!!!!!!!!!!!!!!!!!!!!!!!!!!!!!!!!!!!!!!
20220405 015516.112 INFO             PET0 Running with ESMF Version   : v8.3.0b12
20220405 015516.112 INFO             PET0 ESMF library build date/time: "Apr  5 2022" "00:26:08"
20220405 015516.112 INFO             PET0 ESMF library build location : /lustre/f2/dev/ncep/Mark.Potts/gfortran_8.3.0_mpi_g_develop
20220405 015516.112 INFO             PET0 ESMF_COMM                   : mpi
20220405 015516.113 INFO             PET0 ESMF_MOAB                   : enabled
20220405 015516.113 INFO             PET0 ESMF_LAPACK                 : enabled
20220405 015516.113 INFO             PET0 ESMF_NETCDF                 : enabled
20220405 015516.113 INFO             PET0 ESMF_PNETCDF                : disabled
20220405 015516.113 INFO             PET0 ESMF_PIO                    : enabled
20220405 015516.113 INFO             PET0 ESMF_YAMLCPP                : enabled
20220405 015516.241 INFO             PET0  NUMBER_OF_PROCESSORS           1
20220405 015516.241 INFO             PET0  PASS  Example ESMF_XGridSparseMatEx, ESMF_XGridSparseMatEx.F90, line 642
20220405 015516.241 INFO             PET0 Finalizing ESMF
