build time -- 2022-04-07 03:55:56
20220407 080725.063 INFO             PET0 !!!!!!!!!!!!!!!!!!!!!!!!!!!!!!!!!!!!!!!!!!!!!!!!!!!!!!
20220407 080725.064 INFO             PET0 !!! THE ESMF_LOG IS SET TO OUTPUT ALL LOG MESSAGES !!!
20220407 080725.064 INFO             PET0 !!!     THIS MAY CAUSE SLOWDOWN IN PERFORMANCE     !!!
20220407 080725.064 INFO             PET0 !!! FOR PRODUCTION RUNS, USE:                      !!!
20220407 080725.064 INFO             PET0 !!!                   ESMF_LOGKIND_Multi_On_Error  !!!
20220407 080725.064 INFO             PET0 !!!!!!!!!!!!!!!!!!!!!!!!!!!!!!!!!!!!!!!!!!!!!!!!!!!!!!
20220407 080725.064 INFO             PET0 Running with ESMF Version   : v8.3.0b12
20220407 080725.065 INFO             PET0 ESMF library build date/time: "Apr  7 2022" "03:54:08"
20220407 080725.065 INFO             PET0 ESMF library build location : /lustre/f2/dev/ncep/Mark.Potts/gfortran_8.3.0_mpi_g_develop
20220407 080725.065 INFO             PET0 ESMF_COMM                   : mpi
20220407 080725.066 INFO             PET0 ESMF_MOAB                   : enabled
20220407 080725.066 INFO             PET0 ESMF_LAPACK                 : enabled
20220407 080725.066 INFO             PET0 ESMF_NETCDF                 : enabled
20220407 080725.066 INFO             PET0 ESMF_PNETCDF                : disabled
20220407 080725.066 INFO             PET0 ESMF_PIO                    : enabled
20220407 080725.066 INFO             PET0 ESMF_YAMLCPP                : enabled
20220407 080725.117 INFO             PET0  NUMBER_OF_PROCESSORS           4
20220407 080725.117 INFO             PET0  PASS  Example ESMF_VMUserMpiCommMultiEx, ESMF_VMUserMpiCommMultiEx.F90, line 126
20220407 080725.117 INFO             PET0 Finalizing ESMF
20220407 080725.064 INFO             PET0 !!!!!!!!!!!!!!!!!!!!!!!!!!!!!!!!!!!!!!!!!!!!!!!!!!!!!!
20220407 080725.064 INFO             PET0 !!! THE ESMF_LOG IS SET TO OUTPUT ALL LOG MESSAGES !!!
20220407 080725.064 INFO             PET0 !!!     THIS MAY CAUSE SLOWDOWN IN PERFORMANCE     !!!
20220407 080725.064 INFO             PET0 !!! FOR PRODUCTION RUNS, USE:                      !!!
20220407 080725.065 INFO             PET0 !!!                   ESMF_LOGKIND_Multi_On_Error  !!!
20220407 080725.065 INFO             PET0 !!!!!!!!!!!!!!!!!!!!!!!!!!!!!!!!!!!!!!!!!!!!!!!!!!!!!!
20220407 080725.065 INFO             PET0 Running with ESMF Version   : v8.3.0b12
20220407 080725.065 INFO             PET0 ESMF library build date/time: "Apr  7 2022" "03:54:08"
20220407 080725.065 INFO             PET0 ESMF library build location : /lustre/f2/dev/ncep/Mark.Potts/gfortran_8.3.0_mpi_g_develop
20220407 080725.065 INFO             PET0 ESMF_COMM                   : mpi
20220407 080725.066 INFO             PET0 ESMF_MOAB                   : enabled
20220407 080725.066 INFO             PET0 ESMF_LAPACK                 : enabled
20220407 080725.066 INFO             PET0 ESMF_NETCDF                 : enabled
20220407 080725.066 INFO             PET0 ESMF_PNETCDF                : disabled
20220407 080725.066 INFO             PET0 ESMF_PIO                    : enabled
20220407 080725.066 INFO             PET0 ESMF_YAMLCPP                : enabled
20220407 080725.070 INFO             PET0  NUMBER_OF_PROCESSORS           4
20220407 080725.070 INFO             PET0  PASS  Example ESMF_VMUserMpiCommMultiEx, ESMF_VMUserMpiCommMultiEx.F90, line 154
20220407 080725.070 INFO             PET0 Finalizing ESMF
20220407 080725.116 INFO             PET1 !!!!!!!!!!!!!!!!!!!!!!!!!!!!!!!!!!!!!!!!!!!!!!!!!!!!!!
20220407 080725.116 INFO             PET1 !!! THE ESMF_LOG IS SET TO OUTPUT ALL LOG MESSAGES !!!
20220407 080725.116 INFO             PET1 !!!     THIS MAY CAUSE SLOWDOWN IN PERFORMANCE     !!!
20220407 080725.116 INFO             PET1 !!! FOR PRODUCTION RUNS, USE:                      !!!
20220407 080725.116 INFO             PET1 !!!                   ESMF_LOGKIND_Multi_On_Error  !!!
20220407 080725.116 INFO             PET1 !!!!!!!!!!!!!!!!!!!!!!!!!!!!!!!!!!!!!!!!!!!!!!!!!!!!!!
20220407 080725.116 INFO             PET1 Running with ESMF Version   : v8.3.0b12
20220407 080725.116 INFO             PET1 ESMF library build date/time: "Apr  7 2022" "03:54:08"
20220407 080725.116 INFO             PET1 ESMF library build location : /lustre/f2/dev/ncep/Mark.Potts/gfortran_8.3.0_mpi_g_develop
20220407 080725.116 INFO             PET1 ESMF_COMM                   : mpi
20220407 080725.117 INFO             PET1 ESMF_MOAB                   : enabled
20220407 080725.117 INFO             PET1 ESMF_LAPACK                 : enabled
20220407 080725.117 INFO             PET1 ESMF_NETCDF                 : enabled
20220407 080725.117 INFO             PET1 ESMF_PNETCDF                : disabled
20220407 080725.117 INFO             PET1 ESMF_PIO                    : enabled
20220407 080725.117 INFO             PET1 ESMF_YAMLCPP                : enabled
20220407 080725.117 INFO             PET1  NUMBER_OF_PROCESSORS           4
20220407 080725.117 INFO             PET1  PASS  Example ESMF_VMUserMpiCommMultiEx, ESMF_VMUserMpiCommMultiEx.F90, line 126
20220407 080725.117 INFO             PET1 Finalizing ESMF
20220407 080725.067 INFO             PET1 !!!!!!!!!!!!!!!!!!!!!!!!!!!!!!!!!!!!!!!!!!!!!!!!!!!!!!
20220407 080725.067 INFO             PET1 !!! THE ESMF_LOG IS SET TO OUTPUT ALL LOG MESSAGES !!!
20220407 080725.067 INFO             PET1 !!!     THIS MAY CAUSE SLOWDOWN IN PERFORMANCE     !!!
20220407 080725.067 INFO             PET1 !!! FOR PRODUCTION RUNS, USE:                      !!!
20220407 080725.067 INFO             PET1 !!!                   ESMF_LOGKIND_Multi_On_Error  !!!
20220407 080725.067 INFO             PET1 !!!!!!!!!!!!!!!!!!!!!!!!!!!!!!!!!!!!!!!!!!!!!!!!!!!!!!
20220407 080725.067 INFO             PET1 Running with ESMF Version   : v8.3.0b12
20220407 080725.067 INFO             PET1 ESMF library build date/time: "Apr  7 2022" "03:54:08"
20220407 080725.067 INFO             PET1 ESMF library build location : /lustre/f2/dev/ncep/Mark.Potts/gfortran_8.3.0_mpi_g_develop
20220407 080725.067 INFO             PET1 ESMF_COMM                   : mpi
20220407 080725.067 INFO             PET1 ESMF_MOAB                   : enabled
20220407 080725.067 INFO             PET1 ESMF_LAPACK                 : enabled
20220407 080725.067 INFO             PET1 ESMF_NETCDF                 : enabled
20220407 080725.067 INFO             PET1 ESMF_PNETCDF                : disabled
20220407 080725.067 INFO             PET1 ESMF_PIO                    : enabled
20220407 080725.067 INFO             PET1 ESMF_YAMLCPP                : enabled
20220407 080725.070 INFO             PET1  NUMBER_OF_PROCESSORS           4
20220407 080725.070 INFO             PET1  PASS  Example ESMF_VMUserMpiCommMultiEx, ESMF_VMUserMpiCommMultiEx.F90, line 154
20220407 080725.070 INFO             PET1 Finalizing ESMF
