build time -- 2022-04-22 00:35:35
20220422 020504.201 INFO             PET0 !!!!!!!!!!!!!!!!!!!!!!!!!!!!!!!!!!!!!!!!!!!!!!!!!!!!!!
20220422 020504.202 INFO             PET0 !!! THE ESMF_LOG IS SET TO OUTPUT ALL LOG MESSAGES !!!
20220422 020504.202 INFO             PET0 !!!     THIS MAY CAUSE SLOWDOWN IN PERFORMANCE     !!!
20220422 020504.202 INFO             PET0 !!! FOR PRODUCTION RUNS, USE:                      !!!
20220422 020504.202 INFO             PET0 !!!                   ESMF_LOGKIND_Multi_On_Error  !!!
20220422 020504.202 INFO             PET0 !!!!!!!!!!!!!!!!!!!!!!!!!!!!!!!!!!!!!!!!!!!!!!!!!!!!!!
20220422 020504.202 INFO             PET0 Running with ESMF Version   : v8.3.0b13
20220422 020504.203 INFO             PET0 ESMF library build date/time: "Apr 22 2022" "00:33:15"
20220422 020504.203 INFO             PET0 ESMF library build location : /lustre/f2/dev/ncep/Mark.Potts/gfortran_8.3.0_mpi_g_develop
20220422 020504.203 INFO             PET0 ESMF_COMM                   : mpi
20220422 020504.204 INFO             PET0 ESMF_MOAB                   : enabled
20220422 020504.204 INFO             PET0 ESMF_LAPACK                 : enabled
20220422 020504.204 INFO             PET0 ESMF_NETCDF                 : enabled
20220422 020504.204 INFO             PET0 ESMF_PNETCDF                : disabled
20220422 020504.204 INFO             PET0 ESMF_PIO                    : enabled
20220422 020504.204 INFO             PET0 ESMF_YAMLCPP                : enabled
20220422 020504.209 INFO             PET0  NUMBER_OF_PROCESSORS           1
20220422 020504.209 INFO             PET0  PASS  Example ESMF_TimeEx, ESMF_TimeEx.F90, line 141
20220422 020504.209 INFO             PET0 Finalizing ESMF
