build time -- 2022-04-03 00:29:16
20220403 015454.425 INFO             PET0 !!!!!!!!!!!!!!!!!!!!!!!!!!!!!!!!!!!!!!!!!!!!!!!!!!!!!!
20220403 015454.425 INFO             PET0 !!! THE ESMF_LOG IS SET TO OUTPUT ALL LOG MESSAGES !!!
20220403 015454.425 INFO             PET0 !!!     THIS MAY CAUSE SLOWDOWN IN PERFORMANCE     !!!
20220403 015454.425 INFO             PET0 !!! FOR PRODUCTION RUNS, USE:                      !!!
20220403 015454.425 INFO             PET0 !!!                   ESMF_LOGKIND_Multi_On_Error  !!!
20220403 015454.425 INFO             PET0 !!!!!!!!!!!!!!!!!!!!!!!!!!!!!!!!!!!!!!!!!!!!!!!!!!!!!!
20220403 015454.425 INFO             PET0 Running with ESMF Version   : v8.3.0b12
20220403 015454.425 INFO             PET0 ESMF library build date/time: "Apr  3 2022" "00:27:39"
20220403 015454.425 INFO             PET0 ESMF library build location : /lustre/f2/dev/ncep/Mark.Potts/gfortran_8.3.0_mpi_g_develop
20220403 015454.425 INFO             PET0 ESMF_COMM                   : mpi
20220403 015454.425 INFO             PET0 ESMF_MOAB                   : enabled
20220403 015454.425 INFO             PET0 ESMF_LAPACK                 : enabled
20220403 015454.425 INFO             PET0 ESMF_NETCDF                 : enabled
20220403 015454.425 INFO             PET0 ESMF_PNETCDF                : disabled
20220403 015454.425 INFO             PET0 ESMF_PIO                    : enabled
20220403 015454.425 INFO             PET0 ESMF_YAMLCPP                : enabled
20220403 015454.500 ERROR            PET0 ESMCI_Info.C:1278 Info::set(<json>) Cannot set value  - Error/Return Code 540 (ESMC_RC_CANNOT_SET) - Key '/myIntegerKey' already in map and force=false.
20220403 015454.500 ERROR            PET0 ESMCI_Info.C:1281 Info::set(<json>) Cannot set value  - Internal subroutine call returned Error
20220403 015454.500 ERROR            PET0 ESMCI_Info.C:1323 Info::set(<json>) Cannot set value  - Internal subroutine call returned Error
20220403 015454.501 ERROR            PET0 ESMCI_Info.C:1326 Info::set(<json>) Cannot set value  - Internal subroutine call returned Error
20220403 015454.501 ERROR            PET0 ESMCI_Info.C:1374 Info::set(<scalar>) Cannot set value  - Internal subroutine call returned Error
20220403 015454.501 ERROR            PET0 ESMC_InfoCDefGeneric.C:387 ESMC_InfoSetI4() Cannot set value  - Internal subroutine call returned Error
20220403 015454.501 ERROR            PET0 ESMF_Info.F90:2866 ESMF_InfoSetI4() Cannot set value  - Internal subroutine call returned Error
20220403 015454.501 INFO             PET0  NUMBER_OF_PROCESSORS           4
20220403 015454.501 INFO             PET0  PASS  Example ESMF_InfoTutorialEx, ESMF_InfoTutorialEx.F90, line 335
20220403 015454.501 INFO             PET0 Finalizing ESMF
20220403 015454.426 INFO             PET1 !!!!!!!!!!!!!!!!!!!!!!!!!!!!!!!!!!!!!!!!!!!!!!!!!!!!!!
20220403 015454.426 INFO             PET1 !!! THE ESMF_LOG IS SET TO OUTPUT ALL LOG MESSAGES !!!
20220403 015454.426 INFO             PET1 !!!     THIS MAY CAUSE SLOWDOWN IN PERFORMANCE     !!!
20220403 015454.426 INFO             PET1 !!! FOR PRODUCTION RUNS, USE:                      !!!
20220403 015454.426 INFO             PET1 !!!                   ESMF_LOGKIND_Multi_On_Error  !!!
20220403 015454.426 INFO             PET1 !!!!!!!!!!!!!!!!!!!!!!!!!!!!!!!!!!!!!!!!!!!!!!!!!!!!!!
20220403 015454.426 INFO             PET1 Running with ESMF Version   : v8.3.0b12
20220403 015454.426 INFO             PET1 ESMF library build date/time: "Apr  3 2022" "00:27:39"
20220403 015454.426 INFO             PET1 ESMF library build location : /lustre/f2/dev/ncep/Mark.Potts/gfortran_8.3.0_mpi_g_develop
20220403 015454.426 INFO             PET1 ESMF_COMM                   : mpi
20220403 015454.427 INFO             PET1 ESMF_MOAB                   : enabled
20220403 015454.427 INFO             PET1 ESMF_LAPACK                 : enabled
20220403 015454.427 INFO             PET1 ESMF_NETCDF                 : enabled
20220403 015454.427 INFO             PET1 ESMF_PNETCDF                : disabled
20220403 015454.427 INFO             PET1 ESMF_PIO                    : enabled
20220403 015454.427 INFO             PET1 ESMF_YAMLCPP                : enabled
20220403 015454.508 ERROR            PET1 ESMCI_Info.C:1278 Info::set(<json>) Cannot set value  - Error/Return Code 540 (ESMC_RC_CANNOT_SET) - Key '/myIntegerKey' already in map and force=false.
20220403 015454.508 ERROR            PET1 ESMCI_Info.C:1281 Info::set(<json>) Cannot set value  - Internal subroutine call returned Error
20220403 015454.508 ERROR            PET1 ESMCI_Info.C:1323 Info::set(<json>) Cannot set value  - Internal subroutine call returned Error
20220403 015454.508 ERROR            PET1 ESMCI_Info.C:1326 Info::set(<json>) Cannot set value  - Internal subroutine call returned Error
20220403 015454.509 ERROR            PET1 ESMCI_Info.C:1374 Info::set(<scalar>) Cannot set value  - Internal subroutine call returned Error
20220403 015454.509 ERROR            PET1 ESMC_InfoCDefGeneric.C:387 ESMC_InfoSetI4() Cannot set value  - Internal subroutine call returned Error
20220403 015454.509 ERROR            PET1 ESMF_Info.F90:2866 ESMF_InfoSetI4() Cannot set value  - Internal subroutine call returned Error
20220403 015454.509 INFO             PET1  NUMBER_OF_PROCESSORS           4
20220403 015454.509 INFO             PET1  PASS  Example ESMF_InfoTutorialEx, ESMF_InfoTutorialEx.F90, line 335
20220403 015454.509 INFO             PET1 Finalizing ESMF
20220403 015454.431 INFO             PET2 !!!!!!!!!!!!!!!!!!!!!!!!!!!!!!!!!!!!!!!!!!!!!!!!!!!!!!
20220403 015454.431 INFO             PET2 !!! THE ESMF_LOG IS SET TO OUTPUT ALL LOG MESSAGES !!!
20220403 015454.431 INFO             PET2 !!!     THIS MAY CAUSE SLOWDOWN IN PERFORMANCE     !!!
20220403 015454.431 INFO             PET2 !!! FOR PRODUCTION RUNS, USE:                      !!!
20220403 015454.431 INFO             PET2 !!!                   ESMF_LOGKIND_Multi_On_Error  !!!
20220403 015454.431 INFO             PET2 !!!!!!!!!!!!!!!!!!!!!!!!!!!!!!!!!!!!!!!!!!!!!!!!!!!!!!
20220403 015454.431 INFO             PET2 Running with ESMF Version   : v8.3.0b12
20220403 015454.431 INFO             PET2 ESMF library build date/time: "Apr  3 2022" "00:27:39"
20220403 015454.431 INFO             PET2 ESMF library build location : /lustre/f2/dev/ncep/Mark.Potts/gfortran_8.3.0_mpi_g_develop
20220403 015454.431 INFO             PET2 ESMF_COMM                   : mpi
20220403 015454.431 INFO             PET2 ESMF_MOAB                   : enabled
20220403 015454.431 INFO             PET2 ESMF_LAPACK                 : enabled
20220403 015454.431 INFO             PET2 ESMF_NETCDF                 : enabled
20220403 015454.431 INFO             PET2 ESMF_PNETCDF                : disabled
20220403 015454.431 INFO             PET2 ESMF_PIO                    : enabled
20220403 015454.431 INFO             PET2 ESMF_YAMLCPP                : enabled
20220403 015454.500 ERROR            PET2 ESMCI_Info.C:1278 Info::set(<json>) Cannot set value  - Error/Return Code 540 (ESMC_RC_CANNOT_SET) - Key '/myIntegerKey' already in map and force=false.
20220403 015454.500 ERROR            PET2 ESMCI_Info.C:1281 Info::set(<json>) Cannot set value  - Internal subroutine call returned Error
20220403 015454.500 ERROR            PET2 ESMCI_Info.C:1323 Info::set(<json>) Cannot set value  - Internal subroutine call returned Error
20220403 015454.500 ERROR            PET2 ESMCI_Info.C:1326 Info::set(<json>) Cannot set value  - Internal subroutine call returned Error
20220403 015454.500 ERROR            PET2 ESMCI_Info.C:1374 Info::set(<scalar>) Cannot set value  - Internal subroutine call returned Error
20220403 015454.500 ERROR            PET2 ESMC_InfoCDefGeneric.C:387 ESMC_InfoSetI4() Cannot set value  - Internal subroutine call returned Error
20220403 015454.500 ERROR            PET2 ESMF_Info.F90:2866 ESMF_InfoSetI4() Cannot set value  - Internal subroutine call returned Error
20220403 015454.501 INFO             PET2  NUMBER_OF_PROCESSORS           4
20220403 015454.501 INFO             PET2  PASS  Example ESMF_InfoTutorialEx, ESMF_InfoTutorialEx.F90, line 335
20220403 015454.501 INFO             PET2 Finalizing ESMF
20220403 015454.428 INFO             PET3 !!!!!!!!!!!!!!!!!!!!!!!!!!!!!!!!!!!!!!!!!!!!!!!!!!!!!!
20220403 015454.428 INFO             PET3 !!! THE ESMF_LOG IS SET TO OUTPUT ALL LOG MESSAGES !!!
20220403 015454.428 INFO             PET3 !!!     THIS MAY CAUSE SLOWDOWN IN PERFORMANCE     !!!
20220403 015454.428 INFO             PET3 !!! FOR PRODUCTION RUNS, USE:                      !!!
20220403 015454.428 INFO             PET3 !!!                   ESMF_LOGKIND_Multi_On_Error  !!!
20220403 015454.428 INFO             PET3 !!!!!!!!!!!!!!!!!!!!!!!!!!!!!!!!!!!!!!!!!!!!!!!!!!!!!!
20220403 015454.428 INFO             PET3 Running with ESMF Version   : v8.3.0b12
20220403 015454.428 INFO             PET3 ESMF library build date/time: "Apr  3 2022" "00:27:39"
20220403 015454.428 INFO             PET3 ESMF library build location : /lustre/f2/dev/ncep/Mark.Potts/gfortran_8.3.0_mpi_g_develop
20220403 015454.428 INFO             PET3 ESMF_COMM                   : mpi
20220403 015454.429 INFO             PET3 ESMF_MOAB                   : enabled
20220403 015454.429 INFO             PET3 ESMF_LAPACK                 : enabled
20220403 015454.429 INFO             PET3 ESMF_NETCDF                 : enabled
20220403 015454.429 INFO             PET3 ESMF_PNETCDF                : disabled
20220403 015454.429 INFO             PET3 ESMF_PIO                    : enabled
20220403 015454.429 INFO             PET3 ESMF_YAMLCPP                : enabled
20220403 015454.508 ERROR            PET3 ESMCI_Info.C:1278 Info::set(<json>) Cannot set value  - Error/Return Code 540 (ESMC_RC_CANNOT_SET) - Key '/myIntegerKey' already in map and force=false.
20220403 015454.508 ERROR            PET3 ESMCI_Info.C:1281 Info::set(<json>) Cannot set value  - Internal subroutine call returned Error
20220403 015454.508 ERROR            PET3 ESMCI_Info.C:1323 Info::set(<json>) Cannot set value  - Internal subroutine call returned Error
20220403 015454.508 ERROR            PET3 ESMCI_Info.C:1326 Info::set(<json>) Cannot set value  - Internal subroutine call returned Error
20220403 015454.508 ERROR            PET3 ESMCI_Info.C:1374 Info::set(<scalar>) Cannot set value  - Internal subroutine call returned Error
20220403 015454.509 ERROR            PET3 ESMC_InfoCDefGeneric.C:387 ESMC_InfoSetI4() Cannot set value  - Internal subroutine call returned Error
20220403 015454.509 ERROR            PET3 ESMF_Info.F90:2866 ESMF_InfoSetI4() Cannot set value  - Internal subroutine call returned Error
20220403 015454.509 INFO             PET3  NUMBER_OF_PROCESSORS           4
20220403 015454.509 INFO             PET3  PASS  Example ESMF_InfoTutorialEx, ESMF_InfoTutorialEx.F90, line 335
20220403 015454.509 INFO             PET3 Finalizing ESMF
