build time -- 2022-05-24 00:52:30
20220524 022442.890 INFO             PET0 !!!!!!!!!!!!!!!!!!!!!!!!!!!!!!!!!!!!!!!!!!!!!!!!!!!!!!
20220524 022442.890 INFO             PET0 !!! THE ESMF_LOG IS SET TO OUTPUT ALL LOG MESSAGES !!!
20220524 022442.890 INFO             PET0 !!!     THIS MAY CAUSE SLOWDOWN IN PERFORMANCE     !!!
20220524 022442.890 INFO             PET0 !!! FOR PRODUCTION RUNS, USE:                      !!!
20220524 022442.890 INFO             PET0 !!!                   ESMF_LOGKIND_Multi_On_Error  !!!
20220524 022442.890 INFO             PET0 !!!!!!!!!!!!!!!!!!!!!!!!!!!!!!!!!!!!!!!!!!!!!!!!!!!!!!
20220524 022442.890 INFO             PET0 Running with ESMF Version   : v8.3.0b16
20220524 022442.891 INFO             PET0 ESMF library build date/time: "May 24 2022" "00:50:30"
20220524 022442.891 INFO             PET0 ESMF library build location : /lustre/f2/dev/ncep/Mark.Potts/gfortran_8.3.0_mpi_g_develop
20220524 022442.891 INFO             PET0 ESMF_COMM                   : mpi
20220524 022442.892 INFO             PET0 ESMF_MOAB                   : enabled
20220524 022442.892 INFO             PET0 ESMF_LAPACK                 : enabled
20220524 022442.892 INFO             PET0 ESMF_NETCDF                 : enabled
20220524 022442.892 INFO             PET0 ESMF_PNETCDF                : disabled
20220524 022442.892 INFO             PET0 ESMF_PIO                    : enabled
20220524 022442.892 INFO             PET0 ESMF_YAMLCPP                : enabled
20220524 022442.912 INFO             PET0  NUMBER_OF_PROCESSORS           4
20220524 022442.912 INFO             PET0  PASS  Example ESMF_ConfigOverviewEx, ESMF_ConfigOverviewEx.F90, line 415
20220524 022442.912 INFO             PET0 Finalizing ESMF
20220524 022442.894 INFO             PET1 !!!!!!!!!!!!!!!!!!!!!!!!!!!!!!!!!!!!!!!!!!!!!!!!!!!!!!
20220524 022442.894 INFO             PET1 !!! THE ESMF_LOG IS SET TO OUTPUT ALL LOG MESSAGES !!!
20220524 022442.894 INFO             PET1 !!!     THIS MAY CAUSE SLOWDOWN IN PERFORMANCE     !!!
20220524 022442.894 INFO             PET1 !!! FOR PRODUCTION RUNS, USE:                      !!!
20220524 022442.894 INFO             PET1 !!!                   ESMF_LOGKIND_Multi_On_Error  !!!
20220524 022442.894 INFO             PET1 !!!!!!!!!!!!!!!!!!!!!!!!!!!!!!!!!!!!!!!!!!!!!!!!!!!!!!
20220524 022442.894 INFO             PET1 Running with ESMF Version   : v8.3.0b16
20220524 022442.894 INFO             PET1 ESMF library build date/time: "May 24 2022" "00:50:30"
20220524 022442.894 INFO             PET1 ESMF library build location : /lustre/f2/dev/ncep/Mark.Potts/gfortran_8.3.0_mpi_g_develop
20220524 022442.894 INFO             PET1 ESMF_COMM                   : mpi
20220524 022442.894 INFO             PET1 ESMF_MOAB                   : enabled
20220524 022442.894 INFO             PET1 ESMF_LAPACK                 : enabled
20220524 022442.894 INFO             PET1 ESMF_NETCDF                 : enabled
20220524 022442.894 INFO             PET1 ESMF_PNETCDF                : disabled
20220524 022442.894 INFO             PET1 ESMF_PIO                    : enabled
20220524 022442.894 INFO             PET1 ESMF_YAMLCPP                : enabled
20220524 022442.912 INFO             PET1  NUMBER_OF_PROCESSORS           4
20220524 022442.912 INFO             PET1  PASS  Example ESMF_ConfigOverviewEx, ESMF_ConfigOverviewEx.F90, line 415
20220524 022442.912 INFO             PET1 Finalizing ESMF
20220524 022442.906 INFO             PET2 !!!!!!!!!!!!!!!!!!!!!!!!!!!!!!!!!!!!!!!!!!!!!!!!!!!!!!
20220524 022442.906 INFO             PET2 !!! THE ESMF_LOG IS SET TO OUTPUT ALL LOG MESSAGES !!!
20220524 022442.907 INFO             PET2 !!!     THIS MAY CAUSE SLOWDOWN IN PERFORMANCE     !!!
20220524 022442.907 INFO             PET2 !!! FOR PRODUCTION RUNS, USE:                      !!!
20220524 022442.907 INFO             PET2 !!!                   ESMF_LOGKIND_Multi_On_Error  !!!
20220524 022442.907 INFO             PET2 !!!!!!!!!!!!!!!!!!!!!!!!!!!!!!!!!!!!!!!!!!!!!!!!!!!!!!
20220524 022442.907 INFO             PET2 Running with ESMF Version   : v8.3.0b16
20220524 022442.907 INFO             PET2 ESMF library build date/time: "May 24 2022" "00:50:30"
20220524 022442.907 INFO             PET2 ESMF library build location : /lustre/f2/dev/ncep/Mark.Potts/gfortran_8.3.0_mpi_g_develop
20220524 022442.907 INFO             PET2 ESMF_COMM                   : mpi
20220524 022442.907 INFO             PET2 ESMF_MOAB                   : enabled
20220524 022442.907 INFO             PET2 ESMF_LAPACK                 : enabled
20220524 022442.907 INFO             PET2 ESMF_NETCDF                 : enabled
20220524 022442.907 INFO             PET2 ESMF_PNETCDF                : disabled
20220524 022442.907 INFO             PET2 ESMF_PIO                    : enabled
20220524 022442.907 INFO             PET2 ESMF_YAMLCPP                : enabled
20220524 022442.912 INFO             PET2  NUMBER_OF_PROCESSORS           4
20220524 022442.912 INFO             PET2  PASS  Example ESMF_ConfigOverviewEx, ESMF_ConfigOverviewEx.F90, line 415
20220524 022442.912 INFO             PET2 Finalizing ESMF
20220524 022442.890 INFO             PET3 !!!!!!!!!!!!!!!!!!!!!!!!!!!!!!!!!!!!!!!!!!!!!!!!!!!!!!
20220524 022442.890 INFO             PET3 !!! THE ESMF_LOG IS SET TO OUTPUT ALL LOG MESSAGES !!!
20220524 022442.890 INFO             PET3 !!!     THIS MAY CAUSE SLOWDOWN IN PERFORMANCE     !!!
20220524 022442.890 INFO             PET3 !!! FOR PRODUCTION RUNS, USE:                      !!!
20220524 022442.890 INFO             PET3 !!!                   ESMF_LOGKIND_Multi_On_Error  !!!
20220524 022442.890 INFO             PET3 !!!!!!!!!!!!!!!!!!!!!!!!!!!!!!!!!!!!!!!!!!!!!!!!!!!!!!
20220524 022442.890 INFO             PET3 Running with ESMF Version   : v8.3.0b16
20220524 022442.891 INFO             PET3 ESMF library build date/time: "May 24 2022" "00:50:30"
20220524 022442.891 INFO             PET3 ESMF library build location : /lustre/f2/dev/ncep/Mark.Potts/gfortran_8.3.0_mpi_g_develop
20220524 022442.891 INFO             PET3 ESMF_COMM                   : mpi
20220524 022442.892 INFO             PET3 ESMF_MOAB                   : enabled
20220524 022442.892 INFO             PET3 ESMF_LAPACK                 : enabled
20220524 022442.892 INFO             PET3 ESMF_NETCDF                 : enabled
20220524 022442.892 INFO             PET3 ESMF_PNETCDF                : disabled
20220524 022442.892 INFO             PET3 ESMF_PIO                    : enabled
20220524 022442.892 INFO             PET3 ESMF_YAMLCPP                : enabled
20220524 022442.912 INFO             PET3  NUMBER_OF_PROCESSORS           4
20220524 022442.912 INFO             PET3  PASS  Example ESMF_ConfigOverviewEx, ESMF_ConfigOverviewEx.F90, line 415
20220524 022442.912 INFO             PET3 Finalizing ESMF
