build time -- 2022-04-15 00:34:49
20220415 020228.389 INFO             PET0 !!!!!!!!!!!!!!!!!!!!!!!!!!!!!!!!!!!!!!!!!!!!!!!!!!!!!!
20220415 020228.389 INFO             PET0 !!! THE ESMF_LOG IS SET TO OUTPUT ALL LOG MESSAGES !!!
20220415 020228.389 INFO             PET0 !!!     THIS MAY CAUSE SLOWDOWN IN PERFORMANCE     !!!
20220415 020228.389 INFO             PET0 !!! FOR PRODUCTION RUNS, USE:                      !!!
20220415 020228.389 INFO             PET0 !!!                   ESMF_LOGKIND_Multi_On_Error  !!!
20220415 020228.389 INFO             PET0 !!!!!!!!!!!!!!!!!!!!!!!!!!!!!!!!!!!!!!!!!!!!!!!!!!!!!!
20220415 020228.389 INFO             PET0 Running with ESMF Version   : v8.3.0b12-66-g968479064d
20220415 020228.389 INFO             PET0 ESMF library build date/time: "Apr 15 2022" "00:32:37"
20220415 020228.389 INFO             PET0 ESMF library build location : /lustre/f2/dev/ncep/Mark.Potts/gfortran_8.3.0_mpi_g_develop
20220415 020228.389 INFO             PET0 ESMF_COMM                   : mpi
20220415 020228.389 INFO             PET0 ESMF_MOAB                   : enabled
20220415 020228.389 INFO             PET0 ESMF_LAPACK                 : enabled
20220415 020228.389 INFO             PET0 ESMF_NETCDF                 : enabled
20220415 020228.389 INFO             PET0 ESMF_PNETCDF                : disabled
20220415 020228.389 INFO             PET0 ESMF_PIO                    : enabled
20220415 020228.389 INFO             PET0 ESMF_YAMLCPP                : enabled
20220415 020228.391 INFO             PET0  NUMBER_OF_PROCESSORS           2
20220415 020228.391 INFO             PET0  PASS  Example ESMF_VMUserMpiCommEx, ESMF_VMUserMpiCommEx.F90, line 113
20220415 020228.391 INFO             PET0 Finalizing ESMF
20220415 020228.390 INFO             PET1 !!!!!!!!!!!!!!!!!!!!!!!!!!!!!!!!!!!!!!!!!!!!!!!!!!!!!!
20220415 020228.390 INFO             PET1 !!! THE ESMF_LOG IS SET TO OUTPUT ALL LOG MESSAGES !!!
20220415 020228.390 INFO             PET1 !!!     THIS MAY CAUSE SLOWDOWN IN PERFORMANCE     !!!
20220415 020228.390 INFO             PET1 !!! FOR PRODUCTION RUNS, USE:                      !!!
20220415 020228.390 INFO             PET1 !!!                   ESMF_LOGKIND_Multi_On_Error  !!!
20220415 020228.390 INFO             PET1 !!!!!!!!!!!!!!!!!!!!!!!!!!!!!!!!!!!!!!!!!!!!!!!!!!!!!!
20220415 020228.390 INFO             PET1 Running with ESMF Version   : v8.3.0b12-66-g968479064d
20220415 020228.390 INFO             PET1 ESMF library build date/time: "Apr 15 2022" "00:32:37"
20220415 020228.390 INFO             PET1 ESMF library build location : /lustre/f2/dev/ncep/Mark.Potts/gfortran_8.3.0_mpi_g_develop
20220415 020228.390 INFO             PET1 ESMF_COMM                   : mpi
20220415 020228.391 INFO             PET1 ESMF_MOAB                   : enabled
20220415 020228.391 INFO             PET1 ESMF_LAPACK                 : enabled
20220415 020228.391 INFO             PET1 ESMF_NETCDF                 : enabled
20220415 020228.391 INFO             PET1 ESMF_PNETCDF                : disabled
20220415 020228.391 INFO             PET1 ESMF_PIO                    : enabled
20220415 020228.391 INFO             PET1 ESMF_YAMLCPP                : enabled
20220415 020228.391 INFO             PET1  NUMBER_OF_PROCESSORS           2
20220415 020228.391 INFO             PET1  PASS  Example ESMF_VMUserMpiCommEx, ESMF_VMUserMpiCommEx.F90, line 113
20220415 020228.391 INFO             PET1 Finalizing ESMF
