build time -- 2022-06-03 02:12:32.083003
20220603 025253.621 INFO             PET0 !!!!!!!!!!!!!!!!!!!!!!!!!!!!!!!!!!!!!!!!!!!!!!!!!!!!!!
20220603 025253.621 INFO             PET0 !!! THE ESMF_LOG IS SET TO OUTPUT ALL LOG MESSAGES !!!
20220603 025253.621 INFO             PET0 !!!     THIS MAY CAUSE SLOWDOWN IN PERFORMANCE     !!!
20220603 025253.621 INFO             PET0 !!! FOR PRODUCTION RUNS, USE:                      !!!
20220603 025253.621 INFO             PET0 !!!                   ESMF_LOGKIND_Multi_On_Error  !!!
20220603 025253.621 INFO             PET0 !!!!!!!!!!!!!!!!!!!!!!!!!!!!!!!!!!!!!!!!!!!!!!!!!!!!!!
20220603 025253.621 INFO             PET0 Running with ESMF Version   : v8.3.0b17
20220603 025253.621 INFO             PET0 ESMF library build date/time: "Jun  3 2022" "02:11:04"
20220603 025253.621 INFO             PET0 ESMF library build location : /gpfsm/dnb04/projects/p98/mpotts/esmf/gfortran_10.1.0_intelmpi_g_release_8.3.0
20220603 025253.621 INFO             PET0 ESMF_COMM                   : intelmpi
20220603 025253.621 INFO             PET0 ESMF_MOAB                   : enabled
20220603 025253.621 INFO             PET0 ESMF_LAPACK                 : enabled
20220603 025253.621 INFO             PET0 ESMF_NETCDF                 : disabled
20220603 025253.621 INFO             PET0 ESMF_PNETCDF                : disabled
20220603 025253.621 INFO             PET0 ESMF_PIO                    : disabled
20220603 025253.621 INFO             PET0 ESMF_YAMLCPP                : enabled
20220603 025253.622 INFO             PET0  NUMBER_OF_PROCESSORS           1
20220603 025253.622 INFO             PET0  PASS  Example ESMF_AlarmEx, ESMF_AlarmEx.F90, line 244
20220603 025253.622 INFO             PET0 Finalizing ESMF
