build time -- 2022-04-04 00:37:39
20220404 011023.286 INFO             PET0 !!!!!!!!!!!!!!!!!!!!!!!!!!!!!!!!!!!!!!!!!!!!!!!!!!!!!!
20220404 011023.286 INFO             PET0 !!! THE ESMF_LOG IS SET TO OUTPUT ALL LOG MESSAGES !!!
20220404 011023.286 INFO             PET0 !!!     THIS MAY CAUSE SLOWDOWN IN PERFORMANCE     !!!
20220404 011023.286 INFO             PET0 !!! FOR PRODUCTION RUNS, USE:                      !!!
20220404 011023.286 INFO             PET0 !!!                   ESMF_LOGKIND_Multi_On_Error  !!!
20220404 011023.286 INFO             PET0 !!!!!!!!!!!!!!!!!!!!!!!!!!!!!!!!!!!!!!!!!!!!!!!!!!!!!!
20220404 011023.286 INFO             PET0 Running with ESMF Version   : v8.3.0b12
20220404 011023.286 INFO             PET0 ESMF library build date/time: "Apr  4 2022" "00:35:51"
20220404 011023.286 INFO             PET0 ESMF library build location : /lustre/f2/dev/ncep/Mark.Potts/intel_2019.5_mpiuni_g_develop
20220404 011023.286 INFO             PET0 ESMF_COMM                   : mpiuni
20220404 011023.287 INFO             PET0 ESMF_MOAB                   : enabled
20220404 011023.287 INFO             PET0 ESMF_LAPACK                 : enabled
20220404 011023.287 INFO             PET0 ESMF_NETCDF                 : enabled
20220404 011023.287 INFO             PET0 ESMF_PNETCDF                : disabled
20220404 011023.287 INFO             PET0 ESMF_PIO                    : disabled
20220404 011023.287 INFO             PET0 ESMF_YAMLCPP                : enabled
20220404 011023.292 INFO             PET0 ESMF_FieldRedistStoreNF(): Just entered routine.
20220404 011023.379 INFO             PET0 ESMF_FieldRedistStoreNF(): Leaving routine.
20220404 011023.399 INFO             PET0  NUMBER_OF_PROCESSORS           1
20220404 011023.400 INFO             PET0  PASS  Example ESMF_RHandleFromFileEx, ESMF_RHandleFromFileEx.F90, line 192
20220404 011023.400 INFO             PET0 Finalizing ESMF
