build time -- 2022-04-28 00:42:20
20220428 012359.159 INFO             PET0 !!!!!!!!!!!!!!!!!!!!!!!!!!!!!!!!!!!!!!!!!!!!!!!!!!!!!!
20220428 012359.159 INFO             PET0 !!! THE ESMF_LOG IS SET TO OUTPUT ALL LOG MESSAGES !!!
20220428 012359.159 INFO             PET0 !!!     THIS MAY CAUSE SLOWDOWN IN PERFORMANCE     !!!
20220428 012359.159 INFO             PET0 !!! FOR PRODUCTION RUNS, USE:                      !!!
20220428 012359.159 INFO             PET0 !!!                   ESMF_LOGKIND_Multi_On_Error  !!!
20220428 012359.159 INFO             PET0 !!!!!!!!!!!!!!!!!!!!!!!!!!!!!!!!!!!!!!!!!!!!!!!!!!!!!!
20220428 012359.159 INFO             PET0 Running with ESMF Version   : v8.3.0b13-3-g648c7f896f
20220428 012359.159 INFO             PET0 ESMF library build date/time: "Apr 28 2022" "00:39:55"
20220428 012359.159 INFO             PET0 ESMF library build location : /lustre/f2/dev/ncep/Mark.Potts/intel_2019.5_mpiuni_g_develop
20220428 012359.159 INFO             PET0 ESMF_COMM                   : mpiuni
20220428 012359.160 INFO             PET0 ESMF_MOAB                   : enabled
20220428 012359.160 INFO             PET0 ESMF_LAPACK                 : enabled
20220428 012359.160 INFO             PET0 ESMF_NETCDF                 : enabled
20220428 012359.160 INFO             PET0 ESMF_PNETCDF                : disabled
20220428 012359.160 INFO             PET0 ESMF_PIO                    : disabled
20220428 012359.160 INFO             PET0 ESMF_YAMLCPP                : enabled
20220428 012359.162 INFO             PET0  NUMBER_OF_PROCESSORS           1
20220428 012359.162 INFO             PET0  PASS  Example ESMF_ConfigOverviewEx, ESMF_ConfigOverviewEx.F90, line 415
20220428 012359.162 INFO             PET0 Finalizing ESMF
