build time -- 2022-04-29 00:42:05
20220429 011734.827 INFO             PET0 !!!!!!!!!!!!!!!!!!!!!!!!!!!!!!!!!!!!!!!!!!!!!!!!!!!!!!
20220429 011734.827 INFO             PET0 !!! THE ESMF_LOG IS SET TO OUTPUT ALL LOG MESSAGES !!!
20220429 011734.827 INFO             PET0 !!!     THIS MAY CAUSE SLOWDOWN IN PERFORMANCE     !!!
20220429 011734.827 INFO             PET0 !!! FOR PRODUCTION RUNS, USE:                      !!!
20220429 011734.827 INFO             PET0 !!!                   ESMF_LOGKIND_Multi_On_Error  !!!
20220429 011734.827 INFO             PET0 !!!!!!!!!!!!!!!!!!!!!!!!!!!!!!!!!!!!!!!!!!!!!!!!!!!!!!
20220429 011734.827 INFO             PET0 Running with ESMF Version   : v8.3.0b13-3-g648c7f896f
20220429 011734.827 INFO             PET0 ESMF library build date/time: "Apr 29 2022" "00:39:42"
20220429 011734.827 INFO             PET0 ESMF library build location : /lustre/f2/dev/ncep/Mark.Potts/intel_2019.5_mpiuni_g_develop
20220429 011734.827 INFO             PET0 ESMF_COMM                   : mpiuni
20220429 011734.828 INFO             PET0 ESMF_MOAB                   : enabled
20220429 011734.828 INFO             PET0 ESMF_LAPACK                 : enabled
20220429 011734.828 INFO             PET0 ESMF_NETCDF                 : enabled
20220429 011734.828 INFO             PET0 ESMF_PNETCDF                : disabled
20220429 011734.828 INFO             PET0 ESMF_PIO                    : disabled
20220429 011734.828 INFO             PET0 ESMF_YAMLCPP                : enabled
20220429 011734.835 INFO             PET0  NUMBER_OF_PROCESSORS           1
20220429 011734.835 INFO             PET0  PASS  Example ESMF_XGridSparseMatEx, ESMF_XGridSparseMatEx.F90, line 642
20220429 011734.835 INFO             PET0 Finalizing ESMF
