build time -- 2022-04-09 00:46:09
20220409 055124.039 INFO             PET0 !!!!!!!!!!!!!!!!!!!!!!!!!!!!!!!!!!!!!!!!!!!!!!!!!!!!!!
20220409 055124.039 INFO             PET0 !!! THE ESMF_LOG IS SET TO OUTPUT ALL LOG MESSAGES !!!
20220409 055124.039 INFO             PET0 !!!     THIS MAY CAUSE SLOWDOWN IN PERFORMANCE     !!!
20220409 055124.039 INFO             PET0 !!! FOR PRODUCTION RUNS, USE:                      !!!
20220409 055124.039 INFO             PET0 !!!                   ESMF_LOGKIND_Multi_On_Error  !!!
20220409 055124.039 INFO             PET0 !!!!!!!!!!!!!!!!!!!!!!!!!!!!!!!!!!!!!!!!!!!!!!!!!!!!!!
20220409 055124.039 INFO             PET0 Running with ESMF Version   : v8.3.0b12-1-g7c85d54760
20220409 055124.039 INFO             PET0 ESMF library build date/time: "Apr  9 2022" "00:43:37"
20220409 055124.039 INFO             PET0 ESMF library build location : /lustre/f2/dev/ncep/Mark.Potts/intel_2019.5_mpiuni_g_develop
20220409 055124.039 INFO             PET0 ESMF_COMM                   : mpiuni
20220409 055124.040 INFO             PET0 ESMF_MOAB                   : enabled
20220409 055124.040 INFO             PET0 ESMF_LAPACK                 : enabled
20220409 055124.040 INFO             PET0 ESMF_NETCDF                 : enabled
20220409 055124.040 INFO             PET0 ESMF_PNETCDF                : disabled
20220409 055124.040 INFO             PET0 ESMF_PIO                    : disabled
20220409 055124.040 INFO             PET0 ESMF_YAMLCPP                : enabled
20220409 055124.042 INFO             PET0  NUMBER_OF_PROCESSORS           1
20220409 055124.042 INFO             PET0  PASS  Example ESMF_AppMainEx, ESMF_AppMainEx.F90, line 486
20220409 055124.042 INFO             PET0 Finalizing ESMF
