build time -- 2022-05-28 00:53:24
20220528 013242.156 INFO             PET0 !!!!!!!!!!!!!!!!!!!!!!!!!!!!!!!!!!!!!!!!!!!!!!!!!!!!!!
20220528 013242.156 INFO             PET0 !!! THE ESMF_LOG IS SET TO OUTPUT ALL LOG MESSAGES !!!
20220528 013242.156 INFO             PET0 !!!     THIS MAY CAUSE SLOWDOWN IN PERFORMANCE     !!!
20220528 013242.156 INFO             PET0 !!! FOR PRODUCTION RUNS, USE:                      !!!
20220528 013242.156 INFO             PET0 !!!                   ESMF_LOGKIND_Multi_On_Error  !!!
20220528 013242.156 INFO             PET0 !!!!!!!!!!!!!!!!!!!!!!!!!!!!!!!!!!!!!!!!!!!!!!!!!!!!!!
20220528 013242.156 INFO             PET0 Running with ESMF Version   : v8.3.0b16
20220528 013242.157 INFO             PET0 ESMF library build date/time: "May 28 2022" "00:51:31"
20220528 013242.157 INFO             PET0 ESMF library build location : /lustre/f2/dev/ncep/Mark.Potts/intel_2019.5_mpiuni_g_develop
20220528 013242.157 INFO             PET0 ESMF_COMM                   : mpiuni
20220528 013242.158 INFO             PET0 ESMF_MOAB                   : enabled
20220528 013242.158 INFO             PET0 ESMF_LAPACK                 : enabled
20220528 013242.158 INFO             PET0 ESMF_NETCDF                 : enabled
20220528 013242.158 INFO             PET0 ESMF_PNETCDF                : disabled
20220528 013242.158 INFO             PET0 ESMF_PIO                    : disabled
20220528 013242.158 INFO             PET0 ESMF_YAMLCPP                : enabled
20220528 013245.438 INFO             PET0  NUMBER_OF_PROCESSORS           1
20220528 013245.438 INFO             PET0  PASS  Example ESMF_AlarmEx, ESMF_AlarmEx.F90, line 244
20220528 013245.438 INFO             PET0 Finalizing ESMF
