build time -- 2022-05-05 00:44:54
20220505 013731.590 INFO             PET0 !!!!!!!!!!!!!!!!!!!!!!!!!!!!!!!!!!!!!!!!!!!!!!!!!!!!!!
20220505 013731.590 INFO             PET0 !!! THE ESMF_LOG IS SET TO OUTPUT ALL LOG MESSAGES !!!
20220505 013731.590 INFO             PET0 !!!     THIS MAY CAUSE SLOWDOWN IN PERFORMANCE     !!!
20220505 013731.590 INFO             PET0 !!! FOR PRODUCTION RUNS, USE:                      !!!
20220505 013731.590 INFO             PET0 !!!                   ESMF_LOGKIND_Multi_On_Error  !!!
20220505 013731.590 INFO             PET0 !!!!!!!!!!!!!!!!!!!!!!!!!!!!!!!!!!!!!!!!!!!!!!!!!!!!!!
20220505 013731.590 INFO             PET0 Running with ESMF Version   : v8.3.0b13-17-g28d0d30e65
20220505 013731.590 INFO             PET0 ESMF library build date/time: "May  5 2022" "00:42:35"
20220505 013731.590 INFO             PET0 ESMF library build location : /lustre/f2/dev/ncep/Mark.Potts/intel_2019.5_mpiuni_g_develop
20220505 013731.590 INFO             PET0 ESMF_COMM                   : mpiuni
20220505 013731.591 INFO             PET0 ESMF_MOAB                   : enabled
20220505 013731.591 INFO             PET0 ESMF_LAPACK                 : enabled
20220505 013731.591 INFO             PET0 ESMF_NETCDF                 : enabled
20220505 013731.591 INFO             PET0 ESMF_PNETCDF                : disabled
20220505 013731.591 INFO             PET0 ESMF_PIO                    : disabled
20220505 013731.591 INFO             PET0 ESMF_YAMLCPP                : enabled
20220505 013731.593 INFO             PET0  NUMBER_OF_PROCESSORS           1
20220505 013731.593 INFO             PET0  PASS  Example ESMF_CplEx, ESMF_CplEx.F90, line 457
20220505 013731.593 INFO             PET0 Finalizing ESMF
