build time -- 2022-05-27 00:51:25
20220527 012720.082 INFO             PET0 !!!!!!!!!!!!!!!!!!!!!!!!!!!!!!!!!!!!!!!!!!!!!!!!!!!!!!
20220527 012720.082 INFO             PET0 !!! THE ESMF_LOG IS SET TO OUTPUT ALL LOG MESSAGES !!!
20220527 012720.082 INFO             PET0 !!!     THIS MAY CAUSE SLOWDOWN IN PERFORMANCE     !!!
20220527 012720.082 INFO             PET0 !!! FOR PRODUCTION RUNS, USE:                      !!!
20220527 012720.082 INFO             PET0 !!!                   ESMF_LOGKIND_Multi_On_Error  !!!
20220527 012720.082 INFO             PET0 !!!!!!!!!!!!!!!!!!!!!!!!!!!!!!!!!!!!!!!!!!!!!!!!!!!!!!
20220527 012720.082 INFO             PET0 Running with ESMF Version   : v8.3.0b16
20220527 012720.082 INFO             PET0 ESMF library build date/time: "May 27 2022" "00:49:38"
20220527 012720.082 INFO             PET0 ESMF library build location : /lustre/f2/dev/ncep/Mark.Potts/intel_2019.5_mpiuni_g_develop
20220527 012720.082 INFO             PET0 ESMF_COMM                   : mpiuni
20220527 012721.605 INFO             PET0 ESMF_MOAB                   : enabled
20220527 012721.605 INFO             PET0 ESMF_LAPACK                 : enabled
20220527 012721.605 INFO             PET0 ESMF_NETCDF                 : enabled
20220527 012721.606 INFO             PET0 ESMF_PNETCDF                : disabled
20220527 012721.606 INFO             PET0 ESMF_PIO                    : disabled
20220527 012721.606 INFO             PET0 ESMF_YAMLCPP                : enabled
20220527 012721.606 INFO             PET0  NUMBER_OF_PROCESSORS           1
20220527 012721.606 INFO             PET0  PASS  Example ESMF_ClockEx, ESMF_ClockEx.F90, line 220
20220527 012721.606 INFO             PET0 Finalizing ESMF
