build time -- 2022-05-18 00:48:53
20220518 013302.112 INFO             PET0 !!!!!!!!!!!!!!!!!!!!!!!!!!!!!!!!!!!!!!!!!!!!!!!!!!!!!!
20220518 013302.112 INFO             PET0 !!! THE ESMF_LOG IS SET TO OUTPUT ALL LOG MESSAGES !!!
20220518 013302.112 INFO             PET0 !!!     THIS MAY CAUSE SLOWDOWN IN PERFORMANCE     !!!
20220518 013302.112 INFO             PET0 !!! FOR PRODUCTION RUNS, USE:                      !!!
20220518 013302.112 INFO             PET0 !!!                   ESMF_LOGKIND_Multi_On_Error  !!!
20220518 013302.112 INFO             PET0 !!!!!!!!!!!!!!!!!!!!!!!!!!!!!!!!!!!!!!!!!!!!!!!!!!!!!!
20220518 013302.112 INFO             PET0 Running with ESMF Version   : v8.3.0b15
20220518 013302.112 INFO             PET0 ESMF library build date/time: "May 18 2022" "00:44:35"
20220518 013302.112 INFO             PET0 ESMF library build location : /lustre/f2/dev/ncep/Mark.Potts/intel_2019.5_mpiuni_g_develop
20220518 013302.112 INFO             PET0 ESMF_COMM                   : mpiuni
20220518 013305.719 INFO             PET0 ESMF_MOAB                   : enabled
20220518 013305.719 INFO             PET0 ESMF_LAPACK                 : enabled
20220518 013305.719 INFO             PET0 ESMF_NETCDF                 : enabled
20220518 013305.719 INFO             PET0 ESMF_PNETCDF                : disabled
20220518 013305.719 INFO             PET0 ESMF_PIO                    : disabled
20220518 013305.719 INFO             PET0 ESMF_YAMLCPP                : enabled
20220518 013305.720 INFO             PET0  NUMBER_OF_PROCESSORS           1
20220518 013305.720 INFO             PET0  PASS  Example ESMF_InternalStateModEx, ESMF_InternalStateModEx.F90, line 239
20220518 013305.720 INFO             PET0 Finalizing ESMF
