build time -- 2022-05-16 00:33:23
20220516 010433.444 INFO             PET0 !!!!!!!!!!!!!!!!!!!!!!!!!!!!!!!!!!!!!!!!!!!!!!!!!!!!!!
20220516 010433.444 INFO             PET0 !!! THE ESMF_LOG IS SET TO OUTPUT ALL LOG MESSAGES !!!
20220516 010433.444 INFO             PET0 !!!     THIS MAY CAUSE SLOWDOWN IN PERFORMANCE     !!!
20220516 010433.444 INFO             PET0 !!! FOR PRODUCTION RUNS, USE:                      !!!
20220516 010433.444 INFO             PET0 !!!                   ESMF_LOGKIND_Multi_On_Error  !!!
20220516 010433.444 INFO             PET0 !!!!!!!!!!!!!!!!!!!!!!!!!!!!!!!!!!!!!!!!!!!!!!!!!!!!!!
20220516 010433.444 INFO             PET0 Running with ESMF Version   : v8.3.0b14-2-gde129fc120
20220516 010433.444 INFO             PET0 ESMF library build date/time: "May 16 2022" "00:31:36"
20220516 010433.444 INFO             PET0 ESMF library build location : /lustre/f2/dev/ncep/Mark.Potts/intel_2019.5_mpiuni_g_develop
20220516 010433.444 INFO             PET0 ESMF_COMM                   : mpiuni
20220516 010433.445 INFO             PET0 ESMF_MOAB                   : enabled
20220516 010433.445 INFO             PET0 ESMF_LAPACK                 : enabled
20220516 010433.445 INFO             PET0 ESMF_NETCDF                 : enabled
20220516 010433.445 INFO             PET0 ESMF_PNETCDF                : disabled
20220516 010433.445 INFO             PET0 ESMF_PIO                    : disabled
20220516 010433.445 INFO             PET0 ESMF_YAMLCPP                : enabled
20220516 010433.459 INFO             PET0  NUMBER_OF_PROCESSORS           1
20220516 010433.460 INFO             PET0  PASS  Example ESMF_LocStreamEx, ESMF_LocStreamEx.F90, line 784
20220516 010433.460 INFO             PET0 Finalizing ESMF
