build time -- 2022-06-06 18:19:18
20220606 184014.981 INFO             PET0 !!!!!!!!!!!!!!!!!!!!!!!!!!!!!!!!!!!!!!!!!!!!!!!!!!!!!!
20220606 184014.981 INFO             PET0 !!! THE ESMF_LOG IS SET TO OUTPUT ALL LOG MESSAGES !!!
20220606 184014.981 INFO             PET0 !!!     THIS MAY CAUSE SLOWDOWN IN PERFORMANCE     !!!
20220606 184014.981 INFO             PET0 !!! FOR PRODUCTION RUNS, USE:                      !!!
20220606 184014.981 INFO             PET0 !!!                   ESMF_LOGKIND_Multi_On_Error  !!!
20220606 184014.981 INFO             PET0 !!!!!!!!!!!!!!!!!!!!!!!!!!!!!!!!!!!!!!!!!!!!!!!!!!!!!!
20220606 184014.981 INFO             PET0 Running with ESMF Version   : v8.3.0
20220606 184014.981 INFO             PET0 ESMF library build date/time: "Jun  6 2022" "18:18:14"
20220606 184014.981 INFO             PET0 ESMF library build location : /scratch1/NCEPDEV/stmp2/role.esmfmaint/gfortran_9.2.0b_openmpi_O_v8.3.0
20220606 184014.981 INFO             PET0 ESMF_COMM                   : openmpi
20220606 184014.982 INFO             PET0 ESMF_MOAB                   : enabled
20220606 184014.982 INFO             PET0 ESMF_LAPACK                 : enabled
20220606 184014.982 INFO             PET0 ESMF_NETCDF                 : disabled
20220606 184014.982 INFO             PET0 ESMF_PNETCDF                : disabled
20220606 184014.982 INFO             PET0 ESMF_PIO                    : disabled
20220606 184014.982 INFO             PET0 ESMF_YAMLCPP                : enabled
20220606 184015.016 DEBUG            PET0 about to destroy Grid: 0xda82a0
20220606 184015.019 DEBUG            PET0 about to destroy Grid: 0xda9d40
20220606 184015.028 INFO             PET0  NUMBER_OF_PROCESSORS           4
20220606 184015.028 INFO             PET0  PASS  Example ESMF_NUOPCAtmModelEx, ESMF_NUOPCAtmModelEx.F90, line 806
20220606 184015.028 INFO             PET0 Finalizing ESMF
20220606 184014.982 INFO             PET1 !!!!!!!!!!!!!!!!!!!!!!!!!!!!!!!!!!!!!!!!!!!!!!!!!!!!!!
20220606 184014.982 INFO             PET1 !!! THE ESMF_LOG IS SET TO OUTPUT ALL LOG MESSAGES !!!
20220606 184014.982 INFO             PET1 !!!     THIS MAY CAUSE SLOWDOWN IN PERFORMANCE     !!!
20220606 184014.982 INFO             PET1 !!! FOR PRODUCTION RUNS, USE:                      !!!
20220606 184014.982 INFO             PET1 !!!                   ESMF_LOGKIND_Multi_On_Error  !!!
20220606 184014.982 INFO             PET1 !!!!!!!!!!!!!!!!!!!!!!!!!!!!!!!!!!!!!!!!!!!!!!!!!!!!!!
20220606 184014.982 INFO             PET1 Running with ESMF Version   : v8.3.0
20220606 184014.982 INFO             PET1 ESMF library build date/time: "Jun  6 2022" "18:18:14"
20220606 184014.982 INFO             PET1 ESMF library build location : /scratch1/NCEPDEV/stmp2/role.esmfmaint/gfortran_9.2.0b_openmpi_O_v8.3.0
20220606 184014.982 INFO             PET1 ESMF_COMM                   : openmpi
20220606 184014.983 INFO             PET1 ESMF_MOAB                   : enabled
20220606 184014.983 INFO             PET1 ESMF_LAPACK                 : enabled
20220606 184014.983 INFO             PET1 ESMF_NETCDF                 : disabled
20220606 184014.983 INFO             PET1 ESMF_PNETCDF                : disabled
20220606 184014.983 INFO             PET1 ESMF_PIO                    : disabled
20220606 184014.983 INFO             PET1 ESMF_YAMLCPP                : enabled
20220606 184015.016 DEBUG            PET1 about to destroy Grid: 0x21d9470
20220606 184015.019 DEBUG            PET1 about to destroy Grid: 0x21da380
20220606 184015.029 INFO             PET1  NUMBER_OF_PROCESSORS           4
20220606 184015.029 INFO             PET1  PASS  Example ESMF_NUOPCAtmModelEx, ESMF_NUOPCAtmModelEx.F90, line 806
20220606 184015.029 INFO             PET1 Finalizing ESMF
20220606 184014.981 INFO             PET2 !!!!!!!!!!!!!!!!!!!!!!!!!!!!!!!!!!!!!!!!!!!!!!!!!!!!!!
20220606 184014.981 INFO             PET2 !!! THE ESMF_LOG IS SET TO OUTPUT ALL LOG MESSAGES !!!
20220606 184014.981 INFO             PET2 !!!     THIS MAY CAUSE SLOWDOWN IN PERFORMANCE     !!!
20220606 184014.981 INFO             PET2 !!! FOR PRODUCTION RUNS, USE:                      !!!
20220606 184014.981 INFO             PET2 !!!                   ESMF_LOGKIND_Multi_On_Error  !!!
20220606 184014.981 INFO             PET2 !!!!!!!!!!!!!!!!!!!!!!!!!!!!!!!!!!!!!!!!!!!!!!!!!!!!!!
20220606 184014.981 INFO             PET2 Running with ESMF Version   : v8.3.0
20220606 184014.981 INFO             PET2 ESMF library build date/time: "Jun  6 2022" "18:18:14"
20220606 184014.981 INFO             PET2 ESMF library build location : /scratch1/NCEPDEV/stmp2/role.esmfmaint/gfortran_9.2.0b_openmpi_O_v8.3.0
20220606 184014.981 INFO             PET2 ESMF_COMM                   : openmpi
20220606 184014.982 INFO             PET2 ESMF_MOAB                   : enabled
20220606 184014.982 INFO             PET2 ESMF_LAPACK                 : enabled
20220606 184014.982 INFO             PET2 ESMF_NETCDF                 : disabled
20220606 184014.982 INFO             PET2 ESMF_PNETCDF                : disabled
20220606 184014.982 INFO             PET2 ESMF_PIO                    : disabled
20220606 184014.982 INFO             PET2 ESMF_YAMLCPP                : enabled
20220606 184015.016 DEBUG            PET2 about to destroy Grid: 0x25f1120
20220606 184015.019 DEBUG            PET2 about to destroy Grid: 0x25f2090
20220606 184015.028 INFO             PET2  NUMBER_OF_PROCESSORS           4
20220606 184015.028 INFO             PET2  PASS  Example ESMF_NUOPCAtmModelEx, ESMF_NUOPCAtmModelEx.F90, line 806
20220606 184015.028 INFO             PET2 Finalizing ESMF
20220606 184014.982 INFO             PET3 !!!!!!!!!!!!!!!!!!!!!!!!!!!!!!!!!!!!!!!!!!!!!!!!!!!!!!
20220606 184014.982 INFO             PET3 !!! THE ESMF_LOG IS SET TO OUTPUT ALL LOG MESSAGES !!!
20220606 184014.982 INFO             PET3 !!!     THIS MAY CAUSE SLOWDOWN IN PERFORMANCE     !!!
20220606 184014.982 INFO             PET3 !!! FOR PRODUCTION RUNS, USE:                      !!!
20220606 184014.982 INFO             PET3 !!!                   ESMF_LOGKIND_Multi_On_Error  !!!
20220606 184014.982 INFO             PET3 !!!!!!!!!!!!!!!!!!!!!!!!!!!!!!!!!!!!!!!!!!!!!!!!!!!!!!
20220606 184014.982 INFO             PET3 Running with ESMF Version   : v8.3.0
20220606 184014.982 INFO             PET3 ESMF library build date/time: "Jun  6 2022" "18:18:14"
20220606 184014.982 INFO             PET3 ESMF library build location : /scratch1/NCEPDEV/stmp2/role.esmfmaint/gfortran_9.2.0b_openmpi_O_v8.3.0
20220606 184014.982 INFO             PET3 ESMF_COMM                   : openmpi
20220606 184014.982 INFO             PET3 ESMF_MOAB                   : enabled
20220606 184014.982 INFO             PET3 ESMF_LAPACK                 : enabled
20220606 184014.982 INFO             PET3 ESMF_NETCDF                 : disabled
20220606 184014.982 INFO             PET3 ESMF_PNETCDF                : disabled
20220606 184014.982 INFO             PET3 ESMF_PIO                    : disabled
20220606 184014.982 INFO             PET3 ESMF_YAMLCPP                : enabled
20220606 184015.016 DEBUG            PET3 about to destroy Grid: 0x1faf660
20220606 184015.019 DEBUG            PET3 about to destroy Grid: 0x1fb0bf0
20220606 184015.028 INFO             PET3  NUMBER_OF_PROCESSORS           4
20220606 184015.028 INFO             PET3  PASS  Example ESMF_NUOPCAtmModelEx, ESMF_NUOPCAtmModelEx.F90, line 806
20220606 184015.028 INFO             PET3 Finalizing ESMF
