build time -- 2022-06-07 05:57:15
[1654582622.389576] [h24c35:279818:0]         mxm.c:196  MXM  WARN  The 'ulimit -s' on the system is set to 'unlimited'. This may have negative performance implications. Please set the stack size to the default value (10240) 
[1654582622.394570] [h24c35:279818:0]         mxm.c:196  MXM  WARN  The 'ulimit -s' on the system is set to 'unlimited'. This may have negative performance implications. Please set the stack size to the default value (10240) 
[1654582622.389622] [h24c35:279816:0]         mxm.c:196  MXM  WARN  The 'ulimit -s' on the system is set to 'unlimited'. This may have negative performance implications. Please set the stack size to the default value (10240) 
[1654582622.394631] [h24c35:279816:0]         mxm.c:196  MXM  WARN  The 'ulimit -s' on the system is set to 'unlimited'. This may have negative performance implications. Please set the stack size to the default value (10240) 
[1654582622.383369] [h24c35:279815:0]         mxm.c:196  MXM  WARN  The 'ulimit -s' on the system is set to 'unlimited'. This may have negative performance implications. Please set the stack size to the default value (10240) 
[1654582622.388218] [h24c35:279815:0]         mxm.c:196  MXM  WARN  The 'ulimit -s' on the system is set to 'unlimited'. This may have negative performance implications. Please set the stack size to the default value (10240) 
[1654582622.382226] [h24c35:279817:0]         mxm.c:196  MXM  WARN  The 'ulimit -s' on the system is set to 'unlimited'. This may have negative performance implications. Please set the stack size to the default value (10240) 
[1654582622.387016] [h24c35:279817:0]         mxm.c:196  MXM  WARN  The 'ulimit -s' on the system is set to 'unlimited'. This may have negative performance implications. Please set the stack size to the default value (10240) 
 sumA =   0.700000048    
 sumB =   0.699999988    
 sumC =   0.900000036    
 sumD =   0.900000036    
 sumE =   0.899999976    
 result SRCSEQ#1 =   0.700000048      expect:   0.700000048    
 result SRCSEQ#2 =   0.700000048      expect:   0.700000048    
 result SRCPET#1 =   0.700000048      expect:   0.700000048    
 result SRCPET#2 =   0.699999988      expect:   0.699999988    
 result SRCPET#3 =   0.700000048      expect:   0.700000048    
 result SRCPET#4 =   0.699999988      expect:   0.699999988    
 result SRCPET#5 =   0.700000048      expect:   0.700000048    
 result SRCPET#6 =   0.700000048      expect:   0.700000048    
 result SRCPET#7 =   0.699999988      expect:   0.699999988    
 result SRCPET#8 =   0.900000036      expect:   0.900000036    
 result SRCPET#9 =   0.900000036      expect:   0.900000036    
 result SRCPET#10 =   0.899999976      expect:   0.899999976    
 SMM parameters determined via auto-tuning -> dump to file
 result SRCPET#11 =   0.899999976    
 SMM parameters successfully read from file
  srcTermProcessing=           6  pipelineDepth=           1  ==>> sumCompare=  0.899999976    
 result SRCPET#11 =   0.899999976      expect:   0.899999976    
 SMM parameters successfully read from file
  srcTermProcessing=           6  pipelineDepth=           1  ==>> sumCompare=  0.899999976    
 result SRCPET#11 =   0.899999976      expect:   0.899999976    
 SMM parameters successfully read from file
  srcTermProcessing=           6  pipelineDepth=           1  ==>> sumCompare=  0.899999976    
 result SRCPET#11 =   0.899999976      expect:   0.899999976    
 SMM parameters successfully read from file
  srcTermProcessing=           6  pipelineDepth=           1  ==>> sumCompare=  0.899999976    
 result SRCPET#11 =   0.899999976      expect:   0.899999976    
 result SRCSEQ#3 =   0.900000036      expect:   0.900000036    
  PASS  Example ESMF_RHandleBitForBitEx, ESMF_RHandleBitForBitEx.F90, line 1557
  PASS  Example ESMF_RHandleBitForBitEx, ESMF_RHandleBitForBitEx.F90, line 1557
  PASS  Example ESMF_RHandleBitForBitEx, ESMF_RHandleBitForBitEx.F90, line 1557
  PASS  Example ESMF_RHandleBitForBitEx, ESMF_RHandleBitForBitEx.F90, line 1557
 PASS: ESMF_RHandleBitForBitEx.F90
 PASS: ESMF_RHandleBitForBitEx.F90
 PASS: ESMF_RHandleBitForBitEx.F90
 PASS: ESMF_RHandleBitForBitEx.F90
