build time -- 2022-06-07 05:57:15
[1654582662.675135] [h24c35:292249:0]         mxm.c:196  MXM  WARN  The 'ulimit -s' on the system is set to 'unlimited'. This may have negative performance implications. Please set the stack size to the default value (10240) 
[1654582662.680313] [h24c35:292249:0]         mxm.c:196  MXM  WARN  The 'ulimit -s' on the system is set to 'unlimited'. This may have negative performance implications. Please set the stack size to the default value (10240) 
[1654582662.675189] [h24c35:292247:0]         mxm.c:196  MXM  WARN  The 'ulimit -s' on the system is set to 'unlimited'. This may have negative performance implications. Please set the stack size to the default value (10240) 
[1654582662.680364] [h24c35:292247:0]         mxm.c:196  MXM  WARN  The 'ulimit -s' on the system is set to 'unlimited'. This may have negative performance implications. Please set the stack size to the default value (10240) 
[1654582662.668557] [h24c35:292246:0]         mxm.c:196  MXM  WARN  The 'ulimit -s' on the system is set to 'unlimited'. This may have negative performance implications. Please set the stack size to the default value (10240) 
[1654582662.673385] [h24c35:292246:0]         mxm.c:196  MXM  WARN  The 'ulimit -s' on the system is set to 'unlimited'. This may have negative performance implications. Please set the stack size to the default value (10240) 
[1654582662.667975] [h24c35:292248:0]         mxm.c:196  MXM  WARN  The 'ulimit -s' on the system is set to 'unlimited'. This may have negative performance implications. Please set the stack size to the default value (10240) 
[1654582662.672816] [h24c35:292248:0]         mxm.c:196  MXM  WARN  The 'ulimit -s' on the system is set to 'unlimited'. This may have negative performance implications. Please set the stack size to the default value (10240) 
 Field Get Data Pointer example returned
 Field Get Data Pointer example returned
 Field Get Grid and Array example returned
 Field Get Grid and Array example returned
 Field creation from Grid, typekind, and rank returned
 Field Get Data Pointer example returned
 Field Get Grid and Array example returned
 Field creation from Grid, typekind, and rank returned
 Field Get Data Pointer example returned
 Field Get Grid and Array example returned
 Field creation from Grid, typekind, and rank returned
 Field creation from Grid, typekind, and rank returned
 Field creation from Grid and Arrayspec returned
 Field creation from Grid and Arrayspec returned
 Field Create from a Grid and an Array returned
 Field Create from a Grid and an Array returned
 Complete a Field created by ESMF_FieldEmptyCreate returned
 Complete a Field created by ESMF_FieldEmptyCreate returned
 Complete a Field created by ESMF_FieldEmptyCreate returned
 Complete a Field created by ESMF_FieldEmptyCreate returned
 Field creation from Grid and Arrayspec returned
 Field creation from Grid and Arrayspec returned
 Field Create from a Grid and an Array returned
 Field Create from a Grid and an Array returned
 Complete a Field created by ESMF_FieldEmptyCreate returned
 Complete a Field created by ESMF_FieldEmptyCreate returned
 Complete a Field created by ESMF_FieldEmptyCreate returned
 Complete a Field created by ESMF_FieldEmptyCreate returned
 Field Create from a Grid and a Fortran data pointer returned
 Field Create from a Grid and a Fortran data pointer returned
 Field Create from a Grid and a Fortran data pointer returned
 Field Create from a Grid and a Fortran data pointer returned
  PASS  Example ESMF_FieldEx, ESMF_FieldEx.F90, line 999
  PASS  Example ESMF_FieldEx, ESMF_FieldEx.F90, line 999
  PASS  Example ESMF_FieldEx, ESMF_FieldEx.F90, line 999
  PASS  Example ESMF_FieldEx, ESMF_FieldEx.F90, line 999
 PASS: ESMF_FieldEx.F90
 PASS: ESMF_FieldEx.F90
 PASS: ESMF_FieldEx.F90
 PASS: ESMF_FieldEx.F90
