build time -- 2022-06-07 06:13:11
[1654583767.000571] [h24c52:26737:0]         mxm.c:196  MXM  WARN  The 'ulimit -s' on the system is set to 'unlimited'. This may have negative performance implications. Please set the stack size to the default value (10240) 
[1654583767.005664] [h24c52:26737:0]         mxm.c:196  MXM  WARN  The 'ulimit -s' on the system is set to 'unlimited'. This may have negative performance implications. Please set the stack size to the default value (10240) 
[1654583767.000515] [h24c52:26739:0]         mxm.c:196  MXM  WARN  The 'ulimit -s' on the system is set to 'unlimited'. This may have negative performance implications. Please set the stack size to the default value (10240) 
[1654583767.005621] [h24c52:26739:0]         mxm.c:196  MXM  WARN  The 'ulimit -s' on the system is set to 'unlimited'. This may have negative performance implications. Please set the stack size to the default value (10240) 
[1654583766.992416] [h24c52:26738:0]         mxm.c:196  MXM  WARN  The 'ulimit -s' on the system is set to 'unlimited'. This may have negative performance implications. Please set the stack size to the default value (10240) 
[1654583766.997361] [h24c52:26738:0]         mxm.c:196  MXM  WARN  The 'ulimit -s' on the system is set to 'unlimited'. This may have negative performance implications. Please set the stack size to the default value (10240) 
[1654583766.991312] [h24c52:26740:0]         mxm.c:196  MXM  WARN  The 'ulimit -s' on the system is set to 'unlimited'. This may have negative performance implications. Please set the stack size to the default value (10240) 
[1654583766.996203] [h24c52:26740:0]         mxm.c:196  MXM  WARN  The 'ulimit -s' on the system is set to 'unlimited'. This may have negative performance implications. Please set the stack size to the default value (10240) 
 State Reconcile Example 1: Component Creation
 State Reconcile Example 1: Component Creation
 State Reconcile Example 1: Component Creation
 State Reconcile Example 1: Component Creation
 GridComp Create returned, name = Atmosphere
 GridComp Create returned, name = Atmosphere
 GridComp Create returned, name = Atmosphere
 GridComp Create returned, name = Atmosphere
 GridComp Create returned, name = Ocean
 GridComp Create returned, name = Ocean
 GridComp Create returned, name = Ocean
 GridComp Create returned, name = Ocean
 State Create returned, name = Ocn2Atm
 State Example 1 finished
 State Create returned, name = Ocn2Atm
 State Example 1 finished
 State Create returned, name = Ocn2Atm
 State Example 1 finished
 State Create returned, name = Ocn2Atm
 State Example 1 finished
 ready to set entry point 1
 ready to set entry point 2
 ready to set entry point 1
 ready to set entry point 2
 ready to call init for comp 1
 ready to set entry point 1
 ready to set entry point 2
 ready to call init for comp 1
 ready to call init for comp 1
 ready to set entry point 1
 ready to set entry point 2
 ready to call init for comp 1
 ready to call init for comp 2
 i am comp1_init
 i am comp2_init
 i am comp1_init
 ready to call init for comp 2
 i am comp2_init
 ready to call init for comp 2
 State Example 2 finished
 State before calling StateReconcile()
 State Example 2 finished
 State before calling StateReconcile()
 State Example 2 finished
 State before calling StateReconcile()
 ready to call init for comp 2
 State Example 2 finished
 State before calling StateReconcile()
 ESMF_StatePrint: (pet 3):
 ESMF_StatePrint: (pet 2):
 ESMF_StatePrint: (pet 0):
  State name: Ocn2Atm
  State name: Ocn2Atm
  State name: Ocn2Atm
 ESMF_StatePrint: (pet 1):
  State name: Ocn2Atm
     status: Unspecified intent direction, object count: 0
     reconcile needed: F
     status: Unspecified intent direction, object count: 0
     reconcile needed: F
     status: Unspecified intent direction, object count: 0
     reconcile needed: F
     status: Unspecified intent direction, object count: 0
     reconcile needed: F
 Base name    = Ocn2Atm
 Base name    = Ocn2Atm
 Base name    = Ocn2Atm
 Base name    = Ocn2Atm
 Status: Base = Ready,  object = Ready
 Proxy        = no
 Root Info (Attributes):
 Status: Base = Ready,  object = Ready
 Proxy        = no
 Root Info (Attributes):
 Status: Base = Ready,  object = Ready
 Proxy        = no
 Root Info (Attributes):
 Status: Base = Ready,  object = Ready
 Proxy        = no
 Root Info (Attributes):
{} State after calling StateReconcile()
 ESMF_StatePrint: (pet 3):
{} State after calling StateReconcile()
 ESMF_StatePrint: (pet 0):
{} State after calling StateReconcile()
 ESMF_StatePrint: (pet 2):
  State name: Ocn2Atm
  State name: Ocn2Atm
     status: Unspecified intent direction, object count: 0
     reconcile needed: F
 Base name    = Ocn2Atm
 Status: Base = Ready,  object = Ready
 Proxy        = no
 Root Info (Attributes):
  State name: Ocn2Atm
     status: Unspecified intent direction, object count: 0
     reconcile needed: F
 Base name    = Ocn2Atm
 Status: Base = Ready,  object = Ready
 Proxy        = no
 Root Info (Attributes):
{} State after calling StateReconcile()
 ESMF_StatePrint: (pet 1):
  State name: Ocn2Atm
     status: Unspecified intent direction, object count: 0
     reconcile needed: F
 Base name    = Ocn2Atm
     status: Unspecified intent direction, object count: 0
     reconcile needed: F
 Base name    = Ocn2Atm
 Status: Base = Ready,  object = Ready
 Proxy        = no
 Root Info (Attributes):
{} State Example 3 finished
 Status: Base = Ready,  object = Ready
 Proxy        = no
 Root Info (Attributes):
{} State Example 3 finished
{} State Example 3 finished
{} State Example 3 finished
  PASS  Example ESMF_StateReconcileEx, ESMF_StateReconcileEx.F90, line 294
  PASS  Example ESMF_StateReconcileEx, ESMF_StateReconcileEx.F90, line 294
  PASS  Example ESMF_StateReconcileEx, ESMF_StateReconcileEx.F90, line 294
  PASS  Example ESMF_StateReconcileEx, ESMF_StateReconcileEx.F90, line 294
 PASS: ESMF_StateReconcileEx.F90
 PASS: ESMF_StateReconcileEx.F90
 PASS: ESMF_StateReconcileEx.F90
 PASS: ESMF_StateReconcileEx.F90
