build time -- 2022-06-07 06:13:11
[1654583720.835315] [h24c52:16909:0]         mxm.c:196  MXM  WARN  The 'ulimit -s' on the system is set to 'unlimited'. This may have negative performance implications. Please set the stack size to the default value (10240) 
[1654583720.840393] [h24c52:16909:0]         mxm.c:196  MXM  WARN  The 'ulimit -s' on the system is set to 'unlimited'. This may have negative performance implications. Please set the stack size to the default value (10240) 
[1654583720.835276] [h24c52:16911:0]         mxm.c:196  MXM  WARN  The 'ulimit -s' on the system is set to 'unlimited'. This may have negative performance implications. Please set the stack size to the default value (10240) 
[1654583720.840430] [h24c52:16911:0]         mxm.c:196  MXM  WARN  The 'ulimit -s' on the system is set to 'unlimited'. This may have negative performance implications. Please set the stack size to the default value (10240) 
[1654583720.826800] [h24c52:16910:0]         mxm.c:196  MXM  WARN  The 'ulimit -s' on the system is set to 'unlimited'. This may have negative performance implications. Please set the stack size to the default value (10240) 
[1654583720.831830] [h24c52:16910:0]         mxm.c:196  MXM  WARN  The 'ulimit -s' on the system is set to 'unlimited'. This may have negative performance implications. Please set the stack size to the default value (10240) 
[1654583720.826746] [h24c52:16912:0]         mxm.c:196  MXM  WARN  The 'ulimit -s' on the system is set to 'unlimited'. This may have negative performance implications. Please set the stack size to the default value (10240) 
[1654583720.831763] [h24c52:16912:0]         mxm.c:196  MXM  WARN  The 'ulimit -s' on the system is set to 'unlimited'. This may have negative performance implications. Please set the stack size to the default value (10240) 
 Regridding through XGrid example returned
  PASS  Example ESMF_XGridEx, ESMF_XGridEx.F90, line 525
 Regridding through XGrid example returned
  PASS  Example ESMF_XGridEx, ESMF_XGridEx.F90, line 525
 Regridding through XGrid example returned
  PASS  Example ESMF_XGridEx, ESMF_XGridEx.F90, line 525
 Regridding through XGrid example returned
  PASS  Example ESMF_XGridEx, ESMF_XGridEx.F90, line 525
 PASS: ESMF_XGridEx.F90
 PASS: ESMF_XGridEx.F90
 PASS: ESMF_XGridEx.F90
 PASS: ESMF_XGridEx.F90
