build time -- 2022-06-06 18:25:47
[1654541306.639143] [h23c38:84845:0]         mxm.c:196  MXM  WARN  The 'ulimit -s' on the system is set to 'unlimited'. This may have negative performance implications. Please set the stack size to the default value (10240) 
[1654541306.644087] [h23c38:84845:0]         mxm.c:196  MXM  WARN  The 'ulimit -s' on the system is set to 'unlimited'. This may have negative performance implications. Please set the stack size to the default value (10240) 
[1654541306.639107] [h23c38:84847:0]         mxm.c:196  MXM  WARN  The 'ulimit -s' on the system is set to 'unlimited'. This may have negative performance implications. Please set the stack size to the default value (10240) 
[1654541306.643996] [h23c38:84847:0]         mxm.c:196  MXM  WARN  The 'ulimit -s' on the system is set to 'unlimited'. This may have negative performance implications. Please set the stack size to the default value (10240) 
[1654541306.631128] [h23c38:84848:0]         mxm.c:196  MXM  WARN  The 'ulimit -s' on the system is set to 'unlimited'. This may have negative performance implications. Please set the stack size to the default value (10240) 
[1654541306.636253] [h23c38:84848:0]         mxm.c:196  MXM  WARN  The 'ulimit -s' on the system is set to 'unlimited'. This may have negative performance implications. Please set the stack size to the default value (10240) 
[1654541306.631141] [h23c38:84846:0]         mxm.c:196  MXM  WARN  The 'ulimit -s' on the system is set to 'unlimited'. This may have negative performance implications. Please set the stack size to the default value (10240) 
[1654541306.636288] [h23c38:84846:0]         mxm.c:196  MXM  WARN  The 'ulimit -s' on the system is set to 'unlimited'. This may have negative performance implications. Please set the stack size to the default value (10240) 
 localSum=   12345.600000000009     
 localSum=   12345.600000000009     
 localSum=   12345.600000000009     
 localSum=   12345.600000000009     
 localSum=   987.64800000000002     
 localSum=   3654.3119999999990     
 localSum=   987.64800000000002     
 localSum=   3654.3119999999990     
 localSum=   987.64800000000002     
 localSum=   3654.3119999999990     
  PASS  Example ESMF_ArrayLarrayEx, ESMF_ArrayLarrayEx.F90, line 325
  PASS  Example ESMF_ArrayLarrayEx, ESMF_ArrayLarrayEx.F90, line 325
 localSum=   987.64800000000002     
 localSum=   3654.3119999999990     
  PASS  Example ESMF_ArrayLarrayEx, ESMF_ArrayLarrayEx.F90, line 325
  PASS  Example ESMF_ArrayLarrayEx, ESMF_ArrayLarrayEx.F90, line 325
 PASS: ESMF_ArrayLarrayEx.F90
 PASS: ESMF_ArrayLarrayEx.F90
 PASS: ESMF_ArrayLarrayEx.F90
 PASS: ESMF_ArrayLarrayEx.F90
