build time -- 2022-05-18 06:03:25
20220518 063210.348 INFO             PET0 !!!!!!!!!!!!!!!!!!!!!!!!!!!!!!!!!!!!!!!!!!!!!!!!!!!!!!
20220518 063210.348 INFO             PET0 !!! THE ESMF_LOG IS SET TO OUTPUT ALL LOG MESSAGES !!!
20220518 063210.348 INFO             PET0 !!!     THIS MAY CAUSE SLOWDOWN IN PERFORMANCE     !!!
20220518 063210.348 INFO             PET0 !!! FOR PRODUCTION RUNS, USE:                      !!!
20220518 063210.348 INFO             PET0 !!!                   ESMF_LOGKIND_Multi_On_Error  !!!
20220518 063210.348 INFO             PET0 !!!!!!!!!!!!!!!!!!!!!!!!!!!!!!!!!!!!!!!!!!!!!!!!!!!!!!
20220518 063210.348 INFO             PET0 Running with ESMF Version   : v8.3.0b15
20220518 063210.348 INFO             PET0 ESMF library build date/time: "May 18 2022" "06:01:41"
20220518 063210.348 INFO             PET0 ESMF library build location : /scratch1/NCEPDEV/stmp2/role.esmfmaint/intel_18.0.5a_mpiuni_g_develop
20220518 063210.348 INFO             PET0 ESMF_COMM                   : mpiuni
20220518 063210.349 INFO             PET0 ESMF_MOAB                   : enabled
20220518 063210.349 INFO             PET0 ESMF_LAPACK                 : enabled
20220518 063210.349 INFO             PET0 ESMF_NETCDF                 : enabled
20220518 063210.349 INFO             PET0 ESMF_PNETCDF                : disabled
20220518 063210.349 INFO             PET0 ESMF_PIO                    : disabled
20220518 063210.349 INFO             PET0 ESMF_YAMLCPP                : enabled
20220518 063210.360 INFO             PET0  NUMBER_OF_PROCESSORS           1
20220518 063210.360 INFO             PET0  PASS  Example ESMF_XGridSparseMatEx, ESMF_XGridSparseMatEx.F90, line 642
20220518 063210.360 INFO             PET0 Finalizing ESMF
