build time -- 2022-05-10 06:01:39
20220510 063026.540 INFO             PET0 !!!!!!!!!!!!!!!!!!!!!!!!!!!!!!!!!!!!!!!!!!!!!!!!!!!!!!
20220510 063026.540 INFO             PET0 !!! THE ESMF_LOG IS SET TO OUTPUT ALL LOG MESSAGES !!!
20220510 063026.540 INFO             PET0 !!!     THIS MAY CAUSE SLOWDOWN IN PERFORMANCE     !!!
20220510 063026.540 INFO             PET0 !!! FOR PRODUCTION RUNS, USE:                      !!!
20220510 063026.540 INFO             PET0 !!!                   ESMF_LOGKIND_Multi_On_Error  !!!
20220510 063026.540 INFO             PET0 !!!!!!!!!!!!!!!!!!!!!!!!!!!!!!!!!!!!!!!!!!!!!!!!!!!!!!
20220510 063026.540 INFO             PET0 Running with ESMF Version   : v8.3.0b14-2-gde129fc120
20220510 063026.540 INFO             PET0 ESMF library build date/time: "May 10 2022" "05:59:54"
20220510 063026.540 INFO             PET0 ESMF library build location : /scratch1/NCEPDEV/stmp2/role.esmfmaint/intel_18.0.5a_mpiuni_g_develop
20220510 063026.540 INFO             PET0 ESMF_COMM                   : mpiuni
20220510 063026.541 INFO             PET0 ESMF_MOAB                   : enabled
20220510 063026.541 INFO             PET0 ESMF_LAPACK                 : enabled
20220510 063026.541 INFO             PET0 ESMF_NETCDF                 : enabled
20220510 063026.541 INFO             PET0 ESMF_PNETCDF                : disabled
20220510 063026.541 INFO             PET0 ESMF_PIO                    : disabled
20220510 063026.541 INFO             PET0 ESMF_YAMLCPP                : enabled
20220510 063026.550 INFO             PET0 ESMF_FieldRedistStoreNF(): Just entered routine.
20220510 063027.419 INFO             PET0 ESMF_FieldRedistStoreNF(): Leaving routine.
20220510 063027.433 INFO             PET0  NUMBER_OF_PROCESSORS           1
20220510 063027.434 INFO             PET0  PASS  Example ESMF_RHandleFromFileEx, ESMF_RHandleFromFileEx.F90, line 192
20220510 063027.434 INFO             PET0 Finalizing ESMF
