build time -- 2022-05-20 06:00:37
20220520 062954.768 INFO             PET0 !!!!!!!!!!!!!!!!!!!!!!!!!!!!!!!!!!!!!!!!!!!!!!!!!!!!!!
20220520 062954.768 INFO             PET0 !!! THE ESMF_LOG IS SET TO OUTPUT ALL LOG MESSAGES !!!
20220520 062954.768 INFO             PET0 !!!     THIS MAY CAUSE SLOWDOWN IN PERFORMANCE     !!!
20220520 062954.768 INFO             PET0 !!! FOR PRODUCTION RUNS, USE:                      !!!
20220520 062954.768 INFO             PET0 !!!                   ESMF_LOGKIND_Multi_On_Error  !!!
20220520 062954.768 INFO             PET0 !!!!!!!!!!!!!!!!!!!!!!!!!!!!!!!!!!!!!!!!!!!!!!!!!!!!!!
20220520 062954.768 INFO             PET0 Running with ESMF Version   : v8.3.0b16
20220520 062954.768 INFO             PET0 ESMF library build date/time: "May 20 2022" "05:58:56"
20220520 062954.768 INFO             PET0 ESMF library build location : /scratch1/NCEPDEV/stmp2/role.esmfmaint/intel_18.0.5a_mpiuni_g_develop
20220520 062954.768 INFO             PET0 ESMF_COMM                   : mpiuni
20220520 062954.769 INFO             PET0 ESMF_MOAB                   : enabled
20220520 062954.769 INFO             PET0 ESMF_LAPACK                 : enabled
20220520 062954.769 INFO             PET0 ESMF_NETCDF                 : enabled
20220520 062954.769 INFO             PET0 ESMF_PNETCDF                : disabled
20220520 062954.769 INFO             PET0 ESMF_PIO                    : disabled
20220520 062954.769 INFO             PET0 ESMF_YAMLCPP                : enabled
20220520 062954.863 DEBUG            PET0 about to destroy Grid: 0x13ec500
20220520 062954.883 DEBUG            PET0 about to destroy Grid: 0x13eeb30
20220520 062954.931 INFO             PET0  NUMBER_OF_PROCESSORS           1
20220520 062954.931 INFO             PET0  PASS  Example ESMF_NUOPCAtmModelEx, ESMF_NUOPCAtmModelEx.F90, line 806
20220520 062954.931 INFO             PET0 Finalizing ESMF
