build time -- 2022-06-07 02:18:39.875677
20220607 030258.802 INFO             PET0 !!!!!!!!!!!!!!!!!!!!!!!!!!!!!!!!!!!!!!!!!!!!!!!!!!!!!!
20220607 030258.802 INFO             PET0 !!! THE ESMF_LOG IS SET TO OUTPUT ALL LOG MESSAGES !!!
20220607 030258.802 INFO             PET0 !!!     THIS MAY CAUSE SLOWDOWN IN PERFORMANCE     !!!
20220607 030258.802 INFO             PET0 !!! FOR PRODUCTION RUNS, USE:                      !!!
20220607 030258.802 INFO             PET0 !!!                   ESMF_LOGKIND_Multi_On_Error  !!!
20220607 030258.802 INFO             PET0 !!!!!!!!!!!!!!!!!!!!!!!!!!!!!!!!!!!!!!!!!!!!!!!!!!!!!!
20220607 030258.802 INFO             PET0 Running with ESMF Version   : v8.3.0
20220607 030258.802 INFO             PET0 ESMF library build date/time: "Jun  7 2022" "02:15:52"
20220607 030258.802 INFO             PET0 ESMF library build location : /glade/scratch/dunlap/esmf-testing/gfortran_7.4.0_openmpi_O_v8.3.0
20220607 030258.802 INFO             PET0 ESMF_COMM                   : openmpi
20220607 030258.802 INFO             PET0 ESMF_MOAB                   : enabled
20220607 030258.802 INFO             PET0 ESMF_LAPACK                 : enabled
20220607 030258.803 INFO             PET0 ESMF_NETCDF                 : enabled
20220607 030258.803 INFO             PET0 ESMF_PNETCDF                : disabled
20220607 030258.803 INFO             PET0 ESMF_PIO                    : enabled
20220607 030258.803 INFO             PET0 ESMF_YAMLCPP                : enabled
20220607 030258.874 DEBUG            PET0 about to destroy Grid: 0x13092e0
20220607 030258.878 DEBUG            PET0 about to destroy Grid: 0x130b190
20220607 030258.889 INFO             PET0  NUMBER_OF_PROCESSORS           4
20220607 030258.889 INFO             PET0  PASS  Example ESMF_NUOPCAtmModelEx, ESMF_NUOPCAtmModelEx.F90, line 806
20220607 030258.889 INFO             PET0 Finalizing ESMF
20220607 030258.808 INFO             PET1 !!!!!!!!!!!!!!!!!!!!!!!!!!!!!!!!!!!!!!!!!!!!!!!!!!!!!!
20220607 030258.808 INFO             PET1 !!! THE ESMF_LOG IS SET TO OUTPUT ALL LOG MESSAGES !!!
20220607 030258.808 INFO             PET1 !!!     THIS MAY CAUSE SLOWDOWN IN PERFORMANCE     !!!
20220607 030258.808 INFO             PET1 !!! FOR PRODUCTION RUNS, USE:                      !!!
20220607 030258.808 INFO             PET1 !!!                   ESMF_LOGKIND_Multi_On_Error  !!!
20220607 030258.808 INFO             PET1 !!!!!!!!!!!!!!!!!!!!!!!!!!!!!!!!!!!!!!!!!!!!!!!!!!!!!!
20220607 030258.808 INFO             PET1 Running with ESMF Version   : v8.3.0
20220607 030258.808 INFO             PET1 ESMF library build date/time: "Jun  7 2022" "02:15:52"
20220607 030258.808 INFO             PET1 ESMF library build location : /glade/scratch/dunlap/esmf-testing/gfortran_7.4.0_openmpi_O_v8.3.0
20220607 030258.808 INFO             PET1 ESMF_COMM                   : openmpi
20220607 030258.808 INFO             PET1 ESMF_MOAB                   : enabled
20220607 030258.808 INFO             PET1 ESMF_LAPACK                 : enabled
20220607 030258.808 INFO             PET1 ESMF_NETCDF                 : enabled
20220607 030258.808 INFO             PET1 ESMF_PNETCDF                : disabled
20220607 030258.808 INFO             PET1 ESMF_PIO                    : enabled
20220607 030258.808 INFO             PET1 ESMF_YAMLCPP                : enabled
20220607 030258.874 DEBUG            PET1 about to destroy Grid: 0x26fd250
20220607 030258.878 DEBUG            PET1 about to destroy Grid: 0x26fe7a0
20220607 030258.889 INFO             PET1  NUMBER_OF_PROCESSORS           4
20220607 030258.889 INFO             PET1  PASS  Example ESMF_NUOPCAtmModelEx, ESMF_NUOPCAtmModelEx.F90, line 806
20220607 030258.889 INFO             PET1 Finalizing ESMF
20220607 030258.802 INFO             PET2 !!!!!!!!!!!!!!!!!!!!!!!!!!!!!!!!!!!!!!!!!!!!!!!!!!!!!!
20220607 030258.802 INFO             PET2 !!! THE ESMF_LOG IS SET TO OUTPUT ALL LOG MESSAGES !!!
20220607 030258.802 INFO             PET2 !!!     THIS MAY CAUSE SLOWDOWN IN PERFORMANCE     !!!
20220607 030258.802 INFO             PET2 !!! FOR PRODUCTION RUNS, USE:                      !!!
20220607 030258.802 INFO             PET2 !!!                   ESMF_LOGKIND_Multi_On_Error  !!!
20220607 030258.802 INFO             PET2 !!!!!!!!!!!!!!!!!!!!!!!!!!!!!!!!!!!!!!!!!!!!!!!!!!!!!!
20220607 030258.802 INFO             PET2 Running with ESMF Version   : v8.3.0
20220607 030258.802 INFO             PET2 ESMF library build date/time: "Jun  7 2022" "02:15:52"
20220607 030258.802 INFO             PET2 ESMF library build location : /glade/scratch/dunlap/esmf-testing/gfortran_7.4.0_openmpi_O_v8.3.0
20220607 030258.802 INFO             PET2 ESMF_COMM                   : openmpi
20220607 030258.802 INFO             PET2 ESMF_MOAB                   : enabled
20220607 030258.802 INFO             PET2 ESMF_LAPACK                 : enabled
20220607 030258.802 INFO             PET2 ESMF_NETCDF                 : enabled
20220607 030258.802 INFO             PET2 ESMF_PNETCDF                : disabled
20220607 030258.802 INFO             PET2 ESMF_PIO                    : enabled
20220607 030258.802 INFO             PET2 ESMF_YAMLCPP                : enabled
20220607 030258.874 DEBUG            PET2 about to destroy Grid: 0x2102ec0
20220607 030258.878 DEBUG            PET2 about to destroy Grid: 0x21049f0
20220607 030258.889 INFO             PET2  NUMBER_OF_PROCESSORS           4
20220607 030258.889 INFO             PET2  PASS  Example ESMF_NUOPCAtmModelEx, ESMF_NUOPCAtmModelEx.F90, line 806
20220607 030258.889 INFO             PET2 Finalizing ESMF
20220607 030258.803 INFO             PET3 !!!!!!!!!!!!!!!!!!!!!!!!!!!!!!!!!!!!!!!!!!!!!!!!!!!!!!
20220607 030258.803 INFO             PET3 !!! THE ESMF_LOG IS SET TO OUTPUT ALL LOG MESSAGES !!!
20220607 030258.803 INFO             PET3 !!!     THIS MAY CAUSE SLOWDOWN IN PERFORMANCE     !!!
20220607 030258.803 INFO             PET3 !!! FOR PRODUCTION RUNS, USE:                      !!!
20220607 030258.803 INFO             PET3 !!!                   ESMF_LOGKIND_Multi_On_Error  !!!
20220607 030258.803 INFO             PET3 !!!!!!!!!!!!!!!!!!!!!!!!!!!!!!!!!!!!!!!!!!!!!!!!!!!!!!
20220607 030258.803 INFO             PET3 Running with ESMF Version   : v8.3.0
20220607 030258.803 INFO             PET3 ESMF library build date/time: "Jun  7 2022" "02:15:52"
20220607 030258.803 INFO             PET3 ESMF library build location : /glade/scratch/dunlap/esmf-testing/gfortran_7.4.0_openmpi_O_v8.3.0
20220607 030258.803 INFO             PET3 ESMF_COMM                   : openmpi
20220607 030258.803 INFO             PET3 ESMF_MOAB                   : enabled
20220607 030258.803 INFO             PET3 ESMF_LAPACK                 : enabled
20220607 030258.803 INFO             PET3 ESMF_NETCDF                 : enabled
20220607 030258.803 INFO             PET3 ESMF_PNETCDF                : disabled
20220607 030258.803 INFO             PET3 ESMF_PIO                    : enabled
20220607 030258.803 INFO             PET3 ESMF_YAMLCPP                : enabled
20220607 030258.874 DEBUG            PET3 about to destroy Grid: 0xb753a0
20220607 030258.878 DEBUG            PET3 about to destroy Grid: 0xb76a10
20220607 030258.889 INFO             PET3  NUMBER_OF_PROCESSORS           4
20220607 030258.889 INFO             PET3  PASS  Example ESMF_NUOPCAtmModelEx, ESMF_NUOPCAtmModelEx.F90, line 806
20220607 030258.889 INFO             PET3 Finalizing ESMF
