build time -- 2022-06-06 12:10:12
20220606 123455.094 INFO             PET0 !!!!!!!!!!!!!!!!!!!!!!!!!!!!!!!!!!!!!!!!!!!!!!!!!!!!!!
20220606 123455.094 INFO             PET0 !!! THE ESMF_LOG IS SET TO OUTPUT ALL LOG MESSAGES !!!
20220606 123455.094 INFO             PET0 !!!     THIS MAY CAUSE SLOWDOWN IN PERFORMANCE     !!!
20220606 123455.094 INFO             PET0 !!! FOR PRODUCTION RUNS, USE:                      !!!
20220606 123455.094 INFO             PET0 !!!                   ESMF_LOGKIND_Multi_On_Error  !!!
20220606 123455.094 INFO             PET0 !!!!!!!!!!!!!!!!!!!!!!!!!!!!!!!!!!!!!!!!!!!!!!!!!!!!!!
20220606 123455.094 INFO             PET0 Running with ESMF Version   : v8.3.0b17-2-g86d44b3610
20220606 123455.094 INFO             PET0 ESMF library build date/time: "Jun  6 2022" "12:08:36"
20220606 123455.094 INFO             PET0 ESMF library build location : /Volumes/esmf/esmf-testing/gfortran_11.2.0_mpiuni_g_release_8.3.0
20220606 123455.094 INFO             PET0 ESMF_COMM                   : mpiuni
20220606 123455.094 INFO             PET0 ESMF_MOAB                   : enabled
20220606 123455.094 INFO             PET0 ESMF_LAPACK                 : enabled
20220606 123455.094 INFO             PET0 ESMF_NETCDF                 : enabled
20220606 123455.094 INFO             PET0 ESMF_PNETCDF                : disabled
20220606 123455.094 INFO             PET0 ESMF_PIO                    : disabled
20220606 123455.094 INFO             PET0 ESMF_YAMLCPP                : enabled
20220606 123455.095 INFO             PET0  NUMBER_OF_PROCESSORS           1
20220606 123455.095 INFO             PET0  PASS  Example ESMF_AppMainEx, ESMF_AppMainEx.F90, line 486
20220606 123455.095 INFO             PET0 Finalizing ESMF
