build time -- 2022-06-03 02:17:34.042922
20220603 024651.249 INFO             PET0 !!!!!!!!!!!!!!!!!!!!!!!!!!!!!!!!!!!!!!!!!!!!!!!!!!!!!!
20220603 024651.249 INFO             PET0 !!! THE ESMF_LOG IS SET TO OUTPUT ALL LOG MESSAGES !!!
20220603 024651.249 INFO             PET0 !!!     THIS MAY CAUSE SLOWDOWN IN PERFORMANCE     !!!
20220603 024651.249 INFO             PET0 !!! FOR PRODUCTION RUNS, USE:                      !!!
20220603 024651.249 INFO             PET0 !!!                   ESMF_LOGKIND_Multi_On_Error  !!!
20220603 024651.249 INFO             PET0 !!!!!!!!!!!!!!!!!!!!!!!!!!!!!!!!!!!!!!!!!!!!!!!!!!!!!!
20220603 024651.249 INFO             PET0 Running with ESMF Version   : v8.4.0b00
20220603 024651.249 INFO             PET0 ESMF library build date/time: "Jun  3 2022" "02:15:26"
20220603 024651.249 INFO             PET0 ESMF library build location : /glade/scratch/dunlap/esmf-testing/gfortran_9.1.0_mpt_O_develop
20220603 024651.249 INFO             PET0 ESMF_COMM                   : mpt
20220603 024651.249 INFO             PET0 ESMF_MOAB                   : enabled
20220603 024651.249 INFO             PET0 ESMF_LAPACK                 : enabled
20220603 024651.249 INFO             PET0 ESMF_NETCDF                 : enabled
20220603 024651.249 INFO             PET0 ESMF_PNETCDF                : disabled
20220603 024651.249 INFO             PET0 ESMF_PIO                    : enabled
20220603 024651.249 INFO             PET0 ESMF_YAMLCPP                : enabled
20220603 024651.250 INFO             PET0  NUMBER_OF_PROCESSORS           1
20220603 024651.250 INFO             PET0  PASS  Example ESMF_AlarmEx, ESMF_AlarmEx.F90, line 244
20220603 024651.250 INFO             PET0 Finalizing ESMF
