build time -- 2022-06-05 02:19:51.377385
20220605 025515.613 INFO             PET0 !!!!!!!!!!!!!!!!!!!!!!!!!!!!!!!!!!!!!!!!!!!!!!!!!!!!!!
20220605 025515.613 INFO             PET0 !!! THE ESMF_LOG IS SET TO OUTPUT ALL LOG MESSAGES !!!
20220605 025515.613 INFO             PET0 !!!     THIS MAY CAUSE SLOWDOWN IN PERFORMANCE     !!!
20220605 025515.613 INFO             PET0 !!! FOR PRODUCTION RUNS, USE:                      !!!
20220605 025515.613 INFO             PET0 !!!                   ESMF_LOGKIND_Multi_On_Error  !!!
20220605 025515.613 INFO             PET0 !!!!!!!!!!!!!!!!!!!!!!!!!!!!!!!!!!!!!!!!!!!!!!!!!!!!!!
20220605 025515.613 INFO             PET0 Running with ESMF Version   : v8.4.0b01
20220605 025515.613 INFO             PET0 ESMF library build date/time: "Jun  5 2022" "02:17:16"
20220605 025515.613 INFO             PET0 ESMF library build location : /glade/scratch/dunlap/esmf-testing/gfortran_9.1.0_mpt_O_develop
20220605 025515.613 INFO             PET0 ESMF_COMM                   : mpt
20220605 025515.613 INFO             PET0 ESMF_MOAB                   : enabled
20220605 025515.613 INFO             PET0 ESMF_LAPACK                 : enabled
20220605 025515.613 INFO             PET0 ESMF_NETCDF                 : enabled
20220605 025515.613 INFO             PET0 ESMF_PNETCDF                : disabled
20220605 025515.613 INFO             PET0 ESMF_PIO                    : enabled
20220605 025515.613 INFO             PET0 ESMF_YAMLCPP                : enabled
20220605 025515.649 DEBUG            PET0 about to destroy Grid: 0x3366120
20220605 025515.652 DEBUG            PET0 about to destroy Grid: 0x33673d0
20220605 025515.663 INFO             PET0  NUMBER_OF_PROCESSORS           4
20220605 025515.663 INFO             PET0  PASS  Example ESMF_NUOPCAtmModelEx, ESMF_NUOPCAtmModelEx.F90, line 806
20220605 025515.663 INFO             PET0 Finalizing ESMF
20220605 025515.613 INFO             PET1 !!!!!!!!!!!!!!!!!!!!!!!!!!!!!!!!!!!!!!!!!!!!!!!!!!!!!!
20220605 025515.613 INFO             PET1 !!! THE ESMF_LOG IS SET TO OUTPUT ALL LOG MESSAGES !!!
20220605 025515.613 INFO             PET1 !!!     THIS MAY CAUSE SLOWDOWN IN PERFORMANCE     !!!
20220605 025515.613 INFO             PET1 !!! FOR PRODUCTION RUNS, USE:                      !!!
20220605 025515.613 INFO             PET1 !!!                   ESMF_LOGKIND_Multi_On_Error  !!!
20220605 025515.613 INFO             PET1 !!!!!!!!!!!!!!!!!!!!!!!!!!!!!!!!!!!!!!!!!!!!!!!!!!!!!!
20220605 025515.613 INFO             PET1 Running with ESMF Version   : v8.4.0b01
20220605 025515.613 INFO             PET1 ESMF library build date/time: "Jun  5 2022" "02:17:16"
20220605 025515.613 INFO             PET1 ESMF library build location : /glade/scratch/dunlap/esmf-testing/gfortran_9.1.0_mpt_O_develop
20220605 025515.613 INFO             PET1 ESMF_COMM                   : mpt
20220605 025515.613 INFO             PET1 ESMF_MOAB                   : enabled
20220605 025515.613 INFO             PET1 ESMF_LAPACK                 : enabled
20220605 025515.613 INFO             PET1 ESMF_NETCDF                 : enabled
20220605 025515.613 INFO             PET1 ESMF_PNETCDF                : disabled
20220605 025515.613 INFO             PET1 ESMF_PIO                    : enabled
20220605 025515.613 INFO             PET1 ESMF_YAMLCPP                : enabled
20220605 025515.649 DEBUG            PET1 about to destroy Grid: 0x3365be0
20220605 025515.652 DEBUG            PET1 about to destroy Grid: 0x3366f80
20220605 025515.663 INFO             PET1  NUMBER_OF_PROCESSORS           4
20220605 025515.663 INFO             PET1  PASS  Example ESMF_NUOPCAtmModelEx, ESMF_NUOPCAtmModelEx.F90, line 806
20220605 025515.663 INFO             PET1 Finalizing ESMF
20220605 025515.613 INFO             PET2 !!!!!!!!!!!!!!!!!!!!!!!!!!!!!!!!!!!!!!!!!!!!!!!!!!!!!!
20220605 025515.613 INFO             PET2 !!! THE ESMF_LOG IS SET TO OUTPUT ALL LOG MESSAGES !!!
20220605 025515.613 INFO             PET2 !!!     THIS MAY CAUSE SLOWDOWN IN PERFORMANCE     !!!
20220605 025515.613 INFO             PET2 !!! FOR PRODUCTION RUNS, USE:                      !!!
20220605 025515.613 INFO             PET2 !!!                   ESMF_LOGKIND_Multi_On_Error  !!!
20220605 025515.613 INFO             PET2 !!!!!!!!!!!!!!!!!!!!!!!!!!!!!!!!!!!!!!!!!!!!!!!!!!!!!!
20220605 025515.613 INFO             PET2 Running with ESMF Version   : v8.4.0b01
20220605 025515.613 INFO             PET2 ESMF library build date/time: "Jun  5 2022" "02:17:16"
20220605 025515.613 INFO             PET2 ESMF library build location : /glade/scratch/dunlap/esmf-testing/gfortran_9.1.0_mpt_O_develop
20220605 025515.613 INFO             PET2 ESMF_COMM                   : mpt
20220605 025515.613 INFO             PET2 ESMF_MOAB                   : enabled
20220605 025515.613 INFO             PET2 ESMF_LAPACK                 : enabled
20220605 025515.613 INFO             PET2 ESMF_NETCDF                 : enabled
20220605 025515.613 INFO             PET2 ESMF_PNETCDF                : disabled
20220605 025515.613 INFO             PET2 ESMF_PIO                    : enabled
20220605 025515.613 INFO             PET2 ESMF_YAMLCPP                : enabled
20220605 025515.649 DEBUG            PET2 about to destroy Grid: 0x3365770
20220605 025515.652 DEBUG            PET2 about to destroy Grid: 0x3366b90
20220605 025515.663 INFO             PET2  NUMBER_OF_PROCESSORS           4
20220605 025515.663 INFO             PET2  PASS  Example ESMF_NUOPCAtmModelEx, ESMF_NUOPCAtmModelEx.F90, line 806
20220605 025515.663 INFO             PET2 Finalizing ESMF
20220605 025515.609 INFO             PET3 !!!!!!!!!!!!!!!!!!!!!!!!!!!!!!!!!!!!!!!!!!!!!!!!!!!!!!
20220605 025515.609 INFO             PET3 !!! THE ESMF_LOG IS SET TO OUTPUT ALL LOG MESSAGES !!!
20220605 025515.609 INFO             PET3 !!!     THIS MAY CAUSE SLOWDOWN IN PERFORMANCE     !!!
20220605 025515.609 INFO             PET3 !!! FOR PRODUCTION RUNS, USE:                      !!!
20220605 025515.609 INFO             PET3 !!!                   ESMF_LOGKIND_Multi_On_Error  !!!
20220605 025515.609 INFO             PET3 !!!!!!!!!!!!!!!!!!!!!!!!!!!!!!!!!!!!!!!!!!!!!!!!!!!!!!
20220605 025515.609 INFO             PET3 Running with ESMF Version   : v8.4.0b01
20220605 025515.609 INFO             PET3 ESMF library build date/time: "Jun  5 2022" "02:17:16"
20220605 025515.609 INFO             PET3 ESMF library build location : /glade/scratch/dunlap/esmf-testing/gfortran_9.1.0_mpt_O_develop
20220605 025515.609 INFO             PET3 ESMF_COMM                   : mpt
20220605 025515.609 INFO             PET3 ESMF_MOAB                   : enabled
20220605 025515.609 INFO             PET3 ESMF_LAPACK                 : enabled
20220605 025515.609 INFO             PET3 ESMF_NETCDF                 : enabled
20220605 025515.609 INFO             PET3 ESMF_PNETCDF                : disabled
20220605 025515.609 INFO             PET3 ESMF_PIO                    : enabled
20220605 025515.609 INFO             PET3 ESMF_YAMLCPP                : enabled
20220605 025515.649 DEBUG            PET3 about to destroy Grid: 0x3365790
20220605 025515.652 DEBUG            PET3 about to destroy Grid: 0x3366bb0
20220605 025515.663 INFO             PET3  NUMBER_OF_PROCESSORS           4
20220605 025515.663 INFO             PET3  PASS  Example ESMF_NUOPCAtmModelEx, ESMF_NUOPCAtmModelEx.F90, line 806
20220605 025515.663 INFO             PET3 Finalizing ESMF
