build time -- 2022-04-11 02:28:09
20220411 025428.885 INFO             PET0 !!!!!!!!!!!!!!!!!!!!!!!!!!!!!!!!!!!!!!!!!!!!!!!!!!!!!!
20220411 025428.885 INFO             PET0 !!! THE ESMF_LOG IS SET TO OUTPUT ALL LOG MESSAGES !!!
20220411 025428.885 INFO             PET0 !!!     THIS MAY CAUSE SLOWDOWN IN PERFORMANCE     !!!
20220411 025428.885 INFO             PET0 !!! FOR PRODUCTION RUNS, USE:                      !!!
20220411 025428.885 INFO             PET0 !!!                   ESMF_LOGKIND_Multi_On_Error  !!!
20220411 025428.885 INFO             PET0 !!!!!!!!!!!!!!!!!!!!!!!!!!!!!!!!!!!!!!!!!!!!!!!!!!!!!!
20220411 025428.885 INFO             PET0 Running with ESMF Version   : v8.3.0b12-1-g7c85d54
20220411 025428.885 INFO             PET0 ESMF library build date/time: "Apr 11 2022" "02:27:02"
20220411 025428.885 INFO             PET0 ESMF library build location : /work/noaa/da/mpotts/sandbox/gfortran_8.3.0_openmpi_O_develop
20220411 025428.885 INFO             PET0 ESMF_COMM                   : openmpi
20220411 025428.885 INFO             PET0 ESMF_MOAB                   : enabled
20220411 025428.885 INFO             PET0 ESMF_LAPACK                 : enabled
20220411 025428.885 INFO             PET0 ESMF_NETCDF                 : enabled
20220411 025428.885 INFO             PET0 ESMF_PNETCDF                : disabled
20220411 025428.885 INFO             PET0 ESMF_PIO                    : enabled
20220411 025428.885 INFO             PET0 ESMF_YAMLCPP                : enabled
20220411 025428.918 DEBUG            PET0 about to destroy Grid: 0xed31d0
20220411 025428.921 DEBUG            PET0 about to destroy Grid: 0xed43f0
20220411 025428.930 INFO             PET0  NUMBER_OF_PROCESSORS           4
20220411 025428.930 INFO             PET0  PASS  Example ESMF_NUOPCAtmModelEx, ESMF_NUOPCAtmModelEx.F90, line 806
20220411 025428.930 INFO             PET0 Finalizing ESMF
20220411 025428.885 INFO             PET1 !!!!!!!!!!!!!!!!!!!!!!!!!!!!!!!!!!!!!!!!!!!!!!!!!!!!!!
20220411 025428.885 INFO             PET1 !!! THE ESMF_LOG IS SET TO OUTPUT ALL LOG MESSAGES !!!
20220411 025428.885 INFO             PET1 !!!     THIS MAY CAUSE SLOWDOWN IN PERFORMANCE     !!!
20220411 025428.885 INFO             PET1 !!! FOR PRODUCTION RUNS, USE:                      !!!
20220411 025428.885 INFO             PET1 !!!                   ESMF_LOGKIND_Multi_On_Error  !!!
20220411 025428.885 INFO             PET1 !!!!!!!!!!!!!!!!!!!!!!!!!!!!!!!!!!!!!!!!!!!!!!!!!!!!!!
20220411 025428.885 INFO             PET1 Running with ESMF Version   : v8.3.0b12-1-g7c85d54
20220411 025428.885 INFO             PET1 ESMF library build date/time: "Apr 11 2022" "02:27:02"
20220411 025428.885 INFO             PET1 ESMF library build location : /work/noaa/da/mpotts/sandbox/gfortran_8.3.0_openmpi_O_develop
20220411 025428.885 INFO             PET1 ESMF_COMM                   : openmpi
20220411 025428.886 INFO             PET1 ESMF_MOAB                   : enabled
20220411 025428.886 INFO             PET1 ESMF_LAPACK                 : enabled
20220411 025428.886 INFO             PET1 ESMF_NETCDF                 : enabled
20220411 025428.886 INFO             PET1 ESMF_PNETCDF                : disabled
20220411 025428.886 INFO             PET1 ESMF_PIO                    : enabled
20220411 025428.886 INFO             PET1 ESMF_YAMLCPP                : enabled
20220411 025428.918 DEBUG            PET1 about to destroy Grid: 0x2670a10
20220411 025428.921 DEBUG            PET1 about to destroy Grid: 0x2671e30
20220411 025428.930 INFO             PET1  NUMBER_OF_PROCESSORS           4
20220411 025428.930 INFO             PET1  PASS  Example ESMF_NUOPCAtmModelEx, ESMF_NUOPCAtmModelEx.F90, line 806
20220411 025428.930 INFO             PET1 Finalizing ESMF
20220411 025428.885 INFO             PET2 !!!!!!!!!!!!!!!!!!!!!!!!!!!!!!!!!!!!!!!!!!!!!!!!!!!!!!
20220411 025428.885 INFO             PET2 !!! THE ESMF_LOG IS SET TO OUTPUT ALL LOG MESSAGES !!!
20220411 025428.885 INFO             PET2 !!!     THIS MAY CAUSE SLOWDOWN IN PERFORMANCE     !!!
20220411 025428.885 INFO             PET2 !!! FOR PRODUCTION RUNS, USE:                      !!!
20220411 025428.885 INFO             PET2 !!!                   ESMF_LOGKIND_Multi_On_Error  !!!
20220411 025428.885 INFO             PET2 !!!!!!!!!!!!!!!!!!!!!!!!!!!!!!!!!!!!!!!!!!!!!!!!!!!!!!
20220411 025428.885 INFO             PET2 Running with ESMF Version   : v8.3.0b12-1-g7c85d54
20220411 025428.885 INFO             PET2 ESMF library build date/time: "Apr 11 2022" "02:27:02"
20220411 025428.885 INFO             PET2 ESMF library build location : /work/noaa/da/mpotts/sandbox/gfortran_8.3.0_openmpi_O_develop
20220411 025428.885 INFO             PET2 ESMF_COMM                   : openmpi
20220411 025428.886 INFO             PET2 ESMF_MOAB                   : enabled
20220411 025428.886 INFO             PET2 ESMF_LAPACK                 : enabled
20220411 025428.886 INFO             PET2 ESMF_NETCDF                 : enabled
20220411 025428.886 INFO             PET2 ESMF_PNETCDF                : disabled
20220411 025428.886 INFO             PET2 ESMF_PIO                    : enabled
20220411 025428.886 INFO             PET2 ESMF_YAMLCPP                : enabled
20220411 025428.917 DEBUG            PET2 about to destroy Grid: 0x1900070
20220411 025428.921 DEBUG            PET2 about to destroy Grid: 0x1901510
20220411 025428.930 INFO             PET2  NUMBER_OF_PROCESSORS           4
20220411 025428.930 INFO             PET2  PASS  Example ESMF_NUOPCAtmModelEx, ESMF_NUOPCAtmModelEx.F90, line 806
20220411 025428.930 INFO             PET2 Finalizing ESMF
20220411 025428.884 INFO             PET3 !!!!!!!!!!!!!!!!!!!!!!!!!!!!!!!!!!!!!!!!!!!!!!!!!!!!!!
20220411 025428.885 INFO             PET3 !!! THE ESMF_LOG IS SET TO OUTPUT ALL LOG MESSAGES !!!
20220411 025428.885 INFO             PET3 !!!     THIS MAY CAUSE SLOWDOWN IN PERFORMANCE     !!!
20220411 025428.885 INFO             PET3 !!! FOR PRODUCTION RUNS, USE:                      !!!
20220411 025428.885 INFO             PET3 !!!                   ESMF_LOGKIND_Multi_On_Error  !!!
20220411 025428.885 INFO             PET3 !!!!!!!!!!!!!!!!!!!!!!!!!!!!!!!!!!!!!!!!!!!!!!!!!!!!!!
20220411 025428.885 INFO             PET3 Running with ESMF Version   : v8.3.0b12-1-g7c85d54
20220411 025428.885 INFO             PET3 ESMF library build date/time: "Apr 11 2022" "02:27:02"
20220411 025428.885 INFO             PET3 ESMF library build location : /work/noaa/da/mpotts/sandbox/gfortran_8.3.0_openmpi_O_develop
20220411 025428.885 INFO             PET3 ESMF_COMM                   : openmpi
20220411 025428.885 INFO             PET3 ESMF_MOAB                   : enabled
20220411 025428.885 INFO             PET3 ESMF_LAPACK                 : enabled
20220411 025428.885 INFO             PET3 ESMF_NETCDF                 : enabled
20220411 025428.885 INFO             PET3 ESMF_PNETCDF                : disabled
20220411 025428.885 INFO             PET3 ESMF_PIO                    : enabled
20220411 025428.885 INFO             PET3 ESMF_YAMLCPP                : enabled
20220411 025428.917 DEBUG            PET3 about to destroy Grid: 0x1d1eb30
20220411 025428.921 DEBUG            PET3 about to destroy Grid: 0x1d1ff50
20220411 025428.930 INFO             PET3  NUMBER_OF_PROCESSORS           4
20220411 025428.930 INFO             PET3  PASS  Example ESMF_NUOPCAtmModelEx, ESMF_NUOPCAtmModelEx.F90, line 806
20220411 025428.930 INFO             PET3 Finalizing ESMF
