build time -- 2022-05-23 02:28:23
20220523 024731.740 INFO             PET0 !!!!!!!!!!!!!!!!!!!!!!!!!!!!!!!!!!!!!!!!!!!!!!!!!!!!!!
20220523 024731.740 INFO             PET0 !!! THE ESMF_LOG IS SET TO OUTPUT ALL LOG MESSAGES !!!
20220523 024731.740 INFO             PET0 !!!     THIS MAY CAUSE SLOWDOWN IN PERFORMANCE     !!!
20220523 024731.740 INFO             PET0 !!! FOR PRODUCTION RUNS, USE:                      !!!
20220523 024731.740 INFO             PET0 !!!                   ESMF_LOGKIND_Multi_On_Error  !!!
20220523 024731.740 INFO             PET0 !!!!!!!!!!!!!!!!!!!!!!!!!!!!!!!!!!!!!!!!!!!!!!!!!!!!!!
20220523 024731.740 INFO             PET0 Running with ESMF Version   : v8.3.0b16
20220523 024731.740 INFO             PET0 ESMF library build date/time: "May 23 2022" "02:27:19"
20220523 024731.740 INFO             PET0 ESMF library build location : /work/noaa/da/mpotts/sandbox/gfortran_8.3.0_openmpi_O_develop
20220523 024731.740 INFO             PET0 ESMF_COMM                   : openmpi
20220523 024731.741 INFO             PET0 ESMF_MOAB                   : enabled
20220523 024731.741 INFO             PET0 ESMF_LAPACK                 : enabled
20220523 024731.741 INFO             PET0 ESMF_NETCDF                 : enabled
20220523 024731.741 INFO             PET0 ESMF_PNETCDF                : disabled
20220523 024731.741 INFO             PET0 ESMF_PIO                    : enabled
20220523 024731.741 INFO             PET0 ESMF_YAMLCPP                : enabled
20220523 024731.741 INFO             PET0  NUMBER_OF_PROCESSORS           1
20220523 024731.741 INFO             PET0  PASS  Example ESMF_TimeEx, ESMF_TimeEx.F90, line 141
20220523 024731.741 INFO             PET0 Finalizing ESMF
