build time -- 2022-05-01 02:27:27
20220501 024612.325 INFO             PET0 !!!!!!!!!!!!!!!!!!!!!!!!!!!!!!!!!!!!!!!!!!!!!!!!!!!!!!
20220501 024612.325 INFO             PET0 !!! THE ESMF_LOG IS SET TO OUTPUT ALL LOG MESSAGES !!!
20220501 024612.325 INFO             PET0 !!!     THIS MAY CAUSE SLOWDOWN IN PERFORMANCE     !!!
20220501 024612.325 INFO             PET0 !!! FOR PRODUCTION RUNS, USE:                      !!!
20220501 024612.325 INFO             PET0 !!!                   ESMF_LOGKIND_Multi_On_Error  !!!
20220501 024612.325 INFO             PET0 !!!!!!!!!!!!!!!!!!!!!!!!!!!!!!!!!!!!!!!!!!!!!!!!!!!!!!
20220501 024612.325 INFO             PET0 Running with ESMF Version   : v8.3.0b13-3-g648c7f8
20220501 024612.325 INFO             PET0 ESMF library build date/time: "May  1 2022" "02:26:24"
20220501 024612.325 INFO             PET0 ESMF library build location : /work/noaa/da/mpotts/sandbox/gfortran_8.3.0_openmpi_O_develop
20220501 024612.325 INFO             PET0 ESMF_COMM                   : openmpi
20220501 024612.325 INFO             PET0 ESMF_MOAB                   : enabled
20220501 024612.325 INFO             PET0 ESMF_LAPACK                 : enabled
20220501 024612.325 INFO             PET0 ESMF_NETCDF                 : enabled
20220501 024612.325 INFO             PET0 ESMF_PNETCDF                : disabled
20220501 024612.325 INFO             PET0 ESMF_PIO                    : enabled
20220501 024612.325 INFO             PET0 ESMF_YAMLCPP                : enabled
20220501 024612.326 INFO             PET0  NUMBER_OF_PROCESSORS           1
20220501 024612.326 INFO             PET0  PASS  Example CalendarEx, ESMF_CalendarEx.F90, line 217
20220501 024612.326 INFO             PET0 Finalizing ESMF
