build time -- 2022-04-05 02:27:24
20220405 025037.199 INFO             PET0 !!!!!!!!!!!!!!!!!!!!!!!!!!!!!!!!!!!!!!!!!!!!!!!!!!!!!!
20220405 025037.200 INFO             PET0 !!! THE ESMF_LOG IS SET TO OUTPUT ALL LOG MESSAGES !!!
20220405 025037.200 INFO             PET0 !!!     THIS MAY CAUSE SLOWDOWN IN PERFORMANCE     !!!
20220405 025037.200 INFO             PET0 !!! FOR PRODUCTION RUNS, USE:                      !!!
20220405 025037.200 INFO             PET0 !!!                   ESMF_LOGKIND_Multi_On_Error  !!!
20220405 025037.200 INFO             PET0 !!!!!!!!!!!!!!!!!!!!!!!!!!!!!!!!!!!!!!!!!!!!!!!!!!!!!!
20220405 025037.200 INFO             PET0 Running with ESMF Version   : v8.3.0b12
20220405 025037.200 INFO             PET0 ESMF library build date/time: "Apr  5 2022" "02:26:22"
20220405 025037.200 INFO             PET0 ESMF library build location : /work/noaa/da/mpotts/sandbox/gfortran_8.3.0_openmpi_O_develop
20220405 025037.200 INFO             PET0 ESMF_COMM                   : openmpi
20220405 025037.200 INFO             PET0 ESMF_MOAB                   : enabled
20220405 025037.200 INFO             PET0 ESMF_LAPACK                 : enabled
20220405 025037.200 INFO             PET0 ESMF_NETCDF                 : enabled
20220405 025037.200 INFO             PET0 ESMF_PNETCDF                : disabled
20220405 025037.200 INFO             PET0 ESMF_PIO                    : enabled
20220405 025037.200 INFO             PET0 ESMF_YAMLCPP                : enabled
20220405 025037.200 INFO             PET0  NUMBER_OF_PROCESSORS           4
20220405 025037.200 INFO             PET0  PASS  Example ESMF_VMUserMpiCommMultiEx, ESMF_VMUserMpiCommMultiEx.F90, line 126
20220405 025037.200 INFO             PET0 Finalizing ESMF
20220405 025037.181 INFO             PET0 !!!!!!!!!!!!!!!!!!!!!!!!!!!!!!!!!!!!!!!!!!!!!!!!!!!!!!
20220405 025037.181 INFO             PET0 !!! THE ESMF_LOG IS SET TO OUTPUT ALL LOG MESSAGES !!!
20220405 025037.182 INFO             PET0 !!!     THIS MAY CAUSE SLOWDOWN IN PERFORMANCE     !!!
20220405 025037.182 INFO             PET0 !!! FOR PRODUCTION RUNS, USE:                      !!!
20220405 025037.182 INFO             PET0 !!!                   ESMF_LOGKIND_Multi_On_Error  !!!
20220405 025037.182 INFO             PET0 !!!!!!!!!!!!!!!!!!!!!!!!!!!!!!!!!!!!!!!!!!!!!!!!!!!!!!
20220405 025037.182 INFO             PET0 Running with ESMF Version   : v8.3.0b12
20220405 025037.182 INFO             PET0 ESMF library build date/time: "Apr  5 2022" "02:26:22"
20220405 025037.182 INFO             PET0 ESMF library build location : /work/noaa/da/mpotts/sandbox/gfortran_8.3.0_openmpi_O_develop
20220405 025037.182 INFO             PET0 ESMF_COMM                   : openmpi
20220405 025037.182 INFO             PET0 ESMF_MOAB                   : enabled
20220405 025037.182 INFO             PET0 ESMF_LAPACK                 : enabled
20220405 025037.182 INFO             PET0 ESMF_NETCDF                 : enabled
20220405 025037.182 INFO             PET0 ESMF_PNETCDF                : disabled
20220405 025037.182 INFO             PET0 ESMF_PIO                    : enabled
20220405 025037.182 INFO             PET0 ESMF_YAMLCPP                : enabled
20220405 025037.182 INFO             PET0  NUMBER_OF_PROCESSORS           4
20220405 025037.182 INFO             PET0  PASS  Example ESMF_VMUserMpiCommMultiEx, ESMF_VMUserMpiCommMultiEx.F90, line 154
20220405 025037.182 INFO             PET0 Finalizing ESMF
20220405 025037.181 INFO             PET1 !!!!!!!!!!!!!!!!!!!!!!!!!!!!!!!!!!!!!!!!!!!!!!!!!!!!!!
20220405 025037.181 INFO             PET1 !!! THE ESMF_LOG IS SET TO OUTPUT ALL LOG MESSAGES !!!
20220405 025037.181 INFO             PET1 !!!     THIS MAY CAUSE SLOWDOWN IN PERFORMANCE     !!!
20220405 025037.181 INFO             PET1 !!! FOR PRODUCTION RUNS, USE:                      !!!
20220405 025037.181 INFO             PET1 !!!                   ESMF_LOGKIND_Multi_On_Error  !!!
20220405 025037.181 INFO             PET1 !!!!!!!!!!!!!!!!!!!!!!!!!!!!!!!!!!!!!!!!!!!!!!!!!!!!!!
20220405 025037.181 INFO             PET1 Running with ESMF Version   : v8.3.0b12
20220405 025037.181 INFO             PET1 ESMF library build date/time: "Apr  5 2022" "02:26:22"
20220405 025037.181 INFO             PET1 ESMF library build location : /work/noaa/da/mpotts/sandbox/gfortran_8.3.0_openmpi_O_develop
20220405 025037.181 INFO             PET1 ESMF_COMM                   : openmpi
20220405 025037.181 INFO             PET1 ESMF_MOAB                   : enabled
20220405 025037.181 INFO             PET1 ESMF_LAPACK                 : enabled
20220405 025037.181 INFO             PET1 ESMF_NETCDF                 : enabled
20220405 025037.181 INFO             PET1 ESMF_PNETCDF                : disabled
20220405 025037.181 INFO             PET1 ESMF_PIO                    : enabled
20220405 025037.181 INFO             PET1 ESMF_YAMLCPP                : enabled
20220405 025037.200 INFO             PET1  NUMBER_OF_PROCESSORS           4
20220405 025037.200 INFO             PET1  PASS  Example ESMF_VMUserMpiCommMultiEx, ESMF_VMUserMpiCommMultiEx.F90, line 126
20220405 025037.200 INFO             PET1 Finalizing ESMF
20220405 025037.181 INFO             PET1 !!!!!!!!!!!!!!!!!!!!!!!!!!!!!!!!!!!!!!!!!!!!!!!!!!!!!!
20220405 025037.181 INFO             PET1 !!! THE ESMF_LOG IS SET TO OUTPUT ALL LOG MESSAGES !!!
20220405 025037.181 INFO             PET1 !!!     THIS MAY CAUSE SLOWDOWN IN PERFORMANCE     !!!
20220405 025037.181 INFO             PET1 !!! FOR PRODUCTION RUNS, USE:                      !!!
20220405 025037.181 INFO             PET1 !!!                   ESMF_LOGKIND_Multi_On_Error  !!!
20220405 025037.181 INFO             PET1 !!!!!!!!!!!!!!!!!!!!!!!!!!!!!!!!!!!!!!!!!!!!!!!!!!!!!!
20220405 025037.181 INFO             PET1 Running with ESMF Version   : v8.3.0b12
20220405 025037.181 INFO             PET1 ESMF library build date/time: "Apr  5 2022" "02:26:22"
20220405 025037.181 INFO             PET1 ESMF library build location : /work/noaa/da/mpotts/sandbox/gfortran_8.3.0_openmpi_O_develop
20220405 025037.181 INFO             PET1 ESMF_COMM                   : openmpi
20220405 025037.182 INFO             PET1 ESMF_MOAB                   : enabled
20220405 025037.182 INFO             PET1 ESMF_LAPACK                 : enabled
20220405 025037.182 INFO             PET1 ESMF_NETCDF                 : enabled
20220405 025037.182 INFO             PET1 ESMF_PNETCDF                : disabled
20220405 025037.182 INFO             PET1 ESMF_PIO                    : enabled
20220405 025037.182 INFO             PET1 ESMF_YAMLCPP                : enabled
20220405 025037.182 INFO             PET1  NUMBER_OF_PROCESSORS           4
20220405 025037.182 INFO             PET1  PASS  Example ESMF_VMUserMpiCommMultiEx, ESMF_VMUserMpiCommMultiEx.F90, line 154
20220405 025037.182 INFO             PET1 Finalizing ESMF
