build time -- 2022-04-30 01:32:12.588824
20220430 020643.884 INFO             PET0 !!!!!!!!!!!!!!!!!!!!!!!!!!!!!!!!!!!!!!!!!!!!!!!!!!!!!!
20220430 020643.884 INFO             PET0 !!! THE ESMF_LOG IS SET TO OUTPUT ALL LOG MESSAGES !!!
20220430 020643.884 INFO             PET0 !!!     THIS MAY CAUSE SLOWDOWN IN PERFORMANCE     !!!
20220430 020643.884 INFO             PET0 !!! FOR PRODUCTION RUNS, USE:                      !!!
20220430 020643.884 INFO             PET0 !!!                   ESMF_LOGKIND_Multi_On_Error  !!!
20220430 020643.884 INFO             PET0 !!!!!!!!!!!!!!!!!!!!!!!!!!!!!!!!!!!!!!!!!!!!!!!!!!!!!!
20220430 020643.884 INFO             PET0 Running with ESMF Version   : v8.3.0b13-3-g648c7f896f
20220430 020643.884 INFO             PET0 ESMF library build date/time: "Apr 30 2022" "01:29:01"
20220430 020643.884 INFO             PET0 ESMF library build location : /gpfsm/dnb04/projects/p98/mpotts/esmf/intel_19.1.3_intelmpi_g_develop
20220430 020643.884 INFO             PET0 ESMF_COMM                   : intelmpi
20220430 020643.885 INFO             PET0 ESMF_MOAB                   : enabled
20220430 020643.885 INFO             PET0 ESMF_LAPACK                 : enabled
20220430 020643.885 INFO             PET0 ESMF_NETCDF                 : enabled
20220430 020643.885 INFO             PET0 ESMF_PNETCDF                : disabled
20220430 020643.885 INFO             PET0 ESMF_PIO                    : enabled
20220430 020643.885 INFO             PET0 ESMF_YAMLCPP                : enabled
20220430 020643.886 INFO             PET0  NUMBER_OF_PROCESSORS           1
20220430 020643.886 INFO             PET0  PASS  Example CalendarEx, ESMF_CalendarEx.F90, line 217
20220430 020643.886 INFO             PET0 Finalizing ESMF
