build time -- 2022-06-02 01:19:47.621536
20220602 015426.773 INFO             PET0 !!!!!!!!!!!!!!!!!!!!!!!!!!!!!!!!!!!!!!!!!!!!!!!!!!!!!!
20220602 015426.773 INFO             PET0 !!! THE ESMF_LOG IS SET TO OUTPUT ALL LOG MESSAGES !!!
20220602 015426.773 INFO             PET0 !!!     THIS MAY CAUSE SLOWDOWN IN PERFORMANCE     !!!
20220602 015426.773 INFO             PET0 !!! FOR PRODUCTION RUNS, USE:                      !!!
20220602 015426.773 INFO             PET0 !!!                   ESMF_LOGKIND_Multi_On_Error  !!!
20220602 015426.773 INFO             PET0 !!!!!!!!!!!!!!!!!!!!!!!!!!!!!!!!!!!!!!!!!!!!!!!!!!!!!!
20220602 015426.773 INFO             PET0 Running with ESMF Version   : v8.4.0b00
20220602 015426.773 INFO             PET0 ESMF library build date/time: "Jun  2 2022" "01:17:11"
20220602 015426.773 INFO             PET0 ESMF library build location : /gpfsm/dnb04/projects/p98/mpotts/esmf/intel_19.1.3_intelmpi_g_develop
20220602 015426.773 INFO             PET0 ESMF_COMM                   : intelmpi
20220602 015426.774 INFO             PET0 ESMF_MOAB                   : enabled
20220602 015426.774 INFO             PET0 ESMF_LAPACK                 : enabled
20220602 015426.774 INFO             PET0 ESMF_NETCDF                 : enabled
20220602 015426.774 INFO             PET0 ESMF_PNETCDF                : disabled
20220602 015426.774 INFO             PET0 ESMF_PIO                    : enabled
20220602 015426.774 INFO             PET0 ESMF_YAMLCPP                : enabled
20220602 015426.779 INFO             PET0  NUMBER_OF_PROCESSORS           1
20220602 015426.779 INFO             PET0  PASS  Example ESMF_ClockEx, ESMF_ClockEx.F90, line 220
20220602 015426.779 INFO             PET0 Finalizing ESMF
