build time -- 2022-04-25 01:13:27.890797
20220425 014928.866 INFO             PET0 !!!!!!!!!!!!!!!!!!!!!!!!!!!!!!!!!!!!!!!!!!!!!!!!!!!!!!
20220425 014928.866 INFO             PET0 !!! THE ESMF_LOG IS SET TO OUTPUT ALL LOG MESSAGES !!!
20220425 014928.866 INFO             PET0 !!!     THIS MAY CAUSE SLOWDOWN IN PERFORMANCE     !!!
20220425 014928.866 INFO             PET0 !!! FOR PRODUCTION RUNS, USE:                      !!!
20220425 014928.866 INFO             PET0 !!!                   ESMF_LOGKIND_Multi_On_Error  !!!
20220425 014928.866 INFO             PET0 !!!!!!!!!!!!!!!!!!!!!!!!!!!!!!!!!!!!!!!!!!!!!!!!!!!!!!
20220425 014928.866 INFO             PET0 Running with ESMF Version   : v8.3.0b13
20220425 014928.866 INFO             PET0 ESMF library build date/time: "Apr 25 2022" "01:10:52"
20220425 014928.866 INFO             PET0 ESMF library build location : /gpfsm/dnb04/projects/p98/mpotts/esmf/intel_19.1.3_intelmpi_g_develop
20220425 014928.866 INFO             PET0 ESMF_COMM                   : intelmpi
20220425 014928.867 INFO             PET0 ESMF_MOAB                   : enabled
20220425 014928.867 INFO             PET0 ESMF_LAPACK                 : enabled
20220425 014928.867 INFO             PET0 ESMF_NETCDF                 : enabled
20220425 014928.867 INFO             PET0 ESMF_PNETCDF                : disabled
20220425 014928.867 INFO             PET0 ESMF_PIO                    : enabled
20220425 014928.867 INFO             PET0 ESMF_YAMLCPP                : enabled
20220425 014928.880 INFO             PET0  NUMBER_OF_PROCESSORS           1
20220425 014928.880 INFO             PET0  PASS  Example ESMF_XGridSparseMatEx, ESMF_XGridSparseMatEx.F90, line 642
20220425 014928.880 INFO             PET0 Finalizing ESMF
