build time -- 2022-05-09 01:16:57.384134
20220509 015057.755 INFO             PET0 !!!!!!!!!!!!!!!!!!!!!!!!!!!!!!!!!!!!!!!!!!!!!!!!!!!!!!
20220509 015057.756 INFO             PET0 !!! THE ESMF_LOG IS SET TO OUTPUT ALL LOG MESSAGES !!!
20220509 015057.756 INFO             PET0 !!!     THIS MAY CAUSE SLOWDOWN IN PERFORMANCE     !!!
20220509 015057.756 INFO             PET0 !!! FOR PRODUCTION RUNS, USE:                      !!!
20220509 015057.756 INFO             PET0 !!!                   ESMF_LOGKIND_Multi_On_Error  !!!
20220509 015057.756 INFO             PET0 !!!!!!!!!!!!!!!!!!!!!!!!!!!!!!!!!!!!!!!!!!!!!!!!!!!!!!
20220509 015057.756 INFO             PET0 Running with ESMF Version   : v8.3.0b14-2-gde129fc120
20220509 015057.756 INFO             PET0 ESMF library build date/time: "May  9 2022" "01:14:17"
20220509 015057.756 INFO             PET0 ESMF library build location : /gpfsm/dnb04/projects/p98/mpotts/esmf/intel_19.1.3_intelmpi_g_develop
20220509 015057.756 INFO             PET0 ESMF_COMM                   : intelmpi
20220509 015057.757 INFO             PET0 ESMF_MOAB                   : enabled
20220509 015057.757 INFO             PET0 ESMF_LAPACK                 : enabled
20220509 015057.757 INFO             PET0 ESMF_NETCDF                 : enabled
20220509 015057.757 INFO             PET0 ESMF_PNETCDF                : disabled
20220509 015057.757 INFO             PET0 ESMF_PIO                    : enabled
20220509 015057.757 INFO             PET0 ESMF_YAMLCPP                : enabled
20220509 015057.759 INFO             PET0  NUMBER_OF_PROCESSORS           1
20220509 015057.759 INFO             PET0  PASS  Example ESMF_AlarmEx, ESMF_AlarmEx.F90, line 244
20220509 015057.759 INFO             PET0 Finalizing ESMF
