build time -- 2022-06-05 01:22:12.748716
20220605 020421.990 INFO             PET0 !!!!!!!!!!!!!!!!!!!!!!!!!!!!!!!!!!!!!!!!!!!!!!!!!!!!!!
20220605 020421.990 INFO             PET0 !!! THE ESMF_LOG IS SET TO OUTPUT ALL LOG MESSAGES !!!
20220605 020421.990 INFO             PET0 !!!     THIS MAY CAUSE SLOWDOWN IN PERFORMANCE     !!!
20220605 020421.990 INFO             PET0 !!! FOR PRODUCTION RUNS, USE:                      !!!
20220605 020421.990 INFO             PET0 !!!                   ESMF_LOGKIND_Multi_On_Error  !!!
20220605 020421.990 INFO             PET0 !!!!!!!!!!!!!!!!!!!!!!!!!!!!!!!!!!!!!!!!!!!!!!!!!!!!!!
20220605 020421.990 INFO             PET0 Running with ESMF Version   : v8.4.0b01
20220605 020421.990 INFO             PET0 ESMF library build date/time: "Jun  5 2022" "01:19:22"
20220605 020421.990 INFO             PET0 ESMF library build location : /gpfsm/dnb04/projects/p98/mpotts/esmf/intel_19.1.3_intelmpi_g_develop
20220605 020421.990 INFO             PET0 ESMF_COMM                   : intelmpi
20220605 020421.991 INFO             PET0 ESMF_MOAB                   : enabled
20220605 020421.991 INFO             PET0 ESMF_LAPACK                 : enabled
20220605 020421.991 INFO             PET0 ESMF_NETCDF                 : enabled
20220605 020421.991 INFO             PET0 ESMF_PNETCDF                : disabled
20220605 020421.991 INFO             PET0 ESMF_PIO                    : enabled
20220605 020421.991 INFO             PET0 ESMF_YAMLCPP                : enabled
20220605 020421.991 INFO             PET0  NUMBER_OF_PROCESSORS           1
20220605 020421.991 INFO             PET0  PASS  Example ESMF_TimeEx, ESMF_TimeEx.F90, line 141
20220605 020421.991 INFO             PET0 Finalizing ESMF
