build time -- 2022-06-02 03:15:41.523819
20220602 043931.733 INFO             PET0 !!!!!!!!!!!!!!!!!!!!!!!!!!!!!!!!!!!!!!!!!!!!!!!!!!!!!!
20220602 043931.733 INFO             PET0 !!! THE ESMF_LOG IS SET TO OUTPUT ALL LOG MESSAGES !!!
20220602 043931.733 INFO             PET0 !!!     THIS MAY CAUSE SLOWDOWN IN PERFORMANCE     !!!
20220602 043931.733 INFO             PET0 !!! FOR PRODUCTION RUNS, USE:                      !!!
20220602 043931.733 INFO             PET0 !!!                   ESMF_LOGKIND_Multi_On_Error  !!!
20220602 043931.733 INFO             PET0 !!!!!!!!!!!!!!!!!!!!!!!!!!!!!!!!!!!!!!!!!!!!!!!!!!!!!!
20220602 043931.733 INFO             PET0 Running with ESMF Version   : v8.4.0b00
20220602 043931.733 INFO             PET0 ESMF library build date/time: "Jun  2 2022" "03:06:48"
20220602 043931.733 INFO             PET0 ESMF library build location : /glade/scratch/dunlap/esmf-testing/intel_18.0.5_mpt_g_develop
20220602 043931.733 INFO             PET0 ESMF_COMM                   : mpt
20220602 043931.733 INFO             PET0 ESMF_MOAB                   : enabled
20220602 043931.733 INFO             PET0 ESMF_LAPACK                 : enabled
20220602 043931.733 INFO             PET0 ESMF_NETCDF                 : enabled
20220602 043931.733 INFO             PET0 ESMF_PNETCDF                : disabled
20220602 043931.733 INFO             PET0 ESMF_PIO                    : enabled
20220602 043931.733 INFO             PET0 ESMF_YAMLCPP                : enabled
20220602 043931.856 DEBUG            PET0 about to destroy Grid: 0x34e29e0
20220602 043931.873 DEBUG            PET0 about to destroy Grid: 0x34e5750
20220602 043931.920 INFO             PET0  NUMBER_OF_PROCESSORS           4
20220602 043931.920 INFO             PET0  PASS  Example ESMF_NUOPCAtmModelEx, ESMF_NUOPCAtmModelEx.F90, line 806
20220602 043931.920 INFO             PET0 Finalizing ESMF
20220602 043931.732 INFO             PET1 !!!!!!!!!!!!!!!!!!!!!!!!!!!!!!!!!!!!!!!!!!!!!!!!!!!!!!
20220602 043931.733 INFO             PET1 !!! THE ESMF_LOG IS SET TO OUTPUT ALL LOG MESSAGES !!!
20220602 043931.733 INFO             PET1 !!!     THIS MAY CAUSE SLOWDOWN IN PERFORMANCE     !!!
20220602 043931.733 INFO             PET1 !!! FOR PRODUCTION RUNS, USE:                      !!!
20220602 043931.733 INFO             PET1 !!!                   ESMF_LOGKIND_Multi_On_Error  !!!
20220602 043931.733 INFO             PET1 !!!!!!!!!!!!!!!!!!!!!!!!!!!!!!!!!!!!!!!!!!!!!!!!!!!!!!
20220602 043931.733 INFO             PET1 Running with ESMF Version   : v8.4.0b00
20220602 043931.733 INFO             PET1 ESMF library build date/time: "Jun  2 2022" "03:06:48"
20220602 043931.733 INFO             PET1 ESMF library build location : /glade/scratch/dunlap/esmf-testing/intel_18.0.5_mpt_g_develop
20220602 043931.733 INFO             PET1 ESMF_COMM                   : mpt
20220602 043931.733 INFO             PET1 ESMF_MOAB                   : enabled
20220602 043931.733 INFO             PET1 ESMF_LAPACK                 : enabled
20220602 043931.733 INFO             PET1 ESMF_NETCDF                 : enabled
20220602 043931.733 INFO             PET1 ESMF_PNETCDF                : disabled
20220602 043931.733 INFO             PET1 ESMF_PIO                    : enabled
20220602 043931.733 INFO             PET1 ESMF_YAMLCPP                : enabled
20220602 043931.856 DEBUG            PET1 about to destroy Grid: 0x34e5750
20220602 043931.873 DEBUG            PET1 about to destroy Grid: 0x34e6740
20220602 043931.920 INFO             PET1  NUMBER_OF_PROCESSORS           4
20220602 043931.920 INFO             PET1  PASS  Example ESMF_NUOPCAtmModelEx, ESMF_NUOPCAtmModelEx.F90, line 806
20220602 043931.920 INFO             PET1 Finalizing ESMF
20220602 043931.732 INFO             PET2 !!!!!!!!!!!!!!!!!!!!!!!!!!!!!!!!!!!!!!!!!!!!!!!!!!!!!!
20220602 043931.732 INFO             PET2 !!! THE ESMF_LOG IS SET TO OUTPUT ALL LOG MESSAGES !!!
20220602 043931.732 INFO             PET2 !!!     THIS MAY CAUSE SLOWDOWN IN PERFORMANCE     !!!
20220602 043931.732 INFO             PET2 !!! FOR PRODUCTION RUNS, USE:                      !!!
20220602 043931.732 INFO             PET2 !!!                   ESMF_LOGKIND_Multi_On_Error  !!!
20220602 043931.732 INFO             PET2 !!!!!!!!!!!!!!!!!!!!!!!!!!!!!!!!!!!!!!!!!!!!!!!!!!!!!!
20220602 043931.732 INFO             PET2 Running with ESMF Version   : v8.4.0b00
20220602 043931.732 INFO             PET2 ESMF library build date/time: "Jun  2 2022" "03:06:48"
20220602 043931.732 INFO             PET2 ESMF library build location : /glade/scratch/dunlap/esmf-testing/intel_18.0.5_mpt_g_develop
20220602 043931.732 INFO             PET2 ESMF_COMM                   : mpt
20220602 043931.733 INFO             PET2 ESMF_MOAB                   : enabled
20220602 043931.733 INFO             PET2 ESMF_LAPACK                 : enabled
20220602 043931.733 INFO             PET2 ESMF_NETCDF                 : enabled
20220602 043931.733 INFO             PET2 ESMF_PNETCDF                : disabled
20220602 043931.733 INFO             PET2 ESMF_PIO                    : enabled
20220602 043931.733 INFO             PET2 ESMF_YAMLCPP                : enabled
20220602 043931.856 DEBUG            PET2 about to destroy Grid: 0x34e57d0
20220602 043931.873 DEBUG            PET2 about to destroy Grid: 0x34e67c0
20220602 043931.920 INFO             PET2  NUMBER_OF_PROCESSORS           4
20220602 043931.920 INFO             PET2  PASS  Example ESMF_NUOPCAtmModelEx, ESMF_NUOPCAtmModelEx.F90, line 806
20220602 043931.920 INFO             PET2 Finalizing ESMF
20220602 043931.732 INFO             PET3 !!!!!!!!!!!!!!!!!!!!!!!!!!!!!!!!!!!!!!!!!!!!!!!!!!!!!!
20220602 043931.732 INFO             PET3 !!! THE ESMF_LOG IS SET TO OUTPUT ALL LOG MESSAGES !!!
20220602 043931.732 INFO             PET3 !!!     THIS MAY CAUSE SLOWDOWN IN PERFORMANCE     !!!
20220602 043931.732 INFO             PET3 !!! FOR PRODUCTION RUNS, USE:                      !!!
20220602 043931.732 INFO             PET3 !!!                   ESMF_LOGKIND_Multi_On_Error  !!!
20220602 043931.732 INFO             PET3 !!!!!!!!!!!!!!!!!!!!!!!!!!!!!!!!!!!!!!!!!!!!!!!!!!!!!!
20220602 043931.732 INFO             PET3 Running with ESMF Version   : v8.4.0b00
20220602 043931.732 INFO             PET3 ESMF library build date/time: "Jun  2 2022" "03:06:48"
20220602 043931.732 INFO             PET3 ESMF library build location : /glade/scratch/dunlap/esmf-testing/intel_18.0.5_mpt_g_develop
20220602 043931.732 INFO             PET3 ESMF_COMM                   : mpt
20220602 043931.733 INFO             PET3 ESMF_MOAB                   : enabled
20220602 043931.733 INFO             PET3 ESMF_LAPACK                 : enabled
20220602 043931.733 INFO             PET3 ESMF_NETCDF                 : enabled
20220602 043931.733 INFO             PET3 ESMF_PNETCDF                : disabled
20220602 043931.733 INFO             PET3 ESMF_PIO                    : enabled
20220602 043931.733 INFO             PET3 ESMF_YAMLCPP                : enabled
20220602 043931.856 DEBUG            PET3 about to destroy Grid: 0x34e5890
20220602 043931.873 DEBUG            PET3 about to destroy Grid: 0x34e6880
20220602 043931.920 INFO             PET3  NUMBER_OF_PROCESSORS           4
20220602 043931.920 INFO             PET3  PASS  Example ESMF_NUOPCAtmModelEx, ESMF_NUOPCAtmModelEx.F90, line 806
20220602 043931.920 INFO             PET3 Finalizing ESMF
