build time -- 2022-05-25 06:26:44
20220525 201129.426 INFO             PET0 !!!!!!!!!!!!!!!!!!!!!!!!!!!!!!!!!!!!!!!!!!!!!!!!!!!!!!
20220525 201129.426 INFO             PET0 !!! THE ESMF_LOG IS SET TO OUTPUT ALL LOG MESSAGES !!!
20220525 201129.426 INFO             PET0 !!!     THIS MAY CAUSE SLOWDOWN IN PERFORMANCE     !!!
20220525 201129.426 INFO             PET0 !!! FOR PRODUCTION RUNS, USE:                      !!!
20220525 201129.426 INFO             PET0 !!!                   ESMF_LOGKIND_Multi_On_Error  !!!
20220525 201129.426 INFO             PET0 !!!!!!!!!!!!!!!!!!!!!!!!!!!!!!!!!!!!!!!!!!!!!!!!!!!!!!
20220525 201129.426 INFO             PET0 Running with ESMF Version   : v8.3.0b16-3-gc2b47388e1
20220525 201129.426 INFO             PET0 ESMF library build date/time: "May 25 2022" "06:25:11"
20220525 201129.426 INFO             PET0 ESMF library build location : /global/cscratch1/sd/rsdunlap/esmf-testing/intel_19.1.2_mpiuni_g_release_8.3.0
20220525 201129.426 INFO             PET0 ESMF_COMM                   : mpiuni
20220525 201129.429 INFO             PET0 ESMF_MOAB                   : enabled
20220525 201129.429 INFO             PET0 ESMF_LAPACK                 : enabled
20220525 201129.429 INFO             PET0 ESMF_NETCDF                 : enabled
20220525 201129.429 INFO             PET0 ESMF_PNETCDF                : disabled
20220525 201129.429 INFO             PET0 ESMF_PIO                    : disabled
20220525 201129.429 INFO             PET0 ESMF_YAMLCPP                : enabled
20220525 201129.434 INFO             PET0 ESMF_FieldRedistStoreNF(): Just entered routine.
20220525 201129.514 INFO             PET0 ESMF_FieldRedistStoreNF(): Leaving routine.
20220525 201129.522 INFO             PET0  NUMBER_OF_PROCESSORS           1
20220525 201129.524 INFO             PET0  PASS  Example ESMF_RHandleFromFileEx, ESMF_RHandleFromFileEx.F90, line 192
20220525 201129.524 INFO             PET0 Finalizing ESMF
