build time -- 2022-05-20 03:05:44
20220520 090935.594 INFO             PET0 !!!!!!!!!!!!!!!!!!!!!!!!!!!!!!!!!!!!!!!!!!!!!!!!!!!!!!
20220520 090935.594 INFO             PET0 !!! THE ESMF_LOG IS SET TO OUTPUT ALL LOG MESSAGES !!!
20220520 090935.594 INFO             PET0 !!!     THIS MAY CAUSE SLOWDOWN IN PERFORMANCE     !!!
20220520 090935.594 INFO             PET0 !!! FOR PRODUCTION RUNS, USE:                      !!!
20220520 090935.594 INFO             PET0 !!!                   ESMF_LOGKIND_Multi_On_Error  !!!
20220520 090935.594 INFO             PET0 !!!!!!!!!!!!!!!!!!!!!!!!!!!!!!!!!!!!!!!!!!!!!!!!!!!!!!
20220520 090935.594 INFO             PET0 Running with ESMF Version   : v8.3.0b16
20220520 090935.594 INFO             PET0 ESMF library build date/time: "May 20 2022" "03:04:12"
20220520 090935.594 INFO             PET0 ESMF library build location : /global/cscratch1/sd/rsdunlap/esmf-testing/intel_19.1.2_mpiuni_g_release_8.3.0
20220520 090935.594 INFO             PET0 ESMF_COMM                   : mpiuni
20220520 090935.596 INFO             PET0 ESMF_MOAB                   : enabled
20220520 090935.596 INFO             PET0 ESMF_LAPACK                 : enabled
20220520 090935.596 INFO             PET0 ESMF_NETCDF                 : enabled
20220520 090935.596 INFO             PET0 ESMF_PNETCDF                : disabled
20220520 090935.596 INFO             PET0 ESMF_PIO                    : disabled
20220520 090935.596 INFO             PET0 ESMF_YAMLCPP                : enabled
20220520 090935.596 INFO             PET0 Log Write 2
20220520 090935.596 ERROR            PET0 Invalid object  - Convergence failure
20220520 090935.596 ERROR            PET0 ESMCI_Fraction.C:1444 ESMCI::Fraction::validate() must have non-zero denominator.
20220520 090935.596 ERROR            PET0 ESMCI_Time.C:838 ESMCI::Time::syncToRealTime() Wrong argument specified  - ; calkindflag is JULIANDAY, MODJULIANDAY or NOCALENDAR.
20220520 090935.596 ERROR            PET0 ESMF_Time.F90:1485 ESMF_TimeSyncToRealTime() Wrong argument specified  - Internal subroutine call returned Error
20220520 090935.596 ERROR            PET0 Wrong argument specified  - getting wall clock time
20220520 090935.599 INFO             PET0  NUMBER_OF_PROCESSORS           1
20220520 090935.601 INFO             PET0  PASS  Example ESMF_LogErrEx, ESMF_LogErrEx.F90, line 186
20220520 090935.601 INFO             PET0 Finalizing ESMF
