build time -- 2022-05-26 22:14:10
20220527 015730.029 INFO             PET0 !!!!!!!!!!!!!!!!!!!!!!!!!!!!!!!!!!!!!!!!!!!!!!!!!!!!!!
20220527 015730.029 INFO             PET0 !!! THE ESMF_LOG IS SET TO OUTPUT ALL LOG MESSAGES !!!
20220527 015730.029 INFO             PET0 !!!     THIS MAY CAUSE SLOWDOWN IN PERFORMANCE     !!!
20220527 015730.029 INFO             PET0 !!! FOR PRODUCTION RUNS, USE:                      !!!
20220527 015730.029 INFO             PET0 !!!                   ESMF_LOGKIND_Multi_On_Error  !!!
20220527 015730.029 INFO             PET0 !!!!!!!!!!!!!!!!!!!!!!!!!!!!!!!!!!!!!!!!!!!!!!!!!!!!!!
20220527 015730.029 INFO             PET0 Running with ESMF Version   : v8.3.0b16-3-gc2b47388e1
20220527 015730.029 INFO             PET0 ESMF library build date/time: "May 26 2022" "22:12:33"
20220527 015730.029 INFO             PET0 ESMF library build location : /global/cscratch1/sd/rsdunlap/esmf-testing/intel_19.1.2_mpiuni_g_release_8.3.0
20220527 015730.029 INFO             PET0 ESMF_COMM                   : mpiuni
20220527 015730.030 INFO             PET0 ESMF_MOAB                   : enabled
20220527 015730.030 INFO             PET0 ESMF_LAPACK                 : enabled
20220527 015730.030 INFO             PET0 ESMF_NETCDF                 : enabled
20220527 015730.030 INFO             PET0 ESMF_PNETCDF                : disabled
20220527 015730.030 INFO             PET0 ESMF_PIO                    : disabled
20220527 015730.030 INFO             PET0 ESMF_YAMLCPP                : enabled
20220527 015730.032 INFO             PET0  NUMBER_OF_PROCESSORS           1
20220527 015730.032 INFO             PET0  PASS  Example ESMF_TimeEx, ESMF_TimeEx.F90, line 141
20220527 015730.032 INFO             PET0 Finalizing ESMF
