build time -- 2022-05-21 04:54:14
20220521 075340.319 INFO             PET0 !!!!!!!!!!!!!!!!!!!!!!!!!!!!!!!!!!!!!!!!!!!!!!!!!!!!!!
20220521 075340.319 INFO             PET0 !!! THE ESMF_LOG IS SET TO OUTPUT ALL LOG MESSAGES !!!
20220521 075340.319 INFO             PET0 !!!     THIS MAY CAUSE SLOWDOWN IN PERFORMANCE     !!!
20220521 075340.319 INFO             PET0 !!! FOR PRODUCTION RUNS, USE:                      !!!
20220521 075340.319 INFO             PET0 !!!                   ESMF_LOGKIND_Multi_On_Error  !!!
20220521 075340.319 INFO             PET0 !!!!!!!!!!!!!!!!!!!!!!!!!!!!!!!!!!!!!!!!!!!!!!!!!!!!!!
20220521 075340.319 INFO             PET0 Running with ESMF Version   : v8.3.0b16-3-gc2b47388e1
20220521 075340.319 INFO             PET0 ESMF library build date/time: "May 21 2022" "04:51:41"
20220521 075340.319 INFO             PET0 ESMF library build location : /global/cscratch1/sd/rsdunlap/esmf-testing/intel_19.1.2_mpiuni_g_release_8.3.0
20220521 075340.319 INFO             PET0 ESMF_COMM                   : mpiuni
20220521 075340.321 INFO             PET0 ESMF_MOAB                   : enabled
20220521 075340.321 INFO             PET0 ESMF_LAPACK                 : enabled
20220521 075340.321 INFO             PET0 ESMF_NETCDF                 : enabled
20220521 075340.321 INFO             PET0 ESMF_PNETCDF                : disabled
20220521 075340.321 INFO             PET0 ESMF_PIO                    : disabled
20220521 075340.321 INFO             PET0 ESMF_YAMLCPP                : enabled
20220521 075340.324 INFO             PET0  NUMBER_OF_PROCESSORS           1
20220521 075340.324 INFO             PET0  PASS  Example ESMF_SCompEx, ESMF_SCompEx.F90, line 385
20220521 075340.324 INFO             PET0 Finalizing ESMF
