build time -- 2022-06-06 12:57:30.751622
20220606 145749.166 INFO             PET0 !!!!!!!!!!!!!!!!!!!!!!!!!!!!!!!!!!!!!!!!!!!!!!!!!!!!!!
20220606 145749.166 INFO             PET0 !!! THE ESMF_LOG IS SET TO OUTPUT ALL LOG MESSAGES !!!
20220606 145749.166 INFO             PET0 !!!     THIS MAY CAUSE SLOWDOWN IN PERFORMANCE     !!!
20220606 145749.166 INFO             PET0 !!! FOR PRODUCTION RUNS, USE:                      !!!
20220606 145749.166 INFO             PET0 !!!                   ESMF_LOGKIND_Multi_On_Error  !!!
20220606 145749.166 INFO             PET0 !!!!!!!!!!!!!!!!!!!!!!!!!!!!!!!!!!!!!!!!!!!!!!!!!!!!!!
20220606 145749.166 INFO             PET0 Running with ESMF Version   : v8.3.0b17-2-g86d44b3610
20220606 145749.166 INFO             PET0 ESMF library build date/time: "Jun  6 2022" "12:44:22"
20220606 145749.166 INFO             PET0 ESMF library build location : /glade/scratch/dunlap/esmf-testing/intel_18.0.5_intelmpi_O_release_8.3.0
20220606 145749.166 INFO             PET0 ESMF_COMM                   : intelmpi
20220606 145749.166 INFO             PET0 ESMF_MOAB                   : enabled
20220606 145749.166 INFO             PET0 ESMF_LAPACK                 : enabled
20220606 145749.166 INFO             PET0 ESMF_NETCDF                 : enabled
20220606 145749.166 INFO             PET0 ESMF_PNETCDF                : disabled
20220606 145749.166 INFO             PET0 ESMF_PIO                    : enabled
20220606 145749.166 INFO             PET0 ESMF_YAMLCPP                : enabled
20220606 145749.172 INFO             PET0 ESMF_FieldRedistStoreNF(): Just entered routine.
20220606 145749.224 INFO             PET0 ESMF_FieldRedistStoreNF(): Leaving routine.
20220606 145749.226 INFO             PET0  NUMBER_OF_PROCESSORS           4
20220606 145749.227 INFO             PET0  PASS  Example ESMF_RHandleFromRHandleEx, ESMF_RHandleFromRHandleEx.F90, line 660
20220606 145749.227 INFO             PET0 Finalizing ESMF
20220606 145749.166 INFO             PET1 !!!!!!!!!!!!!!!!!!!!!!!!!!!!!!!!!!!!!!!!!!!!!!!!!!!!!!
20220606 145749.166 INFO             PET1 !!! THE ESMF_LOG IS SET TO OUTPUT ALL LOG MESSAGES !!!
20220606 145749.166 INFO             PET1 !!!     THIS MAY CAUSE SLOWDOWN IN PERFORMANCE     !!!
20220606 145749.166 INFO             PET1 !!! FOR PRODUCTION RUNS, USE:                      !!!
20220606 145749.166 INFO             PET1 !!!                   ESMF_LOGKIND_Multi_On_Error  !!!
20220606 145749.166 INFO             PET1 !!!!!!!!!!!!!!!!!!!!!!!!!!!!!!!!!!!!!!!!!!!!!!!!!!!!!!
20220606 145749.166 INFO             PET1 Running with ESMF Version   : v8.3.0b17-2-g86d44b3610
20220606 145749.166 INFO             PET1 ESMF library build date/time: "Jun  6 2022" "12:44:22"
20220606 145749.166 INFO             PET1 ESMF library build location : /glade/scratch/dunlap/esmf-testing/intel_18.0.5_intelmpi_O_release_8.3.0
20220606 145749.166 INFO             PET1 ESMF_COMM                   : intelmpi
20220606 145749.167 INFO             PET1 ESMF_MOAB                   : enabled
20220606 145749.167 INFO             PET1 ESMF_LAPACK                 : enabled
20220606 145749.167 INFO             PET1 ESMF_NETCDF                 : enabled
20220606 145749.167 INFO             PET1 ESMF_PNETCDF                : disabled
20220606 145749.167 INFO             PET1 ESMF_PIO                    : enabled
20220606 145749.167 INFO             PET1 ESMF_YAMLCPP                : enabled
20220606 145749.172 INFO             PET1 ESMF_FieldRedistStoreNF(): Just entered routine.
20220606 145749.223 INFO             PET1 ESMF_FieldRedistStoreNF(): Leaving routine.
20220606 145749.226 INFO             PET1  NUMBER_OF_PROCESSORS           4
20220606 145749.226 INFO             PET1  PASS  Example ESMF_RHandleFromRHandleEx, ESMF_RHandleFromRHandleEx.F90, line 660
20220606 145749.226 INFO             PET1 Finalizing ESMF
20220606 145749.166 INFO             PET2 !!!!!!!!!!!!!!!!!!!!!!!!!!!!!!!!!!!!!!!!!!!!!!!!!!!!!!
20220606 145749.167 INFO             PET2 !!! THE ESMF_LOG IS SET TO OUTPUT ALL LOG MESSAGES !!!
20220606 145749.167 INFO             PET2 !!!     THIS MAY CAUSE SLOWDOWN IN PERFORMANCE     !!!
20220606 145749.167 INFO             PET2 !!! FOR PRODUCTION RUNS, USE:                      !!!
20220606 145749.167 INFO             PET2 !!!                   ESMF_LOGKIND_Multi_On_Error  !!!
20220606 145749.167 INFO             PET2 !!!!!!!!!!!!!!!!!!!!!!!!!!!!!!!!!!!!!!!!!!!!!!!!!!!!!!
20220606 145749.167 INFO             PET2 Running with ESMF Version   : v8.3.0b17-2-g86d44b3610
20220606 145749.167 INFO             PET2 ESMF library build date/time: "Jun  6 2022" "12:44:22"
20220606 145749.167 INFO             PET2 ESMF library build location : /glade/scratch/dunlap/esmf-testing/intel_18.0.5_intelmpi_O_release_8.3.0
20220606 145749.167 INFO             PET2 ESMF_COMM                   : intelmpi
20220606 145749.167 INFO             PET2 ESMF_MOAB                   : enabled
20220606 145749.167 INFO             PET2 ESMF_LAPACK                 : enabled
20220606 145749.167 INFO             PET2 ESMF_NETCDF                 : enabled
20220606 145749.167 INFO             PET2 ESMF_PNETCDF                : disabled
20220606 145749.167 INFO             PET2 ESMF_PIO                    : enabled
20220606 145749.167 INFO             PET2 ESMF_YAMLCPP                : enabled
20220606 145749.172 INFO             PET2 ESMF_FieldRedistStoreNF(): Just entered routine.
20220606 145749.224 INFO             PET2 ESMF_FieldRedistStoreNF(): Leaving routine.
20220606 145749.225 INFO             PET2  NUMBER_OF_PROCESSORS           4
20220606 145749.225 INFO             PET2  PASS  Example ESMF_RHandleFromRHandleEx, ESMF_RHandleFromRHandleEx.F90, line 660
20220606 145749.225 INFO             PET2 Finalizing ESMF
20220606 145749.166 INFO             PET3 !!!!!!!!!!!!!!!!!!!!!!!!!!!!!!!!!!!!!!!!!!!!!!!!!!!!!!
20220606 145749.166 INFO             PET3 !!! THE ESMF_LOG IS SET TO OUTPUT ALL LOG MESSAGES !!!
20220606 145749.166 INFO             PET3 !!!     THIS MAY CAUSE SLOWDOWN IN PERFORMANCE     !!!
20220606 145749.166 INFO             PET3 !!! FOR PRODUCTION RUNS, USE:                      !!!
20220606 145749.166 INFO             PET3 !!!                   ESMF_LOGKIND_Multi_On_Error  !!!
20220606 145749.166 INFO             PET3 !!!!!!!!!!!!!!!!!!!!!!!!!!!!!!!!!!!!!!!!!!!!!!!!!!!!!!
20220606 145749.166 INFO             PET3 Running with ESMF Version   : v8.3.0b17-2-g86d44b3610
20220606 145749.166 INFO             PET3 ESMF library build date/time: "Jun  6 2022" "12:44:22"
20220606 145749.166 INFO             PET3 ESMF library build location : /glade/scratch/dunlap/esmf-testing/intel_18.0.5_intelmpi_O_release_8.3.0
20220606 145749.166 INFO             PET3 ESMF_COMM                   : intelmpi
20220606 145749.167 INFO             PET3 ESMF_MOAB                   : enabled
20220606 145749.167 INFO             PET3 ESMF_LAPACK                 : enabled
20220606 145749.167 INFO             PET3 ESMF_NETCDF                 : enabled
20220606 145749.167 INFO             PET3 ESMF_PNETCDF                : disabled
20220606 145749.167 INFO             PET3 ESMF_PIO                    : enabled
20220606 145749.167 INFO             PET3 ESMF_YAMLCPP                : enabled
20220606 145749.172 INFO             PET3 ESMF_FieldRedistStoreNF(): Just entered routine.
20220606 145749.223 INFO             PET3 ESMF_FieldRedistStoreNF(): Leaving routine.
20220606 145749.226 INFO             PET3  NUMBER_OF_PROCESSORS           4
20220606 145749.227 INFO             PET3  PASS  Example ESMF_RHandleFromRHandleEx, ESMF_RHandleFromRHandleEx.F90, line 660
20220606 145749.227 INFO             PET3 Finalizing ESMF
