build time -- 2022-06-06 12:57:30.751622
20220606 150912.028 INFO             PET0 !!!!!!!!!!!!!!!!!!!!!!!!!!!!!!!!!!!!!!!!!!!!!!!!!!!!!!
20220606 150912.028 INFO             PET0 !!! THE ESMF_LOG IS SET TO OUTPUT ALL LOG MESSAGES !!!
20220606 150912.028 INFO             PET0 !!!     THIS MAY CAUSE SLOWDOWN IN PERFORMANCE     !!!
20220606 150912.028 INFO             PET0 !!! FOR PRODUCTION RUNS, USE:                      !!!
20220606 150912.028 INFO             PET0 !!!                   ESMF_LOGKIND_Multi_On_Error  !!!
20220606 150912.028 INFO             PET0 !!!!!!!!!!!!!!!!!!!!!!!!!!!!!!!!!!!!!!!!!!!!!!!!!!!!!!
20220606 150912.028 INFO             PET0 Running with ESMF Version   : v8.3.0b17-2-g86d44b3610
20220606 150912.028 INFO             PET0 ESMF library build date/time: "Jun  6 2022" "12:44:22"
20220606 150912.028 INFO             PET0 ESMF library build location : /glade/scratch/dunlap/esmf-testing/intel_18.0.5_intelmpi_O_release_8.3.0
20220606 150912.028 INFO             PET0 ESMF_COMM                   : intelmpi
20220606 150912.028 INFO             PET0 ESMF_MOAB                   : enabled
20220606 150912.028 INFO             PET0 ESMF_LAPACK                 : enabled
20220606 150912.028 INFO             PET0 ESMF_NETCDF                 : enabled
20220606 150912.028 INFO             PET0 ESMF_PNETCDF                : disabled
20220606 150912.028 INFO             PET0 ESMF_PIO                    : enabled
20220606 150912.028 INFO             PET0 ESMF_YAMLCPP                : enabled
20220606 150912.072 DEBUG            PET0 about to destroy Grid: 0x1005700
20220606 150912.075 DEBUG            PET0 about to destroy Grid: 0x1007580
20220606 150912.087 INFO             PET0  NUMBER_OF_PROCESSORS           4
20220606 150912.087 INFO             PET0  PASS  Example ESMF_NUOPCAtmModelEx, ESMF_NUOPCAtmModelEx.F90, line 806
20220606 150912.087 INFO             PET0 Finalizing ESMF
20220606 150912.028 INFO             PET1 !!!!!!!!!!!!!!!!!!!!!!!!!!!!!!!!!!!!!!!!!!!!!!!!!!!!!!
20220606 150912.028 INFO             PET1 !!! THE ESMF_LOG IS SET TO OUTPUT ALL LOG MESSAGES !!!
20220606 150912.028 INFO             PET1 !!!     THIS MAY CAUSE SLOWDOWN IN PERFORMANCE     !!!
20220606 150912.028 INFO             PET1 !!! FOR PRODUCTION RUNS, USE:                      !!!
20220606 150912.028 INFO             PET1 !!!                   ESMF_LOGKIND_Multi_On_Error  !!!
20220606 150912.028 INFO             PET1 !!!!!!!!!!!!!!!!!!!!!!!!!!!!!!!!!!!!!!!!!!!!!!!!!!!!!!
20220606 150912.028 INFO             PET1 Running with ESMF Version   : v8.3.0b17-2-g86d44b3610
20220606 150912.028 INFO             PET1 ESMF library build date/time: "Jun  6 2022" "12:44:22"
20220606 150912.028 INFO             PET1 ESMF library build location : /glade/scratch/dunlap/esmf-testing/intel_18.0.5_intelmpi_O_release_8.3.0
20220606 150912.028 INFO             PET1 ESMF_COMM                   : intelmpi
20220606 150912.028 INFO             PET1 ESMF_MOAB                   : enabled
20220606 150912.028 INFO             PET1 ESMF_LAPACK                 : enabled
20220606 150912.028 INFO             PET1 ESMF_NETCDF                 : enabled
20220606 150912.028 INFO             PET1 ESMF_PNETCDF                : disabled
20220606 150912.028 INFO             PET1 ESMF_PIO                    : enabled
20220606 150912.028 INFO             PET1 ESMF_YAMLCPP                : enabled
20220606 150912.072 DEBUG            PET1 about to destroy Grid: 0xd42330
20220606 150912.075 DEBUG            PET1 about to destroy Grid: 0xd42c20
20220606 150912.087 INFO             PET1  NUMBER_OF_PROCESSORS           4
20220606 150912.087 INFO             PET1  PASS  Example ESMF_NUOPCAtmModelEx, ESMF_NUOPCAtmModelEx.F90, line 806
20220606 150912.087 INFO             PET1 Finalizing ESMF
20220606 150912.028 INFO             PET2 !!!!!!!!!!!!!!!!!!!!!!!!!!!!!!!!!!!!!!!!!!!!!!!!!!!!!!
20220606 150912.028 INFO             PET2 !!! THE ESMF_LOG IS SET TO OUTPUT ALL LOG MESSAGES !!!
20220606 150912.028 INFO             PET2 !!!     THIS MAY CAUSE SLOWDOWN IN PERFORMANCE     !!!
20220606 150912.028 INFO             PET2 !!! FOR PRODUCTION RUNS, USE:                      !!!
20220606 150912.028 INFO             PET2 !!!                   ESMF_LOGKIND_Multi_On_Error  !!!
20220606 150912.028 INFO             PET2 !!!!!!!!!!!!!!!!!!!!!!!!!!!!!!!!!!!!!!!!!!!!!!!!!!!!!!
20220606 150912.028 INFO             PET2 Running with ESMF Version   : v8.3.0b17-2-g86d44b3610
20220606 150912.028 INFO             PET2 ESMF library build date/time: "Jun  6 2022" "12:44:22"
20220606 150912.028 INFO             PET2 ESMF library build location : /glade/scratch/dunlap/esmf-testing/intel_18.0.5_intelmpi_O_release_8.3.0
20220606 150912.028 INFO             PET2 ESMF_COMM                   : intelmpi
20220606 150912.028 INFO             PET2 ESMF_MOAB                   : enabled
20220606 150912.028 INFO             PET2 ESMF_LAPACK                 : enabled
20220606 150912.028 INFO             PET2 ESMF_NETCDF                 : enabled
20220606 150912.028 INFO             PET2 ESMF_PNETCDF                : disabled
20220606 150912.028 INFO             PET2 ESMF_PIO                    : enabled
20220606 150912.028 INFO             PET2 ESMF_YAMLCPP                : enabled
20220606 150912.072 DEBUG            PET2 about to destroy Grid: 0xc03330
20220606 150912.075 DEBUG            PET2 about to destroy Grid: 0xc03c20
20220606 150912.087 INFO             PET2  NUMBER_OF_PROCESSORS           4
20220606 150912.087 INFO             PET2  PASS  Example ESMF_NUOPCAtmModelEx, ESMF_NUOPCAtmModelEx.F90, line 806
20220606 150912.087 INFO             PET2 Finalizing ESMF
20220606 150912.028 INFO             PET3 !!!!!!!!!!!!!!!!!!!!!!!!!!!!!!!!!!!!!!!!!!!!!!!!!!!!!!
20220606 150912.028 INFO             PET3 !!! THE ESMF_LOG IS SET TO OUTPUT ALL LOG MESSAGES !!!
20220606 150912.028 INFO             PET3 !!!     THIS MAY CAUSE SLOWDOWN IN PERFORMANCE     !!!
20220606 150912.028 INFO             PET3 !!! FOR PRODUCTION RUNS, USE:                      !!!
20220606 150912.028 INFO             PET3 !!!                   ESMF_LOGKIND_Multi_On_Error  !!!
20220606 150912.028 INFO             PET3 !!!!!!!!!!!!!!!!!!!!!!!!!!!!!!!!!!!!!!!!!!!!!!!!!!!!!!
20220606 150912.028 INFO             PET3 Running with ESMF Version   : v8.3.0b17-2-g86d44b3610
20220606 150912.028 INFO             PET3 ESMF library build date/time: "Jun  6 2022" "12:44:22"
20220606 150912.028 INFO             PET3 ESMF library build location : /glade/scratch/dunlap/esmf-testing/intel_18.0.5_intelmpi_O_release_8.3.0
20220606 150912.028 INFO             PET3 ESMF_COMM                   : intelmpi
20220606 150912.028 INFO             PET3 ESMF_MOAB                   : enabled
20220606 150912.028 INFO             PET3 ESMF_LAPACK                 : enabled
20220606 150912.028 INFO             PET3 ESMF_NETCDF                 : enabled
20220606 150912.028 INFO             PET3 ESMF_PNETCDF                : disabled
20220606 150912.028 INFO             PET3 ESMF_PIO                    : enabled
20220606 150912.028 INFO             PET3 ESMF_YAMLCPP                : enabled
20220606 150912.072 DEBUG            PET3 about to destroy Grid: 0xd56330
20220606 150912.075 DEBUG            PET3 about to destroy Grid: 0xd56c20
20220606 150912.087 INFO             PET3  NUMBER_OF_PROCESSORS           4
20220606 150912.087 INFO             PET3  PASS  Example ESMF_NUOPCAtmModelEx, ESMF_NUOPCAtmModelEx.F90, line 806
20220606 150912.087 INFO             PET3 Finalizing ESMF
