build time -- 2022-06-07 02:30:45
20220607 025220.645 INFO             PET0 !!!!!!!!!!!!!!!!!!!!!!!!!!!!!!!!!!!!!!!!!!!!!!!!!!!!!!
20220607 025220.645 INFO             PET0 !!! THE ESMF_LOG IS SET TO OUTPUT ALL LOG MESSAGES !!!
20220607 025220.645 INFO             PET0 !!!     THIS MAY CAUSE SLOWDOWN IN PERFORMANCE     !!!
20220607 025220.645 INFO             PET0 !!! FOR PRODUCTION RUNS, USE:                      !!!
20220607 025220.645 INFO             PET0 !!!                   ESMF_LOGKIND_Multi_On_Error  !!!
20220607 025220.645 INFO             PET0 !!!!!!!!!!!!!!!!!!!!!!!!!!!!!!!!!!!!!!!!!!!!!!!!!!!!!!
20220607 025220.645 INFO             PET0 Running with ESMF Version   : v8.3.0
20220607 025220.645 INFO             PET0 ESMF library build date/time: "Jun  7 2022" "02:29:42"
20220607 025220.645 INFO             PET0 ESMF library build location : /work/noaa/da/mpotts/sandbox/gfortran_8.3.0_openmpi_O_v8.3.0
20220607 025220.645 INFO             PET0 ESMF_COMM                   : openmpi
20220607 025220.645 INFO             PET0 ESMF_MOAB                   : enabled
20220607 025220.645 INFO             PET0 ESMF_LAPACK                 : enabled
20220607 025220.645 INFO             PET0 ESMF_NETCDF                 : enabled
20220607 025220.645 INFO             PET0 ESMF_PNETCDF                : disabled
20220607 025220.645 INFO             PET0 ESMF_PIO                    : enabled
20220607 025220.645 INFO             PET0 ESMF_YAMLCPP                : enabled
20220607 025220.679 DEBUG            PET0 about to destroy Grid: 0x187aea0
20220607 025220.683 DEBUG            PET0 about to destroy Grid: 0x187c0c0
20220607 025220.692 INFO             PET0  NUMBER_OF_PROCESSORS           4
20220607 025220.692 INFO             PET0  PASS  Example ESMF_NUOPCAtmModelEx, ESMF_NUOPCAtmModelEx.F90, line 806
20220607 025220.692 INFO             PET0 Finalizing ESMF
20220607 025220.644 INFO             PET1 !!!!!!!!!!!!!!!!!!!!!!!!!!!!!!!!!!!!!!!!!!!!!!!!!!!!!!
20220607 025220.644 INFO             PET1 !!! THE ESMF_LOG IS SET TO OUTPUT ALL LOG MESSAGES !!!
20220607 025220.644 INFO             PET1 !!!     THIS MAY CAUSE SLOWDOWN IN PERFORMANCE     !!!
20220607 025220.644 INFO             PET1 !!! FOR PRODUCTION RUNS, USE:                      !!!
20220607 025220.644 INFO             PET1 !!!                   ESMF_LOGKIND_Multi_On_Error  !!!
20220607 025220.644 INFO             PET1 !!!!!!!!!!!!!!!!!!!!!!!!!!!!!!!!!!!!!!!!!!!!!!!!!!!!!!
20220607 025220.644 INFO             PET1 Running with ESMF Version   : v8.3.0
20220607 025220.644 INFO             PET1 ESMF library build date/time: "Jun  7 2022" "02:29:42"
20220607 025220.644 INFO             PET1 ESMF library build location : /work/noaa/da/mpotts/sandbox/gfortran_8.3.0_openmpi_O_v8.3.0
20220607 025220.644 INFO             PET1 ESMF_COMM                   : openmpi
20220607 025220.645 INFO             PET1 ESMF_MOAB                   : enabled
20220607 025220.645 INFO             PET1 ESMF_LAPACK                 : enabled
20220607 025220.645 INFO             PET1 ESMF_NETCDF                 : enabled
20220607 025220.645 INFO             PET1 ESMF_PNETCDF                : disabled
20220607 025220.645 INFO             PET1 ESMF_PIO                    : enabled
20220607 025220.645 INFO             PET1 ESMF_YAMLCPP                : enabled
20220607 025220.679 DEBUG            PET1 about to destroy Grid: 0x1bb75d0
20220607 025220.683 DEBUG            PET1 about to destroy Grid: 0x1bb8530
20220607 025220.692 INFO             PET1  NUMBER_OF_PROCESSORS           4
20220607 025220.692 INFO             PET1  PASS  Example ESMF_NUOPCAtmModelEx, ESMF_NUOPCAtmModelEx.F90, line 806
20220607 025220.692 INFO             PET1 Finalizing ESMF
20220607 025220.645 INFO             PET2 !!!!!!!!!!!!!!!!!!!!!!!!!!!!!!!!!!!!!!!!!!!!!!!!!!!!!!
20220607 025220.645 INFO             PET2 !!! THE ESMF_LOG IS SET TO OUTPUT ALL LOG MESSAGES !!!
20220607 025220.645 INFO             PET2 !!!     THIS MAY CAUSE SLOWDOWN IN PERFORMANCE     !!!
20220607 025220.645 INFO             PET2 !!! FOR PRODUCTION RUNS, USE:                      !!!
20220607 025220.645 INFO             PET2 !!!                   ESMF_LOGKIND_Multi_On_Error  !!!
20220607 025220.645 INFO             PET2 !!!!!!!!!!!!!!!!!!!!!!!!!!!!!!!!!!!!!!!!!!!!!!!!!!!!!!
20220607 025220.645 INFO             PET2 Running with ESMF Version   : v8.3.0
20220607 025220.645 INFO             PET2 ESMF library build date/time: "Jun  7 2022" "02:29:42"
20220607 025220.645 INFO             PET2 ESMF library build location : /work/noaa/da/mpotts/sandbox/gfortran_8.3.0_openmpi_O_v8.3.0
20220607 025220.645 INFO             PET2 ESMF_COMM                   : openmpi
20220607 025220.645 INFO             PET2 ESMF_MOAB                   : enabled
20220607 025220.645 INFO             PET2 ESMF_LAPACK                 : enabled
20220607 025220.645 INFO             PET2 ESMF_NETCDF                 : enabled
20220607 025220.645 INFO             PET2 ESMF_PNETCDF                : disabled
20220607 025220.645 INFO             PET2 ESMF_PIO                    : enabled
20220607 025220.645 INFO             PET2 ESMF_YAMLCPP                : enabled
20220607 025220.679 DEBUG            PET2 about to destroy Grid: 0x1f6acb0
20220607 025220.683 DEBUG            PET2 about to destroy Grid: 0x1f6c150
20220607 025220.692 INFO             PET2  NUMBER_OF_PROCESSORS           4
20220607 025220.692 INFO             PET2  PASS  Example ESMF_NUOPCAtmModelEx, ESMF_NUOPCAtmModelEx.F90, line 806
20220607 025220.692 INFO             PET2 Finalizing ESMF
20220607 025220.644 INFO             PET3 !!!!!!!!!!!!!!!!!!!!!!!!!!!!!!!!!!!!!!!!!!!!!!!!!!!!!!
20220607 025220.644 INFO             PET3 !!! THE ESMF_LOG IS SET TO OUTPUT ALL LOG MESSAGES !!!
20220607 025220.644 INFO             PET3 !!!     THIS MAY CAUSE SLOWDOWN IN PERFORMANCE     !!!
20220607 025220.644 INFO             PET3 !!! FOR PRODUCTION RUNS, USE:                      !!!
20220607 025220.644 INFO             PET3 !!!                   ESMF_LOGKIND_Multi_On_Error  !!!
20220607 025220.644 INFO             PET3 !!!!!!!!!!!!!!!!!!!!!!!!!!!!!!!!!!!!!!!!!!!!!!!!!!!!!!
20220607 025220.644 INFO             PET3 Running with ESMF Version   : v8.3.0
20220607 025220.644 INFO             PET3 ESMF library build date/time: "Jun  7 2022" "02:29:42"
20220607 025220.644 INFO             PET3 ESMF library build location : /work/noaa/da/mpotts/sandbox/gfortran_8.3.0_openmpi_O_v8.3.0
20220607 025220.644 INFO             PET3 ESMF_COMM                   : openmpi
20220607 025220.645 INFO             PET3 ESMF_MOAB                   : enabled
20220607 025220.645 INFO             PET3 ESMF_LAPACK                 : enabled
20220607 025220.645 INFO             PET3 ESMF_NETCDF                 : enabled
20220607 025220.645 INFO             PET3 ESMF_PNETCDF                : disabled
20220607 025220.645 INFO             PET3 ESMF_PIO                    : enabled
20220607 025220.645 INFO             PET3 ESMF_YAMLCPP                : enabled
20220607 025220.679 DEBUG            PET3 about to destroy Grid: 0x143c810
20220607 025220.683 DEBUG            PET3 about to destroy Grid: 0x143dcb0
20220607 025220.692 INFO             PET3  NUMBER_OF_PROCESSORS           4
20220607 025220.692 INFO             PET3  PASS  Example ESMF_NUOPCAtmModelEx, ESMF_NUOPCAtmModelEx.F90, line 806
20220607 025220.692 INFO             PET3 Finalizing ESMF
