build time -- 2022-05-29 02:33:55
20220529 030341.396 INFO             PET0 !!!!!!!!!!!!!!!!!!!!!!!!!!!!!!!!!!!!!!!!!!!!!!!!!!!!!!
20220529 030341.396 INFO             PET0 !!! THE ESMF_LOG IS SET TO OUTPUT ALL LOG MESSAGES !!!
20220529 030341.396 INFO             PET0 !!!     THIS MAY CAUSE SLOWDOWN IN PERFORMANCE     !!!
20220529 030341.396 INFO             PET0 !!! FOR PRODUCTION RUNS, USE:                      !!!
20220529 030341.396 INFO             PET0 !!!                   ESMF_LOGKIND_Multi_On_Error  !!!
20220529 030341.396 INFO             PET0 !!!!!!!!!!!!!!!!!!!!!!!!!!!!!!!!!!!!!!!!!!!!!!!!!!!!!!
20220529 030341.396 INFO             PET0 Running with ESMF Version   : v8.3.0b16-3-gc2b4738
20220529 030341.396 INFO             PET0 ESMF library build date/time: "May 29 2022" "02:32:24"
20220529 030341.396 INFO             PET0 ESMF library build location : /work/noaa/da/mpotts/sandbox/intel_2020.2_intelmpi_g_release_8.3.0
20220529 030341.396 INFO             PET0 ESMF_COMM                   : intelmpi
20220529 030341.397 INFO             PET0 ESMF_MOAB                   : enabled
20220529 030341.397 INFO             PET0 ESMF_LAPACK                 : enabled
20220529 030341.397 INFO             PET0 ESMF_NETCDF                 : enabled
20220529 030341.398 INFO             PET0 ESMF_PNETCDF                : disabled
20220529 030341.398 INFO             PET0 ESMF_PIO                    : enabled
20220529 030341.398 INFO             PET0 ESMF_YAMLCPP                : enabled
20220529 030341.409 INFO             PET0  NUMBER_OF_PROCESSORS           1
20220529 030341.409 INFO             PET0  PASS  Example ESMF_XGridSparseMatEx, ESMF_XGridSparseMatEx.F90, line 642
20220529 030341.409 INFO             PET0 Finalizing ESMF
