build time -- 2022-05-26 02:35:08
20220526 031636.027 INFO             PET0 !!!!!!!!!!!!!!!!!!!!!!!!!!!!!!!!!!!!!!!!!!!!!!!!!!!!!!
20220526 031636.027 INFO             PET0 !!! THE ESMF_LOG IS SET TO OUTPUT ALL LOG MESSAGES !!!
20220526 031636.027 INFO             PET0 !!!     THIS MAY CAUSE SLOWDOWN IN PERFORMANCE     !!!
20220526 031636.027 INFO             PET0 !!! FOR PRODUCTION RUNS, USE:                      !!!
20220526 031636.027 INFO             PET0 !!!                   ESMF_LOGKIND_Multi_On_Error  !!!
20220526 031636.027 INFO             PET0 !!!!!!!!!!!!!!!!!!!!!!!!!!!!!!!!!!!!!!!!!!!!!!!!!!!!!!
20220526 031636.027 INFO             PET0 Running with ESMF Version   : v8.3.0b16-3-gc2b4738
20220526 031636.027 INFO             PET0 ESMF library build date/time: "May 26 2022" "02:33:37"
20220526 031636.028 INFO             PET0 ESMF library build location : /work/noaa/da/mpotts/sandbox/intel_2020.2_intelmpi_g_release_8.3.0
20220526 031636.028 INFO             PET0 ESMF_COMM                   : intelmpi
20220526 031636.029 INFO             PET0 ESMF_MOAB                   : enabled
20220526 031636.029 INFO             PET0 ESMF_LAPACK                 : enabled
20220526 031636.029 INFO             PET0 ESMF_NETCDF                 : enabled
20220526 031636.029 INFO             PET0 ESMF_PNETCDF                : disabled
20220526 031636.029 INFO             PET0 ESMF_PIO                    : enabled
20220526 031636.029 INFO             PET0 ESMF_YAMLCPP                : enabled
20220526 031636.030 INFO             PET0  NUMBER_OF_PROCESSORS           1
20220526 031636.030 INFO             PET0  PASS  Example ESMF_TimeEx, ESMF_TimeEx.F90, line 141
20220526 031636.030 INFO             PET0 Finalizing ESMF
