build time -- 2022-05-31 02:33:32
20220531 031547.303 INFO             PET0 !!!!!!!!!!!!!!!!!!!!!!!!!!!!!!!!!!!!!!!!!!!!!!!!!!!!!!
20220531 031547.303 INFO             PET0 !!! THE ESMF_LOG IS SET TO OUTPUT ALL LOG MESSAGES !!!
20220531 031547.303 INFO             PET0 !!!     THIS MAY CAUSE SLOWDOWN IN PERFORMANCE     !!!
20220531 031547.303 INFO             PET0 !!! FOR PRODUCTION RUNS, USE:                      !!!
20220531 031547.303 INFO             PET0 !!!                   ESMF_LOGKIND_Multi_On_Error  !!!
20220531 031547.303 INFO             PET0 !!!!!!!!!!!!!!!!!!!!!!!!!!!!!!!!!!!!!!!!!!!!!!!!!!!!!!
20220531 031547.303 INFO             PET0 Running with ESMF Version   : v8.3.0b16-3-gc2b4738
20220531 031547.303 INFO             PET0 ESMF library build date/time: "May 31 2022" "02:32:02"
20220531 031547.303 INFO             PET0 ESMF library build location : /work/noaa/da/mpotts/sandbox/intel_2020.2_intelmpi_g_release_8.3.0
20220531 031547.303 INFO             PET0 ESMF_COMM                   : intelmpi
20220531 031547.304 INFO             PET0 ESMF_MOAB                   : enabled
20220531 031547.304 INFO             PET0 ESMF_LAPACK                 : enabled
20220531 031547.304 INFO             PET0 ESMF_NETCDF                 : enabled
20220531 031547.304 INFO             PET0 ESMF_PNETCDF                : disabled
20220531 031547.304 INFO             PET0 ESMF_PIO                    : enabled
20220531 031547.304 INFO             PET0 ESMF_YAMLCPP                : enabled
20220531 031547.433 DEBUG            PET0 about to destroy Grid: 0x219fd70
20220531 031547.449 DEBUG            PET0 about to destroy Grid: 0x21a25b0
20220531 031547.492 INFO             PET0  NUMBER_OF_PROCESSORS           4
20220531 031547.492 INFO             PET0  PASS  Example ESMF_NUOPCAtmModelEx, ESMF_NUOPCAtmModelEx.F90, line 806
20220531 031547.492 INFO             PET0 Finalizing ESMF
20220531 031547.302 INFO             PET1 !!!!!!!!!!!!!!!!!!!!!!!!!!!!!!!!!!!!!!!!!!!!!!!!!!!!!!
20220531 031547.303 INFO             PET1 !!! THE ESMF_LOG IS SET TO OUTPUT ALL LOG MESSAGES !!!
20220531 031547.303 INFO             PET1 !!!     THIS MAY CAUSE SLOWDOWN IN PERFORMANCE     !!!
20220531 031547.303 INFO             PET1 !!! FOR PRODUCTION RUNS, USE:                      !!!
20220531 031547.303 INFO             PET1 !!!                   ESMF_LOGKIND_Multi_On_Error  !!!
20220531 031547.303 INFO             PET1 !!!!!!!!!!!!!!!!!!!!!!!!!!!!!!!!!!!!!!!!!!!!!!!!!!!!!!
20220531 031547.303 INFO             PET1 Running with ESMF Version   : v8.3.0b16-3-gc2b4738
20220531 031547.303 INFO             PET1 ESMF library build date/time: "May 31 2022" "02:32:02"
20220531 031547.303 INFO             PET1 ESMF library build location : /work/noaa/da/mpotts/sandbox/intel_2020.2_intelmpi_g_release_8.3.0
20220531 031547.303 INFO             PET1 ESMF_COMM                   : intelmpi
20220531 031547.304 INFO             PET1 ESMF_MOAB                   : enabled
20220531 031547.304 INFO             PET1 ESMF_LAPACK                 : enabled
20220531 031547.304 INFO             PET1 ESMF_NETCDF                 : enabled
20220531 031547.304 INFO             PET1 ESMF_PNETCDF                : disabled
20220531 031547.304 INFO             PET1 ESMF_PIO                    : enabled
20220531 031547.304 INFO             PET1 ESMF_YAMLCPP                : enabled
20220531 031547.433 DEBUG            PET1 about to destroy Grid: 0xc9aa80
20220531 031547.449 DEBUG            PET1 about to destroy Grid: 0xc9bbc0
20220531 031547.492 INFO             PET1  NUMBER_OF_PROCESSORS           4
20220531 031547.492 INFO             PET1  PASS  Example ESMF_NUOPCAtmModelEx, ESMF_NUOPCAtmModelEx.F90, line 806
20220531 031547.492 INFO             PET1 Finalizing ESMF
20220531 031547.303 INFO             PET2 !!!!!!!!!!!!!!!!!!!!!!!!!!!!!!!!!!!!!!!!!!!!!!!!!!!!!!
20220531 031547.303 INFO             PET2 !!! THE ESMF_LOG IS SET TO OUTPUT ALL LOG MESSAGES !!!
20220531 031547.303 INFO             PET2 !!!     THIS MAY CAUSE SLOWDOWN IN PERFORMANCE     !!!
20220531 031547.303 INFO             PET2 !!! FOR PRODUCTION RUNS, USE:                      !!!
20220531 031547.303 INFO             PET2 !!!                   ESMF_LOGKIND_Multi_On_Error  !!!
20220531 031547.303 INFO             PET2 !!!!!!!!!!!!!!!!!!!!!!!!!!!!!!!!!!!!!!!!!!!!!!!!!!!!!!
20220531 031547.303 INFO             PET2 Running with ESMF Version   : v8.3.0b16-3-gc2b4738
20220531 031547.303 INFO             PET2 ESMF library build date/time: "May 31 2022" "02:32:02"
20220531 031547.303 INFO             PET2 ESMF library build location : /work/noaa/da/mpotts/sandbox/intel_2020.2_intelmpi_g_release_8.3.0
20220531 031547.303 INFO             PET2 ESMF_COMM                   : intelmpi
20220531 031547.304 INFO             PET2 ESMF_MOAB                   : enabled
20220531 031547.304 INFO             PET2 ESMF_LAPACK                 : enabled
20220531 031547.304 INFO             PET2 ESMF_NETCDF                 : enabled
20220531 031547.304 INFO             PET2 ESMF_PNETCDF                : disabled
20220531 031547.304 INFO             PET2 ESMF_PIO                    : enabled
20220531 031547.304 INFO             PET2 ESMF_YAMLCPP                : enabled
20220531 031547.433 DEBUG            PET2 about to destroy Grid: 0x15cc890
20220531 031547.449 DEBUG            PET2 about to destroy Grid: 0x15cd9d0
20220531 031547.492 INFO             PET2  NUMBER_OF_PROCESSORS           4
20220531 031547.492 INFO             PET2  PASS  Example ESMF_NUOPCAtmModelEx, ESMF_NUOPCAtmModelEx.F90, line 806
20220531 031547.492 INFO             PET2 Finalizing ESMF
20220531 031547.303 INFO             PET3 !!!!!!!!!!!!!!!!!!!!!!!!!!!!!!!!!!!!!!!!!!!!!!!!!!!!!!
20220531 031547.303 INFO             PET3 !!! THE ESMF_LOG IS SET TO OUTPUT ALL LOG MESSAGES !!!
20220531 031547.303 INFO             PET3 !!!     THIS MAY CAUSE SLOWDOWN IN PERFORMANCE     !!!
20220531 031547.303 INFO             PET3 !!! FOR PRODUCTION RUNS, USE:                      !!!
20220531 031547.303 INFO             PET3 !!!                   ESMF_LOGKIND_Multi_On_Error  !!!
20220531 031547.303 INFO             PET3 !!!!!!!!!!!!!!!!!!!!!!!!!!!!!!!!!!!!!!!!!!!!!!!!!!!!!!
20220531 031547.303 INFO             PET3 Running with ESMF Version   : v8.3.0b16-3-gc2b4738
20220531 031547.303 INFO             PET3 ESMF library build date/time: "May 31 2022" "02:32:02"
20220531 031547.303 INFO             PET3 ESMF library build location : /work/noaa/da/mpotts/sandbox/intel_2020.2_intelmpi_g_release_8.3.0
20220531 031547.303 INFO             PET3 ESMF_COMM                   : intelmpi
20220531 031547.304 INFO             PET3 ESMF_MOAB                   : enabled
20220531 031547.304 INFO             PET3 ESMF_LAPACK                 : enabled
20220531 031547.304 INFO             PET3 ESMF_NETCDF                 : enabled
20220531 031547.304 INFO             PET3 ESMF_PNETCDF                : disabled
20220531 031547.304 INFO             PET3 ESMF_PIO                    : enabled
20220531 031547.304 INFO             PET3 ESMF_YAMLCPP                : enabled
20220531 031547.433 DEBUG            PET3 about to destroy Grid: 0x1241a70
20220531 031547.449 DEBUG            PET3 about to destroy Grid: 0x1242bb0
20220531 031547.492 INFO             PET3  NUMBER_OF_PROCESSORS           4
20220531 031547.492 INFO             PET3  PASS  Example ESMF_NUOPCAtmModelEx, ESMF_NUOPCAtmModelEx.F90, line 806
20220531 031547.492 INFO             PET3 Finalizing ESMF
