build time -- 2022-05-24 02:33:37
20220524 030130.005 INFO             PET0 !!!!!!!!!!!!!!!!!!!!!!!!!!!!!!!!!!!!!!!!!!!!!!!!!!!!!!
20220524 030130.005 INFO             PET0 !!! THE ESMF_LOG IS SET TO OUTPUT ALL LOG MESSAGES !!!
20220524 030130.005 INFO             PET0 !!!     THIS MAY CAUSE SLOWDOWN IN PERFORMANCE     !!!
20220524 030130.005 INFO             PET0 !!! FOR PRODUCTION RUNS, USE:                      !!!
20220524 030130.005 INFO             PET0 !!!                   ESMF_LOGKIND_Multi_On_Error  !!!
20220524 030130.005 INFO             PET0 !!!!!!!!!!!!!!!!!!!!!!!!!!!!!!!!!!!!!!!!!!!!!!!!!!!!!!
20220524 030130.005 INFO             PET0 Running with ESMF Version   : v8.3.0b16-3-gc2b4738
20220524 030130.005 INFO             PET0 ESMF library build date/time: "May 24 2022" "02:32:06"
20220524 030130.005 INFO             PET0 ESMF library build location : /work/noaa/da/mpotts/sandbox/intel_2020.2_intelmpi_g_release_8.3.0
20220524 030130.005 INFO             PET0 ESMF_COMM                   : intelmpi
20220524 030130.006 INFO             PET0 ESMF_MOAB                   : enabled
20220524 030130.006 INFO             PET0 ESMF_LAPACK                 : enabled
20220524 030130.006 INFO             PET0 ESMF_NETCDF                 : enabled
20220524 030130.006 INFO             PET0 ESMF_PNETCDF                : disabled
20220524 030130.006 INFO             PET0 ESMF_PIO                    : enabled
20220524 030130.006 INFO             PET0 ESMF_YAMLCPP                : enabled
20220524 030130.007 INFO             PET0  NUMBER_OF_PROCESSORS           1
20220524 030130.007 INFO             PET0  PASS  Example ESMF_ClockEx, ESMF_ClockEx.F90, line 220
20220524 030130.007 INFO             PET0 Finalizing ESMF
