build time -- 2022-06-06 02:34:25
20220606 030425.129 INFO             PET0 !!!!!!!!!!!!!!!!!!!!!!!!!!!!!!!!!!!!!!!!!!!!!!!!!!!!!!
20220606 030425.129 INFO             PET0 !!! THE ESMF_LOG IS SET TO OUTPUT ALL LOG MESSAGES !!!
20220606 030425.129 INFO             PET0 !!!     THIS MAY CAUSE SLOWDOWN IN PERFORMANCE     !!!
20220606 030425.129 INFO             PET0 !!! FOR PRODUCTION RUNS, USE:                      !!!
20220606 030425.129 INFO             PET0 !!!                   ESMF_LOGKIND_Multi_On_Error  !!!
20220606 030425.129 INFO             PET0 !!!!!!!!!!!!!!!!!!!!!!!!!!!!!!!!!!!!!!!!!!!!!!!!!!!!!!
20220606 030425.129 INFO             PET0 Running with ESMF Version   : v8.3.0b17-1-g6ed324f
20220606 030425.129 INFO             PET0 ESMF library build date/time: "Jun  6 2022" "02:32:53"
20220606 030425.129 INFO             PET0 ESMF library build location : /work/noaa/da/mpotts/sandbox/intel_2020.2_intelmpi_g_release_8.3.0
20220606 030425.129 INFO             PET0 ESMF_COMM                   : intelmpi
20220606 030425.130 INFO             PET0 ESMF_MOAB                   : enabled
20220606 030425.130 INFO             PET0 ESMF_LAPACK                 : enabled
20220606 030425.130 INFO             PET0 ESMF_NETCDF                 : enabled
20220606 030425.130 INFO             PET0 ESMF_PNETCDF                : disabled
20220606 030425.130 INFO             PET0 ESMF_PIO                    : enabled
20220606 030425.130 INFO             PET0 ESMF_YAMLCPP                : enabled
20220606 030425.584 ERROR            PET0 ESMF_StateAPI.cppF90:1189 ESMF_StateAddList Object being used before creation  - Bad Object
20220606 030425.588 INFO             PET0  NUMBER_OF_PROCESSORS           4
20220606 030425.588 INFO             PET0  PASS  Example ESMF_StateReconcileEx, ESMF_StateReconcileEx.F90, line 294
20220606 030425.588 INFO             PET0 Finalizing ESMF
20220606 030425.129 INFO             PET1 !!!!!!!!!!!!!!!!!!!!!!!!!!!!!!!!!!!!!!!!!!!!!!!!!!!!!!
20220606 030425.129 INFO             PET1 !!! THE ESMF_LOG IS SET TO OUTPUT ALL LOG MESSAGES !!!
20220606 030425.129 INFO             PET1 !!!     THIS MAY CAUSE SLOWDOWN IN PERFORMANCE     !!!
20220606 030425.129 INFO             PET1 !!! FOR PRODUCTION RUNS, USE:                      !!!
20220606 030425.129 INFO             PET1 !!!                   ESMF_LOGKIND_Multi_On_Error  !!!
20220606 030425.129 INFO             PET1 !!!!!!!!!!!!!!!!!!!!!!!!!!!!!!!!!!!!!!!!!!!!!!!!!!!!!!
20220606 030425.129 INFO             PET1 Running with ESMF Version   : v8.3.0b17-1-g6ed324f
20220606 030425.129 INFO             PET1 ESMF library build date/time: "Jun  6 2022" "02:32:53"
20220606 030425.129 INFO             PET1 ESMF library build location : /work/noaa/da/mpotts/sandbox/intel_2020.2_intelmpi_g_release_8.3.0
20220606 030425.129 INFO             PET1 ESMF_COMM                   : intelmpi
20220606 030425.130 INFO             PET1 ESMF_MOAB                   : enabled
20220606 030425.130 INFO             PET1 ESMF_LAPACK                 : enabled
20220606 030425.130 INFO             PET1 ESMF_NETCDF                 : enabled
20220606 030425.130 INFO             PET1 ESMF_PNETCDF                : disabled
20220606 030425.130 INFO             PET1 ESMF_PIO                    : enabled
20220606 030425.130 INFO             PET1 ESMF_YAMLCPP                : enabled
20220606 030425.584 ERROR            PET1 ESMF_StateAPI.cppF90:1189 ESMF_StateAddList Object being used before creation  - Bad Object
20220606 030425.588 INFO             PET1  NUMBER_OF_PROCESSORS           4
20220606 030425.588 INFO             PET1  PASS  Example ESMF_StateReconcileEx, ESMF_StateReconcileEx.F90, line 294
20220606 030425.588 INFO             PET1 Finalizing ESMF
20220606 030425.236 INFO             PET2 !!!!!!!!!!!!!!!!!!!!!!!!!!!!!!!!!!!!!!!!!!!!!!!!!!!!!!
20220606 030425.236 INFO             PET2 !!! THE ESMF_LOG IS SET TO OUTPUT ALL LOG MESSAGES !!!
20220606 030425.236 INFO             PET2 !!!     THIS MAY CAUSE SLOWDOWN IN PERFORMANCE     !!!
20220606 030425.236 INFO             PET2 !!! FOR PRODUCTION RUNS, USE:                      !!!
20220606 030425.236 INFO             PET2 !!!                   ESMF_LOGKIND_Multi_On_Error  !!!
20220606 030425.236 INFO             PET2 !!!!!!!!!!!!!!!!!!!!!!!!!!!!!!!!!!!!!!!!!!!!!!!!!!!!!!
20220606 030425.236 INFO             PET2 Running with ESMF Version   : v8.3.0b17-1-g6ed324f
20220606 030425.237 INFO             PET2 ESMF library build date/time: "Jun  6 2022" "02:32:53"
20220606 030425.237 INFO             PET2 ESMF library build location : /work/noaa/da/mpotts/sandbox/intel_2020.2_intelmpi_g_release_8.3.0
20220606 030425.237 INFO             PET2 ESMF_COMM                   : intelmpi
20220606 030425.582 INFO             PET2 ESMF_MOAB                   : enabled
20220606 030425.582 INFO             PET2 ESMF_LAPACK                 : enabled
20220606 030425.582 INFO             PET2 ESMF_NETCDF                 : enabled
20220606 030425.582 INFO             PET2 ESMF_PNETCDF                : disabled
20220606 030425.582 INFO             PET2 ESMF_PIO                    : enabled
20220606 030425.582 INFO             PET2 ESMF_YAMLCPP                : enabled
20220606 030425.584 ERROR            PET2 ESMF_StateAPI.cppF90:1189 ESMF_StateAddList Object being used before creation  - Bad Object
20220606 030425.588 INFO             PET2  NUMBER_OF_PROCESSORS           4
20220606 030425.588 INFO             PET2  PASS  Example ESMF_StateReconcileEx, ESMF_StateReconcileEx.F90, line 294
20220606 030425.588 INFO             PET2 Finalizing ESMF
20220606 030425.129 INFO             PET3 !!!!!!!!!!!!!!!!!!!!!!!!!!!!!!!!!!!!!!!!!!!!!!!!!!!!!!
20220606 030425.129 INFO             PET3 !!! THE ESMF_LOG IS SET TO OUTPUT ALL LOG MESSAGES !!!
20220606 030425.129 INFO             PET3 !!!     THIS MAY CAUSE SLOWDOWN IN PERFORMANCE     !!!
20220606 030425.129 INFO             PET3 !!! FOR PRODUCTION RUNS, USE:                      !!!
20220606 030425.129 INFO             PET3 !!!                   ESMF_LOGKIND_Multi_On_Error  !!!
20220606 030425.129 INFO             PET3 !!!!!!!!!!!!!!!!!!!!!!!!!!!!!!!!!!!!!!!!!!!!!!!!!!!!!!
20220606 030425.129 INFO             PET3 Running with ESMF Version   : v8.3.0b17-1-g6ed324f
20220606 030425.129 INFO             PET3 ESMF library build date/time: "Jun  6 2022" "02:32:53"
20220606 030425.129 INFO             PET3 ESMF library build location : /work/noaa/da/mpotts/sandbox/intel_2020.2_intelmpi_g_release_8.3.0
20220606 030425.129 INFO             PET3 ESMF_COMM                   : intelmpi
20220606 030425.130 INFO             PET3 ESMF_MOAB                   : enabled
20220606 030425.130 INFO             PET3 ESMF_LAPACK                 : enabled
20220606 030425.130 INFO             PET3 ESMF_NETCDF                 : enabled
20220606 030425.130 INFO             PET3 ESMF_PNETCDF                : disabled
20220606 030425.130 INFO             PET3 ESMF_PIO                    : enabled
20220606 030425.130 INFO             PET3 ESMF_YAMLCPP                : enabled
20220606 030425.584 ERROR            PET3 ESMF_StateAPI.cppF90:1189 ESMF_StateAddList Object being used before creation  - Bad Object
20220606 030425.588 INFO             PET3  NUMBER_OF_PROCESSORS           4
20220606 030425.588 INFO             PET3  PASS  Example ESMF_StateReconcileEx, ESMF_StateReconcileEx.F90, line 294
20220606 030425.588 INFO             PET3 Finalizing ESMF
