build time -- 2022-04-04 01:11:48.645452
20220404 014256.035 INFO             PET0 !!!!!!!!!!!!!!!!!!!!!!!!!!!!!!!!!!!!!!!!!!!!!!!!!!!!!!
20220404 014256.035 INFO             PET0 !!! THE ESMF_LOG IS SET TO OUTPUT ALL LOG MESSAGES !!!
20220404 014256.035 INFO             PET0 !!!     THIS MAY CAUSE SLOWDOWN IN PERFORMANCE     !!!
20220404 014256.035 INFO             PET0 !!! FOR PRODUCTION RUNS, USE:                      !!!
20220404 014256.035 INFO             PET0 !!!                   ESMF_LOGKIND_Multi_On_Error  !!!
20220404 014256.035 INFO             PET0 !!!!!!!!!!!!!!!!!!!!!!!!!!!!!!!!!!!!!!!!!!!!!!!!!!!!!!
20220404 014256.035 INFO             PET0 Running with ESMF Version   : v8.3.0b12
20220404 014256.035 INFO             PET0 ESMF library build date/time: "Apr  4 2022" "01:09:37"
20220404 014256.035 INFO             PET0 ESMF library build location : /gpfsm/dnb04/projects/p98/mpotts/esmf/gfortran_8.3.0_intelmpi_g_develop
20220404 014256.035 INFO             PET0 ESMF_COMM                   : intelmpi
20220404 014256.035 INFO             PET0 ESMF_MOAB                   : enabled
20220404 014256.035 INFO             PET0 ESMF_LAPACK                 : enabled
20220404 014256.035 INFO             PET0 ESMF_NETCDF                 : disabled
20220404 014256.035 INFO             PET0 ESMF_PNETCDF                : disabled
20220404 014256.035 INFO             PET0 ESMF_PIO                    : disabled
20220404 014256.035 INFO             PET0 ESMF_YAMLCPP                : enabled
20220404 014256.137 DEBUG            PET0 about to destroy Grid: 0x8f7960
20220404 014256.150 DEBUG            PET0 about to destroy Grid: 0x8f9470
20220404 014256.183 INFO             PET0  NUMBER_OF_PROCESSORS           4
20220404 014256.183 INFO             PET0  PASS  Example ESMF_NUOPCAtmModelEx, ESMF_NUOPCAtmModelEx.F90, line 806
20220404 014256.183 INFO             PET0 Finalizing ESMF
20220404 014256.034 INFO             PET1 !!!!!!!!!!!!!!!!!!!!!!!!!!!!!!!!!!!!!!!!!!!!!!!!!!!!!!
20220404 014256.035 INFO             PET1 !!! THE ESMF_LOG IS SET TO OUTPUT ALL LOG MESSAGES !!!
20220404 014256.035 INFO             PET1 !!!     THIS MAY CAUSE SLOWDOWN IN PERFORMANCE     !!!
20220404 014256.035 INFO             PET1 !!! FOR PRODUCTION RUNS, USE:                      !!!
20220404 014256.035 INFO             PET1 !!!                   ESMF_LOGKIND_Multi_On_Error  !!!
20220404 014256.035 INFO             PET1 !!!!!!!!!!!!!!!!!!!!!!!!!!!!!!!!!!!!!!!!!!!!!!!!!!!!!!
20220404 014256.035 INFO             PET1 Running with ESMF Version   : v8.3.0b12
20220404 014256.035 INFO             PET1 ESMF library build date/time: "Apr  4 2022" "01:09:37"
20220404 014256.035 INFO             PET1 ESMF library build location : /gpfsm/dnb04/projects/p98/mpotts/esmf/gfortran_8.3.0_intelmpi_g_develop
20220404 014256.035 INFO             PET1 ESMF_COMM                   : intelmpi
20220404 014256.035 INFO             PET1 ESMF_MOAB                   : enabled
20220404 014256.035 INFO             PET1 ESMF_LAPACK                 : enabled
20220404 014256.035 INFO             PET1 ESMF_NETCDF                 : disabled
20220404 014256.035 INFO             PET1 ESMF_PNETCDF                : disabled
20220404 014256.035 INFO             PET1 ESMF_PIO                    : disabled
20220404 014256.035 INFO             PET1 ESMF_YAMLCPP                : enabled
20220404 014256.137 DEBUG            PET1 about to destroy Grid: 0x8f7db0
20220404 014256.150 DEBUG            PET1 about to destroy Grid: 0x8f9660
20220404 014256.183 INFO             PET1  NUMBER_OF_PROCESSORS           4
20220404 014256.183 INFO             PET1  PASS  Example ESMF_NUOPCAtmModelEx, ESMF_NUOPCAtmModelEx.F90, line 806
20220404 014256.183 INFO             PET1 Finalizing ESMF
20220404 014256.035 INFO             PET2 !!!!!!!!!!!!!!!!!!!!!!!!!!!!!!!!!!!!!!!!!!!!!!!!!!!!!!
20220404 014256.035 INFO             PET2 !!! THE ESMF_LOG IS SET TO OUTPUT ALL LOG MESSAGES !!!
20220404 014256.035 INFO             PET2 !!!     THIS MAY CAUSE SLOWDOWN IN PERFORMANCE     !!!
20220404 014256.035 INFO             PET2 !!! FOR PRODUCTION RUNS, USE:                      !!!
20220404 014256.035 INFO             PET2 !!!                   ESMF_LOGKIND_Multi_On_Error  !!!
20220404 014256.035 INFO             PET2 !!!!!!!!!!!!!!!!!!!!!!!!!!!!!!!!!!!!!!!!!!!!!!!!!!!!!!
20220404 014256.035 INFO             PET2 Running with ESMF Version   : v8.3.0b12
20220404 014256.035 INFO             PET2 ESMF library build date/time: "Apr  4 2022" "01:09:37"
20220404 014256.035 INFO             PET2 ESMF library build location : /gpfsm/dnb04/projects/p98/mpotts/esmf/gfortran_8.3.0_intelmpi_g_develop
20220404 014256.035 INFO             PET2 ESMF_COMM                   : intelmpi
20220404 014256.035 INFO             PET2 ESMF_MOAB                   : enabled
20220404 014256.035 INFO             PET2 ESMF_LAPACK                 : enabled
20220404 014256.035 INFO             PET2 ESMF_NETCDF                 : disabled
20220404 014256.035 INFO             PET2 ESMF_PNETCDF                : disabled
20220404 014256.035 INFO             PET2 ESMF_PIO                    : disabled
20220404 014256.035 INFO             PET2 ESMF_YAMLCPP                : enabled
20220404 014256.137 DEBUG            PET2 about to destroy Grid: 0x8f77f0
20220404 014256.150 DEBUG            PET2 about to destroy Grid: 0x8f8910
20220404 014256.184 INFO             PET2  NUMBER_OF_PROCESSORS           4
20220404 014256.184 INFO             PET2  PASS  Example ESMF_NUOPCAtmModelEx, ESMF_NUOPCAtmModelEx.F90, line 806
20220404 014256.184 INFO             PET2 Finalizing ESMF
20220404 014256.035 INFO             PET3 !!!!!!!!!!!!!!!!!!!!!!!!!!!!!!!!!!!!!!!!!!!!!!!!!!!!!!
20220404 014256.035 INFO             PET3 !!! THE ESMF_LOG IS SET TO OUTPUT ALL LOG MESSAGES !!!
20220404 014256.035 INFO             PET3 !!!     THIS MAY CAUSE SLOWDOWN IN PERFORMANCE     !!!
20220404 014256.035 INFO             PET3 !!! FOR PRODUCTION RUNS, USE:                      !!!
20220404 014256.035 INFO             PET3 !!!                   ESMF_LOGKIND_Multi_On_Error  !!!
20220404 014256.035 INFO             PET3 !!!!!!!!!!!!!!!!!!!!!!!!!!!!!!!!!!!!!!!!!!!!!!!!!!!!!!
20220404 014256.035 INFO             PET3 Running with ESMF Version   : v8.3.0b12
20220404 014256.035 INFO             PET3 ESMF library build date/time: "Apr  4 2022" "01:09:37"
20220404 014256.035 INFO             PET3 ESMF library build location : /gpfsm/dnb04/projects/p98/mpotts/esmf/gfortran_8.3.0_intelmpi_g_develop
20220404 014256.035 INFO             PET3 ESMF_COMM                   : intelmpi
20220404 014256.035 INFO             PET3 ESMF_MOAB                   : enabled
20220404 014256.035 INFO             PET3 ESMF_LAPACK                 : enabled
20220404 014256.035 INFO             PET3 ESMF_NETCDF                 : disabled
20220404 014256.035 INFO             PET3 ESMF_PNETCDF                : disabled
20220404 014256.035 INFO             PET3 ESMF_PIO                    : disabled
20220404 014256.035 INFO             PET3 ESMF_YAMLCPP                : enabled
20220404 014256.137 DEBUG            PET3 about to destroy Grid: 0x8f7650
20220404 014256.150 DEBUG            PET3 about to destroy Grid: 0x8f8f00
20220404 014256.183 INFO             PET3  NUMBER_OF_PROCESSORS           4
20220404 014256.183 INFO             PET3  PASS  Example ESMF_NUOPCAtmModelEx, ESMF_NUOPCAtmModelEx.F90, line 806
20220404 014256.183 INFO             PET3 Finalizing ESMF
