build time -- 2022-05-25 01:59:18.735164
20220525 022412.206 INFO             PET0 !!!!!!!!!!!!!!!!!!!!!!!!!!!!!!!!!!!!!!!!!!!!!!!!!!!!!!
20220525 022412.206 INFO             PET0 !!! THE ESMF_LOG IS SET TO OUTPUT ALL LOG MESSAGES !!!
20220525 022412.206 INFO             PET0 !!!     THIS MAY CAUSE SLOWDOWN IN PERFORMANCE     !!!
20220525 022412.206 INFO             PET0 !!! FOR PRODUCTION RUNS, USE:                      !!!
20220525 022412.206 INFO             PET0 !!!                   ESMF_LOGKIND_Multi_On_Error  !!!
20220525 022412.206 INFO             PET0 !!!!!!!!!!!!!!!!!!!!!!!!!!!!!!!!!!!!!!!!!!!!!!!!!!!!!!
20220525 022412.206 INFO             PET0 Running with ESMF Version   : v8.3.0b16
20220525 022412.206 INFO             PET0 ESMF library build date/time: "May 25 2022" "01:57:41"
20220525 022412.206 INFO             PET0 ESMF library build location : /gpfsm/dnb04/projects/p98/mpotts/esmf/gfortran_8.3.0_intelmpi_g_develop
20220525 022412.206 INFO             PET0 ESMF_COMM                   : intelmpi
20220525 022412.206 INFO             PET0 ESMF_MOAB                   : enabled
20220525 022412.206 INFO             PET0 ESMF_LAPACK                 : enabled
20220525 022412.206 INFO             PET0 ESMF_NETCDF                 : disabled
20220525 022412.206 INFO             PET0 ESMF_PNETCDF                : disabled
20220525 022412.206 INFO             PET0 ESMF_PIO                    : disabled
20220525 022412.206 INFO             PET0 ESMF_YAMLCPP                : enabled
20220525 022412.206 INFO             PET0  NUMBER_OF_PROCESSORS           2
20220525 022412.206 INFO             PET0  PASS  Example ESMF_VMUserMpiCommEx, ESMF_VMUserMpiCommEx.F90, line 113
20220525 022412.206 INFO             PET0 Finalizing ESMF
20220525 022412.206 INFO             PET1 !!!!!!!!!!!!!!!!!!!!!!!!!!!!!!!!!!!!!!!!!!!!!!!!!!!!!!
20220525 022412.206 INFO             PET1 !!! THE ESMF_LOG IS SET TO OUTPUT ALL LOG MESSAGES !!!
20220525 022412.206 INFO             PET1 !!!     THIS MAY CAUSE SLOWDOWN IN PERFORMANCE     !!!
20220525 022412.206 INFO             PET1 !!! FOR PRODUCTION RUNS, USE:                      !!!
20220525 022412.206 INFO             PET1 !!!                   ESMF_LOGKIND_Multi_On_Error  !!!
20220525 022412.206 INFO             PET1 !!!!!!!!!!!!!!!!!!!!!!!!!!!!!!!!!!!!!!!!!!!!!!!!!!!!!!
20220525 022412.206 INFO             PET1 Running with ESMF Version   : v8.3.0b16
20220525 022412.206 INFO             PET1 ESMF library build date/time: "May 25 2022" "01:57:41"
20220525 022412.206 INFO             PET1 ESMF library build location : /gpfsm/dnb04/projects/p98/mpotts/esmf/gfortran_8.3.0_intelmpi_g_develop
20220525 022412.206 INFO             PET1 ESMF_COMM                   : intelmpi
20220525 022412.206 INFO             PET1 ESMF_MOAB                   : enabled
20220525 022412.206 INFO             PET1 ESMF_LAPACK                 : enabled
20220525 022412.206 INFO             PET1 ESMF_NETCDF                 : disabled
20220525 022412.206 INFO             PET1 ESMF_PNETCDF                : disabled
20220525 022412.206 INFO             PET1 ESMF_PIO                    : disabled
20220525 022412.206 INFO             PET1 ESMF_YAMLCPP                : enabled
20220525 022412.206 INFO             PET1  NUMBER_OF_PROCESSORS           2
20220525 022412.206 INFO             PET1  PASS  Example ESMF_VMUserMpiCommEx, ESMF_VMUserMpiCommEx.F90, line 113
20220525 022412.206 INFO             PET1 Finalizing ESMF
