build time -- 2022-05-31 06:09:55
[1653978732.822565] [h12c56:223321:0]         mxm.c:196  MXM  WARN  The 'ulimit -s' on the system is set to 'unlimited'. This may have negative performance implications. Please set the stack size to the default value (10240) 
[1653978732.827619] [h12c56:223321:0]         mxm.c:196  MXM  WARN  The 'ulimit -s' on the system is set to 'unlimited'. This may have negative performance implications. Please set the stack size to the default value (10240) 
[1653978732.831485] [h12c56:223320:0]         mxm.c:196  MXM  WARN  The 'ulimit -s' on the system is set to 'unlimited'. This may have negative performance implications. Please set the stack size to the default value (10240) 
[1653978732.836716] [h12c56:223320:0]         mxm.c:196  MXM  WARN  The 'ulimit -s' on the system is set to 'unlimited'. This may have negative performance implications. Please set the stack size to the default value (10240) 
[1653978732.831814] [h12c56:223322:0]         mxm.c:196  MXM  WARN  The 'ulimit -s' on the system is set to 'unlimited'. This may have negative performance implications. Please set the stack size to the default value (10240) 
[1653978732.837155] [h12c56:223322:0]         mxm.c:196  MXM  WARN  The 'ulimit -s' on the system is set to 'unlimited'. This may have negative performance implications. Please set the stack size to the default value (10240) 
[1653978732.822255] [h12c56:223323:0]         mxm.c:196  MXM  WARN  The 'ulimit -s' on the system is set to 'unlimited'. This may have negative performance implications. Please set the stack size to the default value (10240) 
[1653978732.827214] [h12c56:223323:0]         mxm.c:196  MXM  WARN  The 'ulimit -s' on the system is set to 'unlimited'. This may have negative performance implications. Please set the stack size to the default value (10240) 
 data array1:
           1  array1:          101
           1  array1:          102
 data array1:
           2  array1:          201
           2  array1:          202
 data array1:
           3  array1:          301
           3  array1:          302
 data array1:
           0  array1:            1
           0  array1:            2
 Global sum:
           0  result:         1212
 Global sum:
           1  result:         1212
 Global sum:
           2  result:         1212
 Global sum:
           3  result:         1212
  PASS  Example ESMF_VMAllFullReduceEx, ESMF_VMAllFullReduceEx.F90, line 113
  PASS  Example ESMF_VMAllFullReduceEx, ESMF_VMAllFullReduceEx.F90, line 113
  PASS  Example ESMF_VMAllFullReduceEx, ESMF_VMAllFullReduceEx.F90, line 113
  PASS  Example ESMF_VMAllFullReduceEx, ESMF_VMAllFullReduceEx.F90, line 113
 PASS: ESMF_VMAllFullReduceEx.F90
 PASS: ESMF_VMAllFullReduceEx.F90
 PASS: ESMF_VMAllFullReduceEx.F90
 PASS: ESMF_VMAllFullReduceEx.F90
