build time -- 2022-05-31 06:09:55
[1653978791.391237] [h12c56:240805:0]         mxm.c:196  MXM  WARN  The 'ulimit -s' on the system is set to 'unlimited'. This may have negative performance implications. Please set the stack size to the default value (10240) 
[1653978791.396107] [h12c56:240805:0]         mxm.c:196  MXM  WARN  The 'ulimit -s' on the system is set to 'unlimited'. This may have negative performance implications. Please set the stack size to the default value (10240) 
[1653978791.391222] [h12c56:240803:0]         mxm.c:196  MXM  WARN  The 'ulimit -s' on the system is set to 'unlimited'. This may have negative performance implications. Please set the stack size to the default value (10240) 
[1653978791.396065] [h12c56:240803:0]         mxm.c:196  MXM  WARN  The 'ulimit -s' on the system is set to 'unlimited'. This may have negative performance implications. Please set the stack size to the default value (10240) 
[1653978791.375076] [h12c56:240804:0]         mxm.c:196  MXM  WARN  The 'ulimit -s' on the system is set to 'unlimited'. This may have negative performance implications. Please set the stack size to the default value (10240) 
[1653978791.380163] [h12c56:240804:0]         mxm.c:196  MXM  WARN  The 'ulimit -s' on the system is set to 'unlimited'. This may have negative performance implications. Please set the stack size to the default value (10240) 
[1653978791.377973] [h12c56:240806:0]         mxm.c:196  MXM  WARN  The 'ulimit -s' on the system is set to 'unlimited'. This may have negative performance implications. Please set the stack size to the default value (10240) 
[1653978791.382932] [h12c56:240806:0]         mxm.c:196  MXM  WARN  The 'ulimit -s' on the system is set to 'unlimited'. This may have negative performance implications. Please set the stack size to the default value (10240) 
 Regridding through XGrid example returned
  PASS  Example ESMF_XGridEx, ESMF_XGridEx.F90, line 525
 Regridding through XGrid example returned
  PASS  Example ESMF_XGridEx, ESMF_XGridEx.F90, line 525
 Regridding through XGrid example returned
  PASS  Example ESMF_XGridEx, ESMF_XGridEx.F90, line 525
 Regridding through XGrid example returned
  PASS  Example ESMF_XGridEx, ESMF_XGridEx.F90, line 525
 PASS: ESMF_XGridEx.F90
 PASS: ESMF_XGridEx.F90
 PASS: ESMF_XGridEx.F90
 PASS: ESMF_XGridEx.F90
