build time -- 2022-06-01 06:11:12
20220601 064439.239 INFO             PET0 !!!!!!!!!!!!!!!!!!!!!!!!!!!!!!!!!!!!!!!!!!!!!!!!!!!!!!
20220601 064439.239 INFO             PET0 !!! THE ESMF_LOG IS SET TO OUTPUT ALL LOG MESSAGES !!!
20220601 064439.239 INFO             PET0 !!!     THIS MAY CAUSE SLOWDOWN IN PERFORMANCE     !!!
20220601 064439.239 INFO             PET0 !!! FOR PRODUCTION RUNS, USE:                      !!!
20220601 064439.239 INFO             PET0 !!!                   ESMF_LOGKIND_Multi_On_Error  !!!
20220601 064439.239 INFO             PET0 !!!!!!!!!!!!!!!!!!!!!!!!!!!!!!!!!!!!!!!!!!!!!!!!!!!!!!
20220601 064439.239 INFO             PET0 Running with ESMF Version   : v8.3.0b16-3-gc2b47388e1
20220601 064439.239 INFO             PET0 ESMF library build date/time: "Jun  1 2022" "06:09:48"
20220601 064439.239 INFO             PET0 ESMF library build location : /scratch1/NCEPDEV/stmp2/role.esmfmaint/gfortran_9.2.0b_openmpi_g_release_8.3.0
20220601 064439.239 INFO             PET0 ESMF_COMM                   : openmpi
20220601 064439.240 INFO             PET0 ESMF_MOAB                   : enabled
20220601 064439.240 INFO             PET0 ESMF_LAPACK                 : enabled
20220601 064439.240 INFO             PET0 ESMF_NETCDF                 : disabled
20220601 064439.240 INFO             PET0 ESMF_PNETCDF                : disabled
20220601 064439.240 INFO             PET0 ESMF_PIO                    : disabled
20220601 064439.240 INFO             PET0 ESMF_YAMLCPP                : enabled
20220601 064439.240 INFO             PET0  NUMBER_OF_PROCESSORS           4
20220601 064439.240 INFO             PET0  PASS  Example ESMF_VMUserMpiCommMultiEx, ESMF_VMUserMpiCommMultiEx.F90, line 126
20220601 064439.240 INFO             PET0 Finalizing ESMF
20220601 064439.239 INFO             PET0 !!!!!!!!!!!!!!!!!!!!!!!!!!!!!!!!!!!!!!!!!!!!!!!!!!!!!!
20220601 064439.239 INFO             PET0 !!! THE ESMF_LOG IS SET TO OUTPUT ALL LOG MESSAGES !!!
20220601 064439.239 INFO             PET0 !!!     THIS MAY CAUSE SLOWDOWN IN PERFORMANCE     !!!
20220601 064439.239 INFO             PET0 !!! FOR PRODUCTION RUNS, USE:                      !!!
20220601 064439.239 INFO             PET0 !!!                   ESMF_LOGKIND_Multi_On_Error  !!!
20220601 064439.239 INFO             PET0 !!!!!!!!!!!!!!!!!!!!!!!!!!!!!!!!!!!!!!!!!!!!!!!!!!!!!!
20220601 064439.239 INFO             PET0 Running with ESMF Version   : v8.3.0b16-3-gc2b47388e1
20220601 064439.239 INFO             PET0 ESMF library build date/time: "Jun  1 2022" "06:09:48"
20220601 064439.239 INFO             PET0 ESMF library build location : /scratch1/NCEPDEV/stmp2/role.esmfmaint/gfortran_9.2.0b_openmpi_g_release_8.3.0
20220601 064439.239 INFO             PET0 ESMF_COMM                   : openmpi
20220601 064439.239 INFO             PET0 ESMF_MOAB                   : enabled
20220601 064439.239 INFO             PET0 ESMF_LAPACK                 : enabled
20220601 064439.239 INFO             PET0 ESMF_NETCDF                 : disabled
20220601 064439.239 INFO             PET0 ESMF_PNETCDF                : disabled
20220601 064439.239 INFO             PET0 ESMF_PIO                    : disabled
20220601 064439.239 INFO             PET0 ESMF_YAMLCPP                : enabled
20220601 064439.239 INFO             PET0  NUMBER_OF_PROCESSORS           4
20220601 064439.239 INFO             PET0  PASS  Example ESMF_VMUserMpiCommMultiEx, ESMF_VMUserMpiCommMultiEx.F90, line 154
20220601 064439.239 INFO             PET0 Finalizing ESMF
20220601 064439.239 INFO             PET1 !!!!!!!!!!!!!!!!!!!!!!!!!!!!!!!!!!!!!!!!!!!!!!!!!!!!!!
20220601 064439.239 INFO             PET1 !!! THE ESMF_LOG IS SET TO OUTPUT ALL LOG MESSAGES !!!
20220601 064439.239 INFO             PET1 !!!     THIS MAY CAUSE SLOWDOWN IN PERFORMANCE     !!!
20220601 064439.239 INFO             PET1 !!! FOR PRODUCTION RUNS, USE:                      !!!
20220601 064439.239 INFO             PET1 !!!                   ESMF_LOGKIND_Multi_On_Error  !!!
20220601 064439.239 INFO             PET1 !!!!!!!!!!!!!!!!!!!!!!!!!!!!!!!!!!!!!!!!!!!!!!!!!!!!!!
20220601 064439.239 INFO             PET1 Running with ESMF Version   : v8.3.0b16-3-gc2b47388e1
20220601 064439.240 INFO             PET1 ESMF library build date/time: "Jun  1 2022" "06:09:48"
20220601 064439.240 INFO             PET1 ESMF library build location : /scratch1/NCEPDEV/stmp2/role.esmfmaint/gfortran_9.2.0b_openmpi_g_release_8.3.0
20220601 064439.240 INFO             PET1 ESMF_COMM                   : openmpi
20220601 064439.240 INFO             PET1 ESMF_MOAB                   : enabled
20220601 064439.240 INFO             PET1 ESMF_LAPACK                 : enabled
20220601 064439.240 INFO             PET1 ESMF_NETCDF                 : disabled
20220601 064439.240 INFO             PET1 ESMF_PNETCDF                : disabled
20220601 064439.240 INFO             PET1 ESMF_PIO                    : disabled
20220601 064439.240 INFO             PET1 ESMF_YAMLCPP                : enabled
20220601 064439.240 INFO             PET1  NUMBER_OF_PROCESSORS           4
20220601 064439.240 INFO             PET1  PASS  Example ESMF_VMUserMpiCommMultiEx, ESMF_VMUserMpiCommMultiEx.F90, line 126
20220601 064439.240 INFO             PET1 Finalizing ESMF
20220601 064439.238 INFO             PET1 !!!!!!!!!!!!!!!!!!!!!!!!!!!!!!!!!!!!!!!!!!!!!!!!!!!!!!
20220601 064439.239 INFO             PET1 !!! THE ESMF_LOG IS SET TO OUTPUT ALL LOG MESSAGES !!!
20220601 064439.239 INFO             PET1 !!!     THIS MAY CAUSE SLOWDOWN IN PERFORMANCE     !!!
20220601 064439.239 INFO             PET1 !!! FOR PRODUCTION RUNS, USE:                      !!!
20220601 064439.239 INFO             PET1 !!!                   ESMF_LOGKIND_Multi_On_Error  !!!
20220601 064439.239 INFO             PET1 !!!!!!!!!!!!!!!!!!!!!!!!!!!!!!!!!!!!!!!!!!!!!!!!!!!!!!
20220601 064439.239 INFO             PET1 Running with ESMF Version   : v8.3.0b16-3-gc2b47388e1
20220601 064439.239 INFO             PET1 ESMF library build date/time: "Jun  1 2022" "06:09:48"
20220601 064439.239 INFO             PET1 ESMF library build location : /scratch1/NCEPDEV/stmp2/role.esmfmaint/gfortran_9.2.0b_openmpi_g_release_8.3.0
20220601 064439.239 INFO             PET1 ESMF_COMM                   : openmpi
20220601 064439.239 INFO             PET1 ESMF_MOAB                   : enabled
20220601 064439.239 INFO             PET1 ESMF_LAPACK                 : enabled
20220601 064439.239 INFO             PET1 ESMF_NETCDF                 : disabled
20220601 064439.239 INFO             PET1 ESMF_PNETCDF                : disabled
20220601 064439.239 INFO             PET1 ESMF_PIO                    : disabled
20220601 064439.239 INFO             PET1 ESMF_YAMLCPP                : enabled
20220601 064439.239 INFO             PET1  NUMBER_OF_PROCESSORS           4
20220601 064439.239 INFO             PET1  PASS  Example ESMF_VMUserMpiCommMultiEx, ESMF_VMUserMpiCommMultiEx.F90, line 154
20220601 064439.239 INFO             PET1 Finalizing ESMF
