build time -- 2022-06-01 06:11:12
20220601 064656.438 INFO             PET0 !!!!!!!!!!!!!!!!!!!!!!!!!!!!!!!!!!!!!!!!!!!!!!!!!!!!!!
20220601 064656.439 INFO             PET0 !!! THE ESMF_LOG IS SET TO OUTPUT ALL LOG MESSAGES !!!
20220601 064656.439 INFO             PET0 !!!     THIS MAY CAUSE SLOWDOWN IN PERFORMANCE     !!!
20220601 064656.439 INFO             PET0 !!! FOR PRODUCTION RUNS, USE:                      !!!
20220601 064656.439 INFO             PET0 !!!                   ESMF_LOGKIND_Multi_On_Error  !!!
20220601 064656.439 INFO             PET0 !!!!!!!!!!!!!!!!!!!!!!!!!!!!!!!!!!!!!!!!!!!!!!!!!!!!!!
20220601 064656.439 INFO             PET0 Running with ESMF Version   : v8.3.0b16-3-gc2b47388e1
20220601 064656.439 INFO             PET0 ESMF library build date/time: "Jun  1 2022" "06:09:48"
20220601 064656.439 INFO             PET0 ESMF library build location : /scratch1/NCEPDEV/stmp2/role.esmfmaint/gfortran_9.2.0b_openmpi_g_release_8.3.0
20220601 064656.439 INFO             PET0 ESMF_COMM                   : openmpi
20220601 064656.441 INFO             PET0 ESMF_MOAB                   : enabled
20220601 064656.441 INFO             PET0 ESMF_LAPACK                 : enabled
20220601 064656.441 INFO             PET0 ESMF_NETCDF                 : disabled
20220601 064656.441 INFO             PET0 ESMF_PNETCDF                : disabled
20220601 064656.441 INFO             PET0 ESMF_PIO                    : disabled
20220601 064656.441 INFO             PET0 ESMF_YAMLCPP                : enabled
20220601 064656.540 DEBUG            PET0 about to destroy Grid: 0x1d9e3d0
20220601 064656.550 DEBUG            PET0 about to destroy Grid: 0x1d9f910
20220601 064656.580 INFO             PET0  NUMBER_OF_PROCESSORS           4
20220601 064656.580 INFO             PET0  PASS  Example ESMF_NUOPCAtmModelEx, ESMF_NUOPCAtmModelEx.F90, line 806
20220601 064656.580 INFO             PET0 Finalizing ESMF
20220601 064656.443 INFO             PET1 !!!!!!!!!!!!!!!!!!!!!!!!!!!!!!!!!!!!!!!!!!!!!!!!!!!!!!
20220601 064656.443 INFO             PET1 !!! THE ESMF_LOG IS SET TO OUTPUT ALL LOG MESSAGES !!!
20220601 064656.443 INFO             PET1 !!!     THIS MAY CAUSE SLOWDOWN IN PERFORMANCE     !!!
20220601 064656.443 INFO             PET1 !!! FOR PRODUCTION RUNS, USE:                      !!!
20220601 064656.443 INFO             PET1 !!!                   ESMF_LOGKIND_Multi_On_Error  !!!
20220601 064656.443 INFO             PET1 !!!!!!!!!!!!!!!!!!!!!!!!!!!!!!!!!!!!!!!!!!!!!!!!!!!!!!
20220601 064656.443 INFO             PET1 Running with ESMF Version   : v8.3.0b16-3-gc2b47388e1
20220601 064656.443 INFO             PET1 ESMF library build date/time: "Jun  1 2022" "06:09:48"
20220601 064656.443 INFO             PET1 ESMF library build location : /scratch1/NCEPDEV/stmp2/role.esmfmaint/gfortran_9.2.0b_openmpi_g_release_8.3.0
20220601 064656.443 INFO             PET1 ESMF_COMM                   : openmpi
20220601 064656.444 INFO             PET1 ESMF_MOAB                   : enabled
20220601 064656.444 INFO             PET1 ESMF_LAPACK                 : enabled
20220601 064656.444 INFO             PET1 ESMF_NETCDF                 : disabled
20220601 064656.444 INFO             PET1 ESMF_PNETCDF                : disabled
20220601 064656.444 INFO             PET1 ESMF_PIO                    : disabled
20220601 064656.444 INFO             PET1 ESMF_YAMLCPP                : enabled
20220601 064656.540 DEBUG            PET1 about to destroy Grid: 0x267ea50
20220601 064656.550 DEBUG            PET1 about to destroy Grid: 0x267fec0
20220601 064656.580 INFO             PET1  NUMBER_OF_PROCESSORS           4
20220601 064656.580 INFO             PET1  PASS  Example ESMF_NUOPCAtmModelEx, ESMF_NUOPCAtmModelEx.F90, line 806
20220601 064656.580 INFO             PET1 Finalizing ESMF
20220601 064656.441 INFO             PET2 !!!!!!!!!!!!!!!!!!!!!!!!!!!!!!!!!!!!!!!!!!!!!!!!!!!!!!
20220601 064656.441 INFO             PET2 !!! THE ESMF_LOG IS SET TO OUTPUT ALL LOG MESSAGES !!!
20220601 064656.441 INFO             PET2 !!!     THIS MAY CAUSE SLOWDOWN IN PERFORMANCE     !!!
20220601 064656.441 INFO             PET2 !!! FOR PRODUCTION RUNS, USE:                      !!!
20220601 064656.441 INFO             PET2 !!!                   ESMF_LOGKIND_Multi_On_Error  !!!
20220601 064656.441 INFO             PET2 !!!!!!!!!!!!!!!!!!!!!!!!!!!!!!!!!!!!!!!!!!!!!!!!!!!!!!
20220601 064656.441 INFO             PET2 Running with ESMF Version   : v8.3.0b16-3-gc2b47388e1
20220601 064656.441 INFO             PET2 ESMF library build date/time: "Jun  1 2022" "06:09:48"
20220601 064656.441 INFO             PET2 ESMF library build location : /scratch1/NCEPDEV/stmp2/role.esmfmaint/gfortran_9.2.0b_openmpi_g_release_8.3.0
20220601 064656.441 INFO             PET2 ESMF_COMM                   : openmpi
20220601 064656.443 INFO             PET2 ESMF_MOAB                   : enabled
20220601 064656.443 INFO             PET2 ESMF_LAPACK                 : enabled
20220601 064656.443 INFO             PET2 ESMF_NETCDF                 : disabled
20220601 064656.443 INFO             PET2 ESMF_PNETCDF                : disabled
20220601 064656.443 INFO             PET2 ESMF_PIO                    : disabled
20220601 064656.443 INFO             PET2 ESMF_YAMLCPP                : enabled
20220601 064656.540 DEBUG            PET2 about to destroy Grid: 0x1ad74c0
20220601 064656.550 DEBUG            PET2 about to destroy Grid: 0x1ad8930
20220601 064656.580 INFO             PET2  NUMBER_OF_PROCESSORS           4
20220601 064656.580 INFO             PET2  PASS  Example ESMF_NUOPCAtmModelEx, ESMF_NUOPCAtmModelEx.F90, line 806
20220601 064656.580 INFO             PET2 Finalizing ESMF
20220601 064656.436 INFO             PET3 !!!!!!!!!!!!!!!!!!!!!!!!!!!!!!!!!!!!!!!!!!!!!!!!!!!!!!
20220601 064656.436 INFO             PET3 !!! THE ESMF_LOG IS SET TO OUTPUT ALL LOG MESSAGES !!!
20220601 064656.436 INFO             PET3 !!!     THIS MAY CAUSE SLOWDOWN IN PERFORMANCE     !!!
20220601 064656.436 INFO             PET3 !!! FOR PRODUCTION RUNS, USE:                      !!!
20220601 064656.436 INFO             PET3 !!!                   ESMF_LOGKIND_Multi_On_Error  !!!
20220601 064656.436 INFO             PET3 !!!!!!!!!!!!!!!!!!!!!!!!!!!!!!!!!!!!!!!!!!!!!!!!!!!!!!
20220601 064656.436 INFO             PET3 Running with ESMF Version   : v8.3.0b16-3-gc2b47388e1
20220601 064656.436 INFO             PET3 ESMF library build date/time: "Jun  1 2022" "06:09:48"
20220601 064656.436 INFO             PET3 ESMF library build location : /scratch1/NCEPDEV/stmp2/role.esmfmaint/gfortran_9.2.0b_openmpi_g_release_8.3.0
20220601 064656.436 INFO             PET3 ESMF_COMM                   : openmpi
20220601 064656.438 INFO             PET3 ESMF_MOAB                   : enabled
20220601 064656.438 INFO             PET3 ESMF_LAPACK                 : enabled
20220601 064656.438 INFO             PET3 ESMF_NETCDF                 : disabled
20220601 064656.438 INFO             PET3 ESMF_PNETCDF                : disabled
20220601 064656.438 INFO             PET3 ESMF_PIO                    : disabled
20220601 064656.438 INFO             PET3 ESMF_YAMLCPP                : enabled
20220601 064656.540 DEBUG            PET3 about to destroy Grid: 0x10f1600
20220601 064656.550 DEBUG            PET3 about to destroy Grid: 0x10f2a70
20220601 064656.580 INFO             PET3  NUMBER_OF_PROCESSORS           4
20220601 064656.580 INFO             PET3  PASS  Example ESMF_NUOPCAtmModelEx, ESMF_NUOPCAtmModelEx.F90, line 806
20220601 064656.580 INFO             PET3 Finalizing ESMF
