build time -- 2022-05-27 06:08:25
20220527 063232.969 INFO             PET0 !!!!!!!!!!!!!!!!!!!!!!!!!!!!!!!!!!!!!!!!!!!!!!!!!!!!!!
20220527 063232.969 INFO             PET0 !!! THE ESMF_LOG IS SET TO OUTPUT ALL LOG MESSAGES !!!
20220527 063232.969 INFO             PET0 !!!     THIS MAY CAUSE SLOWDOWN IN PERFORMANCE     !!!
20220527 063232.969 INFO             PET0 !!! FOR PRODUCTION RUNS, USE:                      !!!
20220527 063232.969 INFO             PET0 !!!                   ESMF_LOGKIND_Multi_On_Error  !!!
20220527 063232.969 INFO             PET0 !!!!!!!!!!!!!!!!!!!!!!!!!!!!!!!!!!!!!!!!!!!!!!!!!!!!!!
20220527 063232.969 INFO             PET0 Running with ESMF Version   : v8.3.0b16-3-gc2b47388e1
20220527 063232.969 INFO             PET0 ESMF library build date/time: "May 27 2022" "06:06:50"
20220527 063232.969 INFO             PET0 ESMF library build location : /scratch1/NCEPDEV/stmp2/role.esmfmaint/gfortran_9.2.0b_openmpi_g_release_8.3.0
20220527 063232.969 INFO             PET0 ESMF_COMM                   : openmpi
20220527 063232.971 INFO             PET0 ESMF_MOAB                   : enabled
20220527 063232.971 INFO             PET0 ESMF_LAPACK                 : enabled
20220527 063232.971 INFO             PET0 ESMF_NETCDF                 : disabled
20220527 063232.971 INFO             PET0 ESMF_PNETCDF                : disabled
20220527 063232.971 INFO             PET0 ESMF_PIO                    : disabled
20220527 063232.971 INFO             PET0 ESMF_YAMLCPP                : enabled
20220527 063233.001 INFO             PET0  NUMBER_OF_PROCESSORS           4
20220527 063233.001 INFO             PET0  PASS  Example ESMF_ArrayEx, ESMF_ArrayEx.F90, line 1899
20220527 063233.001 INFO             PET0 Finalizing ESMF
20220527 063232.994 INFO             PET1 !!!!!!!!!!!!!!!!!!!!!!!!!!!!!!!!!!!!!!!!!!!!!!!!!!!!!!
20220527 063232.994 INFO             PET1 !!! THE ESMF_LOG IS SET TO OUTPUT ALL LOG MESSAGES !!!
20220527 063232.994 INFO             PET1 !!!     THIS MAY CAUSE SLOWDOWN IN PERFORMANCE     !!!
20220527 063232.994 INFO             PET1 !!! FOR PRODUCTION RUNS, USE:                      !!!
20220527 063232.994 INFO             PET1 !!!                   ESMF_LOGKIND_Multi_On_Error  !!!
20220527 063232.994 INFO             PET1 !!!!!!!!!!!!!!!!!!!!!!!!!!!!!!!!!!!!!!!!!!!!!!!!!!!!!!
20220527 063232.994 INFO             PET1 Running with ESMF Version   : v8.3.0b16-3-gc2b47388e1
20220527 063232.994 INFO             PET1 ESMF library build date/time: "May 27 2022" "06:06:50"
20220527 063232.994 INFO             PET1 ESMF library build location : /scratch1/NCEPDEV/stmp2/role.esmfmaint/gfortran_9.2.0b_openmpi_g_release_8.3.0
20220527 063232.994 INFO             PET1 ESMF_COMM                   : openmpi
20220527 063232.997 INFO             PET1 ESMF_MOAB                   : enabled
20220527 063232.997 INFO             PET1 ESMF_LAPACK                 : enabled
20220527 063232.997 INFO             PET1 ESMF_NETCDF                 : disabled
20220527 063232.997 INFO             PET1 ESMF_PNETCDF                : disabled
20220527 063232.997 INFO             PET1 ESMF_PIO                    : disabled
20220527 063232.997 INFO             PET1 ESMF_YAMLCPP                : enabled
20220527 063233.001 INFO             PET1  NUMBER_OF_PROCESSORS           4
20220527 063233.001 INFO             PET1  PASS  Example ESMF_ArrayEx, ESMF_ArrayEx.F90, line 1899
20220527 063233.001 INFO             PET1 Finalizing ESMF
20220527 063232.989 INFO             PET2 !!!!!!!!!!!!!!!!!!!!!!!!!!!!!!!!!!!!!!!!!!!!!!!!!!!!!!
20220527 063232.989 INFO             PET2 !!! THE ESMF_LOG IS SET TO OUTPUT ALL LOG MESSAGES !!!
20220527 063232.989 INFO             PET2 !!!     THIS MAY CAUSE SLOWDOWN IN PERFORMANCE     !!!
20220527 063232.989 INFO             PET2 !!! FOR PRODUCTION RUNS, USE:                      !!!
20220527 063232.989 INFO             PET2 !!!                   ESMF_LOGKIND_Multi_On_Error  !!!
20220527 063232.989 INFO             PET2 !!!!!!!!!!!!!!!!!!!!!!!!!!!!!!!!!!!!!!!!!!!!!!!!!!!!!!
20220527 063232.989 INFO             PET2 Running with ESMF Version   : v8.3.0b16-3-gc2b47388e1
20220527 063232.989 INFO             PET2 ESMF library build date/time: "May 27 2022" "06:06:50"
20220527 063232.989 INFO             PET2 ESMF library build location : /scratch1/NCEPDEV/stmp2/role.esmfmaint/gfortran_9.2.0b_openmpi_g_release_8.3.0
20220527 063232.989 INFO             PET2 ESMF_COMM                   : openmpi
20220527 063232.992 INFO             PET2 ESMF_MOAB                   : enabled
20220527 063232.992 INFO             PET2 ESMF_LAPACK                 : enabled
20220527 063232.992 INFO             PET2 ESMF_NETCDF                 : disabled
20220527 063232.992 INFO             PET2 ESMF_PNETCDF                : disabled
20220527 063232.992 INFO             PET2 ESMF_PIO                    : disabled
20220527 063232.992 INFO             PET2 ESMF_YAMLCPP                : enabled
20220527 063233.001 INFO             PET2  NUMBER_OF_PROCESSORS           4
20220527 063233.001 INFO             PET2  PASS  Example ESMF_ArrayEx, ESMF_ArrayEx.F90, line 1899
20220527 063233.001 INFO             PET2 Finalizing ESMF
20220527 063232.959 INFO             PET3 !!!!!!!!!!!!!!!!!!!!!!!!!!!!!!!!!!!!!!!!!!!!!!!!!!!!!!
20220527 063232.959 INFO             PET3 !!! THE ESMF_LOG IS SET TO OUTPUT ALL LOG MESSAGES !!!
20220527 063232.959 INFO             PET3 !!!     THIS MAY CAUSE SLOWDOWN IN PERFORMANCE     !!!
20220527 063232.959 INFO             PET3 !!! FOR PRODUCTION RUNS, USE:                      !!!
20220527 063232.959 INFO             PET3 !!!                   ESMF_LOGKIND_Multi_On_Error  !!!
20220527 063232.959 INFO             PET3 !!!!!!!!!!!!!!!!!!!!!!!!!!!!!!!!!!!!!!!!!!!!!!!!!!!!!!
20220527 063232.959 INFO             PET3 Running with ESMF Version   : v8.3.0b16-3-gc2b47388e1
20220527 063232.959 INFO             PET3 ESMF library build date/time: "May 27 2022" "06:06:50"
20220527 063232.959 INFO             PET3 ESMF library build location : /scratch1/NCEPDEV/stmp2/role.esmfmaint/gfortran_9.2.0b_openmpi_g_release_8.3.0
20220527 063232.959 INFO             PET3 ESMF_COMM                   : openmpi
20220527 063232.984 INFO             PET3 ESMF_MOAB                   : enabled
20220527 063232.984 INFO             PET3 ESMF_LAPACK                 : enabled
20220527 063232.984 INFO             PET3 ESMF_NETCDF                 : disabled
20220527 063232.984 INFO             PET3 ESMF_PNETCDF                : disabled
20220527 063232.984 INFO             PET3 ESMF_PIO                    : disabled
20220527 063232.984 INFO             PET3 ESMF_YAMLCPP                : enabled
20220527 063233.001 INFO             PET3  NUMBER_OF_PROCESSORS           4
20220527 063233.001 INFO             PET3  PASS  Example ESMF_ArrayEx, ESMF_ArrayEx.F90, line 1899
20220527 063233.001 INFO             PET3 Finalizing ESMF
