build time -- 2022-05-23 06:09:43
[1653287521.910335] [h19c51:190088:0]         mxm.c:196  MXM  WARN  The 'ulimit -s' on the system is set to 'unlimited'. This may have negative performance implications. Please set the stack size to the default value (10240) 
[1653287521.915561] [h19c51:190088:0]         mxm.c:196  MXM  WARN  The 'ulimit -s' on the system is set to 'unlimited'. This may have negative performance implications. Please set the stack size to the default value (10240) 
[1653287521.910390] [h19c51:190090:0]         mxm.c:196  MXM  WARN  The 'ulimit -s' on the system is set to 'unlimited'. This may have negative performance implications. Please set the stack size to the default value (10240) 
[1653287521.915612] [h19c51:190090:0]         mxm.c:196  MXM  WARN  The 'ulimit -s' on the system is set to 'unlimited'. This may have negative performance implications. Please set the stack size to the default value (10240) 
[1653287521.904281] [h19c51:190089:0]         mxm.c:196  MXM  WARN  The 'ulimit -s' on the system is set to 'unlimited'. This may have negative performance implications. Please set the stack size to the default value (10240) 
[1653287521.909342] [h19c51:190089:0]         mxm.c:196  MXM  WARN  The 'ulimit -s' on the system is set to 'unlimited'. This may have negative performance implications. Please set the stack size to the default value (10240) 
[1653287521.904250] [h19c51:190087:0]         mxm.c:196  MXM  WARN  The 'ulimit -s' on the system is set to 'unlimited'. This may have negative performance implications. Please set the stack size to the default value (10240) 
[1653287521.909270] [h19c51:190087:0]         mxm.c:196  MXM  WARN  The 'ulimit -s' on the system is set to 'unlimited'. This may have negative performance implications. Please set the stack size to the default value (10240) 
 ---------------------------------------------------------------
 Results from using the dictionary-like method of data retrieval
 The radius of the earth was retrieved from the Resource File
 Its value is:    6370000.00    
 ---------------------------------------------------------------
 Results from using the dictionary-like method of data retrieval of a string
 The input file name (a string) was retrieved from the Resource File
 Its value is: dummy_input.nc
 ---------------------------------------------------------------
 Results when the label in the call does not exist in the Resource File
 The default value is returned.
 Its value is: ./default.nc
 ---------------------------------------------------------------
 Results from retrieving multiple values:
 The first constant was was retrieved from the Resource File
 Its value is:    3.14150000    
 The second constant was was retrieved from the Resource File
 Its value is:           25
 ---------------------------------------------------------------
 Results from retrieving multi-value strings:
 The first file name was was retrieved from the Resource File
 Its value is: jan87.dat
 The second file name was was retrieved from the Resource File
 Its value is: jan88.dat
 The third file name was was retrieved from the Resource File
 Its value is: jan89.dat
 ---------------------------------------------------------------
 ---------------------------------------------------------------
 Results from using the dictionary-like method of data retrieval
 The radius of the earth was retrieved from the Resource File
 Its value is:    6370000.00    
 ---------------------------------------------------------------
 Results from using the dictionary-like method of data retrieval of a string
 The input file name (a string) was retrieved from the Resource File
 Its value is: dummy_input.nc
 ---------------------------------------------------------------
 Results when the label in the call does not exist in the Resource File
 Results from retrieving a table
 The (1,3) table value should be 263.0
 Its retrieved value is:    263.000000    
 The (6,1) table value should be 400
 Its retrieved value is:    400.000000    
 ---------------------------------------------------------------
 ---------------------------------------------------------------
 Results from using the dictionary-like method of data retrieval
 The radius of the earth was retrieved from the Resource File
 The default value is returned.
 Its value is: ./default.nc
 ---------------------------------------------------------------
 Its value is:    6370000.00    
 ---------------------------------------------------------------
 Results from using the dictionary-like method of data retrieval of a string
 The input file name (a string) was retrieved from the Resource File
 Results from retrieving multiple values:
 The first constant was was retrieved from the Resource File
 Its value is:    3.14150000    
 The second constant was was retrieved from the Resource File
 Its value is:           25
 ---------------------------------------------------------------
 Final Word
 ---------------------------------------------------
 PASS: ESMF_ConfigOverviewEx.F90
 Its value is: dummy_input.nc
 ---------------------------------------------------------------
 Results when the label in the call does not exist in the Resource File
 The default value is returned.
 Its value is: ./default.nc
 ---------------------------------------------------------------
 Results from retrieving multi-value strings:
 The first file name was was retrieved from the Resource File
 Its value is: jan87.dat
 The second file name was was retrieved from the Resource File
 Its value is: jan88.dat
 The third file name was was retrieved from the Resource File
 Its value is: jan89.dat
 ---------------------------------------------------------------
  PASS  Example ESMF_ConfigOverviewEx, ESMF_ConfigOverviewEx.F90, line 415
 Results from retrieving multiple values:
 The first constant was was retrieved from the Resource File
 Its value is:    3.14150000    
 The second constant was was retrieved from the Resource File
 Its value is:           25
 ---------------------------------------------------------------
 Results from retrieving multi-value strings:
 The first file name was was retrieved from the Resource File
 Its value is: jan87.dat
 The second file name was was retrieved from the Resource File
 Its value is: jan88.dat
 The third file name was was retrieved from the Resource File
 Its value is: jan89.dat
 ---------------------------------------------------------------
 Results from retrieving a table
 The (1,3) table value should be 263.0
 Its retrieved value is:    263.000000    
 The (6,1) table value should be 400
 Its retrieved value is:    400.000000    
 ---------------------------------------------------------------
 Results from retrieving a table
 The (1,3) table value should be 263.0
 ---------------------------------------------------------------
 Results from using the dictionary-like method of data retrieval
 The radius of the earth was retrieved from the Resource File
 Its retrieved value is:    263.000000    
 The (6,1) table value should be 400
 Its retrieved value is:    400.000000    
 ---------------------------------------------------------------
 Its value is:    6370000.00    
 ---------------------------------------------------------------
 Results from using the dictionary-like method of data retrieval of a string
 The input file name (a string) was retrieved from the Resource File
 Final Word
 ---------------------------------------------------
 PASS: ESMF_ConfigOverviewEx.F90
 Final Word
 ---------------------------------------------------
 PASS: ESMF_ConfigOverviewEx.F90
 Its value is: dummy_input.nc
 ---------------------------------------------------------------
 Results when the label in the call does not exist in the Resource File
 The default value is returned.
 Its value is: ./default.nc
 ---------------------------------------------------------------
  PASS  Example ESMF_ConfigOverviewEx, ESMF_ConfigOverviewEx.F90, line 415
  PASS  Example ESMF_ConfigOverviewEx, ESMF_ConfigOverviewEx.F90, line 415
 Results from retrieving multiple values:
 The first constant was was retrieved from the Resource File
 Its value is:    3.14150000    
 The second constant was was retrieved from the Resource File
 Its value is:           25
 ---------------------------------------------------------------
 Results from retrieving multi-value strings:
 The first file name was was retrieved from the Resource File
 Its value is: jan87.dat
 The second file name was was retrieved from the Resource File
 Its value is: jan88.dat
 The third file name was was retrieved from the Resource File
 Its value is: jan89.dat
 ---------------------------------------------------------------
 Results from retrieving a table
 The (1,3) table value should be 263.0
 Its retrieved value is:    263.000000    
 The (6,1) table value should be 400
 Its retrieved value is:    400.000000    
 ---------------------------------------------------------------
 Final Word
 ---------------------------------------------------
 PASS: ESMF_ConfigOverviewEx.F90
  PASS  Example ESMF_ConfigOverviewEx, ESMF_ConfigOverviewEx.F90, line 415
