build time -- 2022-06-03 01:23:48.262713
20220603 020006.612 INFO             PET0 !!!!!!!!!!!!!!!!!!!!!!!!!!!!!!!!!!!!!!!!!!!!!!!!!!!!!!
20220603 020006.612 INFO             PET0 !!! THE ESMF_LOG IS SET TO OUTPUT ALL LOG MESSAGES !!!
20220603 020006.612 INFO             PET0 !!!     THIS MAY CAUSE SLOWDOWN IN PERFORMANCE     !!!
20220603 020006.612 INFO             PET0 !!! FOR PRODUCTION RUNS, USE:                      !!!
20220603 020006.612 INFO             PET0 !!!                   ESMF_LOGKIND_Multi_On_Error  !!!
20220603 020006.612 INFO             PET0 !!!!!!!!!!!!!!!!!!!!!!!!!!!!!!!!!!!!!!!!!!!!!!!!!!!!!!
20220603 020006.612 INFO             PET0 Running with ESMF Version   : v8.3.0b17
20220603 020006.612 INFO             PET0 ESMF library build date/time: "Jun  3 2022" "01:21:43"
20220603 020006.612 INFO             PET0 ESMF library build location : /gpfsm/dnb04/projects/p98/mpotts/esmf/intel_19.1.3_mpt_O_release_8.3.0
20220603 020006.612 INFO             PET0 ESMF_COMM                   : mpt
20220603 020006.613 INFO             PET0 ESMF_MOAB                   : enabled
20220603 020006.613 INFO             PET0 ESMF_LAPACK                 : enabled
20220603 020006.613 INFO             PET0 ESMF_NETCDF                 : enabled
20220603 020006.613 INFO             PET0 ESMF_PNETCDF                : disabled
20220603 020006.613 INFO             PET0 ESMF_PIO                    : enabled
20220603 020006.613 INFO             PET0 ESMF_YAMLCPP                : enabled
20220603 020006.618 INFO             PET0  NUMBER_OF_PROCESSORS           1
20220603 020006.618 INFO             PET0  PASS  Example ESMF_AlarmEx, ESMF_AlarmEx.F90, line 244
20220603 020006.618 INFO             PET0 Finalizing ESMF
