build time -- 2022-05-25 01:17:21.124755
20220525 014959.633 INFO             PET0 !!!!!!!!!!!!!!!!!!!!!!!!!!!!!!!!!!!!!!!!!!!!!!!!!!!!!!
20220525 014959.633 INFO             PET0 !!! THE ESMF_LOG IS SET TO OUTPUT ALL LOG MESSAGES !!!
20220525 014959.633 INFO             PET0 !!!     THIS MAY CAUSE SLOWDOWN IN PERFORMANCE     !!!
20220525 014959.633 INFO             PET0 !!! FOR PRODUCTION RUNS, USE:                      !!!
20220525 014959.633 INFO             PET0 !!!                   ESMF_LOGKIND_Multi_On_Error  !!!
20220525 014959.633 INFO             PET0 !!!!!!!!!!!!!!!!!!!!!!!!!!!!!!!!!!!!!!!!!!!!!!!!!!!!!!
20220525 014959.633 INFO             PET0 Running with ESMF Version   : v8.3.0b16-3-gc2b47388e1
20220525 014959.633 INFO             PET0 ESMF library build date/time: "May 25 2022" "01:15:05"
20220525 014959.633 INFO             PET0 ESMF library build location : /gpfsm/dnb04/projects/p98/mpotts/esmf/intel_19.1.3_mpt_O_release_8.3.0
20220525 014959.633 INFO             PET0 ESMF_COMM                   : mpt
20220525 014959.634 INFO             PET0 ESMF_MOAB                   : enabled
20220525 014959.634 INFO             PET0 ESMF_LAPACK                 : enabled
20220525 014959.634 INFO             PET0 ESMF_NETCDF                 : enabled
20220525 014959.634 INFO             PET0 ESMF_PNETCDF                : disabled
20220525 014959.634 INFO             PET0 ESMF_PIO                    : enabled
20220525 014959.634 INFO             PET0 ESMF_YAMLCPP                : enabled
20220525 014959.635 INFO             PET0  NUMBER_OF_PROCESSORS           1
20220525 014959.635 INFO             PET0  PASS  Example ESMF_TimeEx, ESMF_TimeEx.F90, line 141
20220525 014959.635 INFO             PET0 Finalizing ESMF
