build time -- 2022-06-05 01:16:20.666093
20220605 014654.617 INFO             PET0 !!!!!!!!!!!!!!!!!!!!!!!!!!!!!!!!!!!!!!!!!!!!!!!!!!!!!!
20220605 014654.617 INFO             PET0 !!! THE ESMF_LOG IS SET TO OUTPUT ALL LOG MESSAGES !!!
20220605 014654.617 INFO             PET0 !!!     THIS MAY CAUSE SLOWDOWN IN PERFORMANCE     !!!
20220605 014654.617 INFO             PET0 !!! FOR PRODUCTION RUNS, USE:                      !!!
20220605 014654.617 INFO             PET0 !!!                   ESMF_LOGKIND_Multi_On_Error  !!!
20220605 014654.617 INFO             PET0 !!!!!!!!!!!!!!!!!!!!!!!!!!!!!!!!!!!!!!!!!!!!!!!!!!!!!!
20220605 014654.617 INFO             PET0 Running with ESMF Version   : v8.3.0b17-1-g6ed324f6a2
20220605 014654.617 INFO             PET0 ESMF library build date/time: "Jun  5 2022" "01:14:13"
20220605 014654.617 INFO             PET0 ESMF library build location : /gpfsm/dnb04/projects/p98/mpotts/esmf/intel_19.1.3_mpt_O_release_8.3.0
20220605 014654.618 INFO             PET0 ESMF_COMM                   : mpt
20220605 014654.618 INFO             PET0 ESMF_MOAB                   : enabled
20220605 014654.618 INFO             PET0 ESMF_LAPACK                 : enabled
20220605 014654.618 INFO             PET0 ESMF_NETCDF                 : enabled
20220605 014654.618 INFO             PET0 ESMF_PNETCDF                : disabled
20220605 014654.618 INFO             PET0 ESMF_PIO                    : enabled
20220605 014654.618 INFO             PET0 ESMF_YAMLCPP                : enabled
20220605 014654.657 DEBUG            PET0 about to destroy Grid: 0x19e1090
20220605 014654.660 DEBUG            PET0 about to destroy Grid: 0x19e3e10
20220605 014654.671 INFO             PET0  NUMBER_OF_PROCESSORS           4
20220605 014654.671 INFO             PET0  PASS  Example ESMF_NUOPCAtmModelEx, ESMF_NUOPCAtmModelEx.F90, line 806
20220605 014654.671 INFO             PET0 Finalizing ESMF
20220605 014654.618 INFO             PET1 !!!!!!!!!!!!!!!!!!!!!!!!!!!!!!!!!!!!!!!!!!!!!!!!!!!!!!
20220605 014654.618 INFO             PET1 !!! THE ESMF_LOG IS SET TO OUTPUT ALL LOG MESSAGES !!!
20220605 014654.618 INFO             PET1 !!!     THIS MAY CAUSE SLOWDOWN IN PERFORMANCE     !!!
20220605 014654.618 INFO             PET1 !!! FOR PRODUCTION RUNS, USE:                      !!!
20220605 014654.618 INFO             PET1 !!!                   ESMF_LOGKIND_Multi_On_Error  !!!
20220605 014654.618 INFO             PET1 !!!!!!!!!!!!!!!!!!!!!!!!!!!!!!!!!!!!!!!!!!!!!!!!!!!!!!
20220605 014654.618 INFO             PET1 Running with ESMF Version   : v8.3.0b17-1-g6ed324f6a2
20220605 014654.618 INFO             PET1 ESMF library build date/time: "Jun  5 2022" "01:14:13"
20220605 014654.618 INFO             PET1 ESMF library build location : /gpfsm/dnb04/projects/p98/mpotts/esmf/intel_19.1.3_mpt_O_release_8.3.0
20220605 014654.618 INFO             PET1 ESMF_COMM                   : mpt
20220605 014654.619 INFO             PET1 ESMF_MOAB                   : enabled
20220605 014654.619 INFO             PET1 ESMF_LAPACK                 : enabled
20220605 014654.619 INFO             PET1 ESMF_NETCDF                 : enabled
20220605 014654.619 INFO             PET1 ESMF_PNETCDF                : disabled
20220605 014654.619 INFO             PET1 ESMF_PIO                    : enabled
20220605 014654.619 INFO             PET1 ESMF_YAMLCPP                : enabled
20220605 014654.657 DEBUG            PET1 about to destroy Grid: 0x19e4220
20220605 014654.660 DEBUG            PET1 about to destroy Grid: 0x19e4f00
20220605 014654.671 INFO             PET1  NUMBER_OF_PROCESSORS           4
20220605 014654.671 INFO             PET1  PASS  Example ESMF_NUOPCAtmModelEx, ESMF_NUOPCAtmModelEx.F90, line 806
20220605 014654.671 INFO             PET1 Finalizing ESMF
20220605 014654.618 INFO             PET2 !!!!!!!!!!!!!!!!!!!!!!!!!!!!!!!!!!!!!!!!!!!!!!!!!!!!!!
20220605 014654.618 INFO             PET2 !!! THE ESMF_LOG IS SET TO OUTPUT ALL LOG MESSAGES !!!
20220605 014654.618 INFO             PET2 !!!     THIS MAY CAUSE SLOWDOWN IN PERFORMANCE     !!!
20220605 014654.618 INFO             PET2 !!! FOR PRODUCTION RUNS, USE:                      !!!
20220605 014654.618 INFO             PET2 !!!                   ESMF_LOGKIND_Multi_On_Error  !!!
20220605 014654.618 INFO             PET2 !!!!!!!!!!!!!!!!!!!!!!!!!!!!!!!!!!!!!!!!!!!!!!!!!!!!!!
20220605 014654.618 INFO             PET2 Running with ESMF Version   : v8.3.0b17-1-g6ed324f6a2
20220605 014654.618 INFO             PET2 ESMF library build date/time: "Jun  5 2022" "01:14:13"
20220605 014654.618 INFO             PET2 ESMF library build location : /gpfsm/dnb04/projects/p98/mpotts/esmf/intel_19.1.3_mpt_O_release_8.3.0
20220605 014654.618 INFO             PET2 ESMF_COMM                   : mpt
20220605 014654.619 INFO             PET2 ESMF_MOAB                   : enabled
20220605 014654.619 INFO             PET2 ESMF_LAPACK                 : enabled
20220605 014654.619 INFO             PET2 ESMF_NETCDF                 : enabled
20220605 014654.619 INFO             PET2 ESMF_PNETCDF                : disabled
20220605 014654.619 INFO             PET2 ESMF_PIO                    : enabled
20220605 014654.619 INFO             PET2 ESMF_YAMLCPP                : enabled
20220605 014654.657 DEBUG            PET2 about to destroy Grid: 0x19e42e0
20220605 014654.660 DEBUG            PET2 about to destroy Grid: 0x19e4fc0
20220605 014654.671 INFO             PET2  NUMBER_OF_PROCESSORS           4
20220605 014654.671 INFO             PET2  PASS  Example ESMF_NUOPCAtmModelEx, ESMF_NUOPCAtmModelEx.F90, line 806
20220605 014654.671 INFO             PET2 Finalizing ESMF
20220605 014654.618 INFO             PET3 !!!!!!!!!!!!!!!!!!!!!!!!!!!!!!!!!!!!!!!!!!!!!!!!!!!!!!
20220605 014654.618 INFO             PET3 !!! THE ESMF_LOG IS SET TO OUTPUT ALL LOG MESSAGES !!!
20220605 014654.618 INFO             PET3 !!!     THIS MAY CAUSE SLOWDOWN IN PERFORMANCE     !!!
20220605 014654.618 INFO             PET3 !!! FOR PRODUCTION RUNS, USE:                      !!!
20220605 014654.618 INFO             PET3 !!!                   ESMF_LOGKIND_Multi_On_Error  !!!
20220605 014654.618 INFO             PET3 !!!!!!!!!!!!!!!!!!!!!!!!!!!!!!!!!!!!!!!!!!!!!!!!!!!!!!
20220605 014654.618 INFO             PET3 Running with ESMF Version   : v8.3.0b17-1-g6ed324f6a2
20220605 014654.618 INFO             PET3 ESMF library build date/time: "Jun  5 2022" "01:14:13"
20220605 014654.618 INFO             PET3 ESMF library build location : /gpfsm/dnb04/projects/p98/mpotts/esmf/intel_19.1.3_mpt_O_release_8.3.0
20220605 014654.618 INFO             PET3 ESMF_COMM                   : mpt
20220605 014654.619 INFO             PET3 ESMF_MOAB                   : enabled
20220605 014654.619 INFO             PET3 ESMF_LAPACK                 : enabled
20220605 014654.619 INFO             PET3 ESMF_NETCDF                 : enabled
20220605 014654.619 INFO             PET3 ESMF_PNETCDF                : disabled
20220605 014654.619 INFO             PET3 ESMF_PIO                    : enabled
20220605 014654.619 INFO             PET3 ESMF_YAMLCPP                : enabled
20220605 014654.657 DEBUG            PET3 about to destroy Grid: 0x19e4360
20220605 014654.660 DEBUG            PET3 about to destroy Grid: 0x19e5040
20220605 014654.671 INFO             PET3  NUMBER_OF_PROCESSORS           4
20220605 014654.671 INFO             PET3  PASS  Example ESMF_NUOPCAtmModelEx, ESMF_NUOPCAtmModelEx.F90, line 806
20220605 014654.671 INFO             PET3 Finalizing ESMF
