build time -- 2022-04-20 00:35:22
20220420 011051.448 INFO             PET0 !!!!!!!!!!!!!!!!!!!!!!!!!!!!!!!!!!!!!!!!!!!!!!!!!!!!!!
20220420 011051.449 INFO             PET0 !!! THE ESMF_LOG IS SET TO OUTPUT ALL LOG MESSAGES !!!
20220420 011051.449 INFO             PET0 !!!     THIS MAY CAUSE SLOWDOWN IN PERFORMANCE     !!!
20220420 011051.449 INFO             PET0 !!! FOR PRODUCTION RUNS, USE:                      !!!
20220420 011051.449 INFO             PET0 !!!                   ESMF_LOGKIND_Multi_On_Error  !!!
20220420 011051.449 INFO             PET0 !!!!!!!!!!!!!!!!!!!!!!!!!!!!!!!!!!!!!!!!!!!!!!!!!!!!!!
20220420 011051.449 INFO             PET0 Running with ESMF Version   : v8.3.0b12-72-g1df70b4e76
20220420 011051.449 INFO             PET0 ESMF library build date/time: "Apr 20 2022" "00:33:04"
20220420 011051.449 INFO             PET0 ESMF library build location : /lustre/f2/dev/ncep/Mark.Potts/intel_2019.5_mpiuni_O_develop
20220420 011051.449 INFO             PET0 ESMF_COMM                   : mpiuni
20220420 011051.450 INFO             PET0 ESMF_MOAB                   : enabled
20220420 011051.450 INFO             PET0 ESMF_LAPACK                 : enabled
20220420 011051.450 INFO             PET0 ESMF_NETCDF                 : enabled
20220420 011051.450 INFO             PET0 ESMF_PNETCDF                : disabled
20220420 011051.450 INFO             PET0 ESMF_PIO                    : disabled
20220420 011051.450 INFO             PET0 ESMF_YAMLCPP                : enabled
20220420 011051.451 INFO             PET0  NUMBER_OF_PROCESSORS           1
20220420 011051.451 INFO             PET0  PASS  Example ESMF_ClockEx, ESMF_ClockEx.F90, line 220
20220420 011051.451 INFO             PET0 Finalizing ESMF
