build time -- 2022-04-19 00:34:00
Tue Apr 19 01:14:33 2022: [unset]:_pmi_alps_init:alps_get_placement_info returned with error -1
Tue Apr 19 01:14:33 2022: [unset]:_pmi_init:_pmi_alps_init returned -1
 recvData for PET            0 :            0
 recvData for PET            0 :            0
 recvData for PET            0 :            0
 recvData for PET            0 :            0
 recvData for PET            0 :            0
 recvData for PET            0 :            0
 recvData for PET            0 :            0
 recvData for PET            0 :            0
 recvData for PET            0 :            0
 recvData for PET            0 :            0
 recvData for PET            0 :            0
 recvData for PET            0 :            0
 recvData for PET            0 :            0
 recvData for PET            0 :            0
 recvData for PET            0 :            0
 recvData for PET            0 :            0
 recvData for PET            0 :            0
 recvData for PET            0 :            0
 recvData for PET            0 :            0
 recvData for PET            0 :            0
 recvData for PET            0 :            0
 recvData for PET            0 :            0
 recvData for PET            0 :            0
 recvData for PET            0 :            0
 recvData for PET            0 :            0
 recvData for PET            0 :            0
 recvData for PET            0 :            0
 recvData for PET            0 :            0
 recvData for PET            0 :            0
 recvData for PET            0 :            0
 recvData for PET            0 :            0
 recvData for PET            0 :            0
 recvData for PET            0 :            0
 recvData for PET            0 :            0
 recvData for PET            0 :            0
 recvData for PET            0 :            0
 recvData for PET            0 :            0
 recvData for PET            0 :            0
 recvData for PET            0 :            0
 recvData for PET            0 :            0
  PASS  Example ESMF_VMHigherRankDataEx, ESMF_VMHigherRankDataEx.F90, line 140
 PASS: ESMF_VMHigherRankDataEx.F90
