build time -- 2022-05-06 00:33:07
20220506 010922.050 INFO             PET0 !!!!!!!!!!!!!!!!!!!!!!!!!!!!!!!!!!!!!!!!!!!!!!!!!!!!!!
20220506 010922.050 INFO             PET0 !!! THE ESMF_LOG IS SET TO OUTPUT ALL LOG MESSAGES !!!
20220506 010922.050 INFO             PET0 !!!     THIS MAY CAUSE SLOWDOWN IN PERFORMANCE     !!!
20220506 010922.050 INFO             PET0 !!! FOR PRODUCTION RUNS, USE:                      !!!
20220506 010922.050 INFO             PET0 !!!                   ESMF_LOGKIND_Multi_On_Error  !!!
20220506 010922.050 INFO             PET0 !!!!!!!!!!!!!!!!!!!!!!!!!!!!!!!!!!!!!!!!!!!!!!!!!!!!!!
20220506 010922.050 INFO             PET0 Running with ESMF Version   : v8.3.0b13-29-g945a2c14d6
20220506 010922.050 INFO             PET0 ESMF library build date/time: "May  6 2022" "00:30:50"
20220506 010922.050 INFO             PET0 ESMF library build location : /lustre/f2/dev/ncep/Mark.Potts/intel_2019.5_mpiuni_O_develop
20220506 010922.050 INFO             PET0 ESMF_COMM                   : mpiuni
20220506 010922.051 INFO             PET0 ESMF_MOAB                   : enabled
20220506 010922.051 INFO             PET0 ESMF_LAPACK                 : enabled
20220506 010922.051 INFO             PET0 ESMF_NETCDF                 : enabled
20220506 010922.051 INFO             PET0 ESMF_PNETCDF                : disabled
20220506 010922.051 INFO             PET0 ESMF_PIO                    : disabled
20220506 010922.051 INFO             PET0 ESMF_YAMLCPP                : enabled
20220506 010922.051 INFO             PET0  NUMBER_OF_PROCESSORS           1
20220506 010922.051 INFO             PET0  PASS  Example ESMF_StateReconcileEx, ESMF_StateReconcileEx.F90, line 294
20220506 010922.051 INFO             PET0 Finalizing ESMF
