build time -- 2022-04-28 00:34:03
20220428 012346.520 INFO             PET0 !!!!!!!!!!!!!!!!!!!!!!!!!!!!!!!!!!!!!!!!!!!!!!!!!!!!!!
20220428 012346.520 INFO             PET0 !!! THE ESMF_LOG IS SET TO OUTPUT ALL LOG MESSAGES !!!
20220428 012346.520 INFO             PET0 !!!     THIS MAY CAUSE SLOWDOWN IN PERFORMANCE     !!!
20220428 012346.520 INFO             PET0 !!! FOR PRODUCTION RUNS, USE:                      !!!
20220428 012346.520 INFO             PET0 !!!                   ESMF_LOGKIND_Multi_On_Error  !!!
20220428 012346.520 INFO             PET0 !!!!!!!!!!!!!!!!!!!!!!!!!!!!!!!!!!!!!!!!!!!!!!!!!!!!!!
20220428 012346.520 INFO             PET0 Running with ESMF Version   : v8.3.0b13-3-g648c7f896f
20220428 012346.520 INFO             PET0 ESMF library build date/time: "Apr 28 2022" "00:31:45"
20220428 012346.520 INFO             PET0 ESMF library build location : /lustre/f2/dev/ncep/Mark.Potts/intel_2019.5_mpiuni_O_develop
20220428 012346.520 INFO             PET0 ESMF_COMM                   : mpiuni
20220428 012346.521 INFO             PET0 ESMF_MOAB                   : enabled
20220428 012346.521 INFO             PET0 ESMF_LAPACK                 : enabled
20220428 012346.521 INFO             PET0 ESMF_NETCDF                 : enabled
20220428 012346.521 INFO             PET0 ESMF_PNETCDF                : disabled
20220428 012346.521 INFO             PET0 ESMF_PIO                    : disabled
20220428 012346.521 INFO             PET0 ESMF_YAMLCPP                : enabled
20220428 012346.536 INFO             PET0  NUMBER_OF_PROCESSORS           1
20220428 012346.536 INFO             PET0  PASS  Example ESMF_RHandleReusabilityEx, ESMF_RHandleReusabilityEx.F90, line 582
20220428 012346.536 INFO             PET0 Finalizing ESMF
