build time -- 2022-04-02 00:29:24
20220402 010007.756 INFO             PET0 !!!!!!!!!!!!!!!!!!!!!!!!!!!!!!!!!!!!!!!!!!!!!!!!!!!!!!
20220402 010007.756 INFO             PET0 !!! THE ESMF_LOG IS SET TO OUTPUT ALL LOG MESSAGES !!!
20220402 010007.756 INFO             PET0 !!!     THIS MAY CAUSE SLOWDOWN IN PERFORMANCE     !!!
20220402 010007.756 INFO             PET0 !!! FOR PRODUCTION RUNS, USE:                      !!!
20220402 010007.756 INFO             PET0 !!!                   ESMF_LOGKIND_Multi_On_Error  !!!
20220402 010007.756 INFO             PET0 !!!!!!!!!!!!!!!!!!!!!!!!!!!!!!!!!!!!!!!!!!!!!!!!!!!!!!
20220402 010007.756 INFO             PET0 Running with ESMF Version   : v8.3.0b12
20220402 010007.756 INFO             PET0 ESMF library build date/time: "Apr  2 2022" "00:27:44"
20220402 010007.756 INFO             PET0 ESMF library build location : /lustre/f2/dev/ncep/Mark.Potts/intel_2019.5_mpiuni_O_develop
20220402 010007.756 INFO             PET0 ESMF_COMM                   : mpiuni
20220402 010007.758 INFO             PET0 ESMF_MOAB                   : enabled
20220402 010007.758 INFO             PET0 ESMF_LAPACK                 : enabled
20220402 010007.758 INFO             PET0 ESMF_NETCDF                 : enabled
20220402 010007.758 INFO             PET0 ESMF_PNETCDF                : disabled
20220402 010007.758 INFO             PET0 ESMF_PIO                    : disabled
20220402 010007.758 INFO             PET0 ESMF_YAMLCPP                : enabled
20220402 010007.760 INFO             PET0 ESMF_FieldRedistStoreNF(): Just entered routine.
20220402 010007.846 INFO             PET0 ESMF_FieldRedistStoreNF(): Leaving routine.
20220402 010007.856 INFO             PET0  NUMBER_OF_PROCESSORS           1
20220402 010007.857 INFO             PET0  PASS  Example ESMF_RHandleFromFileEx, ESMF_RHandleFromFileEx.F90, line 192
20220402 010007.857 INFO             PET0 Finalizing ESMF
