build time -- 2022-04-24 00:33:19
20220424 010603.580 INFO             PET0 !!!!!!!!!!!!!!!!!!!!!!!!!!!!!!!!!!!!!!!!!!!!!!!!!!!!!!
20220424 010603.580 INFO             PET0 !!! THE ESMF_LOG IS SET TO OUTPUT ALL LOG MESSAGES !!!
20220424 010603.580 INFO             PET0 !!!     THIS MAY CAUSE SLOWDOWN IN PERFORMANCE     !!!
20220424 010603.580 INFO             PET0 !!! FOR PRODUCTION RUNS, USE:                      !!!
20220424 010603.580 INFO             PET0 !!!                   ESMF_LOGKIND_Multi_On_Error  !!!
20220424 010603.580 INFO             PET0 !!!!!!!!!!!!!!!!!!!!!!!!!!!!!!!!!!!!!!!!!!!!!!!!!!!!!!
20220424 010603.580 INFO             PET0 Running with ESMF Version   : v8.3.0b13
20220424 010603.580 INFO             PET0 ESMF library build date/time: "Apr 24 2022" "00:31:14"
20220424 010603.580 INFO             PET0 ESMF library build location : /lustre/f2/dev/ncep/Mark.Potts/intel_2019.5_mpiuni_O_develop
20220424 010603.580 INFO             PET0 ESMF_COMM                   : mpiuni
20220424 010603.581 INFO             PET0 ESMF_MOAB                   : enabled
20220424 010603.581 INFO             PET0 ESMF_LAPACK                 : enabled
20220424 010603.581 INFO             PET0 ESMF_NETCDF                 : enabled
20220424 010603.581 INFO             PET0 ESMF_PNETCDF                : disabled
20220424 010603.581 INFO             PET0 ESMF_PIO                    : disabled
20220424 010603.581 INFO             PET0 ESMF_YAMLCPP                : enabled
20220424 010603.616 INFO             PET0  NUMBER_OF_PROCESSORS           1
20220424 010603.617 INFO             PET0  PASS  Example ESMF_RHandleDynamicMaskingEx, ESMF_RHandleDynamicMaskingEx.F90, line 1116
20220424 010603.617 INFO             PET0 Finalizing ESMF
