build time -- 2022-05-08 00:33:08
20220508 010923.528 INFO             PET0 !!!!!!!!!!!!!!!!!!!!!!!!!!!!!!!!!!!!!!!!!!!!!!!!!!!!!!
20220508 010923.528 INFO             PET0 !!! THE ESMF_LOG IS SET TO OUTPUT ALL LOG MESSAGES !!!
20220508 010923.528 INFO             PET0 !!!     THIS MAY CAUSE SLOWDOWN IN PERFORMANCE     !!!
20220508 010923.528 INFO             PET0 !!! FOR PRODUCTION RUNS, USE:                      !!!
20220508 010923.528 INFO             PET0 !!!                   ESMF_LOGKIND_Multi_On_Error  !!!
20220508 010923.528 INFO             PET0 !!!!!!!!!!!!!!!!!!!!!!!!!!!!!!!!!!!!!!!!!!!!!!!!!!!!!!
20220508 010923.528 INFO             PET0 Running with ESMF Version   : v8.3.0b14-2-gde129fc120
20220508 010923.528 INFO             PET0 ESMF library build date/time: "May  8 2022" "00:30:51"
20220508 010923.528 INFO             PET0 ESMF library build location : /lustre/f2/dev/ncep/Mark.Potts/intel_2019.5_mpiuni_O_develop
20220508 010923.528 INFO             PET0 ESMF_COMM                   : mpiuni
20220508 010923.529 INFO             PET0 ESMF_MOAB                   : enabled
20220508 010923.529 INFO             PET0 ESMF_LAPACK                 : enabled
20220508 010923.529 INFO             PET0 ESMF_NETCDF                 : enabled
20220508 010923.529 INFO             PET0 ESMF_PNETCDF                : disabled
20220508 010923.529 INFO             PET0 ESMF_PIO                    : disabled
20220508 010923.529 INFO             PET0 ESMF_YAMLCPP                : enabled
20220508 010923.531 INFO             PET0  NUMBER_OF_PROCESSORS           1
20220508 010923.531 INFO             PET0  PASS  Example ESMF_CplEx, ESMF_CplEx.F90, line 457
20220508 010923.531 INFO             PET0 Finalizing ESMF
