build time -- 2022-06-07 00:37:19
20220607 011103.225 INFO             PET0 !!!!!!!!!!!!!!!!!!!!!!!!!!!!!!!!!!!!!!!!!!!!!!!!!!!!!!
20220607 011103.225 INFO             PET0 !!! THE ESMF_LOG IS SET TO OUTPUT ALL LOG MESSAGES !!!
20220607 011103.225 INFO             PET0 !!!     THIS MAY CAUSE SLOWDOWN IN PERFORMANCE     !!!
20220607 011103.225 INFO             PET0 !!! FOR PRODUCTION RUNS, USE:                      !!!
20220607 011103.225 INFO             PET0 !!!                   ESMF_LOGKIND_Multi_On_Error  !!!
20220607 011103.225 INFO             PET0 !!!!!!!!!!!!!!!!!!!!!!!!!!!!!!!!!!!!!!!!!!!!!!!!!!!!!!
20220607 011103.225 INFO             PET0 Running with ESMF Version   : v8.4.0b01-1-g3c875a5b01
20220607 011103.225 INFO             PET0 ESMF library build date/time: "Jun  7 2022" "00:35:34"
20220607 011103.225 INFO             PET0 ESMF library build location : /lustre/f2/dev/ncep/Mark.Potts/intel_2019.5_mpiuni_O_develop
20220607 011103.225 INFO             PET0 ESMF_COMM                   : mpiuni
20220607 011103.226 INFO             PET0 ESMF_MOAB                   : enabled
20220607 011103.226 INFO             PET0 ESMF_LAPACK                 : enabled
20220607 011103.226 INFO             PET0 ESMF_NETCDF                 : enabled
20220607 011103.226 INFO             PET0 ESMF_PNETCDF                : disabled
20220607 011103.226 INFO             PET0 ESMF_PIO                    : disabled
20220607 011103.226 INFO             PET0 ESMF_YAMLCPP                : enabled
20220607 011103.490 INFO             PET0  NUMBER_OF_PROCESSORS           1
20220607 011103.491 INFO             PET0  PASS  Example ESMF_GridUsageEx, ESMF_GridUsageEx.F90, line 3470
20220607 011103.491 INFO             PET0 Finalizing ESMF
