build time -- 2022-05-03 00:34:41
20220503 011133.133 INFO             PET0 !!!!!!!!!!!!!!!!!!!!!!!!!!!!!!!!!!!!!!!!!!!!!!!!!!!!!!
20220503 011133.133 INFO             PET0 !!! THE ESMF_LOG IS SET TO OUTPUT ALL LOG MESSAGES !!!
20220503 011133.133 INFO             PET0 !!!     THIS MAY CAUSE SLOWDOWN IN PERFORMANCE     !!!
20220503 011133.133 INFO             PET0 !!! FOR PRODUCTION RUNS, USE:                      !!!
20220503 011133.133 INFO             PET0 !!!                   ESMF_LOGKIND_Multi_On_Error  !!!
20220503 011133.133 INFO             PET0 !!!!!!!!!!!!!!!!!!!!!!!!!!!!!!!!!!!!!!!!!!!!!!!!!!!!!!
20220503 011133.133 INFO             PET0 Running with ESMF Version   : v8.3.0b13-7-g0b3ec3b299
20220503 011133.133 INFO             PET0 ESMF library build date/time: "May  3 2022" "00:32:20"
20220503 011133.133 INFO             PET0 ESMF library build location : /lustre/f2/dev/ncep/Mark.Potts/intel_2019.5_mpiuni_O_develop
20220503 011133.133 INFO             PET0 ESMF_COMM                   : mpiuni
20220503 011133.134 INFO             PET0 ESMF_MOAB                   : enabled
20220503 011133.134 INFO             PET0 ESMF_LAPACK                 : enabled
20220503 011133.134 INFO             PET0 ESMF_NETCDF                 : enabled
20220503 011133.134 INFO             PET0 ESMF_PNETCDF                : disabled
20220503 011133.134 INFO             PET0 ESMF_PIO                    : disabled
20220503 011133.134 INFO             PET0 ESMF_YAMLCPP                : enabled
20220503 011133.159 DEBUG            PET0 about to destroy Grid: 0x8999a0
20220503 011133.161 DEBUG            PET0 about to destroy Grid: 0x89b280
20220503 011133.170 INFO             PET0  NUMBER_OF_PROCESSORS           1
20220503 011133.170 INFO             PET0  PASS  Example ESMF_NUOPCAtmModelEx, ESMF_NUOPCAtmModelEx.F90, line 806
20220503 011133.170 INFO             PET0 Finalizing ESMF
