build time -- 2022-06-01 02:34:49
20220601 025754.856 INFO             PET0 !!!!!!!!!!!!!!!!!!!!!!!!!!!!!!!!!!!!!!!!!!!!!!!!!!!!!!
20220601 025754.857 INFO             PET0 !!! THE ESMF_LOG IS SET TO OUTPUT ALL LOG MESSAGES !!!
20220601 025754.857 INFO             PET0 !!!     THIS MAY CAUSE SLOWDOWN IN PERFORMANCE     !!!
20220601 025754.857 INFO             PET0 !!! FOR PRODUCTION RUNS, USE:                      !!!
20220601 025754.857 INFO             PET0 !!!                   ESMF_LOGKIND_Multi_On_Error  !!!
20220601 025754.857 INFO             PET0 !!!!!!!!!!!!!!!!!!!!!!!!!!!!!!!!!!!!!!!!!!!!!!!!!!!!!!
20220601 025754.857 INFO             PET0 Running with ESMF Version   : v8.3.0b16-3-gc2b4738
20220601 025754.857 INFO             PET0 ESMF library build date/time: "Jun  1 2022" "02:33:12"
20220601 025754.857 INFO             PET0 ESMF library build location : /work/noaa/da/mpotts/sandbox/gfortran_8.3.0_mpiuni_O_release_8.3.0
20220601 025754.857 INFO             PET0 ESMF_COMM                   : mpiuni
20220601 025754.857 INFO             PET0 ESMF_MOAB                   : enabled
20220601 025754.857 INFO             PET0 ESMF_LAPACK                 : enabled
20220601 025754.857 INFO             PET0 ESMF_NETCDF                 : enabled
20220601 025754.857 INFO             PET0 ESMF_PNETCDF                : disabled
20220601 025754.857 INFO             PET0 ESMF_PIO                    : disabled
20220601 025754.857 INFO             PET0 ESMF_YAMLCPP                : enabled
20220601 025754.884 DEBUG            PET0 about to destroy Grid: 0x9ccfd0
20220601 025754.887 DEBUG            PET0 about to destroy Grid: 0x9ce590
20220601 025754.895 INFO             PET0  NUMBER_OF_PROCESSORS           1
20220601 025754.895 INFO             PET0  PASS  Example ESMF_NUOPCAtmModelEx, ESMF_NUOPCAtmModelEx.F90, line 806
20220601 025754.895 INFO             PET0 Finalizing ESMF
