build time -- 2022-06-05 02:38:29.863812
20220605 031736.566 INFO             PET0 !!!!!!!!!!!!!!!!!!!!!!!!!!!!!!!!!!!!!!!!!!!!!!!!!!!!!!
20220605 031736.566 INFO             PET0 !!! THE ESMF_LOG IS SET TO OUTPUT ALL LOG MESSAGES !!!
20220605 031736.566 INFO             PET0 !!!     THIS MAY CAUSE SLOWDOWN IN PERFORMANCE     !!!
20220605 031736.566 INFO             PET0 !!! FOR PRODUCTION RUNS, USE:                      !!!
20220605 031736.566 INFO             PET0 !!!                   ESMF_LOGKIND_Multi_On_Error  !!!
20220605 031736.566 INFO             PET0 !!!!!!!!!!!!!!!!!!!!!!!!!!!!!!!!!!!!!!!!!!!!!!!!!!!!!!
20220605 031736.566 INFO             PET0 Running with ESMF Version   : v8.4.0b01
20220605 031736.566 INFO             PET0 ESMF library build date/time: "Jun  5 2022" "02:34:42"
20220605 031736.566 INFO             PET0 ESMF library build location : /glade/scratch/dunlap/esmf-testing/gfortran_10.1.0_mpt_g_develop
20220605 031736.566 INFO             PET0 ESMF_COMM                   : mpt
20220605 031736.566 INFO             PET0 ESMF_MOAB                   : enabled
20220605 031736.566 INFO             PET0 ESMF_LAPACK                 : enabled
20220605 031736.566 INFO             PET0 ESMF_NETCDF                 : enabled
20220605 031736.566 INFO             PET0 ESMF_PNETCDF                : disabled
20220605 031736.566 INFO             PET0 ESMF_PIO                    : enabled
20220605 031736.566 INFO             PET0 ESMF_YAMLCPP                : enabled
20220605 031736.662 DEBUG            PET0 about to destroy Grid: 0x205da90
20220605 031736.675 DEBUG            PET0 about to destroy Grid: 0x205f0e0
20220605 031736.708 INFO             PET0  NUMBER_OF_PROCESSORS           4
20220605 031736.708 INFO             PET0  PASS  Example ESMF_NUOPCAtmModelEx, ESMF_NUOPCAtmModelEx.F90, line 806
20220605 031736.708 INFO             PET0 Finalizing ESMF
20220605 031736.566 INFO             PET1 !!!!!!!!!!!!!!!!!!!!!!!!!!!!!!!!!!!!!!!!!!!!!!!!!!!!!!
20220605 031736.566 INFO             PET1 !!! THE ESMF_LOG IS SET TO OUTPUT ALL LOG MESSAGES !!!
20220605 031736.566 INFO             PET1 !!!     THIS MAY CAUSE SLOWDOWN IN PERFORMANCE     !!!
20220605 031736.566 INFO             PET1 !!! FOR PRODUCTION RUNS, USE:                      !!!
20220605 031736.566 INFO             PET1 !!!                   ESMF_LOGKIND_Multi_On_Error  !!!
20220605 031736.566 INFO             PET1 !!!!!!!!!!!!!!!!!!!!!!!!!!!!!!!!!!!!!!!!!!!!!!!!!!!!!!
20220605 031736.566 INFO             PET1 Running with ESMF Version   : v8.4.0b01
20220605 031736.566 INFO             PET1 ESMF library build date/time: "Jun  5 2022" "02:34:42"
20220605 031736.566 INFO             PET1 ESMF library build location : /glade/scratch/dunlap/esmf-testing/gfortran_10.1.0_mpt_g_develop
20220605 031736.566 INFO             PET1 ESMF_COMM                   : mpt
20220605 031736.566 INFO             PET1 ESMF_MOAB                   : enabled
20220605 031736.566 INFO             PET1 ESMF_LAPACK                 : enabled
20220605 031736.566 INFO             PET1 ESMF_NETCDF                 : enabled
20220605 031736.566 INFO             PET1 ESMF_PNETCDF                : disabled
20220605 031736.566 INFO             PET1 ESMF_PIO                    : enabled
20220605 031736.566 INFO             PET1 ESMF_YAMLCPP                : enabled
20220605 031736.662 DEBUG            PET1 about to destroy Grid: 0x205e700
20220605 031736.675 DEBUG            PET1 about to destroy Grid: 0x205f820
20220605 031736.708 INFO             PET1  NUMBER_OF_PROCESSORS           4
20220605 031736.708 INFO             PET1  PASS  Example ESMF_NUOPCAtmModelEx, ESMF_NUOPCAtmModelEx.F90, line 806
20220605 031736.708 INFO             PET1 Finalizing ESMF
20220605 031736.566 INFO             PET2 !!!!!!!!!!!!!!!!!!!!!!!!!!!!!!!!!!!!!!!!!!!!!!!!!!!!!!
20220605 031736.566 INFO             PET2 !!! THE ESMF_LOG IS SET TO OUTPUT ALL LOG MESSAGES !!!
20220605 031736.566 INFO             PET2 !!!     THIS MAY CAUSE SLOWDOWN IN PERFORMANCE     !!!
20220605 031736.566 INFO             PET2 !!! FOR PRODUCTION RUNS, USE:                      !!!
20220605 031736.566 INFO             PET2 !!!                   ESMF_LOGKIND_Multi_On_Error  !!!
20220605 031736.566 INFO             PET2 !!!!!!!!!!!!!!!!!!!!!!!!!!!!!!!!!!!!!!!!!!!!!!!!!!!!!!
20220605 031736.566 INFO             PET2 Running with ESMF Version   : v8.4.0b01
20220605 031736.566 INFO             PET2 ESMF library build date/time: "Jun  5 2022" "02:34:42"
20220605 031736.566 INFO             PET2 ESMF library build location : /glade/scratch/dunlap/esmf-testing/gfortran_10.1.0_mpt_g_develop
20220605 031736.566 INFO             PET2 ESMF_COMM                   : mpt
20220605 031736.566 INFO             PET2 ESMF_MOAB                   : enabled
20220605 031736.566 INFO             PET2 ESMF_LAPACK                 : enabled
20220605 031736.566 INFO             PET2 ESMF_NETCDF                 : enabled
20220605 031736.566 INFO             PET2 ESMF_PNETCDF                : disabled
20220605 031736.566 INFO             PET2 ESMF_PIO                    : enabled
20220605 031736.566 INFO             PET2 ESMF_YAMLCPP                : enabled
20220605 031736.662 DEBUG            PET2 about to destroy Grid: 0x205dee0
20220605 031736.675 DEBUG            PET2 about to destroy Grid: 0x205f000
20220605 031736.708 INFO             PET2  NUMBER_OF_PROCESSORS           4
20220605 031736.708 INFO             PET2  PASS  Example ESMF_NUOPCAtmModelEx, ESMF_NUOPCAtmModelEx.F90, line 806
20220605 031736.708 INFO             PET2 Finalizing ESMF
20220605 031736.566 INFO             PET3 !!!!!!!!!!!!!!!!!!!!!!!!!!!!!!!!!!!!!!!!!!!!!!!!!!!!!!
20220605 031736.566 INFO             PET3 !!! THE ESMF_LOG IS SET TO OUTPUT ALL LOG MESSAGES !!!
20220605 031736.566 INFO             PET3 !!!     THIS MAY CAUSE SLOWDOWN IN PERFORMANCE     !!!
20220605 031736.566 INFO             PET3 !!! FOR PRODUCTION RUNS, USE:                      !!!
20220605 031736.566 INFO             PET3 !!!                   ESMF_LOGKIND_Multi_On_Error  !!!
20220605 031736.566 INFO             PET3 !!!!!!!!!!!!!!!!!!!!!!!!!!!!!!!!!!!!!!!!!!!!!!!!!!!!!!
20220605 031736.566 INFO             PET3 Running with ESMF Version   : v8.4.0b01
20220605 031736.566 INFO             PET3 ESMF library build date/time: "Jun  5 2022" "02:34:42"
20220605 031736.566 INFO             PET3 ESMF library build location : /glade/scratch/dunlap/esmf-testing/gfortran_10.1.0_mpt_g_develop
20220605 031736.566 INFO             PET3 ESMF_COMM                   : mpt
20220605 031736.566 INFO             PET3 ESMF_MOAB                   : enabled
20220605 031736.566 INFO             PET3 ESMF_LAPACK                 : enabled
20220605 031736.566 INFO             PET3 ESMF_NETCDF                 : enabled
20220605 031736.566 INFO             PET3 ESMF_PNETCDF                : disabled
20220605 031736.566 INFO             PET3 ESMF_PIO                    : enabled
20220605 031736.566 INFO             PET3 ESMF_YAMLCPP                : enabled
20220605 031736.662 DEBUG            PET3 about to destroy Grid: 0x205db00
20220605 031736.675 DEBUG            PET3 about to destroy Grid: 0x205ebc0
20220605 031736.708 INFO             PET3  NUMBER_OF_PROCESSORS           4
20220605 031736.708 INFO             PET3  PASS  Example ESMF_NUOPCAtmModelEx, ESMF_NUOPCAtmModelEx.F90, line 806
20220605 031736.708 INFO             PET3 Finalizing ESMF
