build time -- 2022-05-08 01:05:57.308881
20220508 013105.833 INFO             PET0 !!!!!!!!!!!!!!!!!!!!!!!!!!!!!!!!!!!!!!!!!!!!!!!!!!!!!!
20220508 013105.833 INFO             PET0 !!! THE ESMF_LOG IS SET TO OUTPUT ALL LOG MESSAGES !!!
20220508 013105.833 INFO             PET0 !!!     THIS MAY CAUSE SLOWDOWN IN PERFORMANCE     !!!
20220508 013105.833 INFO             PET0 !!! FOR PRODUCTION RUNS, USE:                      !!!
20220508 013105.833 INFO             PET0 !!!                   ESMF_LOGKIND_Multi_On_Error  !!!
20220508 013105.833 INFO             PET0 !!!!!!!!!!!!!!!!!!!!!!!!!!!!!!!!!!!!!!!!!!!!!!!!!!!!!!
20220508 013105.833 INFO             PET0 Running with ESMF Version   : v8.3.0b14-2-gde129fc120
20220508 013105.833 INFO             PET0 ESMF library build date/time: "May  8 2022" "01:04:47"
20220508 013105.833 INFO             PET0 ESMF library build location : /gpfsm/dnb04/projects/p98/mpotts/esmf/gfortran_8.3.0_intelmpi_O_develop
20220508 013105.833 INFO             PET0 ESMF_COMM                   : intelmpi
20220508 013105.834 INFO             PET0 ESMF_MOAB                   : enabled
20220508 013105.834 INFO             PET0 ESMF_LAPACK                 : enabled
20220508 013105.834 INFO             PET0 ESMF_NETCDF                 : disabled
20220508 013105.834 INFO             PET0 ESMF_PNETCDF                : disabled
20220508 013105.834 INFO             PET0 ESMF_PIO                    : disabled
20220508 013105.834 INFO             PET0 ESMF_YAMLCPP                : enabled
20220508 013105.836 DEBUG            PET0 ESMCI_CompTunnel.C:1063 ESMCI::ServiceLoop() ServiceLoop: entering with port argument: 61010 and timeout: 20
20220508 013105.836 DEBUG            PET0 ESMCI_CompTunnel.C:345 ESMCI::CompTunnel::negotiate() negotiate socketBased actual: port=61010, timeout=20
20220508 013107.839 DEBUG            PET0 ESMCI_CompTunnel.C:476 ESMCI::CompTunnel::negotiate() finished socketBased negotiate() on actual component side
20220508 013107.839 DEBUG            PET0 ESMCI_CompTunnel.C:872 ESMCI::CompTunnel::dual2actual() dual2actual() socketBased (actual side)...
20220508 013107.839 DEBUG            PET0 ESMCI_CompTunnel.C:872 ESMCI::CompTunnel::dual2actual() dual2actual() socketBased (actual side)...
20220508 013107.877 DEBUG            PET0 ESMCI_CompTunnel.C:1122 ESMCI::ServiceLoop() ServiceLoop: received method: InitializeIC and phase: 1
20220508 013107.877 INFO             PET0 Actual Component Initialize
20220508 013107.877 DEBUG            PET0 ESMCI_CompTunnel.C:957 ESMCI::CompTunnel::actual2dual() actual2dual() socketBased (actual side)...
20220508 013107.878 DEBUG            PET0 ESMCI_CompTunnel.C:872 ESMCI::CompTunnel::dual2actual() dual2actual() socketBased (actual side)...
20220508 013107.878 DEBUG            PET0 ESMCI_CompTunnel.C:872 ESMCI::CompTunnel::dual2actual() dual2actual() socketBased (actual side)...
20220508 013107.917 DEBUG            PET0 ESMCI_CompTunnel.C:1122 ESMCI::ServiceLoop() ServiceLoop: received method: RunIC and phase: 1
20220508 013107.917 INFO             PET0 Actual Component Run
20220508 013107.917 DEBUG            PET0 ESMCI_CompTunnel.C:957 ESMCI::CompTunnel::actual2dual() actual2dual() socketBased (actual side)...
20220508 013107.918 DEBUG            PET0 ESMCI_CompTunnel.C:872 ESMCI::CompTunnel::dual2actual() dual2actual() socketBased (actual side)...
20220508 013107.918 DEBUG            PET0 ESMCI_CompTunnel.C:872 ESMCI::CompTunnel::dual2actual() dual2actual() socketBased (actual side)...
20220508 013107.957 DEBUG            PET0 ESMCI_CompTunnel.C:1122 ESMCI::ServiceLoop() ServiceLoop: received method: FinalizeIC and phase: 1
20220508 013107.957 INFO             PET0 Actual Component Finalize
20220508 013107.957 DEBUG            PET0 ESMCI_CompTunnel.C:957 ESMCI::CompTunnel::actual2dual() actual2dual() socketBased (actual side)...
20220508 013107.958 DEBUG            PET0 ESMCI_CompTunnel.C:872 ESMCI::CompTunnel::dual2actual() dual2actual() socketBased (actual side)...
20220508 013107.958 DEBUG            PET0 ESMCI_CompTunnel.C:872 ESMCI::CompTunnel::dual2actual() dual2actual() socketBased (actual side)...
20220508 013107.997 DEBUG            PET0 ESMCI_CompTunnel.C:1122 ESMCI::ServiceLoop() ServiceLoop: received method: InitializeIC and phase: 1
20220508 013107.997 INFO             PET0 Actual Component Initialize
20220508 013107.997 DEBUG            PET0 ESMCI_CompTunnel.C:957 ESMCI::CompTunnel::actual2dual() actual2dual() socketBased (actual side)...
20220508 013107.998 DEBUG            PET0 ESMCI_CompTunnel.C:872 ESMCI::CompTunnel::dual2actual() dual2actual() socketBased (actual side)...
20220508 013107.998 DEBUG            PET0 ESMCI_CompTunnel.C:872 ESMCI::CompTunnel::dual2actual() dual2actual() socketBased (actual side)...
20220508 013108.037 DEBUG            PET0 ESMCI_CompTunnel.C:1122 ESMCI::ServiceLoop() ServiceLoop: received method: InitializeIC and phase: 1
20220508 013108.037 INFO             PET0 Actual Component Initialize
20220508 013108.037 DEBUG            PET0 ESMCI_CompTunnel.C:957 ESMCI::CompTunnel::actual2dual() actual2dual() socketBased (actual side)...
20220508 013108.038 DEBUG            PET0 ESMCI_CompTunnel.C:872 ESMCI::CompTunnel::dual2actual() dual2actual() socketBased (actual side)...
20220508 013108.038 DEBUG            PET0 ESMCI_CompTunnel.C:872 ESMCI::CompTunnel::dual2actual() dual2actual() socketBased (actual side)...
20220508 013108.077 DEBUG            PET0 ESMCI_CompTunnel.C:1122 ESMCI::ServiceLoop() ServiceLoop: received method: RunIC and phase: 1
20220508 013108.077 INFO             PET0 Actual Component Run
20220508 013108.077 DEBUG            PET0 ESMCI_CompTunnel.C:957 ESMCI::CompTunnel::actual2dual() actual2dual() socketBased (actual side)...
20220508 013108.078 DEBUG            PET0 ESMCI_CompTunnel.C:872 ESMCI::CompTunnel::dual2actual() dual2actual() socketBased (actual side)...
20220508 013108.078 DEBUG            PET0 ESMCI_CompTunnel.C:872 ESMCI::CompTunnel::dual2actual() dual2actual() socketBased (actual side)...
20220508 013108.117 DEBUG            PET0 ESMCI_CompTunnel.C:1122 ESMCI::ServiceLoop() ServiceLoop: received method: None and phase: 1
20220508 013108.117 DEBUG            PET0 ESMCI_CompTunnel.C:957 ESMCI::CompTunnel::actual2dual() actual2dual() socketBased (actual side)...
20220508 013108.118 DEBUG            PET0 ESMCI_CompTunnel.C:1153 ESMCI::ServiceLoop() ServiceLoop: exiting
20220508 013108.118 INFO             PET0  NUMBER_OF_PROCESSORS           6
20220508 013108.118 INFO             PET0  PASS  Example ESMF_CompTunnelEx, ESMF_CompTunnelEx.F90, line 549
20220508 013108.118 INFO             PET0 Finalizing ESMF
20220508 013105.834 INFO             PET1 !!!!!!!!!!!!!!!!!!!!!!!!!!!!!!!!!!!!!!!!!!!!!!!!!!!!!!
20220508 013105.834 INFO             PET1 !!! THE ESMF_LOG IS SET TO OUTPUT ALL LOG MESSAGES !!!
20220508 013105.834 INFO             PET1 !!!     THIS MAY CAUSE SLOWDOWN IN PERFORMANCE     !!!
20220508 013105.834 INFO             PET1 !!! FOR PRODUCTION RUNS, USE:                      !!!
20220508 013105.834 INFO             PET1 !!!                   ESMF_LOGKIND_Multi_On_Error  !!!
20220508 013105.834 INFO             PET1 !!!!!!!!!!!!!!!!!!!!!!!!!!!!!!!!!!!!!!!!!!!!!!!!!!!!!!
20220508 013105.834 INFO             PET1 Running with ESMF Version   : v8.3.0b14-2-gde129fc120
20220508 013105.834 INFO             PET1 ESMF library build date/time: "May  8 2022" "01:04:47"
20220508 013105.834 INFO             PET1 ESMF library build location : /gpfsm/dnb04/projects/p98/mpotts/esmf/gfortran_8.3.0_intelmpi_O_develop
20220508 013105.834 INFO             PET1 ESMF_COMM                   : intelmpi
20220508 013105.834 INFO             PET1 ESMF_MOAB                   : enabled
20220508 013105.834 INFO             PET1 ESMF_LAPACK                 : enabled
20220508 013105.834 INFO             PET1 ESMF_NETCDF                 : disabled
20220508 013105.834 INFO             PET1 ESMF_PNETCDF                : disabled
20220508 013105.834 INFO             PET1 ESMF_PIO                    : disabled
20220508 013105.834 INFO             PET1 ESMF_YAMLCPP                : enabled
20220508 013105.836 DEBUG            PET1 ESMCI_CompTunnel.C:1063 ESMCI::ServiceLoop() ServiceLoop: entering with port argument: 61010 and timeout: 20
20220508 013107.839 DEBUG            PET1 ESMCI_CompTunnel.C:476 ESMCI::CompTunnel::negotiate() finished socketBased negotiate() on actual component side
20220508 013107.839 DEBUG            PET1 ESMCI_CompTunnel.C:872 ESMCI::CompTunnel::dual2actual() dual2actual() socketBased (actual side)...
20220508 013107.839 DEBUG            PET1 ESMCI_CompTunnel.C:872 ESMCI::CompTunnel::dual2actual() dual2actual() socketBased (actual side)...
20220508 013107.877 DEBUG            PET1 ESMCI_CompTunnel.C:1122 ESMCI::ServiceLoop() ServiceLoop: received method: InitializeIC and phase: 1
20220508 013107.877 INFO             PET1 Actual Component Initialize
20220508 013107.877 DEBUG            PET1 ESMCI_CompTunnel.C:957 ESMCI::CompTunnel::actual2dual() actual2dual() socketBased (actual side)...
20220508 013107.878 DEBUG            PET1 ESMCI_CompTunnel.C:872 ESMCI::CompTunnel::dual2actual() dual2actual() socketBased (actual side)...
20220508 013107.878 DEBUG            PET1 ESMCI_CompTunnel.C:872 ESMCI::CompTunnel::dual2actual() dual2actual() socketBased (actual side)...
20220508 013107.917 DEBUG            PET1 ESMCI_CompTunnel.C:1122 ESMCI::ServiceLoop() ServiceLoop: received method: RunIC and phase: 1
20220508 013107.918 INFO             PET1 Actual Component Run
20220508 013107.918 DEBUG            PET1 ESMCI_CompTunnel.C:957 ESMCI::CompTunnel::actual2dual() actual2dual() socketBased (actual side)...
20220508 013107.918 DEBUG            PET1 ESMCI_CompTunnel.C:872 ESMCI::CompTunnel::dual2actual() dual2actual() socketBased (actual side)...
20220508 013107.918 DEBUG            PET1 ESMCI_CompTunnel.C:872 ESMCI::CompTunnel::dual2actual() dual2actual() socketBased (actual side)...
20220508 013107.957 DEBUG            PET1 ESMCI_CompTunnel.C:1122 ESMCI::ServiceLoop() ServiceLoop: received method: FinalizeIC and phase: 1
20220508 013107.957 INFO             PET1 Actual Component Finalize
20220508 013107.957 DEBUG            PET1 ESMCI_CompTunnel.C:957 ESMCI::CompTunnel::actual2dual() actual2dual() socketBased (actual side)...
20220508 013107.958 DEBUG            PET1 ESMCI_CompTunnel.C:872 ESMCI::CompTunnel::dual2actual() dual2actual() socketBased (actual side)...
20220508 013107.958 DEBUG            PET1 ESMCI_CompTunnel.C:872 ESMCI::CompTunnel::dual2actual() dual2actual() socketBased (actual side)...
20220508 013107.997 DEBUG            PET1 ESMCI_CompTunnel.C:1122 ESMCI::ServiceLoop() ServiceLoop: received method: InitializeIC and phase: 1
20220508 013107.997 INFO             PET1 Actual Component Initialize
20220508 013107.997 DEBUG            PET1 ESMCI_CompTunnel.C:957 ESMCI::CompTunnel::actual2dual() actual2dual() socketBased (actual side)...
20220508 013107.998 DEBUG            PET1 ESMCI_CompTunnel.C:872 ESMCI::CompTunnel::dual2actual() dual2actual() socketBased (actual side)...
20220508 013107.998 DEBUG            PET1 ESMCI_CompTunnel.C:872 ESMCI::CompTunnel::dual2actual() dual2actual() socketBased (actual side)...
20220508 013108.037 DEBUG            PET1 ESMCI_CompTunnel.C:1122 ESMCI::ServiceLoop() ServiceLoop: received method: InitializeIC and phase: 1
20220508 013108.037 INFO             PET1 Actual Component Initialize
20220508 013108.037 DEBUG            PET1 ESMCI_CompTunnel.C:957 ESMCI::CompTunnel::actual2dual() actual2dual() socketBased (actual side)...
20220508 013108.038 DEBUG            PET1 ESMCI_CompTunnel.C:872 ESMCI::CompTunnel::dual2actual() dual2actual() socketBased (actual side)...
20220508 013108.038 DEBUG            PET1 ESMCI_CompTunnel.C:872 ESMCI::CompTunnel::dual2actual() dual2actual() socketBased (actual side)...
20220508 013108.077 DEBUG            PET1 ESMCI_CompTunnel.C:1122 ESMCI::ServiceLoop() ServiceLoop: received method: RunIC and phase: 1
20220508 013108.077 INFO             PET1 Actual Component Run
20220508 013108.077 DEBUG            PET1 ESMCI_CompTunnel.C:957 ESMCI::CompTunnel::actual2dual() actual2dual() socketBased (actual side)...
20220508 013108.078 DEBUG            PET1 ESMCI_CompTunnel.C:872 ESMCI::CompTunnel::dual2actual() dual2actual() socketBased (actual side)...
20220508 013108.078 DEBUG            PET1 ESMCI_CompTunnel.C:872 ESMCI::CompTunnel::dual2actual() dual2actual() socketBased (actual side)...
20220508 013108.117 DEBUG            PET1 ESMCI_CompTunnel.C:1122 ESMCI::ServiceLoop() ServiceLoop: received method: None and phase: 1
20220508 013108.117 DEBUG            PET1 ESMCI_CompTunnel.C:957 ESMCI::CompTunnel::actual2dual() actual2dual() socketBased (actual side)...
20220508 013108.118 DEBUG            PET1 ESMCI_CompTunnel.C:1153 ESMCI::ServiceLoop() ServiceLoop: exiting
20220508 013108.118 INFO             PET1  NUMBER_OF_PROCESSORS           6
20220508 013108.118 INFO             PET1  PASS  Example ESMF_CompTunnelEx, ESMF_CompTunnelEx.F90, line 549
20220508 013108.118 INFO             PET1 Finalizing ESMF
20220508 013105.833 INFO             PET2 !!!!!!!!!!!!!!!!!!!!!!!!!!!!!!!!!!!!!!!!!!!!!!!!!!!!!!
20220508 013105.833 INFO             PET2 !!! THE ESMF_LOG IS SET TO OUTPUT ALL LOG MESSAGES !!!
20220508 013105.833 INFO             PET2 !!!     THIS MAY CAUSE SLOWDOWN IN PERFORMANCE     !!!
20220508 013105.833 INFO             PET2 !!! FOR PRODUCTION RUNS, USE:                      !!!
20220508 013105.833 INFO             PET2 !!!                   ESMF_LOGKIND_Multi_On_Error  !!!
20220508 013105.833 INFO             PET2 !!!!!!!!!!!!!!!!!!!!!!!!!!!!!!!!!!!!!!!!!!!!!!!!!!!!!!
20220508 013105.833 INFO             PET2 Running with ESMF Version   : v8.3.0b14-2-gde129fc120
20220508 013105.833 INFO             PET2 ESMF library build date/time: "May  8 2022" "01:04:47"
20220508 013105.833 INFO             PET2 ESMF library build location : /gpfsm/dnb04/projects/p98/mpotts/esmf/gfortran_8.3.0_intelmpi_O_develop
20220508 013105.833 INFO             PET2 ESMF_COMM                   : intelmpi
20220508 013105.834 INFO             PET2 ESMF_MOAB                   : enabled
20220508 013105.834 INFO             PET2 ESMF_LAPACK                 : enabled
20220508 013105.834 INFO             PET2 ESMF_NETCDF                 : disabled
20220508 013105.834 INFO             PET2 ESMF_PNETCDF                : disabled
20220508 013105.834 INFO             PET2 ESMF_PIO                    : disabled
20220508 013105.834 INFO             PET2 ESMF_YAMLCPP                : enabled
20220508 013105.836 DEBUG            PET2 ESMCI_CompTunnel.C:1063 ESMCI::ServiceLoop() ServiceLoop: entering with port argument: 61010 and timeout: 20
20220508 013107.839 DEBUG            PET2 ESMCI_CompTunnel.C:476 ESMCI::CompTunnel::negotiate() finished socketBased negotiate() on actual component side
20220508 013107.839 DEBUG            PET2 ESMCI_CompTunnel.C:872 ESMCI::CompTunnel::dual2actual() dual2actual() socketBased (actual side)...
20220508 013107.839 DEBUG            PET2 ESMCI_CompTunnel.C:872 ESMCI::CompTunnel::dual2actual() dual2actual() socketBased (actual side)...
20220508 013107.877 DEBUG            PET2 ESMCI_CompTunnel.C:1122 ESMCI::ServiceLoop() ServiceLoop: received method: InitializeIC and phase: 1
20220508 013107.877 INFO             PET2 Actual Component Initialize
20220508 013107.877 DEBUG            PET2 ESMCI_CompTunnel.C:957 ESMCI::CompTunnel::actual2dual() actual2dual() socketBased (actual side)...
20220508 013107.878 DEBUG            PET2 ESMCI_CompTunnel.C:872 ESMCI::CompTunnel::dual2actual() dual2actual() socketBased (actual side)...
20220508 013107.878 DEBUG            PET2 ESMCI_CompTunnel.C:872 ESMCI::CompTunnel::dual2actual() dual2actual() socketBased (actual side)...
20220508 013107.917 DEBUG            PET2 ESMCI_CompTunnel.C:1122 ESMCI::ServiceLoop() ServiceLoop: received method: RunIC and phase: 1
20220508 013107.918 INFO             PET2 Actual Component Run
20220508 013107.918 DEBUG            PET2 ESMCI_CompTunnel.C:957 ESMCI::CompTunnel::actual2dual() actual2dual() socketBased (actual side)...
20220508 013107.918 DEBUG            PET2 ESMCI_CompTunnel.C:872 ESMCI::CompTunnel::dual2actual() dual2actual() socketBased (actual side)...
20220508 013107.918 DEBUG            PET2 ESMCI_CompTunnel.C:872 ESMCI::CompTunnel::dual2actual() dual2actual() socketBased (actual side)...
20220508 013107.957 DEBUG            PET2 ESMCI_CompTunnel.C:1122 ESMCI::ServiceLoop() ServiceLoop: received method: FinalizeIC and phase: 1
20220508 013107.957 INFO             PET2 Actual Component Finalize
20220508 013107.957 DEBUG            PET2 ESMCI_CompTunnel.C:957 ESMCI::CompTunnel::actual2dual() actual2dual() socketBased (actual side)...
20220508 013107.958 DEBUG            PET2 ESMCI_CompTunnel.C:872 ESMCI::CompTunnel::dual2actual() dual2actual() socketBased (actual side)...
20220508 013107.958 DEBUG            PET2 ESMCI_CompTunnel.C:872 ESMCI::CompTunnel::dual2actual() dual2actual() socketBased (actual side)...
20220508 013107.997 DEBUG            PET2 ESMCI_CompTunnel.C:1122 ESMCI::ServiceLoop() ServiceLoop: received method: InitializeIC and phase: 1
20220508 013107.997 INFO             PET2 Actual Component Initialize
20220508 013107.997 DEBUG            PET2 ESMCI_CompTunnel.C:957 ESMCI::CompTunnel::actual2dual() actual2dual() socketBased (actual side)...
20220508 013107.998 DEBUG            PET2 ESMCI_CompTunnel.C:872 ESMCI::CompTunnel::dual2actual() dual2actual() socketBased (actual side)...
20220508 013107.998 DEBUG            PET2 ESMCI_CompTunnel.C:872 ESMCI::CompTunnel::dual2actual() dual2actual() socketBased (actual side)...
20220508 013108.037 DEBUG            PET2 ESMCI_CompTunnel.C:1122 ESMCI::ServiceLoop() ServiceLoop: received method: InitializeIC and phase: 1
20220508 013108.037 INFO             PET2 Actual Component Initialize
20220508 013108.037 DEBUG            PET2 ESMCI_CompTunnel.C:957 ESMCI::CompTunnel::actual2dual() actual2dual() socketBased (actual side)...
20220508 013108.038 DEBUG            PET2 ESMCI_CompTunnel.C:872 ESMCI::CompTunnel::dual2actual() dual2actual() socketBased (actual side)...
20220508 013108.038 DEBUG            PET2 ESMCI_CompTunnel.C:872 ESMCI::CompTunnel::dual2actual() dual2actual() socketBased (actual side)...
20220508 013108.077 DEBUG            PET2 ESMCI_CompTunnel.C:1122 ESMCI::ServiceLoop() ServiceLoop: received method: RunIC and phase: 1
20220508 013108.077 INFO             PET2 Actual Component Run
20220508 013108.077 DEBUG            PET2 ESMCI_CompTunnel.C:957 ESMCI::CompTunnel::actual2dual() actual2dual() socketBased (actual side)...
20220508 013108.078 DEBUG            PET2 ESMCI_CompTunnel.C:872 ESMCI::CompTunnel::dual2actual() dual2actual() socketBased (actual side)...
20220508 013108.078 DEBUG            PET2 ESMCI_CompTunnel.C:872 ESMCI::CompTunnel::dual2actual() dual2actual() socketBased (actual side)...
20220508 013108.117 DEBUG            PET2 ESMCI_CompTunnel.C:1122 ESMCI::ServiceLoop() ServiceLoop: received method: None and phase: 1
20220508 013108.117 DEBUG            PET2 ESMCI_CompTunnel.C:957 ESMCI::CompTunnel::actual2dual() actual2dual() socketBased (actual side)...
20220508 013108.118 DEBUG            PET2 ESMCI_CompTunnel.C:1153 ESMCI::ServiceLoop() ServiceLoop: exiting
20220508 013108.118 INFO             PET2  NUMBER_OF_PROCESSORS           6
20220508 013108.118 INFO             PET2  PASS  Example ESMF_CompTunnelEx, ESMF_CompTunnelEx.F90, line 549
20220508 013108.118 INFO             PET2 Finalizing ESMF
20220508 013105.835 INFO             PET3 !!!!!!!!!!!!!!!!!!!!!!!!!!!!!!!!!!!!!!!!!!!!!!!!!!!!!!
20220508 013105.835 INFO             PET3 !!! THE ESMF_LOG IS SET TO OUTPUT ALL LOG MESSAGES !!!
20220508 013105.835 INFO             PET3 !!!     THIS MAY CAUSE SLOWDOWN IN PERFORMANCE     !!!
20220508 013105.835 INFO             PET3 !!! FOR PRODUCTION RUNS, USE:                      !!!
20220508 013105.835 INFO             PET3 !!!                   ESMF_LOGKIND_Multi_On_Error  !!!
20220508 013105.835 INFO             PET3 !!!!!!!!!!!!!!!!!!!!!!!!!!!!!!!!!!!!!!!!!!!!!!!!!!!!!!
20220508 013105.835 INFO             PET3 Running with ESMF Version   : v8.3.0b14-2-gde129fc120
20220508 013105.835 INFO             PET3 ESMF library build date/time: "May  8 2022" "01:04:47"
20220508 013105.835 INFO             PET3 ESMF library build location : /gpfsm/dnb04/projects/p98/mpotts/esmf/gfortran_8.3.0_intelmpi_O_develop
20220508 013105.835 INFO             PET3 ESMF_COMM                   : intelmpi
20220508 013105.835 INFO             PET3 ESMF_MOAB                   : enabled
20220508 013105.835 INFO             PET3 ESMF_LAPACK                 : enabled
20220508 013105.835 INFO             PET3 ESMF_NETCDF                 : disabled
20220508 013105.835 INFO             PET3 ESMF_PNETCDF                : disabled
20220508 013105.835 INFO             PET3 ESMF_PIO                    : disabled
20220508 013105.835 INFO             PET3 ESMF_YAMLCPP                : enabled
20220508 013105.836 DEBUG            PET3 ESMCI_CompTunnel.C:1063 ESMCI::ServiceLoop() ServiceLoop: entering with port argument: 61011 and timeout: 2
20220508 013105.836 DEBUG            PET3 ESMCI_CompTunnel.C:345 ESMCI::CompTunnel::negotiate() negotiate socketBased actual: port=61011, timeout=2
20220508 013107.836 ERROR            PET3 ESMCI_CompTunnel.C:354 ESMCI::CompTunnel::negotiate() Timeout reached  - - No client connected, time out!
20220508 013107.836 ERROR            PET3 ESMCI_CompTunnel.C:1099 ESMCI::ServiceLoop() Timeout reached  - Internal subroutine call returned Error
20220508 013107.839 DEBUG            PET3 ESMCI_CompTunnel.C:577 ESMCI::CompTunnel::negotiate() finished socketBased negotiate() on dual component side
20220508 013107.839 DEBUG            PET3 ESMCI_CompTunnel.C:841 ESMCI::CompTunnel::dual2actual() dual2actual() socketBased (dual side)...
20220508 013107.839 DEBUG            PET3 ESMCI_CompTunnel.C:841 ESMCI::CompTunnel::dual2actual() dual2actual() socketBased (dual side)...
20220508 013107.839 DEBUG            PET3 ESMCI_CompTunnel.C:988 ESMCI::CompTunnel::actual2dual() actual2dual() socketBased (dual side)...
20220508 013107.878 DEBUG            PET3 ESMCI_CompTunnel.C:841 ESMCI::CompTunnel::dual2actual() dual2actual() socketBased (dual side)...
20220508 013107.878 DEBUG            PET3 ESMCI_CompTunnel.C:841 ESMCI::CompTunnel::dual2actual() dual2actual() socketBased (dual side)...
20220508 013107.878 DEBUG            PET3 ESMCI_CompTunnel.C:988 ESMCI::CompTunnel::actual2dual() actual2dual() socketBased (dual side)...
20220508 013107.918 DEBUG            PET3 ESMCI_CompTunnel.C:841 ESMCI::CompTunnel::dual2actual() dual2actual() socketBased (dual side)...
20220508 013107.918 DEBUG            PET3 ESMCI_CompTunnel.C:841 ESMCI::CompTunnel::dual2actual() dual2actual() socketBased (dual side)...
20220508 013107.918 DEBUG            PET3 ESMCI_CompTunnel.C:988 ESMCI::CompTunnel::actual2dual() actual2dual() socketBased (dual side)...
20220508 013107.958 DEBUG            PET3 ESMCI_CompTunnel.C:841 ESMCI::CompTunnel::dual2actual() dual2actual() socketBased (dual side)...
20220508 013107.958 DEBUG            PET3 ESMCI_CompTunnel.C:841 ESMCI::CompTunnel::dual2actual() dual2actual() socketBased (dual side)...
20220508 013107.958 DEBUG            PET3 ESMCI_CompTunnel.C:988 ESMCI::CompTunnel::actual2dual() actual2dual() socketBased (dual side)...
20220508 013107.998 DEBUG            PET3 ESMCI_CompTunnel.C:841 ESMCI::CompTunnel::dual2actual() dual2actual() socketBased (dual side)...
20220508 013107.998 DEBUG            PET3 ESMCI_CompTunnel.C:841 ESMCI::CompTunnel::dual2actual() dual2actual() socketBased (dual side)...
20220508 013107.998 DEBUG            PET3 ESMCI_CompTunnel.C:988 ESMCI::CompTunnel::actual2dual() actual2dual() socketBased (dual side)...
20220508 013108.038 DEBUG            PET3 ESMCI_CompTunnel.C:841 ESMCI::CompTunnel::dual2actual() dual2actual() socketBased (dual side)...
20220508 013108.038 DEBUG            PET3 ESMCI_CompTunnel.C:841 ESMCI::CompTunnel::dual2actual() dual2actual() socketBased (dual side)...
20220508 013108.038 DEBUG            PET3 ESMCI_CompTunnel.C:988 ESMCI::CompTunnel::actual2dual() actual2dual() socketBased (dual side)...
20220508 013108.078 DEBUG            PET3 ESMCI_CompTunnel.C:841 ESMCI::CompTunnel::dual2actual() dual2actual() socketBased (dual side)...
20220508 013108.078 DEBUG            PET3 ESMCI_CompTunnel.C:841 ESMCI::CompTunnel::dual2actual() dual2actual() socketBased (dual side)...
20220508 013108.078 DEBUG            PET3 ESMCI_CompTunnel.C:988 ESMCI::CompTunnel::actual2dual() actual2dual() socketBased (dual side)...
20220508 013108.118 INFO             PET3  NUMBER_OF_PROCESSORS           6
20220508 013108.118 INFO             PET3  PASS  Example ESMF_CompTunnelEx, ESMF_CompTunnelEx.F90, line 549
20220508 013108.118 INFO             PET3 Finalizing ESMF
20220508 013105.834 INFO             PET4 !!!!!!!!!!!!!!!!!!!!!!!!!!!!!!!!!!!!!!!!!!!!!!!!!!!!!!
20220508 013105.834 INFO             PET4 !!! THE ESMF_LOG IS SET TO OUTPUT ALL LOG MESSAGES !!!
20220508 013105.834 INFO             PET4 !!!     THIS MAY CAUSE SLOWDOWN IN PERFORMANCE     !!!
20220508 013105.834 INFO             PET4 !!! FOR PRODUCTION RUNS, USE:                      !!!
20220508 013105.834 INFO             PET4 !!!                   ESMF_LOGKIND_Multi_On_Error  !!!
20220508 013105.834 INFO             PET4 !!!!!!!!!!!!!!!!!!!!!!!!!!!!!!!!!!!!!!!!!!!!!!!!!!!!!!
20220508 013105.834 INFO             PET4 Running with ESMF Version   : v8.3.0b14-2-gde129fc120
20220508 013105.834 INFO             PET4 ESMF library build date/time: "May  8 2022" "01:04:47"
20220508 013105.834 INFO             PET4 ESMF library build location : /gpfsm/dnb04/projects/p98/mpotts/esmf/gfortran_8.3.0_intelmpi_O_develop
20220508 013105.834 INFO             PET4 ESMF_COMM                   : intelmpi
20220508 013105.834 INFO             PET4 ESMF_MOAB                   : enabled
20220508 013105.834 INFO             PET4 ESMF_LAPACK                 : enabled
20220508 013105.834 INFO             PET4 ESMF_NETCDF                 : disabled
20220508 013105.834 INFO             PET4 ESMF_PNETCDF                : disabled
20220508 013105.834 INFO             PET4 ESMF_PIO                    : disabled
20220508 013105.834 INFO             PET4 ESMF_YAMLCPP                : enabled
20220508 013105.836 DEBUG            PET4 ESMCI_CompTunnel.C:1063 ESMCI::ServiceLoop() ServiceLoop: entering with port argument: 61011 and timeout: 2
20220508 013107.836 ERROR            PET4 ESMCI_CompTunnel.C:1099 ESMCI::ServiceLoop() Timeout reached  - Internal subroutine call returned Error
20220508 013107.836 DEBUG            PET4 ESMCI_CompTunnel.C:483 ESMCI::CompTunnel::negotiate() negotiate socketBased dual: port=61010, timeout=10
20220508 013107.839 DEBUG            PET4 ESMCI_CompTunnel.C:577 ESMCI::CompTunnel::negotiate() finished socketBased negotiate() on dual component side
20220508 013107.839 DEBUG            PET4 ESMCI_CompTunnel.C:841 ESMCI::CompTunnel::dual2actual() dual2actual() socketBased (dual side)...
20220508 013107.839 DEBUG            PET4 ESMCI_CompTunnel.C:841 ESMCI::CompTunnel::dual2actual() dual2actual() socketBased (dual side)...
20220508 013107.839 DEBUG            PET4 ESMCI_CompTunnel.C:988 ESMCI::CompTunnel::actual2dual() actual2dual() socketBased (dual side)...
20220508 013107.878 DEBUG            PET4 ESMCI_CompTunnel.C:841 ESMCI::CompTunnel::dual2actual() dual2actual() socketBased (dual side)...
20220508 013107.878 DEBUG            PET4 ESMCI_CompTunnel.C:841 ESMCI::CompTunnel::dual2actual() dual2actual() socketBased (dual side)...
20220508 013107.878 DEBUG            PET4 ESMCI_CompTunnel.C:988 ESMCI::CompTunnel::actual2dual() actual2dual() socketBased (dual side)...
20220508 013107.918 DEBUG            PET4 ESMCI_CompTunnel.C:841 ESMCI::CompTunnel::dual2actual() dual2actual() socketBased (dual side)...
20220508 013107.918 DEBUG            PET4 ESMCI_CompTunnel.C:841 ESMCI::CompTunnel::dual2actual() dual2actual() socketBased (dual side)...
20220508 013107.918 DEBUG            PET4 ESMCI_CompTunnel.C:988 ESMCI::CompTunnel::actual2dual() actual2dual() socketBased (dual side)...
20220508 013107.958 DEBUG            PET4 ESMCI_CompTunnel.C:841 ESMCI::CompTunnel::dual2actual() dual2actual() socketBased (dual side)...
20220508 013107.958 DEBUG            PET4 ESMCI_CompTunnel.C:841 ESMCI::CompTunnel::dual2actual() dual2actual() socketBased (dual side)...
20220508 013107.958 DEBUG            PET4 ESMCI_CompTunnel.C:988 ESMCI::CompTunnel::actual2dual() actual2dual() socketBased (dual side)...
20220508 013107.998 DEBUG            PET4 ESMCI_CompTunnel.C:841 ESMCI::CompTunnel::dual2actual() dual2actual() socketBased (dual side)...
20220508 013107.998 DEBUG            PET4 ESMCI_CompTunnel.C:841 ESMCI::CompTunnel::dual2actual() dual2actual() socketBased (dual side)...
20220508 013107.998 DEBUG            PET4 ESMCI_CompTunnel.C:988 ESMCI::CompTunnel::actual2dual() actual2dual() socketBased (dual side)...
20220508 013108.038 DEBUG            PET4 ESMCI_CompTunnel.C:841 ESMCI::CompTunnel::dual2actual() dual2actual() socketBased (dual side)...
20220508 013108.038 DEBUG            PET4 ESMCI_CompTunnel.C:841 ESMCI::CompTunnel::dual2actual() dual2actual() socketBased (dual side)...
20220508 013108.038 DEBUG            PET4 ESMCI_CompTunnel.C:988 ESMCI::CompTunnel::actual2dual() actual2dual() socketBased (dual side)...
20220508 013108.078 DEBUG            PET4 ESMCI_CompTunnel.C:841 ESMCI::CompTunnel::dual2actual() dual2actual() socketBased (dual side)...
20220508 013108.078 DEBUG            PET4 ESMCI_CompTunnel.C:841 ESMCI::CompTunnel::dual2actual() dual2actual() socketBased (dual side)...
20220508 013108.078 DEBUG            PET4 ESMCI_CompTunnel.C:988 ESMCI::CompTunnel::actual2dual() actual2dual() socketBased (dual side)...
20220508 013108.118 INFO             PET4  NUMBER_OF_PROCESSORS           6
20220508 013108.118 INFO             PET4  PASS  Example ESMF_CompTunnelEx, ESMF_CompTunnelEx.F90, line 549
20220508 013108.118 INFO             PET4 Finalizing ESMF
20220508 013105.834 INFO             PET5 !!!!!!!!!!!!!!!!!!!!!!!!!!!!!!!!!!!!!!!!!!!!!!!!!!!!!!
20220508 013105.835 INFO             PET5 !!! THE ESMF_LOG IS SET TO OUTPUT ALL LOG MESSAGES !!!
20220508 013105.835 INFO             PET5 !!!     THIS MAY CAUSE SLOWDOWN IN PERFORMANCE     !!!
20220508 013105.835 INFO             PET5 !!! FOR PRODUCTION RUNS, USE:                      !!!
20220508 013105.835 INFO             PET5 !!!                   ESMF_LOGKIND_Multi_On_Error  !!!
20220508 013105.835 INFO             PET5 !!!!!!!!!!!!!!!!!!!!!!!!!!!!!!!!!!!!!!!!!!!!!!!!!!!!!!
20220508 013105.835 INFO             PET5 Running with ESMF Version   : v8.3.0b14-2-gde129fc120
20220508 013105.835 INFO             PET5 ESMF library build date/time: "May  8 2022" "01:04:47"
20220508 013105.835 INFO             PET5 ESMF library build location : /gpfsm/dnb04/projects/p98/mpotts/esmf/gfortran_8.3.0_intelmpi_O_develop
20220508 013105.835 INFO             PET5 ESMF_COMM                   : intelmpi
20220508 013105.835 INFO             PET5 ESMF_MOAB                   : enabled
20220508 013105.835 INFO             PET5 ESMF_LAPACK                 : enabled
20220508 013105.835 INFO             PET5 ESMF_NETCDF                 : disabled
20220508 013105.835 INFO             PET5 ESMF_PNETCDF                : disabled
20220508 013105.835 INFO             PET5 ESMF_PIO                    : disabled
20220508 013105.835 INFO             PET5 ESMF_YAMLCPP                : enabled
20220508 013105.836 DEBUG            PET5 ESMCI_CompTunnel.C:1063 ESMCI::ServiceLoop() ServiceLoop: entering with port argument: 61011 and timeout: 2
20220508 013107.836 ERROR            PET5 ESMCI_CompTunnel.C:1099 ESMCI::ServiceLoop() Timeout reached  - Internal subroutine call returned Error
20220508 013107.839 DEBUG            PET5 ESMCI_CompTunnel.C:577 ESMCI::CompTunnel::negotiate() finished socketBased negotiate() on dual component side
20220508 013107.839 DEBUG            PET5 ESMCI_CompTunnel.C:841 ESMCI::CompTunnel::dual2actual() dual2actual() socketBased (dual side)...
20220508 013107.839 DEBUG            PET5 ESMCI_CompTunnel.C:841 ESMCI::CompTunnel::dual2actual() dual2actual() socketBased (dual side)...
20220508 013107.839 DEBUG            PET5 ESMCI_CompTunnel.C:988 ESMCI::CompTunnel::actual2dual() actual2dual() socketBased (dual side)...
20220508 013107.878 DEBUG            PET5 ESMCI_CompTunnel.C:841 ESMCI::CompTunnel::dual2actual() dual2actual() socketBased (dual side)...
20220508 013107.878 DEBUG            PET5 ESMCI_CompTunnel.C:841 ESMCI::CompTunnel::dual2actual() dual2actual() socketBased (dual side)...
20220508 013107.878 DEBUG            PET5 ESMCI_CompTunnel.C:988 ESMCI::CompTunnel::actual2dual() actual2dual() socketBased (dual side)...
20220508 013107.918 DEBUG            PET5 ESMCI_CompTunnel.C:841 ESMCI::CompTunnel::dual2actual() dual2actual() socketBased (dual side)...
20220508 013107.918 DEBUG            PET5 ESMCI_CompTunnel.C:841 ESMCI::CompTunnel::dual2actual() dual2actual() socketBased (dual side)...
20220508 013107.918 DEBUG            PET5 ESMCI_CompTunnel.C:988 ESMCI::CompTunnel::actual2dual() actual2dual() socketBased (dual side)...
20220508 013107.958 DEBUG            PET5 ESMCI_CompTunnel.C:841 ESMCI::CompTunnel::dual2actual() dual2actual() socketBased (dual side)...
20220508 013107.958 DEBUG            PET5 ESMCI_CompTunnel.C:841 ESMCI::CompTunnel::dual2actual() dual2actual() socketBased (dual side)...
20220508 013107.958 DEBUG            PET5 ESMCI_CompTunnel.C:988 ESMCI::CompTunnel::actual2dual() actual2dual() socketBased (dual side)...
20220508 013107.998 DEBUG            PET5 ESMCI_CompTunnel.C:841 ESMCI::CompTunnel::dual2actual() dual2actual() socketBased (dual side)...
20220508 013107.998 DEBUG            PET5 ESMCI_CompTunnel.C:841 ESMCI::CompTunnel::dual2actual() dual2actual() socketBased (dual side)...
20220508 013107.998 DEBUG            PET5 ESMCI_CompTunnel.C:988 ESMCI::CompTunnel::actual2dual() actual2dual() socketBased (dual side)...
20220508 013108.038 DEBUG            PET5 ESMCI_CompTunnel.C:841 ESMCI::CompTunnel::dual2actual() dual2actual() socketBased (dual side)...
20220508 013108.038 DEBUG            PET5 ESMCI_CompTunnel.C:841 ESMCI::CompTunnel::dual2actual() dual2actual() socketBased (dual side)...
20220508 013108.038 DEBUG            PET5 ESMCI_CompTunnel.C:988 ESMCI::CompTunnel::actual2dual() actual2dual() socketBased (dual side)...
20220508 013108.078 DEBUG            PET5 ESMCI_CompTunnel.C:841 ESMCI::CompTunnel::dual2actual() dual2actual() socketBased (dual side)...
20220508 013108.078 DEBUG            PET5 ESMCI_CompTunnel.C:841 ESMCI::CompTunnel::dual2actual() dual2actual() socketBased (dual side)...
20220508 013108.078 DEBUG            PET5 ESMCI_CompTunnel.C:988 ESMCI::CompTunnel::actual2dual() actual2dual() socketBased (dual side)...
20220508 013108.118 INFO             PET5  NUMBER_OF_PROCESSORS           6
20220508 013108.118 INFO             PET5  PASS  Example ESMF_CompTunnelEx, ESMF_CompTunnelEx.F90, line 549
20220508 013108.118 INFO             PET5 Finalizing ESMF
