build time -- 2022-04-11 01:13:30.978236
20220411 014004.310 INFO             PET0 !!!!!!!!!!!!!!!!!!!!!!!!!!!!!!!!!!!!!!!!!!!!!!!!!!!!!!
20220411 014004.311 INFO             PET0 !!! THE ESMF_LOG IS SET TO OUTPUT ALL LOG MESSAGES !!!
20220411 014004.311 INFO             PET0 !!!     THIS MAY CAUSE SLOWDOWN IN PERFORMANCE     !!!
20220411 014004.311 INFO             PET0 !!! FOR PRODUCTION RUNS, USE:                      !!!
20220411 014004.311 INFO             PET0 !!!                   ESMF_LOGKIND_Multi_On_Error  !!!
20220411 014004.311 INFO             PET0 !!!!!!!!!!!!!!!!!!!!!!!!!!!!!!!!!!!!!!!!!!!!!!!!!!!!!!
20220411 014004.311 INFO             PET0 Running with ESMF Version   : v8.3.0b12-1-g7c85d54760
20220411 014004.311 INFO             PET0 ESMF library build date/time: "Apr 11 2022" "01:12:12"
20220411 014004.311 INFO             PET0 ESMF library build location : /gpfsm/dnb04/projects/p98/mpotts/esmf/gfortran_8.3.0_intelmpi_O_develop
20220411 014004.311 INFO             PET0 ESMF_COMM                   : intelmpi
20220411 014004.311 INFO             PET0 ESMF_MOAB                   : enabled
20220411 014004.311 INFO             PET0 ESMF_LAPACK                 : enabled
20220411 014004.311 INFO             PET0 ESMF_NETCDF                 : disabled
20220411 014004.311 INFO             PET0 ESMF_PNETCDF                : disabled
20220411 014004.311 INFO             PET0 ESMF_PIO                    : disabled
20220411 014004.311 INFO             PET0 ESMF_YAMLCPP                : enabled
20220411 014004.345 DEBUG            PET0 about to destroy Grid: 0x8f8490
20220411 014004.348 DEBUG            PET0 about to destroy Grid: 0x8f9dc0
20220411 014004.357 INFO             PET0  NUMBER_OF_PROCESSORS           4
20220411 014004.357 INFO             PET0  PASS  Example ESMF_NUOPCAtmModelEx, ESMF_NUOPCAtmModelEx.F90, line 806
20220411 014004.357 INFO             PET0 Finalizing ESMF
20220411 014004.310 INFO             PET1 !!!!!!!!!!!!!!!!!!!!!!!!!!!!!!!!!!!!!!!!!!!!!!!!!!!!!!
20220411 014004.310 INFO             PET1 !!! THE ESMF_LOG IS SET TO OUTPUT ALL LOG MESSAGES !!!
20220411 014004.310 INFO             PET1 !!!     THIS MAY CAUSE SLOWDOWN IN PERFORMANCE     !!!
20220411 014004.310 INFO             PET1 !!! FOR PRODUCTION RUNS, USE:                      !!!
20220411 014004.310 INFO             PET1 !!!                   ESMF_LOGKIND_Multi_On_Error  !!!
20220411 014004.310 INFO             PET1 !!!!!!!!!!!!!!!!!!!!!!!!!!!!!!!!!!!!!!!!!!!!!!!!!!!!!!
20220411 014004.310 INFO             PET1 Running with ESMF Version   : v8.3.0b12-1-g7c85d54760
20220411 014004.310 INFO             PET1 ESMF library build date/time: "Apr 11 2022" "01:12:12"
20220411 014004.310 INFO             PET1 ESMF library build location : /gpfsm/dnb04/projects/p98/mpotts/esmf/gfortran_8.3.0_intelmpi_O_develop
20220411 014004.310 INFO             PET1 ESMF_COMM                   : intelmpi
20220411 014004.311 INFO             PET1 ESMF_MOAB                   : enabled
20220411 014004.311 INFO             PET1 ESMF_LAPACK                 : enabled
20220411 014004.311 INFO             PET1 ESMF_NETCDF                 : disabled
20220411 014004.311 INFO             PET1 ESMF_PNETCDF                : disabled
20220411 014004.311 INFO             PET1 ESMF_PIO                    : disabled
20220411 014004.311 INFO             PET1 ESMF_YAMLCPP                : enabled
20220411 014004.345 DEBUG            PET1 about to destroy Grid: 0x8f91a0
20220411 014004.348 DEBUG            PET1 about to destroy Grid: 0x8fa0f0
20220411 014004.358 INFO             PET1  NUMBER_OF_PROCESSORS           4
20220411 014004.358 INFO             PET1  PASS  Example ESMF_NUOPCAtmModelEx, ESMF_NUOPCAtmModelEx.F90, line 806
20220411 014004.358 INFO             PET1 Finalizing ESMF
20220411 014004.311 INFO             PET2 !!!!!!!!!!!!!!!!!!!!!!!!!!!!!!!!!!!!!!!!!!!!!!!!!!!!!!
20220411 014004.311 INFO             PET2 !!! THE ESMF_LOG IS SET TO OUTPUT ALL LOG MESSAGES !!!
20220411 014004.311 INFO             PET2 !!!     THIS MAY CAUSE SLOWDOWN IN PERFORMANCE     !!!
20220411 014004.311 INFO             PET2 !!! FOR PRODUCTION RUNS, USE:                      !!!
20220411 014004.311 INFO             PET2 !!!                   ESMF_LOGKIND_Multi_On_Error  !!!
20220411 014004.311 INFO             PET2 !!!!!!!!!!!!!!!!!!!!!!!!!!!!!!!!!!!!!!!!!!!!!!!!!!!!!!
20220411 014004.311 INFO             PET2 Running with ESMF Version   : v8.3.0b12-1-g7c85d54760
20220411 014004.311 INFO             PET2 ESMF library build date/time: "Apr 11 2022" "01:12:12"
20220411 014004.311 INFO             PET2 ESMF library build location : /gpfsm/dnb04/projects/p98/mpotts/esmf/gfortran_8.3.0_intelmpi_O_develop
20220411 014004.311 INFO             PET2 ESMF_COMM                   : intelmpi
20220411 014004.311 INFO             PET2 ESMF_MOAB                   : enabled
20220411 014004.311 INFO             PET2 ESMF_LAPACK                 : enabled
20220411 014004.311 INFO             PET2 ESMF_NETCDF                 : disabled
20220411 014004.311 INFO             PET2 ESMF_PNETCDF                : disabled
20220411 014004.311 INFO             PET2 ESMF_PIO                    : disabled
20220411 014004.311 INFO             PET2 ESMF_YAMLCPP                : enabled
20220411 014004.345 DEBUG            PET2 about to destroy Grid: 0x8f8610
20220411 014004.348 DEBUG            PET2 about to destroy Grid: 0x8f9690
20220411 014004.358 INFO             PET2  NUMBER_OF_PROCESSORS           4
20220411 014004.358 INFO             PET2  PASS  Example ESMF_NUOPCAtmModelEx, ESMF_NUOPCAtmModelEx.F90, line 806
20220411 014004.358 INFO             PET2 Finalizing ESMF
20220411 014004.311 INFO             PET3 !!!!!!!!!!!!!!!!!!!!!!!!!!!!!!!!!!!!!!!!!!!!!!!!!!!!!!
20220411 014004.311 INFO             PET3 !!! THE ESMF_LOG IS SET TO OUTPUT ALL LOG MESSAGES !!!
20220411 014004.311 INFO             PET3 !!!     THIS MAY CAUSE SLOWDOWN IN PERFORMANCE     !!!
20220411 014004.311 INFO             PET3 !!! FOR PRODUCTION RUNS, USE:                      !!!
20220411 014004.311 INFO             PET3 !!!                   ESMF_LOGKIND_Multi_On_Error  !!!
20220411 014004.311 INFO             PET3 !!!!!!!!!!!!!!!!!!!!!!!!!!!!!!!!!!!!!!!!!!!!!!!!!!!!!!
20220411 014004.311 INFO             PET3 Running with ESMF Version   : v8.3.0b12-1-g7c85d54760
20220411 014004.311 INFO             PET3 ESMF library build date/time: "Apr 11 2022" "01:12:12"
20220411 014004.311 INFO             PET3 ESMF library build location : /gpfsm/dnb04/projects/p98/mpotts/esmf/gfortran_8.3.0_intelmpi_O_develop
20220411 014004.311 INFO             PET3 ESMF_COMM                   : intelmpi
20220411 014004.311 INFO             PET3 ESMF_MOAB                   : enabled
20220411 014004.311 INFO             PET3 ESMF_LAPACK                 : enabled
20220411 014004.311 INFO             PET3 ESMF_NETCDF                 : disabled
20220411 014004.311 INFO             PET3 ESMF_PNETCDF                : disabled
20220411 014004.311 INFO             PET3 ESMF_PIO                    : disabled
20220411 014004.311 INFO             PET3 ESMF_YAMLCPP                : enabled
20220411 014004.345 DEBUG            PET3 about to destroy Grid: 0x8f88d0
20220411 014004.348 DEBUG            PET3 about to destroy Grid: 0x8f9820
20220411 014004.357 INFO             PET3  NUMBER_OF_PROCESSORS           4
20220411 014004.357 INFO             PET3  PASS  Example ESMF_NUOPCAtmModelEx, ESMF_NUOPCAtmModelEx.F90, line 806
20220411 014004.357 INFO             PET3 Finalizing ESMF
