build time -- 2022-05-23 05:57:50
20220523 061926.957 INFO             PET0 !!!!!!!!!!!!!!!!!!!!!!!!!!!!!!!!!!!!!!!!!!!!!!!!!!!!!!
20220523 061926.958 INFO             PET0 !!! THE ESMF_LOG IS SET TO OUTPUT ALL LOG MESSAGES !!!
20220523 061926.958 INFO             PET0 !!!     THIS MAY CAUSE SLOWDOWN IN PERFORMANCE     !!!
20220523 061926.958 INFO             PET0 !!! FOR PRODUCTION RUNS, USE:                      !!!
20220523 061926.958 INFO             PET0 !!!                   ESMF_LOGKIND_Multi_On_Error  !!!
20220523 061926.958 INFO             PET0 !!!!!!!!!!!!!!!!!!!!!!!!!!!!!!!!!!!!!!!!!!!!!!!!!!!!!!
20220523 061926.958 INFO             PET0 Running with ESMF Version   : v8.3.0b16-3-gc2b47388e1
20220523 061926.958 INFO             PET0 ESMF library build date/time: "May 23 2022" "05:56:47"
20220523 061926.958 INFO             PET0 ESMF library build location : /scratch1/NCEPDEV/stmp2/role.esmfmaint/gfortran_9.2.0b_openmpi_O_release_8.3.0
20220523 061926.958 INFO             PET0 ESMF_COMM                   : openmpi
20220523 061926.959 INFO             PET0 ESMF_MOAB                   : enabled
20220523 061926.959 INFO             PET0 ESMF_LAPACK                 : enabled
20220523 061926.959 INFO             PET0 ESMF_NETCDF                 : disabled
20220523 061926.959 INFO             PET0 ESMF_PNETCDF                : disabled
20220523 061926.959 INFO             PET0 ESMF_PIO                    : disabled
20220523 061926.959 INFO             PET0 ESMF_YAMLCPP                : enabled
20220523 061926.961 INFO             PET0  NUMBER_OF_PROCESSORS           1
20220523 061926.961 INFO             PET0  PASS  Example ESMF_XGridSparseMatEx, ESMF_XGridSparseMatEx.F90, line 642
20220523 061926.961 INFO             PET0 Finalizing ESMF
