build time -- 2022-05-29 05:57:22
20220529 061908.949 INFO             PET0 !!!!!!!!!!!!!!!!!!!!!!!!!!!!!!!!!!!!!!!!!!!!!!!!!!!!!!
20220529 061908.949 INFO             PET0 !!! THE ESMF_LOG IS SET TO OUTPUT ALL LOG MESSAGES !!!
20220529 061908.949 INFO             PET0 !!!     THIS MAY CAUSE SLOWDOWN IN PERFORMANCE     !!!
20220529 061908.949 INFO             PET0 !!! FOR PRODUCTION RUNS, USE:                      !!!
20220529 061908.949 INFO             PET0 !!!                   ESMF_LOGKIND_Multi_On_Error  !!!
20220529 061908.949 INFO             PET0 !!!!!!!!!!!!!!!!!!!!!!!!!!!!!!!!!!!!!!!!!!!!!!!!!!!!!!
20220529 061908.949 INFO             PET0 Running with ESMF Version   : v8.3.0b16-3-gc2b47388e1
20220529 061908.949 INFO             PET0 ESMF library build date/time: "May 29 2022" "05:56:20"
20220529 061908.949 INFO             PET0 ESMF library build location : /scratch1/NCEPDEV/stmp2/role.esmfmaint/gfortran_9.2.0b_openmpi_O_release_8.3.0
20220529 061908.949 INFO             PET0 ESMF_COMM                   : openmpi
20220529 061908.949 INFO             PET0 ESMF_MOAB                   : enabled
20220529 061908.949 INFO             PET0 ESMF_LAPACK                 : enabled
20220529 061908.949 INFO             PET0 ESMF_NETCDF                 : disabled
20220529 061908.949 INFO             PET0 ESMF_PNETCDF                : disabled
20220529 061908.949 INFO             PET0 ESMF_PIO                    : disabled
20220529 061908.949 INFO             PET0 ESMF_YAMLCPP                : enabled
20220529 061908.983 DEBUG            PET0 about to destroy Grid: 0x25516b0
20220529 061908.986 DEBUG            PET0 about to destroy Grid: 0x2552a20
20220529 061908.996 INFO             PET0  NUMBER_OF_PROCESSORS           4
20220529 061908.996 INFO             PET0  PASS  Example ESMF_NUOPCAtmModelEx, ESMF_NUOPCAtmModelEx.F90, line 806
20220529 061908.996 INFO             PET0 Finalizing ESMF
20220529 061908.950 INFO             PET1 !!!!!!!!!!!!!!!!!!!!!!!!!!!!!!!!!!!!!!!!!!!!!!!!!!!!!!
20220529 061908.950 INFO             PET1 !!! THE ESMF_LOG IS SET TO OUTPUT ALL LOG MESSAGES !!!
20220529 061908.950 INFO             PET1 !!!     THIS MAY CAUSE SLOWDOWN IN PERFORMANCE     !!!
20220529 061908.950 INFO             PET1 !!! FOR PRODUCTION RUNS, USE:                      !!!
20220529 061908.950 INFO             PET1 !!!                   ESMF_LOGKIND_Multi_On_Error  !!!
20220529 061908.950 INFO             PET1 !!!!!!!!!!!!!!!!!!!!!!!!!!!!!!!!!!!!!!!!!!!!!!!!!!!!!!
20220529 061908.950 INFO             PET1 Running with ESMF Version   : v8.3.0b16-3-gc2b47388e1
20220529 061908.950 INFO             PET1 ESMF library build date/time: "May 29 2022" "05:56:20"
20220529 061908.950 INFO             PET1 ESMF library build location : /scratch1/NCEPDEV/stmp2/role.esmfmaint/gfortran_9.2.0b_openmpi_O_release_8.3.0
20220529 061908.950 INFO             PET1 ESMF_COMM                   : openmpi
20220529 061908.951 INFO             PET1 ESMF_MOAB                   : enabled
20220529 061908.951 INFO             PET1 ESMF_LAPACK                 : enabled
20220529 061908.951 INFO             PET1 ESMF_NETCDF                 : disabled
20220529 061908.951 INFO             PET1 ESMF_PNETCDF                : disabled
20220529 061908.951 INFO             PET1 ESMF_PIO                    : disabled
20220529 061908.951 INFO             PET1 ESMF_YAMLCPP                : enabled
20220529 061908.983 DEBUG            PET1 about to destroy Grid: 0x135abc0
20220529 061908.986 DEBUG            PET1 about to destroy Grid: 0x135c150
20220529 061908.996 INFO             PET1  NUMBER_OF_PROCESSORS           4
20220529 061908.996 INFO             PET1  PASS  Example ESMF_NUOPCAtmModelEx, ESMF_NUOPCAtmModelEx.F90, line 806
20220529 061908.996 INFO             PET1 Finalizing ESMF
20220529 061908.949 INFO             PET2 !!!!!!!!!!!!!!!!!!!!!!!!!!!!!!!!!!!!!!!!!!!!!!!!!!!!!!
20220529 061908.949 INFO             PET2 !!! THE ESMF_LOG IS SET TO OUTPUT ALL LOG MESSAGES !!!
20220529 061908.949 INFO             PET2 !!!     THIS MAY CAUSE SLOWDOWN IN PERFORMANCE     !!!
20220529 061908.949 INFO             PET2 !!! FOR PRODUCTION RUNS, USE:                      !!!
20220529 061908.949 INFO             PET2 !!!                   ESMF_LOGKIND_Multi_On_Error  !!!
20220529 061908.949 INFO             PET2 !!!!!!!!!!!!!!!!!!!!!!!!!!!!!!!!!!!!!!!!!!!!!!!!!!!!!!
20220529 061908.949 INFO             PET2 Running with ESMF Version   : v8.3.0b16-3-gc2b47388e1
20220529 061908.949 INFO             PET2 ESMF library build date/time: "May 29 2022" "05:56:20"
20220529 061908.949 INFO             PET2 ESMF library build location : /scratch1/NCEPDEV/stmp2/role.esmfmaint/gfortran_9.2.0b_openmpi_O_release_8.3.0
20220529 061908.949 INFO             PET2 ESMF_COMM                   : openmpi
20220529 061908.949 INFO             PET2 ESMF_MOAB                   : enabled
20220529 061908.949 INFO             PET2 ESMF_LAPACK                 : enabled
20220529 061908.949 INFO             PET2 ESMF_NETCDF                 : disabled
20220529 061908.949 INFO             PET2 ESMF_PNETCDF                : disabled
20220529 061908.949 INFO             PET2 ESMF_PIO                    : disabled
20220529 061908.949 INFO             PET2 ESMF_YAMLCPP                : enabled
20220529 061908.983 DEBUG            PET2 about to destroy Grid: 0x1aaa190
20220529 061908.986 DEBUG            PET2 about to destroy Grid: 0x1aab100
20220529 061908.996 INFO             PET2  NUMBER_OF_PROCESSORS           4
20220529 061908.996 INFO             PET2  PASS  Example ESMF_NUOPCAtmModelEx, ESMF_NUOPCAtmModelEx.F90, line 806
20220529 061908.996 INFO             PET2 Finalizing ESMF
20220529 061908.950 INFO             PET3 !!!!!!!!!!!!!!!!!!!!!!!!!!!!!!!!!!!!!!!!!!!!!!!!!!!!!!
20220529 061908.950 INFO             PET3 !!! THE ESMF_LOG IS SET TO OUTPUT ALL LOG MESSAGES !!!
20220529 061908.950 INFO             PET3 !!!     THIS MAY CAUSE SLOWDOWN IN PERFORMANCE     !!!
20220529 061908.950 INFO             PET3 !!! FOR PRODUCTION RUNS, USE:                      !!!
20220529 061908.950 INFO             PET3 !!!                   ESMF_LOGKIND_Multi_On_Error  !!!
20220529 061908.950 INFO             PET3 !!!!!!!!!!!!!!!!!!!!!!!!!!!!!!!!!!!!!!!!!!!!!!!!!!!!!!
20220529 061908.950 INFO             PET3 Running with ESMF Version   : v8.3.0b16-3-gc2b47388e1
20220529 061908.950 INFO             PET3 ESMF library build date/time: "May 29 2022" "05:56:20"
20220529 061908.950 INFO             PET3 ESMF library build location : /scratch1/NCEPDEV/stmp2/role.esmfmaint/gfortran_9.2.0b_openmpi_O_release_8.3.0
20220529 061908.950 INFO             PET3 ESMF_COMM                   : openmpi
20220529 061908.951 INFO             PET3 ESMF_MOAB                   : enabled
20220529 061908.951 INFO             PET3 ESMF_LAPACK                 : enabled
20220529 061908.951 INFO             PET3 ESMF_NETCDF                 : disabled
20220529 061908.951 INFO             PET3 ESMF_PNETCDF                : disabled
20220529 061908.951 INFO             PET3 ESMF_PIO                    : disabled
20220529 061908.951 INFO             PET3 ESMF_YAMLCPP                : enabled
20220529 061908.983 DEBUG            PET3 about to destroy Grid: 0x20f8650
20220529 061908.986 DEBUG            PET3 about to destroy Grid: 0x20f9560
20220529 061908.996 INFO             PET3  NUMBER_OF_PROCESSORS           4
20220529 061908.996 INFO             PET3  PASS  Example ESMF_NUOPCAtmModelEx, ESMF_NUOPCAtmModelEx.F90, line 806
20220529 061908.996 INFO             PET3 Finalizing ESMF
