build time -- 2022-05-31 05:57:00
[1653977833.589910] [h18c38:43457:0]         mxm.c:196  MXM  WARN  The 'ulimit -s' on the system is set to 'unlimited'. This may have negative performance implications. Please set the stack size to the default value (10240) 
[1653977833.594635] [h18c38:43457:0]         mxm.c:196  MXM  WARN  The 'ulimit -s' on the system is set to 'unlimited'. This may have negative performance implications. Please set the stack size to the default value (10240) 
Clock ----------------------------------
currTime = 
Time -----------------------------------
2003-04-01T02:24:00
end Time -------------------------------

end Clock ------------------------------

Clock ----------------------------------
currTime = 
Time -----------------------------------
2003-04-03T06:24:00
end Time -------------------------------

end Clock ------------------------------

Clock ----------------------------------
currTime = 
Time -----------------------------------
2003-04-05T10:24:00
end Time -------------------------------

end Clock ------------------------------

Clock ----------------------------------
currTime = 
Time -----------------------------------
2003-04-07T14:24:00
end Time -------------------------------

end Clock ------------------------------

Clock ----------------------------------
currTime = 
Time -----------------------------------
2003-04-09T18:24:00
end Time -------------------------------

end Clock ------------------------------

Clock ----------------------------------
currTime = 
Time -----------------------------------
2003-04-11T22:24:00
end Time -------------------------------

end Clock ------------------------------

 The clock's final current time is         2003 /           4 /          14             2 :          24 :           0
 The clock was advanced                     6  times.
Clock ----------------------------------
currTime = 
Time -----------------------------------
2003-04-14T02:24:00
end Time -------------------------------

end Clock ------------------------------

Clock ----------------------------------
currTime = 
Time -----------------------------------
2003-04-11T22:24:00
end Time -------------------------------

end Clock ------------------------------

Clock ----------------------------------
currTime = 
Time -----------------------------------
2003-04-09T18:24:00
end Time -------------------------------

end Clock ------------------------------

Clock ----------------------------------
currTime = 
Time -----------------------------------
2003-04-07T14:24:00
end Time -------------------------------

end Clock ------------------------------

Clock ----------------------------------
currTime = 
Time -----------------------------------
2003-04-05T10:24:00
end Time -------------------------------

end Clock ------------------------------

Clock ----------------------------------
currTime = 
Time -----------------------------------
2003-04-03T06:24:00
end Time -------------------------------

end Clock ------------------------------

  PASS  Example ESMF_ClockEx, ESMF_ClockEx.F90, line 220
 PASS: ESMF_ClockEx.F90
