build time -- 2022-05-15 01:31:30.712444
20220515 022806.327 INFO             PET0 !!!!!!!!!!!!!!!!!!!!!!!!!!!!!!!!!!!!!!!!!!!!!!!!!!!!!!
20220515 022806.331 INFO             PET0 !!! THE ESMF_LOG IS SET TO OUTPUT ALL LOG MESSAGES !!!
20220515 022806.331 INFO             PET0 !!!     THIS MAY CAUSE SLOWDOWN IN PERFORMANCE     !!!
20220515 022806.331 INFO             PET0 !!! FOR PRODUCTION RUNS, USE:                      !!!
20220515 022806.331 INFO             PET0 !!!                   ESMF_LOGKIND_Multi_On_Error  !!!
20220515 022806.331 INFO             PET0 !!!!!!!!!!!!!!!!!!!!!!!!!!!!!!!!!!!!!!!!!!!!!!!!!!!!!!
20220515 022806.331 INFO             PET0 Running with ESMF Version   : v8.3.0b14-2-gde129fc120
20220515 022806.331 INFO             PET0 ESMF library build date/time: "May 15 2022" "01:27:39"
20220515 022806.331 INFO             PET0 ESMF library build location : /gpfsm/dnb04/projects/p98/mpotts/esmf/pgi_20.4_mpiuni_O_develop
20220515 022806.331 INFO             PET0 ESMF_COMM                   : mpiuni
20220515 022806.332 INFO             PET0 ESMF_MOAB                   : enabled
20220515 022806.332 INFO             PET0 ESMF_LAPACK                 : enabled
20220515 022806.332 INFO             PET0 ESMF_NETCDF                 : disabled
20220515 022806.332 INFO             PET0 ESMF_PNETCDF                : disabled
20220515 022806.332 INFO             PET0 ESMF_PIO                    : disabled
20220515 022806.332 INFO             PET0 ESMF_YAMLCPP                : enabled
20220515 022806.333 INFO             PET0 Log Write 2
20220515 022806.333 ERROR            PET0 Invalid object  - Convergence failure
20220515 022806.333 ERROR            PET0 ESMCI_Fraction.C:1444 ESMCI::Fraction::validate() must have non-zero denominator.
20220515 022806.333 ERROR            PET0 ESMCI_Time.C:838 ESMCI::Time::syncToRealTime() Wrong argument specified  - ; calkindflag is JULIANDAY, MODJULIANDAY or NOCALENDAR.
20220515 022806.333 ERROR            PET0 ESMF_Time.F90:1485 ESMF_TimeSyncToRealTime() Wrong argument specified  - Internal subroutine call returned Error
20220515 022806.333 ERROR            PET0 Wrong argument specified  - getting wall clock time
20220515 022806.334 INFO             PET0  NUMBER_OF_PROCESSORS            1
20220515 022806.334 INFO             PET0  PASS  Example ESMF_LogErrEx, ESMF_LogErrEx.F90, line 186
20220515 022806.334 INFO             PET0 Finalizing ESMF
