build time -- 2022-03-31 01:54:57.675446
20220331 025831.015 INFO             PET0 !!!!!!!!!!!!!!!!!!!!!!!!!!!!!!!!!!!!!!!!!!!!!!!!!!!!!!
20220331 025831.015 INFO             PET0 !!! THE ESMF_LOG IS SET TO OUTPUT ALL LOG MESSAGES !!!
20220331 025831.015 INFO             PET0 !!!     THIS MAY CAUSE SLOWDOWN IN PERFORMANCE     !!!
20220331 025831.015 INFO             PET0 !!! FOR PRODUCTION RUNS, USE:                      !!!
20220331 025831.015 INFO             PET0 !!!                   ESMF_LOGKIND_Multi_On_Error  !!!
20220331 025831.015 INFO             PET0 !!!!!!!!!!!!!!!!!!!!!!!!!!!!!!!!!!!!!!!!!!!!!!!!!!!!!!
20220331 025831.015 INFO             PET0 Running with ESMF Version   : v8.3.0b12
20220331 025831.015 INFO             PET0 ESMF library build date/time: "Mar 31 2022" "01:48:02"
20220331 025831.015 INFO             PET0 ESMF library build location : /gpfsm/dnb04/projects/p98/mpotts/esmf/pgi_20.4_mpiuni_O_develop
20220331 025831.015 INFO             PET0 ESMF_COMM                   : mpiuni
20220331 025831.015 INFO             PET0 ESMF_MOAB                   : enabled
20220331 025831.015 INFO             PET0 ESMF_LAPACK                 : enabled
20220331 025831.015 INFO             PET0 ESMF_NETCDF                 : disabled
20220331 025831.015 INFO             PET0 ESMF_PNETCDF                : disabled
20220331 025831.015 INFO             PET0 ESMF_PIO                    : disabled
20220331 025831.015 INFO             PET0 ESMF_YAMLCPP                : enabled
20220331 025831.018 INFO             PET0  NUMBER_OF_PROCESSORS            1
20220331 025831.018 INFO             PET0  PASS  Example ESMF_XGridSparseMatEx, ESMF_XGridSparseMatEx.F90, line 642
20220331 025831.018 INFO             PET0 Finalizing ESMF
