build time -- 2022-04-08 01:38:31.101124
20220408 023724.106 INFO             PET0 !!!!!!!!!!!!!!!!!!!!!!!!!!!!!!!!!!!!!!!!!!!!!!!!!!!!!!
20220408 023724.106 INFO             PET0 !!! THE ESMF_LOG IS SET TO OUTPUT ALL LOG MESSAGES !!!
20220408 023724.106 INFO             PET0 !!!     THIS MAY CAUSE SLOWDOWN IN PERFORMANCE     !!!
20220408 023724.106 INFO             PET0 !!! FOR PRODUCTION RUNS, USE:                      !!!
20220408 023724.106 INFO             PET0 !!!                   ESMF_LOGKIND_Multi_On_Error  !!!
20220408 023724.106 INFO             PET0 !!!!!!!!!!!!!!!!!!!!!!!!!!!!!!!!!!!!!!!!!!!!!!!!!!!!!!
20220408 023724.106 INFO             PET0 Running with ESMF Version   : v8.3.0b12-1-g7c85d54760
20220408 023724.106 INFO             PET0 ESMF library build date/time: "Apr  8 2022" "01:34:03"
20220408 023724.106 INFO             PET0 ESMF library build location : /gpfsm/dnb04/projects/p98/mpotts/esmf/pgi_20.4_mpiuni_O_develop
20220408 023724.106 INFO             PET0 ESMF_COMM                   : mpiuni
20220408 023724.107 INFO             PET0 ESMF_MOAB                   : enabled
20220408 023724.107 INFO             PET0 ESMF_LAPACK                 : enabled
20220408 023724.107 INFO             PET0 ESMF_NETCDF                 : disabled
20220408 023724.107 INFO             PET0 ESMF_PNETCDF                : disabled
20220408 023724.107 INFO             PET0 ESMF_PIO                    : disabled
20220408 023724.107 INFO             PET0 ESMF_YAMLCPP                : enabled
20220408 023724.107 INFO             PET0  NUMBER_OF_PROCESSORS            1
20220408 023724.107 INFO             PET0  PASS  Example ESMF_VMUserMpiEx, ESMF_VMUserMpiEx.F90, line 96
20220408 023724.107 INFO             PET0 Finalizing ESMF
