build time -- 2022-05-29 01:39:12.020448
20220529 024054.443 INFO             PET0 !!!!!!!!!!!!!!!!!!!!!!!!!!!!!!!!!!!!!!!!!!!!!!!!!!!!!!
20220529 024054.443 INFO             PET0 !!! THE ESMF_LOG IS SET TO OUTPUT ALL LOG MESSAGES !!!
20220529 024054.443 INFO             PET0 !!!     THIS MAY CAUSE SLOWDOWN IN PERFORMANCE     !!!
20220529 024054.443 INFO             PET0 !!! FOR PRODUCTION RUNS, USE:                      !!!
20220529 024054.443 INFO             PET0 !!!                   ESMF_LOGKIND_Multi_On_Error  !!!
20220529 024054.443 INFO             PET0 !!!!!!!!!!!!!!!!!!!!!!!!!!!!!!!!!!!!!!!!!!!!!!!!!!!!!!
20220529 024054.443 INFO             PET0 Running with ESMF Version   : v8.3.0b16
20220529 024054.443 INFO             PET0 ESMF library build date/time: "May 29 2022" "01:34:54"
20220529 024054.443 INFO             PET0 ESMF library build location : /gpfsm/dnb04/projects/p98/mpotts/esmf/pgi_20.4_mpiuni_O_develop
20220529 024054.443 INFO             PET0 ESMF_COMM                   : mpiuni
20220529 024054.443 INFO             PET0 ESMF_MOAB                   : enabled
20220529 024054.444 INFO             PET0 ESMF_LAPACK                 : enabled
20220529 024054.444 INFO             PET0 ESMF_NETCDF                 : disabled
20220529 024054.444 INFO             PET0 ESMF_PNETCDF                : disabled
20220529 024054.444 INFO             PET0 ESMF_PIO                    : disabled
20220529 024054.444 INFO             PET0 ESMF_YAMLCPP                : enabled
20220529 024054.444 INFO             PET0  NUMBER_OF_PROCESSORS            1
20220529 024054.444 INFO             PET0  PASS  Example ESMF_AppMainEx, ESMF_AppMainEx.F90, line 486
20220529 024054.444 INFO             PET0 Finalizing ESMF
