build time -- 2022-05-05 01:35:24.907977
20220505 024117.110 INFO             PET0 !!!!!!!!!!!!!!!!!!!!!!!!!!!!!!!!!!!!!!!!!!!!!!!!!!!!!!
20220505 024117.110 INFO             PET0 !!! THE ESMF_LOG IS SET TO OUTPUT ALL LOG MESSAGES !!!
20220505 024117.110 INFO             PET0 !!!     THIS MAY CAUSE SLOWDOWN IN PERFORMANCE     !!!
20220505 024117.110 INFO             PET0 !!! FOR PRODUCTION RUNS, USE:                      !!!
20220505 024117.110 INFO             PET0 !!!                   ESMF_LOGKIND_Multi_On_Error  !!!
20220505 024117.110 INFO             PET0 !!!!!!!!!!!!!!!!!!!!!!!!!!!!!!!!!!!!!!!!!!!!!!!!!!!!!!
20220505 024117.110 INFO             PET0 Running with ESMF Version   : v8.3.0b13-17-g28d0d30e65
20220505 024117.110 INFO             PET0 ESMF library build date/time: "May  5 2022" "01:30:16"
20220505 024117.110 INFO             PET0 ESMF library build location : /gpfsm/dnb04/projects/p98/mpotts/esmf/pgi_20.4_mpiuni_O_develop
20220505 024117.110 INFO             PET0 ESMF_COMM                   : mpiuni
20220505 024117.110 INFO             PET0 ESMF_MOAB                   : enabled
20220505 024117.110 INFO             PET0 ESMF_LAPACK                 : enabled
20220505 024117.110 INFO             PET0 ESMF_NETCDF                 : disabled
20220505 024117.110 INFO             PET0 ESMF_PNETCDF                : disabled
20220505 024117.110 INFO             PET0 ESMF_PIO                    : disabled
20220505 024117.110 INFO             PET0 ESMF_YAMLCPP                : enabled
20220505 024117.111 INFO             PET0  NUMBER_OF_PROCESSORS            1
20220505 024117.111 INFO             PET0  PASS  Example ESMF_GCompEx, ESMF_GCompEx.F90, line 465
20220505 024117.111 INFO             PET0 Finalizing ESMF
