build time -- 2022-05-02 01:38:06.278867
20220502 024552.500 INFO             PET0 !!!!!!!!!!!!!!!!!!!!!!!!!!!!!!!!!!!!!!!!!!!!!!!!!!!!!!
20220502 024552.500 INFO             PET0 !!! THE ESMF_LOG IS SET TO OUTPUT ALL LOG MESSAGES !!!
20220502 024552.500 INFO             PET0 !!!     THIS MAY CAUSE SLOWDOWN IN PERFORMANCE     !!!
20220502 024552.500 INFO             PET0 !!! FOR PRODUCTION RUNS, USE:                      !!!
20220502 024552.500 INFO             PET0 !!!                   ESMF_LOGKIND_Multi_On_Error  !!!
20220502 024552.500 INFO             PET0 !!!!!!!!!!!!!!!!!!!!!!!!!!!!!!!!!!!!!!!!!!!!!!!!!!!!!!
20220502 024552.500 INFO             PET0 Running with ESMF Version   : v8.3.0b13-3-g648c7f896f
20220502 024552.500 INFO             PET0 ESMF library build date/time: "May  2 2022" "01:33:55"
20220502 024552.500 INFO             PET0 ESMF library build location : /gpfsm/dnb04/projects/p98/mpotts/esmf/pgi_20.4_mpiuni_O_develop
20220502 024552.500 INFO             PET0 ESMF_COMM                   : mpiuni
20220502 024552.500 INFO             PET0 ESMF_MOAB                   : enabled
20220502 024552.500 INFO             PET0 ESMF_LAPACK                 : enabled
20220502 024552.500 INFO             PET0 ESMF_NETCDF                 : disabled
20220502 024552.500 INFO             PET0 ESMF_PNETCDF                : disabled
20220502 024552.500 INFO             PET0 ESMF_PIO                    : disabled
20220502 024552.500 INFO             PET0 ESMF_YAMLCPP                : enabled
20220502 024552.501 INFO             PET0  NUMBER_OF_PROCESSORS            1
20220502 024552.501 INFO             PET0  PASS  Example ESMF_WebServicesEx, ESMF_WebServicesEx.F90, line 227
20220502 024552.501 INFO             PET0 Finalizing ESMF
