build time -- 2022-05-15 01:31:30.712444
20220515 022959.669 INFO             PET0 !!!!!!!!!!!!!!!!!!!!!!!!!!!!!!!!!!!!!!!!!!!!!!!!!!!!!!
20220515 022959.669 INFO             PET0 !!! THE ESMF_LOG IS SET TO OUTPUT ALL LOG MESSAGES !!!
20220515 022959.669 INFO             PET0 !!!     THIS MAY CAUSE SLOWDOWN IN PERFORMANCE     !!!
20220515 022959.669 INFO             PET0 !!! FOR PRODUCTION RUNS, USE:                      !!!
20220515 022959.669 INFO             PET0 !!!                   ESMF_LOGKIND_Multi_On_Error  !!!
20220515 022959.669 INFO             PET0 !!!!!!!!!!!!!!!!!!!!!!!!!!!!!!!!!!!!!!!!!!!!!!!!!!!!!!
20220515 022959.669 INFO             PET0 Running with ESMF Version   : v8.3.0b14-2-gde129fc120
20220515 022959.669 INFO             PET0 ESMF library build date/time: "May 15 2022" "01:27:39"
20220515 022959.669 INFO             PET0 ESMF library build location : /gpfsm/dnb04/projects/p98/mpotts/esmf/pgi_20.4_mpiuni_O_develop
20220515 022959.669 INFO             PET0 ESMF_COMM                   : mpiuni
20220515 022959.669 INFO             PET0 ESMF_MOAB                   : enabled
20220515 022959.669 INFO             PET0 ESMF_LAPACK                 : enabled
20220515 022959.669 INFO             PET0 ESMF_NETCDF                 : disabled
20220515 022959.669 INFO             PET0 ESMF_PNETCDF                : disabled
20220515 022959.669 INFO             PET0 ESMF_PIO                    : disabled
20220515 022959.669 INFO             PET0 ESMF_YAMLCPP                : enabled
20220515 022959.669 ERROR            PET0 ESMCI_State.C:982 ESMCI::State::read() Library needed by ESMF not present  - Internal subroutine call returned Error
20220515 022959.669 ERROR            PET0 ESMF_StateAPI.cppF90:3191 ESMF_StateRead Library needed by ESMF not present  - Internal subroutine call returned Error
20220515 022959.669 INFO             PET0  NUMBER_OF_PROCESSORS            1
20220515 022959.669 INFO             PET0  PASS  Example ESMF_StateReadWriteEx, ESMF_StateReadWriteEx.F90, line 185
20220515 022959.669 INFO             PET0 Finalizing ESMF
