build time -- 2022-06-06 12:12:19.888531
20220606 134443.571 INFO             PET0 !!!!!!!!!!!!!!!!!!!!!!!!!!!!!!!!!!!!!!!!!!!!!!!!!!!!!!
20220606 134443.571 INFO             PET0 !!! THE ESMF_LOG IS SET TO OUTPUT ALL LOG MESSAGES !!!
20220606 134443.571 INFO             PET0 !!!     THIS MAY CAUSE SLOWDOWN IN PERFORMANCE     !!!
20220606 134443.571 INFO             PET0 !!! FOR PRODUCTION RUNS, USE:                      !!!
20220606 134443.571 INFO             PET0 !!!                   ESMF_LOGKIND_Multi_On_Error  !!!
20220606 134443.571 INFO             PET0 !!!!!!!!!!!!!!!!!!!!!!!!!!!!!!!!!!!!!!!!!!!!!!!!!!!!!!
20220606 134443.571 INFO             PET0 Running with ESMF Version   : v8.4.0b01-1-g3c875a5b01
20220606 134443.571 INFO             PET0 ESMF library build date/time: "Jun  6 2022" "12:08:10"
20220606 134443.571 INFO             PET0 ESMF library build location : /glade/scratch/dunlap/esmf-testing/nvhpc_22.2_mpt_g_develop
20220606 134443.571 INFO             PET0 ESMF_COMM                   : mpt
20220606 134443.571 INFO             PET0 ESMF_MOAB                   : enabled
20220606 134443.571 INFO             PET0 ESMF_LAPACK                 : enabled
20220606 134443.571 INFO             PET0 ESMF_NETCDF                 : enabled
20220606 134443.571 INFO             PET0 ESMF_PNETCDF                : disabled
20220606 134443.571 INFO             PET0 ESMF_PIO                    : enabled
20220606 134443.571 INFO             PET0 ESMF_YAMLCPP                : enabled
20220606 134443.688 DEBUG            PET0 about to destroy Grid: 0x22ddac0
20220606 134443.701 DEBUG            PET0 about to destroy Grid: 0x22dea20
20220606 134443.739 INFO             PET0  NUMBER_OF_PROCESSORS            4
20220606 134443.739 INFO             PET0  PASS  Example ESMF_NUOPCAtmModelEx, ESMF_NUOPCAtmModelEx.F90, line 806
20220606 134443.739 INFO             PET0 Finalizing ESMF
20220606 134443.571 INFO             PET1 !!!!!!!!!!!!!!!!!!!!!!!!!!!!!!!!!!!!!!!!!!!!!!!!!!!!!!
20220606 134443.571 INFO             PET1 !!! THE ESMF_LOG IS SET TO OUTPUT ALL LOG MESSAGES !!!
20220606 134443.571 INFO             PET1 !!!     THIS MAY CAUSE SLOWDOWN IN PERFORMANCE     !!!
20220606 134443.571 INFO             PET1 !!! FOR PRODUCTION RUNS, USE:                      !!!
20220606 134443.571 INFO             PET1 !!!                   ESMF_LOGKIND_Multi_On_Error  !!!
20220606 134443.571 INFO             PET1 !!!!!!!!!!!!!!!!!!!!!!!!!!!!!!!!!!!!!!!!!!!!!!!!!!!!!!
20220606 134443.571 INFO             PET1 Running with ESMF Version   : v8.4.0b01-1-g3c875a5b01
20220606 134443.571 INFO             PET1 ESMF library build date/time: "Jun  6 2022" "12:08:10"
20220606 134443.571 INFO             PET1 ESMF library build location : /glade/scratch/dunlap/esmf-testing/nvhpc_22.2_mpt_g_develop
20220606 134443.571 INFO             PET1 ESMF_COMM                   : mpt
20220606 134443.571 INFO             PET1 ESMF_MOAB                   : enabled
20220606 134443.571 INFO             PET1 ESMF_LAPACK                 : enabled
20220606 134443.571 INFO             PET1 ESMF_NETCDF                 : enabled
20220606 134443.571 INFO             PET1 ESMF_PNETCDF                : disabled
20220606 134443.571 INFO             PET1 ESMF_PIO                    : enabled
20220606 134443.571 INFO             PET1 ESMF_YAMLCPP                : enabled
20220606 134443.688 DEBUG            PET1 about to destroy Grid: 0x22e02c0
20220606 134443.701 DEBUG            PET1 about to destroy Grid: 0x22e0910
20220606 134443.739 INFO             PET1  NUMBER_OF_PROCESSORS            4
20220606 134443.739 INFO             PET1  PASS  Example ESMF_NUOPCAtmModelEx, ESMF_NUOPCAtmModelEx.F90, line 806
20220606 134443.739 INFO             PET1 Finalizing ESMF
20220606 134443.571 INFO             PET2 !!!!!!!!!!!!!!!!!!!!!!!!!!!!!!!!!!!!!!!!!!!!!!!!!!!!!!
20220606 134443.571 INFO             PET2 !!! THE ESMF_LOG IS SET TO OUTPUT ALL LOG MESSAGES !!!
20220606 134443.571 INFO             PET2 !!!     THIS MAY CAUSE SLOWDOWN IN PERFORMANCE     !!!
20220606 134443.571 INFO             PET2 !!! FOR PRODUCTION RUNS, USE:                      !!!
20220606 134443.571 INFO             PET2 !!!                   ESMF_LOGKIND_Multi_On_Error  !!!
20220606 134443.571 INFO             PET2 !!!!!!!!!!!!!!!!!!!!!!!!!!!!!!!!!!!!!!!!!!!!!!!!!!!!!!
20220606 134443.571 INFO             PET2 Running with ESMF Version   : v8.4.0b01-1-g3c875a5b01
20220606 134443.571 INFO             PET2 ESMF library build date/time: "Jun  6 2022" "12:08:10"
20220606 134443.571 INFO             PET2 ESMF library build location : /glade/scratch/dunlap/esmf-testing/nvhpc_22.2_mpt_g_develop
20220606 134443.571 INFO             PET2 ESMF_COMM                   : mpt
20220606 134443.571 INFO             PET2 ESMF_MOAB                   : enabled
20220606 134443.571 INFO             PET2 ESMF_LAPACK                 : enabled
20220606 134443.571 INFO             PET2 ESMF_NETCDF                 : enabled
20220606 134443.571 INFO             PET2 ESMF_PNETCDF                : disabled
20220606 134443.571 INFO             PET2 ESMF_PIO                    : enabled
20220606 134443.571 INFO             PET2 ESMF_YAMLCPP                : enabled
20220606 134443.688 DEBUG            PET2 about to destroy Grid: 0x22df8b0
20220606 134443.701 DEBUG            PET2 about to destroy Grid: 0x22e0490
20220606 134443.738 INFO             PET2  NUMBER_OF_PROCESSORS            4
20220606 134443.739 INFO             PET2  PASS  Example ESMF_NUOPCAtmModelEx, ESMF_NUOPCAtmModelEx.F90, line 806
20220606 134443.739 INFO             PET2 Finalizing ESMF
20220606 134443.572 INFO             PET3 !!!!!!!!!!!!!!!!!!!!!!!!!!!!!!!!!!!!!!!!!!!!!!!!!!!!!!
20220606 134443.572 INFO             PET3 !!! THE ESMF_LOG IS SET TO OUTPUT ALL LOG MESSAGES !!!
20220606 134443.572 INFO             PET3 !!!     THIS MAY CAUSE SLOWDOWN IN PERFORMANCE     !!!
20220606 134443.572 INFO             PET3 !!! FOR PRODUCTION RUNS, USE:                      !!!
20220606 134443.572 INFO             PET3 !!!                   ESMF_LOGKIND_Multi_On_Error  !!!
20220606 134443.572 INFO             PET3 !!!!!!!!!!!!!!!!!!!!!!!!!!!!!!!!!!!!!!!!!!!!!!!!!!!!!!
20220606 134443.572 INFO             PET3 Running with ESMF Version   : v8.4.0b01-1-g3c875a5b01
20220606 134443.572 INFO             PET3 ESMF library build date/time: "Jun  6 2022" "12:08:10"
20220606 134443.572 INFO             PET3 ESMF library build location : /glade/scratch/dunlap/esmf-testing/nvhpc_22.2_mpt_g_develop
20220606 134443.572 INFO             PET3 ESMF_COMM                   : mpt
20220606 134443.572 INFO             PET3 ESMF_MOAB                   : enabled
20220606 134443.572 INFO             PET3 ESMF_LAPACK                 : enabled
20220606 134443.572 INFO             PET3 ESMF_NETCDF                 : enabled
20220606 134443.572 INFO             PET3 ESMF_PNETCDF                : disabled
20220606 134443.572 INFO             PET3 ESMF_PIO                    : enabled
20220606 134443.572 INFO             PET3 ESMF_YAMLCPP                : enabled
20220606 134443.688 DEBUG            PET3 about to destroy Grid: 0x22dfcf0
20220606 134443.701 DEBUG            PET3 about to destroy Grid: 0x22e06c0
20220606 134443.739 INFO             PET3  NUMBER_OF_PROCESSORS            4
20220606 134443.739 INFO             PET3  PASS  Example ESMF_NUOPCAtmModelEx, ESMF_NUOPCAtmModelEx.F90, line 806
20220606 134443.739 INFO             PET3 Finalizing ESMF
