build time -- 2022-06-01 12:37:03.882786
20220601 134208.259 INFO             PET0 !!!!!!!!!!!!!!!!!!!!!!!!!!!!!!!!!!!!!!!!!!!!!!!!!!!!!!
20220601 134208.259 INFO             PET0 !!! THE ESMF_LOG IS SET TO OUTPUT ALL LOG MESSAGES !!!
20220601 134208.259 INFO             PET0 !!!     THIS MAY CAUSE SLOWDOWN IN PERFORMANCE     !!!
20220601 134208.259 INFO             PET0 !!! FOR PRODUCTION RUNS, USE:                      !!!
20220601 134208.259 INFO             PET0 !!!                   ESMF_LOGKIND_Multi_On_Error  !!!
20220601 134208.259 INFO             PET0 !!!!!!!!!!!!!!!!!!!!!!!!!!!!!!!!!!!!!!!!!!!!!!!!!!!!!!
20220601 134208.259 INFO             PET0 Running with ESMF Version   : v8.4.0b00
20220601 134208.259 INFO             PET0 ESMF library build date/time: "Jun  1 2022" "12:33:36"
20220601 134208.259 INFO             PET0 ESMF library build location : /glade/scratch/dunlap/esmf-testing/nvhpc_22.2_mpt_g_develop
20220601 134208.259 INFO             PET0 ESMF_COMM                   : mpt
20220601 134208.259 INFO             PET0 ESMF_MOAB                   : enabled
20220601 134208.259 INFO             PET0 ESMF_LAPACK                 : enabled
20220601 134208.259 INFO             PET0 ESMF_NETCDF                 : enabled
20220601 134208.259 INFO             PET0 ESMF_PNETCDF                : disabled
20220601 134208.259 INFO             PET0 ESMF_PIO                    : enabled
20220601 134208.259 INFO             PET0 ESMF_YAMLCPP                : enabled
20220601 134208.260 INFO             PET0  NUMBER_OF_PROCESSORS            1
20220601 134208.260 INFO             PET0  PASS  Example ESMF_TimeEx, ESMF_TimeEx.F90, line 141
20220601 134208.260 INFO             PET0 Finalizing ESMF
