build time -- 2022-06-05 02:27:01.965736
20220605 024359.437 INFO             PET0 !!!!!!!!!!!!!!!!!!!!!!!!!!!!!!!!!!!!!!!!!!!!!!!!!!!!!!
20220605 024359.437 INFO             PET0 !!! THE ESMF_LOG IS SET TO OUTPUT ALL LOG MESSAGES !!!
20220605 024359.437 INFO             PET0 !!!     THIS MAY CAUSE SLOWDOWN IN PERFORMANCE     !!!
20220605 024359.437 INFO             PET0 !!! FOR PRODUCTION RUNS, USE:                      !!!
20220605 024359.437 INFO             PET0 !!!                   ESMF_LOGKIND_Multi_On_Error  !!!
20220605 024359.437 INFO             PET0 !!!!!!!!!!!!!!!!!!!!!!!!!!!!!!!!!!!!!!!!!!!!!!!!!!!!!!
20220605 024359.437 INFO             PET0 Running with ESMF Version   : v8.4.0b01
20220605 024359.437 INFO             PET0 ESMF library build date/time: "Jun  5 2022" "02:26:11"
20220605 024359.437 INFO             PET0 ESMF library build location : /home/mpotts/intel_2021.2_intelmpi_O_develop
20220605 024359.437 INFO             PET0 ESMF_COMM                   : intelmpi
20220605 024359.437 INFO             PET0 ESMF_MOAB                   : enabled
20220605 024359.437 INFO             PET0 ESMF_LAPACK                 : enabled
20220605 024359.437 INFO             PET0 ESMF_NETCDF                 : enabled
20220605 024359.437 INFO             PET0 ESMF_PNETCDF                : disabled
20220605 024359.437 INFO             PET0 ESMF_PIO                    : enabled
20220605 024359.437 INFO             PET0 ESMF_YAMLCPP                : enabled
20220605 024359.437 INFO             PET0  NUMBER_OF_PROCESSORS           1
20220605 024359.438 INFO             PET0  PASS  Example ESMF_TimeIntervalEx, ESMF_TimeIntervalEx.F90, line 176
20220605 024359.438 INFO             PET0 Finalizing ESMF
