build time -- 2022-05-06 02:05:10.794718
20220506 022140.498 INFO             PET0 !!!!!!!!!!!!!!!!!!!!!!!!!!!!!!!!!!!!!!!!!!!!!!!!!!!!!!
20220506 022140.498 INFO             PET0 !!! THE ESMF_LOG IS SET TO OUTPUT ALL LOG MESSAGES !!!
20220506 022140.498 INFO             PET0 !!!     THIS MAY CAUSE SLOWDOWN IN PERFORMANCE     !!!
20220506 022140.498 INFO             PET0 !!! FOR PRODUCTION RUNS, USE:                      !!!
20220506 022140.498 INFO             PET0 !!!                   ESMF_LOGKIND_Multi_On_Error  !!!
20220506 022140.498 INFO             PET0 !!!!!!!!!!!!!!!!!!!!!!!!!!!!!!!!!!!!!!!!!!!!!!!!!!!!!!
20220506 022140.498 INFO             PET0 Running with ESMF Version   : v8.3.0b13-29-g945a2c14d6
20220506 022140.498 INFO             PET0 ESMF library build date/time: "May  6 2022" "02:04:15"
20220506 022140.498 INFO             PET0 ESMF library build location : /home/mpotts/intel_2021.2_intelmpi_O_develop
20220506 022140.498 INFO             PET0 ESMF_COMM                   : intelmpi
20220506 022140.498 INFO             PET0 ESMF_MOAB                   : enabled
20220506 022140.498 INFO             PET0 ESMF_LAPACK                 : enabled
20220506 022140.498 INFO             PET0 ESMF_NETCDF                 : enabled
20220506 022140.498 INFO             PET0 ESMF_PNETCDF                : disabled
20220506 022140.498 INFO             PET0 ESMF_PIO                    : enabled
20220506 022140.498 INFO             PET0 ESMF_YAMLCPP                : enabled
20220506 022140.498 INFO             PET0  NUMBER_OF_PROCESSORS           4
20220506 022140.498 INFO             PET0  PASS  Example ESMF_VMUserMpiCommMultiEx, ESMF_VMUserMpiCommMultiEx.F90, line 126
20220506 022140.498 INFO             PET0 Finalizing ESMF
20220506 022140.555 INFO             PET0 !!!!!!!!!!!!!!!!!!!!!!!!!!!!!!!!!!!!!!!!!!!!!!!!!!!!!!
20220506 022140.555 INFO             PET0 !!! THE ESMF_LOG IS SET TO OUTPUT ALL LOG MESSAGES !!!
20220506 022140.555 INFO             PET0 !!!     THIS MAY CAUSE SLOWDOWN IN PERFORMANCE     !!!
20220506 022140.555 INFO             PET0 !!! FOR PRODUCTION RUNS, USE:                      !!!
20220506 022140.555 INFO             PET0 !!!                   ESMF_LOGKIND_Multi_On_Error  !!!
20220506 022140.555 INFO             PET0 !!!!!!!!!!!!!!!!!!!!!!!!!!!!!!!!!!!!!!!!!!!!!!!!!!!!!!
20220506 022140.555 INFO             PET0 Running with ESMF Version   : v8.3.0b13-29-g945a2c14d6
20220506 022140.555 INFO             PET0 ESMF library build date/time: "May  6 2022" "02:04:15"
20220506 022140.555 INFO             PET0 ESMF library build location : /home/mpotts/intel_2021.2_intelmpi_O_develop
20220506 022140.555 INFO             PET0 ESMF_COMM                   : intelmpi
20220506 022140.555 INFO             PET0 ESMF_MOAB                   : enabled
20220506 022140.555 INFO             PET0 ESMF_LAPACK                 : enabled
20220506 022140.555 INFO             PET0 ESMF_NETCDF                 : enabled
20220506 022140.555 INFO             PET0 ESMF_PNETCDF                : disabled
20220506 022140.555 INFO             PET0 ESMF_PIO                    : enabled
20220506 022140.555 INFO             PET0 ESMF_YAMLCPP                : enabled
20220506 022140.555 INFO             PET0  NUMBER_OF_PROCESSORS           4
20220506 022140.555 INFO             PET0  PASS  Example ESMF_VMUserMpiCommMultiEx, ESMF_VMUserMpiCommMultiEx.F90, line 154
20220506 022140.555 INFO             PET0 Finalizing ESMF
20220506 022140.498 INFO             PET1 !!!!!!!!!!!!!!!!!!!!!!!!!!!!!!!!!!!!!!!!!!!!!!!!!!!!!!
20220506 022140.498 INFO             PET1 !!! THE ESMF_LOG IS SET TO OUTPUT ALL LOG MESSAGES !!!
20220506 022140.498 INFO             PET1 !!!     THIS MAY CAUSE SLOWDOWN IN PERFORMANCE     !!!
20220506 022140.498 INFO             PET1 !!! FOR PRODUCTION RUNS, USE:                      !!!
20220506 022140.498 INFO             PET1 !!!                   ESMF_LOGKIND_Multi_On_Error  !!!
20220506 022140.498 INFO             PET1 !!!!!!!!!!!!!!!!!!!!!!!!!!!!!!!!!!!!!!!!!!!!!!!!!!!!!!
20220506 022140.498 INFO             PET1 Running with ESMF Version   : v8.3.0b13-29-g945a2c14d6
20220506 022140.498 INFO             PET1 ESMF library build date/time: "May  6 2022" "02:04:15"
20220506 022140.498 INFO             PET1 ESMF library build location : /home/mpotts/intel_2021.2_intelmpi_O_develop
20220506 022140.498 INFO             PET1 ESMF_COMM                   : intelmpi
20220506 022140.498 INFO             PET1 ESMF_MOAB                   : enabled
20220506 022140.498 INFO             PET1 ESMF_LAPACK                 : enabled
20220506 022140.498 INFO             PET1 ESMF_NETCDF                 : enabled
20220506 022140.498 INFO             PET1 ESMF_PNETCDF                : disabled
20220506 022140.498 INFO             PET1 ESMF_PIO                    : enabled
20220506 022140.498 INFO             PET1 ESMF_YAMLCPP                : enabled
20220506 022140.498 INFO             PET1  NUMBER_OF_PROCESSORS           4
20220506 022140.498 INFO             PET1  PASS  Example ESMF_VMUserMpiCommMultiEx, ESMF_VMUserMpiCommMultiEx.F90, line 126
20220506 022140.498 INFO             PET1 Finalizing ESMF
20220506 022140.555 INFO             PET1 !!!!!!!!!!!!!!!!!!!!!!!!!!!!!!!!!!!!!!!!!!!!!!!!!!!!!!
20220506 022140.555 INFO             PET1 !!! THE ESMF_LOG IS SET TO OUTPUT ALL LOG MESSAGES !!!
20220506 022140.555 INFO             PET1 !!!     THIS MAY CAUSE SLOWDOWN IN PERFORMANCE     !!!
20220506 022140.555 INFO             PET1 !!! FOR PRODUCTION RUNS, USE:                      !!!
20220506 022140.555 INFO             PET1 !!!                   ESMF_LOGKIND_Multi_On_Error  !!!
20220506 022140.555 INFO             PET1 !!!!!!!!!!!!!!!!!!!!!!!!!!!!!!!!!!!!!!!!!!!!!!!!!!!!!!
20220506 022140.555 INFO             PET1 Running with ESMF Version   : v8.3.0b13-29-g945a2c14d6
20220506 022140.555 INFO             PET1 ESMF library build date/time: "May  6 2022" "02:04:15"
20220506 022140.555 INFO             PET1 ESMF library build location : /home/mpotts/intel_2021.2_intelmpi_O_develop
20220506 022140.555 INFO             PET1 ESMF_COMM                   : intelmpi
20220506 022140.555 INFO             PET1 ESMF_MOAB                   : enabled
20220506 022140.555 INFO             PET1 ESMF_LAPACK                 : enabled
20220506 022140.555 INFO             PET1 ESMF_NETCDF                 : enabled
20220506 022140.555 INFO             PET1 ESMF_PNETCDF                : disabled
20220506 022140.555 INFO             PET1 ESMF_PIO                    : enabled
20220506 022140.555 INFO             PET1 ESMF_YAMLCPP                : enabled
20220506 022140.555 INFO             PET1  NUMBER_OF_PROCESSORS           4
20220506 022140.555 INFO             PET1  PASS  Example ESMF_VMUserMpiCommMultiEx, ESMF_VMUserMpiCommMultiEx.F90, line 154
20220506 022140.555 INFO             PET1 Finalizing ESMF
