build time -- 2022-03-31 02:06:18.852589
20220331 022303.528 INFO             PET0 !!!!!!!!!!!!!!!!!!!!!!!!!!!!!!!!!!!!!!!!!!!!!!!!!!!!!!
20220331 022303.528 INFO             PET0 !!! THE ESMF_LOG IS SET TO OUTPUT ALL LOG MESSAGES !!!
20220331 022303.528 INFO             PET0 !!!     THIS MAY CAUSE SLOWDOWN IN PERFORMANCE     !!!
20220331 022303.528 INFO             PET0 !!! FOR PRODUCTION RUNS, USE:                      !!!
20220331 022303.528 INFO             PET0 !!!                   ESMF_LOGKIND_Multi_On_Error  !!!
20220331 022303.528 INFO             PET0 !!!!!!!!!!!!!!!!!!!!!!!!!!!!!!!!!!!!!!!!!!!!!!!!!!!!!!
20220331 022303.528 INFO             PET0 Running with ESMF Version   : v8.3.0b12
20220331 022303.528 INFO             PET0 ESMF library build date/time: "Mar 31 2022" "02:05:19"
20220331 022303.528 INFO             PET0 ESMF library build location : /home/mpotts/intel_2021.2_intelmpi_O_develop
20220331 022303.528 INFO             PET0 ESMF_COMM                   : intelmpi
20220331 022303.528 INFO             PET0 ESMF_MOAB                   : enabled
20220331 022303.528 INFO             PET0 ESMF_LAPACK                 : enabled
20220331 022303.528 INFO             PET0 ESMF_NETCDF                 : enabled
20220331 022303.528 INFO             PET0 ESMF_PNETCDF                : disabled
20220331 022303.528 INFO             PET0 ESMF_PIO                    : enabled
20220331 022303.528 INFO             PET0 ESMF_YAMLCPP                : enabled
20220331 022303.530 INFO             PET0  NUMBER_OF_PROCESSORS           1
20220331 022303.530 INFO             PET0  PASS  Example ESMF_AlarmEx, ESMF_AlarmEx.F90, line 244
20220331 022303.530 INFO             PET0 Finalizing ESMF
