build time -- 2022-04-03 02:06:29.475936
20220403 022328.040 INFO             PET0 !!!!!!!!!!!!!!!!!!!!!!!!!!!!!!!!!!!!!!!!!!!!!!!!!!!!!!
20220403 022328.040 INFO             PET0 !!! THE ESMF_LOG IS SET TO OUTPUT ALL LOG MESSAGES !!!
20220403 022328.040 INFO             PET0 !!!     THIS MAY CAUSE SLOWDOWN IN PERFORMANCE     !!!
20220403 022328.040 INFO             PET0 !!! FOR PRODUCTION RUNS, USE:                      !!!
20220403 022328.040 INFO             PET0 !!!                   ESMF_LOGKIND_Multi_On_Error  !!!
20220403 022328.040 INFO             PET0 !!!!!!!!!!!!!!!!!!!!!!!!!!!!!!!!!!!!!!!!!!!!!!!!!!!!!!
20220403 022328.040 INFO             PET0 Running with ESMF Version   : v8.3.0b12
20220403 022328.040 INFO             PET0 ESMF library build date/time: "Apr  3 2022" "02:05:30"
20220403 022328.040 INFO             PET0 ESMF library build location : /home/mpotts/intel_2021.2_intelmpi_O_develop
20220403 022328.040 INFO             PET0 ESMF_COMM                   : intelmpi
20220403 022328.054 INFO             PET0 ESMF_MOAB                   : enabled
20220403 022328.054 INFO             PET0 ESMF_LAPACK                 : enabled
20220403 022328.054 INFO             PET0 ESMF_NETCDF                 : enabled
20220403 022328.054 INFO             PET0 ESMF_PNETCDF                : disabled
20220403 022328.054 INFO             PET0 ESMF_PIO                    : enabled
20220403 022328.054 INFO             PET0 ESMF_YAMLCPP                : enabled
20220403 022328.060 INFO             PET0  NUMBER_OF_PROCESSORS           1
20220403 022328.060 INFO             PET0  PASS  Example ESMF_XGridSparseMatEx, ESMF_XGridSparseMatEx.F90, line 642
20220403 022328.060 INFO             PET0 Finalizing ESMF
