build time -- 2022-04-16 02:06:28.903859
20220416 022414.840 INFO             PET0 !!!!!!!!!!!!!!!!!!!!!!!!!!!!!!!!!!!!!!!!!!!!!!!!!!!!!!
20220416 022414.840 INFO             PET0 !!! THE ESMF_LOG IS SET TO OUTPUT ALL LOG MESSAGES !!!
20220416 022414.840 INFO             PET0 !!!     THIS MAY CAUSE SLOWDOWN IN PERFORMANCE     !!!
20220416 022414.840 INFO             PET0 !!! FOR PRODUCTION RUNS, USE:                      !!!
20220416 022414.840 INFO             PET0 !!!                   ESMF_LOGKIND_Multi_On_Error  !!!
20220416 022414.840 INFO             PET0 !!!!!!!!!!!!!!!!!!!!!!!!!!!!!!!!!!!!!!!!!!!!!!!!!!!!!!
20220416 022414.840 INFO             PET0 Running with ESMF Version   : v8.3.0b12-66-g968479064d
20220416 022414.840 INFO             PET0 ESMF library build date/time: "Apr 16 2022" "02:05:31"
20220416 022414.840 INFO             PET0 ESMF library build location : /home/mpotts/intel_2021.2_intelmpi_O_develop
20220416 022414.840 INFO             PET0 ESMF_COMM                   : intelmpi
20220416 022414.841 INFO             PET0 ESMF_MOAB                   : enabled
20220416 022414.841 INFO             PET0 ESMF_LAPACK                 : enabled
20220416 022414.841 INFO             PET0 ESMF_NETCDF                 : enabled
20220416 022414.841 INFO             PET0 ESMF_PNETCDF                : disabled
20220416 022414.841 INFO             PET0 ESMF_PIO                    : enabled
20220416 022414.841 INFO             PET0 ESMF_YAMLCPP                : enabled
20220416 022414.841 INFO             PET0  NUMBER_OF_PROCESSORS           1
20220416 022414.841 INFO             PET0  PASS  Example ESMF_TimeEx, ESMF_TimeEx.F90, line 141
20220416 022414.841 INFO             PET0 Finalizing ESMF
