build time -- 2022-04-13 02:05:25.046947
20220413 022434.516 INFO             PET0 !!!!!!!!!!!!!!!!!!!!!!!!!!!!!!!!!!!!!!!!!!!!!!!!!!!!!!
20220413 022434.516 INFO             PET0 !!! THE ESMF_LOG IS SET TO OUTPUT ALL LOG MESSAGES !!!
20220413 022434.516 INFO             PET0 !!!     THIS MAY CAUSE SLOWDOWN IN PERFORMANCE     !!!
20220413 022434.516 INFO             PET0 !!! FOR PRODUCTION RUNS, USE:                      !!!
20220413 022434.516 INFO             PET0 !!!                   ESMF_LOGKIND_Multi_On_Error  !!!
20220413 022434.516 INFO             PET0 !!!!!!!!!!!!!!!!!!!!!!!!!!!!!!!!!!!!!!!!!!!!!!!!!!!!!!
20220413 022434.516 INFO             PET0 Running with ESMF Version   : v8.3.0b12-61-g0687c4c862
20220413 022434.516 INFO             PET0 ESMF library build date/time: "Apr 13 2022" "02:04:28"
20220413 022434.516 INFO             PET0 ESMF library build location : /home/mpotts/intel_2021.2_intelmpi_O_develop
20220413 022434.516 INFO             PET0 ESMF_COMM                   : intelmpi
20220413 022434.516 INFO             PET0 ESMF_MOAB                   : enabled
20220413 022434.516 INFO             PET0 ESMF_LAPACK                 : enabled
20220413 022434.516 INFO             PET0 ESMF_NETCDF                 : enabled
20220413 022434.516 INFO             PET0 ESMF_PNETCDF                : disabled
20220413 022434.516 INFO             PET0 ESMF_PIO                    : enabled
20220413 022434.516 INFO             PET0 ESMF_YAMLCPP                : enabled
20220413 022434.537 DEBUG            PET0 about to destroy Grid: 0xbd2e80
20220413 022434.539 DEBUG            PET0 about to destroy Grid: 0xbd3fe0
20220413 022434.545 INFO             PET0  NUMBER_OF_PROCESSORS           4
20220413 022434.545 INFO             PET0  PASS  Example ESMF_NUOPCAtmModelEx, ESMF_NUOPCAtmModelEx.F90, line 806
20220413 022434.545 INFO             PET0 Finalizing ESMF
20220413 022434.516 INFO             PET1 !!!!!!!!!!!!!!!!!!!!!!!!!!!!!!!!!!!!!!!!!!!!!!!!!!!!!!
20220413 022434.516 INFO             PET1 !!! THE ESMF_LOG IS SET TO OUTPUT ALL LOG MESSAGES !!!
20220413 022434.516 INFO             PET1 !!!     THIS MAY CAUSE SLOWDOWN IN PERFORMANCE     !!!
20220413 022434.516 INFO             PET1 !!! FOR PRODUCTION RUNS, USE:                      !!!
20220413 022434.516 INFO             PET1 !!!                   ESMF_LOGKIND_Multi_On_Error  !!!
20220413 022434.516 INFO             PET1 !!!!!!!!!!!!!!!!!!!!!!!!!!!!!!!!!!!!!!!!!!!!!!!!!!!!!!
20220413 022434.516 INFO             PET1 Running with ESMF Version   : v8.3.0b12-61-g0687c4c862
20220413 022434.516 INFO             PET1 ESMF library build date/time: "Apr 13 2022" "02:04:28"
20220413 022434.516 INFO             PET1 ESMF library build location : /home/mpotts/intel_2021.2_intelmpi_O_develop
20220413 022434.516 INFO             PET1 ESMF_COMM                   : intelmpi
20220413 022434.516 INFO             PET1 ESMF_MOAB                   : enabled
20220413 022434.516 INFO             PET1 ESMF_LAPACK                 : enabled
20220413 022434.516 INFO             PET1 ESMF_NETCDF                 : enabled
20220413 022434.516 INFO             PET1 ESMF_PNETCDF                : disabled
20220413 022434.516 INFO             PET1 ESMF_PIO                    : enabled
20220413 022434.516 INFO             PET1 ESMF_YAMLCPP                : enabled
20220413 022434.537 DEBUG            PET1 about to destroy Grid: 0x1ded560
20220413 022434.539 DEBUG            PET1 about to destroy Grid: 0x1dee240
20220413 022434.545 INFO             PET1  NUMBER_OF_PROCESSORS           4
20220413 022434.545 INFO             PET1  PASS  Example ESMF_NUOPCAtmModelEx, ESMF_NUOPCAtmModelEx.F90, line 806
20220413 022434.545 INFO             PET1 Finalizing ESMF
20220413 022434.516 INFO             PET2 !!!!!!!!!!!!!!!!!!!!!!!!!!!!!!!!!!!!!!!!!!!!!!!!!!!!!!
20220413 022434.516 INFO             PET2 !!! THE ESMF_LOG IS SET TO OUTPUT ALL LOG MESSAGES !!!
20220413 022434.516 INFO             PET2 !!!     THIS MAY CAUSE SLOWDOWN IN PERFORMANCE     !!!
20220413 022434.516 INFO             PET2 !!! FOR PRODUCTION RUNS, USE:                      !!!
20220413 022434.516 INFO             PET2 !!!                   ESMF_LOGKIND_Multi_On_Error  !!!
20220413 022434.516 INFO             PET2 !!!!!!!!!!!!!!!!!!!!!!!!!!!!!!!!!!!!!!!!!!!!!!!!!!!!!!
20220413 022434.516 INFO             PET2 Running with ESMF Version   : v8.3.0b12-61-g0687c4c862
20220413 022434.516 INFO             PET2 ESMF library build date/time: "Apr 13 2022" "02:04:28"
20220413 022434.516 INFO             PET2 ESMF library build location : /home/mpotts/intel_2021.2_intelmpi_O_develop
20220413 022434.516 INFO             PET2 ESMF_COMM                   : intelmpi
20220413 022434.516 INFO             PET2 ESMF_MOAB                   : enabled
20220413 022434.516 INFO             PET2 ESMF_LAPACK                 : enabled
20220413 022434.516 INFO             PET2 ESMF_NETCDF                 : enabled
20220413 022434.516 INFO             PET2 ESMF_PNETCDF                : disabled
20220413 022434.516 INFO             PET2 ESMF_PIO                    : enabled
20220413 022434.516 INFO             PET2 ESMF_YAMLCPP                : enabled
20220413 022434.537 DEBUG            PET2 about to destroy Grid: 0x158f560
20220413 022434.539 DEBUG            PET2 about to destroy Grid: 0x1590240
20220413 022434.545 INFO             PET2  NUMBER_OF_PROCESSORS           4
20220413 022434.545 INFO             PET2  PASS  Example ESMF_NUOPCAtmModelEx, ESMF_NUOPCAtmModelEx.F90, line 806
20220413 022434.545 INFO             PET2 Finalizing ESMF
20220413 022434.516 INFO             PET3 !!!!!!!!!!!!!!!!!!!!!!!!!!!!!!!!!!!!!!!!!!!!!!!!!!!!!!
20220413 022434.516 INFO             PET3 !!! THE ESMF_LOG IS SET TO OUTPUT ALL LOG MESSAGES !!!
20220413 022434.516 INFO             PET3 !!!     THIS MAY CAUSE SLOWDOWN IN PERFORMANCE     !!!
20220413 022434.516 INFO             PET3 !!! FOR PRODUCTION RUNS, USE:                      !!!
20220413 022434.516 INFO             PET3 !!!                   ESMF_LOGKIND_Multi_On_Error  !!!
20220413 022434.516 INFO             PET3 !!!!!!!!!!!!!!!!!!!!!!!!!!!!!!!!!!!!!!!!!!!!!!!!!!!!!!
20220413 022434.516 INFO             PET3 Running with ESMF Version   : v8.3.0b12-61-g0687c4c862
20220413 022434.516 INFO             PET3 ESMF library build date/time: "Apr 13 2022" "02:04:28"
20220413 022434.516 INFO             PET3 ESMF library build location : /home/mpotts/intel_2021.2_intelmpi_O_develop
20220413 022434.516 INFO             PET3 ESMF_COMM                   : intelmpi
20220413 022434.516 INFO             PET3 ESMF_MOAB                   : enabled
20220413 022434.516 INFO             PET3 ESMF_LAPACK                 : enabled
20220413 022434.516 INFO             PET3 ESMF_NETCDF                 : enabled
20220413 022434.516 INFO             PET3 ESMF_PNETCDF                : disabled
20220413 022434.516 INFO             PET3 ESMF_PIO                    : enabled
20220413 022434.516 INFO             PET3 ESMF_YAMLCPP                : enabled
20220413 022434.537 DEBUG            PET3 about to destroy Grid: 0x28aa560
20220413 022434.539 DEBUG            PET3 about to destroy Grid: 0x28ab240
20220413 022434.545 INFO             PET3  NUMBER_OF_PROCESSORS           4
20220413 022434.545 INFO             PET3  PASS  Example ESMF_NUOPCAtmModelEx, ESMF_NUOPCAtmModelEx.F90, line 806
20220413 022434.545 INFO             PET3 Finalizing ESMF
