build time -- 2022-04-14 02:05:15.791947
20220414 022243.769 INFO             PET0 !!!!!!!!!!!!!!!!!!!!!!!!!!!!!!!!!!!!!!!!!!!!!!!!!!!!!!
20220414 022243.769 INFO             PET0 !!! THE ESMF_LOG IS SET TO OUTPUT ALL LOG MESSAGES !!!
20220414 022243.769 INFO             PET0 !!!     THIS MAY CAUSE SLOWDOWN IN PERFORMANCE     !!!
20220414 022243.769 INFO             PET0 !!! FOR PRODUCTION RUNS, USE:                      !!!
20220414 022243.769 INFO             PET0 !!!                   ESMF_LOGKIND_Multi_On_Error  !!!
20220414 022243.769 INFO             PET0 !!!!!!!!!!!!!!!!!!!!!!!!!!!!!!!!!!!!!!!!!!!!!!!!!!!!!!
20220414 022243.769 INFO             PET0 Running with ESMF Version   : v8.3.0b12-62-gbae6f575dd
20220414 022243.769 INFO             PET0 ESMF library build date/time: "Apr 14 2022" "02:04:18"
20220414 022243.769 INFO             PET0 ESMF library build location : /home/mpotts/intel_2021.2_intelmpi_O_develop
20220414 022243.769 INFO             PET0 ESMF_COMM                   : intelmpi
20220414 022243.769 INFO             PET0 ESMF_MOAB                   : enabled
20220414 022243.769 INFO             PET0 ESMF_LAPACK                 : enabled
20220414 022243.769 INFO             PET0 ESMF_NETCDF                 : enabled
20220414 022243.769 INFO             PET0 ESMF_PNETCDF                : disabled
20220414 022243.769 INFO             PET0 ESMF_PIO                    : enabled
20220414 022243.769 INFO             PET0 ESMF_YAMLCPP                : enabled
20220414 022243.770 INFO             PET0  NUMBER_OF_PROCESSORS           1
20220414 022243.770 INFO             PET0  PASS  Example ESMF_ClockEx, ESMF_ClockEx.F90, line 220
20220414 022243.770 INFO             PET0 Finalizing ESMF
