build time -- 2022-06-08 01:04:28
20220608 013828.764 INFO             PET0 !!!!!!!!!!!!!!!!!!!!!!!!!!!!!!!!!!!!!!!!!!!!!!!!!!!!!!
20220608 013828.765 INFO             PET0 !!! THE ESMF_LOG IS SET TO OUTPUT ALL LOG MESSAGES !!!
20220608 013828.765 INFO             PET0 !!!     THIS MAY CAUSE SLOWDOWN IN PERFORMANCE     !!!
20220608 013828.765 INFO             PET0 !!! FOR PRODUCTION RUNS, USE:                      !!!
20220608 013828.765 INFO             PET0 !!!                   ESMF_LOGKIND_Multi_On_Error  !!!
20220608 013828.765 INFO             PET0 !!!!!!!!!!!!!!!!!!!!!!!!!!!!!!!!!!!!!!!!!!!!!!!!!!!!!!
20220608 013828.765 INFO             PET0 Running with ESMF Version   : v8.3.0
20220608 013828.765 INFO             PET0 ESMF library build date/time: "Jun  8 2022" "01:02:32"
20220608 013828.765 INFO             PET0 ESMF library build location : /lustre/f2/dev/ncep/Mark.Potts/intel_2019.5_mpi_g_v8.3.0
20220608 013828.765 INFO             PET0 ESMF_COMM                   : mpi
20220608 013828.766 INFO             PET0 ESMF_MOAB                   : enabled
20220608 013828.766 INFO             PET0 ESMF_LAPACK                 : enabled
20220608 013828.766 INFO             PET0 ESMF_NETCDF                 : enabled
20220608 013828.766 INFO             PET0 ESMF_PNETCDF                : disabled
20220608 013828.766 INFO             PET0 ESMF_PIO                    : enabled
20220608 013828.766 INFO             PET0 ESMF_YAMLCPP                : enabled
20220608 013828.768 INFO             PET0  NUMBER_OF_PROCESSORS           1
20220608 013828.768 INFO             PET0  PASS  Example ESMF_AlarmEx, ESMF_AlarmEx.F90, line 244
20220608 013828.768 INFO             PET0 Finalizing ESMF
