build time -- 2022-06-08 01:04:28
20220608 013844.403 INFO             PET0 !!!!!!!!!!!!!!!!!!!!!!!!!!!!!!!!!!!!!!!!!!!!!!!!!!!!!!
20220608 013844.403 INFO             PET0 !!! THE ESMF_LOG IS SET TO OUTPUT ALL LOG MESSAGES !!!
20220608 013844.403 INFO             PET0 !!!     THIS MAY CAUSE SLOWDOWN IN PERFORMANCE     !!!
20220608 013844.403 INFO             PET0 !!! FOR PRODUCTION RUNS, USE:                      !!!
20220608 013844.403 INFO             PET0 !!!                   ESMF_LOGKIND_Multi_On_Error  !!!
20220608 013844.403 INFO             PET0 !!!!!!!!!!!!!!!!!!!!!!!!!!!!!!!!!!!!!!!!!!!!!!!!!!!!!!
20220608 013844.403 INFO             PET0 Running with ESMF Version   : v8.3.0
20220608 013844.403 INFO             PET0 ESMF library build date/time: "Jun  8 2022" "01:02:32"
20220608 013844.403 INFO             PET0 ESMF library build location : /lustre/f2/dev/ncep/Mark.Potts/intel_2019.5_mpi_g_v8.3.0
20220608 013844.403 INFO             PET0 ESMF_COMM                   : mpi
20220608 013844.404 INFO             PET0 ESMF_MOAB                   : enabled
20220608 013844.404 INFO             PET0 ESMF_LAPACK                 : enabled
20220608 013844.404 INFO             PET0 ESMF_NETCDF                 : enabled
20220608 013844.404 INFO             PET0 ESMF_PNETCDF                : disabled
20220608 013844.404 INFO             PET0 ESMF_PIO                    : enabled
20220608 013844.404 INFO             PET0 ESMF_YAMLCPP                : enabled
20220608 013844.417 INFO             PET0 ESMF_FieldRedistStoreNF(): Just entered routine.
20220608 013844.462 INFO             PET0 ESMF_FieldRedistStoreNF(): Leaving routine.
20220608 013844.468 INFO             PET0  NUMBER_OF_PROCESSORS           4
20220608 013844.468 INFO             PET0  PASS  Example ESMF_RHandleFromRHandleEx, ESMF_RHandleFromRHandleEx.F90, line 660
20220608 013844.468 INFO             PET0 Finalizing ESMF
20220608 013844.361 INFO             PET1 !!!!!!!!!!!!!!!!!!!!!!!!!!!!!!!!!!!!!!!!!!!!!!!!!!!!!!
20220608 013844.361 INFO             PET1 !!! THE ESMF_LOG IS SET TO OUTPUT ALL LOG MESSAGES !!!
20220608 013844.361 INFO             PET1 !!!     THIS MAY CAUSE SLOWDOWN IN PERFORMANCE     !!!
20220608 013844.361 INFO             PET1 !!! FOR PRODUCTION RUNS, USE:                      !!!
20220608 013844.361 INFO             PET1 !!!                   ESMF_LOGKIND_Multi_On_Error  !!!
20220608 013844.361 INFO             PET1 !!!!!!!!!!!!!!!!!!!!!!!!!!!!!!!!!!!!!!!!!!!!!!!!!!!!!!
20220608 013844.361 INFO             PET1 Running with ESMF Version   : v8.3.0
20220608 013844.361 INFO             PET1 ESMF library build date/time: "Jun  8 2022" "01:02:32"
20220608 013844.361 INFO             PET1 ESMF library build location : /lustre/f2/dev/ncep/Mark.Potts/intel_2019.5_mpi_g_v8.3.0
20220608 013844.361 INFO             PET1 ESMF_COMM                   : mpi
20220608 013844.363 INFO             PET1 ESMF_MOAB                   : enabled
20220608 013844.363 INFO             PET1 ESMF_LAPACK                 : enabled
20220608 013844.363 INFO             PET1 ESMF_NETCDF                 : enabled
20220608 013844.363 INFO             PET1 ESMF_PNETCDF                : disabled
20220608 013844.363 INFO             PET1 ESMF_PIO                    : enabled
20220608 013844.363 INFO             PET1 ESMF_YAMLCPP                : enabled
20220608 013844.417 INFO             PET1 ESMF_FieldRedistStoreNF(): Just entered routine.
20220608 013844.462 INFO             PET1 ESMF_FieldRedistStoreNF(): Leaving routine.
20220608 013844.467 INFO             PET1  NUMBER_OF_PROCESSORS           4
20220608 013844.468 INFO             PET1  PASS  Example ESMF_RHandleFromRHandleEx, ESMF_RHandleFromRHandleEx.F90, line 660
20220608 013844.468 INFO             PET1 Finalizing ESMF
20220608 013844.352 INFO             PET2 !!!!!!!!!!!!!!!!!!!!!!!!!!!!!!!!!!!!!!!!!!!!!!!!!!!!!!
20220608 013844.352 INFO             PET2 !!! THE ESMF_LOG IS SET TO OUTPUT ALL LOG MESSAGES !!!
20220608 013844.352 INFO             PET2 !!!     THIS MAY CAUSE SLOWDOWN IN PERFORMANCE     !!!
20220608 013844.352 INFO             PET2 !!! FOR PRODUCTION RUNS, USE:                      !!!
20220608 013844.352 INFO             PET2 !!!                   ESMF_LOGKIND_Multi_On_Error  !!!
20220608 013844.352 INFO             PET2 !!!!!!!!!!!!!!!!!!!!!!!!!!!!!!!!!!!!!!!!!!!!!!!!!!!!!!
20220608 013844.352 INFO             PET2 Running with ESMF Version   : v8.3.0
20220608 013844.352 INFO             PET2 ESMF library build date/time: "Jun  8 2022" "01:02:32"
20220608 013844.352 INFO             PET2 ESMF library build location : /lustre/f2/dev/ncep/Mark.Potts/intel_2019.5_mpi_g_v8.3.0
20220608 013844.352 INFO             PET2 ESMF_COMM                   : mpi
20220608 013844.354 INFO             PET2 ESMF_MOAB                   : enabled
20220608 013844.354 INFO             PET2 ESMF_LAPACK                 : enabled
20220608 013844.354 INFO             PET2 ESMF_NETCDF                 : enabled
20220608 013844.354 INFO             PET2 ESMF_PNETCDF                : disabled
20220608 013844.354 INFO             PET2 ESMF_PIO                    : enabled
20220608 013844.354 INFO             PET2 ESMF_YAMLCPP                : enabled
20220608 013844.417 INFO             PET2 ESMF_FieldRedistStoreNF(): Just entered routine.
20220608 013844.462 INFO             PET2 ESMF_FieldRedistStoreNF(): Leaving routine.
20220608 013844.465 INFO             PET2  NUMBER_OF_PROCESSORS           4
20220608 013844.466 INFO             PET2  PASS  Example ESMF_RHandleFromRHandleEx, ESMF_RHandleFromRHandleEx.F90, line 660
20220608 013844.466 INFO             PET2 Finalizing ESMF
20220608 013844.352 INFO             PET3 !!!!!!!!!!!!!!!!!!!!!!!!!!!!!!!!!!!!!!!!!!!!!!!!!!!!!!
20220608 013844.352 INFO             PET3 !!! THE ESMF_LOG IS SET TO OUTPUT ALL LOG MESSAGES !!!
20220608 013844.352 INFO             PET3 !!!     THIS MAY CAUSE SLOWDOWN IN PERFORMANCE     !!!
20220608 013844.352 INFO             PET3 !!! FOR PRODUCTION RUNS, USE:                      !!!
20220608 013844.352 INFO             PET3 !!!                   ESMF_LOGKIND_Multi_On_Error  !!!
20220608 013844.352 INFO             PET3 !!!!!!!!!!!!!!!!!!!!!!!!!!!!!!!!!!!!!!!!!!!!!!!!!!!!!!
20220608 013844.352 INFO             PET3 Running with ESMF Version   : v8.3.0
20220608 013844.352 INFO             PET3 ESMF library build date/time: "Jun  8 2022" "01:02:32"
20220608 013844.352 INFO             PET3 ESMF library build location : /lustre/f2/dev/ncep/Mark.Potts/intel_2019.5_mpi_g_v8.3.0
20220608 013844.352 INFO             PET3 ESMF_COMM                   : mpi
20220608 013844.355 INFO             PET3 ESMF_MOAB                   : enabled
20220608 013844.355 INFO             PET3 ESMF_LAPACK                 : enabled
20220608 013844.355 INFO             PET3 ESMF_NETCDF                 : enabled
20220608 013844.355 INFO             PET3 ESMF_PNETCDF                : disabled
20220608 013844.355 INFO             PET3 ESMF_PIO                    : enabled
20220608 013844.355 INFO             PET3 ESMF_YAMLCPP                : enabled
20220608 013844.417 INFO             PET3 ESMF_FieldRedistStoreNF(): Just entered routine.
20220608 013844.462 INFO             PET3 ESMF_FieldRedistStoreNF(): Leaving routine.
20220608 013844.468 INFO             PET3  NUMBER_OF_PROCESSORS           4
20220608 013844.468 INFO             PET3  PASS  Example ESMF_RHandleFromRHandleEx, ESMF_RHandleFromRHandleEx.F90, line 660
20220608 013844.468 INFO             PET3 Finalizing ESMF
