build time -- 2022-06-08 01:04:28
20220608 013804.885 INFO             PET0 !!!!!!!!!!!!!!!!!!!!!!!!!!!!!!!!!!!!!!!!!!!!!!!!!!!!!!
20220608 013804.885 INFO             PET0 !!! THE ESMF_LOG IS SET TO OUTPUT ALL LOG MESSAGES !!!
20220608 013804.885 INFO             PET0 !!!     THIS MAY CAUSE SLOWDOWN IN PERFORMANCE     !!!
20220608 013804.885 INFO             PET0 !!! FOR PRODUCTION RUNS, USE:                      !!!
20220608 013804.885 INFO             PET0 !!!                   ESMF_LOGKIND_Multi_On_Error  !!!
20220608 013804.885 INFO             PET0 !!!!!!!!!!!!!!!!!!!!!!!!!!!!!!!!!!!!!!!!!!!!!!!!!!!!!!
20220608 013804.885 INFO             PET0 Running with ESMF Version   : v8.3.0
20220608 013804.885 INFO             PET0 ESMF library build date/time: "Jun  8 2022" "01:02:32"
20220608 013804.885 INFO             PET0 ESMF library build location : /lustre/f2/dev/ncep/Mark.Potts/intel_2019.5_mpi_g_v8.3.0
20220608 013804.885 INFO             PET0 ESMF_COMM                   : mpi
20220608 013804.886 INFO             PET0 ESMF_MOAB                   : enabled
20220608 013804.886 INFO             PET0 ESMF_LAPACK                 : enabled
20220608 013804.886 INFO             PET0 ESMF_NETCDF                 : enabled
20220608 013804.886 INFO             PET0 ESMF_PNETCDF                : disabled
20220608 013804.886 INFO             PET0 ESMF_PIO                    : enabled
20220608 013804.886 INFO             PET0 ESMF_YAMLCPP                : enabled
20220608 013804.890 INFO             PET0  NUMBER_OF_PROCESSORS           4
20220608 013804.890 INFO             PET0  PASS  Example ESMF_VMUserMpiCommMultiEx, ESMF_VMUserMpiCommMultiEx.F90, line 126
20220608 013804.890 INFO             PET0 Finalizing ESMF
20220608 013804.883 INFO             PET0 !!!!!!!!!!!!!!!!!!!!!!!!!!!!!!!!!!!!!!!!!!!!!!!!!!!!!!
20220608 013804.883 INFO             PET0 !!! THE ESMF_LOG IS SET TO OUTPUT ALL LOG MESSAGES !!!
20220608 013804.883 INFO             PET0 !!!     THIS MAY CAUSE SLOWDOWN IN PERFORMANCE     !!!
20220608 013804.883 INFO             PET0 !!! FOR PRODUCTION RUNS, USE:                      !!!
20220608 013804.883 INFO             PET0 !!!                   ESMF_LOGKIND_Multi_On_Error  !!!
20220608 013804.883 INFO             PET0 !!!!!!!!!!!!!!!!!!!!!!!!!!!!!!!!!!!!!!!!!!!!!!!!!!!!!!
20220608 013804.883 INFO             PET0 Running with ESMF Version   : v8.3.0
20220608 013804.883 INFO             PET0 ESMF library build date/time: "Jun  8 2022" "01:02:32"
20220608 013804.883 INFO             PET0 ESMF library build location : /lustre/f2/dev/ncep/Mark.Potts/intel_2019.5_mpi_g_v8.3.0
20220608 013804.883 INFO             PET0 ESMF_COMM                   : mpi
20220608 013804.884 INFO             PET0 ESMF_MOAB                   : enabled
20220608 013804.884 INFO             PET0 ESMF_LAPACK                 : enabled
20220608 013804.884 INFO             PET0 ESMF_NETCDF                 : enabled
20220608 013804.884 INFO             PET0 ESMF_PNETCDF                : disabled
20220608 013804.884 INFO             PET0 ESMF_PIO                    : enabled
20220608 013804.884 INFO             PET0 ESMF_YAMLCPP                : enabled
20220608 013804.892 INFO             PET0  NUMBER_OF_PROCESSORS           4
20220608 013804.892 INFO             PET0  PASS  Example ESMF_VMUserMpiCommMultiEx, ESMF_VMUserMpiCommMultiEx.F90, line 154
20220608 013804.892 INFO             PET0 Finalizing ESMF
20220608 013804.889 INFO             PET1 !!!!!!!!!!!!!!!!!!!!!!!!!!!!!!!!!!!!!!!!!!!!!!!!!!!!!!
20220608 013804.889 INFO             PET1 !!! THE ESMF_LOG IS SET TO OUTPUT ALL LOG MESSAGES !!!
20220608 013804.889 INFO             PET1 !!!     THIS MAY CAUSE SLOWDOWN IN PERFORMANCE     !!!
20220608 013804.889 INFO             PET1 !!! FOR PRODUCTION RUNS, USE:                      !!!
20220608 013804.889 INFO             PET1 !!!                   ESMF_LOGKIND_Multi_On_Error  !!!
20220608 013804.889 INFO             PET1 !!!!!!!!!!!!!!!!!!!!!!!!!!!!!!!!!!!!!!!!!!!!!!!!!!!!!!
20220608 013804.889 INFO             PET1 Running with ESMF Version   : v8.3.0
20220608 013804.889 INFO             PET1 ESMF library build date/time: "Jun  8 2022" "01:02:32"
20220608 013804.889 INFO             PET1 ESMF library build location : /lustre/f2/dev/ncep/Mark.Potts/intel_2019.5_mpi_g_v8.3.0
20220608 013804.889 INFO             PET1 ESMF_COMM                   : mpi
20220608 013804.890 INFO             PET1 ESMF_MOAB                   : enabled
20220608 013804.890 INFO             PET1 ESMF_LAPACK                 : enabled
20220608 013804.890 INFO             PET1 ESMF_NETCDF                 : enabled
20220608 013804.890 INFO             PET1 ESMF_PNETCDF                : disabled
20220608 013804.890 INFO             PET1 ESMF_PIO                    : enabled
20220608 013804.890 INFO             PET1 ESMF_YAMLCPP                : enabled
20220608 013804.890 INFO             PET1  NUMBER_OF_PROCESSORS           4
20220608 013804.890 INFO             PET1  PASS  Example ESMF_VMUserMpiCommMultiEx, ESMF_VMUserMpiCommMultiEx.F90, line 126
20220608 013804.890 INFO             PET1 Finalizing ESMF
20220608 013804.891 INFO             PET1 !!!!!!!!!!!!!!!!!!!!!!!!!!!!!!!!!!!!!!!!!!!!!!!!!!!!!!
20220608 013804.891 INFO             PET1 !!! THE ESMF_LOG IS SET TO OUTPUT ALL LOG MESSAGES !!!
20220608 013804.891 INFO             PET1 !!!     THIS MAY CAUSE SLOWDOWN IN PERFORMANCE     !!!
20220608 013804.891 INFO             PET1 !!! FOR PRODUCTION RUNS, USE:                      !!!
20220608 013804.891 INFO             PET1 !!!                   ESMF_LOGKIND_Multi_On_Error  !!!
20220608 013804.891 INFO             PET1 !!!!!!!!!!!!!!!!!!!!!!!!!!!!!!!!!!!!!!!!!!!!!!!!!!!!!!
20220608 013804.891 INFO             PET1 Running with ESMF Version   : v8.3.0
20220608 013804.891 INFO             PET1 ESMF library build date/time: "Jun  8 2022" "01:02:32"
20220608 013804.891 INFO             PET1 ESMF library build location : /lustre/f2/dev/ncep/Mark.Potts/intel_2019.5_mpi_g_v8.3.0
20220608 013804.891 INFO             PET1 ESMF_COMM                   : mpi
20220608 013804.892 INFO             PET1 ESMF_MOAB                   : enabled
20220608 013804.892 INFO             PET1 ESMF_LAPACK                 : enabled
20220608 013804.892 INFO             PET1 ESMF_NETCDF                 : enabled
20220608 013804.892 INFO             PET1 ESMF_PNETCDF                : disabled
20220608 013804.892 INFO             PET1 ESMF_PIO                    : enabled
20220608 013804.892 INFO             PET1 ESMF_YAMLCPP                : enabled
20220608 013804.892 INFO             PET1  NUMBER_OF_PROCESSORS           4
20220608 013804.892 INFO             PET1  PASS  Example ESMF_VMUserMpiCommMultiEx, ESMF_VMUserMpiCommMultiEx.F90, line 154
20220608 013804.892 INFO             PET1 Finalizing ESMF
