build time -- 2022-05-25 04:12:01
20220525 051853.594 INFO             PET0 !!!!!!!!!!!!!!!!!!!!!!!!!!!!!!!!!!!!!!!!!!!!!!!!!!!!!!
20220525 051853.594 INFO             PET0 !!! THE ESMF_LOG IS SET TO OUTPUT ALL LOG MESSAGES !!!
20220525 051853.594 INFO             PET0 !!!     THIS MAY CAUSE SLOWDOWN IN PERFORMANCE     !!!
20220525 051853.594 INFO             PET0 !!! FOR PRODUCTION RUNS, USE:                      !!!
20220525 051853.594 INFO             PET0 !!!                   ESMF_LOGKIND_Multi_On_Error  !!!
20220525 051853.594 INFO             PET0 !!!!!!!!!!!!!!!!!!!!!!!!!!!!!!!!!!!!!!!!!!!!!!!!!!!!!!
20220525 051853.594 INFO             PET0 Running with ESMF Version   : v8.3.0b16
20220525 051853.594 INFO             PET0 ESMF library build date/time: "May 25 2022" "04:09:50"
20220525 051853.594 INFO             PET0 ESMF library build location : /mnt/lfs4/HFIP/hfv3gfs/Mark.Potts/intel_2020.2_intelmpi_O_develop
20220525 051853.594 INFO             PET0 ESMF_COMM                   : intelmpi
20220525 051854.135 INFO             PET0 ESMF_MOAB                   : enabled
20220525 051854.135 INFO             PET0 ESMF_LAPACK                 : enabled
20220525 051854.135 INFO             PET0 ESMF_NETCDF                 : enabled
20220525 051854.135 INFO             PET0 ESMF_PNETCDF                : disabled
20220525 051854.135 INFO             PET0 ESMF_PIO                    : enabled
20220525 051854.135 INFO             PET0 ESMF_YAMLCPP                : enabled
20220525 051854.185 DEBUG            PET0 about to destroy Grid: 0x22593f0
20220525 051854.189 DEBUG            PET0 about to destroy Grid: 0x225b120
20220525 051854.202 INFO             PET0  NUMBER_OF_PROCESSORS           4
20220525 051854.202 INFO             PET0  PASS  Example ESMF_NUOPCAtmModelEx, ESMF_NUOPCAtmModelEx.F90, line 806
20220525 051854.202 INFO             PET0 Finalizing ESMF
20220525 051853.594 INFO             PET1 !!!!!!!!!!!!!!!!!!!!!!!!!!!!!!!!!!!!!!!!!!!!!!!!!!!!!!
20220525 051853.594 INFO             PET1 !!! THE ESMF_LOG IS SET TO OUTPUT ALL LOG MESSAGES !!!
20220525 051853.594 INFO             PET1 !!!     THIS MAY CAUSE SLOWDOWN IN PERFORMANCE     !!!
20220525 051853.594 INFO             PET1 !!! FOR PRODUCTION RUNS, USE:                      !!!
20220525 051853.594 INFO             PET1 !!!                   ESMF_LOGKIND_Multi_On_Error  !!!
20220525 051853.594 INFO             PET1 !!!!!!!!!!!!!!!!!!!!!!!!!!!!!!!!!!!!!!!!!!!!!!!!!!!!!!
20220525 051853.594 INFO             PET1 Running with ESMF Version   : v8.3.0b16
20220525 051853.594 INFO             PET1 ESMF library build date/time: "May 25 2022" "04:09:50"
20220525 051853.594 INFO             PET1 ESMF library build location : /mnt/lfs4/HFIP/hfv3gfs/Mark.Potts/intel_2020.2_intelmpi_O_develop
20220525 051853.594 INFO             PET1 ESMF_COMM                   : intelmpi
20220525 051853.595 INFO             PET1 ESMF_MOAB                   : enabled
20220525 051853.595 INFO             PET1 ESMF_LAPACK                 : enabled
20220525 051853.595 INFO             PET1 ESMF_NETCDF                 : enabled
20220525 051853.595 INFO             PET1 ESMF_PNETCDF                : disabled
20220525 051853.595 INFO             PET1 ESMF_PIO                    : enabled
20220525 051853.595 INFO             PET1 ESMF_YAMLCPP                : enabled
20220525 051854.185 DEBUG            PET1 about to destroy Grid: 0x1924dc0
20220525 051854.189 DEBUG            PET1 about to destroy Grid: 0x19270f0
20220525 051854.202 INFO             PET1  NUMBER_OF_PROCESSORS           4
20220525 051854.202 INFO             PET1  PASS  Example ESMF_NUOPCAtmModelEx, ESMF_NUOPCAtmModelEx.F90, line 806
20220525 051854.202 INFO             PET1 Finalizing ESMF
20220525 051853.594 INFO             PET2 !!!!!!!!!!!!!!!!!!!!!!!!!!!!!!!!!!!!!!!!!!!!!!!!!!!!!!
20220525 051853.595 INFO             PET2 !!! THE ESMF_LOG IS SET TO OUTPUT ALL LOG MESSAGES !!!
20220525 051853.595 INFO             PET2 !!!     THIS MAY CAUSE SLOWDOWN IN PERFORMANCE     !!!
20220525 051853.595 INFO             PET2 !!! FOR PRODUCTION RUNS, USE:                      !!!
20220525 051853.595 INFO             PET2 !!!                   ESMF_LOGKIND_Multi_On_Error  !!!
20220525 051853.595 INFO             PET2 !!!!!!!!!!!!!!!!!!!!!!!!!!!!!!!!!!!!!!!!!!!!!!!!!!!!!!
20220525 051853.595 INFO             PET2 Running with ESMF Version   : v8.3.0b16
20220525 051853.595 INFO             PET2 ESMF library build date/time: "May 25 2022" "04:09:50"
20220525 051853.595 INFO             PET2 ESMF library build location : /mnt/lfs4/HFIP/hfv3gfs/Mark.Potts/intel_2020.2_intelmpi_O_develop
20220525 051853.595 INFO             PET2 ESMF_COMM                   : intelmpi
20220525 051853.596 INFO             PET2 ESMF_MOAB                   : enabled
20220525 051853.596 INFO             PET2 ESMF_LAPACK                 : enabled
20220525 051853.596 INFO             PET2 ESMF_NETCDF                 : enabled
20220525 051853.596 INFO             PET2 ESMF_PNETCDF                : disabled
20220525 051853.596 INFO             PET2 ESMF_PIO                    : enabled
20220525 051853.596 INFO             PET2 ESMF_YAMLCPP                : enabled
20220525 051854.185 DEBUG            PET2 about to destroy Grid: 0xdc5dc0
20220525 051854.189 DEBUG            PET2 about to destroy Grid: 0xdc80f0
20220525 051854.202 INFO             PET2  NUMBER_OF_PROCESSORS           4
20220525 051854.202 INFO             PET2  PASS  Example ESMF_NUOPCAtmModelEx, ESMF_NUOPCAtmModelEx.F90, line 806
20220525 051854.202 INFO             PET2 Finalizing ESMF
20220525 051853.594 INFO             PET3 !!!!!!!!!!!!!!!!!!!!!!!!!!!!!!!!!!!!!!!!!!!!!!!!!!!!!!
20220525 051853.595 INFO             PET3 !!! THE ESMF_LOG IS SET TO OUTPUT ALL LOG MESSAGES !!!
20220525 051853.595 INFO             PET3 !!!     THIS MAY CAUSE SLOWDOWN IN PERFORMANCE     !!!
20220525 051853.595 INFO             PET3 !!! FOR PRODUCTION RUNS, USE:                      !!!
20220525 051853.595 INFO             PET3 !!!                   ESMF_LOGKIND_Multi_On_Error  !!!
20220525 051853.595 INFO             PET3 !!!!!!!!!!!!!!!!!!!!!!!!!!!!!!!!!!!!!!!!!!!!!!!!!!!!!!
20220525 051853.595 INFO             PET3 Running with ESMF Version   : v8.3.0b16
20220525 051853.595 INFO             PET3 ESMF library build date/time: "May 25 2022" "04:09:50"
20220525 051853.595 INFO             PET3 ESMF library build location : /mnt/lfs4/HFIP/hfv3gfs/Mark.Potts/intel_2020.2_intelmpi_O_develop
20220525 051853.595 INFO             PET3 ESMF_COMM                   : intelmpi
20220525 051853.596 INFO             PET3 ESMF_MOAB                   : enabled
20220525 051853.596 INFO             PET3 ESMF_LAPACK                 : enabled
20220525 051853.596 INFO             PET3 ESMF_NETCDF                 : enabled
20220525 051853.596 INFO             PET3 ESMF_PNETCDF                : disabled
20220525 051853.596 INFO             PET3 ESMF_PIO                    : enabled
20220525 051853.596 INFO             PET3 ESMF_YAMLCPP                : enabled
20220525 051854.185 DEBUG            PET3 about to destroy Grid: 0x2358e00
20220525 051854.189 DEBUG            PET3 about to destroy Grid: 0x235b130
20220525 051854.202 INFO             PET3  NUMBER_OF_PROCESSORS           4
20220525 051854.202 INFO             PET3  PASS  Example ESMF_NUOPCAtmModelEx, ESMF_NUOPCAtmModelEx.F90, line 806
20220525 051854.202 INFO             PET3 Finalizing ESMF
