build time -- 2022-06-03 02:15:27.935709
20220603 025305.596 INFO             PET0 !!!!!!!!!!!!!!!!!!!!!!!!!!!!!!!!!!!!!!!!!!!!!!!!!!!!!!
20220603 025305.596 INFO             PET0 !!! THE ESMF_LOG IS SET TO OUTPUT ALL LOG MESSAGES !!!
20220603 025305.596 INFO             PET0 !!!     THIS MAY CAUSE SLOWDOWN IN PERFORMANCE     !!!
20220603 025305.596 INFO             PET0 !!! FOR PRODUCTION RUNS, USE:                      !!!
20220603 025305.596 INFO             PET0 !!!                   ESMF_LOGKIND_Multi_On_Error  !!!
20220603 025305.596 INFO             PET0 !!!!!!!!!!!!!!!!!!!!!!!!!!!!!!!!!!!!!!!!!!!!!!!!!!!!!!
20220603 025305.596 INFO             PET0 Running with ESMF Version   : v8.4.0b00
20220603 025305.596 INFO             PET0 ESMF library build date/time: "Jun  3 2022" "02:13:12"
20220603 025305.596 INFO             PET0 ESMF library build location : /glade/scratch/dunlap/esmf-testing/gfortran_7.4.0_openmpi_O_develop
20220603 025305.596 INFO             PET0 ESMF_COMM                   : openmpi
20220603 025305.596 INFO             PET0 ESMF_MOAB                   : enabled
20220603 025305.596 INFO             PET0 ESMF_LAPACK                 : enabled
20220603 025305.596 INFO             PET0 ESMF_NETCDF                 : enabled
20220603 025305.596 INFO             PET0 ESMF_PNETCDF                : disabled
20220603 025305.596 INFO             PET0 ESMF_PIO                    : enabled
20220603 025305.596 INFO             PET0 ESMF_YAMLCPP                : enabled
20220603 025305.635 DEBUG            PET0 about to destroy Grid: 0x1ca61c0
20220603 025305.639 DEBUG            PET0 about to destroy Grid: 0x1ca8070
20220603 025305.651 INFO             PET0  NUMBER_OF_PROCESSORS           4
20220603 025305.651 INFO             PET0  PASS  Example ESMF_NUOPCAtmModelEx, ESMF_NUOPCAtmModelEx.F90, line 806
20220603 025305.651 INFO             PET0 Finalizing ESMF
20220603 025305.589 INFO             PET1 !!!!!!!!!!!!!!!!!!!!!!!!!!!!!!!!!!!!!!!!!!!!!!!!!!!!!!
20220603 025305.589 INFO             PET1 !!! THE ESMF_LOG IS SET TO OUTPUT ALL LOG MESSAGES !!!
20220603 025305.589 INFO             PET1 !!!     THIS MAY CAUSE SLOWDOWN IN PERFORMANCE     !!!
20220603 025305.589 INFO             PET1 !!! FOR PRODUCTION RUNS, USE:                      !!!
20220603 025305.589 INFO             PET1 !!!                   ESMF_LOGKIND_Multi_On_Error  !!!
20220603 025305.589 INFO             PET1 !!!!!!!!!!!!!!!!!!!!!!!!!!!!!!!!!!!!!!!!!!!!!!!!!!!!!!
20220603 025305.589 INFO             PET1 Running with ESMF Version   : v8.4.0b00
20220603 025305.589 INFO             PET1 ESMF library build date/time: "Jun  3 2022" "02:13:12"
20220603 025305.589 INFO             PET1 ESMF library build location : /glade/scratch/dunlap/esmf-testing/gfortran_7.4.0_openmpi_O_develop
20220603 025305.589 INFO             PET1 ESMF_COMM                   : openmpi
20220603 025305.589 INFO             PET1 ESMF_MOAB                   : enabled
20220603 025305.589 INFO             PET1 ESMF_LAPACK                 : enabled
20220603 025305.589 INFO             PET1 ESMF_NETCDF                 : enabled
20220603 025305.589 INFO             PET1 ESMF_PNETCDF                : disabled
20220603 025305.589 INFO             PET1 ESMF_PIO                    : enabled
20220603 025305.589 INFO             PET1 ESMF_YAMLCPP                : enabled
20220603 025305.635 DEBUG            PET1 about to destroy Grid: 0x15011d0
20220603 025305.639 DEBUG            PET1 about to destroy Grid: 0x1502720
20220603 025305.651 INFO             PET1  NUMBER_OF_PROCESSORS           4
20220603 025305.651 INFO             PET1  PASS  Example ESMF_NUOPCAtmModelEx, ESMF_NUOPCAtmModelEx.F90, line 806
20220603 025305.651 INFO             PET1 Finalizing ESMF
20220603 025305.588 INFO             PET2 !!!!!!!!!!!!!!!!!!!!!!!!!!!!!!!!!!!!!!!!!!!!!!!!!!!!!!
20220603 025305.589 INFO             PET2 !!! THE ESMF_LOG IS SET TO OUTPUT ALL LOG MESSAGES !!!
20220603 025305.589 INFO             PET2 !!!     THIS MAY CAUSE SLOWDOWN IN PERFORMANCE     !!!
20220603 025305.589 INFO             PET2 !!! FOR PRODUCTION RUNS, USE:                      !!!
20220603 025305.589 INFO             PET2 !!!                   ESMF_LOGKIND_Multi_On_Error  !!!
20220603 025305.589 INFO             PET2 !!!!!!!!!!!!!!!!!!!!!!!!!!!!!!!!!!!!!!!!!!!!!!!!!!!!!!
20220603 025305.589 INFO             PET2 Running with ESMF Version   : v8.4.0b00
20220603 025305.589 INFO             PET2 ESMF library build date/time: "Jun  3 2022" "02:13:12"
20220603 025305.589 INFO             PET2 ESMF library build location : /glade/scratch/dunlap/esmf-testing/gfortran_7.4.0_openmpi_O_develop
20220603 025305.589 INFO             PET2 ESMF_COMM                   : openmpi
20220603 025305.589 INFO             PET2 ESMF_MOAB                   : enabled
20220603 025305.589 INFO             PET2 ESMF_LAPACK                 : enabled
20220603 025305.589 INFO             PET2 ESMF_NETCDF                 : enabled
20220603 025305.589 INFO             PET2 ESMF_PNETCDF                : disabled
20220603 025305.589 INFO             PET2 ESMF_PIO                    : enabled
20220603 025305.589 INFO             PET2 ESMF_YAMLCPP                : enabled
20220603 025305.635 DEBUG            PET2 about to destroy Grid: 0x12bd340
20220603 025305.639 DEBUG            PET2 about to destroy Grid: 0x12bee70
20220603 025305.651 INFO             PET2  NUMBER_OF_PROCESSORS           4
20220603 025305.651 INFO             PET2  PASS  Example ESMF_NUOPCAtmModelEx, ESMF_NUOPCAtmModelEx.F90, line 806
20220603 025305.651 INFO             PET2 Finalizing ESMF
20220603 025305.588 INFO             PET3 !!!!!!!!!!!!!!!!!!!!!!!!!!!!!!!!!!!!!!!!!!!!!!!!!!!!!!
20220603 025305.588 INFO             PET3 !!! THE ESMF_LOG IS SET TO OUTPUT ALL LOG MESSAGES !!!
20220603 025305.588 INFO             PET3 !!!     THIS MAY CAUSE SLOWDOWN IN PERFORMANCE     !!!
20220603 025305.588 INFO             PET3 !!! FOR PRODUCTION RUNS, USE:                      !!!
20220603 025305.588 INFO             PET3 !!!                   ESMF_LOGKIND_Multi_On_Error  !!!
20220603 025305.588 INFO             PET3 !!!!!!!!!!!!!!!!!!!!!!!!!!!!!!!!!!!!!!!!!!!!!!!!!!!!!!
20220603 025305.588 INFO             PET3 Running with ESMF Version   : v8.4.0b00
20220603 025305.588 INFO             PET3 ESMF library build date/time: "Jun  3 2022" "02:13:12"
20220603 025305.588 INFO             PET3 ESMF library build location : /glade/scratch/dunlap/esmf-testing/gfortran_7.4.0_openmpi_O_develop
20220603 025305.588 INFO             PET3 ESMF_COMM                   : openmpi
20220603 025305.589 INFO             PET3 ESMF_MOAB                   : enabled
20220603 025305.589 INFO             PET3 ESMF_LAPACK                 : enabled
20220603 025305.589 INFO             PET3 ESMF_NETCDF                 : enabled
20220603 025305.589 INFO             PET3 ESMF_PNETCDF                : disabled
20220603 025305.589 INFO             PET3 ESMF_PIO                    : enabled
20220603 025305.589 INFO             PET3 ESMF_YAMLCPP                : enabled
20220603 025305.635 DEBUG            PET3 about to destroy Grid: 0xcb23a0
20220603 025305.639 DEBUG            PET3 about to destroy Grid: 0xcb3a10
20220603 025305.651 INFO             PET3  NUMBER_OF_PROCESSORS           4
20220603 025305.651 INFO             PET3  PASS  Example ESMF_NUOPCAtmModelEx, ESMF_NUOPCAtmModelEx.F90, line 806
20220603 025305.651 INFO             PET3 Finalizing ESMF
