build time -- 2022-05-04 01:40:04.921408
20220504 022200.020 INFO             PET0 !!!!!!!!!!!!!!!!!!!!!!!!!!!!!!!!!!!!!!!!!!!!!!!!!!!!!!
20220504 022200.020 INFO             PET0 !!! THE ESMF_LOG IS SET TO OUTPUT ALL LOG MESSAGES !!!
20220504 022200.020 INFO             PET0 !!!     THIS MAY CAUSE SLOWDOWN IN PERFORMANCE     !!!
20220504 022200.020 INFO             PET0 !!! FOR PRODUCTION RUNS, USE:                      !!!
20220504 022200.020 INFO             PET0 !!!                   ESMF_LOGKIND_Multi_On_Error  !!!
20220504 022200.020 INFO             PET0 !!!!!!!!!!!!!!!!!!!!!!!!!!!!!!!!!!!!!!!!!!!!!!!!!!!!!!
20220504 022200.020 INFO             PET0 Running with ESMF Version   : v8.3.0b13-13-ge46b348a99
20220504 022200.020 INFO             PET0 ESMF library build date/time: "May  4 2022" "01:39:09"
20220504 022200.020 INFO             PET0 ESMF library build location : /gpfsm/dnb04/projects/p98/mpotts/esmf/gfortran_8.3.0_mpiuni_O_develop
20220504 022200.020 INFO             PET0 ESMF_COMM                   : mpiuni
20220504 022200.020 INFO             PET0 ESMF_MOAB                   : enabled
20220504 022200.020 INFO             PET0 ESMF_LAPACK                 : enabled
20220504 022200.020 INFO             PET0 ESMF_NETCDF                 : disabled
20220504 022200.020 INFO             PET0 ESMF_PNETCDF                : disabled
20220504 022200.020 INFO             PET0 ESMF_PIO                    : disabled
20220504 022200.020 INFO             PET0 ESMF_YAMLCPP                : enabled
20220504 022200.021 INFO             PET0  NUMBER_OF_PROCESSORS           1
20220504 022200.021 INFO             PET0  PASS  Example ESMF_VMDefaultBasicsEx, ESMF_VMDefaultBasicsEx.F90, line 107
20220504 022200.021 INFO             PET0 Finalizing ESMF
