build time -- 2022-05-06 01:07:08.960019
20220506 012522.933 INFO             PET0 !!!!!!!!!!!!!!!!!!!!!!!!!!!!!!!!!!!!!!!!!!!!!!!!!!!!!!
20220506 012522.933 INFO             PET0 !!! THE ESMF_LOG IS SET TO OUTPUT ALL LOG MESSAGES !!!
20220506 012522.933 INFO             PET0 !!!     THIS MAY CAUSE SLOWDOWN IN PERFORMANCE     !!!
20220506 012522.933 INFO             PET0 !!! FOR PRODUCTION RUNS, USE:                      !!!
20220506 012522.933 INFO             PET0 !!!                   ESMF_LOGKIND_Multi_On_Error  !!!
20220506 012522.933 INFO             PET0 !!!!!!!!!!!!!!!!!!!!!!!!!!!!!!!!!!!!!!!!!!!!!!!!!!!!!!
20220506 012522.933 INFO             PET0 Running with ESMF Version   : v8.3.0b13-29-g945a2c14d6
20220506 012522.933 INFO             PET0 ESMF library build date/time: "May  6 2022" "01:06:06"
20220506 012522.933 INFO             PET0 ESMF library build location : /gpfsm/dnb04/projects/p98/mpotts/esmf/gfortran_8.3.0_mpiuni_O_develop
20220506 012522.933 INFO             PET0 ESMF_COMM                   : mpiuni
20220506 012522.933 INFO             PET0 ESMF_MOAB                   : enabled
20220506 012522.933 INFO             PET0 ESMF_LAPACK                 : enabled
20220506 012522.933 INFO             PET0 ESMF_NETCDF                 : disabled
20220506 012522.933 INFO             PET0 ESMF_PNETCDF                : disabled
20220506 012522.933 INFO             PET0 ESMF_PIO                    : disabled
20220506 012522.933 INFO             PET0 ESMF_YAMLCPP                : enabled
20220506 012522.934 INFO             PET0  NUMBER_OF_PROCESSORS           1
20220506 012522.934 INFO             PET0  PASS  Example ESMF_GridCreateRegFromDGEx, ESMF_GridCreateRegFromDGEx.F90, line 112
20220506 012522.934 INFO             PET0 Finalizing ESMF
