build time -- 2022-04-14 01:13:02.661100
20220414 013046.382 INFO             PET0 !!!!!!!!!!!!!!!!!!!!!!!!!!!!!!!!!!!!!!!!!!!!!!!!!!!!!!
20220414 013046.382 INFO             PET0 !!! THE ESMF_LOG IS SET TO OUTPUT ALL LOG MESSAGES !!!
20220414 013046.382 INFO             PET0 !!!     THIS MAY CAUSE SLOWDOWN IN PERFORMANCE     !!!
20220414 013046.382 INFO             PET0 !!! FOR PRODUCTION RUNS, USE:                      !!!
20220414 013046.382 INFO             PET0 !!!                   ESMF_LOGKIND_Multi_On_Error  !!!
20220414 013046.382 INFO             PET0 !!!!!!!!!!!!!!!!!!!!!!!!!!!!!!!!!!!!!!!!!!!!!!!!!!!!!!
20220414 013046.382 INFO             PET0 Running with ESMF Version   : v8.3.0b12-62-gbae6f575dd
20220414 013046.382 INFO             PET0 ESMF library build date/time: "Apr 14 2022" "01:12:00"
20220414 013046.382 INFO             PET0 ESMF library build location : /gpfsm/dnb04/projects/p98/mpotts/esmf/gfortran_8.3.0_mpiuni_O_develop
20220414 013046.382 INFO             PET0 ESMF_COMM                   : mpiuni
20220414 013046.382 INFO             PET0 ESMF_MOAB                   : enabled
20220414 013046.383 INFO             PET0 ESMF_LAPACK                 : enabled
20220414 013046.383 INFO             PET0 ESMF_NETCDF                 : disabled
20220414 013046.383 INFO             PET0 ESMF_PNETCDF                : disabled
20220414 013046.383 INFO             PET0 ESMF_PIO                    : disabled
20220414 013046.383 INFO             PET0 ESMF_YAMLCPP                : enabled
20220414 013046.383 INFO             PET0  NUMBER_OF_PROCESSORS           1
20220414 013046.383 INFO             PET0  PASS  Example ESMF_AttachMethodsEx, ESMF_AttachMethodsEx.F90, line 292
20220414 013046.383 INFO             PET0 Finalizing ESMF
