build time -- 2022-06-07 00:29:48
20220607 014144.407 INFO             PET0 !!!!!!!!!!!!!!!!!!!!!!!!!!!!!!!!!!!!!!!!!!!!!!!!!!!!!!
20220607 014144.407 INFO             PET0 !!! THE ESMF_LOG IS SET TO OUTPUT ALL LOG MESSAGES !!!
20220607 014144.407 INFO             PET0 !!!     THIS MAY CAUSE SLOWDOWN IN PERFORMANCE     !!!
20220607 014144.407 INFO             PET0 !!! FOR PRODUCTION RUNS, USE:                      !!!
20220607 014144.407 INFO             PET0 !!!                   ESMF_LOGKIND_Multi_On_Error  !!!
20220607 014144.407 INFO             PET0 !!!!!!!!!!!!!!!!!!!!!!!!!!!!!!!!!!!!!!!!!!!!!!!!!!!!!!
20220607 014144.408 INFO             PET0 Running with ESMF Version   : v8.3.0
20220607 014144.408 INFO             PET0 ESMF library build date/time: "Jun  7 2022" "00:28:16"
20220607 014144.408 INFO             PET0 ESMF library build location : /lustre/f2/dev/ncep/Mark.Potts/gfortran_8.3.0_mpi_O_v8.3.0
20220607 014144.408 INFO             PET0 ESMF_COMM                   : mpi
20220607 014144.408 INFO             PET0 ESMF_MOAB                   : enabled
20220607 014144.408 INFO             PET0 ESMF_LAPACK                 : enabled
20220607 014144.408 INFO             PET0 ESMF_NETCDF                 : enabled
20220607 014144.408 INFO             PET0 ESMF_PNETCDF                : disabled
20220607 014144.408 INFO             PET0 ESMF_PIO                    : enabled
20220607 014144.408 INFO             PET0 ESMF_YAMLCPP                : enabled
20220607 014144.411 INFO             PET0  NUMBER_OF_PROCESSORS           1
20220607 014144.412 INFO             PET0  PASS  Example CalendarEx, ESMF_CalendarEx.F90, line 217
20220607 014144.412 INFO             PET0 Finalizing ESMF
