build time -- 2022-04-05 02:29:57
20220405 030429.745 INFO             PET0 !!!!!!!!!!!!!!!!!!!!!!!!!!!!!!!!!!!!!!!!!!!!!!!!!!!!!!
20220405 030429.745 INFO             PET0 !!! THE ESMF_LOG IS SET TO OUTPUT ALL LOG MESSAGES !!!
20220405 030429.745 INFO             PET0 !!!     THIS MAY CAUSE SLOWDOWN IN PERFORMANCE     !!!
20220405 030429.745 INFO             PET0 !!! FOR PRODUCTION RUNS, USE:                      !!!
20220405 030429.745 INFO             PET0 !!!                   ESMF_LOGKIND_Multi_On_Error  !!!
20220405 030429.745 INFO             PET0 !!!!!!!!!!!!!!!!!!!!!!!!!!!!!!!!!!!!!!!!!!!!!!!!!!!!!!
20220405 030429.745 INFO             PET0 Running with ESMF Version   : v8.3.0b12
20220405 030429.745 INFO             PET0 ESMF library build date/time: "Apr  5 2022" "02:28:26"
20220405 030429.745 INFO             PET0 ESMF library build location : /work/noaa/da/mpotts/sandbox/intel_2020.2_intelmpi_g_develop
20220405 030429.745 INFO             PET0 ESMF_COMM                   : intelmpi
20220405 030429.748 INFO             PET0 ESMF_MOAB                   : enabled
20220405 030429.748 INFO             PET0 ESMF_LAPACK                 : enabled
20220405 030429.748 INFO             PET0 ESMF_NETCDF                 : enabled
20220405 030429.748 INFO             PET0 ESMF_PNETCDF                : disabled
20220405 030429.748 INFO             PET0 ESMF_PIO                    : enabled
20220405 030429.748 INFO             PET0 ESMF_YAMLCPP                : enabled
20220405 030429.760 INFO             PET0  NUMBER_OF_PROCESSORS           1
20220405 030429.760 INFO             PET0  PASS  Example ESMF_XGridSparseMatEx, ESMF_XGridSparseMatEx.F90, line 642
20220405 030429.760 INFO             PET0 Finalizing ESMF
