build time -- 2022-04-02 02:34:45
20220402 030743.893 INFO             PET0 !!!!!!!!!!!!!!!!!!!!!!!!!!!!!!!!!!!!!!!!!!!!!!!!!!!!!!
20220402 030743.893 INFO             PET0 !!! THE ESMF_LOG IS SET TO OUTPUT ALL LOG MESSAGES !!!
20220402 030743.893 INFO             PET0 !!!     THIS MAY CAUSE SLOWDOWN IN PERFORMANCE     !!!
20220402 030743.893 INFO             PET0 !!! FOR PRODUCTION RUNS, USE:                      !!!
20220402 030743.893 INFO             PET0 !!!                   ESMF_LOGKIND_Multi_On_Error  !!!
20220402 030743.893 INFO             PET0 !!!!!!!!!!!!!!!!!!!!!!!!!!!!!!!!!!!!!!!!!!!!!!!!!!!!!!
20220402 030743.893 INFO             PET0 Running with ESMF Version   : v8.3.0b12
20220402 030743.893 INFO             PET0 ESMF library build date/time: "Apr  2 2022" "02:32:42"
20220402 030743.893 INFO             PET0 ESMF library build location : /work/noaa/da/mpotts/sandbox/intel_2020.2_intelmpi_g_develop
20220402 030743.893 INFO             PET0 ESMF_COMM                   : intelmpi
20220402 030743.894 INFO             PET0 ESMF_MOAB                   : enabled
20220402 030743.894 INFO             PET0 ESMF_LAPACK                 : enabled
20220402 030743.894 INFO             PET0 ESMF_NETCDF                 : enabled
20220402 030743.894 INFO             PET0 ESMF_PNETCDF                : disabled
20220402 030743.894 INFO             PET0 ESMF_PIO                    : enabled
20220402 030743.894 INFO             PET0 ESMF_YAMLCPP                : enabled
20220402 030743.895 INFO             PET0  NUMBER_OF_PROCESSORS           4
20220402 030743.895 INFO             PET0  PASS  Example ESMF_VMUserMpiCommMultiEx, ESMF_VMUserMpiCommMultiEx.F90, line 126
20220402 030743.895 INFO             PET0 Finalizing ESMF
20220402 030743.894 INFO             PET0 !!!!!!!!!!!!!!!!!!!!!!!!!!!!!!!!!!!!!!!!!!!!!!!!!!!!!!
20220402 030743.894 INFO             PET0 !!! THE ESMF_LOG IS SET TO OUTPUT ALL LOG MESSAGES !!!
20220402 030743.894 INFO             PET0 !!!     THIS MAY CAUSE SLOWDOWN IN PERFORMANCE     !!!
20220402 030743.894 INFO             PET0 !!! FOR PRODUCTION RUNS, USE:                      !!!
20220402 030743.894 INFO             PET0 !!!                   ESMF_LOGKIND_Multi_On_Error  !!!
20220402 030743.894 INFO             PET0 !!!!!!!!!!!!!!!!!!!!!!!!!!!!!!!!!!!!!!!!!!!!!!!!!!!!!!
20220402 030743.894 INFO             PET0 Running with ESMF Version   : v8.3.0b12
20220402 030743.894 INFO             PET0 ESMF library build date/time: "Apr  2 2022" "02:32:42"
20220402 030743.894 INFO             PET0 ESMF library build location : /work/noaa/da/mpotts/sandbox/intel_2020.2_intelmpi_g_develop
20220402 030743.894 INFO             PET0 ESMF_COMM                   : intelmpi
20220402 030743.895 INFO             PET0 ESMF_MOAB                   : enabled
20220402 030743.895 INFO             PET0 ESMF_LAPACK                 : enabled
20220402 030743.895 INFO             PET0 ESMF_NETCDF                 : enabled
20220402 030743.895 INFO             PET0 ESMF_PNETCDF                : disabled
20220402 030743.895 INFO             PET0 ESMF_PIO                    : enabled
20220402 030743.895 INFO             PET0 ESMF_YAMLCPP                : enabled
20220402 030743.895 INFO             PET0  NUMBER_OF_PROCESSORS           4
20220402 030743.895 INFO             PET0  PASS  Example ESMF_VMUserMpiCommMultiEx, ESMF_VMUserMpiCommMultiEx.F90, line 154
20220402 030743.895 INFO             PET0 Finalizing ESMF
20220402 030743.894 INFO             PET1 !!!!!!!!!!!!!!!!!!!!!!!!!!!!!!!!!!!!!!!!!!!!!!!!!!!!!!
20220402 030743.894 INFO             PET1 !!! THE ESMF_LOG IS SET TO OUTPUT ALL LOG MESSAGES !!!
20220402 030743.894 INFO             PET1 !!!     THIS MAY CAUSE SLOWDOWN IN PERFORMANCE     !!!
20220402 030743.894 INFO             PET1 !!! FOR PRODUCTION RUNS, USE:                      !!!
20220402 030743.894 INFO             PET1 !!!                   ESMF_LOGKIND_Multi_On_Error  !!!
20220402 030743.894 INFO             PET1 !!!!!!!!!!!!!!!!!!!!!!!!!!!!!!!!!!!!!!!!!!!!!!!!!!!!!!
20220402 030743.894 INFO             PET1 Running with ESMF Version   : v8.3.0b12
20220402 030743.894 INFO             PET1 ESMF library build date/time: "Apr  2 2022" "02:32:42"
20220402 030743.894 INFO             PET1 ESMF library build location : /work/noaa/da/mpotts/sandbox/intel_2020.2_intelmpi_g_develop
20220402 030743.894 INFO             PET1 ESMF_COMM                   : intelmpi
20220402 030743.895 INFO             PET1 ESMF_MOAB                   : enabled
20220402 030743.895 INFO             PET1 ESMF_LAPACK                 : enabled
20220402 030743.895 INFO             PET1 ESMF_NETCDF                 : enabled
20220402 030743.895 INFO             PET1 ESMF_PNETCDF                : disabled
20220402 030743.895 INFO             PET1 ESMF_PIO                    : enabled
20220402 030743.895 INFO             PET1 ESMF_YAMLCPP                : enabled
20220402 030743.895 INFO             PET1  NUMBER_OF_PROCESSORS           4
20220402 030743.895 INFO             PET1  PASS  Example ESMF_VMUserMpiCommMultiEx, ESMF_VMUserMpiCommMultiEx.F90, line 126
20220402 030743.895 INFO             PET1 Finalizing ESMF
20220402 030743.894 INFO             PET1 !!!!!!!!!!!!!!!!!!!!!!!!!!!!!!!!!!!!!!!!!!!!!!!!!!!!!!
20220402 030743.894 INFO             PET1 !!! THE ESMF_LOG IS SET TO OUTPUT ALL LOG MESSAGES !!!
20220402 030743.894 INFO             PET1 !!!     THIS MAY CAUSE SLOWDOWN IN PERFORMANCE     !!!
20220402 030743.894 INFO             PET1 !!! FOR PRODUCTION RUNS, USE:                      !!!
20220402 030743.894 INFO             PET1 !!!                   ESMF_LOGKIND_Multi_On_Error  !!!
20220402 030743.894 INFO             PET1 !!!!!!!!!!!!!!!!!!!!!!!!!!!!!!!!!!!!!!!!!!!!!!!!!!!!!!
20220402 030743.894 INFO             PET1 Running with ESMF Version   : v8.3.0b12
20220402 030743.894 INFO             PET1 ESMF library build date/time: "Apr  2 2022" "02:32:42"
20220402 030743.894 INFO             PET1 ESMF library build location : /work/noaa/da/mpotts/sandbox/intel_2020.2_intelmpi_g_develop
20220402 030743.894 INFO             PET1 ESMF_COMM                   : intelmpi
20220402 030743.895 INFO             PET1 ESMF_MOAB                   : enabled
20220402 030743.895 INFO             PET1 ESMF_LAPACK                 : enabled
20220402 030743.895 INFO             PET1 ESMF_NETCDF                 : enabled
20220402 030743.895 INFO             PET1 ESMF_PNETCDF                : disabled
20220402 030743.895 INFO             PET1 ESMF_PIO                    : enabled
20220402 030743.895 INFO             PET1 ESMF_YAMLCPP                : enabled
20220402 030743.895 INFO             PET1  NUMBER_OF_PROCESSORS           4
20220402 030743.895 INFO             PET1  PASS  Example ESMF_VMUserMpiCommMultiEx, ESMF_VMUserMpiCommMultiEx.F90, line 154
20220402 030743.895 INFO             PET1 Finalizing ESMF
