build time -- 2022-04-10 02:34:41
20220410 031118.005 INFO             PET0 !!!!!!!!!!!!!!!!!!!!!!!!!!!!!!!!!!!!!!!!!!!!!!!!!!!!!!
20220410 031118.005 INFO             PET0 !!! THE ESMF_LOG IS SET TO OUTPUT ALL LOG MESSAGES !!!
20220410 031118.005 INFO             PET0 !!!     THIS MAY CAUSE SLOWDOWN IN PERFORMANCE     !!!
20220410 031118.005 INFO             PET0 !!! FOR PRODUCTION RUNS, USE:                      !!!
20220410 031118.005 INFO             PET0 !!!                   ESMF_LOGKIND_Multi_On_Error  !!!
20220410 031118.005 INFO             PET0 !!!!!!!!!!!!!!!!!!!!!!!!!!!!!!!!!!!!!!!!!!!!!!!!!!!!!!
20220410 031118.005 INFO             PET0 Running with ESMF Version   : v8.3.0b12-1-g7c85d54
20220410 031118.005 INFO             PET0 ESMF library build date/time: "Apr 10 2022" "02:33:12"
20220410 031118.005 INFO             PET0 ESMF library build location : /work/noaa/da/mpotts/sandbox/intel_2020.2_intelmpi_g_develop
20220410 031118.005 INFO             PET0 ESMF_COMM                   : intelmpi
20220410 031118.006 INFO             PET0 ESMF_MOAB                   : enabled
20220410 031118.006 INFO             PET0 ESMF_LAPACK                 : enabled
20220410 031118.006 INFO             PET0 ESMF_NETCDF                 : enabled
20220410 031118.006 INFO             PET0 ESMF_PNETCDF                : disabled
20220410 031118.006 INFO             PET0 ESMF_PIO                    : enabled
20220410 031118.006 INFO             PET0 ESMF_YAMLCPP                : enabled
20220410 031118.007 INFO             PET0  NUMBER_OF_PROCESSORS           1
20220410 031118.007 INFO             PET0  PASS  Example ESMF_ClockEx, ESMF_ClockEx.F90, line 220
20220410 031118.007 INFO             PET0 Finalizing ESMF
