build time -- 2022-06-07 02:38:54
20220607 031632.378 INFO             PET0 !!!!!!!!!!!!!!!!!!!!!!!!!!!!!!!!!!!!!!!!!!!!!!!!!!!!!!
20220607 031632.379 INFO             PET0 !!! THE ESMF_LOG IS SET TO OUTPUT ALL LOG MESSAGES !!!
20220607 031632.379 INFO             PET0 !!!     THIS MAY CAUSE SLOWDOWN IN PERFORMANCE     !!!
20220607 031632.379 INFO             PET0 !!! FOR PRODUCTION RUNS, USE:                      !!!
20220607 031632.379 INFO             PET0 !!!                   ESMF_LOGKIND_Multi_On_Error  !!!
20220607 031632.379 INFO             PET0 !!!!!!!!!!!!!!!!!!!!!!!!!!!!!!!!!!!!!!!!!!!!!!!!!!!!!!
20220607 031632.379 INFO             PET0 Running with ESMF Version   : v8.4.0b01-1-g3c875a5
20220607 031632.379 INFO             PET0 ESMF library build date/time: "Jun  7 2022" "02:36:35"
20220607 031632.379 INFO             PET0 ESMF library build location : /work/noaa/da/mpotts/sandbox/intel_2020.2_intelmpi_g_develop
20220607 031632.379 INFO             PET0 ESMF_COMM                   : intelmpi
20220607 031632.380 INFO             PET0 ESMF_MOAB                   : enabled
20220607 031632.380 INFO             PET0 ESMF_LAPACK                 : enabled
20220607 031632.380 INFO             PET0 ESMF_NETCDF                 : enabled
20220607 031632.380 INFO             PET0 ESMF_PNETCDF                : disabled
20220607 031632.380 INFO             PET0 ESMF_PIO                    : enabled
20220607 031632.380 INFO             PET0 ESMF_YAMLCPP                : enabled
20220607 031632.392 INFO             PET0  NUMBER_OF_PROCESSORS           4
20220607 031632.392 INFO             PET0  PASS  Example ESMF_ArrayArbHaloEx, ESMF_ArrayArbHaloEx.F90, line 650
20220607 031632.392 INFO             PET0 Finalizing ESMF
20220607 031632.378 INFO             PET1 !!!!!!!!!!!!!!!!!!!!!!!!!!!!!!!!!!!!!!!!!!!!!!!!!!!!!!
20220607 031632.378 INFO             PET1 !!! THE ESMF_LOG IS SET TO OUTPUT ALL LOG MESSAGES !!!
20220607 031632.378 INFO             PET1 !!!     THIS MAY CAUSE SLOWDOWN IN PERFORMANCE     !!!
20220607 031632.378 INFO             PET1 !!! FOR PRODUCTION RUNS, USE:                      !!!
20220607 031632.378 INFO             PET1 !!!                   ESMF_LOGKIND_Multi_On_Error  !!!
20220607 031632.378 INFO             PET1 !!!!!!!!!!!!!!!!!!!!!!!!!!!!!!!!!!!!!!!!!!!!!!!!!!!!!!
20220607 031632.378 INFO             PET1 Running with ESMF Version   : v8.4.0b01-1-g3c875a5
20220607 031632.378 INFO             PET1 ESMF library build date/time: "Jun  7 2022" "02:36:35"
20220607 031632.378 INFO             PET1 ESMF library build location : /work/noaa/da/mpotts/sandbox/intel_2020.2_intelmpi_g_develop
20220607 031632.378 INFO             PET1 ESMF_COMM                   : intelmpi
20220607 031632.379 INFO             PET1 ESMF_MOAB                   : enabled
20220607 031632.379 INFO             PET1 ESMF_LAPACK                 : enabled
20220607 031632.379 INFO             PET1 ESMF_NETCDF                 : enabled
20220607 031632.379 INFO             PET1 ESMF_PNETCDF                : disabled
20220607 031632.379 INFO             PET1 ESMF_PIO                    : enabled
20220607 031632.379 INFO             PET1 ESMF_YAMLCPP                : enabled
20220607 031632.392 INFO             PET1  NUMBER_OF_PROCESSORS           4
20220607 031632.392 INFO             PET1  PASS  Example ESMF_ArrayArbHaloEx, ESMF_ArrayArbHaloEx.F90, line 650
20220607 031632.392 INFO             PET1 Finalizing ESMF
20220607 031632.377 INFO             PET2 !!!!!!!!!!!!!!!!!!!!!!!!!!!!!!!!!!!!!!!!!!!!!!!!!!!!!!
20220607 031632.378 INFO             PET2 !!! THE ESMF_LOG IS SET TO OUTPUT ALL LOG MESSAGES !!!
20220607 031632.378 INFO             PET2 !!!     THIS MAY CAUSE SLOWDOWN IN PERFORMANCE     !!!
20220607 031632.378 INFO             PET2 !!! FOR PRODUCTION RUNS, USE:                      !!!
20220607 031632.378 INFO             PET2 !!!                   ESMF_LOGKIND_Multi_On_Error  !!!
20220607 031632.378 INFO             PET2 !!!!!!!!!!!!!!!!!!!!!!!!!!!!!!!!!!!!!!!!!!!!!!!!!!!!!!
20220607 031632.378 INFO             PET2 Running with ESMF Version   : v8.4.0b01-1-g3c875a5
20220607 031632.378 INFO             PET2 ESMF library build date/time: "Jun  7 2022" "02:36:35"
20220607 031632.378 INFO             PET2 ESMF library build location : /work/noaa/da/mpotts/sandbox/intel_2020.2_intelmpi_g_develop
20220607 031632.378 INFO             PET2 ESMF_COMM                   : intelmpi
20220607 031632.379 INFO             PET2 ESMF_MOAB                   : enabled
20220607 031632.379 INFO             PET2 ESMF_LAPACK                 : enabled
20220607 031632.379 INFO             PET2 ESMF_NETCDF                 : enabled
20220607 031632.379 INFO             PET2 ESMF_PNETCDF                : disabled
20220607 031632.379 INFO             PET2 ESMF_PIO                    : enabled
20220607 031632.379 INFO             PET2 ESMF_YAMLCPP                : enabled
20220607 031632.392 INFO             PET2  NUMBER_OF_PROCESSORS           4
20220607 031632.392 INFO             PET2  PASS  Example ESMF_ArrayArbHaloEx, ESMF_ArrayArbHaloEx.F90, line 650
20220607 031632.392 INFO             PET2 Finalizing ESMF
20220607 031632.378 INFO             PET3 !!!!!!!!!!!!!!!!!!!!!!!!!!!!!!!!!!!!!!!!!!!!!!!!!!!!!!
20220607 031632.378 INFO             PET3 !!! THE ESMF_LOG IS SET TO OUTPUT ALL LOG MESSAGES !!!
20220607 031632.378 INFO             PET3 !!!     THIS MAY CAUSE SLOWDOWN IN PERFORMANCE     !!!
20220607 031632.378 INFO             PET3 !!! FOR PRODUCTION RUNS, USE:                      !!!
20220607 031632.378 INFO             PET3 !!!                   ESMF_LOGKIND_Multi_On_Error  !!!
20220607 031632.378 INFO             PET3 !!!!!!!!!!!!!!!!!!!!!!!!!!!!!!!!!!!!!!!!!!!!!!!!!!!!!!
20220607 031632.378 INFO             PET3 Running with ESMF Version   : v8.4.0b01-1-g3c875a5
20220607 031632.378 INFO             PET3 ESMF library build date/time: "Jun  7 2022" "02:36:35"
20220607 031632.378 INFO             PET3 ESMF library build location : /work/noaa/da/mpotts/sandbox/intel_2020.2_intelmpi_g_develop
20220607 031632.378 INFO             PET3 ESMF_COMM                   : intelmpi
20220607 031632.379 INFO             PET3 ESMF_MOAB                   : enabled
20220607 031632.379 INFO             PET3 ESMF_LAPACK                 : enabled
20220607 031632.379 INFO             PET3 ESMF_NETCDF                 : enabled
20220607 031632.379 INFO             PET3 ESMF_PNETCDF                : disabled
20220607 031632.379 INFO             PET3 ESMF_PIO                    : enabled
20220607 031632.379 INFO             PET3 ESMF_YAMLCPP                : enabled
20220607 031632.392 INFO             PET3  NUMBER_OF_PROCESSORS           4
20220607 031632.392 INFO             PET3  PASS  Example ESMF_ArrayArbHaloEx, ESMF_ArrayArbHaloEx.F90, line 650
20220607 031632.392 INFO             PET3 Finalizing ESMF
