build time -- 2022-04-28 02:29:46
20220428 030929.499 INFO             PET0 !!!!!!!!!!!!!!!!!!!!!!!!!!!!!!!!!!!!!!!!!!!!!!!!!!!!!!
20220428 030929.499 INFO             PET0 !!! THE ESMF_LOG IS SET TO OUTPUT ALL LOG MESSAGES !!!
20220428 030929.499 INFO             PET0 !!!     THIS MAY CAUSE SLOWDOWN IN PERFORMANCE     !!!
20220428 030929.499 INFO             PET0 !!! FOR PRODUCTION RUNS, USE:                      !!!
20220428 030929.499 INFO             PET0 !!!                   ESMF_LOGKIND_Multi_On_Error  !!!
20220428 030929.499 INFO             PET0 !!!!!!!!!!!!!!!!!!!!!!!!!!!!!!!!!!!!!!!!!!!!!!!!!!!!!!
20220428 030929.499 INFO             PET0 Running with ESMF Version   : v8.3.0b13-3-g648c7f8
20220428 030929.500 INFO             PET0 ESMF library build date/time: "Apr 28 2022" "02:28:13"
20220428 030929.500 INFO             PET0 ESMF library build location : /work/noaa/da/mpotts/sandbox/intel_2020.2_intelmpi_g_develop
20220428 030929.500 INFO             PET0 ESMF_COMM                   : intelmpi
20220428 030929.545 INFO             PET0 ESMF_MOAB                   : enabled
20220428 030929.545 INFO             PET0 ESMF_LAPACK                 : enabled
20220428 030929.545 INFO             PET0 ESMF_NETCDF                 : enabled
20220428 030929.545 INFO             PET0 ESMF_PNETCDF                : disabled
20220428 030929.545 INFO             PET0 ESMF_PIO                    : enabled
20220428 030929.545 INFO             PET0 ESMF_YAMLCPP                : enabled
20220428 030930.233 INFO             PET0 ESMF_FieldRedistStoreNF(): Just entered routine.
20220428 030930.244 INFO             PET0 ESMF_FieldRedistStoreNF(): Leaving routine.
20220428 030930.251 INFO             PET0 ESMF_FieldRedistStoreNF(): Just entered routine.
20220428 030930.253 INFO             PET0 ESMF_FieldRedistStoreNF(): Leaving routine.
20220428 030930.253 INFO             PET0 ESMF_FieldRedistStoreNF(): Just entered routine.
20220428 030930.254 INFO             PET0 ESMF_FieldRedistStoreNF(): Leaving routine.
20220428 030930.254 INFO             PET0  NUMBER_OF_PROCESSORS           4
20220428 030930.254 INFO             PET0  PASS  Example ESMF_FieldRedistEx, ESMF_FieldRedistEx.F90, line 521
20220428 030930.254 INFO             PET0 Finalizing ESMF
20220428 030929.500 INFO             PET1 !!!!!!!!!!!!!!!!!!!!!!!!!!!!!!!!!!!!!!!!!!!!!!!!!!!!!!
20220428 030929.500 INFO             PET1 !!! THE ESMF_LOG IS SET TO OUTPUT ALL LOG MESSAGES !!!
20220428 030929.500 INFO             PET1 !!!     THIS MAY CAUSE SLOWDOWN IN PERFORMANCE     !!!
20220428 030929.500 INFO             PET1 !!! FOR PRODUCTION RUNS, USE:                      !!!
20220428 030929.500 INFO             PET1 !!!                   ESMF_LOGKIND_Multi_On_Error  !!!
20220428 030929.500 INFO             PET1 !!!!!!!!!!!!!!!!!!!!!!!!!!!!!!!!!!!!!!!!!!!!!!!!!!!!!!
20220428 030929.500 INFO             PET1 Running with ESMF Version   : v8.3.0b13-3-g648c7f8
20220428 030929.500 INFO             PET1 ESMF library build date/time: "Apr 28 2022" "02:28:13"
20220428 030929.500 INFO             PET1 ESMF library build location : /work/noaa/da/mpotts/sandbox/intel_2020.2_intelmpi_g_develop
20220428 030929.500 INFO             PET1 ESMF_COMM                   : intelmpi
20220428 030929.501 INFO             PET1 ESMF_MOAB                   : enabled
20220428 030929.501 INFO             PET1 ESMF_LAPACK                 : enabled
20220428 030929.501 INFO             PET1 ESMF_NETCDF                 : enabled
20220428 030929.501 INFO             PET1 ESMF_PNETCDF                : disabled
20220428 030929.501 INFO             PET1 ESMF_PIO                    : enabled
20220428 030929.501 INFO             PET1 ESMF_YAMLCPP                : enabled
20220428 030930.233 INFO             PET1 ESMF_FieldRedistStoreNF(): Just entered routine.
20220428 030930.244 INFO             PET1 ESMF_FieldRedistStoreNF(): Leaving routine.
20220428 030930.251 INFO             PET1 ESMF_FieldRedistStoreNF(): Just entered routine.
20220428 030930.253 INFO             PET1 ESMF_FieldRedistStoreNF(): Leaving routine.
20220428 030930.253 INFO             PET1 ESMF_FieldRedistStoreNF(): Just entered routine.
20220428 030930.254 INFO             PET1 ESMF_FieldRedistStoreNF(): Leaving routine.
20220428 030930.254 INFO             PET1  NUMBER_OF_PROCESSORS           4
20220428 030930.254 INFO             PET1  PASS  Example ESMF_FieldRedistEx, ESMF_FieldRedistEx.F90, line 521
20220428 030930.254 INFO             PET1 Finalizing ESMF
20220428 030929.500 INFO             PET2 !!!!!!!!!!!!!!!!!!!!!!!!!!!!!!!!!!!!!!!!!!!!!!!!!!!!!!
20220428 030929.500 INFO             PET2 !!! THE ESMF_LOG IS SET TO OUTPUT ALL LOG MESSAGES !!!
20220428 030929.500 INFO             PET2 !!!     THIS MAY CAUSE SLOWDOWN IN PERFORMANCE     !!!
20220428 030929.500 INFO             PET2 !!! FOR PRODUCTION RUNS, USE:                      !!!
20220428 030929.500 INFO             PET2 !!!                   ESMF_LOGKIND_Multi_On_Error  !!!
20220428 030929.500 INFO             PET2 !!!!!!!!!!!!!!!!!!!!!!!!!!!!!!!!!!!!!!!!!!!!!!!!!!!!!!
20220428 030929.500 INFO             PET2 Running with ESMF Version   : v8.3.0b13-3-g648c7f8
20220428 030929.500 INFO             PET2 ESMF library build date/time: "Apr 28 2022" "02:28:13"
20220428 030929.500 INFO             PET2 ESMF library build location : /work/noaa/da/mpotts/sandbox/intel_2020.2_intelmpi_g_develop
20220428 030929.500 INFO             PET2 ESMF_COMM                   : intelmpi
20220428 030929.501 INFO             PET2 ESMF_MOAB                   : enabled
20220428 030929.501 INFO             PET2 ESMF_LAPACK                 : enabled
20220428 030929.501 INFO             PET2 ESMF_NETCDF                 : enabled
20220428 030929.501 INFO             PET2 ESMF_PNETCDF                : disabled
20220428 030929.501 INFO             PET2 ESMF_PIO                    : enabled
20220428 030929.501 INFO             PET2 ESMF_YAMLCPP                : enabled
20220428 030930.233 INFO             PET2 ESMF_FieldRedistStoreNF(): Just entered routine.
20220428 030930.244 INFO             PET2 ESMF_FieldRedistStoreNF(): Leaving routine.
20220428 030930.251 INFO             PET2 ESMF_FieldRedistStoreNF(): Just entered routine.
20220428 030930.253 INFO             PET2 ESMF_FieldRedistStoreNF(): Leaving routine.
20220428 030930.253 INFO             PET2 ESMF_FieldRedistStoreNF(): Just entered routine.
20220428 030930.254 INFO             PET2 ESMF_FieldRedistStoreNF(): Leaving routine.
20220428 030930.254 INFO             PET2  NUMBER_OF_PROCESSORS           4
20220428 030930.254 INFO             PET2  PASS  Example ESMF_FieldRedistEx, ESMF_FieldRedistEx.F90, line 521
20220428 030930.254 INFO             PET2 Finalizing ESMF
20220428 030929.512 INFO             PET3 !!!!!!!!!!!!!!!!!!!!!!!!!!!!!!!!!!!!!!!!!!!!!!!!!!!!!!
20220428 030929.512 INFO             PET3 !!! THE ESMF_LOG IS SET TO OUTPUT ALL LOG MESSAGES !!!
20220428 030929.512 INFO             PET3 !!!     THIS MAY CAUSE SLOWDOWN IN PERFORMANCE     !!!
20220428 030929.512 INFO             PET3 !!! FOR PRODUCTION RUNS, USE:                      !!!
20220428 030929.512 INFO             PET3 !!!                   ESMF_LOGKIND_Multi_On_Error  !!!
20220428 030929.512 INFO             PET3 !!!!!!!!!!!!!!!!!!!!!!!!!!!!!!!!!!!!!!!!!!!!!!!!!!!!!!
20220428 030929.512 INFO             PET3 Running with ESMF Version   : v8.3.0b13-3-g648c7f8
20220428 030929.512 INFO             PET3 ESMF library build date/time: "Apr 28 2022" "02:28:13"
20220428 030929.512 INFO             PET3 ESMF library build location : /work/noaa/da/mpotts/sandbox/intel_2020.2_intelmpi_g_develop
20220428 030929.512 INFO             PET3 ESMF_COMM                   : intelmpi
20220428 030930.230 INFO             PET3 ESMF_MOAB                   : enabled
20220428 030930.230 INFO             PET3 ESMF_LAPACK                 : enabled
20220428 030930.230 INFO             PET3 ESMF_NETCDF                 : enabled
20220428 030930.230 INFO             PET3 ESMF_PNETCDF                : disabled
20220428 030930.230 INFO             PET3 ESMF_PIO                    : enabled
20220428 030930.230 INFO             PET3 ESMF_YAMLCPP                : enabled
20220428 030930.238 INFO             PET3 ESMF_FieldRedistStoreNF(): Just entered routine.
20220428 030930.244 INFO             PET3 ESMF_FieldRedistStoreNF(): Leaving routine.
20220428 030930.251 INFO             PET3 ESMF_FieldRedistStoreNF(): Just entered routine.
20220428 030930.253 INFO             PET3 ESMF_FieldRedistStoreNF(): Leaving routine.
20220428 030930.253 INFO             PET3 ESMF_FieldRedistStoreNF(): Just entered routine.
20220428 030930.254 INFO             PET3 ESMF_FieldRedistStoreNF(): Leaving routine.
20220428 030930.254 INFO             PET3  NUMBER_OF_PROCESSORS           4
20220428 030930.254 INFO             PET3  PASS  Example ESMF_FieldRedistEx, ESMF_FieldRedistEx.F90, line 521
20220428 030930.254 INFO             PET3 Finalizing ESMF
