build time -- 2022-04-22 02:36:47
20220422 031320.873 INFO             PET0 !!!!!!!!!!!!!!!!!!!!!!!!!!!!!!!!!!!!!!!!!!!!!!!!!!!!!!
20220422 031320.873 INFO             PET0 !!! THE ESMF_LOG IS SET TO OUTPUT ALL LOG MESSAGES !!!
20220422 031320.873 INFO             PET0 !!!     THIS MAY CAUSE SLOWDOWN IN PERFORMANCE     !!!
20220422 031320.873 INFO             PET0 !!! FOR PRODUCTION RUNS, USE:                      !!!
20220422 031320.873 INFO             PET0 !!!                   ESMF_LOGKIND_Multi_On_Error  !!!
20220422 031320.873 INFO             PET0 !!!!!!!!!!!!!!!!!!!!!!!!!!!!!!!!!!!!!!!!!!!!!!!!!!!!!!
20220422 031320.873 INFO             PET0 Running with ESMF Version   : v8.3.0b13
20220422 031320.873 INFO             PET0 ESMF library build date/time: "Apr 22 2022" "02:34:23"
20220422 031320.873 INFO             PET0 ESMF library build location : /work/noaa/da/mpotts/sandbox/intel_2020.2_intelmpi_g_develop
20220422 031320.873 INFO             PET0 ESMF_COMM                   : intelmpi
20220422 031320.875 INFO             PET0 ESMF_MOAB                   : enabled
20220422 031320.875 INFO             PET0 ESMF_LAPACK                 : enabled
20220422 031320.875 INFO             PET0 ESMF_NETCDF                 : enabled
20220422 031320.875 INFO             PET0 ESMF_PNETCDF                : disabled
20220422 031320.875 INFO             PET0 ESMF_PIO                    : enabled
20220422 031320.875 INFO             PET0 ESMF_YAMLCPP                : enabled
20220422 031321.531 INFO             PET0  NUMBER_OF_PROCESSORS           4
20220422 031321.531 INFO             PET0  PASS  Example ESMF_FieldRepDimEx, ESMF_FieldRepDimEx.F90, line 228
20220422 031321.531 INFO             PET0 Finalizing ESMF
20220422 031320.860 INFO             PET1 !!!!!!!!!!!!!!!!!!!!!!!!!!!!!!!!!!!!!!!!!!!!!!!!!!!!!!
20220422 031320.860 INFO             PET1 !!! THE ESMF_LOG IS SET TO OUTPUT ALL LOG MESSAGES !!!
20220422 031320.860 INFO             PET1 !!!     THIS MAY CAUSE SLOWDOWN IN PERFORMANCE     !!!
20220422 031320.860 INFO             PET1 !!! FOR PRODUCTION RUNS, USE:                      !!!
20220422 031320.860 INFO             PET1 !!!                   ESMF_LOGKIND_Multi_On_Error  !!!
20220422 031320.860 INFO             PET1 !!!!!!!!!!!!!!!!!!!!!!!!!!!!!!!!!!!!!!!!!!!!!!!!!!!!!!
20220422 031320.860 INFO             PET1 Running with ESMF Version   : v8.3.0b13
20220422 031320.860 INFO             PET1 ESMF library build date/time: "Apr 22 2022" "02:34:23"
20220422 031320.860 INFO             PET1 ESMF library build location : /work/noaa/da/mpotts/sandbox/intel_2020.2_intelmpi_g_develop
20220422 031320.860 INFO             PET1 ESMF_COMM                   : intelmpi
20220422 031320.882 INFO             PET1 ESMF_MOAB                   : enabled
20220422 031320.882 INFO             PET1 ESMF_LAPACK                 : enabled
20220422 031320.882 INFO             PET1 ESMF_NETCDF                 : enabled
20220422 031320.882 INFO             PET1 ESMF_PNETCDF                : disabled
20220422 031320.882 INFO             PET1 ESMF_PIO                    : enabled
20220422 031320.882 INFO             PET1 ESMF_YAMLCPP                : enabled
20220422 031321.531 INFO             PET1  NUMBER_OF_PROCESSORS           4
20220422 031321.531 INFO             PET1  PASS  Example ESMF_FieldRepDimEx, ESMF_FieldRepDimEx.F90, line 228
20220422 031321.531 INFO             PET1 Finalizing ESMF
20220422 031321.061 INFO             PET2 !!!!!!!!!!!!!!!!!!!!!!!!!!!!!!!!!!!!!!!!!!!!!!!!!!!!!!
20220422 031321.061 INFO             PET2 !!! THE ESMF_LOG IS SET TO OUTPUT ALL LOG MESSAGES !!!
20220422 031321.061 INFO             PET2 !!!     THIS MAY CAUSE SLOWDOWN IN PERFORMANCE     !!!
20220422 031321.061 INFO             PET2 !!! FOR PRODUCTION RUNS, USE:                      !!!
20220422 031321.061 INFO             PET2 !!!                   ESMF_LOGKIND_Multi_On_Error  !!!
20220422 031321.061 INFO             PET2 !!!!!!!!!!!!!!!!!!!!!!!!!!!!!!!!!!!!!!!!!!!!!!!!!!!!!!
20220422 031321.061 INFO             PET2 Running with ESMF Version   : v8.3.0b13
20220422 031321.061 INFO             PET2 ESMF library build date/time: "Apr 22 2022" "02:34:23"
20220422 031321.061 INFO             PET2 ESMF library build location : /work/noaa/da/mpotts/sandbox/intel_2020.2_intelmpi_g_develop
20220422 031321.061 INFO             PET2 ESMF_COMM                   : intelmpi
20220422 031321.527 INFO             PET2 ESMF_MOAB                   : enabled
20220422 031321.527 INFO             PET2 ESMF_LAPACK                 : enabled
20220422 031321.527 INFO             PET2 ESMF_NETCDF                 : enabled
20220422 031321.527 INFO             PET2 ESMF_PNETCDF                : disabled
20220422 031321.527 INFO             PET2 ESMF_PIO                    : enabled
20220422 031321.527 INFO             PET2 ESMF_YAMLCPP                : enabled
20220422 031321.531 INFO             PET2  NUMBER_OF_PROCESSORS           4
20220422 031321.531 INFO             PET2  PASS  Example ESMF_FieldRepDimEx, ESMF_FieldRepDimEx.F90, line 228
20220422 031321.531 INFO             PET2 Finalizing ESMF
20220422 031320.859 INFO             PET3 !!!!!!!!!!!!!!!!!!!!!!!!!!!!!!!!!!!!!!!!!!!!!!!!!!!!!!
20220422 031320.859 INFO             PET3 !!! THE ESMF_LOG IS SET TO OUTPUT ALL LOG MESSAGES !!!
20220422 031320.859 INFO             PET3 !!!     THIS MAY CAUSE SLOWDOWN IN PERFORMANCE     !!!
20220422 031320.859 INFO             PET3 !!! FOR PRODUCTION RUNS, USE:                      !!!
20220422 031320.859 INFO             PET3 !!!                   ESMF_LOGKIND_Multi_On_Error  !!!
20220422 031320.859 INFO             PET3 !!!!!!!!!!!!!!!!!!!!!!!!!!!!!!!!!!!!!!!!!!!!!!!!!!!!!!
20220422 031320.859 INFO             PET3 Running with ESMF Version   : v8.3.0b13
20220422 031320.859 INFO             PET3 ESMF library build date/time: "Apr 22 2022" "02:34:23"
20220422 031320.859 INFO             PET3 ESMF library build location : /work/noaa/da/mpotts/sandbox/intel_2020.2_intelmpi_g_develop
20220422 031320.859 INFO             PET3 ESMF_COMM                   : intelmpi
20220422 031320.865 INFO             PET3 ESMF_MOAB                   : enabled
20220422 031320.865 INFO             PET3 ESMF_LAPACK                 : enabled
20220422 031320.865 INFO             PET3 ESMF_NETCDF                 : enabled
20220422 031320.865 INFO             PET3 ESMF_PNETCDF                : disabled
20220422 031320.865 INFO             PET3 ESMF_PIO                    : enabled
20220422 031320.865 INFO             PET3 ESMF_YAMLCPP                : enabled
20220422 031321.531 INFO             PET3  NUMBER_OF_PROCESSORS           4
20220422 031321.531 INFO             PET3  PASS  Example ESMF_FieldRepDimEx, ESMF_FieldRepDimEx.F90, line 228
20220422 031321.531 INFO             PET3 Finalizing ESMF
