build time -- 2022-04-27 03:48:48
20220427 204547.712 INFO             PET0 !!!!!!!!!!!!!!!!!!!!!!!!!!!!!!!!!!!!!!!!!!!!!!!!!!!!!!
20220427 204547.712 INFO             PET0 !!! THE ESMF_LOG IS SET TO OUTPUT ALL LOG MESSAGES !!!
20220427 204547.712 INFO             PET0 !!!     THIS MAY CAUSE SLOWDOWN IN PERFORMANCE     !!!
20220427 204547.712 INFO             PET0 !!! FOR PRODUCTION RUNS, USE:                      !!!
20220427 204547.712 INFO             PET0 !!!                   ESMF_LOGKIND_Multi_On_Error  !!!
20220427 204547.712 INFO             PET0 !!!!!!!!!!!!!!!!!!!!!!!!!!!!!!!!!!!!!!!!!!!!!!!!!!!!!!
20220427 204547.712 INFO             PET0 Running with ESMF Version   : v8.3.0b13
20220427 204547.712 INFO             PET0 ESMF library build date/time: "Apr 27 2022" "03:47:03"
20220427 204547.712 INFO             PET0 ESMF library build location : /global/cscratch1/sd/rsdunlap/esmf-testing/intel_19.0.3_mpiuni_O_develop
20220427 204547.712 INFO             PET0 ESMF_COMM                   : mpiuni
20220427 204547.714 INFO             PET0 ESMF_MOAB                   : enabled
20220427 204547.714 INFO             PET0 ESMF_LAPACK                 : enabled
20220427 204547.714 INFO             PET0 ESMF_NETCDF                 : enabled
20220427 204547.714 INFO             PET0 ESMF_PNETCDF                : disabled
20220427 204547.714 INFO             PET0 ESMF_PIO                    : disabled
20220427 204547.714 INFO             PET0 ESMF_YAMLCPP                : enabled
20220427 204547.716 INFO             PET0  NUMBER_OF_PROCESSORS           1
20220427 204547.716 INFO             PET0  PASS  Example ESMF_VMUserMpiCommEx, ESMF_VMUserMpiCommEx.F90, line 113
20220427 204547.716 INFO             PET0 Finalizing ESMF
