build time -- 2022-04-13 04:20:17
20220413 191341.004 INFO             PET0 !!!!!!!!!!!!!!!!!!!!!!!!!!!!!!!!!!!!!!!!!!!!!!!!!!!!!!
20220413 191341.004 INFO             PET0 !!! THE ESMF_LOG IS SET TO OUTPUT ALL LOG MESSAGES !!!
20220413 191341.004 INFO             PET0 !!!     THIS MAY CAUSE SLOWDOWN IN PERFORMANCE     !!!
20220413 191341.004 INFO             PET0 !!! FOR PRODUCTION RUNS, USE:                      !!!
20220413 191341.004 INFO             PET0 !!!                   ESMF_LOGKIND_Multi_On_Error  !!!
20220413 191341.004 INFO             PET0 !!!!!!!!!!!!!!!!!!!!!!!!!!!!!!!!!!!!!!!!!!!!!!!!!!!!!!
20220413 191341.004 INFO             PET0 Running with ESMF Version   : v8.3.0b12-61-g0687c4c862
20220413 191341.004 INFO             PET0 ESMF library build date/time: "Apr 13 2022" "04:16:42"
20220413 191341.004 INFO             PET0 ESMF library build location : /global/cscratch1/sd/rsdunlap/esmf-testing/intel_19.0.3_mpiuni_O_develop
20220413 191341.004 INFO             PET0 ESMF_COMM                   : mpiuni
20220413 191341.006 INFO             PET0 ESMF_MOAB                   : enabled
20220413 191341.006 INFO             PET0 ESMF_LAPACK                 : enabled
20220413 191341.006 INFO             PET0 ESMF_NETCDF                 : enabled
20220413 191341.006 INFO             PET0 ESMF_PNETCDF                : disabled
20220413 191341.006 INFO             PET0 ESMF_PIO                    : disabled
20220413 191341.006 INFO             PET0 ESMF_YAMLCPP                : enabled
20220413 191341.006 INFO             PET0 ESMF Tracing Enabled
20220413 191341.006 INFO             PET0 ESMF Profiling Enabled
20220413 191341.006 INFO             PET0 ESMF Trace/Profile clock: REALTIME
20220413 191341.010 INFO             PET0  NUMBER_OF_PROCESSORS           1
20220413 191341.010 INFO             PET0  PASS  Example ESMF_TraceUserEx, ESMF_TraceUserEx.F90, line 125
20220413 191341.010 INFO             PET0 Finalizing ESMF
20220413 191341.010 INFO             PET0 **************** Region Timings *******************
20220413 191341.010 INFO             PET0 Region              Count  Total (s)   Self (s)    Mean (s)    Min (s)     Max (s)
20220413 191341.010 INFO             PET0   outer_region      1      0.0000      0.0000      0.0000      0.0000      0.0000
20220413 191341.010 INFO             PET0     inner_region_1  10     0.0000      0.0000      0.0000      0.0000      0.0000
20220413 191341.010 INFO             PET0     inner_region_2  10     0.0000      0.0000      0.0000      0.0000      0.0000
