build time -- 2022-05-26 06:48:14
20220526 075611.351 INFO             PET0 !!!!!!!!!!!!!!!!!!!!!!!!!!!!!!!!!!!!!!!!!!!!!!!!!!!!!!
20220526 075611.352 INFO             PET0 !!! THE ESMF_LOG IS SET TO OUTPUT ALL LOG MESSAGES !!!
20220526 075611.352 INFO             PET0 !!!     THIS MAY CAUSE SLOWDOWN IN PERFORMANCE     !!!
20220526 075611.352 INFO             PET0 !!! FOR PRODUCTION RUNS, USE:                      !!!
20220526 075611.352 INFO             PET0 !!!                   ESMF_LOGKIND_Multi_On_Error  !!!
20220526 075611.352 INFO             PET0 !!!!!!!!!!!!!!!!!!!!!!!!!!!!!!!!!!!!!!!!!!!!!!!!!!!!!!
20220526 075611.352 INFO             PET0 Running with ESMF Version   : v8.3.0b16-3-gc2b47388e1
20220526 075611.352 INFO             PET0 ESMF library build date/time: "May 26 2022" "06:44:45"
20220526 075611.352 INFO             PET0 ESMF library build location : /scratch1/NCEPDEV/stmp2/role.esmfmaint/pgi_19.1_mpiuni_O_release_8.3.0
20220526 075611.352 INFO             PET0 ESMF_COMM                   : mpiuni
20220526 075611.353 INFO             PET0 ESMF_MOAB                   : enabled
20220526 075611.353 INFO             PET0 ESMF_LAPACK                 : enabled
20220526 075611.353 INFO             PET0 ESMF_NETCDF                 : disabled
20220526 075611.353 INFO             PET0 ESMF_PNETCDF                : disabled
20220526 075611.353 INFO             PET0 ESMF_PIO                    : disabled
20220526 075611.353 INFO             PET0 ESMF_YAMLCPP                : enabled
20220526 075611.353 INFO             PET0  NUMBER_OF_PROCESSORS            1
20220526 075611.354 INFO             PET0  PASS  Example ESMF_GridCreateRegFromDGEx, ESMF_GridCreateRegFromDGEx.F90, line 112
20220526 075611.354 INFO             PET0 Finalizing ESMF
