build time -- 2022-05-27 06:21:07
20220527 071437.000 INFO             PET0 !!!!!!!!!!!!!!!!!!!!!!!!!!!!!!!!!!!!!!!!!!!!!!!!!!!!!!
20220527 071437.001 INFO             PET0 !!! THE ESMF_LOG IS SET TO OUTPUT ALL LOG MESSAGES !!!
20220527 071437.001 INFO             PET0 !!!     THIS MAY CAUSE SLOWDOWN IN PERFORMANCE     !!!
20220527 071437.001 INFO             PET0 !!! FOR PRODUCTION RUNS, USE:                      !!!
20220527 071437.001 INFO             PET0 !!!                   ESMF_LOGKIND_Multi_On_Error  !!!
20220527 071437.001 INFO             PET0 !!!!!!!!!!!!!!!!!!!!!!!!!!!!!!!!!!!!!!!!!!!!!!!!!!!!!!
20220527 071437.001 INFO             PET0 Running with ESMF Version   : v8.3.0b16-3-gc2b47388e1
20220527 071437.001 INFO             PET0 ESMF library build date/time: "May 27 2022" "06:17:54"
20220527 071437.001 INFO             PET0 ESMF library build location : /scratch1/NCEPDEV/stmp2/role.esmfmaint/pgi_19.1_mpiuni_O_release_8.3.0
20220527 071437.001 INFO             PET0 ESMF_COMM                   : mpiuni
20220527 071437.002 INFO             PET0 ESMF_MOAB                   : enabled
20220527 071437.002 INFO             PET0 ESMF_LAPACK                 : enabled
20220527 071437.002 INFO             PET0 ESMF_NETCDF                 : disabled
20220527 071437.002 INFO             PET0 ESMF_PNETCDF                : disabled
20220527 071437.002 INFO             PET0 ESMF_PIO                    : disabled
20220527 071437.002 INFO             PET0 ESMF_YAMLCPP                : enabled
20220527 071437.002 INFO             PET0  NUMBER_OF_PROCESSORS            1
20220527 071437.002 INFO             PET0  PASS  Example ESMF_DELayoutEx, ESMF_DELayoutEx.F90, line 394
20220527 071437.002 INFO             PET0 Finalizing ESMF
