build time -- 2022-05-23 06:23:03
20220523 072121.733 INFO             PET0 !!!!!!!!!!!!!!!!!!!!!!!!!!!!!!!!!!!!!!!!!!!!!!!!!!!!!!
20220523 072121.734 INFO             PET0 !!! THE ESMF_LOG IS SET TO OUTPUT ALL LOG MESSAGES !!!
20220523 072121.734 INFO             PET0 !!!     THIS MAY CAUSE SLOWDOWN IN PERFORMANCE     !!!
20220523 072121.734 INFO             PET0 !!! FOR PRODUCTION RUNS, USE:                      !!!
20220523 072121.734 INFO             PET0 !!!                   ESMF_LOGKIND_Multi_On_Error  !!!
20220523 072121.734 INFO             PET0 !!!!!!!!!!!!!!!!!!!!!!!!!!!!!!!!!!!!!!!!!!!!!!!!!!!!!!
20220523 072121.734 INFO             PET0 Running with ESMF Version   : v8.3.0b16-3-gc2b47388e1
20220523 072121.734 INFO             PET0 ESMF library build date/time: "May 23 2022" "06:19:56"
20220523 072121.734 INFO             PET0 ESMF library build location : /scratch1/NCEPDEV/stmp2/role.esmfmaint/pgi_19.1_mpiuni_O_release_8.3.0
20220523 072121.734 INFO             PET0 ESMF_COMM                   : mpiuni
20220523 072121.735 INFO             PET0 ESMF_MOAB                   : enabled
20220523 072121.735 INFO             PET0 ESMF_LAPACK                 : enabled
20220523 072121.735 INFO             PET0 ESMF_NETCDF                 : disabled
20220523 072121.735 INFO             PET0 ESMF_PNETCDF                : disabled
20220523 072121.735 INFO             PET0 ESMF_PIO                    : disabled
20220523 072121.735 INFO             PET0 ESMF_YAMLCPP                : enabled
20220523 072121.738 INFO             PET0 ESMF_FieldRedistStoreNF(): Just entered routine.
20220523 072121.821 INFO             PET0 ESMF_FieldRedistStoreNF(): Leaving routine.
20220523 072121.835 INFO             PET0  NUMBER_OF_PROCESSORS            1
20220523 072121.836 INFO             PET0  PASS  Example ESMF_RHandleFromFileEx, ESMF_RHandleFromFileEx.F90, line 192
20220523 072121.836 INFO             PET0 Finalizing ESMF
