build time -- 2022-05-25 06:37:51
20220525 074252.499 INFO             PET0 !!!!!!!!!!!!!!!!!!!!!!!!!!!!!!!!!!!!!!!!!!!!!!!!!!!!!!
20220525 074252.500 INFO             PET0 !!! THE ESMF_LOG IS SET TO OUTPUT ALL LOG MESSAGES !!!
20220525 074252.500 INFO             PET0 !!!     THIS MAY CAUSE SLOWDOWN IN PERFORMANCE     !!!
20220525 074252.500 INFO             PET0 !!! FOR PRODUCTION RUNS, USE:                      !!!
20220525 074252.500 INFO             PET0 !!!                   ESMF_LOGKIND_Multi_On_Error  !!!
20220525 074252.500 INFO             PET0 !!!!!!!!!!!!!!!!!!!!!!!!!!!!!!!!!!!!!!!!!!!!!!!!!!!!!!
20220525 074252.500 INFO             PET0 Running with ESMF Version   : v8.3.0b16-3-gc2b47388e1
20220525 074252.500 INFO             PET0 ESMF library build date/time: "May 25 2022" "06:33:38"
20220525 074252.500 INFO             PET0 ESMF library build location : /scratch1/NCEPDEV/stmp2/role.esmfmaint/pgi_19.1_mpiuni_O_release_8.3.0
20220525 074252.500 INFO             PET0 ESMF_COMM                   : mpiuni
20220525 074252.501 INFO             PET0 ESMF_MOAB                   : enabled
20220525 074252.501 INFO             PET0 ESMF_LAPACK                 : enabled
20220525 074252.501 INFO             PET0 ESMF_NETCDF                 : disabled
20220525 074252.501 INFO             PET0 ESMF_PNETCDF                : disabled
20220525 074252.501 INFO             PET0 ESMF_PIO                    : disabled
20220525 074252.501 INFO             PET0 ESMF_YAMLCPP                : enabled
20220525 074252.501 INFO             PET0 ESMF Tracing Enabled
20220525 074252.501 INFO             PET0 ESMF Profiling Enabled
20220525 074252.501 INFO             PET0 ESMF Trace/Profile clock: REALTIME
20220525 074252.504 INFO             PET0  NUMBER_OF_PROCESSORS            1
20220525 074252.504 INFO             PET0  PASS  Example ESMF_TraceEx, ESMF_TraceEx.F90, line 178
20220525 074252.504 INFO             PET0 Finalizing ESMF
20220525 074252.504 INFO             PET0 **************** Region Timings *******************
20220525 074252.504 INFO             PET0 Region              Count  Total (s)   Self (s)    Mean (s)    Min (s)     Max (s)
20220525 074252.504 INFO             PET0   [test] Init 1     1      0.0000      0.0000      0.0000      0.0000      0.0000
20220525 074252.504 INFO             PET0   [test] Run 1      5      0.0000      0.0000      0.0000      0.0000      0.0000
20220525 074252.504 INFO             PET0   [test] Final 1    1      0.0000      0.0000      0.0000      0.0000      0.0000
