build time -- 2022-05-24 06:08:01
20220524 063059.643 INFO             PET0 !!!!!!!!!!!!!!!!!!!!!!!!!!!!!!!!!!!!!!!!!!!!!!!!!!!!!!
20220524 063059.643 INFO             PET0 !!! THE ESMF_LOG IS SET TO OUTPUT ALL LOG MESSAGES !!!
20220524 063059.643 INFO             PET0 !!!     THIS MAY CAUSE SLOWDOWN IN PERFORMANCE     !!!
20220524 063059.643 INFO             PET0 !!! FOR PRODUCTION RUNS, USE:                      !!!
20220524 063059.643 INFO             PET0 !!!                   ESMF_LOGKIND_Multi_On_Error  !!!
20220524 063059.643 INFO             PET0 !!!!!!!!!!!!!!!!!!!!!!!!!!!!!!!!!!!!!!!!!!!!!!!!!!!!!!
20220524 063059.643 INFO             PET0 Running with ESMF Version   : v8.3.0b16-3-gc2b47388e1
20220524 063059.643 INFO             PET0 ESMF library build date/time: "May 24 2022" "06:06:52"
20220524 063059.643 INFO             PET0 ESMF library build location : /scratch1/NCEPDEV/stmp2/role.esmfmaint/gfortran_9.2.0a_mpiuni_g_release_8.3.0
20220524 063059.643 INFO             PET0 ESMF_COMM                   : mpiuni
20220524 063059.644 INFO             PET0 ESMF_MOAB                   : enabled
20220524 063059.644 INFO             PET0 ESMF_LAPACK                 : enabled
20220524 063059.644 INFO             PET0 ESMF_NETCDF                 : enabled
20220524 063059.644 INFO             PET0 ESMF_PNETCDF                : disabled
20220524 063059.644 INFO             PET0 ESMF_PIO                    : disabled
20220524 063059.644 INFO             PET0 ESMF_YAMLCPP                : enabled
20220524 063059.713 DEBUG            PET0 about to destroy Grid: 0xce5220
20220524 063059.725 DEBUG            PET0 about to destroy Grid: 0xce6920
20220524 063059.757 INFO             PET0  NUMBER_OF_PROCESSORS           1
20220524 063059.757 INFO             PET0  PASS  Example ESMF_NUOPCAtmModelEx, ESMF_NUOPCAtmModelEx.F90, line 806
20220524 063059.757 INFO             PET0 Finalizing ESMF
