build time -- 2022-06-01 12:02:49.014019
20220601 123850.065 INFO             PET0 !!!!!!!!!!!!!!!!!!!!!!!!!!!!!!!!!!!!!!!!!!!!!!!!!!!!!!
20220601 123850.065 INFO             PET0 !!! THE ESMF_LOG IS SET TO OUTPUT ALL LOG MESSAGES !!!
20220601 123850.065 INFO             PET0 !!!     THIS MAY CAUSE SLOWDOWN IN PERFORMANCE     !!!
20220601 123850.065 INFO             PET0 !!! FOR PRODUCTION RUNS, USE:                      !!!
20220601 123850.065 INFO             PET0 !!!                   ESMF_LOGKIND_Multi_On_Error  !!!
20220601 123850.065 INFO             PET0 !!!!!!!!!!!!!!!!!!!!!!!!!!!!!!!!!!!!!!!!!!!!!!!!!!!!!!
20220601 123850.065 INFO             PET0 Running with ESMF Version   : v8.3.0b16-3-gc2b47388e1
20220601 123850.065 INFO             PET0 ESMF library build date/time: "Jun  1 2022" "12:00:32"
20220601 123850.065 INFO             PET0 ESMF library build location : /glade/scratch/dunlap/esmf-testing/gfortran_7.4.0_openmpi_O_release_8.3.0
20220601 123850.065 INFO             PET0 ESMF_COMM                   : openmpi
20220601 123850.065 INFO             PET0 ESMF_MOAB                   : enabled
20220601 123850.065 INFO             PET0 ESMF_LAPACK                 : enabled
20220601 123850.065 INFO             PET0 ESMF_NETCDF                 : enabled
20220601 123850.065 INFO             PET0 ESMF_PNETCDF                : disabled
20220601 123850.065 INFO             PET0 ESMF_PIO                    : enabled
20220601 123850.065 INFO             PET0 ESMF_YAMLCPP                : enabled
20220601 123850.104 DEBUG            PET0 about to destroy Grid: 0xca22a0
20220601 123850.108 DEBUG            PET0 about to destroy Grid: 0xca4150
20220601 123850.119 INFO             PET0  NUMBER_OF_PROCESSORS           4
20220601 123850.120 INFO             PET0  PASS  Example ESMF_NUOPCAtmModelEx, ESMF_NUOPCAtmModelEx.F90, line 806
20220601 123850.120 INFO             PET0 Finalizing ESMF
20220601 123850.065 INFO             PET1 !!!!!!!!!!!!!!!!!!!!!!!!!!!!!!!!!!!!!!!!!!!!!!!!!!!!!!
20220601 123850.065 INFO             PET1 !!! THE ESMF_LOG IS SET TO OUTPUT ALL LOG MESSAGES !!!
20220601 123850.065 INFO             PET1 !!!     THIS MAY CAUSE SLOWDOWN IN PERFORMANCE     !!!
20220601 123850.065 INFO             PET1 !!! FOR PRODUCTION RUNS, USE:                      !!!
20220601 123850.065 INFO             PET1 !!!                   ESMF_LOGKIND_Multi_On_Error  !!!
20220601 123850.065 INFO             PET1 !!!!!!!!!!!!!!!!!!!!!!!!!!!!!!!!!!!!!!!!!!!!!!!!!!!!!!
20220601 123850.065 INFO             PET1 Running with ESMF Version   : v8.3.0b16-3-gc2b47388e1
20220601 123850.065 INFO             PET1 ESMF library build date/time: "Jun  1 2022" "12:00:32"
20220601 123850.065 INFO             PET1 ESMF library build location : /glade/scratch/dunlap/esmf-testing/gfortran_7.4.0_openmpi_O_release_8.3.0
20220601 123850.065 INFO             PET1 ESMF_COMM                   : openmpi
20220601 123850.066 INFO             PET1 ESMF_MOAB                   : enabled
20220601 123850.066 INFO             PET1 ESMF_LAPACK                 : enabled
20220601 123850.066 INFO             PET1 ESMF_NETCDF                 : enabled
20220601 123850.066 INFO             PET1 ESMF_PNETCDF                : disabled
20220601 123850.066 INFO             PET1 ESMF_PIO                    : enabled
20220601 123850.066 INFO             PET1 ESMF_YAMLCPP                : enabled
20220601 123850.104 DEBUG            PET1 about to destroy Grid: 0x1e3d160
20220601 123850.108 DEBUG            PET1 about to destroy Grid: 0x1e3e6b0
20220601 123850.119 INFO             PET1  NUMBER_OF_PROCESSORS           4
20220601 123850.119 INFO             PET1  PASS  Example ESMF_NUOPCAtmModelEx, ESMF_NUOPCAtmModelEx.F90, line 806
20220601 123850.119 INFO             PET1 Finalizing ESMF
20220601 123850.065 INFO             PET2 !!!!!!!!!!!!!!!!!!!!!!!!!!!!!!!!!!!!!!!!!!!!!!!!!!!!!!
20220601 123850.065 INFO             PET2 !!! THE ESMF_LOG IS SET TO OUTPUT ALL LOG MESSAGES !!!
20220601 123850.065 INFO             PET2 !!!     THIS MAY CAUSE SLOWDOWN IN PERFORMANCE     !!!
20220601 123850.065 INFO             PET2 !!! FOR PRODUCTION RUNS, USE:                      !!!
20220601 123850.065 INFO             PET2 !!!                   ESMF_LOGKIND_Multi_On_Error  !!!
20220601 123850.065 INFO             PET2 !!!!!!!!!!!!!!!!!!!!!!!!!!!!!!!!!!!!!!!!!!!!!!!!!!!!!!
20220601 123850.065 INFO             PET2 Running with ESMF Version   : v8.3.0b16-3-gc2b47388e1
20220601 123850.065 INFO             PET2 ESMF library build date/time: "Jun  1 2022" "12:00:32"
20220601 123850.065 INFO             PET2 ESMF library build location : /glade/scratch/dunlap/esmf-testing/gfortran_7.4.0_openmpi_O_release_8.3.0
20220601 123850.065 INFO             PET2 ESMF_COMM                   : openmpi
20220601 123850.065 INFO             PET2 ESMF_MOAB                   : enabled
20220601 123850.065 INFO             PET2 ESMF_LAPACK                 : enabled
20220601 123850.065 INFO             PET2 ESMF_NETCDF                 : enabled
20220601 123850.065 INFO             PET2 ESMF_PNETCDF                : disabled
20220601 123850.065 INFO             PET2 ESMF_PIO                    : enabled
20220601 123850.065 INFO             PET2 ESMF_YAMLCPP                : enabled
20220601 123850.104 DEBUG            PET2 about to destroy Grid: 0x21dbf20
20220601 123850.108 DEBUG            PET2 about to destroy Grid: 0x21dda50
20220601 123850.119 INFO             PET2  NUMBER_OF_PROCESSORS           4
20220601 123850.119 INFO             PET2  PASS  Example ESMF_NUOPCAtmModelEx, ESMF_NUOPCAtmModelEx.F90, line 806
20220601 123850.119 INFO             PET2 Finalizing ESMF
20220601 123850.066 INFO             PET3 !!!!!!!!!!!!!!!!!!!!!!!!!!!!!!!!!!!!!!!!!!!!!!!!!!!!!!
20220601 123850.066 INFO             PET3 !!! THE ESMF_LOG IS SET TO OUTPUT ALL LOG MESSAGES !!!
20220601 123850.066 INFO             PET3 !!!     THIS MAY CAUSE SLOWDOWN IN PERFORMANCE     !!!
20220601 123850.066 INFO             PET3 !!! FOR PRODUCTION RUNS, USE:                      !!!
20220601 123850.066 INFO             PET3 !!!                   ESMF_LOGKIND_Multi_On_Error  !!!
20220601 123850.066 INFO             PET3 !!!!!!!!!!!!!!!!!!!!!!!!!!!!!!!!!!!!!!!!!!!!!!!!!!!!!!
20220601 123850.066 INFO             PET3 Running with ESMF Version   : v8.3.0b16-3-gc2b47388e1
20220601 123850.066 INFO             PET3 ESMF library build date/time: "Jun  1 2022" "12:00:32"
20220601 123850.066 INFO             PET3 ESMF library build location : /glade/scratch/dunlap/esmf-testing/gfortran_7.4.0_openmpi_O_release_8.3.0
20220601 123850.066 INFO             PET3 ESMF_COMM                   : openmpi
20220601 123850.066 INFO             PET3 ESMF_MOAB                   : enabled
20220601 123850.066 INFO             PET3 ESMF_LAPACK                 : enabled
20220601 123850.066 INFO             PET3 ESMF_NETCDF                 : enabled
20220601 123850.066 INFO             PET3 ESMF_PNETCDF                : disabled
20220601 123850.066 INFO             PET3 ESMF_PIO                    : enabled
20220601 123850.066 INFO             PET3 ESMF_YAMLCPP                : enabled
20220601 123850.104 DEBUG            PET3 about to destroy Grid: 0x1fa30d0
20220601 123850.108 DEBUG            PET3 about to destroy Grid: 0x1fa4420
20220601 123850.119 INFO             PET3  NUMBER_OF_PROCESSORS           4
20220601 123850.119 INFO             PET3  PASS  Example ESMF_NUOPCAtmModelEx, ESMF_NUOPCAtmModelEx.F90, line 806
20220601 123850.119 INFO             PET3 Finalizing ESMF
