build time -- 2022-06-02 01:15:39.203166
20220602 015123.043 INFO             PET0 !!!!!!!!!!!!!!!!!!!!!!!!!!!!!!!!!!!!!!!!!!!!!!!!!!!!!!
20220602 015123.043 INFO             PET0 !!! THE ESMF_LOG IS SET TO OUTPUT ALL LOG MESSAGES !!!
20220602 015123.043 INFO             PET0 !!!     THIS MAY CAUSE SLOWDOWN IN PERFORMANCE     !!!
20220602 015123.043 INFO             PET0 !!! FOR PRODUCTION RUNS, USE:                      !!!
20220602 015123.043 INFO             PET0 !!!                   ESMF_LOGKIND_Multi_On_Error  !!!
20220602 015123.043 INFO             PET0 !!!!!!!!!!!!!!!!!!!!!!!!!!!!!!!!!!!!!!!!!!!!!!!!!!!!!!
20220602 015123.043 INFO             PET0 Running with ESMF Version   : v8.3.0b16-4-g64dc951248
20220602 015123.043 INFO             PET0 ESMF library build date/time: "Jun  2 2022" "01:13:23"
20220602 015123.043 INFO             PET0 ESMF library build location : /gpfsm/dnb04/projects/p98/mpotts/esmf/intel_19.1.3_intelmpi_O_release_8.3.0
20220602 015123.043 INFO             PET0 ESMF_COMM                   : intelmpi
20220602 015123.044 INFO             PET0 ESMF_MOAB                   : enabled
20220602 015123.044 INFO             PET0 ESMF_LAPACK                 : enabled
20220602 015123.044 INFO             PET0 ESMF_NETCDF                 : enabled
20220602 015123.044 INFO             PET0 ESMF_PNETCDF                : disabled
20220602 015123.044 INFO             PET0 ESMF_PIO                    : enabled
20220602 015123.044 INFO             PET0 ESMF_YAMLCPP                : enabled
20220602 015123.084 DEBUG            PET0 about to destroy Grid: 0xb38990
20220602 015123.088 DEBUG            PET0 about to destroy Grid: 0xb3b1d0
20220602 015123.098 INFO             PET0  NUMBER_OF_PROCESSORS           4
20220602 015123.098 INFO             PET0  PASS  Example ESMF_NUOPCAtmModelEx, ESMF_NUOPCAtmModelEx.F90, line 806
20220602 015123.098 INFO             PET0 Finalizing ESMF
20220602 015123.039 INFO             PET1 !!!!!!!!!!!!!!!!!!!!!!!!!!!!!!!!!!!!!!!!!!!!!!!!!!!!!!
20220602 015123.039 INFO             PET1 !!! THE ESMF_LOG IS SET TO OUTPUT ALL LOG MESSAGES !!!
20220602 015123.039 INFO             PET1 !!!     THIS MAY CAUSE SLOWDOWN IN PERFORMANCE     !!!
20220602 015123.039 INFO             PET1 !!! FOR PRODUCTION RUNS, USE:                      !!!
20220602 015123.039 INFO             PET1 !!!                   ESMF_LOGKIND_Multi_On_Error  !!!
20220602 015123.039 INFO             PET1 !!!!!!!!!!!!!!!!!!!!!!!!!!!!!!!!!!!!!!!!!!!!!!!!!!!!!!
20220602 015123.039 INFO             PET1 Running with ESMF Version   : v8.3.0b16-4-g64dc951248
20220602 015123.039 INFO             PET1 ESMF library build date/time: "Jun  2 2022" "01:13:23"
20220602 015123.039 INFO             PET1 ESMF library build location : /gpfsm/dnb04/projects/p98/mpotts/esmf/intel_19.1.3_intelmpi_O_release_8.3.0
20220602 015123.039 INFO             PET1 ESMF_COMM                   : intelmpi
20220602 015123.040 INFO             PET1 ESMF_MOAB                   : enabled
20220602 015123.040 INFO             PET1 ESMF_LAPACK                 : enabled
20220602 015123.040 INFO             PET1 ESMF_NETCDF                 : enabled
20220602 015123.040 INFO             PET1 ESMF_PNETCDF                : disabled
20220602 015123.040 INFO             PET1 ESMF_PIO                    : enabled
20220602 015123.040 INFO             PET1 ESMF_YAMLCPP                : enabled
20220602 015123.084 DEBUG            PET1 about to destroy Grid: 0xb39150
20220602 015123.088 DEBUG            PET1 about to destroy Grid: 0xb3a290
20220602 015123.098 INFO             PET1  NUMBER_OF_PROCESSORS           4
20220602 015123.098 INFO             PET1  PASS  Example ESMF_NUOPCAtmModelEx, ESMF_NUOPCAtmModelEx.F90, line 806
20220602 015123.098 INFO             PET1 Finalizing ESMF
20220602 015123.040 INFO             PET2 !!!!!!!!!!!!!!!!!!!!!!!!!!!!!!!!!!!!!!!!!!!!!!!!!!!!!!
20220602 015123.040 INFO             PET2 !!! THE ESMF_LOG IS SET TO OUTPUT ALL LOG MESSAGES !!!
20220602 015123.040 INFO             PET2 !!!     THIS MAY CAUSE SLOWDOWN IN PERFORMANCE     !!!
20220602 015123.040 INFO             PET2 !!! FOR PRODUCTION RUNS, USE:                      !!!
20220602 015123.040 INFO             PET2 !!!                   ESMF_LOGKIND_Multi_On_Error  !!!
20220602 015123.040 INFO             PET2 !!!!!!!!!!!!!!!!!!!!!!!!!!!!!!!!!!!!!!!!!!!!!!!!!!!!!!
20220602 015123.040 INFO             PET2 Running with ESMF Version   : v8.3.0b16-4-g64dc951248
20220602 015123.040 INFO             PET2 ESMF library build date/time: "Jun  2 2022" "01:13:23"
20220602 015123.040 INFO             PET2 ESMF library build location : /gpfsm/dnb04/projects/p98/mpotts/esmf/intel_19.1.3_intelmpi_O_release_8.3.0
20220602 015123.040 INFO             PET2 ESMF_COMM                   : intelmpi
20220602 015123.040 INFO             PET2 ESMF_MOAB                   : enabled
20220602 015123.040 INFO             PET2 ESMF_LAPACK                 : enabled
20220602 015123.040 INFO             PET2 ESMF_NETCDF                 : enabled
20220602 015123.040 INFO             PET2 ESMF_PNETCDF                : disabled
20220602 015123.040 INFO             PET2 ESMF_PIO                    : enabled
20220602 015123.040 INFO             PET2 ESMF_YAMLCPP                : enabled
20220602 015123.084 DEBUG            PET2 about to destroy Grid: 0xb39480
20220602 015123.088 DEBUG            PET2 about to destroy Grid: 0xb3a5c0
20220602 015123.098 INFO             PET2  NUMBER_OF_PROCESSORS           4
20220602 015123.098 INFO             PET2  PASS  Example ESMF_NUOPCAtmModelEx, ESMF_NUOPCAtmModelEx.F90, line 806
20220602 015123.098 INFO             PET2 Finalizing ESMF
20220602 015123.043 INFO             PET3 !!!!!!!!!!!!!!!!!!!!!!!!!!!!!!!!!!!!!!!!!!!!!!!!!!!!!!
20220602 015123.043 INFO             PET3 !!! THE ESMF_LOG IS SET TO OUTPUT ALL LOG MESSAGES !!!
20220602 015123.043 INFO             PET3 !!!     THIS MAY CAUSE SLOWDOWN IN PERFORMANCE     !!!
20220602 015123.043 INFO             PET3 !!! FOR PRODUCTION RUNS, USE:                      !!!
20220602 015123.043 INFO             PET3 !!!                   ESMF_LOGKIND_Multi_On_Error  !!!
20220602 015123.043 INFO             PET3 !!!!!!!!!!!!!!!!!!!!!!!!!!!!!!!!!!!!!!!!!!!!!!!!!!!!!!
20220602 015123.043 INFO             PET3 Running with ESMF Version   : v8.3.0b16-4-g64dc951248
20220602 015123.043 INFO             PET3 ESMF library build date/time: "Jun  2 2022" "01:13:23"
20220602 015123.043 INFO             PET3 ESMF library build location : /gpfsm/dnb04/projects/p98/mpotts/esmf/intel_19.1.3_intelmpi_O_release_8.3.0
20220602 015123.043 INFO             PET3 ESMF_COMM                   : intelmpi
20220602 015123.044 INFO             PET3 ESMF_MOAB                   : enabled
20220602 015123.044 INFO             PET3 ESMF_LAPACK                 : enabled
20220602 015123.044 INFO             PET3 ESMF_NETCDF                 : enabled
20220602 015123.044 INFO             PET3 ESMF_PNETCDF                : disabled
20220602 015123.044 INFO             PET3 ESMF_PIO                    : enabled
20220602 015123.044 INFO             PET3 ESMF_YAMLCPP                : enabled
20220602 015123.084 DEBUG            PET3 about to destroy Grid: 0xb39330
20220602 015123.088 DEBUG            PET3 about to destroy Grid: 0xb3a470
20220602 015123.098 INFO             PET3  NUMBER_OF_PROCESSORS           4
20220602 015123.098 INFO             PET3  PASS  Example ESMF_NUOPCAtmModelEx, ESMF_NUOPCAtmModelEx.F90, line 806
20220602 015123.098 INFO             PET3 Finalizing ESMF
