build time -- 2022-05-31 01:15:04.752074
20220531 014811.854 INFO             PET0 !!!!!!!!!!!!!!!!!!!!!!!!!!!!!!!!!!!!!!!!!!!!!!!!!!!!!!
20220531 014811.854 INFO             PET0 !!! THE ESMF_LOG IS SET TO OUTPUT ALL LOG MESSAGES !!!
20220531 014811.854 INFO             PET0 !!!     THIS MAY CAUSE SLOWDOWN IN PERFORMANCE     !!!
20220531 014811.854 INFO             PET0 !!! FOR PRODUCTION RUNS, USE:                      !!!
20220531 014811.854 INFO             PET0 !!!                   ESMF_LOGKIND_Multi_On_Error  !!!
20220531 014811.854 INFO             PET0 !!!!!!!!!!!!!!!!!!!!!!!!!!!!!!!!!!!!!!!!!!!!!!!!!!!!!!
20220531 014811.854 INFO             PET0 Running with ESMF Version   : v8.3.0b16-3-gc2b47388e1
20220531 014811.854 INFO             PET0 ESMF library build date/time: "May 31 2022" "01:12:51"
20220531 014811.854 INFO             PET0 ESMF library build location : /gpfsm/dnb04/projects/p98/mpotts/esmf/intel_19.1.3_intelmpi_O_release_8.3.0
20220531 014811.854 INFO             PET0 ESMF_COMM                   : intelmpi
20220531 014811.855 INFO             PET0 ESMF_MOAB                   : enabled
20220531 014811.855 INFO             PET0 ESMF_LAPACK                 : enabled
20220531 014811.855 INFO             PET0 ESMF_NETCDF                 : enabled
20220531 014811.855 INFO             PET0 ESMF_PNETCDF                : disabled
20220531 014811.855 INFO             PET0 ESMF_PIO                    : enabled
20220531 014811.855 INFO             PET0 ESMF_YAMLCPP                : enabled
20220531 014811.855 INFO             PET0  NUMBER_OF_PROCESSORS           1
20220531 014811.855 INFO             PET0  PASS  Example CalendarEx, ESMF_CalendarEx.F90, line 217
20220531 014811.855 INFO             PET0 Finalizing ESMF
