build time -- 2022-05-23 15:13:42.680516
20220523 160052.046 INFO             PET0 !!!!!!!!!!!!!!!!!!!!!!!!!!!!!!!!!!!!!!!!!!!!!!!!!!!!!!
20220523 160052.046 INFO             PET0 !!! THE ESMF_LOG IS SET TO OUTPUT ALL LOG MESSAGES !!!
20220523 160052.046 INFO             PET0 !!!     THIS MAY CAUSE SLOWDOWN IN PERFORMANCE     !!!
20220523 160052.046 INFO             PET0 !!! FOR PRODUCTION RUNS, USE:                      !!!
20220523 160052.046 INFO             PET0 !!!                   ESMF_LOGKIND_Multi_On_Error  !!!
20220523 160052.046 INFO             PET0 !!!!!!!!!!!!!!!!!!!!!!!!!!!!!!!!!!!!!!!!!!!!!!!!!!!!!!
20220523 160052.046 INFO             PET0 Running with ESMF Version   : v8.3.0b16-3-gc2b47388e1
20220523 160052.046 INFO             PET0 ESMF library build date/time: "May 23 2022" "15:11:25"
20220523 160052.046 INFO             PET0 ESMF library build location : /gpfsm/dnb04/projects/p98/mpotts/esmf/intel_19.1.3_intelmpi_O_release_8.3.0
20220523 160052.046 INFO             PET0 ESMF_COMM                   : intelmpi
20220523 160052.047 INFO             PET0 ESMF_MOAB                   : enabled
20220523 160052.047 INFO             PET0 ESMF_LAPACK                 : enabled
20220523 160052.047 INFO             PET0 ESMF_NETCDF                 : enabled
20220523 160052.047 INFO             PET0 ESMF_PNETCDF                : disabled
20220523 160052.047 INFO             PET0 ESMF_PIO                    : enabled
20220523 160052.047 INFO             PET0 ESMF_YAMLCPP                : enabled
20220523 160052.051 INFO             PET0  NUMBER_OF_PROCESSORS           1
20220523 160052.051 INFO             PET0  PASS  Example ESMF_XGridSparseMatEx, ESMF_XGridSparseMatEx.F90, line 642
20220523 160052.051 INFO             PET0 Finalizing ESMF
