build time -- 2022-05-16 01:05:42.254717
20220516 012319.282 INFO             PET0 !!!!!!!!!!!!!!!!!!!!!!!!!!!!!!!!!!!!!!!!!!!!!!!!!!!!!!
20220516 012319.282 INFO             PET0 !!! THE ESMF_LOG IS SET TO OUTPUT ALL LOG MESSAGES !!!
20220516 012319.282 INFO             PET0 !!!     THIS MAY CAUSE SLOWDOWN IN PERFORMANCE     !!!
20220516 012319.282 INFO             PET0 !!! FOR PRODUCTION RUNS, USE:                      !!!
20220516 012319.282 INFO             PET0 !!!                   ESMF_LOGKIND_Multi_On_Error  !!!
20220516 012319.282 INFO             PET0 !!!!!!!!!!!!!!!!!!!!!!!!!!!!!!!!!!!!!!!!!!!!!!!!!!!!!!
20220516 012319.282 INFO             PET0 Running with ESMF Version   : v8.3.0b14-2-gde129fc120
20220516 012319.282 INFO             PET0 ESMF library build date/time: "May 16 2022" "01:04:38"
20220516 012319.282 INFO             PET0 ESMF library build location : /gpfsm/dnb04/projects/p98/mpotts/esmf/gfortran_8.3.0_mpt_O_develop
20220516 012319.282 INFO             PET0 ESMF_COMM                   : mpt
20220516 012319.282 INFO             PET0 ESMF_MOAB                   : enabled
20220516 012319.282 INFO             PET0 ESMF_LAPACK                 : enabled
20220516 012319.282 INFO             PET0 ESMF_NETCDF                 : disabled
20220516 012319.282 INFO             PET0 ESMF_PNETCDF                : disabled
20220516 012319.282 INFO             PET0 ESMF_PIO                    : disabled
20220516 012319.282 INFO             PET0 ESMF_YAMLCPP                : enabled
20220516 012319.284 INFO             PET0  NUMBER_OF_PROCESSORS           1
20220516 012319.284 INFO             PET0  PASS  Example ESMF_ClockEx, ESMF_ClockEx.F90, line 220
20220516 012319.284 INFO             PET0 Finalizing ESMF
