build time -- 2022-04-05 01:06:16.114033
 Inside Init
 Inside Run
 Inside Run
 Inside Run
 Inside Run
 Inside Run
 Inside Finalize
  PASS  Example ESMF_TraceEx, ESMF_TraceEx.F90, line 178
 PASS: ESMF_TraceEx.F90
 Inside Init
 Inside Run
 Inside Run
 Inside Run
 Inside Run
 Inside Run
 Inside Finalize
  PASS  Example ESMF_TraceEx, ESMF_TraceEx.F90, line 178
 PASS: ESMF_TraceEx.F90
 Inside Init
 Inside Run
 Inside Run
 Inside Run
 Inside Run
 Inside Run
 Inside Finalize
  PASS  Example ESMF_TraceEx, ESMF_TraceEx.F90, line 178
 PASS: ESMF_TraceEx.F90
 --------------------------------------- 
 Start of ESMF_Trace Example
 --------------------------------------- 
 Inside Init
 Inside Run
 Inside Run
 Inside Run
 Inside Run
 Inside Run
 Inside Finalize
  PASS  Example ESMF_TraceEx, ESMF_TraceEx.F90, line 178
 --------------------------------------- 
 End of ESMF_Trace Example
 --------------------------------------- 
 PASS: ESMF_TraceEx.F90
