build time -- 2022-04-07 01:06:01.524823
20220407 012417.537 INFO             PET0 !!!!!!!!!!!!!!!!!!!!!!!!!!!!!!!!!!!!!!!!!!!!!!!!!!!!!!
20220407 012417.538 INFO             PET0 !!! THE ESMF_LOG IS SET TO OUTPUT ALL LOG MESSAGES !!!
20220407 012417.538 INFO             PET0 !!!     THIS MAY CAUSE SLOWDOWN IN PERFORMANCE     !!!
20220407 012417.538 INFO             PET0 !!! FOR PRODUCTION RUNS, USE:                      !!!
20220407 012417.538 INFO             PET0 !!!                   ESMF_LOGKIND_Multi_On_Error  !!!
20220407 012417.538 INFO             PET0 !!!!!!!!!!!!!!!!!!!!!!!!!!!!!!!!!!!!!!!!!!!!!!!!!!!!!!
20220407 012417.538 INFO             PET0 Running with ESMF Version   : v8.3.0b12
20220407 012417.538 INFO             PET0 ESMF library build date/time: "Apr  7 2022" "01:04:47"
20220407 012417.538 INFO             PET0 ESMF library build location : /gpfsm/dnb04/projects/p98/mpotts/esmf/gfortran_8.3.0_mpt_O_develop
20220407 012417.538 INFO             PET0 ESMF_COMM                   : mpt
20220407 012417.538 INFO             PET0 ESMF_MOAB                   : enabled
20220407 012417.538 INFO             PET0 ESMF_LAPACK                 : enabled
20220407 012417.538 INFO             PET0 ESMF_NETCDF                 : disabled
20220407 012417.538 INFO             PET0 ESMF_PNETCDF                : disabled
20220407 012417.538 INFO             PET0 ESMF_PIO                    : disabled
20220407 012417.538 INFO             PET0 ESMF_YAMLCPP                : enabled
20220407 012417.542 INFO             PET0  NUMBER_OF_PROCESSORS           1
20220407 012417.542 INFO             PET0  PASS  Example ESMF_AlarmEx, ESMF_AlarmEx.F90, line 244
20220407 012417.542 INFO             PET0 Finalizing ESMF
