build time -- 2022-04-04 01:06:55.643498
20220404 012623.620 INFO             PET0 !!!!!!!!!!!!!!!!!!!!!!!!!!!!!!!!!!!!!!!!!!!!!!!!!!!!!!
20220404 012623.621 INFO             PET0 !!! THE ESMF_LOG IS SET TO OUTPUT ALL LOG MESSAGES !!!
20220404 012623.621 INFO             PET0 !!!     THIS MAY CAUSE SLOWDOWN IN PERFORMANCE     !!!
20220404 012623.621 INFO             PET0 !!! FOR PRODUCTION RUNS, USE:                      !!!
20220404 012623.621 INFO             PET0 !!!                   ESMF_LOGKIND_Multi_On_Error  !!!
20220404 012623.621 INFO             PET0 !!!!!!!!!!!!!!!!!!!!!!!!!!!!!!!!!!!!!!!!!!!!!!!!!!!!!!
20220404 012623.621 INFO             PET0 Running with ESMF Version   : v8.3.0b12
20220404 012623.621 INFO             PET0 ESMF library build date/time: "Apr  4 2022" "01:05:17"
20220404 012623.621 INFO             PET0 ESMF library build location : /gpfsm/dnb04/projects/p98/mpotts/esmf/gfortran_8.3.0_mpt_O_develop
20220404 012623.621 INFO             PET0 ESMF_COMM                   : mpt
20220404 012623.621 INFO             PET0 ESMF_MOAB                   : enabled
20220404 012623.621 INFO             PET0 ESMF_LAPACK                 : enabled
20220404 012623.621 INFO             PET0 ESMF_NETCDF                 : disabled
20220404 012623.621 INFO             PET0 ESMF_PNETCDF                : disabled
20220404 012623.621 INFO             PET0 ESMF_PIO                    : disabled
20220404 012623.621 INFO             PET0 ESMF_YAMLCPP                : enabled
20220404 012623.626 INFO             PET0 ESMF_FieldRedistStoreNF(): Just entered routine.
20220404 012623.679 INFO             PET0 ESMF_FieldRedistStoreNF(): Leaving routine.
20220404 012623.681 INFO             PET0  NUMBER_OF_PROCESSORS           4
20220404 012623.681 INFO             PET0  PASS  Example ESMF_RHandleFromRHandleEx, ESMF_RHandleFromRHandleEx.F90, line 660
20220404 012623.681 INFO             PET0 Finalizing ESMF
20220404 012623.621 INFO             PET1 !!!!!!!!!!!!!!!!!!!!!!!!!!!!!!!!!!!!!!!!!!!!!!!!!!!!!!
20220404 012623.621 INFO             PET1 !!! THE ESMF_LOG IS SET TO OUTPUT ALL LOG MESSAGES !!!
20220404 012623.621 INFO             PET1 !!!     THIS MAY CAUSE SLOWDOWN IN PERFORMANCE     !!!
20220404 012623.621 INFO             PET1 !!! FOR PRODUCTION RUNS, USE:                      !!!
20220404 012623.621 INFO             PET1 !!!                   ESMF_LOGKIND_Multi_On_Error  !!!
20220404 012623.621 INFO             PET1 !!!!!!!!!!!!!!!!!!!!!!!!!!!!!!!!!!!!!!!!!!!!!!!!!!!!!!
20220404 012623.621 INFO             PET1 Running with ESMF Version   : v8.3.0b12
20220404 012623.621 INFO             PET1 ESMF library build date/time: "Apr  4 2022" "01:05:17"
20220404 012623.621 INFO             PET1 ESMF library build location : /gpfsm/dnb04/projects/p98/mpotts/esmf/gfortran_8.3.0_mpt_O_develop
20220404 012623.621 INFO             PET1 ESMF_COMM                   : mpt
20220404 012623.621 INFO             PET1 ESMF_MOAB                   : enabled
20220404 012623.621 INFO             PET1 ESMF_LAPACK                 : enabled
20220404 012623.621 INFO             PET1 ESMF_NETCDF                 : disabled
20220404 012623.621 INFO             PET1 ESMF_PNETCDF                : disabled
20220404 012623.621 INFO             PET1 ESMF_PIO                    : disabled
20220404 012623.621 INFO             PET1 ESMF_YAMLCPP                : enabled
20220404 012623.626 INFO             PET1 ESMF_FieldRedistStoreNF(): Just entered routine.
20220404 012623.679 INFO             PET1 ESMF_FieldRedistStoreNF(): Leaving routine.
20220404 012623.681 INFO             PET1  NUMBER_OF_PROCESSORS           4
20220404 012623.681 INFO             PET1  PASS  Example ESMF_RHandleFromRHandleEx, ESMF_RHandleFromRHandleEx.F90, line 660
20220404 012623.681 INFO             PET1 Finalizing ESMF
20220404 012623.621 INFO             PET2 !!!!!!!!!!!!!!!!!!!!!!!!!!!!!!!!!!!!!!!!!!!!!!!!!!!!!!
20220404 012623.621 INFO             PET2 !!! THE ESMF_LOG IS SET TO OUTPUT ALL LOG MESSAGES !!!
20220404 012623.621 INFO             PET2 !!!     THIS MAY CAUSE SLOWDOWN IN PERFORMANCE     !!!
20220404 012623.621 INFO             PET2 !!! FOR PRODUCTION RUNS, USE:                      !!!
20220404 012623.621 INFO             PET2 !!!                   ESMF_LOGKIND_Multi_On_Error  !!!
20220404 012623.621 INFO             PET2 !!!!!!!!!!!!!!!!!!!!!!!!!!!!!!!!!!!!!!!!!!!!!!!!!!!!!!
20220404 012623.621 INFO             PET2 Running with ESMF Version   : v8.3.0b12
20220404 012623.621 INFO             PET2 ESMF library build date/time: "Apr  4 2022" "01:05:17"
20220404 012623.621 INFO             PET2 ESMF library build location : /gpfsm/dnb04/projects/p98/mpotts/esmf/gfortran_8.3.0_mpt_O_develop
20220404 012623.621 INFO             PET2 ESMF_COMM                   : mpt
20220404 012623.621 INFO             PET2 ESMF_MOAB                   : enabled
20220404 012623.621 INFO             PET2 ESMF_LAPACK                 : enabled
20220404 012623.621 INFO             PET2 ESMF_NETCDF                 : disabled
20220404 012623.621 INFO             PET2 ESMF_PNETCDF                : disabled
20220404 012623.621 INFO             PET2 ESMF_PIO                    : disabled
20220404 012623.621 INFO             PET2 ESMF_YAMLCPP                : enabled
20220404 012623.626 INFO             PET2 ESMF_FieldRedistStoreNF(): Just entered routine.
20220404 012623.679 INFO             PET2 ESMF_FieldRedistStoreNF(): Leaving routine.
20220404 012623.682 INFO             PET2  NUMBER_OF_PROCESSORS           4
20220404 012623.682 INFO             PET2  PASS  Example ESMF_RHandleFromRHandleEx, ESMF_RHandleFromRHandleEx.F90, line 660
20220404 012623.682 INFO             PET2 Finalizing ESMF
20220404 012623.621 INFO             PET3 !!!!!!!!!!!!!!!!!!!!!!!!!!!!!!!!!!!!!!!!!!!!!!!!!!!!!!
20220404 012623.621 INFO             PET3 !!! THE ESMF_LOG IS SET TO OUTPUT ALL LOG MESSAGES !!!
20220404 012623.621 INFO             PET3 !!!     THIS MAY CAUSE SLOWDOWN IN PERFORMANCE     !!!
20220404 012623.621 INFO             PET3 !!! FOR PRODUCTION RUNS, USE:                      !!!
20220404 012623.621 INFO             PET3 !!!                   ESMF_LOGKIND_Multi_On_Error  !!!
20220404 012623.621 INFO             PET3 !!!!!!!!!!!!!!!!!!!!!!!!!!!!!!!!!!!!!!!!!!!!!!!!!!!!!!
20220404 012623.621 INFO             PET3 Running with ESMF Version   : v8.3.0b12
20220404 012623.621 INFO             PET3 ESMF library build date/time: "Apr  4 2022" "01:05:17"
20220404 012623.621 INFO             PET3 ESMF library build location : /gpfsm/dnb04/projects/p98/mpotts/esmf/gfortran_8.3.0_mpt_O_develop
20220404 012623.621 INFO             PET3 ESMF_COMM                   : mpt
20220404 012623.621 INFO             PET3 ESMF_MOAB                   : enabled
20220404 012623.621 INFO             PET3 ESMF_LAPACK                 : enabled
20220404 012623.621 INFO             PET3 ESMF_NETCDF                 : disabled
20220404 012623.621 INFO             PET3 ESMF_PNETCDF                : disabled
20220404 012623.621 INFO             PET3 ESMF_PIO                    : disabled
20220404 012623.621 INFO             PET3 ESMF_YAMLCPP                : enabled
20220404 012623.626 INFO             PET3 ESMF_FieldRedistStoreNF(): Just entered routine.
20220404 012623.679 INFO             PET3 ESMF_FieldRedistStoreNF(): Leaving routine.
20220404 012623.683 INFO             PET3  NUMBER_OF_PROCESSORS           4
20220404 012623.683 INFO             PET3  PASS  Example ESMF_RHandleFromRHandleEx, ESMF_RHandleFromRHandleEx.F90, line 660
20220404 012623.683 INFO             PET3 Finalizing ESMF
