build time -- 2022-06-04 01:58:34.039595
20220604 022619.972 INFO             PET0 !!!!!!!!!!!!!!!!!!!!!!!!!!!!!!!!!!!!!!!!!!!!!!!!!!!!!!
20220604 022619.972 INFO             PET0 !!! THE ESMF_LOG IS SET TO OUTPUT ALL LOG MESSAGES !!!
20220604 022619.972 INFO             PET0 !!!     THIS MAY CAUSE SLOWDOWN IN PERFORMANCE     !!!
20220604 022619.972 INFO             PET0 !!! FOR PRODUCTION RUNS, USE:                      !!!
20220604 022619.972 INFO             PET0 !!!                   ESMF_LOGKIND_Multi_On_Error  !!!
20220604 022619.972 INFO             PET0 !!!!!!!!!!!!!!!!!!!!!!!!!!!!!!!!!!!!!!!!!!!!!!!!!!!!!!
20220604 022619.972 INFO             PET0 Running with ESMF Version   : v8.4.0b01
20220604 022619.972 INFO             PET0 ESMF library build date/time: "Jun  4 2022" "01:57:19"
20220604 022619.972 INFO             PET0 ESMF library build location : /gpfsm/dnb04/projects/p98/mpotts/esmf/gfortran_8.3.0_mpt_O_develop
20220604 022619.972 INFO             PET0 ESMF_COMM                   : mpt
20220604 022619.972 INFO             PET0 ESMF_MOAB                   : enabled
20220604 022619.972 INFO             PET0 ESMF_LAPACK                 : enabled
20220604 022619.972 INFO             PET0 ESMF_NETCDF                 : disabled
20220604 022619.973 INFO             PET0 ESMF_PNETCDF                : disabled
20220604 022619.973 INFO             PET0 ESMF_PIO                    : disabled
20220604 022619.973 INFO             PET0 ESMF_YAMLCPP                : enabled
20220604 022619.973 INFO             PET0  NUMBER_OF_PROCESSORS           1
20220604 022619.973 INFO             PET0  PASS  Example ESMF_TimeIntervalEx, ESMF_TimeIntervalEx.F90, line 176
20220604 022619.973 INFO             PET0 Finalizing ESMF
