build time -- 2022-04-04 01:06:55.643498
20220404 012715.358 INFO             PET0 !!!!!!!!!!!!!!!!!!!!!!!!!!!!!!!!!!!!!!!!!!!!!!!!!!!!!!
20220404 012715.358 INFO             PET0 !!! THE ESMF_LOG IS SET TO OUTPUT ALL LOG MESSAGES !!!
20220404 012715.358 INFO             PET0 !!!     THIS MAY CAUSE SLOWDOWN IN PERFORMANCE     !!!
20220404 012715.358 INFO             PET0 !!! FOR PRODUCTION RUNS, USE:                      !!!
20220404 012715.358 INFO             PET0 !!!                   ESMF_LOGKIND_Multi_On_Error  !!!
20220404 012715.358 INFO             PET0 !!!!!!!!!!!!!!!!!!!!!!!!!!!!!!!!!!!!!!!!!!!!!!!!!!!!!!
20220404 012715.358 INFO             PET0 Running with ESMF Version   : v8.3.0b12
20220404 012715.358 INFO             PET0 ESMF library build date/time: "Apr  4 2022" "01:05:17"
20220404 012715.358 INFO             PET0 ESMF library build location : /gpfsm/dnb04/projects/p98/mpotts/esmf/gfortran_8.3.0_mpt_O_develop
20220404 012715.358 INFO             PET0 ESMF_COMM                   : mpt
20220404 012715.358 INFO             PET0 ESMF_MOAB                   : enabled
20220404 012715.358 INFO             PET0 ESMF_LAPACK                 : enabled
20220404 012715.358 INFO             PET0 ESMF_NETCDF                 : disabled
20220404 012715.358 INFO             PET0 ESMF_PNETCDF                : disabled
20220404 012715.358 INFO             PET0 ESMF_PIO                    : disabled
20220404 012715.358 INFO             PET0 ESMF_YAMLCPP                : enabled
20220404 012715.391 DEBUG            PET0 about to destroy Grid: 0x17abba0
20220404 012715.394 DEBUG            PET0 about to destroy Grid: 0x17ad3d0
20220404 012715.404 INFO             PET0  NUMBER_OF_PROCESSORS           4
20220404 012715.404 INFO             PET0  PASS  Example ESMF_NUOPCAtmModelEx, ESMF_NUOPCAtmModelEx.F90, line 806
20220404 012715.404 INFO             PET0 Finalizing ESMF
20220404 012715.359 INFO             PET1 !!!!!!!!!!!!!!!!!!!!!!!!!!!!!!!!!!!!!!!!!!!!!!!!!!!!!!
20220404 012715.359 INFO             PET1 !!! THE ESMF_LOG IS SET TO OUTPUT ALL LOG MESSAGES !!!
20220404 012715.359 INFO             PET1 !!!     THIS MAY CAUSE SLOWDOWN IN PERFORMANCE     !!!
20220404 012715.359 INFO             PET1 !!! FOR PRODUCTION RUNS, USE:                      !!!
20220404 012715.359 INFO             PET1 !!!                   ESMF_LOGKIND_Multi_On_Error  !!!
20220404 012715.359 INFO             PET1 !!!!!!!!!!!!!!!!!!!!!!!!!!!!!!!!!!!!!!!!!!!!!!!!!!!!!!
20220404 012715.359 INFO             PET1 Running with ESMF Version   : v8.3.0b12
20220404 012715.359 INFO             PET1 ESMF library build date/time: "Apr  4 2022" "01:05:17"
20220404 012715.359 INFO             PET1 ESMF library build location : /gpfsm/dnb04/projects/p98/mpotts/esmf/gfortran_8.3.0_mpt_O_develop
20220404 012715.359 INFO             PET1 ESMF_COMM                   : mpt
20220404 012715.359 INFO             PET1 ESMF_MOAB                   : enabled
20220404 012715.359 INFO             PET1 ESMF_LAPACK                 : enabled
20220404 012715.359 INFO             PET1 ESMF_NETCDF                 : disabled
20220404 012715.359 INFO             PET1 ESMF_PNETCDF                : disabled
20220404 012715.359 INFO             PET1 ESMF_PIO                    : disabled
20220404 012715.359 INFO             PET1 ESMF_YAMLCPP                : enabled
20220404 012715.391 DEBUG            PET1 about to destroy Grid: 0x17ac5e0
20220404 012715.394 DEBUG            PET1 about to destroy Grid: 0x17a9f40
20220404 012715.404 INFO             PET1  NUMBER_OF_PROCESSORS           4
20220404 012715.404 INFO             PET1  PASS  Example ESMF_NUOPCAtmModelEx, ESMF_NUOPCAtmModelEx.F90, line 806
20220404 012715.404 INFO             PET1 Finalizing ESMF
20220404 012715.358 INFO             PET2 !!!!!!!!!!!!!!!!!!!!!!!!!!!!!!!!!!!!!!!!!!!!!!!!!!!!!!
20220404 012715.358 INFO             PET2 !!! THE ESMF_LOG IS SET TO OUTPUT ALL LOG MESSAGES !!!
20220404 012715.358 INFO             PET2 !!!     THIS MAY CAUSE SLOWDOWN IN PERFORMANCE     !!!
20220404 012715.358 INFO             PET2 !!! FOR PRODUCTION RUNS, USE:                      !!!
20220404 012715.358 INFO             PET2 !!!                   ESMF_LOGKIND_Multi_On_Error  !!!
20220404 012715.358 INFO             PET2 !!!!!!!!!!!!!!!!!!!!!!!!!!!!!!!!!!!!!!!!!!!!!!!!!!!!!!
20220404 012715.358 INFO             PET2 Running with ESMF Version   : v8.3.0b12
20220404 012715.358 INFO             PET2 ESMF library build date/time: "Apr  4 2022" "01:05:17"
20220404 012715.358 INFO             PET2 ESMF library build location : /gpfsm/dnb04/projects/p98/mpotts/esmf/gfortran_8.3.0_mpt_O_develop
20220404 012715.358 INFO             PET2 ESMF_COMM                   : mpt
20220404 012715.358 INFO             PET2 ESMF_MOAB                   : enabled
20220404 012715.358 INFO             PET2 ESMF_LAPACK                 : enabled
20220404 012715.358 INFO             PET2 ESMF_NETCDF                 : disabled
20220404 012715.358 INFO             PET2 ESMF_PNETCDF                : disabled
20220404 012715.358 INFO             PET2 ESMF_PIO                    : disabled
20220404 012715.358 INFO             PET2 ESMF_YAMLCPP                : enabled
20220404 012715.391 DEBUG            PET2 about to destroy Grid: 0x17abcb0
20220404 012715.394 DEBUG            PET2 about to destroy Grid: 0x17acf40
20220404 012715.404 INFO             PET2  NUMBER_OF_PROCESSORS           4
20220404 012715.404 INFO             PET2  PASS  Example ESMF_NUOPCAtmModelEx, ESMF_NUOPCAtmModelEx.F90, line 806
20220404 012715.404 INFO             PET2 Finalizing ESMF
20220404 012715.358 INFO             PET3 !!!!!!!!!!!!!!!!!!!!!!!!!!!!!!!!!!!!!!!!!!!!!!!!!!!!!!
20220404 012715.358 INFO             PET3 !!! THE ESMF_LOG IS SET TO OUTPUT ALL LOG MESSAGES !!!
20220404 012715.358 INFO             PET3 !!!     THIS MAY CAUSE SLOWDOWN IN PERFORMANCE     !!!
20220404 012715.358 INFO             PET3 !!! FOR PRODUCTION RUNS, USE:                      !!!
20220404 012715.358 INFO             PET3 !!!                   ESMF_LOGKIND_Multi_On_Error  !!!
20220404 012715.358 INFO             PET3 !!!!!!!!!!!!!!!!!!!!!!!!!!!!!!!!!!!!!!!!!!!!!!!!!!!!!!
20220404 012715.358 INFO             PET3 Running with ESMF Version   : v8.3.0b12
20220404 012715.358 INFO             PET3 ESMF library build date/time: "Apr  4 2022" "01:05:17"
20220404 012715.358 INFO             PET3 ESMF library build location : /gpfsm/dnb04/projects/p98/mpotts/esmf/gfortran_8.3.0_mpt_O_develop
20220404 012715.358 INFO             PET3 ESMF_COMM                   : mpt
20220404 012715.358 INFO             PET3 ESMF_MOAB                   : enabled
20220404 012715.358 INFO             PET3 ESMF_LAPACK                 : enabled
20220404 012715.358 INFO             PET3 ESMF_NETCDF                 : disabled
20220404 012715.358 INFO             PET3 ESMF_PNETCDF                : disabled
20220404 012715.358 INFO             PET3 ESMF_PIO                    : disabled
20220404 012715.358 INFO             PET3 ESMF_YAMLCPP                : enabled
20220404 012715.391 DEBUG            PET3 about to destroy Grid: 0x17abd30
20220404 012715.394 DEBUG            PET3 about to destroy Grid: 0x17acb80
20220404 012715.404 INFO             PET3  NUMBER_OF_PROCESSORS           4
20220404 012715.404 INFO             PET3  PASS  Example ESMF_NUOPCAtmModelEx, ESMF_NUOPCAtmModelEx.F90, line 806
20220404 012715.404 INFO             PET3 Finalizing ESMF
