build time -- 2022-05-31 00:30:53
20220531 014700.932 INFO             PET0 !!!!!!!!!!!!!!!!!!!!!!!!!!!!!!!!!!!!!!!!!!!!!!!!!!!!!!
20220531 014700.932 INFO             PET0 !!! THE ESMF_LOG IS SET TO OUTPUT ALL LOG MESSAGES !!!
20220531 014700.932 INFO             PET0 !!!     THIS MAY CAUSE SLOWDOWN IN PERFORMANCE     !!!
20220531 014700.932 INFO             PET0 !!! FOR PRODUCTION RUNS, USE:                      !!!
20220531 014700.932 INFO             PET0 !!!                   ESMF_LOGKIND_Multi_On_Error  !!!
20220531 014700.932 INFO             PET0 !!!!!!!!!!!!!!!!!!!!!!!!!!!!!!!!!!!!!!!!!!!!!!!!!!!!!!
20220531 014700.932 INFO             PET0 Running with ESMF Version   : v8.3.0b16-3-gc2b47388e1
20220531 014700.932 INFO             PET0 ESMF library build date/time: "May 31 2022" "00:29:15"
20220531 014700.932 INFO             PET0 ESMF library build location : /lustre/f2/dev/ncep/Mark.Potts/gfortran_8.3.0_mpi_O_release_8.3.0
20220531 014700.932 INFO             PET0 ESMF_COMM                   : mpi
20220531 014700.933 INFO             PET0 ESMF_MOAB                   : enabled
20220531 014700.933 INFO             PET0 ESMF_LAPACK                 : enabled
20220531 014700.933 INFO             PET0 ESMF_NETCDF                 : enabled
20220531 014700.933 INFO             PET0 ESMF_PNETCDF                : disabled
20220531 014700.933 INFO             PET0 ESMF_PIO                    : enabled
20220531 014700.933 INFO             PET0 ESMF_YAMLCPP                : enabled
20220531 014700.940 INFO             PET0  NUMBER_OF_PROCESSORS           4
20220531 014700.940 INFO             PET0  PASS  Example ESMF_VMUserMpiCommMultiEx, ESMF_VMUserMpiCommMultiEx.F90, line 126
20220531 014700.940 INFO             PET0 Finalizing ESMF
20220531 014700.929 INFO             PET0 !!!!!!!!!!!!!!!!!!!!!!!!!!!!!!!!!!!!!!!!!!!!!!!!!!!!!!
20220531 014700.931 INFO             PET0 !!! THE ESMF_LOG IS SET TO OUTPUT ALL LOG MESSAGES !!!
20220531 014700.931 INFO             PET0 !!!     THIS MAY CAUSE SLOWDOWN IN PERFORMANCE     !!!
20220531 014700.931 INFO             PET0 !!! FOR PRODUCTION RUNS, USE:                      !!!
20220531 014700.931 INFO             PET0 !!!                   ESMF_LOGKIND_Multi_On_Error  !!!
20220531 014700.931 INFO             PET0 !!!!!!!!!!!!!!!!!!!!!!!!!!!!!!!!!!!!!!!!!!!!!!!!!!!!!!
20220531 014700.931 INFO             PET0 Running with ESMF Version   : v8.3.0b16-3-gc2b47388e1
20220531 014700.931 INFO             PET0 ESMF library build date/time: "May 31 2022" "00:29:15"
20220531 014700.931 INFO             PET0 ESMF library build location : /lustre/f2/dev/ncep/Mark.Potts/gfortran_8.3.0_mpi_O_release_8.3.0
20220531 014700.931 INFO             PET0 ESMF_COMM                   : mpi
20220531 014700.932 INFO             PET0 ESMF_MOAB                   : enabled
20220531 014700.932 INFO             PET0 ESMF_LAPACK                 : enabled
20220531 014700.932 INFO             PET0 ESMF_NETCDF                 : enabled
20220531 014700.932 INFO             PET0 ESMF_PNETCDF                : disabled
20220531 014700.932 INFO             PET0 ESMF_PIO                    : enabled
20220531 014700.932 INFO             PET0 ESMF_YAMLCPP                : enabled
20220531 014700.934 INFO             PET0  NUMBER_OF_PROCESSORS           4
20220531 014700.934 INFO             PET0  PASS  Example ESMF_VMUserMpiCommMultiEx, ESMF_VMUserMpiCommMultiEx.F90, line 154
20220531 014700.934 INFO             PET0 Finalizing ESMF
20220531 014700.939 INFO             PET1 !!!!!!!!!!!!!!!!!!!!!!!!!!!!!!!!!!!!!!!!!!!!!!!!!!!!!!
20220531 014700.939 INFO             PET1 !!! THE ESMF_LOG IS SET TO OUTPUT ALL LOG MESSAGES !!!
20220531 014700.939 INFO             PET1 !!!     THIS MAY CAUSE SLOWDOWN IN PERFORMANCE     !!!
20220531 014700.939 INFO             PET1 !!! FOR PRODUCTION RUNS, USE:                      !!!
20220531 014700.939 INFO             PET1 !!!                   ESMF_LOGKIND_Multi_On_Error  !!!
20220531 014700.939 INFO             PET1 !!!!!!!!!!!!!!!!!!!!!!!!!!!!!!!!!!!!!!!!!!!!!!!!!!!!!!
20220531 014700.939 INFO             PET1 Running with ESMF Version   : v8.3.0b16-3-gc2b47388e1
20220531 014700.939 INFO             PET1 ESMF library build date/time: "May 31 2022" "00:29:15"
20220531 014700.939 INFO             PET1 ESMF library build location : /lustre/f2/dev/ncep/Mark.Potts/gfortran_8.3.0_mpi_O_release_8.3.0
20220531 014700.939 INFO             PET1 ESMF_COMM                   : mpi
20220531 014700.939 INFO             PET1 ESMF_MOAB                   : enabled
20220531 014700.940 INFO             PET1 ESMF_LAPACK                 : enabled
20220531 014700.940 INFO             PET1 ESMF_NETCDF                 : enabled
20220531 014700.940 INFO             PET1 ESMF_PNETCDF                : disabled
20220531 014700.940 INFO             PET1 ESMF_PIO                    : enabled
20220531 014700.940 INFO             PET1 ESMF_YAMLCPP                : enabled
20220531 014700.940 INFO             PET1  NUMBER_OF_PROCESSORS           4
20220531 014700.940 INFO             PET1  PASS  Example ESMF_VMUserMpiCommMultiEx, ESMF_VMUserMpiCommMultiEx.F90, line 126
20220531 014700.940 INFO             PET1 Finalizing ESMF
20220531 014700.929 INFO             PET1 !!!!!!!!!!!!!!!!!!!!!!!!!!!!!!!!!!!!!!!!!!!!!!!!!!!!!!
20220531 014700.931 INFO             PET1 !!! THE ESMF_LOG IS SET TO OUTPUT ALL LOG MESSAGES !!!
20220531 014700.931 INFO             PET1 !!!     THIS MAY CAUSE SLOWDOWN IN PERFORMANCE     !!!
20220531 014700.931 INFO             PET1 !!! FOR PRODUCTION RUNS, USE:                      !!!
20220531 014700.931 INFO             PET1 !!!                   ESMF_LOGKIND_Multi_On_Error  !!!
20220531 014700.931 INFO             PET1 !!!!!!!!!!!!!!!!!!!!!!!!!!!!!!!!!!!!!!!!!!!!!!!!!!!!!!
20220531 014700.931 INFO             PET1 Running with ESMF Version   : v8.3.0b16-3-gc2b47388e1
20220531 014700.931 INFO             PET1 ESMF library build date/time: "May 31 2022" "00:29:15"
20220531 014700.931 INFO             PET1 ESMF library build location : /lustre/f2/dev/ncep/Mark.Potts/gfortran_8.3.0_mpi_O_release_8.3.0
20220531 014700.931 INFO             PET1 ESMF_COMM                   : mpi
20220531 014700.932 INFO             PET1 ESMF_MOAB                   : enabled
20220531 014700.932 INFO             PET1 ESMF_LAPACK                 : enabled
20220531 014700.932 INFO             PET1 ESMF_NETCDF                 : enabled
20220531 014700.932 INFO             PET1 ESMF_PNETCDF                : disabled
20220531 014700.932 INFO             PET1 ESMF_PIO                    : enabled
20220531 014700.932 INFO             PET1 ESMF_YAMLCPP                : enabled
20220531 014700.934 INFO             PET1  NUMBER_OF_PROCESSORS           4
20220531 014700.934 INFO             PET1  PASS  Example ESMF_VMUserMpiCommMultiEx, ESMF_VMUserMpiCommMultiEx.F90, line 154
20220531 014700.934 INFO             PET1 Finalizing ESMF
