build time -- 2022-06-02 00:34:14
20220602 030618.351 INFO             PET0 !!!!!!!!!!!!!!!!!!!!!!!!!!!!!!!!!!!!!!!!!!!!!!!!!!!!!!
20220602 030618.352 INFO             PET0 !!! THE ESMF_LOG IS SET TO OUTPUT ALL LOG MESSAGES !!!
20220602 030618.353 INFO             PET0 !!!     THIS MAY CAUSE SLOWDOWN IN PERFORMANCE     !!!
20220602 030618.353 INFO             PET0 !!! FOR PRODUCTION RUNS, USE:                      !!!
20220602 030618.353 INFO             PET0 !!!                   ESMF_LOGKIND_Multi_On_Error  !!!
20220602 030618.353 INFO             PET0 !!!!!!!!!!!!!!!!!!!!!!!!!!!!!!!!!!!!!!!!!!!!!!!!!!!!!!
20220602 030618.353 INFO             PET0 Running with ESMF Version   : v8.3.0b16-4-g64dc951248
20220602 030618.353 INFO             PET0 ESMF library build date/time: "Jun  2 2022" "00:32:33"
20220602 030618.353 INFO             PET0 ESMF library build location : /lustre/f2/dev/ncep/Mark.Potts/gfortran_8.3.0_mpi_O_release_8.3.0
20220602 030618.353 INFO             PET0 ESMF_COMM                   : mpi
20220602 030618.354 INFO             PET0 ESMF_MOAB                   : enabled
20220602 030618.354 INFO             PET0 ESMF_LAPACK                 : enabled
20220602 030618.354 INFO             PET0 ESMF_NETCDF                 : enabled
20220602 030618.354 INFO             PET0 ESMF_PNETCDF                : disabled
20220602 030618.354 INFO             PET0 ESMF_PIO                    : enabled
20220602 030618.354 INFO             PET0 ESMF_YAMLCPP                : enabled
20220602 030618.432 INFO             PET0 ESMF_FieldRedistStoreNF(): Just entered routine.
20220602 030618.455 INFO             PET0 ESMF_FieldRedistStoreNF(): Leaving routine.
20220602 030618.486 INFO             PET0 ESMF_FieldRedistStoreNF(): Just entered routine.
20220602 030618.487 INFO             PET0 ESMF_FieldRedistStoreNF(): Leaving routine.
20220602 030618.487 INFO             PET0 ESMF_FieldRedistStoreNF(): Just entered routine.
20220602 030618.487 INFO             PET0 ESMF_FieldRedistStoreNF(): Leaving routine.
20220602 030618.488 INFO             PET0  NUMBER_OF_PROCESSORS           4
20220602 030618.488 INFO             PET0  PASS  Example ESMF_FieldRedistEx, ESMF_FieldRedistEx.F90, line 521
20220602 030618.488 INFO             PET0 Finalizing ESMF
20220602 030618.363 INFO             PET1 !!!!!!!!!!!!!!!!!!!!!!!!!!!!!!!!!!!!!!!!!!!!!!!!!!!!!!
20220602 030618.363 INFO             PET1 !!! THE ESMF_LOG IS SET TO OUTPUT ALL LOG MESSAGES !!!
20220602 030618.363 INFO             PET1 !!!     THIS MAY CAUSE SLOWDOWN IN PERFORMANCE     !!!
20220602 030618.363 INFO             PET1 !!! FOR PRODUCTION RUNS, USE:                      !!!
20220602 030618.363 INFO             PET1 !!!                   ESMF_LOGKIND_Multi_On_Error  !!!
20220602 030618.363 INFO             PET1 !!!!!!!!!!!!!!!!!!!!!!!!!!!!!!!!!!!!!!!!!!!!!!!!!!!!!!
20220602 030618.363 INFO             PET1 Running with ESMF Version   : v8.3.0b16-4-g64dc951248
20220602 030618.363 INFO             PET1 ESMF library build date/time: "Jun  2 2022" "00:32:33"
20220602 030618.363 INFO             PET1 ESMF library build location : /lustre/f2/dev/ncep/Mark.Potts/gfortran_8.3.0_mpi_O_release_8.3.0
20220602 030618.363 INFO             PET1 ESMF_COMM                   : mpi
20220602 030618.364 INFO             PET1 ESMF_MOAB                   : enabled
20220602 030618.364 INFO             PET1 ESMF_LAPACK                 : enabled
20220602 030618.364 INFO             PET1 ESMF_NETCDF                 : enabled
20220602 030618.364 INFO             PET1 ESMF_PNETCDF                : disabled
20220602 030618.364 INFO             PET1 ESMF_PIO                    : enabled
20220602 030618.364 INFO             PET1 ESMF_YAMLCPP                : enabled
20220602 030618.432 INFO             PET1 ESMF_FieldRedistStoreNF(): Just entered routine.
20220602 030618.455 INFO             PET1 ESMF_FieldRedistStoreNF(): Leaving routine.
20220602 030618.486 INFO             PET1 ESMF_FieldRedistStoreNF(): Just entered routine.
20220602 030618.487 INFO             PET1 ESMF_FieldRedistStoreNF(): Leaving routine.
20220602 030618.487 INFO             PET1 ESMF_FieldRedistStoreNF(): Just entered routine.
20220602 030618.487 INFO             PET1 ESMF_FieldRedistStoreNF(): Leaving routine.
20220602 030618.488 INFO             PET1  NUMBER_OF_PROCESSORS           4
20220602 030618.488 INFO             PET1  PASS  Example ESMF_FieldRedistEx, ESMF_FieldRedistEx.F90, line 521
20220602 030618.488 INFO             PET1 Finalizing ESMF
20220602 030618.351 INFO             PET2 !!!!!!!!!!!!!!!!!!!!!!!!!!!!!!!!!!!!!!!!!!!!!!!!!!!!!!
20220602 030618.352 INFO             PET2 !!! THE ESMF_LOG IS SET TO OUTPUT ALL LOG MESSAGES !!!
20220602 030618.353 INFO             PET2 !!!     THIS MAY CAUSE SLOWDOWN IN PERFORMANCE     !!!
20220602 030618.353 INFO             PET2 !!! FOR PRODUCTION RUNS, USE:                      !!!
20220602 030618.353 INFO             PET2 !!!                   ESMF_LOGKIND_Multi_On_Error  !!!
20220602 030618.353 INFO             PET2 !!!!!!!!!!!!!!!!!!!!!!!!!!!!!!!!!!!!!!!!!!!!!!!!!!!!!!
20220602 030618.353 INFO             PET2 Running with ESMF Version   : v8.3.0b16-4-g64dc951248
20220602 030618.353 INFO             PET2 ESMF library build date/time: "Jun  2 2022" "00:32:33"
20220602 030618.353 INFO             PET2 ESMF library build location : /lustre/f2/dev/ncep/Mark.Potts/gfortran_8.3.0_mpi_O_release_8.3.0
20220602 030618.353 INFO             PET2 ESMF_COMM                   : mpi
20220602 030618.354 INFO             PET2 ESMF_MOAB                   : enabled
20220602 030618.354 INFO             PET2 ESMF_LAPACK                 : enabled
20220602 030618.354 INFO             PET2 ESMF_NETCDF                 : enabled
20220602 030618.354 INFO             PET2 ESMF_PNETCDF                : disabled
20220602 030618.354 INFO             PET2 ESMF_PIO                    : enabled
20220602 030618.354 INFO             PET2 ESMF_YAMLCPP                : enabled
20220602 030618.432 INFO             PET2 ESMF_FieldRedistStoreNF(): Just entered routine.
20220602 030618.455 INFO             PET2 ESMF_FieldRedistStoreNF(): Leaving routine.
20220602 030618.486 INFO             PET2 ESMF_FieldRedistStoreNF(): Just entered routine.
20220602 030618.487 INFO             PET2 ESMF_FieldRedistStoreNF(): Leaving routine.
20220602 030618.487 INFO             PET2 ESMF_FieldRedistStoreNF(): Just entered routine.
20220602 030618.487 INFO             PET2 ESMF_FieldRedistStoreNF(): Leaving routine.
20220602 030618.488 INFO             PET2  NUMBER_OF_PROCESSORS           4
20220602 030618.488 INFO             PET2  PASS  Example ESMF_FieldRedistEx, ESMF_FieldRedistEx.F90, line 521
20220602 030618.488 INFO             PET2 Finalizing ESMF
20220602 030618.362 INFO             PET3 !!!!!!!!!!!!!!!!!!!!!!!!!!!!!!!!!!!!!!!!!!!!!!!!!!!!!!
20220602 030618.362 INFO             PET3 !!! THE ESMF_LOG IS SET TO OUTPUT ALL LOG MESSAGES !!!
20220602 030618.362 INFO             PET3 !!!     THIS MAY CAUSE SLOWDOWN IN PERFORMANCE     !!!
20220602 030618.362 INFO             PET3 !!! FOR PRODUCTION RUNS, USE:                      !!!
20220602 030618.362 INFO             PET3 !!!                   ESMF_LOGKIND_Multi_On_Error  !!!
20220602 030618.362 INFO             PET3 !!!!!!!!!!!!!!!!!!!!!!!!!!!!!!!!!!!!!!!!!!!!!!!!!!!!!!
20220602 030618.362 INFO             PET3 Running with ESMF Version   : v8.3.0b16-4-g64dc951248
20220602 030618.362 INFO             PET3 ESMF library build date/time: "Jun  2 2022" "00:32:33"
20220602 030618.362 INFO             PET3 ESMF library build location : /lustre/f2/dev/ncep/Mark.Potts/gfortran_8.3.0_mpi_O_release_8.3.0
20220602 030618.362 INFO             PET3 ESMF_COMM                   : mpi
20220602 030618.363 INFO             PET3 ESMF_MOAB                   : enabled
20220602 030618.363 INFO             PET3 ESMF_LAPACK                 : enabled
20220602 030618.363 INFO             PET3 ESMF_NETCDF                 : enabled
20220602 030618.363 INFO             PET3 ESMF_PNETCDF                : disabled
20220602 030618.363 INFO             PET3 ESMF_PIO                    : enabled
20220602 030618.363 INFO             PET3 ESMF_YAMLCPP                : enabled
20220602 030618.432 INFO             PET3 ESMF_FieldRedistStoreNF(): Just entered routine.
20220602 030618.455 INFO             PET3 ESMF_FieldRedistStoreNF(): Leaving routine.
20220602 030618.486 INFO             PET3 ESMF_FieldRedistStoreNF(): Just entered routine.
20220602 030618.487 INFO             PET3 ESMF_FieldRedistStoreNF(): Leaving routine.
20220602 030618.487 INFO             PET3 ESMF_FieldRedistStoreNF(): Just entered routine.
20220602 030618.487 INFO             PET3 ESMF_FieldRedistStoreNF(): Leaving routine.
20220602 030618.488 INFO             PET3  NUMBER_OF_PROCESSORS           4
20220602 030618.488 INFO             PET3  PASS  Example ESMF_FieldRedistEx, ESMF_FieldRedistEx.F90, line 521
20220602 030618.488 INFO             PET3 Finalizing ESMF
