build time -- 2022-05-25 00:40:00
20220525 023436.040 INFO             PET0 !!!!!!!!!!!!!!!!!!!!!!!!!!!!!!!!!!!!!!!!!!!!!!!!!!!!!!
20220525 023436.042 INFO             PET0 !!! THE ESMF_LOG IS SET TO OUTPUT ALL LOG MESSAGES !!!
20220525 023436.042 INFO             PET0 !!!     THIS MAY CAUSE SLOWDOWN IN PERFORMANCE     !!!
20220525 023436.042 INFO             PET0 !!! FOR PRODUCTION RUNS, USE:                      !!!
20220525 023436.042 INFO             PET0 !!!                   ESMF_LOGKIND_Multi_On_Error  !!!
20220525 023436.042 INFO             PET0 !!!!!!!!!!!!!!!!!!!!!!!!!!!!!!!!!!!!!!!!!!!!!!!!!!!!!!
20220525 023436.042 INFO             PET0 Running with ESMF Version   : v8.3.0b16-3-gc2b47388e1
20220525 023436.042 INFO             PET0 ESMF library build date/time: "May 25 2022" "00:38:09"
20220525 023436.042 INFO             PET0 ESMF library build location : /lustre/f2/dev/ncep/Mark.Potts/gfortran_8.3.0_mpi_O_release_8.3.0
20220525 023436.042 INFO             PET0 ESMF_COMM                   : mpi
20220525 023436.045 INFO             PET0 ESMF_MOAB                   : enabled
20220525 023436.045 INFO             PET0 ESMF_LAPACK                 : enabled
20220525 023436.045 INFO             PET0 ESMF_NETCDF                 : enabled
20220525 023436.045 INFO             PET0 ESMF_PNETCDF                : disabled
20220525 023436.045 INFO             PET0 ESMF_PIO                    : enabled
20220525 023436.045 INFO             PET0 ESMF_YAMLCPP                : enabled
20220525 023436.047 INFO             PET0  NUMBER_OF_PROCESSORS           1
20220525 023436.047 INFO             PET0  PASS  Example ESMF_TimeEx, ESMF_TimeEx.F90, line 141
20220525 023436.047 INFO             PET0 Finalizing ESMF
