build time -- 2022-05-30 00:30:44
20220530 043427.346 INFO             PET0 !!!!!!!!!!!!!!!!!!!!!!!!!!!!!!!!!!!!!!!!!!!!!!!!!!!!!!
20220530 043427.346 INFO             PET0 !!! THE ESMF_LOG IS SET TO OUTPUT ALL LOG MESSAGES !!!
20220530 043427.346 INFO             PET0 !!!     THIS MAY CAUSE SLOWDOWN IN PERFORMANCE     !!!
20220530 043427.346 INFO             PET0 !!! FOR PRODUCTION RUNS, USE:                      !!!
20220530 043427.346 INFO             PET0 !!!                   ESMF_LOGKIND_Multi_On_Error  !!!
20220530 043427.346 INFO             PET0 !!!!!!!!!!!!!!!!!!!!!!!!!!!!!!!!!!!!!!!!!!!!!!!!!!!!!!
20220530 043427.346 INFO             PET0 Running with ESMF Version   : v8.3.0b16-3-gc2b47388e1
20220530 043427.346 INFO             PET0 ESMF library build date/time: "May 30 2022" "00:28:47"
20220530 043427.346 INFO             PET0 ESMF library build location : /lustre/f2/dev/ncep/Mark.Potts/gfortran_8.3.0_mpi_O_release_8.3.0
20220530 043427.346 INFO             PET0 ESMF_COMM                   : mpi
20220530 043427.346 INFO             PET0 ESMF_MOAB                   : enabled
20220530 043427.346 INFO             PET0 ESMF_LAPACK                 : enabled
20220530 043427.346 INFO             PET0 ESMF_NETCDF                 : enabled
20220530 043427.346 INFO             PET0 ESMF_PNETCDF                : disabled
20220530 043427.346 INFO             PET0 ESMF_PIO                    : enabled
20220530 043427.346 INFO             PET0 ESMF_YAMLCPP                : enabled
20220530 043427.505 DEBUG            PET0 about to destroy Grid: 0x27235f0
20220530 043427.508 DEBUG            PET0 about to destroy Grid: 0x2724d60
20220530 043427.526 INFO             PET0  NUMBER_OF_PROCESSORS           4
20220530 043427.526 INFO             PET0  PASS  Example ESMF_NUOPCAtmModelEx, ESMF_NUOPCAtmModelEx.F90, line 806
20220530 043427.526 INFO             PET0 Finalizing ESMF
20220530 043427.362 INFO             PET1 !!!!!!!!!!!!!!!!!!!!!!!!!!!!!!!!!!!!!!!!!!!!!!!!!!!!!!
20220530 043427.363 INFO             PET1 !!! THE ESMF_LOG IS SET TO OUTPUT ALL LOG MESSAGES !!!
20220530 043427.363 INFO             PET1 !!!     THIS MAY CAUSE SLOWDOWN IN PERFORMANCE     !!!
20220530 043427.363 INFO             PET1 !!! FOR PRODUCTION RUNS, USE:                      !!!
20220530 043427.363 INFO             PET1 !!!                   ESMF_LOGKIND_Multi_On_Error  !!!
20220530 043427.363 INFO             PET1 !!!!!!!!!!!!!!!!!!!!!!!!!!!!!!!!!!!!!!!!!!!!!!!!!!!!!!
20220530 043427.363 INFO             PET1 Running with ESMF Version   : v8.3.0b16-3-gc2b47388e1
20220530 043427.363 INFO             PET1 ESMF library build date/time: "May 30 2022" "00:28:47"
20220530 043427.363 INFO             PET1 ESMF library build location : /lustre/f2/dev/ncep/Mark.Potts/gfortran_8.3.0_mpi_O_release_8.3.0
20220530 043427.363 INFO             PET1 ESMF_COMM                   : mpi
20220530 043427.363 INFO             PET1 ESMF_MOAB                   : enabled
20220530 043427.363 INFO             PET1 ESMF_LAPACK                 : enabled
20220530 043427.363 INFO             PET1 ESMF_NETCDF                 : enabled
20220530 043427.363 INFO             PET1 ESMF_PNETCDF                : disabled
20220530 043427.363 INFO             PET1 ESMF_PIO                    : enabled
20220530 043427.363 INFO             PET1 ESMF_YAMLCPP                : enabled
20220530 043427.505 DEBUG            PET1 about to destroy Grid: 0x2720cd0
20220530 043427.508 DEBUG            PET1 about to destroy Grid: 0x2722900
20220530 043427.526 INFO             PET1  NUMBER_OF_PROCESSORS           4
20220530 043427.526 INFO             PET1  PASS  Example ESMF_NUOPCAtmModelEx, ESMF_NUOPCAtmModelEx.F90, line 806
20220530 043427.526 INFO             PET1 Finalizing ESMF
20220530 043427.359 INFO             PET2 !!!!!!!!!!!!!!!!!!!!!!!!!!!!!!!!!!!!!!!!!!!!!!!!!!!!!!
20220530 043427.359 INFO             PET2 !!! THE ESMF_LOG IS SET TO OUTPUT ALL LOG MESSAGES !!!
20220530 043427.359 INFO             PET2 !!!     THIS MAY CAUSE SLOWDOWN IN PERFORMANCE     !!!
20220530 043427.359 INFO             PET2 !!! FOR PRODUCTION RUNS, USE:                      !!!
20220530 043427.359 INFO             PET2 !!!                   ESMF_LOGKIND_Multi_On_Error  !!!
20220530 043427.360 INFO             PET2 !!!!!!!!!!!!!!!!!!!!!!!!!!!!!!!!!!!!!!!!!!!!!!!!!!!!!!
20220530 043427.360 INFO             PET2 Running with ESMF Version   : v8.3.0b16-3-gc2b47388e1
20220530 043427.360 INFO             PET2 ESMF library build date/time: "May 30 2022" "00:28:47"
20220530 043427.360 INFO             PET2 ESMF library build location : /lustre/f2/dev/ncep/Mark.Potts/gfortran_8.3.0_mpi_O_release_8.3.0
20220530 043427.360 INFO             PET2 ESMF_COMM                   : mpi
20220530 043427.360 INFO             PET2 ESMF_MOAB                   : enabled
20220530 043427.360 INFO             PET2 ESMF_LAPACK                 : enabled
20220530 043427.360 INFO             PET2 ESMF_NETCDF                 : enabled
20220530 043427.360 INFO             PET2 ESMF_PNETCDF                : disabled
20220530 043427.360 INFO             PET2 ESMF_PIO                    : enabled
20220530 043427.360 INFO             PET2 ESMF_YAMLCPP                : enabled
20220530 043427.505 DEBUG            PET2 about to destroy Grid: 0x27207a0
20220530 043427.508 DEBUG            PET2 about to destroy Grid: 0x2722280
20220530 043427.526 INFO             PET2  NUMBER_OF_PROCESSORS           4
20220530 043427.526 INFO             PET2  PASS  Example ESMF_NUOPCAtmModelEx, ESMF_NUOPCAtmModelEx.F90, line 806
20220530 043427.526 INFO             PET2 Finalizing ESMF
20220530 043427.356 INFO             PET3 !!!!!!!!!!!!!!!!!!!!!!!!!!!!!!!!!!!!!!!!!!!!!!!!!!!!!!
20220530 043427.356 INFO             PET3 !!! THE ESMF_LOG IS SET TO OUTPUT ALL LOG MESSAGES !!!
20220530 043427.356 INFO             PET3 !!!     THIS MAY CAUSE SLOWDOWN IN PERFORMANCE     !!!
20220530 043427.356 INFO             PET3 !!! FOR PRODUCTION RUNS, USE:                      !!!
20220530 043427.356 INFO             PET3 !!!                   ESMF_LOGKIND_Multi_On_Error  !!!
20220530 043427.356 INFO             PET3 !!!!!!!!!!!!!!!!!!!!!!!!!!!!!!!!!!!!!!!!!!!!!!!!!!!!!!
20220530 043427.356 INFO             PET3 Running with ESMF Version   : v8.3.0b16-3-gc2b47388e1
20220530 043427.356 INFO             PET3 ESMF library build date/time: "May 30 2022" "00:28:47"
20220530 043427.356 INFO             PET3 ESMF library build location : /lustre/f2/dev/ncep/Mark.Potts/gfortran_8.3.0_mpi_O_release_8.3.0
20220530 043427.356 INFO             PET3 ESMF_COMM                   : mpi
20220530 043427.356 INFO             PET3 ESMF_MOAB                   : enabled
20220530 043427.356 INFO             PET3 ESMF_LAPACK                 : enabled
20220530 043427.356 INFO             PET3 ESMF_NETCDF                 : enabled
20220530 043427.356 INFO             PET3 ESMF_PNETCDF                : disabled
20220530 043427.356 INFO             PET3 ESMF_PIO                    : enabled
20220530 043427.356 INFO             PET3 ESMF_YAMLCPP                : enabled
20220530 043427.505 DEBUG            PET3 about to destroy Grid: 0x2720380
20220530 043427.508 DEBUG            PET3 about to destroy Grid: 0x2721fb0
20220530 043427.526 INFO             PET3  NUMBER_OF_PROCESSORS           4
20220530 043427.526 INFO             PET3  PASS  Example ESMF_NUOPCAtmModelEx, ESMF_NUOPCAtmModelEx.F90, line 806
20220530 043427.526 INFO             PET3 Finalizing ESMF
