build time -- 2022-03-30 03:11:30
20220330 041308.035 INFO             PET0 !!!!!!!!!!!!!!!!!!!!!!!!!!!!!!!!!!!!!!!!!!!!!!!!!!!!!!
20220330 041308.035 INFO             PET0 !!! THE ESMF_LOG IS SET TO OUTPUT ALL LOG MESSAGES !!!
20220330 041308.035 INFO             PET0 !!!     THIS MAY CAUSE SLOWDOWN IN PERFORMANCE     !!!
20220330 041308.035 INFO             PET0 !!! FOR PRODUCTION RUNS, USE:                      !!!
20220330 041308.035 INFO             PET0 !!!                   ESMF_LOGKIND_Multi_On_Error  !!!
20220330 041308.035 INFO             PET0 !!!!!!!!!!!!!!!!!!!!!!!!!!!!!!!!!!!!!!!!!!!!!!!!!!!!!!
20220330 041308.035 INFO             PET0 Running with ESMF Version   : v8.3.0b11-1-g7cbbce7967
20220330 041308.035 INFO             PET0 ESMF library build date/time: "Mar 30 2022" "03:09:58"
20220330 041308.035 INFO             PET0 ESMF library build location : /global/cscratch1/sd/rsdunlap/esmf-testing/intel_19.0.3_mpi_O_develop
20220330 041308.035 INFO             PET0 ESMF_COMM                   : mpi
20220330 041308.037 INFO             PET0 ESMF_MOAB                   : enabled
20220330 041308.037 INFO             PET0 ESMF_LAPACK                 : enabled
20220330 041308.037 INFO             PET0 ESMF_NETCDF                 : enabled
20220330 041308.037 INFO             PET0 ESMF_PNETCDF                : disabled
20220330 041308.037 INFO             PET0 ESMF_PIO                    : enabled
20220330 041308.037 INFO             PET0 ESMF_YAMLCPP                : enabled
20220330 041308.037 INFO             PET0  NUMBER_OF_PROCESSORS           1
20220330 041308.037 INFO             PET0  PASS  Example ESMF_ClockEx, ESMF_ClockEx.F90, line 220
20220330 041308.037 INFO             PET0 Finalizing ESMF
