build time -- 2022-04-10 03:14:57
20220410 152908.716 INFO             PET0 !!!!!!!!!!!!!!!!!!!!!!!!!!!!!!!!!!!!!!!!!!!!!!!!!!!!!!
20220410 152908.717 INFO             PET0 !!! THE ESMF_LOG IS SET TO OUTPUT ALL LOG MESSAGES !!!
20220410 152908.717 INFO             PET0 !!!     THIS MAY CAUSE SLOWDOWN IN PERFORMANCE     !!!
20220410 152908.717 INFO             PET0 !!! FOR PRODUCTION RUNS, USE:                      !!!
20220410 152908.717 INFO             PET0 !!!                   ESMF_LOGKIND_Multi_On_Error  !!!
20220410 152908.717 INFO             PET0 !!!!!!!!!!!!!!!!!!!!!!!!!!!!!!!!!!!!!!!!!!!!!!!!!!!!!!
20220410 152908.717 INFO             PET0 Running with ESMF Version   : v8.3.0b12-1-g7c85d54760
20220410 152908.717 INFO             PET0 ESMF library build date/time: "Apr 10 2022" "03:10:20"
20220410 152908.717 INFO             PET0 ESMF library build location : /global/cscratch1/sd/rsdunlap/esmf-testing/intel_19.0.3_mpi_O_develop
20220410 152908.717 INFO             PET0 ESMF_COMM                   : mpi
20220410 152908.718 INFO             PET0 ESMF_MOAB                   : enabled
20220410 152908.718 INFO             PET0 ESMF_LAPACK                 : enabled
20220410 152908.718 INFO             PET0 ESMF_NETCDF                 : enabled
20220410 152908.718 INFO             PET0 ESMF_PNETCDF                : disabled
20220410 152908.718 INFO             PET0 ESMF_PIO                    : enabled
20220410 152908.718 INFO             PET0 ESMF_YAMLCPP                : enabled
20220410 152908.761 DEBUG            PET0 about to destroy Grid: 0x100001e74a0
20220410 152908.764 DEBUG            PET0 about to destroy Grid: 0x100001ea830
20220410 152908.774 INFO             PET0  NUMBER_OF_PROCESSORS           4
20220410 152908.774 INFO             PET0  PASS  Example ESMF_NUOPCAtmModelEx, ESMF_NUOPCAtmModelEx.F90, line 806
20220410 152908.774 INFO             PET0 Finalizing ESMF
20220410 152908.716 INFO             PET1 !!!!!!!!!!!!!!!!!!!!!!!!!!!!!!!!!!!!!!!!!!!!!!!!!!!!!!
20220410 152908.717 INFO             PET1 !!! THE ESMF_LOG IS SET TO OUTPUT ALL LOG MESSAGES !!!
20220410 152908.717 INFO             PET1 !!!     THIS MAY CAUSE SLOWDOWN IN PERFORMANCE     !!!
20220410 152908.717 INFO             PET1 !!! FOR PRODUCTION RUNS, USE:                      !!!
20220410 152908.717 INFO             PET1 !!!                   ESMF_LOGKIND_Multi_On_Error  !!!
20220410 152908.717 INFO             PET1 !!!!!!!!!!!!!!!!!!!!!!!!!!!!!!!!!!!!!!!!!!!!!!!!!!!!!!
20220410 152908.717 INFO             PET1 Running with ESMF Version   : v8.3.0b12-1-g7c85d54760
20220410 152908.717 INFO             PET1 ESMF library build date/time: "Apr 10 2022" "03:10:20"
20220410 152908.717 INFO             PET1 ESMF library build location : /global/cscratch1/sd/rsdunlap/esmf-testing/intel_19.0.3_mpi_O_develop
20220410 152908.717 INFO             PET1 ESMF_COMM                   : mpi
20220410 152908.718 INFO             PET1 ESMF_MOAB                   : enabled
20220410 152908.718 INFO             PET1 ESMF_LAPACK                 : enabled
20220410 152908.718 INFO             PET1 ESMF_NETCDF                 : enabled
20220410 152908.718 INFO             PET1 ESMF_PNETCDF                : disabled
20220410 152908.718 INFO             PET1 ESMF_PIO                    : enabled
20220410 152908.718 INFO             PET1 ESMF_YAMLCPP                : enabled
20220410 152908.761 DEBUG            PET1 about to destroy Grid: 0x100001e6c90
20220410 152908.764 DEBUG            PET1 about to destroy Grid: 0x100001e8210
20220410 152908.774 INFO             PET1  NUMBER_OF_PROCESSORS           4
20220410 152908.774 INFO             PET1  PASS  Example ESMF_NUOPCAtmModelEx, ESMF_NUOPCAtmModelEx.F90, line 806
20220410 152908.774 INFO             PET1 Finalizing ESMF
20220410 152908.718 INFO             PET2 !!!!!!!!!!!!!!!!!!!!!!!!!!!!!!!!!!!!!!!!!!!!!!!!!!!!!!
20220410 152908.718 INFO             PET2 !!! THE ESMF_LOG IS SET TO OUTPUT ALL LOG MESSAGES !!!
20220410 152908.718 INFO             PET2 !!!     THIS MAY CAUSE SLOWDOWN IN PERFORMANCE     !!!
20220410 152908.718 INFO             PET2 !!! FOR PRODUCTION RUNS, USE:                      !!!
20220410 152908.718 INFO             PET2 !!!                   ESMF_LOGKIND_Multi_On_Error  !!!
20220410 152908.718 INFO             PET2 !!!!!!!!!!!!!!!!!!!!!!!!!!!!!!!!!!!!!!!!!!!!!!!!!!!!!!
20220410 152908.718 INFO             PET2 Running with ESMF Version   : v8.3.0b12-1-g7c85d54760
20220410 152908.718 INFO             PET2 ESMF library build date/time: "Apr 10 2022" "03:10:20"
20220410 152908.718 INFO             PET2 ESMF library build location : /global/cscratch1/sd/rsdunlap/esmf-testing/intel_19.0.3_mpi_O_develop
20220410 152908.718 INFO             PET2 ESMF_COMM                   : mpi
20220410 152908.720 INFO             PET2 ESMF_MOAB                   : enabled
20220410 152908.720 INFO             PET2 ESMF_LAPACK                 : enabled
20220410 152908.720 INFO             PET2 ESMF_NETCDF                 : enabled
20220410 152908.720 INFO             PET2 ESMF_PNETCDF                : disabled
20220410 152908.720 INFO             PET2 ESMF_PIO                    : enabled
20220410 152908.720 INFO             PET2 ESMF_YAMLCPP                : enabled
20220410 152908.761 DEBUG            PET2 about to destroy Grid: 0x100001e7000
20220410 152908.764 DEBUG            PET2 about to destroy Grid: 0x100001e8560
20220410 152908.774 INFO             PET2  NUMBER_OF_PROCESSORS           4
20220410 152908.774 INFO             PET2  PASS  Example ESMF_NUOPCAtmModelEx, ESMF_NUOPCAtmModelEx.F90, line 806
20220410 152908.774 INFO             PET2 Finalizing ESMF
20220410 152908.718 INFO             PET3 !!!!!!!!!!!!!!!!!!!!!!!!!!!!!!!!!!!!!!!!!!!!!!!!!!!!!!
20220410 152908.718 INFO             PET3 !!! THE ESMF_LOG IS SET TO OUTPUT ALL LOG MESSAGES !!!
20220410 152908.718 INFO             PET3 !!!     THIS MAY CAUSE SLOWDOWN IN PERFORMANCE     !!!
20220410 152908.718 INFO             PET3 !!! FOR PRODUCTION RUNS, USE:                      !!!
20220410 152908.718 INFO             PET3 !!!                   ESMF_LOGKIND_Multi_On_Error  !!!
20220410 152908.718 INFO             PET3 !!!!!!!!!!!!!!!!!!!!!!!!!!!!!!!!!!!!!!!!!!!!!!!!!!!!!!
20220410 152908.718 INFO             PET3 Running with ESMF Version   : v8.3.0b12-1-g7c85d54760
20220410 152908.718 INFO             PET3 ESMF library build date/time: "Apr 10 2022" "03:10:20"
20220410 152908.718 INFO             PET3 ESMF library build location : /global/cscratch1/sd/rsdunlap/esmf-testing/intel_19.0.3_mpi_O_develop
20220410 152908.718 INFO             PET3 ESMF_COMM                   : mpi
20220410 152908.720 INFO             PET3 ESMF_MOAB                   : enabled
20220410 152908.720 INFO             PET3 ESMF_LAPACK                 : enabled
20220410 152908.720 INFO             PET3 ESMF_NETCDF                 : enabled
20220410 152908.720 INFO             PET3 ESMF_PNETCDF                : disabled
20220410 152908.720 INFO             PET3 ESMF_PIO                    : enabled
20220410 152908.720 INFO             PET3 ESMF_YAMLCPP                : enabled
20220410 152908.761 DEBUG            PET3 about to destroy Grid: 0x100001e6c90
20220410 152908.764 DEBUG            PET3 about to destroy Grid: 0x100001e8210
20220410 152908.774 INFO             PET3  NUMBER_OF_PROCESSORS           4
20220410 152908.774 INFO             PET3  PASS  Example ESMF_NUOPCAtmModelEx, ESMF_NUOPCAtmModelEx.F90, line 806
20220410 152908.774 INFO             PET3 Finalizing ESMF
