build time -- 2022-04-08 03:11:44
20220409 005155.025 INFO             PET0 !!!!!!!!!!!!!!!!!!!!!!!!!!!!!!!!!!!!!!!!!!!!!!!!!!!!!!
20220409 005155.025 INFO             PET0 !!! THE ESMF_LOG IS SET TO OUTPUT ALL LOG MESSAGES !!!
20220409 005155.025 INFO             PET0 !!!     THIS MAY CAUSE SLOWDOWN IN PERFORMANCE     !!!
20220409 005155.025 INFO             PET0 !!! FOR PRODUCTION RUNS, USE:                      !!!
20220409 005155.025 INFO             PET0 !!!                   ESMF_LOGKIND_Multi_On_Error  !!!
20220409 005155.025 INFO             PET0 !!!!!!!!!!!!!!!!!!!!!!!!!!!!!!!!!!!!!!!!!!!!!!!!!!!!!!
20220409 005155.025 INFO             PET0 Running with ESMF Version   : v8.3.0b12-1-g7c85d54760
20220409 005155.025 INFO             PET0 ESMF library build date/time: "Apr  8 2022" "03:09:20"
20220409 005155.025 INFO             PET0 ESMF library build location : /global/cscratch1/sd/rsdunlap/esmf-testing/intel_19.0.3_mpi_O_develop
20220409 005155.025 INFO             PET0 ESMF_COMM                   : mpi
20220409 005155.031 INFO             PET0 ESMF_MOAB                   : enabled
20220409 005155.031 INFO             PET0 ESMF_LAPACK                 : enabled
20220409 005155.031 INFO             PET0 ESMF_NETCDF                 : enabled
20220409 005155.031 INFO             PET0 ESMF_PNETCDF                : disabled
20220409 005155.031 INFO             PET0 ESMF_PIO                    : enabled
20220409 005155.031 INFO             PET0 ESMF_YAMLCPP                : enabled
20220409 005155.056 INFO             PET0  NUMBER_OF_PROCESSORS           4
20220409 005155.056 INFO             PET0  PASS  Example ESMF_SCompEx, ESMF_SCompEx.F90, line 385
20220409 005155.056 INFO             PET0 Finalizing ESMF
20220409 005155.049 INFO             PET1 !!!!!!!!!!!!!!!!!!!!!!!!!!!!!!!!!!!!!!!!!!!!!!!!!!!!!!
20220409 005155.049 INFO             PET1 !!! THE ESMF_LOG IS SET TO OUTPUT ALL LOG MESSAGES !!!
20220409 005155.049 INFO             PET1 !!!     THIS MAY CAUSE SLOWDOWN IN PERFORMANCE     !!!
20220409 005155.049 INFO             PET1 !!! FOR PRODUCTION RUNS, USE:                      !!!
20220409 005155.049 INFO             PET1 !!!                   ESMF_LOGKIND_Multi_On_Error  !!!
20220409 005155.049 INFO             PET1 !!!!!!!!!!!!!!!!!!!!!!!!!!!!!!!!!!!!!!!!!!!!!!!!!!!!!!
20220409 005155.049 INFO             PET1 Running with ESMF Version   : v8.3.0b12-1-g7c85d54760
20220409 005155.049 INFO             PET1 ESMF library build date/time: "Apr  8 2022" "03:09:20"
20220409 005155.049 INFO             PET1 ESMF library build location : /global/cscratch1/sd/rsdunlap/esmf-testing/intel_19.0.3_mpi_O_develop
20220409 005155.049 INFO             PET1 ESMF_COMM                   : mpi
20220409 005155.055 INFO             PET1 ESMF_MOAB                   : enabled
20220409 005155.055 INFO             PET1 ESMF_LAPACK                 : enabled
20220409 005155.055 INFO             PET1 ESMF_NETCDF                 : enabled
20220409 005155.055 INFO             PET1 ESMF_PNETCDF                : disabled
20220409 005155.055 INFO             PET1 ESMF_PIO                    : enabled
20220409 005155.055 INFO             PET1 ESMF_YAMLCPP                : enabled
20220409 005155.056 INFO             PET1  NUMBER_OF_PROCESSORS           4
20220409 005155.057 INFO             PET1  PASS  Example ESMF_SCompEx, ESMF_SCompEx.F90, line 385
20220409 005155.057 INFO             PET1 Finalizing ESMF
20220409 005155.038 INFO             PET2 !!!!!!!!!!!!!!!!!!!!!!!!!!!!!!!!!!!!!!!!!!!!!!!!!!!!!!
20220409 005155.038 INFO             PET2 !!! THE ESMF_LOG IS SET TO OUTPUT ALL LOG MESSAGES !!!
20220409 005155.038 INFO             PET2 !!!     THIS MAY CAUSE SLOWDOWN IN PERFORMANCE     !!!
20220409 005155.038 INFO             PET2 !!! FOR PRODUCTION RUNS, USE:                      !!!
20220409 005155.038 INFO             PET2 !!!                   ESMF_LOGKIND_Multi_On_Error  !!!
20220409 005155.038 INFO             PET2 !!!!!!!!!!!!!!!!!!!!!!!!!!!!!!!!!!!!!!!!!!!!!!!!!!!!!!
20220409 005155.038 INFO             PET2 Running with ESMF Version   : v8.3.0b12-1-g7c85d54760
20220409 005155.038 INFO             PET2 ESMF library build date/time: "Apr  8 2022" "03:09:20"
20220409 005155.038 INFO             PET2 ESMF library build location : /global/cscratch1/sd/rsdunlap/esmf-testing/intel_19.0.3_mpi_O_develop
20220409 005155.038 INFO             PET2 ESMF_COMM                   : mpi
20220409 005155.044 INFO             PET2 ESMF_MOAB                   : enabled
20220409 005155.044 INFO             PET2 ESMF_LAPACK                 : enabled
20220409 005155.044 INFO             PET2 ESMF_NETCDF                 : enabled
20220409 005155.044 INFO             PET2 ESMF_PNETCDF                : disabled
20220409 005155.044 INFO             PET2 ESMF_PIO                    : enabled
20220409 005155.044 INFO             PET2 ESMF_YAMLCPP                : enabled
20220409 005155.056 INFO             PET2  NUMBER_OF_PROCESSORS           4
20220409 005155.057 INFO             PET2  PASS  Example ESMF_SCompEx, ESMF_SCompEx.F90, line 385
20220409 005155.057 INFO             PET2 Finalizing ESMF
20220409 005155.043 INFO             PET3 !!!!!!!!!!!!!!!!!!!!!!!!!!!!!!!!!!!!!!!!!!!!!!!!!!!!!!
20220409 005155.043 INFO             PET3 !!! THE ESMF_LOG IS SET TO OUTPUT ALL LOG MESSAGES !!!
20220409 005155.043 INFO             PET3 !!!     THIS MAY CAUSE SLOWDOWN IN PERFORMANCE     !!!
20220409 005155.043 INFO             PET3 !!! FOR PRODUCTION RUNS, USE:                      !!!
20220409 005155.043 INFO             PET3 !!!                   ESMF_LOGKIND_Multi_On_Error  !!!
20220409 005155.043 INFO             PET3 !!!!!!!!!!!!!!!!!!!!!!!!!!!!!!!!!!!!!!!!!!!!!!!!!!!!!!
20220409 005155.043 INFO             PET3 Running with ESMF Version   : v8.3.0b12-1-g7c85d54760
20220409 005155.043 INFO             PET3 ESMF library build date/time: "Apr  8 2022" "03:09:20"
20220409 005155.043 INFO             PET3 ESMF library build location : /global/cscratch1/sd/rsdunlap/esmf-testing/intel_19.0.3_mpi_O_develop
20220409 005155.043 INFO             PET3 ESMF_COMM                   : mpi
20220409 005155.049 INFO             PET3 ESMF_MOAB                   : enabled
20220409 005155.049 INFO             PET3 ESMF_LAPACK                 : enabled
20220409 005155.049 INFO             PET3 ESMF_NETCDF                 : enabled
20220409 005155.049 INFO             PET3 ESMF_PNETCDF                : disabled
20220409 005155.049 INFO             PET3 ESMF_PIO                    : enabled
20220409 005155.049 INFO             PET3 ESMF_YAMLCPP                : enabled
20220409 005155.056 INFO             PET3  NUMBER_OF_PROCESSORS           4
20220409 005155.057 INFO             PET3  PASS  Example ESMF_SCompEx, ESMF_SCompEx.F90, line 385
20220409 005155.057 INFO             PET3 Finalizing ESMF
