build time -- 2022-06-07 02:48:28
20220607 074952.599 INFO             PET0 !!!!!!!!!!!!!!!!!!!!!!!!!!!!!!!!!!!!!!!!!!!!!!!!!!!!!!
20220607 074952.599 INFO             PET0 !!! THE ESMF_LOG IS SET TO OUTPUT ALL LOG MESSAGES !!!
20220607 074952.599 INFO             PET0 !!!     THIS MAY CAUSE SLOWDOWN IN PERFORMANCE     !!!
20220607 074952.599 INFO             PET0 !!! FOR PRODUCTION RUNS, USE:                      !!!
20220607 074952.599 INFO             PET0 !!!                   ESMF_LOGKIND_Multi_On_Error  !!!
20220607 074952.599 INFO             PET0 !!!!!!!!!!!!!!!!!!!!!!!!!!!!!!!!!!!!!!!!!!!!!!!!!!!!!!
20220607 074952.599 INFO             PET0 Running with ESMF Version   : v8.3.0
20220607 074952.599 INFO             PET0 ESMF library build date/time: "Jun  7 2022" "02:46:54"
20220607 074952.599 INFO             PET0 ESMF library build location : /global/cscratch1/sd/rsdunlap/esmf-testing/intel_19.1.2_mpiuni_g_v8.3.0
20220607 074952.599 INFO             PET0 ESMF_COMM                   : mpiuni
20220607 074952.600 INFO             PET0 ESMF_MOAB                   : enabled
20220607 074952.600 INFO             PET0 ESMF_LAPACK                 : enabled
20220607 074952.600 INFO             PET0 ESMF_NETCDF                 : enabled
20220607 074952.600 INFO             PET0 ESMF_PNETCDF                : disabled
20220607 074952.601 INFO             PET0 ESMF_PIO                    : disabled
20220607 074952.601 INFO             PET0 ESMF_YAMLCPP                : enabled
20220607 074952.661 INFO             PET0  NUMBER_OF_PROCESSORS           1
20220607 074952.663 INFO             PET0  PASS  Example ESMF_RHandleDynamicMaskingEx, ESMF_RHandleDynamicMaskingEx.F90, line 1116
20220607 074952.663 INFO             PET0 Finalizing ESMF
