build time -- 2022-06-07 02:33:04.168186
20220607 032319.455 INFO             PET0 !!!!!!!!!!!!!!!!!!!!!!!!!!!!!!!!!!!!!!!!!!!!!!!!!!!!!!
20220607 032319.455 INFO             PET0 !!! THE ESMF_LOG IS SET TO OUTPUT ALL LOG MESSAGES !!!
20220607 032319.455 INFO             PET0 !!!     THIS MAY CAUSE SLOWDOWN IN PERFORMANCE     !!!
20220607 032319.455 INFO             PET0 !!! FOR PRODUCTION RUNS, USE:                      !!!
20220607 032319.455 INFO             PET0 !!!                   ESMF_LOGKIND_Multi_On_Error  !!!
20220607 032319.455 INFO             PET0 !!!!!!!!!!!!!!!!!!!!!!!!!!!!!!!!!!!!!!!!!!!!!!!!!!!!!!
20220607 032319.455 INFO             PET0 Running with ESMF Version   : v8.4.0b01-1-g3c875a5b01
20220607 032319.455 INFO             PET0 ESMF library build date/time: "Jun  7 2022" "02:29:06"
20220607 032319.455 INFO             PET0 ESMF library build location : /glade/scratch/dunlap/esmf-testing/gfortran_7.4.0_openmpi_g_develop
20220607 032319.455 INFO             PET0 ESMF_COMM                   : openmpi
20220607 032319.455 INFO             PET0 ESMF_MOAB                   : enabled
20220607 032319.455 INFO             PET0 ESMF_LAPACK                 : enabled
20220607 032319.455 INFO             PET0 ESMF_NETCDF                 : enabled
20220607 032319.455 INFO             PET0 ESMF_PNETCDF                : disabled
20220607 032319.455 INFO             PET0 ESMF_PIO                    : enabled
20220607 032319.455 INFO             PET0 ESMF_YAMLCPP                : enabled
20220607 032319.593 DEBUG            PET0 about to destroy Grid: 0xac28d0
20220607 032319.606 DEBUG            PET0 about to destroy Grid: 0xac3830
20220607 032319.640 INFO             PET0  NUMBER_OF_PROCESSORS           4
20220607 032319.640 INFO             PET0  PASS  Example ESMF_NUOPCAtmModelEx, ESMF_NUOPCAtmModelEx.F90, line 806
20220607 032319.640 INFO             PET0 Finalizing ESMF
20220607 032319.453 INFO             PET1 !!!!!!!!!!!!!!!!!!!!!!!!!!!!!!!!!!!!!!!!!!!!!!!!!!!!!!
20220607 032319.453 INFO             PET1 !!! THE ESMF_LOG IS SET TO OUTPUT ALL LOG MESSAGES !!!
20220607 032319.453 INFO             PET1 !!!     THIS MAY CAUSE SLOWDOWN IN PERFORMANCE     !!!
20220607 032319.453 INFO             PET1 !!! FOR PRODUCTION RUNS, USE:                      !!!
20220607 032319.453 INFO             PET1 !!!                   ESMF_LOGKIND_Multi_On_Error  !!!
20220607 032319.453 INFO             PET1 !!!!!!!!!!!!!!!!!!!!!!!!!!!!!!!!!!!!!!!!!!!!!!!!!!!!!!
20220607 032319.453 INFO             PET1 Running with ESMF Version   : v8.4.0b01-1-g3c875a5b01
20220607 032319.453 INFO             PET1 ESMF library build date/time: "Jun  7 2022" "02:29:06"
20220607 032319.453 INFO             PET1 ESMF library build location : /glade/scratch/dunlap/esmf-testing/gfortran_7.4.0_openmpi_g_develop
20220607 032319.453 INFO             PET1 ESMF_COMM                   : openmpi
20220607 032319.453 INFO             PET1 ESMF_MOAB                   : enabled
20220607 032319.453 INFO             PET1 ESMF_LAPACK                 : enabled
20220607 032319.453 INFO             PET1 ESMF_NETCDF                 : enabled
20220607 032319.453 INFO             PET1 ESMF_PNETCDF                : disabled
20220607 032319.453 INFO             PET1 ESMF_PIO                    : enabled
20220607 032319.453 INFO             PET1 ESMF_YAMLCPP                : enabled
20220607 032319.593 DEBUG            PET1 about to destroy Grid: 0xcef7f0
20220607 032319.606 DEBUG            PET1 about to destroy Grid: 0xcf0ea0
20220607 032319.640 INFO             PET1  NUMBER_OF_PROCESSORS           4
20220607 032319.640 INFO             PET1  PASS  Example ESMF_NUOPCAtmModelEx, ESMF_NUOPCAtmModelEx.F90, line 806
20220607 032319.640 INFO             PET1 Finalizing ESMF
20220607 032319.455 INFO             PET2 !!!!!!!!!!!!!!!!!!!!!!!!!!!!!!!!!!!!!!!!!!!!!!!!!!!!!!
20220607 032319.455 INFO             PET2 !!! THE ESMF_LOG IS SET TO OUTPUT ALL LOG MESSAGES !!!
20220607 032319.455 INFO             PET2 !!!     THIS MAY CAUSE SLOWDOWN IN PERFORMANCE     !!!
20220607 032319.455 INFO             PET2 !!! FOR PRODUCTION RUNS, USE:                      !!!
20220607 032319.455 INFO             PET2 !!!                   ESMF_LOGKIND_Multi_On_Error  !!!
20220607 032319.455 INFO             PET2 !!!!!!!!!!!!!!!!!!!!!!!!!!!!!!!!!!!!!!!!!!!!!!!!!!!!!!
20220607 032319.455 INFO             PET2 Running with ESMF Version   : v8.4.0b01-1-g3c875a5b01
20220607 032319.455 INFO             PET2 ESMF library build date/time: "Jun  7 2022" "02:29:06"
20220607 032319.455 INFO             PET2 ESMF library build location : /glade/scratch/dunlap/esmf-testing/gfortran_7.4.0_openmpi_g_develop
20220607 032319.455 INFO             PET2 ESMF_COMM                   : openmpi
20220607 032319.455 INFO             PET2 ESMF_MOAB                   : enabled
20220607 032319.455 INFO             PET2 ESMF_LAPACK                 : enabled
20220607 032319.455 INFO             PET2 ESMF_NETCDF                 : enabled
20220607 032319.455 INFO             PET2 ESMF_PNETCDF                : disabled
20220607 032319.455 INFO             PET2 ESMF_PIO                    : enabled
20220607 032319.455 INFO             PET2 ESMF_YAMLCPP                : enabled
20220607 032319.593 DEBUG            PET2 about to destroy Grid: 0xca9010
20220607 032319.606 DEBUG            PET2 about to destroy Grid: 0xcaa6c0
20220607 032319.640 INFO             PET2  NUMBER_OF_PROCESSORS           4
20220607 032319.640 INFO             PET2  PASS  Example ESMF_NUOPCAtmModelEx, ESMF_NUOPCAtmModelEx.F90, line 806
20220607 032319.640 INFO             PET2 Finalizing ESMF
20220607 032319.453 INFO             PET3 !!!!!!!!!!!!!!!!!!!!!!!!!!!!!!!!!!!!!!!!!!!!!!!!!!!!!!
20220607 032319.453 INFO             PET3 !!! THE ESMF_LOG IS SET TO OUTPUT ALL LOG MESSAGES !!!
20220607 032319.453 INFO             PET3 !!!     THIS MAY CAUSE SLOWDOWN IN PERFORMANCE     !!!
20220607 032319.453 INFO             PET3 !!! FOR PRODUCTION RUNS, USE:                      !!!
20220607 032319.453 INFO             PET3 !!!                   ESMF_LOGKIND_Multi_On_Error  !!!
20220607 032319.453 INFO             PET3 !!!!!!!!!!!!!!!!!!!!!!!!!!!!!!!!!!!!!!!!!!!!!!!!!!!!!!
20220607 032319.453 INFO             PET3 Running with ESMF Version   : v8.4.0b01-1-g3c875a5b01
20220607 032319.453 INFO             PET3 ESMF library build date/time: "Jun  7 2022" "02:29:06"
20220607 032319.453 INFO             PET3 ESMF library build location : /glade/scratch/dunlap/esmf-testing/gfortran_7.4.0_openmpi_g_develop
20220607 032319.453 INFO             PET3 ESMF_COMM                   : openmpi
20220607 032319.453 INFO             PET3 ESMF_MOAB                   : enabled
20220607 032319.453 INFO             PET3 ESMF_LAPACK                 : enabled
20220607 032319.453 INFO             PET3 ESMF_NETCDF                 : enabled
20220607 032319.453 INFO             PET3 ESMF_PNETCDF                : disabled
20220607 032319.453 INFO             PET3 ESMF_PIO                    : enabled
20220607 032319.453 INFO             PET3 ESMF_YAMLCPP                : enabled
20220607 032319.593 DEBUG            PET3 about to destroy Grid: 0x22b6120
20220607 032319.606 DEBUG            PET3 about to destroy Grid: 0x22b7430
20220607 032319.640 INFO             PET3  NUMBER_OF_PROCESSORS           4
20220607 032319.640 INFO             PET3  PASS  Example ESMF_NUOPCAtmModelEx, ESMF_NUOPCAtmModelEx.F90, line 806
20220607 032319.640 INFO             PET3 Finalizing ESMF
