build time -- 2022-06-01 12:08:43.455692
20220601 124415.821 INFO             PET0 !!!!!!!!!!!!!!!!!!!!!!!!!!!!!!!!!!!!!!!!!!!!!!!!!!!!!!
20220601 124415.821 INFO             PET0 !!! THE ESMF_LOG IS SET TO OUTPUT ALL LOG MESSAGES !!!
20220601 124415.821 INFO             PET0 !!!     THIS MAY CAUSE SLOWDOWN IN PERFORMANCE     !!!
20220601 124415.821 INFO             PET0 !!! FOR PRODUCTION RUNS, USE:                      !!!
20220601 124415.821 INFO             PET0 !!!                   ESMF_LOGKIND_Multi_On_Error  !!!
20220601 124415.821 INFO             PET0 !!!!!!!!!!!!!!!!!!!!!!!!!!!!!!!!!!!!!!!!!!!!!!!!!!!!!!
20220601 124415.821 INFO             PET0 Running with ESMF Version   : v8.3.0b16-3-gc2b47388e1
20220601 124415.821 INFO             PET0 ESMF library build date/time: "Jun  1 2022" "12:06:17"
20220601 124415.821 INFO             PET0 ESMF library build location : /glade/scratch/dunlap/esmf-testing/gfortran_10.1.0_openmpi_O_release_8.3.0
20220601 124415.821 INFO             PET0 ESMF_COMM                   : openmpi
20220601 124415.822 INFO             PET0 ESMF_MOAB                   : enabled
20220601 124415.822 INFO             PET0 ESMF_LAPACK                 : enabled
20220601 124415.822 INFO             PET0 ESMF_NETCDF                 : enabled
20220601 124415.822 INFO             PET0 ESMF_PNETCDF                : disabled
20220601 124415.822 INFO             PET0 ESMF_PIO                    : enabled
20220601 124415.822 INFO             PET0 ESMF_YAMLCPP                : enabled
20220601 124415.861 DEBUG            PET0 about to destroy Grid: 0x2267b30
20220601 124415.865 DEBUG            PET0 about to destroy Grid: 0x2268ed0
20220601 124415.877 INFO             PET0  NUMBER_OF_PROCESSORS           4
20220601 124415.877 INFO             PET0  PASS  Example ESMF_NUOPCAtmModelEx, ESMF_NUOPCAtmModelEx.F90, line 806
20220601 124415.877 INFO             PET0 Finalizing ESMF
20220601 124415.822 INFO             PET1 !!!!!!!!!!!!!!!!!!!!!!!!!!!!!!!!!!!!!!!!!!!!!!!!!!!!!!
20220601 124415.822 INFO             PET1 !!! THE ESMF_LOG IS SET TO OUTPUT ALL LOG MESSAGES !!!
20220601 124415.822 INFO             PET1 !!!     THIS MAY CAUSE SLOWDOWN IN PERFORMANCE     !!!
20220601 124415.822 INFO             PET1 !!! FOR PRODUCTION RUNS, USE:                      !!!
20220601 124415.822 INFO             PET1 !!!                   ESMF_LOGKIND_Multi_On_Error  !!!
20220601 124415.822 INFO             PET1 !!!!!!!!!!!!!!!!!!!!!!!!!!!!!!!!!!!!!!!!!!!!!!!!!!!!!!
20220601 124415.822 INFO             PET1 Running with ESMF Version   : v8.3.0b16-3-gc2b47388e1
20220601 124415.822 INFO             PET1 ESMF library build date/time: "Jun  1 2022" "12:06:17"
20220601 124415.822 INFO             PET1 ESMF library build location : /glade/scratch/dunlap/esmf-testing/gfortran_10.1.0_openmpi_O_release_8.3.0
20220601 124415.822 INFO             PET1 ESMF_COMM                   : openmpi
20220601 124415.822 INFO             PET1 ESMF_MOAB                   : enabled
20220601 124415.822 INFO             PET1 ESMF_LAPACK                 : enabled
20220601 124415.822 INFO             PET1 ESMF_NETCDF                 : enabled
20220601 124415.822 INFO             PET1 ESMF_PNETCDF                : disabled
20220601 124415.822 INFO             PET1 ESMF_PIO                    : enabled
20220601 124415.822 INFO             PET1 ESMF_YAMLCPP                : enabled
20220601 124415.861 DEBUG            PET1 about to destroy Grid: 0x1c2d2d0
20220601 124415.865 DEBUG            PET1 about to destroy Grid: 0x1c2e110
20220601 124415.877 INFO             PET1  NUMBER_OF_PROCESSORS           4
20220601 124415.877 INFO             PET1  PASS  Example ESMF_NUOPCAtmModelEx, ESMF_NUOPCAtmModelEx.F90, line 806
20220601 124415.877 INFO             PET1 Finalizing ESMF
20220601 124415.822 INFO             PET2 !!!!!!!!!!!!!!!!!!!!!!!!!!!!!!!!!!!!!!!!!!!!!!!!!!!!!!
20220601 124415.822 INFO             PET2 !!! THE ESMF_LOG IS SET TO OUTPUT ALL LOG MESSAGES !!!
20220601 124415.822 INFO             PET2 !!!     THIS MAY CAUSE SLOWDOWN IN PERFORMANCE     !!!
20220601 124415.822 INFO             PET2 !!! FOR PRODUCTION RUNS, USE:                      !!!
20220601 124415.822 INFO             PET2 !!!                   ESMF_LOGKIND_Multi_On_Error  !!!
20220601 124415.822 INFO             PET2 !!!!!!!!!!!!!!!!!!!!!!!!!!!!!!!!!!!!!!!!!!!!!!!!!!!!!!
20220601 124415.822 INFO             PET2 Running with ESMF Version   : v8.3.0b16-3-gc2b47388e1
20220601 124415.822 INFO             PET2 ESMF library build date/time: "Jun  1 2022" "12:06:17"
20220601 124415.822 INFO             PET2 ESMF library build location : /glade/scratch/dunlap/esmf-testing/gfortran_10.1.0_openmpi_O_release_8.3.0
20220601 124415.822 INFO             PET2 ESMF_COMM                   : openmpi
20220601 124415.822 INFO             PET2 ESMF_MOAB                   : enabled
20220601 124415.822 INFO             PET2 ESMF_LAPACK                 : enabled
20220601 124415.822 INFO             PET2 ESMF_NETCDF                 : enabled
20220601 124415.822 INFO             PET2 ESMF_PNETCDF                : disabled
20220601 124415.822 INFO             PET2 ESMF_PIO                    : enabled
20220601 124415.822 INFO             PET2 ESMF_YAMLCPP                : enabled
20220601 124415.861 DEBUG            PET2 about to destroy Grid: 0x1abf800
20220601 124415.865 DEBUG            PET2 about to destroy Grid: 0x1ac0b60
20220601 124415.877 INFO             PET2  NUMBER_OF_PROCESSORS           4
20220601 124415.877 INFO             PET2  PASS  Example ESMF_NUOPCAtmModelEx, ESMF_NUOPCAtmModelEx.F90, line 806
20220601 124415.877 INFO             PET2 Finalizing ESMF
20220601 124415.822 INFO             PET3 !!!!!!!!!!!!!!!!!!!!!!!!!!!!!!!!!!!!!!!!!!!!!!!!!!!!!!
20220601 124415.822 INFO             PET3 !!! THE ESMF_LOG IS SET TO OUTPUT ALL LOG MESSAGES !!!
20220601 124415.822 INFO             PET3 !!!     THIS MAY CAUSE SLOWDOWN IN PERFORMANCE     !!!
20220601 124415.822 INFO             PET3 !!! FOR PRODUCTION RUNS, USE:                      !!!
20220601 124415.822 INFO             PET3 !!!                   ESMF_LOGKIND_Multi_On_Error  !!!
20220601 124415.822 INFO             PET3 !!!!!!!!!!!!!!!!!!!!!!!!!!!!!!!!!!!!!!!!!!!!!!!!!!!!!!
20220601 124415.822 INFO             PET3 Running with ESMF Version   : v8.3.0b16-3-gc2b47388e1
20220601 124415.822 INFO             PET3 ESMF library build date/time: "Jun  1 2022" "12:06:17"
20220601 124415.822 INFO             PET3 ESMF library build location : /glade/scratch/dunlap/esmf-testing/gfortran_10.1.0_openmpi_O_release_8.3.0
20220601 124415.822 INFO             PET3 ESMF_COMM                   : openmpi
20220601 124415.822 INFO             PET3 ESMF_MOAB                   : enabled
20220601 124415.822 INFO             PET3 ESMF_LAPACK                 : enabled
20220601 124415.822 INFO             PET3 ESMF_NETCDF                 : enabled
20220601 124415.822 INFO             PET3 ESMF_PNETCDF                : disabled
20220601 124415.822 INFO             PET3 ESMF_PIO                    : enabled
20220601 124415.822 INFO             PET3 ESMF_YAMLCPP                : enabled
20220601 124415.861 DEBUG            PET3 about to destroy Grid: 0x24fa3e0
20220601 124415.865 DEBUG            PET3 about to destroy Grid: 0x24fb860
20220601 124415.877 INFO             PET3  NUMBER_OF_PROCESSORS           4
20220601 124415.877 INFO             PET3  PASS  Example ESMF_NUOPCAtmModelEx, ESMF_NUOPCAtmModelEx.F90, line 806
20220601 124415.877 INFO             PET3 Finalizing ESMF
