build time -- 2022-06-07 02:51:50
20220607 080014.764 INFO             PET0 !!!!!!!!!!!!!!!!!!!!!!!!!!!!!!!!!!!!!!!!!!!!!!!!!!!!!!
20220607 080014.764 INFO             PET0 !!! THE ESMF_LOG IS SET TO OUTPUT ALL LOG MESSAGES !!!
20220607 080014.764 INFO             PET0 !!!     THIS MAY CAUSE SLOWDOWN IN PERFORMANCE     !!!
20220607 080014.764 INFO             PET0 !!! FOR PRODUCTION RUNS, USE:                      !!!
20220607 080014.764 INFO             PET0 !!!                   ESMF_LOGKIND_Multi_On_Error  !!!
20220607 080014.764 INFO             PET0 !!!!!!!!!!!!!!!!!!!!!!!!!!!!!!!!!!!!!!!!!!!!!!!!!!!!!!
20220607 080014.764 INFO             PET0 Running with ESMF Version   : v8.3.0
20220607 080014.764 INFO             PET0 ESMF library build date/time: "Jun  7 2022" "02:49:48"
20220607 080014.764 INFO             PET0 ESMF library build location : /global/cscratch1/sd/rsdunlap/esmf-testing/intel_19.1.2_mpi_g_v8.3.0
20220607 080014.764 INFO             PET0 ESMF_COMM                   : mpi
20220607 080014.766 INFO             PET0 ESMF_MOAB                   : enabled
20220607 080014.766 INFO             PET0 ESMF_LAPACK                 : enabled
20220607 080014.766 INFO             PET0 ESMF_NETCDF                 : enabled
20220607 080014.766 INFO             PET0 ESMF_PNETCDF                : disabled
20220607 080014.766 INFO             PET0 ESMF_PIO                    : enabled
20220607 080014.766 INFO             PET0 ESMF_YAMLCPP                : enabled
20220607 080014.790 INFO             PET0 ESMF_FieldRedistStoreNF(): Just entered routine.
20220607 080014.836 INFO             PET0 ESMF_FieldRedistStoreNF(): Leaving routine.
20220607 080014.841 INFO             PET0  NUMBER_OF_PROCESSORS           4
20220607 080014.841 INFO             PET0  PASS  Example ESMF_RHandleFromRHandleEx, ESMF_RHandleFromRHandleEx.F90, line 660
20220607 080014.841 INFO             PET0 Finalizing ESMF
20220607 080014.772 INFO             PET1 !!!!!!!!!!!!!!!!!!!!!!!!!!!!!!!!!!!!!!!!!!!!!!!!!!!!!!
20220607 080014.772 INFO             PET1 !!! THE ESMF_LOG IS SET TO OUTPUT ALL LOG MESSAGES !!!
20220607 080014.772 INFO             PET1 !!!     THIS MAY CAUSE SLOWDOWN IN PERFORMANCE     !!!
20220607 080014.772 INFO             PET1 !!! FOR PRODUCTION RUNS, USE:                      !!!
20220607 080014.772 INFO             PET1 !!!                   ESMF_LOGKIND_Multi_On_Error  !!!
20220607 080014.772 INFO             PET1 !!!!!!!!!!!!!!!!!!!!!!!!!!!!!!!!!!!!!!!!!!!!!!!!!!!!!!
20220607 080014.772 INFO             PET1 Running with ESMF Version   : v8.3.0
20220607 080014.772 INFO             PET1 ESMF library build date/time: "Jun  7 2022" "02:49:48"
20220607 080014.772 INFO             PET1 ESMF library build location : /global/cscratch1/sd/rsdunlap/esmf-testing/intel_19.1.2_mpi_g_v8.3.0
20220607 080014.772 INFO             PET1 ESMF_COMM                   : mpi
20220607 080014.774 INFO             PET1 ESMF_MOAB                   : enabled
20220607 080014.774 INFO             PET1 ESMF_LAPACK                 : enabled
20220607 080014.774 INFO             PET1 ESMF_NETCDF                 : enabled
20220607 080014.774 INFO             PET1 ESMF_PNETCDF                : disabled
20220607 080014.774 INFO             PET1 ESMF_PIO                    : enabled
20220607 080014.774 INFO             PET1 ESMF_YAMLCPP                : enabled
20220607 080014.790 INFO             PET1 ESMF_FieldRedistStoreNF(): Just entered routine.
20220607 080014.836 INFO             PET1 ESMF_FieldRedistStoreNF(): Leaving routine.
20220607 080014.840 INFO             PET1  NUMBER_OF_PROCESSORS           4
20220607 080014.841 INFO             PET1  PASS  Example ESMF_RHandleFromRHandleEx, ESMF_RHandleFromRHandleEx.F90, line 660
20220607 080014.841 INFO             PET1 Finalizing ESMF
20220607 080014.774 INFO             PET2 !!!!!!!!!!!!!!!!!!!!!!!!!!!!!!!!!!!!!!!!!!!!!!!!!!!!!!
20220607 080014.774 INFO             PET2 !!! THE ESMF_LOG IS SET TO OUTPUT ALL LOG MESSAGES !!!
20220607 080014.774 INFO             PET2 !!!     THIS MAY CAUSE SLOWDOWN IN PERFORMANCE     !!!
20220607 080014.774 INFO             PET2 !!! FOR PRODUCTION RUNS, USE:                      !!!
20220607 080014.774 INFO             PET2 !!!                   ESMF_LOGKIND_Multi_On_Error  !!!
20220607 080014.774 INFO             PET2 !!!!!!!!!!!!!!!!!!!!!!!!!!!!!!!!!!!!!!!!!!!!!!!!!!!!!!
20220607 080014.774 INFO             PET2 Running with ESMF Version   : v8.3.0
20220607 080014.774 INFO             PET2 ESMF library build date/time: "Jun  7 2022" "02:49:48"
20220607 080014.774 INFO             PET2 ESMF library build location : /global/cscratch1/sd/rsdunlap/esmf-testing/intel_19.1.2_mpi_g_v8.3.0
20220607 080014.774 INFO             PET2 ESMF_COMM                   : mpi
20220607 080014.776 INFO             PET2 ESMF_MOAB                   : enabled
20220607 080014.776 INFO             PET2 ESMF_LAPACK                 : enabled
20220607 080014.776 INFO             PET2 ESMF_NETCDF                 : enabled
20220607 080014.776 INFO             PET2 ESMF_PNETCDF                : disabled
20220607 080014.776 INFO             PET2 ESMF_PIO                    : enabled
20220607 080014.776 INFO             PET2 ESMF_YAMLCPP                : enabled
20220607 080014.790 INFO             PET2 ESMF_FieldRedistStoreNF(): Just entered routine.
20220607 080014.836 INFO             PET2 ESMF_FieldRedistStoreNF(): Leaving routine.
20220607 080014.839 INFO             PET2  NUMBER_OF_PROCESSORS           4
20220607 080014.839 INFO             PET2  PASS  Example ESMF_RHandleFromRHandleEx, ESMF_RHandleFromRHandleEx.F90, line 660
20220607 080014.839 INFO             PET2 Finalizing ESMF
20220607 080014.773 INFO             PET3 !!!!!!!!!!!!!!!!!!!!!!!!!!!!!!!!!!!!!!!!!!!!!!!!!!!!!!
20220607 080014.773 INFO             PET3 !!! THE ESMF_LOG IS SET TO OUTPUT ALL LOG MESSAGES !!!
20220607 080014.773 INFO             PET3 !!!     THIS MAY CAUSE SLOWDOWN IN PERFORMANCE     !!!
20220607 080014.773 INFO             PET3 !!! FOR PRODUCTION RUNS, USE:                      !!!
20220607 080014.773 INFO             PET3 !!!                   ESMF_LOGKIND_Multi_On_Error  !!!
20220607 080014.773 INFO             PET3 !!!!!!!!!!!!!!!!!!!!!!!!!!!!!!!!!!!!!!!!!!!!!!!!!!!!!!
20220607 080014.773 INFO             PET3 Running with ESMF Version   : v8.3.0
20220607 080014.773 INFO             PET3 ESMF library build date/time: "Jun  7 2022" "02:49:48"
20220607 080014.773 INFO             PET3 ESMF library build location : /global/cscratch1/sd/rsdunlap/esmf-testing/intel_19.1.2_mpi_g_v8.3.0
20220607 080014.773 INFO             PET3 ESMF_COMM                   : mpi
20220607 080014.776 INFO             PET3 ESMF_MOAB                   : enabled
20220607 080014.776 INFO             PET3 ESMF_LAPACK                 : enabled
20220607 080014.776 INFO             PET3 ESMF_NETCDF                 : enabled
20220607 080014.776 INFO             PET3 ESMF_PNETCDF                : disabled
20220607 080014.776 INFO             PET3 ESMF_PIO                    : enabled
20220607 080014.776 INFO             PET3 ESMF_YAMLCPP                : enabled
20220607 080014.790 INFO             PET3 ESMF_FieldRedistStoreNF(): Just entered routine.
20220607 080014.836 INFO             PET3 ESMF_FieldRedistStoreNF(): Leaving routine.
20220607 080014.841 INFO             PET3  NUMBER_OF_PROCESSORS           4
20220607 080014.841 INFO             PET3  PASS  Example ESMF_RHandleFromRHandleEx, ESMF_RHandleFromRHandleEx.F90, line 660
20220607 080014.841 INFO             PET3 Finalizing ESMF
