build time -- 2022-06-03 03:22:55.952217
20220603 044711.941 INFO             PET0 !!!!!!!!!!!!!!!!!!!!!!!!!!!!!!!!!!!!!!!!!!!!!!!!!!!!!!
20220603 044711.941 INFO             PET0 !!! THE ESMF_LOG IS SET TO OUTPUT ALL LOG MESSAGES !!!
20220603 044711.941 INFO             PET0 !!!     THIS MAY CAUSE SLOWDOWN IN PERFORMANCE     !!!
20220603 044711.941 INFO             PET0 !!! FOR PRODUCTION RUNS, USE:                      !!!
20220603 044711.941 INFO             PET0 !!!                   ESMF_LOGKIND_Multi_On_Error  !!!
20220603 044711.941 INFO             PET0 !!!!!!!!!!!!!!!!!!!!!!!!!!!!!!!!!!!!!!!!!!!!!!!!!!!!!!
20220603 044711.941 INFO             PET0 Running with ESMF Version   : v8.3.0b17
20220603 044711.941 INFO             PET0 ESMF library build date/time: "Jun  3 2022" "03:13:35"
20220603 044711.941 INFO             PET0 ESMF library build location : /glade/scratch/dunlap/esmf-testing/intel_18.0.5_intelmpi_g_release_8.3.0
20220603 044711.941 INFO             PET0 ESMF_COMM                   : intelmpi
20220603 044711.941 INFO             PET0 ESMF_MOAB                   : enabled
20220603 044711.941 INFO             PET0 ESMF_LAPACK                 : enabled
20220603 044711.941 INFO             PET0 ESMF_NETCDF                 : enabled
20220603 044711.941 INFO             PET0 ESMF_PNETCDF                : disabled
20220603 044711.941 INFO             PET0 ESMF_PIO                    : enabled
20220603 044711.941 INFO             PET0 ESMF_YAMLCPP                : enabled
20220603 044712.097 DEBUG            PET0 about to destroy Grid: 0x956680
20220603 044712.116 DEBUG            PET0 about to destroy Grid: 0x9584b0
20220603 044712.170 INFO             PET0  NUMBER_OF_PROCESSORS           4
20220603 044712.170 INFO             PET0  PASS  Example ESMF_NUOPCAtmModelEx, ESMF_NUOPCAtmModelEx.F90, line 806
20220603 044712.170 INFO             PET0 Finalizing ESMF
20220603 044711.941 INFO             PET1 !!!!!!!!!!!!!!!!!!!!!!!!!!!!!!!!!!!!!!!!!!!!!!!!!!!!!!
20220603 044711.941 INFO             PET1 !!! THE ESMF_LOG IS SET TO OUTPUT ALL LOG MESSAGES !!!
20220603 044711.941 INFO             PET1 !!!     THIS MAY CAUSE SLOWDOWN IN PERFORMANCE     !!!
20220603 044711.941 INFO             PET1 !!! FOR PRODUCTION RUNS, USE:                      !!!
20220603 044711.941 INFO             PET1 !!!                   ESMF_LOGKIND_Multi_On_Error  !!!
20220603 044711.941 INFO             PET1 !!!!!!!!!!!!!!!!!!!!!!!!!!!!!!!!!!!!!!!!!!!!!!!!!!!!!!
20220603 044711.941 INFO             PET1 Running with ESMF Version   : v8.3.0b17
20220603 044711.941 INFO             PET1 ESMF library build date/time: "Jun  3 2022" "03:13:35"
20220603 044711.941 INFO             PET1 ESMF library build location : /glade/scratch/dunlap/esmf-testing/intel_18.0.5_intelmpi_g_release_8.3.0
20220603 044711.941 INFO             PET1 ESMF_COMM                   : intelmpi
20220603 044711.942 INFO             PET1 ESMF_MOAB                   : enabled
20220603 044711.942 INFO             PET1 ESMF_LAPACK                 : enabled
20220603 044711.942 INFO             PET1 ESMF_NETCDF                 : enabled
20220603 044711.942 INFO             PET1 ESMF_PNETCDF                : disabled
20220603 044711.942 INFO             PET1 ESMF_PIO                    : enabled
20220603 044711.942 INFO             PET1 ESMF_YAMLCPP                : enabled
20220603 044712.097 DEBUG            PET1 about to destroy Grid: 0x2755280
20220603 044712.116 DEBUG            PET1 about to destroy Grid: 0x2755fb0
20220603 044712.169 INFO             PET1  NUMBER_OF_PROCESSORS           4
20220603 044712.169 INFO             PET1  PASS  Example ESMF_NUOPCAtmModelEx, ESMF_NUOPCAtmModelEx.F90, line 806
20220603 044712.169 INFO             PET1 Finalizing ESMF
20220603 044711.940 INFO             PET2 !!!!!!!!!!!!!!!!!!!!!!!!!!!!!!!!!!!!!!!!!!!!!!!!!!!!!!
20220603 044711.941 INFO             PET2 !!! THE ESMF_LOG IS SET TO OUTPUT ALL LOG MESSAGES !!!
20220603 044711.941 INFO             PET2 !!!     THIS MAY CAUSE SLOWDOWN IN PERFORMANCE     !!!
20220603 044711.941 INFO             PET2 !!! FOR PRODUCTION RUNS, USE:                      !!!
20220603 044711.941 INFO             PET2 !!!                   ESMF_LOGKIND_Multi_On_Error  !!!
20220603 044711.941 INFO             PET2 !!!!!!!!!!!!!!!!!!!!!!!!!!!!!!!!!!!!!!!!!!!!!!!!!!!!!!
20220603 044711.941 INFO             PET2 Running with ESMF Version   : v8.3.0b17
20220603 044711.941 INFO             PET2 ESMF library build date/time: "Jun  3 2022" "03:13:35"
20220603 044711.941 INFO             PET2 ESMF library build location : /glade/scratch/dunlap/esmf-testing/intel_18.0.5_intelmpi_g_release_8.3.0
20220603 044711.941 INFO             PET2 ESMF_COMM                   : intelmpi
20220603 044711.941 INFO             PET2 ESMF_MOAB                   : enabled
20220603 044711.941 INFO             PET2 ESMF_LAPACK                 : enabled
20220603 044711.941 INFO             PET2 ESMF_NETCDF                 : enabled
20220603 044711.941 INFO             PET2 ESMF_PNETCDF                : disabled
20220603 044711.941 INFO             PET2 ESMF_PIO                    : enabled
20220603 044711.941 INFO             PET2 ESMF_YAMLCPP                : enabled
20220603 044712.097 DEBUG            PET2 about to destroy Grid: 0x9ac280
20220603 044712.116 DEBUG            PET2 about to destroy Grid: 0x9acfb0
20220603 044712.169 INFO             PET2  NUMBER_OF_PROCESSORS           4
20220603 044712.169 INFO             PET2  PASS  Example ESMF_NUOPCAtmModelEx, ESMF_NUOPCAtmModelEx.F90, line 806
20220603 044712.169 INFO             PET2 Finalizing ESMF
20220603 044711.941 INFO             PET3 !!!!!!!!!!!!!!!!!!!!!!!!!!!!!!!!!!!!!!!!!!!!!!!!!!!!!!
20220603 044711.941 INFO             PET3 !!! THE ESMF_LOG IS SET TO OUTPUT ALL LOG MESSAGES !!!
20220603 044711.941 INFO             PET3 !!!     THIS MAY CAUSE SLOWDOWN IN PERFORMANCE     !!!
20220603 044711.941 INFO             PET3 !!! FOR PRODUCTION RUNS, USE:                      !!!
20220603 044711.941 INFO             PET3 !!!                   ESMF_LOGKIND_Multi_On_Error  !!!
20220603 044711.941 INFO             PET3 !!!!!!!!!!!!!!!!!!!!!!!!!!!!!!!!!!!!!!!!!!!!!!!!!!!!!!
20220603 044711.941 INFO             PET3 Running with ESMF Version   : v8.3.0b17
20220603 044711.941 INFO             PET3 ESMF library build date/time: "Jun  3 2022" "03:13:35"
20220603 044711.941 INFO             PET3 ESMF library build location : /glade/scratch/dunlap/esmf-testing/intel_18.0.5_intelmpi_g_release_8.3.0
20220603 044711.941 INFO             PET3 ESMF_COMM                   : intelmpi
20220603 044711.941 INFO             PET3 ESMF_MOAB                   : enabled
20220603 044711.941 INFO             PET3 ESMF_LAPACK                 : enabled
20220603 044711.941 INFO             PET3 ESMF_NETCDF                 : enabled
20220603 044711.941 INFO             PET3 ESMF_PNETCDF                : disabled
20220603 044711.942 INFO             PET3 ESMF_PIO                    : enabled
20220603 044711.942 INFO             PET3 ESMF_YAMLCPP                : enabled
20220603 044712.097 DEBUG            PET3 about to destroy Grid: 0xda8280
20220603 044712.116 DEBUG            PET3 about to destroy Grid: 0xda8fb0
20220603 044712.169 INFO             PET3  NUMBER_OF_PROCESSORS           4
20220603 044712.169 INFO             PET3  PASS  Example ESMF_NUOPCAtmModelEx, ESMF_NUOPCAtmModelEx.F90, line 806
20220603 044712.169 INFO             PET3 Finalizing ESMF
