build time -- 2022-06-01 12:48:38.331405
20220601 135411.751 INFO             PET0 !!!!!!!!!!!!!!!!!!!!!!!!!!!!!!!!!!!!!!!!!!!!!!!!!!!!!!
20220601 135411.751 INFO             PET0 !!! THE ESMF_LOG IS SET TO OUTPUT ALL LOG MESSAGES !!!
20220601 135411.751 INFO             PET0 !!!     THIS MAY CAUSE SLOWDOWN IN PERFORMANCE     !!!
20220601 135411.751 INFO             PET0 !!! FOR PRODUCTION RUNS, USE:                      !!!
20220601 135411.751 INFO             PET0 !!!                   ESMF_LOGKIND_Multi_On_Error  !!!
20220601 135411.751 INFO             PET0 !!!!!!!!!!!!!!!!!!!!!!!!!!!!!!!!!!!!!!!!!!!!!!!!!!!!!!
20220601 135411.751 INFO             PET0 Running with ESMF Version   : v8.3.0b16-3-gc2b47388e1
20220601 135411.751 INFO             PET0 ESMF library build date/time: "Jun  1 2022" "12:41:21"
20220601 135411.751 INFO             PET0 ESMF library build location : /glade/scratch/dunlap/esmf-testing/intel_18.0.5_intelmpi_g_release_8.3.0
20220601 135411.751 INFO             PET0 ESMF_COMM                   : intelmpi
20220601 135411.751 INFO             PET0 ESMF_MOAB                   : enabled
20220601 135411.751 INFO             PET0 ESMF_LAPACK                 : enabled
20220601 135411.751 INFO             PET0 ESMF_NETCDF                 : enabled
20220601 135411.751 INFO             PET0 ESMF_PNETCDF                : disabled
20220601 135411.751 INFO             PET0 ESMF_PIO                    : enabled
20220601 135411.751 INFO             PET0 ESMF_YAMLCPP                : enabled
20220601 135411.752 INFO             PET0  NUMBER_OF_PROCESSORS           1
20220601 135411.752 INFO             PET0  PASS  Example ESMF_ClockEx, ESMF_ClockEx.F90, line 220
20220601 135411.752 INFO             PET0 Finalizing ESMF
