build time -- 2022-06-03 03:22:53.692592
20220603 043926.442 INFO             PET0 !!!!!!!!!!!!!!!!!!!!!!!!!!!!!!!!!!!!!!!!!!!!!!!!!!!!!!
20220603 043926.442 INFO             PET0 !!! THE ESMF_LOG IS SET TO OUTPUT ALL LOG MESSAGES !!!
20220603 043926.442 INFO             PET0 !!!     THIS MAY CAUSE SLOWDOWN IN PERFORMANCE     !!!
20220603 043926.442 INFO             PET0 !!! FOR PRODUCTION RUNS, USE:                      !!!
20220603 043926.442 INFO             PET0 !!!                   ESMF_LOGKIND_Multi_On_Error  !!!
20220603 043926.442 INFO             PET0 !!!!!!!!!!!!!!!!!!!!!!!!!!!!!!!!!!!!!!!!!!!!!!!!!!!!!!
20220603 043926.442 INFO             PET0 Running with ESMF Version   : v8.4.0b00
20220603 043926.442 INFO             PET0 ESMF library build date/time: "Jun  3 2022" "03:13:30"
20220603 043926.442 INFO             PET0 ESMF library build location : /glade/scratch/dunlap/esmf-testing/intel_18.0.5_intelmpi_g_develop
20220603 043926.442 INFO             PET0 ESMF_COMM                   : intelmpi
20220603 043926.442 INFO             PET0 ESMF_MOAB                   : enabled
20220603 043926.442 INFO             PET0 ESMF_LAPACK                 : enabled
20220603 043926.442 INFO             PET0 ESMF_NETCDF                 : enabled
20220603 043926.442 INFO             PET0 ESMF_PNETCDF                : disabled
20220603 043926.442 INFO             PET0 ESMF_PIO                    : enabled
20220603 043926.442 INFO             PET0 ESMF_YAMLCPP                : enabled
20220603 043926.443 INFO             PET0  NUMBER_OF_PROCESSORS           1
20220603 043926.443 INFO             PET0  PASS  Example ESMF_ClockEx, ESMF_ClockEx.F90, line 220
20220603 043926.443 INFO             PET0 Finalizing ESMF
