build time -- 2022-06-02 00:43:29
20220602 021800.185 INFO             PET0 !!!!!!!!!!!!!!!!!!!!!!!!!!!!!!!!!!!!!!!!!!!!!!!!!!!!!!
20220602 021800.185 INFO             PET0 !!! THE ESMF_LOG IS SET TO OUTPUT ALL LOG MESSAGES !!!
20220602 021800.185 INFO             PET0 !!!     THIS MAY CAUSE SLOWDOWN IN PERFORMANCE     !!!
20220602 021800.185 INFO             PET0 !!! FOR PRODUCTION RUNS, USE:                      !!!
20220602 021800.185 INFO             PET0 !!!                   ESMF_LOGKIND_Multi_On_Error  !!!
20220602 021800.185 INFO             PET0 !!!!!!!!!!!!!!!!!!!!!!!!!!!!!!!!!!!!!!!!!!!!!!!!!!!!!!
20220602 021800.185 INFO             PET0 Running with ESMF Version   : v8.3.0b16-4-g64dc951248
20220602 021800.185 INFO             PET0 ESMF library build date/time: "Jun  2 2022" "00:41:39"
20220602 021800.185 INFO             PET0 ESMF library build location : /lustre/f2/dev/ncep/Mark.Potts/intel_2019.5_mpiuni_O_release_8.3.0
20220602 021800.185 INFO             PET0 ESMF_COMM                   : mpiuni
20220602 021800.186 INFO             PET0 ESMF_MOAB                   : enabled
20220602 021800.186 INFO             PET0 ESMF_LAPACK                 : enabled
20220602 021800.186 INFO             PET0 ESMF_NETCDF                 : enabled
20220602 021800.186 INFO             PET0 ESMF_PNETCDF                : disabled
20220602 021800.186 INFO             PET0 ESMF_PIO                    : disabled
20220602 021800.186 INFO             PET0 ESMF_YAMLCPP                : enabled
20220602 021800.189 INFO             PET0  NUMBER_OF_PROCESSORS           1
20220602 021800.189 INFO             PET0  PASS  Example ESMF_XGridSparseMatEx, ESMF_XGridSparseMatEx.F90, line 642
20220602 021800.189 INFO             PET0 Finalizing ESMF
