build time -- 2022-06-04 00:38:18
20220604 020842.943 INFO             PET0 !!!!!!!!!!!!!!!!!!!!!!!!!!!!!!!!!!!!!!!!!!!!!!!!!!!!!!
20220604 020842.943 INFO             PET0 !!! THE ESMF_LOG IS SET TO OUTPUT ALL LOG MESSAGES !!!
20220604 020842.943 INFO             PET0 !!!     THIS MAY CAUSE SLOWDOWN IN PERFORMANCE     !!!
20220604 020842.943 INFO             PET0 !!! FOR PRODUCTION RUNS, USE:                      !!!
20220604 020842.943 INFO             PET0 !!!                   ESMF_LOGKIND_Multi_On_Error  !!!
20220604 020842.943 INFO             PET0 !!!!!!!!!!!!!!!!!!!!!!!!!!!!!!!!!!!!!!!!!!!!!!!!!!!!!!
20220604 020842.943 INFO             PET0 Running with ESMF Version   : v8.3.0b17-1-g6ed324f6a2
20220604 020842.943 INFO             PET0 ESMF library build date/time: "Jun  4 2022" "00:36:31"
20220604 020842.943 INFO             PET0 ESMF library build location : /lustre/f2/dev/ncep/Mark.Potts/intel_2019.5_mpiuni_O_release_8.3.0
20220604 020842.943 INFO             PET0 ESMF_COMM                   : mpiuni
20220604 020842.944 INFO             PET0 ESMF_MOAB                   : enabled
20220604 020842.944 INFO             PET0 ESMF_LAPACK                 : enabled
20220604 020842.944 INFO             PET0 ESMF_NETCDF                 : enabled
20220604 020842.944 INFO             PET0 ESMF_PNETCDF                : disabled
20220604 020842.944 INFO             PET0 ESMF_PIO                    : disabled
20220604 020842.944 INFO             PET0 ESMF_YAMLCPP                : enabled
20220604 020842.979 INFO             PET0  NUMBER_OF_PROCESSORS           1
20220604 020842.979 INFO             PET0  PASS  Example ESMF_RHandleDynamicMaskingEx, ESMF_RHandleDynamicMaskingEx.F90, line 1116
20220604 020842.979 INFO             PET0 Finalizing ESMF
