build time -- 2022-05-29 00:38:35
20220529 011208.302 INFO             PET0 !!!!!!!!!!!!!!!!!!!!!!!!!!!!!!!!!!!!!!!!!!!!!!!!!!!!!!
20220529 011208.302 INFO             PET0 !!! THE ESMF_LOG IS SET TO OUTPUT ALL LOG MESSAGES !!!
20220529 011208.302 INFO             PET0 !!!     THIS MAY CAUSE SLOWDOWN IN PERFORMANCE     !!!
20220529 011208.302 INFO             PET0 !!! FOR PRODUCTION RUNS, USE:                      !!!
20220529 011208.302 INFO             PET0 !!!                   ESMF_LOGKIND_Multi_On_Error  !!!
20220529 011208.302 INFO             PET0 !!!!!!!!!!!!!!!!!!!!!!!!!!!!!!!!!!!!!!!!!!!!!!!!!!!!!!
20220529 011208.302 INFO             PET0 Running with ESMF Version   : v8.3.0b16-3-gc2b47388e1
20220529 011208.302 INFO             PET0 ESMF library build date/time: "May 29 2022" "00:36:44"
20220529 011208.302 INFO             PET0 ESMF library build location : /lustre/f2/dev/ncep/Mark.Potts/intel_2019.5_mpiuni_O_release_8.3.0
20220529 011208.302 INFO             PET0 ESMF_COMM                   : mpiuni
20220529 011208.303 INFO             PET0 ESMF_MOAB                   : enabled
20220529 011208.303 INFO             PET0 ESMF_LAPACK                 : enabled
20220529 011208.303 INFO             PET0 ESMF_NETCDF                 : enabled
20220529 011208.303 INFO             PET0 ESMF_PNETCDF                : disabled
20220529 011208.303 INFO             PET0 ESMF_PIO                    : disabled
20220529 011208.303 INFO             PET0 ESMF_YAMLCPP                : enabled
20220529 011208.318 INFO             PET0  NUMBER_OF_PROCESSORS           1
20220529 011208.318 INFO             PET0  PASS  Example ESMF_RHandleReusabilityEx, ESMF_RHandleReusabilityEx.F90, line 582
20220529 011208.318 INFO             PET0 Finalizing ESMF
