build time -- 2022-06-04 02:40:08.467419
20220604 032328.872 INFO             PET0 !!!!!!!!!!!!!!!!!!!!!!!!!!!!!!!!!!!!!!!!!!!!!!!!!!!!!!
20220604 032328.872 INFO             PET0 !!! THE ESMF_LOG IS SET TO OUTPUT ALL LOG MESSAGES !!!
20220604 032328.872 INFO             PET0 !!!     THIS MAY CAUSE SLOWDOWN IN PERFORMANCE     !!!
20220604 032328.872 INFO             PET0 !!! FOR PRODUCTION RUNS, USE:                      !!!
20220604 032328.872 INFO             PET0 !!!                   ESMF_LOGKIND_Multi_On_Error  !!!
20220604 032328.872 INFO             PET0 !!!!!!!!!!!!!!!!!!!!!!!!!!!!!!!!!!!!!!!!!!!!!!!!!!!!!!
20220604 032328.872 INFO             PET0 Running with ESMF Version   : v8.3.0b17-1-g6ed324f6a2
20220604 032328.872 INFO             PET0 ESMF library build date/time: "Jun  4 2022" "02:35:40"
20220604 032328.872 INFO             PET0 ESMF library build location : /glade/scratch/dunlap/esmf-testing/gfortran_10.1.0_openmpi_g_release_8.3.0
20220604 032328.872 INFO             PET0 ESMF_COMM                   : openmpi
20220604 032328.873 INFO             PET0 ESMF_MOAB                   : enabled
20220604 032328.873 INFO             PET0 ESMF_LAPACK                 : enabled
20220604 032328.873 INFO             PET0 ESMF_NETCDF                 : enabled
20220604 032328.873 INFO             PET0 ESMF_PNETCDF                : disabled
20220604 032328.873 INFO             PET0 ESMF_PIO                    : enabled
20220604 032328.873 INFO             PET0 ESMF_YAMLCPP                : enabled
20220604 032328.873 INFO             PET0  NUMBER_OF_PROCESSORS           1
20220604 032328.873 INFO             PET0  PASS  Example CalendarEx, ESMF_CalendarEx.F90, line 217
20220604 032328.873 INFO             PET0 Finalizing ESMF
