build time -- 2022-06-02 02:20:00.133945
20220602 025753.656 INFO             PET0 !!!!!!!!!!!!!!!!!!!!!!!!!!!!!!!!!!!!!!!!!!!!!!!!!!!!!!
20220602 025753.656 INFO             PET0 !!! THE ESMF_LOG IS SET TO OUTPUT ALL LOG MESSAGES !!!
20220602 025753.656 INFO             PET0 !!!     THIS MAY CAUSE SLOWDOWN IN PERFORMANCE     !!!
20220602 025753.656 INFO             PET0 !!! FOR PRODUCTION RUNS, USE:                      !!!
20220602 025753.656 INFO             PET0 !!!                   ESMF_LOGKIND_Multi_On_Error  !!!
20220602 025753.656 INFO             PET0 !!!!!!!!!!!!!!!!!!!!!!!!!!!!!!!!!!!!!!!!!!!!!!!!!!!!!!
20220602 025753.656 INFO             PET0 Running with ESMF Version   : v8.4.0b00
20220602 025753.656 INFO             PET0 ESMF library build date/time: "Jun  2 2022" "02:17:50"
20220602 025753.656 INFO             PET0 ESMF library build location : /glade/scratch/dunlap/esmf-testing/gfortran_10.1.0_openmpi_O_develop
20220602 025753.656 INFO             PET0 ESMF_COMM                   : openmpi
20220602 025753.656 INFO             PET0 ESMF_MOAB                   : enabled
20220602 025753.656 INFO             PET0 ESMF_LAPACK                 : enabled
20220602 025753.656 INFO             PET0 ESMF_NETCDF                 : enabled
20220602 025753.656 INFO             PET0 ESMF_PNETCDF                : disabled
20220602 025753.656 INFO             PET0 ESMF_PIO                    : enabled
20220602 025753.656 INFO             PET0 ESMF_YAMLCPP                : enabled
20220602 025753.698 DEBUG            PET0 about to destroy Grid: 0x23c7590
20220602 025753.702 DEBUG            PET0 about to destroy Grid: 0x23c8b90
20220602 025753.713 INFO             PET0  NUMBER_OF_PROCESSORS           4
20220602 025753.713 INFO             PET0  PASS  Example ESMF_NUOPCAtmModelEx, ESMF_NUOPCAtmModelEx.F90, line 806
20220602 025753.713 INFO             PET0 Finalizing ESMF
20220602 025753.658 INFO             PET1 !!!!!!!!!!!!!!!!!!!!!!!!!!!!!!!!!!!!!!!!!!!!!!!!!!!!!!
20220602 025753.658 INFO             PET1 !!! THE ESMF_LOG IS SET TO OUTPUT ALL LOG MESSAGES !!!
20220602 025753.658 INFO             PET1 !!!     THIS MAY CAUSE SLOWDOWN IN PERFORMANCE     !!!
20220602 025753.658 INFO             PET1 !!! FOR PRODUCTION RUNS, USE:                      !!!
20220602 025753.658 INFO             PET1 !!!                   ESMF_LOGKIND_Multi_On_Error  !!!
20220602 025753.658 INFO             PET1 !!!!!!!!!!!!!!!!!!!!!!!!!!!!!!!!!!!!!!!!!!!!!!!!!!!!!!
20220602 025753.658 INFO             PET1 Running with ESMF Version   : v8.4.0b00
20220602 025753.658 INFO             PET1 ESMF library build date/time: "Jun  2 2022" "02:17:50"
20220602 025753.658 INFO             PET1 ESMF library build location : /glade/scratch/dunlap/esmf-testing/gfortran_10.1.0_openmpi_O_develop
20220602 025753.658 INFO             PET1 ESMF_COMM                   : openmpi
20220602 025753.658 INFO             PET1 ESMF_MOAB                   : enabled
20220602 025753.659 INFO             PET1 ESMF_LAPACK                 : enabled
20220602 025753.659 INFO             PET1 ESMF_NETCDF                 : enabled
20220602 025753.659 INFO             PET1 ESMF_PNETCDF                : disabled
20220602 025753.659 INFO             PET1 ESMF_PIO                    : enabled
20220602 025753.659 INFO             PET1 ESMF_YAMLCPP                : enabled
20220602 025753.698 DEBUG            PET1 about to destroy Grid: 0xb2a1b0
20220602 025753.702 DEBUG            PET1 about to destroy Grid: 0xb2b520
20220602 025753.714 INFO             PET1  NUMBER_OF_PROCESSORS           4
20220602 025753.714 INFO             PET1  PASS  Example ESMF_NUOPCAtmModelEx, ESMF_NUOPCAtmModelEx.F90, line 806
20220602 025753.714 INFO             PET1 Finalizing ESMF
20220602 025753.656 INFO             PET2 !!!!!!!!!!!!!!!!!!!!!!!!!!!!!!!!!!!!!!!!!!!!!!!!!!!!!!
20220602 025753.656 INFO             PET2 !!! THE ESMF_LOG IS SET TO OUTPUT ALL LOG MESSAGES !!!
20220602 025753.656 INFO             PET2 !!!     THIS MAY CAUSE SLOWDOWN IN PERFORMANCE     !!!
20220602 025753.656 INFO             PET2 !!! FOR PRODUCTION RUNS, USE:                      !!!
20220602 025753.656 INFO             PET2 !!!                   ESMF_LOGKIND_Multi_On_Error  !!!
20220602 025753.656 INFO             PET2 !!!!!!!!!!!!!!!!!!!!!!!!!!!!!!!!!!!!!!!!!!!!!!!!!!!!!!
20220602 025753.656 INFO             PET2 Running with ESMF Version   : v8.4.0b00
20220602 025753.656 INFO             PET2 ESMF library build date/time: "Jun  2 2022" "02:17:50"
20220602 025753.656 INFO             PET2 ESMF library build location : /glade/scratch/dunlap/esmf-testing/gfortran_10.1.0_openmpi_O_develop
20220602 025753.656 INFO             PET2 ESMF_COMM                   : openmpi
20220602 025753.656 INFO             PET2 ESMF_MOAB                   : enabled
20220602 025753.656 INFO             PET2 ESMF_LAPACK                 : enabled
20220602 025753.656 INFO             PET2 ESMF_NETCDF                 : enabled
20220602 025753.656 INFO             PET2 ESMF_PNETCDF                : disabled
20220602 025753.656 INFO             PET2 ESMF_PIO                    : enabled
20220602 025753.656 INFO             PET2 ESMF_YAMLCPP                : enabled
20220602 025753.698 DEBUG            PET2 about to destroy Grid: 0xa9d770
20220602 025753.702 DEBUG            PET2 about to destroy Grid: 0xa9e670
20220602 025753.714 INFO             PET2  NUMBER_OF_PROCESSORS           4
20220602 025753.714 INFO             PET2  PASS  Example ESMF_NUOPCAtmModelEx, ESMF_NUOPCAtmModelEx.F90, line 806
20220602 025753.714 INFO             PET2 Finalizing ESMF
20220602 025753.657 INFO             PET3 !!!!!!!!!!!!!!!!!!!!!!!!!!!!!!!!!!!!!!!!!!!!!!!!!!!!!!
20220602 025753.657 INFO             PET3 !!! THE ESMF_LOG IS SET TO OUTPUT ALL LOG MESSAGES !!!
20220602 025753.657 INFO             PET3 !!!     THIS MAY CAUSE SLOWDOWN IN PERFORMANCE     !!!
20220602 025753.657 INFO             PET3 !!! FOR PRODUCTION RUNS, USE:                      !!!
20220602 025753.657 INFO             PET3 !!!                   ESMF_LOGKIND_Multi_On_Error  !!!
20220602 025753.657 INFO             PET3 !!!!!!!!!!!!!!!!!!!!!!!!!!!!!!!!!!!!!!!!!!!!!!!!!!!!!!
20220602 025753.657 INFO             PET3 Running with ESMF Version   : v8.4.0b00
20220602 025753.657 INFO             PET3 ESMF library build date/time: "Jun  2 2022" "02:17:50"
20220602 025753.657 INFO             PET3 ESMF library build location : /glade/scratch/dunlap/esmf-testing/gfortran_10.1.0_openmpi_O_develop
20220602 025753.657 INFO             PET3 ESMF_COMM                   : openmpi
20220602 025753.657 INFO             PET3 ESMF_MOAB                   : enabled
20220602 025753.657 INFO             PET3 ESMF_LAPACK                 : enabled
20220602 025753.657 INFO             PET3 ESMF_NETCDF                 : enabled
20220602 025753.657 INFO             PET3 ESMF_PNETCDF                : disabled
20220602 025753.657 INFO             PET3 ESMF_PIO                    : enabled
20220602 025753.657 INFO             PET3 ESMF_YAMLCPP                : enabled
20220602 025753.698 DEBUG            PET3 about to destroy Grid: 0x1c05340
20220602 025753.702 DEBUG            PET3 about to destroy Grid: 0x1c064a0
20220602 025753.713 INFO             PET3  NUMBER_OF_PROCESSORS           4
20220602 025753.713 INFO             PET3  PASS  Example ESMF_NUOPCAtmModelEx, ESMF_NUOPCAtmModelEx.F90, line 806
20220602 025753.714 INFO             PET3 Finalizing ESMF
