build time -- 2022-05-27 02:25:59.440764
20220527 032655.232 INFO             PET0 !!!!!!!!!!!!!!!!!!!!!!!!!!!!!!!!!!!!!!!!!!!!!!!!!!!!!!
20220527 032655.233 INFO             PET0 !!! THE ESMF_LOG IS SET TO OUTPUT ALL LOG MESSAGES !!!
20220527 032655.233 INFO             PET0 !!!     THIS MAY CAUSE SLOWDOWN IN PERFORMANCE     !!!
20220527 032655.233 INFO             PET0 !!! FOR PRODUCTION RUNS, USE:                      !!!
20220527 032655.233 INFO             PET0 !!!                   ESMF_LOGKIND_Multi_On_Error  !!!
20220527 032655.233 INFO             PET0 !!!!!!!!!!!!!!!!!!!!!!!!!!!!!!!!!!!!!!!!!!!!!!!!!!!!!!
20220527 032655.233 INFO             PET0 Running with ESMF Version   : v8.3.0b16-3-gc2b47388e1
20220527 032655.233 INFO             PET0 ESMF library build date/time: "May 27 2022" "02:21:59"
20220527 032655.233 INFO             PET0 ESMF library build location : /gpfsm/dnb04/projects/p98/mpotts/esmf/pgi_20.4_mpiuni_O_release_8.3.0
20220527 032655.233 INFO             PET0 ESMF_COMM                   : mpiuni
20220527 032655.233 INFO             PET0 ESMF_MOAB                   : enabled
20220527 032655.233 INFO             PET0 ESMF_LAPACK                 : enabled
20220527 032655.233 INFO             PET0 ESMF_NETCDF                 : disabled
20220527 032655.233 INFO             PET0 ESMF_PNETCDF                : disabled
20220527 032655.233 INFO             PET0 ESMF_PIO                    : disabled
20220527 032655.233 INFO             PET0 ESMF_YAMLCPP                : enabled
20220527 032655.265 DEBUG            PET0 about to destroy Grid: 0x6ab610
20220527 032655.268 DEBUG            PET0 about to destroy Grid: 0x6acf00
20220527 032655.278 INFO             PET0  NUMBER_OF_PROCESSORS            1
20220527 032655.278 INFO             PET0  PASS  Example ESMF_NUOPCAtmModelEx, ESMF_NUOPCAtmModelEx.F90, line 806
20220527 032655.278 INFO             PET0 Finalizing ESMF
