Mon Apr 18 03:54:40 PDT 2022
 
--------------------------------------------------------------
ESMF_VERSION_STRING:    8.3.0 beta snapshot
v8.3.0b12-66-g968479064d
--------------------------------------------------------------
On branch develop
Your branch is up to date with 'origin/develop'.

Untracked files:
  (use "git add <file>..." to include in what will be committed)
	build-intel_19.0.3_mpi_g.bat
	build-intel_19.0.3_mpi_g.bat_57908552.e
	build-intel_19.0.3_mpi_g.bat_57908552.o
	getres-build.sh
	getres-test.sh
	nuopc-app-prototypes/
	test-intel_19.0.3_mpi_g.bat

nothing added to commit but untracked files present (use "git add" to track)
--------------------------------------------------------------
 
--------------------------------------------------------------
Make version:
GNU Make 4.2.1
Built for x86_64-suse-linux-gnu
Copyright (C) 1988-2016 Free Software Foundation, Inc.
License GPLv3+: GNU GPL version 3 or later <http://gnu.org/licenses/gpl.html>
This is free software: you are free to change and redistribute it.
There is NO WARRANTY, to the extent permitted by law.

--------------------------------------------------------------
CMake version:
cmake version 3.17.0

CMake suite maintained and supported by Kitware (kitware.com/cmake).

--------------------------------------------------------------
Fortran Compiler version:
