build time -- 2022-06-08 06:15:11
20220608 064627.101 INFO             PET0 !!!!!!!!!!!!!!!!!!!!!!!!!!!!!!!!!!!!!!!!!!!!!!!!!!!!!!
20220608 064627.101 INFO             PET0 !!! THE ESMF_LOG IS SET TO OUTPUT ALL LOG MESSAGES !!!
20220608 064627.101 INFO             PET0 !!!     THIS MAY CAUSE SLOWDOWN IN PERFORMANCE     !!!
20220608 064627.101 INFO             PET0 !!! FOR PRODUCTION RUNS, USE:                      !!!
20220608 064627.101 INFO             PET0 !!!                   ESMF_LOGKIND_Multi_On_Error  !!!
20220608 064627.101 INFO             PET0 !!!!!!!!!!!!!!!!!!!!!!!!!!!!!!!!!!!!!!!!!!!!!!!!!!!!!!
20220608 064627.101 INFO             PET0 Running with ESMF Version   : v8.3.0
20220608 064627.101 INFO             PET0 ESMF library build date/time: "Jun  8 2022" "06:13:21"
20220608 064627.101 INFO             PET0 ESMF library build location : /scratch1/NCEPDEV/stmp2/role.esmfmaint/intel_18.0.5a_mpiuni_g_v8.3.0
20220608 064627.101 INFO             PET0 ESMF_COMM                   : mpiuni
20220608 064627.102 INFO             PET0 ESMF_MOAB                   : enabled
20220608 064627.102 INFO             PET0 ESMF_LAPACK                 : enabled
20220608 064627.102 INFO             PET0 ESMF_NETCDF                 : enabled
20220608 064627.102 INFO             PET0 ESMF_PNETCDF                : disabled
20220608 064627.102 INFO             PET0 ESMF_PIO                    : disabled
20220608 064627.102 INFO             PET0 ESMF_YAMLCPP                : enabled
20220608 064627.116 INFO             PET0  NUMBER_OF_PROCESSORS           1
20220608 064627.117 INFO             PET0  PASS  Example ESMF_StateReadWriteEx, ESMF_StateReadWriteEx.F90, line 185
20220608 064627.117 INFO             PET0 Finalizing ESMF
