build time -- 2022-06-05 08:20:03
20220605 084159.898 INFO             PET0 !!!!!!!!!!!!!!!!!!!!!!!!!!!!!!!!!!!!!!!!!!!!!!!!!!!!!!
20220605 084159.898 INFO             PET0 !!! THE ESMF_LOG IS SET TO OUTPUT ALL LOG MESSAGES !!!
20220605 084159.898 INFO             PET0 !!!     THIS MAY CAUSE SLOWDOWN IN PERFORMANCE     !!!
20220605 084159.898 INFO             PET0 !!! FOR PRODUCTION RUNS, USE:                      !!!
20220605 084159.898 INFO             PET0 !!!                   ESMF_LOGKIND_Multi_On_Error  !!!
20220605 084159.898 INFO             PET0 !!!!!!!!!!!!!!!!!!!!!!!!!!!!!!!!!!!!!!!!!!!!!!!!!!!!!!
20220605 084159.898 INFO             PET0 Running with ESMF Version   : v8.3.0b17-1-g6ed324f6a2
20220605 084159.898 INFO             PET0 ESMF library build date/time: "Jun  5 2022" "08:18:46"
20220605 084159.898 INFO             PET0 ESMF library build location : /Volumes/esmf/esmf-testing/gfortran_11.2.0_openmpi_O_release_8.3.0
20220605 084159.898 INFO             PET0 ESMF_COMM                   : openmpi
20220605 084159.898 INFO             PET0 ESMF_MOAB                   : enabled
20220605 084159.898 INFO             PET0 ESMF_LAPACK                 : enabled
20220605 084159.898 INFO             PET0 ESMF_NETCDF                 : enabled
20220605 084159.898 INFO             PET0 ESMF_PNETCDF                : disabled
20220605 084159.898 INFO             PET0 ESMF_PIO                    : enabled
20220605 084159.898 INFO             PET0 ESMF_YAMLCPP                : enabled
20220605 084159.972 DEBUG            PET0 about to destroy Grid: 0x7f8e7c83c800
20220605 084159.977 DEBUG            PET0 about to destroy Grid: 0x7f8e7c83d400
20220605 084159.993 INFO             PET0  NUMBER_OF_PROCESSORS           4
20220605 084159.993 INFO             PET0  PASS  Example ESMF_NUOPCAtmModelEx, ESMF_NUOPCAtmModelEx.F90, line 806
20220605 084159.993 INFO             PET0 Finalizing ESMF
20220605 084159.898 INFO             PET1 !!!!!!!!!!!!!!!!!!!!!!!!!!!!!!!!!!!!!!!!!!!!!!!!!!!!!!
20220605 084159.898 INFO             PET1 !!! THE ESMF_LOG IS SET TO OUTPUT ALL LOG MESSAGES !!!
20220605 084159.898 INFO             PET1 !!!     THIS MAY CAUSE SLOWDOWN IN PERFORMANCE     !!!
20220605 084159.898 INFO             PET1 !!! FOR PRODUCTION RUNS, USE:                      !!!
20220605 084159.898 INFO             PET1 !!!                   ESMF_LOGKIND_Multi_On_Error  !!!
20220605 084159.898 INFO             PET1 !!!!!!!!!!!!!!!!!!!!!!!!!!!!!!!!!!!!!!!!!!!!!!!!!!!!!!
20220605 084159.898 INFO             PET1 Running with ESMF Version   : v8.3.0b17-1-g6ed324f6a2
20220605 084159.898 INFO             PET1 ESMF library build date/time: "Jun  5 2022" "08:18:46"
20220605 084159.898 INFO             PET1 ESMF library build location : /Volumes/esmf/esmf-testing/gfortran_11.2.0_openmpi_O_release_8.3.0
20220605 084159.898 INFO             PET1 ESMF_COMM                   : openmpi
20220605 084159.898 INFO             PET1 ESMF_MOAB                   : enabled
20220605 084159.898 INFO             PET1 ESMF_LAPACK                 : enabled
20220605 084159.898 INFO             PET1 ESMF_NETCDF                 : enabled
20220605 084159.898 INFO             PET1 ESMF_PNETCDF                : disabled
20220605 084159.898 INFO             PET1 ESMF_PIO                    : enabled
20220605 084159.898 INFO             PET1 ESMF_YAMLCPP                : enabled
20220605 084159.972 DEBUG            PET1 about to destroy Grid: 0x7f97a5022e00
20220605 084159.977 DEBUG            PET1 about to destroy Grid: 0x7f9795013c00
20220605 084159.993 INFO             PET1  NUMBER_OF_PROCESSORS           4
20220605 084159.993 INFO             PET1  PASS  Example ESMF_NUOPCAtmModelEx, ESMF_NUOPCAtmModelEx.F90, line 806
20220605 084159.993 INFO             PET1 Finalizing ESMF
20220605 084159.897 INFO             PET2 !!!!!!!!!!!!!!!!!!!!!!!!!!!!!!!!!!!!!!!!!!!!!!!!!!!!!!
20220605 084159.898 INFO             PET2 !!! THE ESMF_LOG IS SET TO OUTPUT ALL LOG MESSAGES !!!
20220605 084159.898 INFO             PET2 !!!     THIS MAY CAUSE SLOWDOWN IN PERFORMANCE     !!!
20220605 084159.898 INFO             PET2 !!! FOR PRODUCTION RUNS, USE:                      !!!
20220605 084159.898 INFO             PET2 !!!                   ESMF_LOGKIND_Multi_On_Error  !!!
20220605 084159.898 INFO             PET2 !!!!!!!!!!!!!!!!!!!!!!!!!!!!!!!!!!!!!!!!!!!!!!!!!!!!!!
20220605 084159.898 INFO             PET2 Running with ESMF Version   : v8.3.0b17-1-g6ed324f6a2
20220605 084159.898 INFO             PET2 ESMF library build date/time: "Jun  5 2022" "08:18:46"
20220605 084159.898 INFO             PET2 ESMF library build location : /Volumes/esmf/esmf-testing/gfortran_11.2.0_openmpi_O_release_8.3.0
20220605 084159.898 INFO             PET2 ESMF_COMM                   : openmpi
20220605 084159.898 INFO             PET2 ESMF_MOAB                   : enabled
20220605 084159.898 INFO             PET2 ESMF_LAPACK                 : enabled
20220605 084159.898 INFO             PET2 ESMF_NETCDF                 : enabled
20220605 084159.898 INFO             PET2 ESMF_PNETCDF                : disabled
20220605 084159.898 INFO             PET2 ESMF_PIO                    : enabled
20220605 084159.898 INFO             PET2 ESMF_YAMLCPP                : enabled
20220605 084159.972 DEBUG            PET2 about to destroy Grid: 0x7fc029811600
20220605 084159.977 DEBUG            PET2 about to destroy Grid: 0x7fc02980da00
20220605 084159.993 INFO             PET2  NUMBER_OF_PROCESSORS           4
20220605 084159.993 INFO             PET2  PASS  Example ESMF_NUOPCAtmModelEx, ESMF_NUOPCAtmModelEx.F90, line 806
20220605 084159.993 INFO             PET2 Finalizing ESMF
20220605 084159.898 INFO             PET3 !!!!!!!!!!!!!!!!!!!!!!!!!!!!!!!!!!!!!!!!!!!!!!!!!!!!!!
20220605 084159.898 INFO             PET3 !!! THE ESMF_LOG IS SET TO OUTPUT ALL LOG MESSAGES !!!
20220605 084159.898 INFO             PET3 !!!     THIS MAY CAUSE SLOWDOWN IN PERFORMANCE     !!!
20220605 084159.898 INFO             PET3 !!! FOR PRODUCTION RUNS, USE:                      !!!
20220605 084159.898 INFO             PET3 !!!                   ESMF_LOGKIND_Multi_On_Error  !!!
20220605 084159.898 INFO             PET3 !!!!!!!!!!!!!!!!!!!!!!!!!!!!!!!!!!!!!!!!!!!!!!!!!!!!!!
20220605 084159.898 INFO             PET3 Running with ESMF Version   : v8.3.0b17-1-g6ed324f6a2
20220605 084159.898 INFO             PET3 ESMF library build date/time: "Jun  5 2022" "08:18:46"
20220605 084159.898 INFO             PET3 ESMF library build location : /Volumes/esmf/esmf-testing/gfortran_11.2.0_openmpi_O_release_8.3.0
20220605 084159.898 INFO             PET3 ESMF_COMM                   : openmpi
20220605 084159.898 INFO             PET3 ESMF_MOAB                   : enabled
20220605 084159.898 INFO             PET3 ESMF_LAPACK                 : enabled
20220605 084159.898 INFO             PET3 ESMF_NETCDF                 : enabled
20220605 084159.898 INFO             PET3 ESMF_PNETCDF                : disabled
20220605 084159.898 INFO             PET3 ESMF_PIO                    : enabled
20220605 084159.898 INFO             PET3 ESMF_YAMLCPP                : enabled
20220605 084159.972 DEBUG            PET3 about to destroy Grid: 0x7fd878816a00
20220605 084159.977 DEBUG            PET3 about to destroy Grid: 0x7fd890076800
20220605 084159.993 INFO             PET3  NUMBER_OF_PROCESSORS           4
20220605 084159.993 INFO             PET3  PASS  Example ESMF_NUOPCAtmModelEx, ESMF_NUOPCAtmModelEx.F90, line 806
20220605 084159.993 INFO             PET3 Finalizing ESMF
