build time -- 2022-06-01 08:20:53
 localPET=           0  localDE=           0 : array(           1 ,           1 )=   0.0000000000000000     
 localPET=           0  localDE=           0 : array(           1 ,           2 )=   0.0000000000000000     
 localPET=           0  localDE=           0 : array(           2 ,           1 )=   4.2439916056456956E-314
 localPET=           0  localDE=           0 : array(           2 ,           2 )=   0.0000000000000000     
 localPET=           0  localDE=           0 : array(           3 ,           1 )=   0.0000000000000000     
 localPET=           0  localDE=           0 : array(           3 ,           2 )=   0.0000000000000000     
 localPET=           0  localDE=           1 : array(           1 ,           1 )=   0.0000000000000000     
 localPET=           0  localDE=           1 : array(           2 ,           1 )=   8.4879832873775007E-314
 localPET=           0  localDE=           1 : array(           3 ,           1 )=   4.2439915834127416E-314
 localPET=           1  localDE=           0 : array(           1 ,           1 )=   0.0000000000000000     
 localPET=           1  localDE=           0 : array(           1 ,           2 )=   4.2439915834127416E-314
 localPET=           1  localDE=           0 : array(           2 ,           1 )=   8.4879832053626035E-314
 localPET=           1  localDE=           0 : array(           2 ,           2 )=   0.0000000000000000     
 localPET=           1  localDE=           1 : array(           1 ,           1 )=   0.0000000000000000     
 localPET=           1  localDE=           1 : array(           2 ,           1 )=   5.2150197376558800E-310
 localPET=           2  localDE=           0 : array(           1 ,           1 )=   0.0000000000000000     
 localPET=           2  localDE=           0 : array(           1 ,           2 )=   0.0000000000000000     
 localPET=           2  localDE=           0 : array(           2 ,           1 )=   4.2439916886487241E-314
 localPET=           2  localDE=           0 : array(           2 ,           2 )=   0.0000000000000000     
 localPET=           2  localDE=           0 : array(           3 ,           1 )=   0.0000000000000000     
 localPET=           2  localDE=           0 : array(           3 ,           2 )=   0.0000000000000000     
 localPET=           3  localDE=           0 : array(           1 ,           1 )=   0.0000000000000000     
 localPET=           3  localDE=           0 : array(           1 ,           2 )=   4.2439915834127416E-314
 localPET=           3  localDE=           0 : array(           2 ,           1 )=   8.4879832187023759E-314
 localPET=           3  localDE=           0 : array(           2 ,           2 )=   5.2150172979029527E-310
 localPet:            2 DE            2  [           1           3 ]
 localPet:            3 DE            3  [           1           2 ]
 localPet:            1 DE            1  [           1           2 ]
 localPet:            1 DE            5  [           1           2 ]
 localPet:            0 DE            0  [           1           3 ]
 localPet:            0 DE            4  [           1           3 ]
  PASS  Example ESMF_ArrayEx, ESMF_ArrayEx.F90, line 1899
 PASS: ESMF_ArrayEx.F90
  PASS  Example ESMF_ArrayEx, ESMF_ArrayEx.F90, line 1899
 PASS: ESMF_ArrayEx.F90
  PASS  Example ESMF_ArrayEx, ESMF_ArrayEx.F90, line 1899
 PASS: ESMF_ArrayEx.F90
  PASS  Example ESMF_ArrayEx, ESMF_ArrayEx.F90, line 1899
 PASS: ESMF_ArrayEx.F90
