build time -- 2022-05-23 00:44:29
20220523 021846.825 INFO             PET0 !!!!!!!!!!!!!!!!!!!!!!!!!!!!!!!!!!!!!!!!!!!!!!!!!!!!!!
20220523 021846.825 INFO             PET0 !!! THE ESMF_LOG IS SET TO OUTPUT ALL LOG MESSAGES !!!
20220523 021846.825 INFO             PET0 !!!     THIS MAY CAUSE SLOWDOWN IN PERFORMANCE     !!!
20220523 021846.825 INFO             PET0 !!! FOR PRODUCTION RUNS, USE:                      !!!
20220523 021846.825 INFO             PET0 !!!                   ESMF_LOGKIND_Multi_On_Error  !!!
20220523 021846.825 INFO             PET0 !!!!!!!!!!!!!!!!!!!!!!!!!!!!!!!!!!!!!!!!!!!!!!!!!!!!!!
20220523 021846.825 INFO             PET0 Running with ESMF Version   : v8.3.0b16-3-gc2b47388e1
20220523 021846.825 INFO             PET0 ESMF library build date/time: "May 23 2022" "00:42:39"
20220523 021846.825 INFO             PET0 ESMF library build location : /lustre/f2/dev/ncep/Mark.Potts/gfortran_8.3.0_mpi_g_release_8.3.0
20220523 021846.825 INFO             PET0 ESMF_COMM                   : mpi
20220523 021846.826 INFO             PET0 ESMF_MOAB                   : enabled
20220523 021846.826 INFO             PET0 ESMF_LAPACK                 : enabled
20220523 021846.826 INFO             PET0 ESMF_NETCDF                 : enabled
20220523 021846.826 INFO             PET0 ESMF_PNETCDF                : disabled
20220523 021846.826 INFO             PET0 ESMF_PIO                    : enabled
20220523 021846.826 INFO             PET0 ESMF_YAMLCPP                : enabled
20220523 021847.126 INFO             PET0  NUMBER_OF_PROCESSORS           4
20220523 021847.126 INFO             PET0  PASS  Example ESMF_FieldBundleHaloEx, ESMF_FieldBundleHaloEx.F90, line 319
20220523 021847.126 INFO             PET0 Finalizing ESMF
20220523 021846.835 INFO             PET1 !!!!!!!!!!!!!!!!!!!!!!!!!!!!!!!!!!!!!!!!!!!!!!!!!!!!!!
20220523 021846.835 INFO             PET1 !!! THE ESMF_LOG IS SET TO OUTPUT ALL LOG MESSAGES !!!
20220523 021846.835 INFO             PET1 !!!     THIS MAY CAUSE SLOWDOWN IN PERFORMANCE     !!!
20220523 021846.835 INFO             PET1 !!! FOR PRODUCTION RUNS, USE:                      !!!
20220523 021846.835 INFO             PET1 !!!                   ESMF_LOGKIND_Multi_On_Error  !!!
20220523 021846.835 INFO             PET1 !!!!!!!!!!!!!!!!!!!!!!!!!!!!!!!!!!!!!!!!!!!!!!!!!!!!!!
20220523 021846.835 INFO             PET1 Running with ESMF Version   : v8.3.0b16-3-gc2b47388e1
20220523 021846.835 INFO             PET1 ESMF library build date/time: "May 23 2022" "00:42:39"
20220523 021846.835 INFO             PET1 ESMF library build location : /lustre/f2/dev/ncep/Mark.Potts/gfortran_8.3.0_mpi_g_release_8.3.0
20220523 021846.835 INFO             PET1 ESMF_COMM                   : mpi
20220523 021846.836 INFO             PET1 ESMF_MOAB                   : enabled
20220523 021846.836 INFO             PET1 ESMF_LAPACK                 : enabled
20220523 021846.836 INFO             PET1 ESMF_NETCDF                 : enabled
20220523 021846.836 INFO             PET1 ESMF_PNETCDF                : disabled
20220523 021846.836 INFO             PET1 ESMF_PIO                    : enabled
20220523 021846.836 INFO             PET1 ESMF_YAMLCPP                : enabled
20220523 021847.126 INFO             PET1  NUMBER_OF_PROCESSORS           4
20220523 021847.126 INFO             PET1  PASS  Example ESMF_FieldBundleHaloEx, ESMF_FieldBundleHaloEx.F90, line 319
20220523 021847.126 INFO             PET1 Finalizing ESMF
20220523 021846.818 INFO             PET2 !!!!!!!!!!!!!!!!!!!!!!!!!!!!!!!!!!!!!!!!!!!!!!!!!!!!!!
20220523 021846.818 INFO             PET2 !!! THE ESMF_LOG IS SET TO OUTPUT ALL LOG MESSAGES !!!
20220523 021846.818 INFO             PET2 !!!     THIS MAY CAUSE SLOWDOWN IN PERFORMANCE     !!!
20220523 021846.818 INFO             PET2 !!! FOR PRODUCTION RUNS, USE:                      !!!
20220523 021846.818 INFO             PET2 !!!                   ESMF_LOGKIND_Multi_On_Error  !!!
20220523 021846.818 INFO             PET2 !!!!!!!!!!!!!!!!!!!!!!!!!!!!!!!!!!!!!!!!!!!!!!!!!!!!!!
20220523 021846.818 INFO             PET2 Running with ESMF Version   : v8.3.0b16-3-gc2b47388e1
20220523 021846.818 INFO             PET2 ESMF library build date/time: "May 23 2022" "00:42:39"
20220523 021846.818 INFO             PET2 ESMF library build location : /lustre/f2/dev/ncep/Mark.Potts/gfortran_8.3.0_mpi_g_release_8.3.0
20220523 021846.818 INFO             PET2 ESMF_COMM                   : mpi
20220523 021846.819 INFO             PET2 ESMF_MOAB                   : enabled
20220523 021846.819 INFO             PET2 ESMF_LAPACK                 : enabled
20220523 021846.819 INFO             PET2 ESMF_NETCDF                 : enabled
20220523 021846.819 INFO             PET2 ESMF_PNETCDF                : disabled
20220523 021846.819 INFO             PET2 ESMF_PIO                    : enabled
20220523 021846.819 INFO             PET2 ESMF_YAMLCPP                : enabled
20220523 021847.126 INFO             PET2  NUMBER_OF_PROCESSORS           4
20220523 021847.126 INFO             PET2  PASS  Example ESMF_FieldBundleHaloEx, ESMF_FieldBundleHaloEx.F90, line 319
20220523 021847.126 INFO             PET2 Finalizing ESMF
20220523 021846.833 INFO             PET3 !!!!!!!!!!!!!!!!!!!!!!!!!!!!!!!!!!!!!!!!!!!!!!!!!!!!!!
20220523 021846.834 INFO             PET3 !!! THE ESMF_LOG IS SET TO OUTPUT ALL LOG MESSAGES !!!
20220523 021846.834 INFO             PET3 !!!     THIS MAY CAUSE SLOWDOWN IN PERFORMANCE     !!!
20220523 021846.834 INFO             PET3 !!! FOR PRODUCTION RUNS, USE:                      !!!
20220523 021846.834 INFO             PET3 !!!                   ESMF_LOGKIND_Multi_On_Error  !!!
20220523 021846.834 INFO             PET3 !!!!!!!!!!!!!!!!!!!!!!!!!!!!!!!!!!!!!!!!!!!!!!!!!!!!!!
20220523 021846.834 INFO             PET3 Running with ESMF Version   : v8.3.0b16-3-gc2b47388e1
20220523 021846.834 INFO             PET3 ESMF library build date/time: "May 23 2022" "00:42:39"
20220523 021846.834 INFO             PET3 ESMF library build location : /lustre/f2/dev/ncep/Mark.Potts/gfortran_8.3.0_mpi_g_release_8.3.0
20220523 021846.834 INFO             PET3 ESMF_COMM                   : mpi
20220523 021846.834 INFO             PET3 ESMF_MOAB                   : enabled
20220523 021846.834 INFO             PET3 ESMF_LAPACK                 : enabled
20220523 021846.834 INFO             PET3 ESMF_NETCDF                 : enabled
20220523 021846.834 INFO             PET3 ESMF_PNETCDF                : disabled
20220523 021846.834 INFO             PET3 ESMF_PIO                    : enabled
20220523 021846.834 INFO             PET3 ESMF_YAMLCPP                : enabled
20220523 021847.126 INFO             PET3  NUMBER_OF_PROCESSORS           4
20220523 021847.126 INFO             PET3  PASS  Example ESMF_FieldBundleHaloEx, ESMF_FieldBundleHaloEx.F90, line 319
20220523 021847.126 INFO             PET3 Finalizing ESMF
