build time -- 2022-05-21 00:39:03
20220521 021535.924 INFO             PET0 !!!!!!!!!!!!!!!!!!!!!!!!!!!!!!!!!!!!!!!!!!!!!!!!!!!!!!
20220521 021535.924 INFO             PET0 !!! THE ESMF_LOG IS SET TO OUTPUT ALL LOG MESSAGES !!!
20220521 021535.924 INFO             PET0 !!!     THIS MAY CAUSE SLOWDOWN IN PERFORMANCE     !!!
20220521 021535.924 INFO             PET0 !!! FOR PRODUCTION RUNS, USE:                      !!!
20220521 021535.924 INFO             PET0 !!!                   ESMF_LOGKIND_Multi_On_Error  !!!
20220521 021535.924 INFO             PET0 !!!!!!!!!!!!!!!!!!!!!!!!!!!!!!!!!!!!!!!!!!!!!!!!!!!!!!
20220521 021535.924 INFO             PET0 Running with ESMF Version   : v8.3.0b16-3-gc2b47388e1
20220521 021535.924 INFO             PET0 ESMF library build date/time: "May 21 2022" "00:37:11"
20220521 021535.924 INFO             PET0 ESMF library build location : /lustre/f2/dev/ncep/Mark.Potts/gfortran_8.3.0_mpi_g_release_8.3.0
20220521 021535.924 INFO             PET0 ESMF_COMM                   : mpi
20220521 021535.925 INFO             PET0 ESMF_MOAB                   : enabled
20220521 021535.925 INFO             PET0 ESMF_LAPACK                 : enabled
20220521 021535.925 INFO             PET0 ESMF_NETCDF                 : enabled
20220521 021535.925 INFO             PET0 ESMF_PNETCDF                : disabled
20220521 021535.925 INFO             PET0 ESMF_PIO                    : enabled
20220521 021535.925 INFO             PET0 ESMF_YAMLCPP                : enabled
20220521 021536.054 INFO             PET0  NUMBER_OF_PROCESSORS           4
20220521 021536.054 INFO             PET0  PASS  Example ESMF_RHandleDynamicMaskingEx, ESMF_RHandleDynamicMaskingEx.F90, line 1116
20220521 021536.054 INFO             PET0 Finalizing ESMF
20220521 021535.935 INFO             PET1 !!!!!!!!!!!!!!!!!!!!!!!!!!!!!!!!!!!!!!!!!!!!!!!!!!!!!!
20220521 021535.935 INFO             PET1 !!! THE ESMF_LOG IS SET TO OUTPUT ALL LOG MESSAGES !!!
20220521 021535.935 INFO             PET1 !!!     THIS MAY CAUSE SLOWDOWN IN PERFORMANCE     !!!
20220521 021535.935 INFO             PET1 !!! FOR PRODUCTION RUNS, USE:                      !!!
20220521 021535.935 INFO             PET1 !!!                   ESMF_LOGKIND_Multi_On_Error  !!!
20220521 021535.935 INFO             PET1 !!!!!!!!!!!!!!!!!!!!!!!!!!!!!!!!!!!!!!!!!!!!!!!!!!!!!!
20220521 021535.935 INFO             PET1 Running with ESMF Version   : v8.3.0b16-3-gc2b47388e1
20220521 021535.935 INFO             PET1 ESMF library build date/time: "May 21 2022" "00:37:11"
20220521 021535.935 INFO             PET1 ESMF library build location : /lustre/f2/dev/ncep/Mark.Potts/gfortran_8.3.0_mpi_g_release_8.3.0
20220521 021535.935 INFO             PET1 ESMF_COMM                   : mpi
20220521 021535.935 INFO             PET1 ESMF_MOAB                   : enabled
20220521 021535.935 INFO             PET1 ESMF_LAPACK                 : enabled
20220521 021535.935 INFO             PET1 ESMF_NETCDF                 : enabled
20220521 021535.935 INFO             PET1 ESMF_PNETCDF                : disabled
20220521 021535.935 INFO             PET1 ESMF_PIO                    : enabled
20220521 021535.935 INFO             PET1 ESMF_YAMLCPP                : enabled
20220521 021536.054 INFO             PET1  NUMBER_OF_PROCESSORS           4
20220521 021536.054 INFO             PET1  PASS  Example ESMF_RHandleDynamicMaskingEx, ESMF_RHandleDynamicMaskingEx.F90, line 1116
20220521 021536.054 INFO             PET1 Finalizing ESMF
20220521 021535.952 INFO             PET2 !!!!!!!!!!!!!!!!!!!!!!!!!!!!!!!!!!!!!!!!!!!!!!!!!!!!!!
20220521 021535.952 INFO             PET2 !!! THE ESMF_LOG IS SET TO OUTPUT ALL LOG MESSAGES !!!
20220521 021535.952 INFO             PET2 !!!     THIS MAY CAUSE SLOWDOWN IN PERFORMANCE     !!!
20220521 021535.952 INFO             PET2 !!! FOR PRODUCTION RUNS, USE:                      !!!
20220521 021535.952 INFO             PET2 !!!                   ESMF_LOGKIND_Multi_On_Error  !!!
20220521 021535.952 INFO             PET2 !!!!!!!!!!!!!!!!!!!!!!!!!!!!!!!!!!!!!!!!!!!!!!!!!!!!!!
20220521 021535.952 INFO             PET2 Running with ESMF Version   : v8.3.0b16-3-gc2b47388e1
20220521 021535.952 INFO             PET2 ESMF library build date/time: "May 21 2022" "00:37:11"
20220521 021535.952 INFO             PET2 ESMF library build location : /lustre/f2/dev/ncep/Mark.Potts/gfortran_8.3.0_mpi_g_release_8.3.0
20220521 021535.952 INFO             PET2 ESMF_COMM                   : mpi
20220521 021535.952 INFO             PET2 ESMF_MOAB                   : enabled
20220521 021535.952 INFO             PET2 ESMF_LAPACK                 : enabled
20220521 021535.952 INFO             PET2 ESMF_NETCDF                 : enabled
20220521 021535.952 INFO             PET2 ESMF_PNETCDF                : disabled
20220521 021535.952 INFO             PET2 ESMF_PIO                    : enabled
20220521 021535.952 INFO             PET2 ESMF_YAMLCPP                : enabled
20220521 021536.054 INFO             PET2  NUMBER_OF_PROCESSORS           4
20220521 021536.054 INFO             PET2  PASS  Example ESMF_RHandleDynamicMaskingEx, ESMF_RHandleDynamicMaskingEx.F90, line 1116
20220521 021536.054 INFO             PET2 Finalizing ESMF
20220521 021535.937 INFO             PET3 !!!!!!!!!!!!!!!!!!!!!!!!!!!!!!!!!!!!!!!!!!!!!!!!!!!!!!
20220521 021535.937 INFO             PET3 !!! THE ESMF_LOG IS SET TO OUTPUT ALL LOG MESSAGES !!!
20220521 021535.937 INFO             PET3 !!!     THIS MAY CAUSE SLOWDOWN IN PERFORMANCE     !!!
20220521 021535.937 INFO             PET3 !!! FOR PRODUCTION RUNS, USE:                      !!!
20220521 021535.937 INFO             PET3 !!!                   ESMF_LOGKIND_Multi_On_Error  !!!
20220521 021535.937 INFO             PET3 !!!!!!!!!!!!!!!!!!!!!!!!!!!!!!!!!!!!!!!!!!!!!!!!!!!!!!
20220521 021535.937 INFO             PET3 Running with ESMF Version   : v8.3.0b16-3-gc2b47388e1
20220521 021535.937 INFO             PET3 ESMF library build date/time: "May 21 2022" "00:37:11"
20220521 021535.937 INFO             PET3 ESMF library build location : /lustre/f2/dev/ncep/Mark.Potts/gfortran_8.3.0_mpi_g_release_8.3.0
20220521 021535.937 INFO             PET3 ESMF_COMM                   : mpi
20220521 021535.938 INFO             PET3 ESMF_MOAB                   : enabled
20220521 021535.938 INFO             PET3 ESMF_LAPACK                 : enabled
20220521 021535.938 INFO             PET3 ESMF_NETCDF                 : enabled
20220521 021535.938 INFO             PET3 ESMF_PNETCDF                : disabled
20220521 021535.938 INFO             PET3 ESMF_PIO                    : enabled
20220521 021535.938 INFO             PET3 ESMF_YAMLCPP                : enabled
20220521 021536.054 INFO             PET3  NUMBER_OF_PROCESSORS           4
20220521 021536.054 INFO             PET3  PASS  Example ESMF_RHandleDynamicMaskingEx, ESMF_RHandleDynamicMaskingEx.F90, line 1116
20220521 021536.054 INFO             PET3 Finalizing ESMF
