build time -- 2022-06-05 00:44:01
20220605 021821.076 INFO             PET0 !!!!!!!!!!!!!!!!!!!!!!!!!!!!!!!!!!!!!!!!!!!!!!!!!!!!!!
20220605 021821.076 INFO             PET0 !!! THE ESMF_LOG IS SET TO OUTPUT ALL LOG MESSAGES !!!
20220605 021821.076 INFO             PET0 !!!     THIS MAY CAUSE SLOWDOWN IN PERFORMANCE     !!!
20220605 021821.076 INFO             PET0 !!! FOR PRODUCTION RUNS, USE:                      !!!
20220605 021821.076 INFO             PET0 !!!                   ESMF_LOGKIND_Multi_On_Error  !!!
20220605 021821.076 INFO             PET0 !!!!!!!!!!!!!!!!!!!!!!!!!!!!!!!!!!!!!!!!!!!!!!!!!!!!!!
20220605 021821.076 INFO             PET0 Running with ESMF Version   : v8.3.0b17-1-g6ed324f6a2
20220605 021821.076 INFO             PET0 ESMF library build date/time: "Jun  5 2022" "00:42:02"
20220605 021821.076 INFO             PET0 ESMF library build location : /lustre/f2/dev/ncep/Mark.Potts/gfortran_8.3.0_mpi_g_release_8.3.0
20220605 021821.076 INFO             PET0 ESMF_COMM                   : mpi
20220605 021821.076 INFO             PET0 ESMF_MOAB                   : enabled
20220605 021821.076 INFO             PET0 ESMF_LAPACK                 : enabled
20220605 021821.076 INFO             PET0 ESMF_NETCDF                 : enabled
20220605 021821.076 INFO             PET0 ESMF_PNETCDF                : disabled
20220605 021821.076 INFO             PET0 ESMF_PIO                    : enabled
20220605 021821.076 INFO             PET0 ESMF_YAMLCPP                : enabled
20220605 021821.232 DEBUG            PET0 about to destroy Grid: 0x3507f40
20220605 021821.242 DEBUG            PET0 about to destroy Grid: 0x350a540
20220605 021821.268 INFO             PET0  NUMBER_OF_PROCESSORS           4
20220605 021821.268 INFO             PET0  PASS  Example ESMF_NUOPCAtmModelEx, ESMF_NUOPCAtmModelEx.F90, line 806
20220605 021821.268 INFO             PET0 Finalizing ESMF
20220605 021821.077 INFO             PET1 !!!!!!!!!!!!!!!!!!!!!!!!!!!!!!!!!!!!!!!!!!!!!!!!!!!!!!
20220605 021821.077 INFO             PET1 !!! THE ESMF_LOG IS SET TO OUTPUT ALL LOG MESSAGES !!!
20220605 021821.077 INFO             PET1 !!!     THIS MAY CAUSE SLOWDOWN IN PERFORMANCE     !!!
20220605 021821.077 INFO             PET1 !!! FOR PRODUCTION RUNS, USE:                      !!!
20220605 021821.077 INFO             PET1 !!!                   ESMF_LOGKIND_Multi_On_Error  !!!
20220605 021821.077 INFO             PET1 !!!!!!!!!!!!!!!!!!!!!!!!!!!!!!!!!!!!!!!!!!!!!!!!!!!!!!
20220605 021821.077 INFO             PET1 Running with ESMF Version   : v8.3.0b17-1-g6ed324f6a2
20220605 021821.077 INFO             PET1 ESMF library build date/time: "Jun  5 2022" "00:42:02"
20220605 021821.077 INFO             PET1 ESMF library build location : /lustre/f2/dev/ncep/Mark.Potts/gfortran_8.3.0_mpi_g_release_8.3.0
20220605 021821.077 INFO             PET1 ESMF_COMM                   : mpi
20220605 021821.077 INFO             PET1 ESMF_MOAB                   : enabled
20220605 021821.077 INFO             PET1 ESMF_LAPACK                 : enabled
20220605 021821.077 INFO             PET1 ESMF_NETCDF                 : enabled
20220605 021821.077 INFO             PET1 ESMF_PNETCDF                : disabled
20220605 021821.077 INFO             PET1 ESMF_PIO                    : enabled
20220605 021821.077 INFO             PET1 ESMF_YAMLCPP                : enabled
20220605 021821.232 DEBUG            PET1 about to destroy Grid: 0x3505520
20220605 021821.242 DEBUG            PET1 about to destroy Grid: 0x3507850
20220605 021821.268 INFO             PET1  NUMBER_OF_PROCESSORS           4
20220605 021821.268 INFO             PET1  PASS  Example ESMF_NUOPCAtmModelEx, ESMF_NUOPCAtmModelEx.F90, line 806
20220605 021821.268 INFO             PET1 Finalizing ESMF
20220605 021821.072 INFO             PET2 !!!!!!!!!!!!!!!!!!!!!!!!!!!!!!!!!!!!!!!!!!!!!!!!!!!!!!
20220605 021821.072 INFO             PET2 !!! THE ESMF_LOG IS SET TO OUTPUT ALL LOG MESSAGES !!!
20220605 021821.072 INFO             PET2 !!!     THIS MAY CAUSE SLOWDOWN IN PERFORMANCE     !!!
20220605 021821.072 INFO             PET2 !!! FOR PRODUCTION RUNS, USE:                      !!!
20220605 021821.072 INFO             PET2 !!!                   ESMF_LOGKIND_Multi_On_Error  !!!
20220605 021821.072 INFO             PET2 !!!!!!!!!!!!!!!!!!!!!!!!!!!!!!!!!!!!!!!!!!!!!!!!!!!!!!
20220605 021821.072 INFO             PET2 Running with ESMF Version   : v8.3.0b17-1-g6ed324f6a2
20220605 021821.072 INFO             PET2 ESMF library build date/time: "Jun  5 2022" "00:42:02"
20220605 021821.072 INFO             PET2 ESMF library build location : /lustre/f2/dev/ncep/Mark.Potts/gfortran_8.3.0_mpi_g_release_8.3.0
20220605 021821.072 INFO             PET2 ESMF_COMM                   : mpi
20220605 021821.073 INFO             PET2 ESMF_MOAB                   : enabled
20220605 021821.073 INFO             PET2 ESMF_LAPACK                 : enabled
20220605 021821.073 INFO             PET2 ESMF_NETCDF                 : enabled
20220605 021821.073 INFO             PET2 ESMF_PNETCDF                : disabled
20220605 021821.073 INFO             PET2 ESMF_PIO                    : enabled
20220605 021821.073 INFO             PET2 ESMF_YAMLCPP                : enabled
20220605 021821.232 DEBUG            PET2 about to destroy Grid: 0x3505850
20220605 021821.242 DEBUG            PET2 about to destroy Grid: 0x3507420
20220605 021821.268 INFO             PET2  NUMBER_OF_PROCESSORS           4
20220605 021821.268 INFO             PET2  PASS  Example ESMF_NUOPCAtmModelEx, ESMF_NUOPCAtmModelEx.F90, line 806
20220605 021821.268 INFO             PET2 Finalizing ESMF
20220605 021821.070 INFO             PET3 !!!!!!!!!!!!!!!!!!!!!!!!!!!!!!!!!!!!!!!!!!!!!!!!!!!!!!
20220605 021821.070 INFO             PET3 !!! THE ESMF_LOG IS SET TO OUTPUT ALL LOG MESSAGES !!!
20220605 021821.070 INFO             PET3 !!!     THIS MAY CAUSE SLOWDOWN IN PERFORMANCE     !!!
20220605 021821.070 INFO             PET3 !!! FOR PRODUCTION RUNS, USE:                      !!!
20220605 021821.070 INFO             PET3 !!!                   ESMF_LOGKIND_Multi_On_Error  !!!
20220605 021821.070 INFO             PET3 !!!!!!!!!!!!!!!!!!!!!!!!!!!!!!!!!!!!!!!!!!!!!!!!!!!!!!
20220605 021821.070 INFO             PET3 Running with ESMF Version   : v8.3.0b17-1-g6ed324f6a2
20220605 021821.070 INFO             PET3 ESMF library build date/time: "Jun  5 2022" "00:42:02"
20220605 021821.070 INFO             PET3 ESMF library build location : /lustre/f2/dev/ncep/Mark.Potts/gfortran_8.3.0_mpi_g_release_8.3.0
20220605 021821.070 INFO             PET3 ESMF_COMM                   : mpi
20220605 021821.070 INFO             PET3 ESMF_MOAB                   : enabled
20220605 021821.070 INFO             PET3 ESMF_LAPACK                 : enabled
20220605 021821.070 INFO             PET3 ESMF_NETCDF                 : enabled
20220605 021821.070 INFO             PET3 ESMF_PNETCDF                : disabled
20220605 021821.070 INFO             PET3 ESMF_PIO                    : enabled
20220605 021821.070 INFO             PET3 ESMF_YAMLCPP                : enabled
20220605 021821.232 DEBUG            PET3 about to destroy Grid: 0x3504bc0
20220605 021821.242 DEBUG            PET3 about to destroy Grid: 0x3506ef0
20220605 021821.268 INFO             PET3  NUMBER_OF_PROCESSORS           4
20220605 021821.268 INFO             PET3  PASS  Example ESMF_NUOPCAtmModelEx, ESMF_NUOPCAtmModelEx.F90, line 806
20220605 021821.268 INFO             PET3 Finalizing ESMF
