build time -- 2022-05-22 00:38:50
20220522 021409.412 INFO             PET0 !!!!!!!!!!!!!!!!!!!!!!!!!!!!!!!!!!!!!!!!!!!!!!!!!!!!!!
20220522 021409.412 INFO             PET0 !!! THE ESMF_LOG IS SET TO OUTPUT ALL LOG MESSAGES !!!
20220522 021409.412 INFO             PET0 !!!     THIS MAY CAUSE SLOWDOWN IN PERFORMANCE     !!!
20220522 021409.413 INFO             PET0 !!! FOR PRODUCTION RUNS, USE:                      !!!
20220522 021409.413 INFO             PET0 !!!                   ESMF_LOGKIND_Multi_On_Error  !!!
20220522 021409.413 INFO             PET0 !!!!!!!!!!!!!!!!!!!!!!!!!!!!!!!!!!!!!!!!!!!!!!!!!!!!!!
20220522 021409.413 INFO             PET0 Running with ESMF Version   : v8.3.0b16-3-gc2b47388e1
20220522 021409.413 INFO             PET0 ESMF library build date/time: "May 22 2022" "00:37:02"
20220522 021409.413 INFO             PET0 ESMF library build location : /lustre/f2/dev/ncep/Mark.Potts/gfortran_8.3.0_mpi_g_release_8.3.0
20220522 021409.413 INFO             PET0 ESMF_COMM                   : mpi
20220522 021409.414 INFO             PET0 ESMF_MOAB                   : enabled
20220522 021409.414 INFO             PET0 ESMF_LAPACK                 : enabled
20220522 021409.414 INFO             PET0 ESMF_NETCDF                 : enabled
20220522 021409.414 INFO             PET0 ESMF_PNETCDF                : disabled
20220522 021409.414 INFO             PET0 ESMF_PIO                    : enabled
20220522 021409.414 INFO             PET0 ESMF_YAMLCPP                : enabled
20220522 021409.497 INFO             PET0  NUMBER_OF_PROCESSORS           1
20220522 021409.498 INFO             PET0  PASS  Example ESMF_XGridSparseMatEx, ESMF_XGridSparseMatEx.F90, line 642
20220522 021409.498 INFO             PET0 Finalizing ESMF
