build time -- 2022-05-27 00:46:23
20220527 021705.994 INFO             PET0 !!!!!!!!!!!!!!!!!!!!!!!!!!!!!!!!!!!!!!!!!!!!!!!!!!!!!!
20220527 021705.994 INFO             PET0 !!! THE ESMF_LOG IS SET TO OUTPUT ALL LOG MESSAGES !!!
20220527 021705.994 INFO             PET0 !!!     THIS MAY CAUSE SLOWDOWN IN PERFORMANCE     !!!
20220527 021705.994 INFO             PET0 !!! FOR PRODUCTION RUNS, USE:                      !!!
20220527 021705.994 INFO             PET0 !!!                   ESMF_LOGKIND_Multi_On_Error  !!!
20220527 021705.994 INFO             PET0 !!!!!!!!!!!!!!!!!!!!!!!!!!!!!!!!!!!!!!!!!!!!!!!!!!!!!!
20220527 021705.994 INFO             PET0 Running with ESMF Version   : v8.3.0b16-3-gc2b47388e1
20220527 021705.995 INFO             PET0 ESMF library build date/time: "May 27 2022" "00:44:32"
20220527 021705.995 INFO             PET0 ESMF library build location : /lustre/f2/dev/ncep/Mark.Potts/gfortran_8.3.0_mpi_g_release_8.3.0
20220527 021705.995 INFO             PET0 ESMF_COMM                   : mpi
20220527 021705.995 INFO             PET0 ESMF_MOAB                   : enabled
20220527 021705.995 INFO             PET0 ESMF_LAPACK                 : enabled
20220527 021705.995 INFO             PET0 ESMF_NETCDF                 : enabled
20220527 021705.995 INFO             PET0 ESMF_PNETCDF                : disabled
20220527 021705.995 INFO             PET0 ESMF_PIO                    : enabled
20220527 021705.995 INFO             PET0 ESMF_YAMLCPP                : enabled
20220527 021706.003 INFO             PET0  NUMBER_OF_PROCESSORS           4
20220527 021706.003 INFO             PET0  PASS  Example ESMF_VMUserMpiCommMultiEx, ESMF_VMUserMpiCommMultiEx.F90, line 126
20220527 021706.003 INFO             PET0 Finalizing ESMF
20220527 021705.985 INFO             PET0 !!!!!!!!!!!!!!!!!!!!!!!!!!!!!!!!!!!!!!!!!!!!!!!!!!!!!!
20220527 021705.985 INFO             PET0 !!! THE ESMF_LOG IS SET TO OUTPUT ALL LOG MESSAGES !!!
20220527 021705.985 INFO             PET0 !!!     THIS MAY CAUSE SLOWDOWN IN PERFORMANCE     !!!
20220527 021705.985 INFO             PET0 !!! FOR PRODUCTION RUNS, USE:                      !!!
20220527 021705.985 INFO             PET0 !!!                   ESMF_LOGKIND_Multi_On_Error  !!!
20220527 021705.985 INFO             PET0 !!!!!!!!!!!!!!!!!!!!!!!!!!!!!!!!!!!!!!!!!!!!!!!!!!!!!!
20220527 021705.985 INFO             PET0 Running with ESMF Version   : v8.3.0b16-3-gc2b47388e1
20220527 021705.985 INFO             PET0 ESMF library build date/time: "May 27 2022" "00:44:32"
20220527 021705.985 INFO             PET0 ESMF library build location : /lustre/f2/dev/ncep/Mark.Potts/gfortran_8.3.0_mpi_g_release_8.3.0
20220527 021705.985 INFO             PET0 ESMF_COMM                   : mpi
20220527 021705.986 INFO             PET0 ESMF_MOAB                   : enabled
20220527 021705.986 INFO             PET0 ESMF_LAPACK                 : enabled
20220527 021705.986 INFO             PET0 ESMF_NETCDF                 : enabled
20220527 021705.986 INFO             PET0 ESMF_PNETCDF                : disabled
20220527 021705.986 INFO             PET0 ESMF_PIO                    : enabled
20220527 021705.986 INFO             PET0 ESMF_YAMLCPP                : enabled
20220527 021705.987 INFO             PET0  NUMBER_OF_PROCESSORS           4
20220527 021705.987 INFO             PET0  PASS  Example ESMF_VMUserMpiCommMultiEx, ESMF_VMUserMpiCommMultiEx.F90, line 154
20220527 021705.987 INFO             PET0 Finalizing ESMF
20220527 021706.003 INFO             PET1 !!!!!!!!!!!!!!!!!!!!!!!!!!!!!!!!!!!!!!!!!!!!!!!!!!!!!!
20220527 021706.003 INFO             PET1 !!! THE ESMF_LOG IS SET TO OUTPUT ALL LOG MESSAGES !!!
20220527 021706.003 INFO             PET1 !!!     THIS MAY CAUSE SLOWDOWN IN PERFORMANCE     !!!
20220527 021706.003 INFO             PET1 !!! FOR PRODUCTION RUNS, USE:                      !!!
20220527 021706.003 INFO             PET1 !!!                   ESMF_LOGKIND_Multi_On_Error  !!!
20220527 021706.003 INFO             PET1 !!!!!!!!!!!!!!!!!!!!!!!!!!!!!!!!!!!!!!!!!!!!!!!!!!!!!!
20220527 021706.003 INFO             PET1 Running with ESMF Version   : v8.3.0b16-3-gc2b47388e1
20220527 021706.003 INFO             PET1 ESMF library build date/time: "May 27 2022" "00:44:32"
20220527 021706.003 INFO             PET1 ESMF library build location : /lustre/f2/dev/ncep/Mark.Potts/gfortran_8.3.0_mpi_g_release_8.3.0
20220527 021706.003 INFO             PET1 ESMF_COMM                   : mpi
20220527 021706.003 INFO             PET1 ESMF_MOAB                   : enabled
20220527 021706.003 INFO             PET1 ESMF_LAPACK                 : enabled
20220527 021706.003 INFO             PET1 ESMF_NETCDF                 : enabled
20220527 021706.003 INFO             PET1 ESMF_PNETCDF                : disabled
20220527 021706.003 INFO             PET1 ESMF_PIO                    : enabled
20220527 021706.003 INFO             PET1 ESMF_YAMLCPP                : enabled
20220527 021706.003 INFO             PET1  NUMBER_OF_PROCESSORS           4
20220527 021706.003 INFO             PET1  PASS  Example ESMF_VMUserMpiCommMultiEx, ESMF_VMUserMpiCommMultiEx.F90, line 126
20220527 021706.004 INFO             PET1 Finalizing ESMF
20220527 021705.986 INFO             PET1 !!!!!!!!!!!!!!!!!!!!!!!!!!!!!!!!!!!!!!!!!!!!!!!!!!!!!!
20220527 021705.986 INFO             PET1 !!! THE ESMF_LOG IS SET TO OUTPUT ALL LOG MESSAGES !!!
20220527 021705.986 INFO             PET1 !!!     THIS MAY CAUSE SLOWDOWN IN PERFORMANCE     !!!
20220527 021705.986 INFO             PET1 !!! FOR PRODUCTION RUNS, USE:                      !!!
20220527 021705.986 INFO             PET1 !!!                   ESMF_LOGKIND_Multi_On_Error  !!!
20220527 021705.986 INFO             PET1 !!!!!!!!!!!!!!!!!!!!!!!!!!!!!!!!!!!!!!!!!!!!!!!!!!!!!!
20220527 021705.986 INFO             PET1 Running with ESMF Version   : v8.3.0b16-3-gc2b47388e1
20220527 021705.986 INFO             PET1 ESMF library build date/time: "May 27 2022" "00:44:32"
20220527 021705.986 INFO             PET1 ESMF library build location : /lustre/f2/dev/ncep/Mark.Potts/gfortran_8.3.0_mpi_g_release_8.3.0
20220527 021705.986 INFO             PET1 ESMF_COMM                   : mpi
20220527 021705.987 INFO             PET1 ESMF_MOAB                   : enabled
20220527 021705.987 INFO             PET1 ESMF_LAPACK                 : enabled
20220527 021705.987 INFO             PET1 ESMF_NETCDF                 : enabled
20220527 021705.987 INFO             PET1 ESMF_PNETCDF                : disabled
20220527 021705.987 INFO             PET1 ESMF_PIO                    : enabled
20220527 021705.987 INFO             PET1 ESMF_YAMLCPP                : enabled
20220527 021705.987 INFO             PET1  NUMBER_OF_PROCESSORS           4
20220527 021705.987 INFO             PET1  PASS  Example ESMF_VMUserMpiCommMultiEx, ESMF_VMUserMpiCommMultiEx.F90, line 154
20220527 021705.987 INFO             PET1 Finalizing ESMF
