build time -- 2022-05-27 00:46:23
20220527 021934.503 INFO             PET0 !!!!!!!!!!!!!!!!!!!!!!!!!!!!!!!!!!!!!!!!!!!!!!!!!!!!!!
20220527 021934.503 INFO             PET0 !!! THE ESMF_LOG IS SET TO OUTPUT ALL LOG MESSAGES !!!
20220527 021934.503 INFO             PET0 !!!     THIS MAY CAUSE SLOWDOWN IN PERFORMANCE     !!!
20220527 021934.503 INFO             PET0 !!! FOR PRODUCTION RUNS, USE:                      !!!
20220527 021934.503 INFO             PET0 !!!                   ESMF_LOGKIND_Multi_On_Error  !!!
20220527 021934.503 INFO             PET0 !!!!!!!!!!!!!!!!!!!!!!!!!!!!!!!!!!!!!!!!!!!!!!!!!!!!!!
20220527 021934.503 INFO             PET0 Running with ESMF Version   : v8.3.0b16-3-gc2b47388e1
20220527 021934.503 INFO             PET0 ESMF library build date/time: "May 27 2022" "00:44:32"
20220527 021934.503 INFO             PET0 ESMF library build location : /lustre/f2/dev/ncep/Mark.Potts/gfortran_8.3.0_mpi_g_release_8.3.0
20220527 021934.503 INFO             PET0 ESMF_COMM                   : mpi
20220527 021934.504 INFO             PET0 ESMF_MOAB                   : enabled
20220527 021934.504 INFO             PET0 ESMF_LAPACK                 : enabled
20220527 021934.504 INFO             PET0 ESMF_NETCDF                 : enabled
20220527 021934.504 INFO             PET0 ESMF_PNETCDF                : disabled
20220527 021934.504 INFO             PET0 ESMF_PIO                    : enabled
20220527 021934.504 INFO             PET0 ESMF_YAMLCPP                : enabled
20220527 021934.554 INFO             PET0 ESMF_FieldRedistStoreNF(): Just entered routine.
20220527 021934.561 INFO             PET0 ESMF_FieldRedistStoreNF(): Leaving routine.
20220527 021934.588 INFO             PET0 ESMF_FieldRedistStoreNF(): Just entered routine.
20220527 021934.589 INFO             PET0 ESMF_FieldRedistStoreNF(): Leaving routine.
20220527 021934.589 INFO             PET0 ESMF_FieldRedistStoreNF(): Just entered routine.
20220527 021934.590 INFO             PET0 ESMF_FieldRedistStoreNF(): Leaving routine.
20220527 021934.590 INFO             PET0  NUMBER_OF_PROCESSORS           4
20220527 021934.590 INFO             PET0  PASS  Example ESMF_FieldRedistEx, ESMF_FieldRedistEx.F90, line 521
20220527 021934.591 INFO             PET0 Finalizing ESMF
20220527 021934.512 INFO             PET1 !!!!!!!!!!!!!!!!!!!!!!!!!!!!!!!!!!!!!!!!!!!!!!!!!!!!!!
20220527 021934.512 INFO             PET1 !!! THE ESMF_LOG IS SET TO OUTPUT ALL LOG MESSAGES !!!
20220527 021934.512 INFO             PET1 !!!     THIS MAY CAUSE SLOWDOWN IN PERFORMANCE     !!!
20220527 021934.513 INFO             PET1 !!! FOR PRODUCTION RUNS, USE:                      !!!
20220527 021934.513 INFO             PET1 !!!                   ESMF_LOGKIND_Multi_On_Error  !!!
20220527 021934.513 INFO             PET1 !!!!!!!!!!!!!!!!!!!!!!!!!!!!!!!!!!!!!!!!!!!!!!!!!!!!!!
20220527 021934.513 INFO             PET1 Running with ESMF Version   : v8.3.0b16-3-gc2b47388e1
20220527 021934.513 INFO             PET1 ESMF library build date/time: "May 27 2022" "00:44:32"
20220527 021934.513 INFO             PET1 ESMF library build location : /lustre/f2/dev/ncep/Mark.Potts/gfortran_8.3.0_mpi_g_release_8.3.0
20220527 021934.513 INFO             PET1 ESMF_COMM                   : mpi
20220527 021934.513 INFO             PET1 ESMF_MOAB                   : enabled
20220527 021934.513 INFO             PET1 ESMF_LAPACK                 : enabled
20220527 021934.513 INFO             PET1 ESMF_NETCDF                 : enabled
20220527 021934.513 INFO             PET1 ESMF_PNETCDF                : disabled
20220527 021934.513 INFO             PET1 ESMF_PIO                    : enabled
20220527 021934.513 INFO             PET1 ESMF_YAMLCPP                : enabled
20220527 021934.554 INFO             PET1 ESMF_FieldRedistStoreNF(): Just entered routine.
20220527 021934.561 INFO             PET1 ESMF_FieldRedistStoreNF(): Leaving routine.
20220527 021934.588 INFO             PET1 ESMF_FieldRedistStoreNF(): Just entered routine.
20220527 021934.589 INFO             PET1 ESMF_FieldRedistStoreNF(): Leaving routine.
20220527 021934.589 INFO             PET1 ESMF_FieldRedistStoreNF(): Just entered routine.
20220527 021934.590 INFO             PET1 ESMF_FieldRedistStoreNF(): Leaving routine.
20220527 021934.590 INFO             PET1  NUMBER_OF_PROCESSORS           4
20220527 021934.590 INFO             PET1  PASS  Example ESMF_FieldRedistEx, ESMF_FieldRedistEx.F90, line 521
20220527 021934.591 INFO             PET1 Finalizing ESMF
20220527 021934.487 INFO             PET2 !!!!!!!!!!!!!!!!!!!!!!!!!!!!!!!!!!!!!!!!!!!!!!!!!!!!!!
20220527 021934.487 INFO             PET2 !!! THE ESMF_LOG IS SET TO OUTPUT ALL LOG MESSAGES !!!
20220527 021934.487 INFO             PET2 !!!     THIS MAY CAUSE SLOWDOWN IN PERFORMANCE     !!!
20220527 021934.487 INFO             PET2 !!! FOR PRODUCTION RUNS, USE:                      !!!
20220527 021934.487 INFO             PET2 !!!                   ESMF_LOGKIND_Multi_On_Error  !!!
20220527 021934.487 INFO             PET2 !!!!!!!!!!!!!!!!!!!!!!!!!!!!!!!!!!!!!!!!!!!!!!!!!!!!!!
20220527 021934.487 INFO             PET2 Running with ESMF Version   : v8.3.0b16-3-gc2b47388e1
20220527 021934.488 INFO             PET2 ESMF library build date/time: "May 27 2022" "00:44:32"
20220527 021934.488 INFO             PET2 ESMF library build location : /lustre/f2/dev/ncep/Mark.Potts/gfortran_8.3.0_mpi_g_release_8.3.0
20220527 021934.488 INFO             PET2 ESMF_COMM                   : mpi
20220527 021934.489 INFO             PET2 ESMF_MOAB                   : enabled
20220527 021934.489 INFO             PET2 ESMF_LAPACK                 : enabled
20220527 021934.489 INFO             PET2 ESMF_NETCDF                 : enabled
20220527 021934.489 INFO             PET2 ESMF_PNETCDF                : disabled
20220527 021934.489 INFO             PET2 ESMF_PIO                    : enabled
20220527 021934.489 INFO             PET2 ESMF_YAMLCPP                : enabled
20220527 021934.554 INFO             PET2 ESMF_FieldRedistStoreNF(): Just entered routine.
20220527 021934.561 INFO             PET2 ESMF_FieldRedistStoreNF(): Leaving routine.
20220527 021934.588 INFO             PET2 ESMF_FieldRedistStoreNF(): Just entered routine.
20220527 021934.589 INFO             PET2 ESMF_FieldRedistStoreNF(): Leaving routine.
20220527 021934.589 INFO             PET2 ESMF_FieldRedistStoreNF(): Just entered routine.
20220527 021934.590 INFO             PET2 ESMF_FieldRedistStoreNF(): Leaving routine.
20220527 021934.590 INFO             PET2  NUMBER_OF_PROCESSORS           4
20220527 021934.590 INFO             PET2  PASS  Example ESMF_FieldRedistEx, ESMF_FieldRedistEx.F90, line 521
20220527 021934.590 INFO             PET2 Finalizing ESMF
20220527 021934.487 INFO             PET3 !!!!!!!!!!!!!!!!!!!!!!!!!!!!!!!!!!!!!!!!!!!!!!!!!!!!!!
20220527 021934.487 INFO             PET3 !!! THE ESMF_LOG IS SET TO OUTPUT ALL LOG MESSAGES !!!
20220527 021934.487 INFO             PET3 !!!     THIS MAY CAUSE SLOWDOWN IN PERFORMANCE     !!!
20220527 021934.487 INFO             PET3 !!! FOR PRODUCTION RUNS, USE:                      !!!
20220527 021934.487 INFO             PET3 !!!                   ESMF_LOGKIND_Multi_On_Error  !!!
20220527 021934.487 INFO             PET3 !!!!!!!!!!!!!!!!!!!!!!!!!!!!!!!!!!!!!!!!!!!!!!!!!!!!!!
20220527 021934.487 INFO             PET3 Running with ESMF Version   : v8.3.0b16-3-gc2b47388e1
20220527 021934.488 INFO             PET3 ESMF library build date/time: "May 27 2022" "00:44:32"
20220527 021934.488 INFO             PET3 ESMF library build location : /lustre/f2/dev/ncep/Mark.Potts/gfortran_8.3.0_mpi_g_release_8.3.0
20220527 021934.488 INFO             PET3 ESMF_COMM                   : mpi
20220527 021934.488 INFO             PET3 ESMF_MOAB                   : enabled
20220527 021934.488 INFO             PET3 ESMF_LAPACK                 : enabled
20220527 021934.489 INFO             PET3 ESMF_NETCDF                 : enabled
20220527 021934.489 INFO             PET3 ESMF_PNETCDF                : disabled
20220527 021934.489 INFO             PET3 ESMF_PIO                    : enabled
20220527 021934.489 INFO             PET3 ESMF_YAMLCPP                : enabled
20220527 021934.554 INFO             PET3 ESMF_FieldRedistStoreNF(): Just entered routine.
20220527 021934.561 INFO             PET3 ESMF_FieldRedistStoreNF(): Leaving routine.
20220527 021934.588 INFO             PET3 ESMF_FieldRedistStoreNF(): Just entered routine.
20220527 021934.589 INFO             PET3 ESMF_FieldRedistStoreNF(): Leaving routine.
20220527 021934.589 INFO             PET3 ESMF_FieldRedistStoreNF(): Just entered routine.
20220527 021934.590 INFO             PET3 ESMF_FieldRedistStoreNF(): Leaving routine.
20220527 021934.590 INFO             PET3  NUMBER_OF_PROCESSORS           4
20220527 021934.590 INFO             PET3  PASS  Example ESMF_FieldRedistEx, ESMF_FieldRedistEx.F90, line 521
20220527 021934.591 INFO             PET3 Finalizing ESMF
