build time -- 2022-05-26 00:54:29
20220526 022903.468 INFO             PET0 !!!!!!!!!!!!!!!!!!!!!!!!!!!!!!!!!!!!!!!!!!!!!!!!!!!!!!
20220526 022903.468 INFO             PET0 !!! THE ESMF_LOG IS SET TO OUTPUT ALL LOG MESSAGES !!!
20220526 022903.468 INFO             PET0 !!!     THIS MAY CAUSE SLOWDOWN IN PERFORMANCE     !!!
20220526 022903.468 INFO             PET0 !!! FOR PRODUCTION RUNS, USE:                      !!!
20220526 022903.468 INFO             PET0 !!!                   ESMF_LOGKIND_Multi_On_Error  !!!
20220526 022903.468 INFO             PET0 !!!!!!!!!!!!!!!!!!!!!!!!!!!!!!!!!!!!!!!!!!!!!!!!!!!!!!
20220526 022903.468 INFO             PET0 Running with ESMF Version   : v8.3.0b16-3-gc2b47388e1
20220526 022903.468 INFO             PET0 ESMF library build date/time: "May 26 2022" "00:52:29"
20220526 022903.468 INFO             PET0 ESMF library build location : /lustre/f2/dev/ncep/Mark.Potts/gfortran_8.3.0_mpi_g_release_8.3.0
20220526 022903.468 INFO             PET0 ESMF_COMM                   : mpi
20220526 022903.468 INFO             PET0 ESMF_MOAB                   : enabled
20220526 022903.468 INFO             PET0 ESMF_LAPACK                 : enabled
20220526 022903.468 INFO             PET0 ESMF_NETCDF                 : enabled
20220526 022903.468 INFO             PET0 ESMF_PNETCDF                : disabled
20220526 022903.468 INFO             PET0 ESMF_PIO                    : enabled
20220526 022903.468 INFO             PET0 ESMF_YAMLCPP                : enabled
20220526 022903.472 INFO             PET0 ESMF_FieldRedistStoreNF(): Just entered routine.
20220526 022903.671 INFO             PET0 ESMF_FieldRedistStoreNF(): Leaving routine.
20220526 022903.700 INFO             PET0  NUMBER_OF_PROCESSORS           4
20220526 022903.700 INFO             PET0  PASS  Example ESMF_RHandleFromFileEx, ESMF_RHandleFromFileEx.F90, line 192
20220526 022903.700 INFO             PET0 Finalizing ESMF
20220526 022903.427 INFO             PET1 !!!!!!!!!!!!!!!!!!!!!!!!!!!!!!!!!!!!!!!!!!!!!!!!!!!!!!
20220526 022903.427 INFO             PET1 !!! THE ESMF_LOG IS SET TO OUTPUT ALL LOG MESSAGES !!!
20220526 022903.427 INFO             PET1 !!!     THIS MAY CAUSE SLOWDOWN IN PERFORMANCE     !!!
20220526 022903.427 INFO             PET1 !!! FOR PRODUCTION RUNS, USE:                      !!!
20220526 022903.427 INFO             PET1 !!!                   ESMF_LOGKIND_Multi_On_Error  !!!
20220526 022903.427 INFO             PET1 !!!!!!!!!!!!!!!!!!!!!!!!!!!!!!!!!!!!!!!!!!!!!!!!!!!!!!
20220526 022903.427 INFO             PET1 Running with ESMF Version   : v8.3.0b16-3-gc2b47388e1
20220526 022903.427 INFO             PET1 ESMF library build date/time: "May 26 2022" "00:52:29"
20220526 022903.427 INFO             PET1 ESMF library build location : /lustre/f2/dev/ncep/Mark.Potts/gfortran_8.3.0_mpi_g_release_8.3.0
20220526 022903.427 INFO             PET1 ESMF_COMM                   : mpi
20220526 022903.427 INFO             PET1 ESMF_MOAB                   : enabled
20220526 022903.427 INFO             PET1 ESMF_LAPACK                 : enabled
20220526 022903.427 INFO             PET1 ESMF_NETCDF                 : enabled
20220526 022903.427 INFO             PET1 ESMF_PNETCDF                : disabled
20220526 022903.427 INFO             PET1 ESMF_PIO                    : enabled
20220526 022903.427 INFO             PET1 ESMF_YAMLCPP                : enabled
20220526 022903.471 INFO             PET1 ESMF_FieldRedistStoreNF(): Just entered routine.
20220526 022903.671 INFO             PET1 ESMF_FieldRedistStoreNF(): Leaving routine.
20220526 022903.700 INFO             PET1  NUMBER_OF_PROCESSORS           4
20220526 022903.700 INFO             PET1  PASS  Example ESMF_RHandleFromFileEx, ESMF_RHandleFromFileEx.F90, line 192
20220526 022903.700 INFO             PET1 Finalizing ESMF
20220526 022903.442 INFO             PET2 !!!!!!!!!!!!!!!!!!!!!!!!!!!!!!!!!!!!!!!!!!!!!!!!!!!!!!
20220526 022903.442 INFO             PET2 !!! THE ESMF_LOG IS SET TO OUTPUT ALL LOG MESSAGES !!!
20220526 022903.442 INFO             PET2 !!!     THIS MAY CAUSE SLOWDOWN IN PERFORMANCE     !!!
20220526 022903.442 INFO             PET2 !!! FOR PRODUCTION RUNS, USE:                      !!!
20220526 022903.442 INFO             PET2 !!!                   ESMF_LOGKIND_Multi_On_Error  !!!
20220526 022903.442 INFO             PET2 !!!!!!!!!!!!!!!!!!!!!!!!!!!!!!!!!!!!!!!!!!!!!!!!!!!!!!
20220526 022903.442 INFO             PET2 Running with ESMF Version   : v8.3.0b16-3-gc2b47388e1
20220526 022903.442 INFO             PET2 ESMF library build date/time: "May 26 2022" "00:52:29"
20220526 022903.442 INFO             PET2 ESMF library build location : /lustre/f2/dev/ncep/Mark.Potts/gfortran_8.3.0_mpi_g_release_8.3.0
20220526 022903.442 INFO             PET2 ESMF_COMM                   : mpi
20220526 022903.442 INFO             PET2 ESMF_MOAB                   : enabled
20220526 022903.442 INFO             PET2 ESMF_LAPACK                 : enabled
20220526 022903.442 INFO             PET2 ESMF_NETCDF                 : enabled
20220526 022903.442 INFO             PET2 ESMF_PNETCDF                : disabled
20220526 022903.442 INFO             PET2 ESMF_PIO                    : enabled
20220526 022903.442 INFO             PET2 ESMF_YAMLCPP                : enabled
20220526 022903.471 INFO             PET2 ESMF_FieldRedistStoreNF(): Just entered routine.
20220526 022903.671 INFO             PET2 ESMF_FieldRedistStoreNF(): Leaving routine.
20220526 022903.700 INFO             PET2  NUMBER_OF_PROCESSORS           4
20220526 022903.700 INFO             PET2  PASS  Example ESMF_RHandleFromFileEx, ESMF_RHandleFromFileEx.F90, line 192
20220526 022903.700 INFO             PET2 Finalizing ESMF
20220526 022903.434 INFO             PET3 !!!!!!!!!!!!!!!!!!!!!!!!!!!!!!!!!!!!!!!!!!!!!!!!!!!!!!
20220526 022903.434 INFO             PET3 !!! THE ESMF_LOG IS SET TO OUTPUT ALL LOG MESSAGES !!!
20220526 022903.434 INFO             PET3 !!!     THIS MAY CAUSE SLOWDOWN IN PERFORMANCE     !!!
20220526 022903.434 INFO             PET3 !!! FOR PRODUCTION RUNS, USE:                      !!!
20220526 022903.434 INFO             PET3 !!!                   ESMF_LOGKIND_Multi_On_Error  !!!
20220526 022903.434 INFO             PET3 !!!!!!!!!!!!!!!!!!!!!!!!!!!!!!!!!!!!!!!!!!!!!!!!!!!!!!
20220526 022903.434 INFO             PET3 Running with ESMF Version   : v8.3.0b16-3-gc2b47388e1
20220526 022903.434 INFO             PET3 ESMF library build date/time: "May 26 2022" "00:52:29"
20220526 022903.434 INFO             PET3 ESMF library build location : /lustre/f2/dev/ncep/Mark.Potts/gfortran_8.3.0_mpi_g_release_8.3.0
20220526 022903.434 INFO             PET3 ESMF_COMM                   : mpi
20220526 022903.435 INFO             PET3 ESMF_MOAB                   : enabled
20220526 022903.435 INFO             PET3 ESMF_LAPACK                 : enabled
20220526 022903.435 INFO             PET3 ESMF_NETCDF                 : enabled
20220526 022903.435 INFO             PET3 ESMF_PNETCDF                : disabled
20220526 022903.435 INFO             PET3 ESMF_PIO                    : enabled
20220526 022903.435 INFO             PET3 ESMF_YAMLCPP                : enabled
20220526 022903.472 INFO             PET3 ESMF_FieldRedistStoreNF(): Just entered routine.
20220526 022903.671 INFO             PET3 ESMF_FieldRedistStoreNF(): Leaving routine.
20220526 022903.700 INFO             PET3  NUMBER_OF_PROCESSORS           4
20220526 022903.700 INFO             PET3  PASS  Example ESMF_RHandleFromFileEx, ESMF_RHandleFromFileEx.F90, line 192
20220526 022903.700 INFO             PET3 Finalizing ESMF
