build time -- 2022-06-02 00:54:32
20220602 033616.327 INFO             PET0 !!!!!!!!!!!!!!!!!!!!!!!!!!!!!!!!!!!!!!!!!!!!!!!!!!!!!!
20220602 033616.327 INFO             PET0 !!! THE ESMF_LOG IS SET TO OUTPUT ALL LOG MESSAGES !!!
20220602 033616.327 INFO             PET0 !!!     THIS MAY CAUSE SLOWDOWN IN PERFORMANCE     !!!
20220602 033616.327 INFO             PET0 !!! FOR PRODUCTION RUNS, USE:                      !!!
20220602 033616.327 INFO             PET0 !!!                   ESMF_LOGKIND_Multi_On_Error  !!!
20220602 033616.327 INFO             PET0 !!!!!!!!!!!!!!!!!!!!!!!!!!!!!!!!!!!!!!!!!!!!!!!!!!!!!!
20220602 033616.327 INFO             PET0 Running with ESMF Version   : v8.3.0b16-4-g64dc951248
20220602 033616.327 INFO             PET0 ESMF library build date/time: "Jun  2 2022" "00:52:29"
20220602 033616.327 INFO             PET0 ESMF library build location : /lustre/f2/dev/ncep/Mark.Potts/gfortran_8.3.0_mpi_g_release_8.3.0
20220602 033616.327 INFO             PET0 ESMF_COMM                   : mpi
20220602 033616.328 INFO             PET0 ESMF_MOAB                   : enabled
20220602 033616.328 INFO             PET0 ESMF_LAPACK                 : enabled
20220602 033616.328 INFO             PET0 ESMF_NETCDF                 : enabled
20220602 033616.328 INFO             PET0 ESMF_PNETCDF                : disabled
20220602 033616.328 INFO             PET0 ESMF_PIO                    : enabled
20220602 033616.328 INFO             PET0 ESMF_YAMLCPP                : enabled
20220602 033616.328 INFO             PET0 ESMF Tracing Enabled
20220602 033616.328 INFO             PET0 ESMF Profiling Enabled
20220602 033616.328 INFO             PET0 ESMF Trace/Profile clock: REALTIME
20220602 033616.346 WARNING          PET0 ESMF Tracing/Profiling could not load dynamic instrumentation functions.
20220602 033616.407 INFO             PET0  NUMBER_OF_PROCESSORS           4
20220602 033616.407 INFO             PET0  PASS  Example ESMF_TraceEx, ESMF_TraceEx.F90, line 178
20220602 033616.407 INFO             PET0 Finalizing ESMF
20220602 033616.407 INFO             PET0 **************** Region Timings *******************
20220602 033616.407 INFO             PET0 Region              Count  Total (s)   Self (s)    Mean (s)    Min (s)     Max (s)
20220602 033616.407 INFO             PET0   [test] Run 1      5      0.0000      0.0000      0.0000      0.0000      0.0000
20220602 033616.407 INFO             PET0   [test] Init 1     1      0.0000      0.0000      0.0000      0.0000      0.0000
20220602 033616.407 INFO             PET0   [test] Final 1    1      0.0000      0.0000      0.0000      0.0000      0.0000
20220602 033616.317 INFO             PET1 !!!!!!!!!!!!!!!!!!!!!!!!!!!!!!!!!!!!!!!!!!!!!!!!!!!!!!
20220602 033616.317 INFO             PET1 !!! THE ESMF_LOG IS SET TO OUTPUT ALL LOG MESSAGES !!!
20220602 033616.317 INFO             PET1 !!!     THIS MAY CAUSE SLOWDOWN IN PERFORMANCE     !!!
20220602 033616.317 INFO             PET1 !!! FOR PRODUCTION RUNS, USE:                      !!!
20220602 033616.317 INFO             PET1 !!!                   ESMF_LOGKIND_Multi_On_Error  !!!
20220602 033616.317 INFO             PET1 !!!!!!!!!!!!!!!!!!!!!!!!!!!!!!!!!!!!!!!!!!!!!!!!!!!!!!
20220602 033616.317 INFO             PET1 Running with ESMF Version   : v8.3.0b16-4-g64dc951248
20220602 033616.317 INFO             PET1 ESMF library build date/time: "Jun  2 2022" "00:52:29"
20220602 033616.317 INFO             PET1 ESMF library build location : /lustre/f2/dev/ncep/Mark.Potts/gfortran_8.3.0_mpi_g_release_8.3.0
20220602 033616.317 INFO             PET1 ESMF_COMM                   : mpi
20220602 033616.318 INFO             PET1 ESMF_MOAB                   : enabled
20220602 033616.318 INFO             PET1 ESMF_LAPACK                 : enabled
20220602 033616.318 INFO             PET1 ESMF_NETCDF                 : enabled
20220602 033616.318 INFO             PET1 ESMF_PNETCDF                : disabled
20220602 033616.318 INFO             PET1 ESMF_PIO                    : enabled
20220602 033616.318 INFO             PET1 ESMF_YAMLCPP                : enabled
20220602 033616.318 INFO             PET1 ESMF Tracing Enabled
20220602 033616.318 INFO             PET1 ESMF Profiling Enabled
20220602 033616.318 INFO             PET1 ESMF Trace/Profile clock: REALTIME
20220602 033616.332 WARNING          PET1 ESMF Tracing/Profiling could not load dynamic instrumentation functions.
20220602 033616.411 INFO             PET1  NUMBER_OF_PROCESSORS           4
20220602 033616.411 INFO             PET1  PASS  Example ESMF_TraceEx, ESMF_TraceEx.F90, line 178
20220602 033616.411 INFO             PET1 Finalizing ESMF
20220602 033616.411 INFO             PET1 **************** Region Timings *******************
20220602 033616.411 INFO             PET1 Region              Count  Total (s)   Self (s)    Mean (s)    Min (s)     Max (s)
20220602 033616.411 INFO             PET1   [test] Run 1      5      0.0000      0.0000      0.0000      0.0000      0.0000
20220602 033616.411 INFO             PET1   [test] Init 1     1      0.0000      0.0000      0.0000      0.0000      0.0000
20220602 033616.411 INFO             PET1   [test] Final 1    1      0.0000      0.0000      0.0000      0.0000      0.0000
20220602 033616.329 INFO             PET2 !!!!!!!!!!!!!!!!!!!!!!!!!!!!!!!!!!!!!!!!!!!!!!!!!!!!!!
20220602 033616.329 INFO             PET2 !!! THE ESMF_LOG IS SET TO OUTPUT ALL LOG MESSAGES !!!
20220602 033616.329 INFO             PET2 !!!     THIS MAY CAUSE SLOWDOWN IN PERFORMANCE     !!!
20220602 033616.329 INFO             PET2 !!! FOR PRODUCTION RUNS, USE:                      !!!
20220602 033616.329 INFO             PET2 !!!                   ESMF_LOGKIND_Multi_On_Error  !!!
20220602 033616.329 INFO             PET2 !!!!!!!!!!!!!!!!!!!!!!!!!!!!!!!!!!!!!!!!!!!!!!!!!!!!!!
20220602 033616.329 INFO             PET2 Running with ESMF Version   : v8.3.0b16-4-g64dc951248
20220602 033616.329 INFO             PET2 ESMF library build date/time: "Jun  2 2022" "00:52:29"
20220602 033616.329 INFO             PET2 ESMF library build location : /lustre/f2/dev/ncep/Mark.Potts/gfortran_8.3.0_mpi_g_release_8.3.0
20220602 033616.329 INFO             PET2 ESMF_COMM                   : mpi
20220602 033616.330 INFO             PET2 ESMF_MOAB                   : enabled
20220602 033616.330 INFO             PET2 ESMF_LAPACK                 : enabled
20220602 033616.330 INFO             PET2 ESMF_NETCDF                 : enabled
20220602 033616.330 INFO             PET2 ESMF_PNETCDF                : disabled
20220602 033616.330 INFO             PET2 ESMF_PIO                    : enabled
20220602 033616.330 INFO             PET2 ESMF_YAMLCPP                : enabled
20220602 033616.330 INFO             PET2 ESMF Tracing Enabled
20220602 033616.330 INFO             PET2 ESMF Profiling Enabled
20220602 033616.330 INFO             PET2 ESMF Trace/Profile clock: REALTIME
20220602 033616.331 WARNING          PET2 ESMF Tracing/Profiling could not load dynamic instrumentation functions.
20220602 033616.407 INFO             PET2  NUMBER_OF_PROCESSORS           4
20220602 033616.407 INFO             PET2  PASS  Example ESMF_TraceEx, ESMF_TraceEx.F90, line 178
20220602 033616.407 INFO             PET2 Finalizing ESMF
20220602 033616.407 INFO             PET2 **************** Region Timings *******************
20220602 033616.407 INFO             PET2 Region              Count  Total (s)   Self (s)    Mean (s)    Min (s)     Max (s)
20220602 033616.407 INFO             PET2   [test] Run 1      5      0.0000      0.0000      0.0000      0.0000      0.0000
20220602 033616.407 INFO             PET2   [test] Init 1     1      0.0000      0.0000      0.0000      0.0000      0.0000
20220602 033616.407 INFO             PET2   [test] Final 1    1      0.0000      0.0000      0.0000      0.0000      0.0000
20220602 033616.324 INFO             PET3 !!!!!!!!!!!!!!!!!!!!!!!!!!!!!!!!!!!!!!!!!!!!!!!!!!!!!!
20220602 033616.324 INFO             PET3 !!! THE ESMF_LOG IS SET TO OUTPUT ALL LOG MESSAGES !!!
20220602 033616.324 INFO             PET3 !!!     THIS MAY CAUSE SLOWDOWN IN PERFORMANCE     !!!
20220602 033616.324 INFO             PET3 !!! FOR PRODUCTION RUNS, USE:                      !!!
20220602 033616.324 INFO             PET3 !!!                   ESMF_LOGKIND_Multi_On_Error  !!!
20220602 033616.324 INFO             PET3 !!!!!!!!!!!!!!!!!!!!!!!!!!!!!!!!!!!!!!!!!!!!!!!!!!!!!!
20220602 033616.324 INFO             PET3 Running with ESMF Version   : v8.3.0b16-4-g64dc951248
20220602 033616.324 INFO             PET3 ESMF library build date/time: "Jun  2 2022" "00:52:29"
20220602 033616.324 INFO             PET3 ESMF library build location : /lustre/f2/dev/ncep/Mark.Potts/gfortran_8.3.0_mpi_g_release_8.3.0
20220602 033616.324 INFO             PET3 ESMF_COMM                   : mpi
20220602 033616.326 INFO             PET3 ESMF_MOAB                   : enabled
20220602 033616.326 INFO             PET3 ESMF_LAPACK                 : enabled
20220602 033616.326 INFO             PET3 ESMF_NETCDF                 : enabled
20220602 033616.326 INFO             PET3 ESMF_PNETCDF                : disabled
20220602 033616.326 INFO             PET3 ESMF_PIO                    : enabled
20220602 033616.326 INFO             PET3 ESMF_YAMLCPP                : enabled
20220602 033616.326 INFO             PET3 ESMF Tracing Enabled
20220602 033616.326 INFO             PET3 ESMF Profiling Enabled
20220602 033616.326 INFO             PET3 ESMF Trace/Profile clock: REALTIME
20220602 033616.332 WARNING          PET3 ESMF Tracing/Profiling could not load dynamic instrumentation functions.
20220602 033616.411 INFO             PET3  NUMBER_OF_PROCESSORS           4
20220602 033616.411 INFO             PET3  PASS  Example ESMF_TraceEx, ESMF_TraceEx.F90, line 178
20220602 033616.411 INFO             PET3 Finalizing ESMF
20220602 033616.411 INFO             PET3 **************** Region Timings *******************
20220602 033616.411 INFO             PET3 Region              Count  Total (s)   Self (s)    Mean (s)    Min (s)     Max (s)
20220602 033616.411 INFO             PET3   [test] Run 1      5      0.0000      0.0000      0.0000      0.0000      0.0000
20220602 033616.411 INFO             PET3   [test] Init 1     1      0.0000      0.0000      0.0000      0.0000      0.0000
20220602 033616.411 INFO             PET3   [test] Final 1    1      0.0000      0.0000      0.0000      0.0000      0.0000
