build time -- 2022-06-03 02:23:21
20220603 025751.274 INFO             PET0 !!!!!!!!!!!!!!!!!!!!!!!!!!!!!!!!!!!!!!!!!!!!!!!!!!!!!!
20220603 025751.274 INFO             PET0 !!! THE ESMF_LOG IS SET TO OUTPUT ALL LOG MESSAGES !!!
20220603 025751.274 INFO             PET0 !!!     THIS MAY CAUSE SLOWDOWN IN PERFORMANCE     !!!
20220603 025751.274 INFO             PET0 !!! FOR PRODUCTION RUNS, USE:                      !!!
20220603 025751.274 INFO             PET0 !!!                   ESMF_LOGKIND_Multi_On_Error  !!!
20220603 025751.274 INFO             PET0 !!!!!!!!!!!!!!!!!!!!!!!!!!!!!!!!!!!!!!!!!!!!!!!!!!!!!!
20220603 025751.274 INFO             PET0 Running with ESMF Version   : v8.4.0b00
20220603 025751.274 INFO             PET0 ESMF library build date/time: "Jun  3 2022" "02:20:48"
20220603 025751.274 INFO             PET0 ESMF library build location : /global/cscratch1/sd/rsdunlap/esmf-testing/intel_19.1.2_mpiuni_O_develop
20220603 025751.274 INFO             PET0 ESMF_COMM                   : mpiuni
20220603 025751.275 INFO             PET0 ESMF_MOAB                   : enabled
20220603 025751.275 INFO             PET0 ESMF_LAPACK                 : enabled
20220603 025751.275 INFO             PET0 ESMF_NETCDF                 : enabled
20220603 025751.275 INFO             PET0 ESMF_PNETCDF                : disabled
20220603 025751.275 INFO             PET0 ESMF_PIO                    : disabled
20220603 025751.275 INFO             PET0 ESMF_YAMLCPP                : enabled
20220603 025751.304 DEBUG            PET0 about to destroy Grid: 0x1000011b9a0
20220603 025751.307 DEBUG            PET0 about to destroy Grid: 0x1000011d280
20220603 025751.316 INFO             PET0  NUMBER_OF_PROCESSORS           1
20220603 025751.316 INFO             PET0  PASS  Example ESMF_NUOPCAtmModelEx, ESMF_NUOPCAtmModelEx.F90, line 806
20220603 025751.316 INFO             PET0 Finalizing ESMF
