build time -- 2022-05-21 04:55:43
20220521 082348.291 INFO             PET0 !!!!!!!!!!!!!!!!!!!!!!!!!!!!!!!!!!!!!!!!!!!!!!!!!!!!!!
20220521 082348.291 INFO             PET0 !!! THE ESMF_LOG IS SET TO OUTPUT ALL LOG MESSAGES !!!
20220521 082348.291 INFO             PET0 !!!     THIS MAY CAUSE SLOWDOWN IN PERFORMANCE     !!!
20220521 082348.291 INFO             PET0 !!! FOR PRODUCTION RUNS, USE:                      !!!
20220521 082348.291 INFO             PET0 !!!                   ESMF_LOGKIND_Multi_On_Error  !!!
20220521 082348.291 INFO             PET0 !!!!!!!!!!!!!!!!!!!!!!!!!!!!!!!!!!!!!!!!!!!!!!!!!!!!!!
20220521 082348.291 INFO             PET0 Running with ESMF Version   : v8.3.0b16
20220521 082348.291 INFO             PET0 ESMF library build date/time: "May 21 2022" "04:51:45"
20220521 082348.291 INFO             PET0 ESMF library build location : /global/cscratch1/sd/rsdunlap/esmf-testing/intel_19.1.2_mpiuni_O_develop
20220521 082348.291 INFO             PET0 ESMF_COMM                   : mpiuni
20220521 082348.292 INFO             PET0 ESMF_MOAB                   : enabled
20220521 082348.292 INFO             PET0 ESMF_LAPACK                 : enabled
20220521 082348.292 INFO             PET0 ESMF_NETCDF                 : enabled
20220521 082348.292 INFO             PET0 ESMF_PNETCDF                : disabled
20220521 082348.292 INFO             PET0 ESMF_PIO                    : disabled
20220521 082348.292 INFO             PET0 ESMF_YAMLCPP                : enabled
20220521 082348.293 INFO             PET0 ESMF Tracing Enabled
20220521 082348.293 INFO             PET0 ESMF Profiling Enabled
20220521 082348.293 INFO             PET0 ESMF Trace/Profile clock: REALTIME
20220521 082348.297 INFO             PET0  NUMBER_OF_PROCESSORS           1
20220521 082348.297 INFO             PET0  PASS  Example ESMF_TraceEx, ESMF_TraceEx.F90, line 178
20220521 082348.297 INFO             PET0 Finalizing ESMF
20220521 082348.297 INFO             PET0 **************** Region Timings *******************
20220521 082348.297 INFO             PET0 Region              Count  Total (s)   Self (s)    Mean (s)    Min (s)     Max (s)
20220521 082348.297 INFO             PET0   [test] Run 1      5      0.0000      0.0000      0.0000      0.0000      0.0000
20220521 082348.297 INFO             PET0   [test] Init 1     1      0.0000      0.0000      0.0000      0.0000      0.0000
20220521 082348.297 INFO             PET0   [test] Final 1    1      0.0000      0.0000      0.0000      0.0000      0.0000
