build time -- 2022-06-02 02:58:41
20220602 043931.672 INFO             PET0 !!!!!!!!!!!!!!!!!!!!!!!!!!!!!!!!!!!!!!!!!!!!!!!!!!!!!!
20220602 043931.672 INFO             PET0 !!! THE ESMF_LOG IS SET TO OUTPUT ALL LOG MESSAGES !!!
20220602 043931.672 INFO             PET0 !!!     THIS MAY CAUSE SLOWDOWN IN PERFORMANCE     !!!
20220602 043931.672 INFO             PET0 !!! FOR PRODUCTION RUNS, USE:                      !!!
20220602 043931.672 INFO             PET0 !!!                   ESMF_LOGKIND_Multi_On_Error  !!!
20220602 043931.672 INFO             PET0 !!!!!!!!!!!!!!!!!!!!!!!!!!!!!!!!!!!!!!!!!!!!!!!!!!!!!!
20220602 043931.672 INFO             PET0 Running with ESMF Version   : v8.4.0b00
20220602 043931.672 INFO             PET0 ESMF library build date/time: "Jun  2 2022" "02:57:14"
20220602 043931.672 INFO             PET0 ESMF library build location : /global/cscratch1/sd/rsdunlap/esmf-testing/intel_19.1.2_mpiuni_O_develop
20220602 043931.672 INFO             PET0 ESMF_COMM                   : mpiuni
20220602 043931.674 INFO             PET0 ESMF_MOAB                   : enabled
20220602 043931.674 INFO             PET0 ESMF_LAPACK                 : enabled
20220602 043931.674 INFO             PET0 ESMF_NETCDF                 : enabled
20220602 043931.674 INFO             PET0 ESMF_PNETCDF                : disabled
20220602 043931.674 INFO             PET0 ESMF_PIO                    : disabled
20220602 043931.674 INFO             PET0 ESMF_YAMLCPP                : enabled
20220602 043931.676 INFO             PET0  NUMBER_OF_PROCESSORS           1
20220602 043931.676 INFO             PET0  PASS  Example ESMF_ConfigOverviewEx, ESMF_ConfigOverviewEx.F90, line 415
20220602 043931.676 INFO             PET0 Finalizing ESMF
