build time -- 2022-05-29 06:08:29
20220529 063240.038 INFO             PET0 !!!!!!!!!!!!!!!!!!!!!!!!!!!!!!!!!!!!!!!!!!!!!!!!!!!!!!
20220529 063240.039 INFO             PET0 !!! THE ESMF_LOG IS SET TO OUTPUT ALL LOG MESSAGES !!!
20220529 063240.039 INFO             PET0 !!!     THIS MAY CAUSE SLOWDOWN IN PERFORMANCE     !!!
20220529 063240.039 INFO             PET0 !!! FOR PRODUCTION RUNS, USE:                      !!!
20220529 063240.039 INFO             PET0 !!!                   ESMF_LOGKIND_Multi_On_Error  !!!
20220529 063240.039 INFO             PET0 !!!!!!!!!!!!!!!!!!!!!!!!!!!!!!!!!!!!!!!!!!!!!!!!!!!!!!
20220529 063240.039 INFO             PET0 Running with ESMF Version   : v8.3.0b16
20220529 063240.039 INFO             PET0 ESMF library build date/time: "May 29 2022" "06:07:10"
20220529 063240.039 INFO             PET0 ESMF library build location : /scratch1/NCEPDEV/stmp2/role.esmfmaint/gfortran_9.2.0b_openmpi_g_develop
20220529 063240.039 INFO             PET0 ESMF_COMM                   : openmpi
20220529 063240.039 INFO             PET0 ESMF_MOAB                   : enabled
20220529 063240.039 INFO             PET0 ESMF_LAPACK                 : enabled
20220529 063240.039 INFO             PET0 ESMF_NETCDF                 : disabled
20220529 063240.039 INFO             PET0 ESMF_PNETCDF                : disabled
20220529 063240.039 INFO             PET0 ESMF_PIO                    : disabled
20220529 063240.039 INFO             PET0 ESMF_YAMLCPP                : enabled
20220529 063240.040 INFO             PET0  NUMBER_OF_PROCESSORS           1
20220529 063240.040 INFO             PET0  PASS  Example ESMF_TimeEx, ESMF_TimeEx.F90, line 141
20220529 063240.040 INFO             PET0 Finalizing ESMF
