build time -- 2022-05-31 06:08:11
[1653978690.115981] [h17c48:110871:0]         mxm.c:196  MXM  WARN  The 'ulimit -s' on the system is set to 'unlimited'. This may have negative performance implications. Please set the stack size to the default value (10240) 
[1653978690.121229] [h17c48:110871:0]         mxm.c:196  MXM  WARN  The 'ulimit -s' on the system is set to 'unlimited'. This may have negative performance implications. Please set the stack size to the default value (10240) 
[1653978690.116031] [h17c48:110869:0]         mxm.c:196  MXM  WARN  The 'ulimit -s' on the system is set to 'unlimited'. This may have negative performance implications. Please set the stack size to the default value (10240) 
[1653978690.121252] [h17c48:110869:0]         mxm.c:196  MXM  WARN  The 'ulimit -s' on the system is set to 'unlimited'. This may have negative performance implications. Please set the stack size to the default value (10240) 
[1653978690.121945] [h17c48:110870:0]         mxm.c:196  MXM  WARN  The 'ulimit -s' on the system is set to 'unlimited'. This may have negative performance implications. Please set the stack size to the default value (10240) 
[1653978690.127308] [h17c48:110870:0]         mxm.c:196  MXM  WARN  The 'ulimit -s' on the system is set to 'unlimited'. This may have negative performance implications. Please set the stack size to the default value (10240) 
[1653978690.121907] [h17c48:110872:0]         mxm.c:196  MXM  WARN  The 'ulimit -s' on the system is set to 'unlimited'. This may have negative performance implications. Please set the stack size to the default value (10240) 
[1653978690.127250] [h17c48:110872:0]         mxm.c:196  MXM  WARN  The 'ulimit -s' on the system is set to 'unlimited'. This may have negative performance implications. Please set the stack size to the default value (10240) 
 Field with replicated dimension returned
 Field rank, dimCount           2           3
  PASS  Example ESMF_FieldArbGridEx, ESMF_FieldArbGridEx.F90, line 243
 Field with replicated dimension returned
 Field rank, dimCount           2           2
 Field with replicated dimension returned
 Field with replicated dimension returned
  PASS  Example ESMF_FieldArbGridEx, ESMF_FieldArbGridEx.F90, line 243
  PASS  Example ESMF_FieldArbGridEx, ESMF_FieldArbGridEx.F90, line 243
  PASS  Example ESMF_FieldArbGridEx, ESMF_FieldArbGridEx.F90, line 243
 PASS: ESMF_FieldArgGridEx.F90
 PASS: ESMF_FieldArgGridEx.F90
 PASS: ESMF_FieldArgGridEx.F90
 PASS: ESMF_FieldArgGridEx.F90
