build time -- 2022-05-13 06:01:56
[1652423025.375646] [h22c55:74448:0]         mxm.c:196  MXM  WARN  The 'ulimit -s' on the system is set to 'unlimited'. This may have negative performance implications. Please set the stack size to the default value (10240) 
[1652423025.380469] [h22c55:74448:0]         mxm.c:196  MXM  WARN  The 'ulimit -s' on the system is set to 'unlimited'. This may have negative performance implications. Please set the stack size to the default value (10240) 
[1652423025.375321] [h22c55:74450:0]         mxm.c:196  MXM  WARN  The 'ulimit -s' on the system is set to 'unlimited'. This may have negative performance implications. Please set the stack size to the default value (10240) 
[1652423025.380200] [h22c55:74450:0]         mxm.c:196  MXM  WARN  The 'ulimit -s' on the system is set to 'unlimited'. This may have negative performance implications. Please set the stack size to the default value (10240) 
[1652423025.382411] [h22c55:74451:0]         mxm.c:196  MXM  WARN  The 'ulimit -s' on the system is set to 'unlimited'. This may have negative performance implications. Please set the stack size to the default value (10240) 
[1652423025.387727] [h22c55:74451:0]         mxm.c:196  MXM  WARN  The 'ulimit -s' on the system is set to 'unlimited'. This may have negative performance implications. Please set the stack size to the default value (10240) 
[1652423025.382484] [h22c55:74449:0]         mxm.c:196  MXM  WARN  The 'ulimit -s' on the system is set to 'unlimited'. This may have negative performance implications. Please set the stack size to the default value (10240) 
[1652423025.387773] [h22c55:74449:0]         mxm.c:196  MXM  WARN  The 'ulimit -s' on the system is set to 'unlimited'. This may have negative performance implications. Please set the stack size to the default value (10240) 
 localData for PET            1 :          101
 localData for PET            1 :          102
 localData for PET            1 :          103
 localData for PET            1 :          104
 localData for PET            1 :          105
 localData for PET            1 :          106
 localData for PET            1 :          107
 localData for PET            1 :          108
 localData for PET            1 :          109
 localData for PET            1 :          110
 localData for PET            1 :          101
 localData for PET            1 :          102
 localData for PET            1 :          103
 localData for PET            1 :          104
 localData for PET            1 :          105
 localData for PET            1 :          106
 localData for PET            1 :          107
 localData for PET            1 :          108
 localData for PET            1 :          109
 localData for PET            1 :          110
 localData2 for PET            1 :         1001
 localData2 for PET            1 :         1002
 localData2 for PET            1 :         1003
 localData2 for PET            1 :         1004
 localData2 for PET            1 :         1005
 localData2 for PET            1 :         1006
 localData2 for PET            1 :         1007
 localData2 for PET            1 :         1008
 localData2 for PET            1 :         1009
 localData2 for PET            1 :         1010
 localData for PET            2 :          201
 localData for PET            2 :          202
 localData for PET            2 :          203
 localData for PET            2 :          204
 localData for PET            2 :          205
 localData for PET            2 :          206
 localData for PET            2 :          207
 localData for PET            2 :          208
 localData for PET            2 :          209
 localData for PET            2 :          210
 localData for PET            2 :          201
 localData for PET            2 :          202
 localData for PET            2 :          203
 localData for PET            2 :          204
 localData for PET            2 :          205
 localData for PET            2 :          206
 localData for PET            2 :          207
 localData for PET            2 :          208
 localData for PET            2 :          209
 localData for PET            2 :          210
 localData2 for PET            2 :         2001
 localData2 for PET            2 :         2002
 localData2 for PET            2 :         2003
 localData2 for PET            2 :         2004
 localData2 for PET            2 :         2005
 localData2 for PET            2 :         2006
 localData2 for PET            2 :         2007
 localData2 for PET            2 :         2008
 localData2 for PET            2 :         2009
 localData2 for PET            2 :         2010
 localData for PET            2 :          201
 localData for PET            2 :          202
 localData for PET            2 :          203
 localData for PET            2 :          204
 localData for PET            2 :          205
 localData for PET            2 :          206
 localData for PET            2 :          207
 localData for PET            2 :          208
 localData for PET            2 :          209
 localData for PET            2 :          210
 localData for PET            1 :          101
 localData for PET            1 :          102
 localData for PET            1 :          103
 localData for PET            1 :          104
 localData for PET            1 :          105
 localData for PET            1 :          106
 localData for PET            1 :          107
 localData for PET            1 :          108
 localData for PET            1 :          109
 localData for PET            1 :          110
 localData2 for PET            1 :         1001
 localData2 for PET            1 :         1002
 localData2 for PET            1 :         1003
 localData2 for PET            1 :         1004
 localData2 for PET            1 :         1005
 localData2 for PET            1 :         1006
 localData2 for PET            1 :         1007
 localData2 for PET            1 :         1008
 localData2 for PET            1 :         1009
 localData2 for PET            1 :         1010
  PASS  Example ESMF_VMNonBlockingEx, ESMF_VMNonBlockingEx.F90, line 434
 localData2 for PET            2 :         2001
 localData2 for PET            2 :         2002
 localData2 for PET            2 :         2003
 localData2 for PET            2 :         2004
 localData2 for PET            2 :         2005
 localData2 for PET            2 :         2006
 localData2 for PET            2 :         2007
 localData2 for PET            2 :         2008
 localData2 for PET            2 :         2009
 localData2 for PET            2 :         2010
  PASS  Example ESMF_VMNonBlockingEx, ESMF_VMNonBlockingEx.F90, line 434
 localData for PET            0 :          301
 localData for PET            0 :          302
 localData for PET            0 :          303
 localData for PET            0 :          304
 localData for PET            0 :          305
 localData for PET            0 :          306
 localData for PET            0 :          307
 localData for PET            0 :          308
 localData for PET            3 :          301
 localData for PET            3 :          302
 localData for PET            3 :          303
 localData for PET            3 :          304
 localData for PET            3 :          305
 localData for PET            3 :          306
 localData for PET            3 :          307
 localData for PET            3 :          308
 localData for PET            3 :          309
 localData for PET            3 :          310
 localData for PET            3 :          301
 localData for PET            3 :          302
 localData for PET            3 :          303
 localData for PET            3 :          304
 localData for PET            0 :          309
 localData for PET            0 :          310
 localData for PET            0 :          301
 localData for PET            0 :          302
 localData for PET            0 :          303
 localData for PET            0 :          304
 localData for PET            0 :          305
 localData for PET            0 :          306
 localData for PET            0 :          307
 localData for PET            0 :          308
 localData for PET            0 :          309
 localData for PET            0 :          310
 localData for PET            3 :          305
 localData for PET            3 :          306
 localData for PET            3 :          307
 localData for PET            3 :          308
 localData for PET            3 :          309
 localData for PET            3 :          310
 localData2 for PET            3 :         3001
 localData2 for PET            3 :         3002
 localData2 for PET            3 :         3003
 localData2 for PET            3 :         3004
 localData2 for PET            3 :         3005
 localData2 for PET            3 :         3006
 localData2 for PET            3 :         3007
 localData2 for PET            3 :         3008
 localData2 for PET            3 :         3009
 localData2 for PET            3 :         3010
 localData2 for PET            0 :         3001
 localData2 for PET            0 :         3002
 localData2 for PET            0 :         3003
 localData2 for PET            0 :         3004
 localData2 for PET            0 :         3005
 localData2 for PET            0 :         3006
 localData2 for PET            0 :         3007
 localData2 for PET            0 :         3008
 localData2 for PET            0 :         3009
 localData2 for PET            0 :         3010
 localData for PET            3 :          301
 localData for PET            3 :          302
 localData for PET            3 :          303
 localData for PET            3 :          304
 localData for PET            3 :          305
 localData for PET            3 :          306
 localData for PET            3 :          307
 localData for PET            3 :          308
 localData for PET            3 :          309
 localData for PET            3 :          310
 localData2 for PET            3 :         3001
 localData2 for PET            3 :         3002
 localData2 for PET            3 :         3003
 localData2 for PET            3 :         3004
 localData2 for PET            3 :         3005
 localData2 for PET            3 :         3006
 localData2 for PET            3 :         3007
 localData2 for PET            3 :         3008
 localData2 for PET            3 :         3009
 localData2 for PET            3 :         3010
 localData for PET            0 :          301
 localData for PET            0 :          302
 localData for PET            0 :          303
 localData for PET            0 :          304
 localData for PET            0 :          305
 localData for PET            0 :          306
 localData for PET            0 :          307
 localData for PET            0 :          308
 localData for PET            0 :          309
 localData for PET            0 :          310
  PASS  Example ESMF_VMNonBlockingEx, ESMF_VMNonBlockingEx.F90, line 434
 localData2 for PET            0 :         3001
 localData2 for PET            0 :         3002
 localData2 for PET            0 :         3003
 localData2 for PET            0 :         3004
 localData2 for PET            0 :         3005
 localData2 for PET            0 :         3006
 localData2 for PET            0 :         3007
 localData2 for PET            0 :         3008
 localData2 for PET            0 :         3009
 localData2 for PET            0 :         3010
  PASS  Example ESMF_VMNonBlockingEx, ESMF_VMNonBlockingEx.F90, line 434
 PASS: ESMF_VMNonBlockingEx.F90
 PASS: ESMF_VMNonBlockingEx.F90
 PASS: ESMF_VMNonBlockingEx.F90
 PASS: ESMF_VMNonBlockingEx.F90
