build time -- 2022-05-31 06:08:11
[1653978689.161096] [h17c48:110711:0]         mxm.c:196  MXM  WARN  The 'ulimit -s' on the system is set to 'unlimited'. This may have negative performance implications. Please set the stack size to the default value (10240) 
[1653978689.166346] [h17c48:110711:0]         mxm.c:196  MXM  WARN  The 'ulimit -s' on the system is set to 'unlimited'. This may have negative performance implications. Please set the stack size to the default value (10240) 
[1653978689.161032] [h17c48:110713:0]         mxm.c:196  MXM  WARN  The 'ulimit -s' on the system is set to 'unlimited'. This may have negative performance implications. Please set the stack size to the default value (10240) 
[1653978689.166255] [h17c48:110713:0]         mxm.c:196  MXM  WARN  The 'ulimit -s' on the system is set to 'unlimited'. This may have negative performance implications. Please set the stack size to the default value (10240) 
[1653978689.166224] [h17c48:110714:0]         mxm.c:196  MXM  WARN  The 'ulimit -s' on the system is set to 'unlimited'. This may have negative performance implications. Please set the stack size to the default value (10240) 
[1653978689.171186] [h17c48:110714:0]         mxm.c:196  MXM  WARN  The 'ulimit -s' on the system is set to 'unlimited'. This may have negative performance implications. Please set the stack size to the default value (10240) 
[1653978689.166213] [h17c48:110712:0]         mxm.c:196  MXM  WARN  The 'ulimit -s' on the system is set to 'unlimited'. This may have negative performance implications. Please set the stack size to the default value (10240) 
[1653978689.171175] [h17c48:110712:0]         mxm.c:196  MXM  WARN  The 'ulimit -s' on the system is set to 'unlimited'. This may have negative performance implications. Please set the stack size to the default value (10240) 
 Field with replicated dimension returned
  PASS  Example ESMF_FieldRepDimEx, ESMF_FieldRepDimEx.F90, line 228
 Field with replicated dimension returned
  PASS  Example ESMF_FieldRepDimEx, ESMF_FieldRepDimEx.F90, line 228
 Field with replicated dimension returned
  PASS  Example ESMF_FieldRepDimEx, ESMF_FieldRepDimEx.F90, line 228
 Field with replicated dimension returned
  PASS  Example ESMF_FieldRepDimEx, ESMF_FieldRepDimEx.F90, line 228
 PASS: ESMF_FieldRepDimEx.F90
 PASS: ESMF_FieldRepDimEx.F90
 PASS: ESMF_FieldRepDimEx.F90
 PASS: ESMF_FieldRepDimEx.F90
