build time -- 2022-05-27 06:06:42
20220527 062850.775 INFO             PET0 !!!!!!!!!!!!!!!!!!!!!!!!!!!!!!!!!!!!!!!!!!!!!!!!!!!!!!
20220527 062850.775 INFO             PET0 !!! THE ESMF_LOG IS SET TO OUTPUT ALL LOG MESSAGES !!!
20220527 062850.775 INFO             PET0 !!!     THIS MAY CAUSE SLOWDOWN IN PERFORMANCE     !!!
20220527 062850.775 INFO             PET0 !!! FOR PRODUCTION RUNS, USE:                      !!!
20220527 062850.775 INFO             PET0 !!!                   ESMF_LOGKIND_Multi_On_Error  !!!
20220527 062850.775 INFO             PET0 !!!!!!!!!!!!!!!!!!!!!!!!!!!!!!!!!!!!!!!!!!!!!!!!!!!!!!
20220527 062850.775 INFO             PET0 Running with ESMF Version   : v8.3.0b16
20220527 062850.775 INFO             PET0 ESMF library build date/time: "May 27 2022" "06:05:25"
20220527 062850.775 INFO             PET0 ESMF library build location : /scratch1/NCEPDEV/stmp2/role.esmfmaint/gfortran_9.2.0b_openmpi_g_develop
20220527 062850.775 INFO             PET0 ESMF_COMM                   : openmpi
20220527 062850.776 INFO             PET0 ESMF_MOAB                   : enabled
20220527 062850.776 INFO             PET0 ESMF_LAPACK                 : enabled
20220527 062850.776 INFO             PET0 ESMF_NETCDF                 : disabled
20220527 062850.776 INFO             PET0 ESMF_PNETCDF                : disabled
20220527 062850.776 INFO             PET0 ESMF_PIO                    : disabled
20220527 062850.776 INFO             PET0 ESMF_YAMLCPP                : enabled
20220527 062850.777 INFO             PET0  NUMBER_OF_PROCESSORS           1
20220527 062850.777 INFO             PET0  PASS  Example ESMF_TimeIntervalEx, ESMF_TimeIntervalEx.F90, line 176
20220527 062850.777 INFO             PET0 Finalizing ESMF
