build time -- 2022-05-10 05:59:41
20220510 062508.295 INFO             PET0 !!!!!!!!!!!!!!!!!!!!!!!!!!!!!!!!!!!!!!!!!!!!!!!!!!!!!!
20220510 062508.295 INFO             PET0 !!! THE ESMF_LOG IS SET TO OUTPUT ALL LOG MESSAGES !!!
20220510 062508.295 INFO             PET0 !!!     THIS MAY CAUSE SLOWDOWN IN PERFORMANCE     !!!
20220510 062508.295 INFO             PET0 !!! FOR PRODUCTION RUNS, USE:                      !!!
20220510 062508.295 INFO             PET0 !!!                   ESMF_LOGKIND_Multi_On_Error  !!!
20220510 062508.295 INFO             PET0 !!!!!!!!!!!!!!!!!!!!!!!!!!!!!!!!!!!!!!!!!!!!!!!!!!!!!!
20220510 062508.295 INFO             PET0 Running with ESMF Version   : v8.3.0b14-2-gde129fc120
20220510 062508.295 INFO             PET0 ESMF library build date/time: "May 10 2022" "05:58:20"
20220510 062508.295 INFO             PET0 ESMF library build location : /scratch1/NCEPDEV/stmp2/role.esmfmaint/gfortran_9.2.0b_openmpi_g_develop
20220510 062508.295 INFO             PET0 ESMF_COMM                   : openmpi
20220510 062508.295 INFO             PET0 ESMF_MOAB                   : enabled
20220510 062508.295 INFO             PET0 ESMF_LAPACK                 : enabled
20220510 062508.295 INFO             PET0 ESMF_NETCDF                 : disabled
20220510 062508.295 INFO             PET0 ESMF_PNETCDF                : disabled
20220510 062508.295 INFO             PET0 ESMF_PIO                    : disabled
20220510 062508.295 INFO             PET0 ESMF_YAMLCPP                : enabled
20220510 062508.393 DEBUG            PET0 about to destroy Grid: 0xdd4530
20220510 062508.404 DEBUG            PET0 about to destroy Grid: 0xdd6160
20220510 062508.435 INFO             PET0  NUMBER_OF_PROCESSORS           4
20220510 062508.435 INFO             PET0  PASS  Example ESMF_NUOPCAtmModelEx, ESMF_NUOPCAtmModelEx.F90, line 806
20220510 062508.435 INFO             PET0 Finalizing ESMF
20220510 062508.294 INFO             PET1 !!!!!!!!!!!!!!!!!!!!!!!!!!!!!!!!!!!!!!!!!!!!!!!!!!!!!!
20220510 062508.294 INFO             PET1 !!! THE ESMF_LOG IS SET TO OUTPUT ALL LOG MESSAGES !!!
20220510 062508.294 INFO             PET1 !!!     THIS MAY CAUSE SLOWDOWN IN PERFORMANCE     !!!
20220510 062508.294 INFO             PET1 !!! FOR PRODUCTION RUNS, USE:                      !!!
20220510 062508.294 INFO             PET1 !!!                   ESMF_LOGKIND_Multi_On_Error  !!!
20220510 062508.294 INFO             PET1 !!!!!!!!!!!!!!!!!!!!!!!!!!!!!!!!!!!!!!!!!!!!!!!!!!!!!!
20220510 062508.294 INFO             PET1 Running with ESMF Version   : v8.3.0b14-2-gde129fc120
20220510 062508.294 INFO             PET1 ESMF library build date/time: "May 10 2022" "05:58:20"
20220510 062508.294 INFO             PET1 ESMF library build location : /scratch1/NCEPDEV/stmp2/role.esmfmaint/gfortran_9.2.0b_openmpi_g_develop
20220510 062508.294 INFO             PET1 ESMF_COMM                   : openmpi
20220510 062508.295 INFO             PET1 ESMF_MOAB                   : enabled
20220510 062508.295 INFO             PET1 ESMF_LAPACK                 : enabled
20220510 062508.295 INFO             PET1 ESMF_NETCDF                 : disabled
20220510 062508.295 INFO             PET1 ESMF_PNETCDF                : disabled
20220510 062508.295 INFO             PET1 ESMF_PIO                    : disabled
20220510 062508.295 INFO             PET1 ESMF_YAMLCPP                : enabled
20220510 062508.393 DEBUG            PET1 about to destroy Grid: 0x21a7a90
20220510 062508.404 DEBUG            PET1 about to destroy Grid: 0x21a8f00
20220510 062508.436 INFO             PET1  NUMBER_OF_PROCESSORS           4
20220510 062508.436 INFO             PET1  PASS  Example ESMF_NUOPCAtmModelEx, ESMF_NUOPCAtmModelEx.F90, line 806
20220510 062508.436 INFO             PET1 Finalizing ESMF
20220510 062508.294 INFO             PET2 !!!!!!!!!!!!!!!!!!!!!!!!!!!!!!!!!!!!!!!!!!!!!!!!!!!!!!
20220510 062508.295 INFO             PET2 !!! THE ESMF_LOG IS SET TO OUTPUT ALL LOG MESSAGES !!!
20220510 062508.295 INFO             PET2 !!!     THIS MAY CAUSE SLOWDOWN IN PERFORMANCE     !!!
20220510 062508.295 INFO             PET2 !!! FOR PRODUCTION RUNS, USE:                      !!!
20220510 062508.295 INFO             PET2 !!!                   ESMF_LOGKIND_Multi_On_Error  !!!
20220510 062508.295 INFO             PET2 !!!!!!!!!!!!!!!!!!!!!!!!!!!!!!!!!!!!!!!!!!!!!!!!!!!!!!
20220510 062508.295 INFO             PET2 Running with ESMF Version   : v8.3.0b14-2-gde129fc120
20220510 062508.295 INFO             PET2 ESMF library build date/time: "May 10 2022" "05:58:20"
20220510 062508.295 INFO             PET2 ESMF library build location : /scratch1/NCEPDEV/stmp2/role.esmfmaint/gfortran_9.2.0b_openmpi_g_develop
20220510 062508.295 INFO             PET2 ESMF_COMM                   : openmpi
20220510 062508.295 INFO             PET2 ESMF_MOAB                   : enabled
20220510 062508.295 INFO             PET2 ESMF_LAPACK                 : enabled
20220510 062508.295 INFO             PET2 ESMF_NETCDF                 : disabled
20220510 062508.295 INFO             PET2 ESMF_PNETCDF                : disabled
20220510 062508.295 INFO             PET2 ESMF_PIO                    : disabled
20220510 062508.295 INFO             PET2 ESMF_YAMLCPP                : enabled
20220510 062508.393 DEBUG            PET2 about to destroy Grid: 0x166f170
20220510 062508.404 DEBUG            PET2 about to destroy Grid: 0x16705e0
20220510 062508.435 INFO             PET2  NUMBER_OF_PROCESSORS           4
20220510 062508.435 INFO             PET2  PASS  Example ESMF_NUOPCAtmModelEx, ESMF_NUOPCAtmModelEx.F90, line 806
20220510 062508.435 INFO             PET2 Finalizing ESMF
20220510 062508.295 INFO             PET3 !!!!!!!!!!!!!!!!!!!!!!!!!!!!!!!!!!!!!!!!!!!!!!!!!!!!!!
20220510 062508.295 INFO             PET3 !!! THE ESMF_LOG IS SET TO OUTPUT ALL LOG MESSAGES !!!
20220510 062508.295 INFO             PET3 !!!     THIS MAY CAUSE SLOWDOWN IN PERFORMANCE     !!!
20220510 062508.295 INFO             PET3 !!! FOR PRODUCTION RUNS, USE:                      !!!
20220510 062508.295 INFO             PET3 !!!                   ESMF_LOGKIND_Multi_On_Error  !!!
20220510 062508.295 INFO             PET3 !!!!!!!!!!!!!!!!!!!!!!!!!!!!!!!!!!!!!!!!!!!!!!!!!!!!!!
20220510 062508.295 INFO             PET3 Running with ESMF Version   : v8.3.0b14-2-gde129fc120
20220510 062508.295 INFO             PET3 ESMF library build date/time: "May 10 2022" "05:58:20"
20220510 062508.295 INFO             PET3 ESMF library build location : /scratch1/NCEPDEV/stmp2/role.esmfmaint/gfortran_9.2.0b_openmpi_g_develop
20220510 062508.295 INFO             PET3 ESMF_COMM                   : openmpi
20220510 062508.295 INFO             PET3 ESMF_MOAB                   : enabled
20220510 062508.295 INFO             PET3 ESMF_LAPACK                 : enabled
20220510 062508.295 INFO             PET3 ESMF_NETCDF                 : disabled
20220510 062508.295 INFO             PET3 ESMF_PNETCDF                : disabled
20220510 062508.295 INFO             PET3 ESMF_PIO                    : disabled
20220510 062508.295 INFO             PET3 ESMF_YAMLCPP                : enabled
20220510 062508.393 DEBUG            PET3 about to destroy Grid: 0x20b9570
20220510 062508.404 DEBUG            PET3 about to destroy Grid: 0x20ba600
20220510 062508.435 INFO             PET3  NUMBER_OF_PROCESSORS           4
20220510 062508.435 INFO             PET3  PASS  Example ESMF_NUOPCAtmModelEx, ESMF_NUOPCAtmModelEx.F90, line 806
20220510 062508.435 INFO             PET3 Finalizing ESMF
