build time -- 2022-06-07 01:20:20.979376
20220607 015751.431 INFO             PET0 !!!!!!!!!!!!!!!!!!!!!!!!!!!!!!!!!!!!!!!!!!!!!!!!!!!!!!
20220607 015751.431 INFO             PET0 !!! THE ESMF_LOG IS SET TO OUTPUT ALL LOG MESSAGES !!!
20220607 015751.431 INFO             PET0 !!!     THIS MAY CAUSE SLOWDOWN IN PERFORMANCE     !!!
20220607 015751.431 INFO             PET0 !!! FOR PRODUCTION RUNS, USE:                      !!!
20220607 015751.431 INFO             PET0 !!!                   ESMF_LOGKIND_Multi_On_Error  !!!
20220607 015751.431 INFO             PET0 !!!!!!!!!!!!!!!!!!!!!!!!!!!!!!!!!!!!!!!!!!!!!!!!!!!!!!
20220607 015751.431 INFO             PET0 Running with ESMF Version   : v8.3.0
20220607 015751.431 INFO             PET0 ESMF library build date/time: "Jun  7 2022" "01:17:42"
20220607 015751.431 INFO             PET0 ESMF library build location : /gpfsm/dnb04/projects/p98/mpotts/esmf/intel_19.1.3_intelmpi_g_v8.3.0
20220607 015751.431 INFO             PET0 ESMF_COMM                   : intelmpi
20220607 015751.432 INFO             PET0 ESMF_MOAB                   : enabled
20220607 015751.432 INFO             PET0 ESMF_LAPACK                 : enabled
20220607 015751.432 INFO             PET0 ESMF_NETCDF                 : enabled
20220607 015751.432 INFO             PET0 ESMF_PNETCDF                : disabled
20220607 015751.432 INFO             PET0 ESMF_PIO                    : enabled
20220607 015751.432 INFO             PET0 ESMF_YAMLCPP                : enabled
20220607 015751.568 DEBUG            PET0 about to destroy Grid: 0xb0d430
20220607 015751.584 DEBUG            PET0 about to destroy Grid: 0xb0e2f0
20220607 015751.629 INFO             PET0  NUMBER_OF_PROCESSORS           4
20220607 015751.629 INFO             PET0  PASS  Example ESMF_NUOPCAtmModelEx, ESMF_NUOPCAtmModelEx.F90, line 806
20220607 015751.629 INFO             PET0 Finalizing ESMF
20220607 015751.431 INFO             PET1 !!!!!!!!!!!!!!!!!!!!!!!!!!!!!!!!!!!!!!!!!!!!!!!!!!!!!!
20220607 015751.431 INFO             PET1 !!! THE ESMF_LOG IS SET TO OUTPUT ALL LOG MESSAGES !!!
20220607 015751.431 INFO             PET1 !!!     THIS MAY CAUSE SLOWDOWN IN PERFORMANCE     !!!
20220607 015751.431 INFO             PET1 !!! FOR PRODUCTION RUNS, USE:                      !!!
20220607 015751.431 INFO             PET1 !!!                   ESMF_LOGKIND_Multi_On_Error  !!!
20220607 015751.431 INFO             PET1 !!!!!!!!!!!!!!!!!!!!!!!!!!!!!!!!!!!!!!!!!!!!!!!!!!!!!!
20220607 015751.431 INFO             PET1 Running with ESMF Version   : v8.3.0
20220607 015751.431 INFO             PET1 ESMF library build date/time: "Jun  7 2022" "01:17:42"
20220607 015751.431 INFO             PET1 ESMF library build location : /gpfsm/dnb04/projects/p98/mpotts/esmf/intel_19.1.3_intelmpi_g_v8.3.0
20220607 015751.431 INFO             PET1 ESMF_COMM                   : intelmpi
20220607 015751.432 INFO             PET1 ESMF_MOAB                   : enabled
20220607 015751.432 INFO             PET1 ESMF_LAPACK                 : enabled
20220607 015751.432 INFO             PET1 ESMF_NETCDF                 : enabled
20220607 015751.432 INFO             PET1 ESMF_PNETCDF                : disabled
20220607 015751.432 INFO             PET1 ESMF_PIO                    : enabled
20220607 015751.432 INFO             PET1 ESMF_YAMLCPP                : enabled
20220607 015751.568 DEBUG            PET1 about to destroy Grid: 0xaf9390
20220607 015751.584 DEBUG            PET1 about to destroy Grid: 0xb0d320
20220607 015751.628 INFO             PET1  NUMBER_OF_PROCESSORS           4
20220607 015751.628 INFO             PET1  PASS  Example ESMF_NUOPCAtmModelEx, ESMF_NUOPCAtmModelEx.F90, line 806
20220607 015751.628 INFO             PET1 Finalizing ESMF
20220607 015751.432 INFO             PET2 !!!!!!!!!!!!!!!!!!!!!!!!!!!!!!!!!!!!!!!!!!!!!!!!!!!!!!
20220607 015751.432 INFO             PET2 !!! THE ESMF_LOG IS SET TO OUTPUT ALL LOG MESSAGES !!!
20220607 015751.432 INFO             PET2 !!!     THIS MAY CAUSE SLOWDOWN IN PERFORMANCE     !!!
20220607 015751.432 INFO             PET2 !!! FOR PRODUCTION RUNS, USE:                      !!!
20220607 015751.432 INFO             PET2 !!!                   ESMF_LOGKIND_Multi_On_Error  !!!
20220607 015751.432 INFO             PET2 !!!!!!!!!!!!!!!!!!!!!!!!!!!!!!!!!!!!!!!!!!!!!!!!!!!!!!
20220607 015751.432 INFO             PET2 Running with ESMF Version   : v8.3.0
20220607 015751.432 INFO             PET2 ESMF library build date/time: "Jun  7 2022" "01:17:42"
20220607 015751.432 INFO             PET2 ESMF library build location : /gpfsm/dnb04/projects/p98/mpotts/esmf/intel_19.1.3_intelmpi_g_v8.3.0
20220607 015751.432 INFO             PET2 ESMF_COMM                   : intelmpi
20220607 015751.432 INFO             PET2 ESMF_MOAB                   : enabled
20220607 015751.432 INFO             PET2 ESMF_LAPACK                 : enabled
20220607 015751.432 INFO             PET2 ESMF_NETCDF                 : enabled
20220607 015751.432 INFO             PET2 ESMF_PNETCDF                : disabled
20220607 015751.432 INFO             PET2 ESMF_PIO                    : enabled
20220607 015751.432 INFO             PET2 ESMF_YAMLCPP                : enabled
20220607 015751.568 DEBUG            PET2 about to destroy Grid: 0xaf92c0
20220607 015751.584 DEBUG            PET2 about to destroy Grid: 0xb0d250
20220607 015751.629 INFO             PET2  NUMBER_OF_PROCESSORS           4
20220607 015751.629 INFO             PET2  PASS  Example ESMF_NUOPCAtmModelEx, ESMF_NUOPCAtmModelEx.F90, line 806
20220607 015751.629 INFO             PET2 Finalizing ESMF
20220607 015751.432 INFO             PET3 !!!!!!!!!!!!!!!!!!!!!!!!!!!!!!!!!!!!!!!!!!!!!!!!!!!!!!
20220607 015751.432 INFO             PET3 !!! THE ESMF_LOG IS SET TO OUTPUT ALL LOG MESSAGES !!!
20220607 015751.432 INFO             PET3 !!!     THIS MAY CAUSE SLOWDOWN IN PERFORMANCE     !!!
20220607 015751.432 INFO             PET3 !!! FOR PRODUCTION RUNS, USE:                      !!!
20220607 015751.432 INFO             PET3 !!!                   ESMF_LOGKIND_Multi_On_Error  !!!
20220607 015751.432 INFO             PET3 !!!!!!!!!!!!!!!!!!!!!!!!!!!!!!!!!!!!!!!!!!!!!!!!!!!!!!
20220607 015751.432 INFO             PET3 Running with ESMF Version   : v8.3.0
20220607 015751.432 INFO             PET3 ESMF library build date/time: "Jun  7 2022" "01:17:42"
20220607 015751.432 INFO             PET3 ESMF library build location : /gpfsm/dnb04/projects/p98/mpotts/esmf/intel_19.1.3_intelmpi_g_v8.3.0
20220607 015751.432 INFO             PET3 ESMF_COMM                   : intelmpi
20220607 015751.432 INFO             PET3 ESMF_MOAB                   : enabled
20220607 015751.432 INFO             PET3 ESMF_LAPACK                 : enabled
20220607 015751.432 INFO             PET3 ESMF_NETCDF                 : enabled
20220607 015751.432 INFO             PET3 ESMF_PNETCDF                : disabled
20220607 015751.432 INFO             PET3 ESMF_PIO                    : enabled
20220607 015751.432 INFO             PET3 ESMF_YAMLCPP                : enabled
20220607 015751.568 DEBUG            PET3 about to destroy Grid: 0xaf93b0
20220607 015751.584 DEBUG            PET3 about to destroy Grid: 0xb0d340
20220607 015751.629 INFO             PET3  NUMBER_OF_PROCESSORS           4
20220607 015751.629 INFO             PET3  PASS  Example ESMF_NUOPCAtmModelEx, ESMF_NUOPCAtmModelEx.F90, line 806
20220607 015751.629 INFO             PET3 Finalizing ESMF
