build time -- 2022-04-10 00:27:21
20220410 014321.434 INFO             PET0 !!!!!!!!!!!!!!!!!!!!!!!!!!!!!!!!!!!!!!!!!!!!!!!!!!!!!!
20220410 014321.435 INFO             PET0 !!! THE ESMF_LOG IS SET TO OUTPUT ALL LOG MESSAGES !!!
20220410 014321.435 INFO             PET0 !!!     THIS MAY CAUSE SLOWDOWN IN PERFORMANCE     !!!
20220410 014321.435 INFO             PET0 !!! FOR PRODUCTION RUNS, USE:                      !!!
20220410 014321.435 INFO             PET0 !!!                   ESMF_LOGKIND_Multi_On_Error  !!!
20220410 014321.435 INFO             PET0 !!!!!!!!!!!!!!!!!!!!!!!!!!!!!!!!!!!!!!!!!!!!!!!!!!!!!!
20220410 014321.435 INFO             PET0 Running with ESMF Version   : v8.3.0b12-1-g7c85d54760
20220410 014321.435 INFO             PET0 ESMF library build date/time: "Apr 10 2022" "00:25:14"
20220410 014321.435 INFO             PET0 ESMF library build location : /lustre/f2/dev/ncep/Mark.Potts/gfortran_8.3.0_mpi_O_develop
20220410 014321.435 INFO             PET0 ESMF_COMM                   : mpi
20220410 014321.436 INFO             PET0 ESMF_MOAB                   : enabled
20220410 014321.436 INFO             PET0 ESMF_LAPACK                 : enabled
20220410 014321.436 INFO             PET0 ESMF_NETCDF                 : enabled
20220410 014321.436 INFO             PET0 ESMF_PNETCDF                : disabled
20220410 014321.436 INFO             PET0 ESMF_PIO                    : enabled
20220410 014321.436 INFO             PET0 ESMF_YAMLCPP                : enabled
20220410 014321.500 INFO             PET0  NUMBER_OF_PROCESSORS           4
20220410 014321.500 INFO             PET0  PASS  Example ESMF_ArrayHaloEx, ESMF_ArrayHaloEx.F90, line 460
20220410 014321.500 INFO             PET0 Finalizing ESMF
20220410 014321.446 INFO             PET1 !!!!!!!!!!!!!!!!!!!!!!!!!!!!!!!!!!!!!!!!!!!!!!!!!!!!!!
20220410 014321.446 INFO             PET1 !!! THE ESMF_LOG IS SET TO OUTPUT ALL LOG MESSAGES !!!
20220410 014321.446 INFO             PET1 !!!     THIS MAY CAUSE SLOWDOWN IN PERFORMANCE     !!!
20220410 014321.446 INFO             PET1 !!! FOR PRODUCTION RUNS, USE:                      !!!
20220410 014321.446 INFO             PET1 !!!                   ESMF_LOGKIND_Multi_On_Error  !!!
20220410 014321.446 INFO             PET1 !!!!!!!!!!!!!!!!!!!!!!!!!!!!!!!!!!!!!!!!!!!!!!!!!!!!!!
20220410 014321.446 INFO             PET1 Running with ESMF Version   : v8.3.0b12-1-g7c85d54760
20220410 014321.446 INFO             PET1 ESMF library build date/time: "Apr 10 2022" "00:25:14"
20220410 014321.447 INFO             PET1 ESMF library build location : /lustre/f2/dev/ncep/Mark.Potts/gfortran_8.3.0_mpi_O_develop
20220410 014321.447 INFO             PET1 ESMF_COMM                   : mpi
20220410 014321.447 INFO             PET1 ESMF_MOAB                   : enabled
20220410 014321.447 INFO             PET1 ESMF_LAPACK                 : enabled
20220410 014321.447 INFO             PET1 ESMF_NETCDF                 : enabled
20220410 014321.447 INFO             PET1 ESMF_PNETCDF                : disabled
20220410 014321.447 INFO             PET1 ESMF_PIO                    : enabled
20220410 014321.447 INFO             PET1 ESMF_YAMLCPP                : enabled
20220410 014321.499 INFO             PET1  NUMBER_OF_PROCESSORS           4
20220410 014321.499 INFO             PET1  PASS  Example ESMF_ArrayHaloEx, ESMF_ArrayHaloEx.F90, line 460
20220410 014321.499 INFO             PET1 Finalizing ESMF
20220410 014321.450 INFO             PET2 !!!!!!!!!!!!!!!!!!!!!!!!!!!!!!!!!!!!!!!!!!!!!!!!!!!!!!
20220410 014321.451 INFO             PET2 !!! THE ESMF_LOG IS SET TO OUTPUT ALL LOG MESSAGES !!!
20220410 014321.451 INFO             PET2 !!!     THIS MAY CAUSE SLOWDOWN IN PERFORMANCE     !!!
20220410 014321.451 INFO             PET2 !!! FOR PRODUCTION RUNS, USE:                      !!!
20220410 014321.451 INFO             PET2 !!!                   ESMF_LOGKIND_Multi_On_Error  !!!
20220410 014321.451 INFO             PET2 !!!!!!!!!!!!!!!!!!!!!!!!!!!!!!!!!!!!!!!!!!!!!!!!!!!!!!
20220410 014321.451 INFO             PET2 Running with ESMF Version   : v8.3.0b12-1-g7c85d54760
20220410 014321.451 INFO             PET2 ESMF library build date/time: "Apr 10 2022" "00:25:14"
20220410 014321.451 INFO             PET2 ESMF library build location : /lustre/f2/dev/ncep/Mark.Potts/gfortran_8.3.0_mpi_O_develop
20220410 014321.451 INFO             PET2 ESMF_COMM                   : mpi
20220410 014321.451 INFO             PET2 ESMF_MOAB                   : enabled
20220410 014321.451 INFO             PET2 ESMF_LAPACK                 : enabled
20220410 014321.451 INFO             PET2 ESMF_NETCDF                 : enabled
20220410 014321.451 INFO             PET2 ESMF_PNETCDF                : disabled
20220410 014321.451 INFO             PET2 ESMF_PIO                    : enabled
20220410 014321.451 INFO             PET2 ESMF_YAMLCPP                : enabled
20220410 014321.499 INFO             PET2  NUMBER_OF_PROCESSORS           4
20220410 014321.499 INFO             PET2  PASS  Example ESMF_ArrayHaloEx, ESMF_ArrayHaloEx.F90, line 460
20220410 014321.499 INFO             PET2 Finalizing ESMF
20220410 014321.443 INFO             PET3 !!!!!!!!!!!!!!!!!!!!!!!!!!!!!!!!!!!!!!!!!!!!!!!!!!!!!!
20220410 014321.443 INFO             PET3 !!! THE ESMF_LOG IS SET TO OUTPUT ALL LOG MESSAGES !!!
20220410 014321.443 INFO             PET3 !!!     THIS MAY CAUSE SLOWDOWN IN PERFORMANCE     !!!
20220410 014321.443 INFO             PET3 !!! FOR PRODUCTION RUNS, USE:                      !!!
20220410 014321.443 INFO             PET3 !!!                   ESMF_LOGKIND_Multi_On_Error  !!!
20220410 014321.444 INFO             PET3 !!!!!!!!!!!!!!!!!!!!!!!!!!!!!!!!!!!!!!!!!!!!!!!!!!!!!!
20220410 014321.444 INFO             PET3 Running with ESMF Version   : v8.3.0b12-1-g7c85d54760
20220410 014321.444 INFO             PET3 ESMF library build date/time: "Apr 10 2022" "00:25:14"
20220410 014321.444 INFO             PET3 ESMF library build location : /lustre/f2/dev/ncep/Mark.Potts/gfortran_8.3.0_mpi_O_develop
20220410 014321.444 INFO             PET3 ESMF_COMM                   : mpi
20220410 014321.444 INFO             PET3 ESMF_MOAB                   : enabled
20220410 014321.444 INFO             PET3 ESMF_LAPACK                 : enabled
20220410 014321.444 INFO             PET3 ESMF_NETCDF                 : enabled
20220410 014321.444 INFO             PET3 ESMF_PNETCDF                : disabled
20220410 014321.444 INFO             PET3 ESMF_PIO                    : enabled
20220410 014321.444 INFO             PET3 ESMF_YAMLCPP                : enabled
20220410 014321.499 INFO             PET3  NUMBER_OF_PROCESSORS           4
20220410 014321.499 INFO             PET3  PASS  Example ESMF_ArrayHaloEx, ESMF_ArrayHaloEx.F90, line 460
20220410 014321.499 INFO             PET3 Finalizing ESMF
