build time -- 2022-04-22 00:26:42
20220422 014027.521 INFO             PET0 !!!!!!!!!!!!!!!!!!!!!!!!!!!!!!!!!!!!!!!!!!!!!!!!!!!!!!
20220422 014027.521 INFO             PET0 !!! THE ESMF_LOG IS SET TO OUTPUT ALL LOG MESSAGES !!!
20220422 014027.521 INFO             PET0 !!!     THIS MAY CAUSE SLOWDOWN IN PERFORMANCE     !!!
20220422 014027.521 INFO             PET0 !!! FOR PRODUCTION RUNS, USE:                      !!!
20220422 014027.521 INFO             PET0 !!!                   ESMF_LOGKIND_Multi_On_Error  !!!
20220422 014027.521 INFO             PET0 !!!!!!!!!!!!!!!!!!!!!!!!!!!!!!!!!!!!!!!!!!!!!!!!!!!!!!
20220422 014027.521 INFO             PET0 Running with ESMF Version   : v8.3.0b13
20220422 014027.521 INFO             PET0 ESMF library build date/time: "Apr 22 2022" "00:24:39"
20220422 014027.521 INFO             PET0 ESMF library build location : /lustre/f2/dev/ncep/Mark.Potts/gfortran_8.3.0_mpi_O_develop
20220422 014027.521 INFO             PET0 ESMF_COMM                   : mpi
20220422 014027.521 INFO             PET0 ESMF_MOAB                   : enabled
20220422 014027.521 INFO             PET0 ESMF_LAPACK                 : enabled
20220422 014027.521 INFO             PET0 ESMF_NETCDF                 : enabled
20220422 014027.521 INFO             PET0 ESMF_PNETCDF                : disabled
20220422 014027.521 INFO             PET0 ESMF_PIO                    : enabled
20220422 014027.521 INFO             PET0 ESMF_YAMLCPP                : enabled
20220422 014027.555 INFO             PET0 ESMF_FieldRedistStoreNF(): Just entered routine.
20220422 014027.569 INFO             PET0 ESMF_FieldRedistStoreNF(): Leaving routine.
20220422 014027.598 INFO             PET0 ESMF_FieldRedistStoreNF(): Just entered routine.
20220422 014027.599 INFO             PET0 ESMF_FieldRedistStoreNF(): Leaving routine.
20220422 014027.599 INFO             PET0 ESMF_FieldRedistStoreNF(): Just entered routine.
20220422 014027.600 INFO             PET0 ESMF_FieldRedistStoreNF(): Leaving routine.
20220422 014027.601 INFO             PET0  NUMBER_OF_PROCESSORS           4
20220422 014027.602 INFO             PET0  PASS  Example ESMF_FieldRedistEx, ESMF_FieldRedistEx.F90, line 521
20220422 014027.602 INFO             PET0 Finalizing ESMF
20220422 014027.506 INFO             PET1 !!!!!!!!!!!!!!!!!!!!!!!!!!!!!!!!!!!!!!!!!!!!!!!!!!!!!!
20220422 014027.507 INFO             PET1 !!! THE ESMF_LOG IS SET TO OUTPUT ALL LOG MESSAGES !!!
20220422 014027.507 INFO             PET1 !!!     THIS MAY CAUSE SLOWDOWN IN PERFORMANCE     !!!
20220422 014027.507 INFO             PET1 !!! FOR PRODUCTION RUNS, USE:                      !!!
20220422 014027.507 INFO             PET1 !!!                   ESMF_LOGKIND_Multi_On_Error  !!!
20220422 014027.507 INFO             PET1 !!!!!!!!!!!!!!!!!!!!!!!!!!!!!!!!!!!!!!!!!!!!!!!!!!!!!!
20220422 014027.507 INFO             PET1 Running with ESMF Version   : v8.3.0b13
20220422 014027.507 INFO             PET1 ESMF library build date/time: "Apr 22 2022" "00:24:39"
20220422 014027.507 INFO             PET1 ESMF library build location : /lustre/f2/dev/ncep/Mark.Potts/gfortran_8.3.0_mpi_O_develop
20220422 014027.507 INFO             PET1 ESMF_COMM                   : mpi
20220422 014027.508 INFO             PET1 ESMF_MOAB                   : enabled
20220422 014027.508 INFO             PET1 ESMF_LAPACK                 : enabled
20220422 014027.508 INFO             PET1 ESMF_NETCDF                 : enabled
20220422 014027.508 INFO             PET1 ESMF_PNETCDF                : disabled
20220422 014027.508 INFO             PET1 ESMF_PIO                    : enabled
20220422 014027.508 INFO             PET1 ESMF_YAMLCPP                : enabled
20220422 014027.555 INFO             PET1 ESMF_FieldRedistStoreNF(): Just entered routine.
20220422 014027.569 INFO             PET1 ESMF_FieldRedistStoreNF(): Leaving routine.
20220422 014027.598 INFO             PET1 ESMF_FieldRedistStoreNF(): Just entered routine.
20220422 014027.599 INFO             PET1 ESMF_FieldRedistStoreNF(): Leaving routine.
20220422 014027.599 INFO             PET1 ESMF_FieldRedistStoreNF(): Just entered routine.
20220422 014027.600 INFO             PET1 ESMF_FieldRedistStoreNF(): Leaving routine.
20220422 014027.601 INFO             PET1  NUMBER_OF_PROCESSORS           4
20220422 014027.602 INFO             PET1  PASS  Example ESMF_FieldRedistEx, ESMF_FieldRedistEx.F90, line 521
20220422 014027.602 INFO             PET1 Finalizing ESMF
20220422 014027.519 INFO             PET2 !!!!!!!!!!!!!!!!!!!!!!!!!!!!!!!!!!!!!!!!!!!!!!!!!!!!!!
20220422 014027.519 INFO             PET2 !!! THE ESMF_LOG IS SET TO OUTPUT ALL LOG MESSAGES !!!
20220422 014027.519 INFO             PET2 !!!     THIS MAY CAUSE SLOWDOWN IN PERFORMANCE     !!!
20220422 014027.519 INFO             PET2 !!! FOR PRODUCTION RUNS, USE:                      !!!
20220422 014027.519 INFO             PET2 !!!                   ESMF_LOGKIND_Multi_On_Error  !!!
20220422 014027.519 INFO             PET2 !!!!!!!!!!!!!!!!!!!!!!!!!!!!!!!!!!!!!!!!!!!!!!!!!!!!!!
20220422 014027.519 INFO             PET2 Running with ESMF Version   : v8.3.0b13
20220422 014027.519 INFO             PET2 ESMF library build date/time: "Apr 22 2022" "00:24:39"
20220422 014027.519 INFO             PET2 ESMF library build location : /lustre/f2/dev/ncep/Mark.Potts/gfortran_8.3.0_mpi_O_develop
20220422 014027.519 INFO             PET2 ESMF_COMM                   : mpi
20220422 014027.520 INFO             PET2 ESMF_MOAB                   : enabled
20220422 014027.520 INFO             PET2 ESMF_LAPACK                 : enabled
20220422 014027.520 INFO             PET2 ESMF_NETCDF                 : enabled
20220422 014027.520 INFO             PET2 ESMF_PNETCDF                : disabled
20220422 014027.520 INFO             PET2 ESMF_PIO                    : enabled
20220422 014027.520 INFO             PET2 ESMF_YAMLCPP                : enabled
20220422 014027.555 INFO             PET2 ESMF_FieldRedistStoreNF(): Just entered routine.
20220422 014027.569 INFO             PET2 ESMF_FieldRedistStoreNF(): Leaving routine.
20220422 014027.598 INFO             PET2 ESMF_FieldRedistStoreNF(): Just entered routine.
20220422 014027.599 INFO             PET2 ESMF_FieldRedistStoreNF(): Leaving routine.
20220422 014027.599 INFO             PET2 ESMF_FieldRedistStoreNF(): Just entered routine.
20220422 014027.600 INFO             PET2 ESMF_FieldRedistStoreNF(): Leaving routine.
20220422 014027.601 INFO             PET2  NUMBER_OF_PROCESSORS           4
20220422 014027.602 INFO             PET2  PASS  Example ESMF_FieldRedistEx, ESMF_FieldRedistEx.F90, line 521
20220422 014027.602 INFO             PET2 Finalizing ESMF
20220422 014027.518 INFO             PET3 !!!!!!!!!!!!!!!!!!!!!!!!!!!!!!!!!!!!!!!!!!!!!!!!!!!!!!
20220422 014027.518 INFO             PET3 !!! THE ESMF_LOG IS SET TO OUTPUT ALL LOG MESSAGES !!!
20220422 014027.518 INFO             PET3 !!!     THIS MAY CAUSE SLOWDOWN IN PERFORMANCE     !!!
20220422 014027.518 INFO             PET3 !!! FOR PRODUCTION RUNS, USE:                      !!!
20220422 014027.518 INFO             PET3 !!!                   ESMF_LOGKIND_Multi_On_Error  !!!
20220422 014027.518 INFO             PET3 !!!!!!!!!!!!!!!!!!!!!!!!!!!!!!!!!!!!!!!!!!!!!!!!!!!!!!
20220422 014027.518 INFO             PET3 Running with ESMF Version   : v8.3.0b13
20220422 014027.518 INFO             PET3 ESMF library build date/time: "Apr 22 2022" "00:24:39"
20220422 014027.518 INFO             PET3 ESMF library build location : /lustre/f2/dev/ncep/Mark.Potts/gfortran_8.3.0_mpi_O_develop
20220422 014027.518 INFO             PET3 ESMF_COMM                   : mpi
20220422 014027.518 INFO             PET3 ESMF_MOAB                   : enabled
20220422 014027.518 INFO             PET3 ESMF_LAPACK                 : enabled
20220422 014027.518 INFO             PET3 ESMF_NETCDF                 : enabled
20220422 014027.518 INFO             PET3 ESMF_PNETCDF                : disabled
20220422 014027.518 INFO             PET3 ESMF_PIO                    : enabled
20220422 014027.518 INFO             PET3 ESMF_YAMLCPP                : enabled
20220422 014027.555 INFO             PET3 ESMF_FieldRedistStoreNF(): Just entered routine.
20220422 014027.569 INFO             PET3 ESMF_FieldRedistStoreNF(): Leaving routine.
20220422 014027.598 INFO             PET3 ESMF_FieldRedistStoreNF(): Just entered routine.
20220422 014027.599 INFO             PET3 ESMF_FieldRedistStoreNF(): Leaving routine.
20220422 014027.599 INFO             PET3 ESMF_FieldRedistStoreNF(): Just entered routine.
20220422 014027.600 INFO             PET3 ESMF_FieldRedistStoreNF(): Leaving routine.
20220422 014027.601 INFO             PET3  NUMBER_OF_PROCESSORS           4
20220422 014027.602 INFO             PET3  PASS  Example ESMF_FieldRedistEx, ESMF_FieldRedistEx.F90, line 521
20220422 014027.602 INFO             PET3 Finalizing ESMF
