build time -- 2022-04-02 00:21:48
20220402 012937.062 INFO             PET0 !!!!!!!!!!!!!!!!!!!!!!!!!!!!!!!!!!!!!!!!!!!!!!!!!!!!!!
20220402 012937.063 INFO             PET0 !!! THE ESMF_LOG IS SET TO OUTPUT ALL LOG MESSAGES !!!
20220402 012937.063 INFO             PET0 !!!     THIS MAY CAUSE SLOWDOWN IN PERFORMANCE     !!!
20220402 012937.063 INFO             PET0 !!! FOR PRODUCTION RUNS, USE:                      !!!
20220402 012937.063 INFO             PET0 !!!                   ESMF_LOGKIND_Multi_On_Error  !!!
20220402 012937.063 INFO             PET0 !!!!!!!!!!!!!!!!!!!!!!!!!!!!!!!!!!!!!!!!!!!!!!!!!!!!!!
20220402 012937.063 INFO             PET0 Running with ESMF Version   : v8.3.0b12
20220402 012937.063 INFO             PET0 ESMF library build date/time: "Apr  2 2022" "00:20:28"
20220402 012937.063 INFO             PET0 ESMF library build location : /lustre/f2/dev/ncep/Mark.Potts/gfortran_8.3.0_mpi_O_develop
20220402 012937.063 INFO             PET0 ESMF_COMM                   : mpi
20220402 012937.064 INFO             PET0 ESMF_MOAB                   : enabled
20220402 012937.064 INFO             PET0 ESMF_LAPACK                 : enabled
20220402 012937.064 INFO             PET0 ESMF_NETCDF                 : enabled
20220402 012937.064 INFO             PET0 ESMF_PNETCDF                : disabled
20220402 012937.064 INFO             PET0 ESMF_PIO                    : enabled
20220402 012937.064 INFO             PET0 ESMF_YAMLCPP                : enabled
20220402 012937.067 INFO             PET0  NUMBER_OF_PROCESSORS           1
20220402 012937.067 INFO             PET0  PASS  Example ESMF_AlarmEx, ESMF_AlarmEx.F90, line 244
20220402 012937.067 INFO             PET0 Finalizing ESMF
