build time -- 2022-04-28 00:27:18
20220428 014448.385 INFO             PET0 !!!!!!!!!!!!!!!!!!!!!!!!!!!!!!!!!!!!!!!!!!!!!!!!!!!!!!
20220428 014448.386 INFO             PET0 !!! THE ESMF_LOG IS SET TO OUTPUT ALL LOG MESSAGES !!!
20220428 014448.386 INFO             PET0 !!!     THIS MAY CAUSE SLOWDOWN IN PERFORMANCE     !!!
20220428 014448.386 INFO             PET0 !!! FOR PRODUCTION RUNS, USE:                      !!!
20220428 014448.386 INFO             PET0 !!!                   ESMF_LOGKIND_Multi_On_Error  !!!
20220428 014448.386 INFO             PET0 !!!!!!!!!!!!!!!!!!!!!!!!!!!!!!!!!!!!!!!!!!!!!!!!!!!!!!
20220428 014448.386 INFO             PET0 Running with ESMF Version   : v8.3.0b13-3-g648c7f896f
20220428 014448.386 INFO             PET0 ESMF library build date/time: "Apr 28 2022" "00:25:14"
20220428 014448.386 INFO             PET0 ESMF library build location : /lustre/f2/dev/ncep/Mark.Potts/gfortran_8.3.0_mpi_O_develop
20220428 014448.386 INFO             PET0 ESMF_COMM                   : mpi
20220428 014448.387 INFO             PET0 ESMF_MOAB                   : enabled
20220428 014448.387 INFO             PET0 ESMF_LAPACK                 : enabled
20220428 014448.387 INFO             PET0 ESMF_NETCDF                 : enabled
20220428 014448.387 INFO             PET0 ESMF_PNETCDF                : disabled
20220428 014448.387 INFO             PET0 ESMF_PIO                    : enabled
20220428 014448.387 INFO             PET0 ESMF_YAMLCPP                : enabled
20220428 014448.410 INFO             PET0  NUMBER_OF_PROCESSORS           4
20220428 014448.411 INFO             PET0  PASS  Example ESMF_DistGridEx, ESMF_DistGridEx.F90, line 1902
20220428 014448.411 INFO             PET0 Finalizing ESMF
20220428 014448.394 INFO             PET1 !!!!!!!!!!!!!!!!!!!!!!!!!!!!!!!!!!!!!!!!!!!!!!!!!!!!!!
20220428 014448.394 INFO             PET1 !!! THE ESMF_LOG IS SET TO OUTPUT ALL LOG MESSAGES !!!
20220428 014448.394 INFO             PET1 !!!     THIS MAY CAUSE SLOWDOWN IN PERFORMANCE     !!!
20220428 014448.394 INFO             PET1 !!! FOR PRODUCTION RUNS, USE:                      !!!
20220428 014448.394 INFO             PET1 !!!                   ESMF_LOGKIND_Multi_On_Error  !!!
20220428 014448.394 INFO             PET1 !!!!!!!!!!!!!!!!!!!!!!!!!!!!!!!!!!!!!!!!!!!!!!!!!!!!!!
20220428 014448.394 INFO             PET1 Running with ESMF Version   : v8.3.0b13-3-g648c7f896f
20220428 014448.394 INFO             PET1 ESMF library build date/time: "Apr 28 2022" "00:25:14"
20220428 014448.394 INFO             PET1 ESMF library build location : /lustre/f2/dev/ncep/Mark.Potts/gfortran_8.3.0_mpi_O_develop
20220428 014448.394 INFO             PET1 ESMF_COMM                   : mpi
20220428 014448.395 INFO             PET1 ESMF_MOAB                   : enabled
20220428 014448.395 INFO             PET1 ESMF_LAPACK                 : enabled
20220428 014448.395 INFO             PET1 ESMF_NETCDF                 : enabled
20220428 014448.395 INFO             PET1 ESMF_PNETCDF                : disabled
20220428 014448.395 INFO             PET1 ESMF_PIO                    : enabled
20220428 014448.395 INFO             PET1 ESMF_YAMLCPP                : enabled
20220428 014448.410 INFO             PET1  NUMBER_OF_PROCESSORS           4
20220428 014448.411 INFO             PET1  PASS  Example ESMF_DistGridEx, ESMF_DistGridEx.F90, line 1902
20220428 014448.411 INFO             PET1 Finalizing ESMF
20220428 014448.388 INFO             PET2 !!!!!!!!!!!!!!!!!!!!!!!!!!!!!!!!!!!!!!!!!!!!!!!!!!!!!!
20220428 014448.388 INFO             PET2 !!! THE ESMF_LOG IS SET TO OUTPUT ALL LOG MESSAGES !!!
20220428 014448.388 INFO             PET2 !!!     THIS MAY CAUSE SLOWDOWN IN PERFORMANCE     !!!
20220428 014448.388 INFO             PET2 !!! FOR PRODUCTION RUNS, USE:                      !!!
20220428 014448.388 INFO             PET2 !!!                   ESMF_LOGKIND_Multi_On_Error  !!!
20220428 014448.388 INFO             PET2 !!!!!!!!!!!!!!!!!!!!!!!!!!!!!!!!!!!!!!!!!!!!!!!!!!!!!!
20220428 014448.388 INFO             PET2 Running with ESMF Version   : v8.3.0b13-3-g648c7f896f
20220428 014448.388 INFO             PET2 ESMF library build date/time: "Apr 28 2022" "00:25:14"
20220428 014448.388 INFO             PET2 ESMF library build location : /lustre/f2/dev/ncep/Mark.Potts/gfortran_8.3.0_mpi_O_develop
20220428 014448.388 INFO             PET2 ESMF_COMM                   : mpi
20220428 014448.388 INFO             PET2 ESMF_MOAB                   : enabled
20220428 014448.388 INFO             PET2 ESMF_LAPACK                 : enabled
20220428 014448.388 INFO             PET2 ESMF_NETCDF                 : enabled
20220428 014448.388 INFO             PET2 ESMF_PNETCDF                : disabled
20220428 014448.388 INFO             PET2 ESMF_PIO                    : enabled
20220428 014448.388 INFO             PET2 ESMF_YAMLCPP                : enabled
20220428 014448.410 INFO             PET2  NUMBER_OF_PROCESSORS           4
20220428 014448.411 INFO             PET2  PASS  Example ESMF_DistGridEx, ESMF_DistGridEx.F90, line 1902
20220428 014448.411 INFO             PET2 Finalizing ESMF
20220428 014448.400 INFO             PET3 !!!!!!!!!!!!!!!!!!!!!!!!!!!!!!!!!!!!!!!!!!!!!!!!!!!!!!
20220428 014448.400 INFO             PET3 !!! THE ESMF_LOG IS SET TO OUTPUT ALL LOG MESSAGES !!!
20220428 014448.400 INFO             PET3 !!!     THIS MAY CAUSE SLOWDOWN IN PERFORMANCE     !!!
20220428 014448.400 INFO             PET3 !!! FOR PRODUCTION RUNS, USE:                      !!!
20220428 014448.400 INFO             PET3 !!!                   ESMF_LOGKIND_Multi_On_Error  !!!
20220428 014448.400 INFO             PET3 !!!!!!!!!!!!!!!!!!!!!!!!!!!!!!!!!!!!!!!!!!!!!!!!!!!!!!
20220428 014448.400 INFO             PET3 Running with ESMF Version   : v8.3.0b13-3-g648c7f896f
20220428 014448.400 INFO             PET3 ESMF library build date/time: "Apr 28 2022" "00:25:14"
20220428 014448.400 INFO             PET3 ESMF library build location : /lustre/f2/dev/ncep/Mark.Potts/gfortran_8.3.0_mpi_O_develop
20220428 014448.400 INFO             PET3 ESMF_COMM                   : mpi
20220428 014448.401 INFO             PET3 ESMF_MOAB                   : enabled
20220428 014448.401 INFO             PET3 ESMF_LAPACK                 : enabled
20220428 014448.401 INFO             PET3 ESMF_NETCDF                 : enabled
20220428 014448.401 INFO             PET3 ESMF_PNETCDF                : disabled
20220428 014448.401 INFO             PET3 ESMF_PIO                    : enabled
20220428 014448.401 INFO             PET3 ESMF_YAMLCPP                : enabled
20220428 014448.410 INFO             PET3  NUMBER_OF_PROCESSORS           4
20220428 014448.411 INFO             PET3  PASS  Example ESMF_DistGridEx, ESMF_DistGridEx.F90, line 1902
20220428 014448.411 INFO             PET3 Finalizing ESMF
