build time -- 2022-05-18 00:26:37
20220518 015101.138 INFO             PET0 !!!!!!!!!!!!!!!!!!!!!!!!!!!!!!!!!!!!!!!!!!!!!!!!!!!!!!
20220518 015101.138 INFO             PET0 !!! THE ESMF_LOG IS SET TO OUTPUT ALL LOG MESSAGES !!!
20220518 015101.138 INFO             PET0 !!!     THIS MAY CAUSE SLOWDOWN IN PERFORMANCE     !!!
20220518 015101.138 INFO             PET0 !!! FOR PRODUCTION RUNS, USE:                      !!!
20220518 015101.138 INFO             PET0 !!!                   ESMF_LOGKIND_Multi_On_Error  !!!
20220518 015101.138 INFO             PET0 !!!!!!!!!!!!!!!!!!!!!!!!!!!!!!!!!!!!!!!!!!!!!!!!!!!!!!
20220518 015101.138 INFO             PET0 Running with ESMF Version   : v8.3.0b15
20220518 015101.138 INFO             PET0 ESMF library build date/time: "May 18 2022" "00:25:05"
20220518 015101.138 INFO             PET0 ESMF library build location : /lustre/f2/dev/ncep/Mark.Potts/gfortran_8.3.0_mpi_O_develop
20220518 015101.138 INFO             PET0 ESMF_COMM                   : mpi
20220518 015101.139 INFO             PET0 ESMF_MOAB                   : enabled
20220518 015101.139 INFO             PET0 ESMF_LAPACK                 : enabled
20220518 015101.139 INFO             PET0 ESMF_NETCDF                 : enabled
20220518 015101.139 INFO             PET0 ESMF_PNETCDF                : disabled
20220518 015101.139 INFO             PET0 ESMF_PIO                    : enabled
20220518 015101.139 INFO             PET0 ESMF_YAMLCPP                : enabled
20220518 015101.285 INFO             PET0  NUMBER_OF_PROCESSORS           4
20220518 015101.285 INFO             PET0  PASS  Example ESMF_LocStreamEx, ESMF_LocStreamEx.F90, line 784
20220518 015101.285 INFO             PET0 Finalizing ESMF
20220518 015101.135 INFO             PET1 !!!!!!!!!!!!!!!!!!!!!!!!!!!!!!!!!!!!!!!!!!!!!!!!!!!!!!
20220518 015101.135 INFO             PET1 !!! THE ESMF_LOG IS SET TO OUTPUT ALL LOG MESSAGES !!!
20220518 015101.135 INFO             PET1 !!!     THIS MAY CAUSE SLOWDOWN IN PERFORMANCE     !!!
20220518 015101.135 INFO             PET1 !!! FOR PRODUCTION RUNS, USE:                      !!!
20220518 015101.135 INFO             PET1 !!!                   ESMF_LOGKIND_Multi_On_Error  !!!
20220518 015101.135 INFO             PET1 !!!!!!!!!!!!!!!!!!!!!!!!!!!!!!!!!!!!!!!!!!!!!!!!!!!!!!
20220518 015101.135 INFO             PET1 Running with ESMF Version   : v8.3.0b15
20220518 015101.135 INFO             PET1 ESMF library build date/time: "May 18 2022" "00:25:05"
20220518 015101.135 INFO             PET1 ESMF library build location : /lustre/f2/dev/ncep/Mark.Potts/gfortran_8.3.0_mpi_O_develop
20220518 015101.135 INFO             PET1 ESMF_COMM                   : mpi
20220518 015101.135 INFO             PET1 ESMF_MOAB                   : enabled
20220518 015101.135 INFO             PET1 ESMF_LAPACK                 : enabled
20220518 015101.135 INFO             PET1 ESMF_NETCDF                 : enabled
20220518 015101.135 INFO             PET1 ESMF_PNETCDF                : disabled
20220518 015101.135 INFO             PET1 ESMF_PIO                    : enabled
20220518 015101.135 INFO             PET1 ESMF_YAMLCPP                : enabled
20220518 015101.285 INFO             PET1  NUMBER_OF_PROCESSORS           4
20220518 015101.285 INFO             PET1  PASS  Example ESMF_LocStreamEx, ESMF_LocStreamEx.F90, line 784
20220518 015101.285 INFO             PET1 Finalizing ESMF
20220518 015101.124 INFO             PET2 !!!!!!!!!!!!!!!!!!!!!!!!!!!!!!!!!!!!!!!!!!!!!!!!!!!!!!
20220518 015101.127 INFO             PET2 !!! THE ESMF_LOG IS SET TO OUTPUT ALL LOG MESSAGES !!!
20220518 015101.127 INFO             PET2 !!!     THIS MAY CAUSE SLOWDOWN IN PERFORMANCE     !!!
20220518 015101.127 INFO             PET2 !!! FOR PRODUCTION RUNS, USE:                      !!!
20220518 015101.127 INFO             PET2 !!!                   ESMF_LOGKIND_Multi_On_Error  !!!
20220518 015101.127 INFO             PET2 !!!!!!!!!!!!!!!!!!!!!!!!!!!!!!!!!!!!!!!!!!!!!!!!!!!!!!
20220518 015101.127 INFO             PET2 Running with ESMF Version   : v8.3.0b15
20220518 015101.127 INFO             PET2 ESMF library build date/time: "May 18 2022" "00:25:05"
20220518 015101.127 INFO             PET2 ESMF library build location : /lustre/f2/dev/ncep/Mark.Potts/gfortran_8.3.0_mpi_O_develop
20220518 015101.127 INFO             PET2 ESMF_COMM                   : mpi
20220518 015101.128 INFO             PET2 ESMF_MOAB                   : enabled
20220518 015101.128 INFO             PET2 ESMF_LAPACK                 : enabled
20220518 015101.128 INFO             PET2 ESMF_NETCDF                 : enabled
20220518 015101.128 INFO             PET2 ESMF_PNETCDF                : disabled
20220518 015101.128 INFO             PET2 ESMF_PIO                    : enabled
20220518 015101.128 INFO             PET2 ESMF_YAMLCPP                : enabled
20220518 015101.285 INFO             PET2  NUMBER_OF_PROCESSORS           4
20220518 015101.285 INFO             PET2  PASS  Example ESMF_LocStreamEx, ESMF_LocStreamEx.F90, line 784
20220518 015101.285 INFO             PET2 Finalizing ESMF
20220518 015101.124 INFO             PET3 !!!!!!!!!!!!!!!!!!!!!!!!!!!!!!!!!!!!!!!!!!!!!!!!!!!!!!
20220518 015101.127 INFO             PET3 !!! THE ESMF_LOG IS SET TO OUTPUT ALL LOG MESSAGES !!!
20220518 015101.127 INFO             PET3 !!!     THIS MAY CAUSE SLOWDOWN IN PERFORMANCE     !!!
20220518 015101.127 INFO             PET3 !!! FOR PRODUCTION RUNS, USE:                      !!!
20220518 015101.127 INFO             PET3 !!!                   ESMF_LOGKIND_Multi_On_Error  !!!
20220518 015101.127 INFO             PET3 !!!!!!!!!!!!!!!!!!!!!!!!!!!!!!!!!!!!!!!!!!!!!!!!!!!!!!
20220518 015101.127 INFO             PET3 Running with ESMF Version   : v8.3.0b15
20220518 015101.127 INFO             PET3 ESMF library build date/time: "May 18 2022" "00:25:05"
20220518 015101.127 INFO             PET3 ESMF library build location : /lustre/f2/dev/ncep/Mark.Potts/gfortran_8.3.0_mpi_O_develop
20220518 015101.127 INFO             PET3 ESMF_COMM                   : mpi
20220518 015101.128 INFO             PET3 ESMF_MOAB                   : enabled
20220518 015101.128 INFO             PET3 ESMF_LAPACK                 : enabled
20220518 015101.128 INFO             PET3 ESMF_NETCDF                 : enabled
20220518 015101.128 INFO             PET3 ESMF_PNETCDF                : disabled
20220518 015101.128 INFO             PET3 ESMF_PIO                    : enabled
20220518 015101.128 INFO             PET3 ESMF_YAMLCPP                : enabled
20220518 015101.285 INFO             PET3  NUMBER_OF_PROCESSORS           4
20220518 015101.285 INFO             PET3  PASS  Example ESMF_LocStreamEx, ESMF_LocStreamEx.F90, line 784
20220518 015101.285 INFO             PET3 Finalizing ESMF
