build time -- 2022-04-09 00:42:29
20220409 062929.487 INFO             PET0 !!!!!!!!!!!!!!!!!!!!!!!!!!!!!!!!!!!!!!!!!!!!!!!!!!!!!!
20220409 062929.488 INFO             PET0 !!! THE ESMF_LOG IS SET TO OUTPUT ALL LOG MESSAGES !!!
20220409 062929.488 INFO             PET0 !!!     THIS MAY CAUSE SLOWDOWN IN PERFORMANCE     !!!
20220409 062929.488 INFO             PET0 !!! FOR PRODUCTION RUNS, USE:                      !!!
20220409 062929.488 INFO             PET0 !!!                   ESMF_LOGKIND_Multi_On_Error  !!!
20220409 062929.488 INFO             PET0 !!!!!!!!!!!!!!!!!!!!!!!!!!!!!!!!!!!!!!!!!!!!!!!!!!!!!!
20220409 062929.488 INFO             PET0 Running with ESMF Version   : v8.3.0b12-1-g7c85d54760
20220409 062929.488 INFO             PET0 ESMF library build date/time: "Apr  9 2022" "00:40:20"
20220409 062929.488 INFO             PET0 ESMF library build location : /lustre/f2/dev/ncep/Mark.Potts/gfortran_8.3.0_mpi_O_develop
20220409 062929.488 INFO             PET0 ESMF_COMM                   : mpi
20220409 062929.490 INFO             PET0 ESMF_MOAB                   : enabled
20220409 062929.490 INFO             PET0 ESMF_LAPACK                 : enabled
20220409 062929.490 INFO             PET0 ESMF_NETCDF                 : enabled
20220409 062929.490 INFO             PET0 ESMF_PNETCDF                : disabled
20220409 062929.490 INFO             PET0 ESMF_PIO                    : enabled
20220409 062929.490 INFO             PET0 ESMF_YAMLCPP                : enabled
20220409 062929.492 INFO             PET0  NUMBER_OF_PROCESSORS           1
20220409 062929.492 INFO             PET0  PASS  Example CalendarEx, ESMF_CalendarEx.F90, line 217
20220409 062929.492 INFO             PET0 Finalizing ESMF
