build time -- 2022-04-05 00:21:33
20220405 013043.036 INFO             PET0 !!!!!!!!!!!!!!!!!!!!!!!!!!!!!!!!!!!!!!!!!!!!!!!!!!!!!!
20220405 013043.036 INFO             PET0 !!! THE ESMF_LOG IS SET TO OUTPUT ALL LOG MESSAGES !!!
20220405 013043.036 INFO             PET0 !!!     THIS MAY CAUSE SLOWDOWN IN PERFORMANCE     !!!
20220405 013043.036 INFO             PET0 !!! FOR PRODUCTION RUNS, USE:                      !!!
20220405 013043.036 INFO             PET0 !!!                   ESMF_LOGKIND_Multi_On_Error  !!!
20220405 013043.036 INFO             PET0 !!!!!!!!!!!!!!!!!!!!!!!!!!!!!!!!!!!!!!!!!!!!!!!!!!!!!!
20220405 013043.036 INFO             PET0 Running with ESMF Version   : v8.3.0b12
20220405 013043.036 INFO             PET0 ESMF library build date/time: "Apr  5 2022" "00:20:13"
20220405 013043.036 INFO             PET0 ESMF library build location : /lustre/f2/dev/ncep/Mark.Potts/gfortran_8.3.0_mpi_O_develop
20220405 013043.036 INFO             PET0 ESMF_COMM                   : mpi
20220405 013043.036 INFO             PET0 ESMF_MOAB                   : enabled
20220405 013043.036 INFO             PET0 ESMF_LAPACK                 : enabled
20220405 013043.036 INFO             PET0 ESMF_NETCDF                 : enabled
20220405 013043.036 INFO             PET0 ESMF_PNETCDF                : disabled
20220405 013043.036 INFO             PET0 ESMF_PIO                    : enabled
20220405 013043.036 INFO             PET0 ESMF_YAMLCPP                : enabled
20220405 013043.222 DEBUG            PET0 about to destroy Grid: 0x26e0cf0
20220405 013043.225 DEBUG            PET0 about to destroy Grid: 0x26e2460
20220405 013043.248 INFO             PET0  NUMBER_OF_PROCESSORS           4
20220405 013043.248 INFO             PET0  PASS  Example ESMF_NUOPCAtmModelEx, ESMF_NUOPCAtmModelEx.F90, line 806
20220405 013043.248 INFO             PET0 Finalizing ESMF
20220405 013043.021 INFO             PET1 !!!!!!!!!!!!!!!!!!!!!!!!!!!!!!!!!!!!!!!!!!!!!!!!!!!!!!
20220405 013043.021 INFO             PET1 !!! THE ESMF_LOG IS SET TO OUTPUT ALL LOG MESSAGES !!!
20220405 013043.021 INFO             PET1 !!!     THIS MAY CAUSE SLOWDOWN IN PERFORMANCE     !!!
20220405 013043.021 INFO             PET1 !!! FOR PRODUCTION RUNS, USE:                      !!!
20220405 013043.021 INFO             PET1 !!!                   ESMF_LOGKIND_Multi_On_Error  !!!
20220405 013043.021 INFO             PET1 !!!!!!!!!!!!!!!!!!!!!!!!!!!!!!!!!!!!!!!!!!!!!!!!!!!!!!
20220405 013043.021 INFO             PET1 Running with ESMF Version   : v8.3.0b12
20220405 013043.022 INFO             PET1 ESMF library build date/time: "Apr  5 2022" "00:20:13"
20220405 013043.022 INFO             PET1 ESMF library build location : /lustre/f2/dev/ncep/Mark.Potts/gfortran_8.3.0_mpi_O_develop
20220405 013043.022 INFO             PET1 ESMF_COMM                   : mpi
20220405 013043.022 INFO             PET1 ESMF_MOAB                   : enabled
20220405 013043.022 INFO             PET1 ESMF_LAPACK                 : enabled
20220405 013043.022 INFO             PET1 ESMF_NETCDF                 : enabled
20220405 013043.022 INFO             PET1 ESMF_PNETCDF                : disabled
20220405 013043.022 INFO             PET1 ESMF_PIO                    : enabled
20220405 013043.022 INFO             PET1 ESMF_YAMLCPP                : enabled
20220405 013043.222 DEBUG            PET1 about to destroy Grid: 0x26de3f0
20220405 013043.225 DEBUG            PET1 about to destroy Grid: 0x26e0020
20220405 013043.248 INFO             PET1  NUMBER_OF_PROCESSORS           4
20220405 013043.248 INFO             PET1  PASS  Example ESMF_NUOPCAtmModelEx, ESMF_NUOPCAtmModelEx.F90, line 806
20220405 013043.248 INFO             PET1 Finalizing ESMF
20220405 013043.030 INFO             PET2 !!!!!!!!!!!!!!!!!!!!!!!!!!!!!!!!!!!!!!!!!!!!!!!!!!!!!!
20220405 013043.030 INFO             PET2 !!! THE ESMF_LOG IS SET TO OUTPUT ALL LOG MESSAGES !!!
20220405 013043.030 INFO             PET2 !!!     THIS MAY CAUSE SLOWDOWN IN PERFORMANCE     !!!
20220405 013043.030 INFO             PET2 !!! FOR PRODUCTION RUNS, USE:                      !!!
20220405 013043.030 INFO             PET2 !!!                   ESMF_LOGKIND_Multi_On_Error  !!!
20220405 013043.030 INFO             PET2 !!!!!!!!!!!!!!!!!!!!!!!!!!!!!!!!!!!!!!!!!!!!!!!!!!!!!!
20220405 013043.030 INFO             PET2 Running with ESMF Version   : v8.3.0b12
20220405 013043.030 INFO             PET2 ESMF library build date/time: "Apr  5 2022" "00:20:13"
20220405 013043.030 INFO             PET2 ESMF library build location : /lustre/f2/dev/ncep/Mark.Potts/gfortran_8.3.0_mpi_O_develop
20220405 013043.030 INFO             PET2 ESMF_COMM                   : mpi
20220405 013043.031 INFO             PET2 ESMF_MOAB                   : enabled
20220405 013043.031 INFO             PET2 ESMF_LAPACK                 : enabled
20220405 013043.031 INFO             PET2 ESMF_NETCDF                 : enabled
20220405 013043.031 INFO             PET2 ESMF_PNETCDF                : disabled
20220405 013043.031 INFO             PET2 ESMF_PIO                    : enabled
20220405 013043.031 INFO             PET2 ESMF_YAMLCPP                : enabled
20220405 013043.222 DEBUG            PET2 about to destroy Grid: 0x26dd900
20220405 013043.225 DEBUG            PET2 about to destroy Grid: 0x26df3e0
20220405 013043.248 INFO             PET2  NUMBER_OF_PROCESSORS           4
20220405 013043.248 INFO             PET2  PASS  Example ESMF_NUOPCAtmModelEx, ESMF_NUOPCAtmModelEx.F90, line 806
20220405 013043.248 INFO             PET2 Finalizing ESMF
20220405 013043.021 INFO             PET3 !!!!!!!!!!!!!!!!!!!!!!!!!!!!!!!!!!!!!!!!!!!!!!!!!!!!!!
20220405 013043.021 INFO             PET3 !!! THE ESMF_LOG IS SET TO OUTPUT ALL LOG MESSAGES !!!
20220405 013043.021 INFO             PET3 !!!     THIS MAY CAUSE SLOWDOWN IN PERFORMANCE     !!!
20220405 013043.021 INFO             PET3 !!! FOR PRODUCTION RUNS, USE:                      !!!
20220405 013043.021 INFO             PET3 !!!                   ESMF_LOGKIND_Multi_On_Error  !!!
20220405 013043.021 INFO             PET3 !!!!!!!!!!!!!!!!!!!!!!!!!!!!!!!!!!!!!!!!!!!!!!!!!!!!!!
20220405 013043.021 INFO             PET3 Running with ESMF Version   : v8.3.0b12
20220405 013043.022 INFO             PET3 ESMF library build date/time: "Apr  5 2022" "00:20:13"
20220405 013043.022 INFO             PET3 ESMF library build location : /lustre/f2/dev/ncep/Mark.Potts/gfortran_8.3.0_mpi_O_develop
20220405 013043.022 INFO             PET3 ESMF_COMM                   : mpi
20220405 013043.022 INFO             PET3 ESMF_MOAB                   : enabled
20220405 013043.022 INFO             PET3 ESMF_LAPACK                 : enabled
20220405 013043.022 INFO             PET3 ESMF_NETCDF                 : enabled
20220405 013043.022 INFO             PET3 ESMF_PNETCDF                : disabled
20220405 013043.022 INFO             PET3 ESMF_PIO                    : enabled
20220405 013043.022 INFO             PET3 ESMF_YAMLCPP                : enabled
20220405 013043.222 DEBUG            PET3 about to destroy Grid: 0x26dda80
20220405 013043.225 DEBUG            PET3 about to destroy Grid: 0x26df6b0
20220405 013043.248 INFO             PET3  NUMBER_OF_PROCESSORS           4
20220405 013043.248 INFO             PET3  PASS  Example ESMF_NUOPCAtmModelEx, ESMF_NUOPCAtmModelEx.F90, line 806
20220405 013043.248 INFO             PET3 Finalizing ESMF
