build time -- 2022-04-12 00:27:07
20220412 014428.011 INFO             PET0 !!!!!!!!!!!!!!!!!!!!!!!!!!!!!!!!!!!!!!!!!!!!!!!!!!!!!!
20220412 014428.013 INFO             PET0 !!! THE ESMF_LOG IS SET TO OUTPUT ALL LOG MESSAGES !!!
20220412 014428.013 INFO             PET0 !!!     THIS MAY CAUSE SLOWDOWN IN PERFORMANCE     !!!
20220412 014428.013 INFO             PET0 !!! FOR PRODUCTION RUNS, USE:                      !!!
20220412 014428.013 INFO             PET0 !!!                   ESMF_LOGKIND_Multi_On_Error  !!!
20220412 014428.013 INFO             PET0 !!!!!!!!!!!!!!!!!!!!!!!!!!!!!!!!!!!!!!!!!!!!!!!!!!!!!!
20220412 014428.013 INFO             PET0 Running with ESMF Version   : v8.3.0b12-59-ge6bf2211df
20220412 014428.013 INFO             PET0 ESMF library build date/time: "Apr 12 2022" "00:24:58"
20220412 014428.013 INFO             PET0 ESMF library build location : /lustre/f2/dev/ncep/Mark.Potts/gfortran_8.3.0_mpi_O_develop
20220412 014428.013 INFO             PET0 ESMF_COMM                   : mpi
20220412 014428.014 INFO             PET0 ESMF_MOAB                   : enabled
20220412 014428.014 INFO             PET0 ESMF_LAPACK                 : enabled
20220412 014428.014 INFO             PET0 ESMF_NETCDF                 : enabled
20220412 014428.014 INFO             PET0 ESMF_PNETCDF                : disabled
20220412 014428.014 INFO             PET0 ESMF_PIO                    : enabled
20220412 014428.014 INFO             PET0 ESMF_YAMLCPP                : enabled
20220412 014428.016 INFO             PET0 ESMF Tracing Enabled
20220412 014428.016 INFO             PET0 ESMF Profiling Enabled
20220412 014428.017 INFO             PET0 ESMF Trace/Profile clock: REALTIME
20220412 014428.054 WARNING          PET0 ESMF Tracing/Profiling could not load dynamic instrumentation functions.
20220412 014428.111 INFO             PET0  NUMBER_OF_PROCESSORS           4
20220412 014428.112 INFO             PET0  PASS  Example ESMF_TraceEx, ESMF_TraceEx.F90, line 178
20220412 014428.112 INFO             PET0 Finalizing ESMF
20220412 014428.112 INFO             PET0 **************** Region Timings *******************
20220412 014428.112 INFO             PET0 Region              Count  Total (s)   Self (s)    Mean (s)    Min (s)     Max (s)
20220412 014428.114 INFO             PET0   [test] Run 1      5      0.0000      0.0000      0.0000      0.0000      0.0000
20220412 014428.114 INFO             PET0   [test] Init 1     1      0.0000      0.0000      0.0000      0.0000      0.0000
20220412 014428.114 INFO             PET0   [test] Final 1    1      0.0000      0.0000      0.0000      0.0000      0.0000
20220412 014428.012 INFO             PET1 !!!!!!!!!!!!!!!!!!!!!!!!!!!!!!!!!!!!!!!!!!!!!!!!!!!!!!
20220412 014428.013 INFO             PET1 !!! THE ESMF_LOG IS SET TO OUTPUT ALL LOG MESSAGES !!!
20220412 014428.013 INFO             PET1 !!!     THIS MAY CAUSE SLOWDOWN IN PERFORMANCE     !!!
20220412 014428.013 INFO             PET1 !!! FOR PRODUCTION RUNS, USE:                      !!!
20220412 014428.013 INFO             PET1 !!!                   ESMF_LOGKIND_Multi_On_Error  !!!
20220412 014428.013 INFO             PET1 !!!!!!!!!!!!!!!!!!!!!!!!!!!!!!!!!!!!!!!!!!!!!!!!!!!!!!
20220412 014428.013 INFO             PET1 Running with ESMF Version   : v8.3.0b12-59-ge6bf2211df
20220412 014428.013 INFO             PET1 ESMF library build date/time: "Apr 12 2022" "00:24:58"
20220412 014428.013 INFO             PET1 ESMF library build location : /lustre/f2/dev/ncep/Mark.Potts/gfortran_8.3.0_mpi_O_develop
20220412 014428.013 INFO             PET1 ESMF_COMM                   : mpi
20220412 014428.014 INFO             PET1 ESMF_MOAB                   : enabled
20220412 014428.014 INFO             PET1 ESMF_LAPACK                 : enabled
20220412 014428.014 INFO             PET1 ESMF_NETCDF                 : enabled
20220412 014428.014 INFO             PET1 ESMF_PNETCDF                : disabled
20220412 014428.014 INFO             PET1 ESMF_PIO                    : enabled
20220412 014428.014 INFO             PET1 ESMF_YAMLCPP                : enabled
20220412 014428.016 INFO             PET1 ESMF Tracing Enabled
20220412 014428.016 INFO             PET1 ESMF Profiling Enabled
20220412 014428.017 INFO             PET1 ESMF Trace/Profile clock: REALTIME
20220412 014428.020 WARNING          PET1 ESMF Tracing/Profiling could not load dynamic instrumentation functions.
20220412 014428.111 INFO             PET1  NUMBER_OF_PROCESSORS           4
20220412 014428.112 INFO             PET1  PASS  Example ESMF_TraceEx, ESMF_TraceEx.F90, line 178
20220412 014428.112 INFO             PET1 Finalizing ESMF
20220412 014428.112 INFO             PET1 **************** Region Timings *******************
20220412 014428.112 INFO             PET1 Region              Count  Total (s)   Self (s)    Mean (s)    Min (s)     Max (s)
20220412 014428.114 INFO             PET1   [test] Run 1      5      0.0000      0.0000      0.0000      0.0000      0.0000
20220412 014428.114 INFO             PET1   [test] Init 1     1      0.0000      0.0000      0.0000      0.0000      0.0000
20220412 014428.114 INFO             PET1   [test] Final 1    1      0.0000      0.0000      0.0000      0.0000      0.0000
20220412 014428.016 INFO             PET2 !!!!!!!!!!!!!!!!!!!!!!!!!!!!!!!!!!!!!!!!!!!!!!!!!!!!!!
20220412 014428.016 INFO             PET2 !!! THE ESMF_LOG IS SET TO OUTPUT ALL LOG MESSAGES !!!
20220412 014428.016 INFO             PET2 !!!     THIS MAY CAUSE SLOWDOWN IN PERFORMANCE     !!!
20220412 014428.016 INFO             PET2 !!! FOR PRODUCTION RUNS, USE:                      !!!
20220412 014428.016 INFO             PET2 !!!                   ESMF_LOGKIND_Multi_On_Error  !!!
20220412 014428.016 INFO             PET2 !!!!!!!!!!!!!!!!!!!!!!!!!!!!!!!!!!!!!!!!!!!!!!!!!!!!!!
20220412 014428.016 INFO             PET2 Running with ESMF Version   : v8.3.0b12-59-ge6bf2211df
20220412 014428.016 INFO             PET2 ESMF library build date/time: "Apr 12 2022" "00:24:58"
20220412 014428.016 INFO             PET2 ESMF library build location : /lustre/f2/dev/ncep/Mark.Potts/gfortran_8.3.0_mpi_O_develop
20220412 014428.016 INFO             PET2 ESMF_COMM                   : mpi
20220412 014428.016 INFO             PET2 ESMF_MOAB                   : enabled
20220412 014428.017 INFO             PET2 ESMF_LAPACK                 : enabled
20220412 014428.017 INFO             PET2 ESMF_NETCDF                 : enabled
20220412 014428.017 INFO             PET2 ESMF_PNETCDF                : disabled
20220412 014428.017 INFO             PET2 ESMF_PIO                    : enabled
20220412 014428.017 INFO             PET2 ESMF_YAMLCPP                : enabled
20220412 014428.017 INFO             PET2 ESMF Tracing Enabled
20220412 014428.017 INFO             PET2 ESMF Profiling Enabled
20220412 014428.017 INFO             PET2 ESMF Trace/Profile clock: REALTIME
20220412 014428.020 WARNING          PET2 ESMF Tracing/Profiling could not load dynamic instrumentation functions.
20220412 014428.111 INFO             PET2  NUMBER_OF_PROCESSORS           4
20220412 014428.112 INFO             PET2  PASS  Example ESMF_TraceEx, ESMF_TraceEx.F90, line 178
20220412 014428.112 INFO             PET2 Finalizing ESMF
20220412 014428.112 INFO             PET2 **************** Region Timings *******************
20220412 014428.112 INFO             PET2 Region              Count  Total (s)   Self (s)    Mean (s)    Min (s)     Max (s)
20220412 014428.114 INFO             PET2   [test] Run 1      5      0.0000      0.0000      0.0000      0.0000      0.0000
20220412 014428.114 INFO             PET2   [test] Init 1     1      0.0000      0.0000      0.0000      0.0000      0.0000
20220412 014428.114 INFO             PET2   [test] Final 1    1      0.0000      0.0000      0.0000      0.0000      0.0000
20220412 014428.015 INFO             PET3 !!!!!!!!!!!!!!!!!!!!!!!!!!!!!!!!!!!!!!!!!!!!!!!!!!!!!!
20220412 014428.015 INFO             PET3 !!! THE ESMF_LOG IS SET TO OUTPUT ALL LOG MESSAGES !!!
20220412 014428.015 INFO             PET3 !!!     THIS MAY CAUSE SLOWDOWN IN PERFORMANCE     !!!
20220412 014428.015 INFO             PET3 !!! FOR PRODUCTION RUNS, USE:                      !!!
20220412 014428.015 INFO             PET3 !!!                   ESMF_LOGKIND_Multi_On_Error  !!!
20220412 014428.015 INFO             PET3 !!!!!!!!!!!!!!!!!!!!!!!!!!!!!!!!!!!!!!!!!!!!!!!!!!!!!!
20220412 014428.015 INFO             PET3 Running with ESMF Version   : v8.3.0b12-59-ge6bf2211df
20220412 014428.015 INFO             PET3 ESMF library build date/time: "Apr 12 2022" "00:24:58"
20220412 014428.015 INFO             PET3 ESMF library build location : /lustre/f2/dev/ncep/Mark.Potts/gfortran_8.3.0_mpi_O_develop
20220412 014428.015 INFO             PET3 ESMF_COMM                   : mpi
20220412 014428.015 INFO             PET3 ESMF_MOAB                   : enabled
20220412 014428.015 INFO             PET3 ESMF_LAPACK                 : enabled
20220412 014428.015 INFO             PET3 ESMF_NETCDF                 : enabled
20220412 014428.015 INFO             PET3 ESMF_PNETCDF                : disabled
20220412 014428.015 INFO             PET3 ESMF_PIO                    : enabled
20220412 014428.015 INFO             PET3 ESMF_YAMLCPP                : enabled
20220412 014428.016 INFO             PET3 ESMF Tracing Enabled
20220412 014428.016 INFO             PET3 ESMF Profiling Enabled
20220412 014428.017 INFO             PET3 ESMF Trace/Profile clock: REALTIME
20220412 014428.020 WARNING          PET3 ESMF Tracing/Profiling could not load dynamic instrumentation functions.
20220412 014428.111 INFO             PET3  NUMBER_OF_PROCESSORS           4
20220412 014428.112 INFO             PET3  PASS  Example ESMF_TraceEx, ESMF_TraceEx.F90, line 178
20220412 014428.112 INFO             PET3 Finalizing ESMF
20220412 014428.112 INFO             PET3 **************** Region Timings *******************
20220412 014428.112 INFO             PET3 Region              Count  Total (s)   Self (s)    Mean (s)    Min (s)     Max (s)
20220412 014428.114 INFO             PET3   [test] Run 1      5      0.0000      0.0000      0.0000      0.0000      0.0000
20220412 014428.114 INFO             PET3   [test] Init 1     1      0.0000      0.0000      0.0000      0.0000      0.0000
20220412 014428.114 INFO             PET3   [test] Final 1    1      0.0000      0.0000      0.0000      0.0000      0.0000
