build time -- 2022-04-14 00:27:17
20220414 014224.726 INFO             PET0 !!!!!!!!!!!!!!!!!!!!!!!!!!!!!!!!!!!!!!!!!!!!!!!!!!!!!!
20220414 014224.726 INFO             PET0 !!! THE ESMF_LOG IS SET TO OUTPUT ALL LOG MESSAGES !!!
20220414 014224.726 INFO             PET0 !!!     THIS MAY CAUSE SLOWDOWN IN PERFORMANCE     !!!
20220414 014224.726 INFO             PET0 !!! FOR PRODUCTION RUNS, USE:                      !!!
20220414 014224.726 INFO             PET0 !!!                   ESMF_LOGKIND_Multi_On_Error  !!!
20220414 014224.726 INFO             PET0 !!!!!!!!!!!!!!!!!!!!!!!!!!!!!!!!!!!!!!!!!!!!!!!!!!!!!!
20220414 014224.726 INFO             PET0 Running with ESMF Version   : v8.3.0b12-62-gbae6f575dd
20220414 014224.726 INFO             PET0 ESMF library build date/time: "Apr 14 2022" "00:25:10"
20220414 014224.726 INFO             PET0 ESMF library build location : /lustre/f2/dev/ncep/Mark.Potts/gfortran_8.3.0_mpi_O_develop
20220414 014224.726 INFO             PET0 ESMF_COMM                   : mpi
20220414 014224.727 INFO             PET0 ESMF_MOAB                   : enabled
20220414 014224.727 INFO             PET0 ESMF_LAPACK                 : enabled
20220414 014224.727 INFO             PET0 ESMF_NETCDF                 : enabled
20220414 014224.727 INFO             PET0 ESMF_PNETCDF                : disabled
20220414 014224.727 INFO             PET0 ESMF_PIO                    : enabled
20220414 014224.727 INFO             PET0 ESMF_YAMLCPP                : enabled
20220414 014224.776 INFO             PET0 ESMF_FieldRedistStoreNF(): Just entered routine.
20220414 014224.820 INFO             PET0 ESMF_FieldRedistStoreNF(): Leaving routine.
20220414 014224.882 INFO             PET0  NUMBER_OF_PROCESSORS           4
20220414 014224.882 INFO             PET0  PASS  Example ESMF_RHandleFromFileEx, ESMF_RHandleFromFileEx.F90, line 192
20220414 014224.882 INFO             PET0 Finalizing ESMF
20220414 014224.729 INFO             PET1 !!!!!!!!!!!!!!!!!!!!!!!!!!!!!!!!!!!!!!!!!!!!!!!!!!!!!!
20220414 014224.729 INFO             PET1 !!! THE ESMF_LOG IS SET TO OUTPUT ALL LOG MESSAGES !!!
20220414 014224.729 INFO             PET1 !!!     THIS MAY CAUSE SLOWDOWN IN PERFORMANCE     !!!
20220414 014224.729 INFO             PET1 !!! FOR PRODUCTION RUNS, USE:                      !!!
20220414 014224.729 INFO             PET1 !!!                   ESMF_LOGKIND_Multi_On_Error  !!!
20220414 014224.729 INFO             PET1 !!!!!!!!!!!!!!!!!!!!!!!!!!!!!!!!!!!!!!!!!!!!!!!!!!!!!!
20220414 014224.729 INFO             PET1 Running with ESMF Version   : v8.3.0b12-62-gbae6f575dd
20220414 014224.729 INFO             PET1 ESMF library build date/time: "Apr 14 2022" "00:25:10"
20220414 014224.729 INFO             PET1 ESMF library build location : /lustre/f2/dev/ncep/Mark.Potts/gfortran_8.3.0_mpi_O_develop
20220414 014224.729 INFO             PET1 ESMF_COMM                   : mpi
20220414 014224.729 INFO             PET1 ESMF_MOAB                   : enabled
20220414 014224.729 INFO             PET1 ESMF_LAPACK                 : enabled
20220414 014224.729 INFO             PET1 ESMF_NETCDF                 : enabled
20220414 014224.729 INFO             PET1 ESMF_PNETCDF                : disabled
20220414 014224.729 INFO             PET1 ESMF_PIO                    : enabled
20220414 014224.729 INFO             PET1 ESMF_YAMLCPP                : enabled
20220414 014224.775 INFO             PET1 ESMF_FieldRedistStoreNF(): Just entered routine.
20220414 014224.819 INFO             PET1 ESMF_FieldRedistStoreNF(): Leaving routine.
20220414 014224.882 INFO             PET1  NUMBER_OF_PROCESSORS           4
20220414 014224.882 INFO             PET1  PASS  Example ESMF_RHandleFromFileEx, ESMF_RHandleFromFileEx.F90, line 192
20220414 014224.882 INFO             PET1 Finalizing ESMF
20220414 014224.723 INFO             PET2 !!!!!!!!!!!!!!!!!!!!!!!!!!!!!!!!!!!!!!!!!!!!!!!!!!!!!!
20220414 014224.724 INFO             PET2 !!! THE ESMF_LOG IS SET TO OUTPUT ALL LOG MESSAGES !!!
20220414 014224.724 INFO             PET2 !!!     THIS MAY CAUSE SLOWDOWN IN PERFORMANCE     !!!
20220414 014224.724 INFO             PET2 !!! FOR PRODUCTION RUNS, USE:                      !!!
20220414 014224.724 INFO             PET2 !!!                   ESMF_LOGKIND_Multi_On_Error  !!!
20220414 014224.724 INFO             PET2 !!!!!!!!!!!!!!!!!!!!!!!!!!!!!!!!!!!!!!!!!!!!!!!!!!!!!!
20220414 014224.724 INFO             PET2 Running with ESMF Version   : v8.3.0b12-62-gbae6f575dd
20220414 014224.724 INFO             PET2 ESMF library build date/time: "Apr 14 2022" "00:25:10"
20220414 014224.724 INFO             PET2 ESMF library build location : /lustre/f2/dev/ncep/Mark.Potts/gfortran_8.3.0_mpi_O_develop
20220414 014224.724 INFO             PET2 ESMF_COMM                   : mpi
20220414 014224.724 INFO             PET2 ESMF_MOAB                   : enabled
20220414 014224.724 INFO             PET2 ESMF_LAPACK                 : enabled
20220414 014224.724 INFO             PET2 ESMF_NETCDF                 : enabled
20220414 014224.724 INFO             PET2 ESMF_PNETCDF                : disabled
20220414 014224.724 INFO             PET2 ESMF_PIO                    : enabled
20220414 014224.724 INFO             PET2 ESMF_YAMLCPP                : enabled
20220414 014224.775 INFO             PET2 ESMF_FieldRedistStoreNF(): Just entered routine.
20220414 014224.820 INFO             PET2 ESMF_FieldRedistStoreNF(): Leaving routine.
20220414 014224.882 INFO             PET2  NUMBER_OF_PROCESSORS           4
20220414 014224.882 INFO             PET2  PASS  Example ESMF_RHandleFromFileEx, ESMF_RHandleFromFileEx.F90, line 192
20220414 014224.882 INFO             PET2 Finalizing ESMF
20220414 014224.734 INFO             PET3 !!!!!!!!!!!!!!!!!!!!!!!!!!!!!!!!!!!!!!!!!!!!!!!!!!!!!!
20220414 014224.734 INFO             PET3 !!! THE ESMF_LOG IS SET TO OUTPUT ALL LOG MESSAGES !!!
20220414 014224.734 INFO             PET3 !!!     THIS MAY CAUSE SLOWDOWN IN PERFORMANCE     !!!
20220414 014224.734 INFO             PET3 !!! FOR PRODUCTION RUNS, USE:                      !!!
20220414 014224.734 INFO             PET3 !!!                   ESMF_LOGKIND_Multi_On_Error  !!!
20220414 014224.734 INFO             PET3 !!!!!!!!!!!!!!!!!!!!!!!!!!!!!!!!!!!!!!!!!!!!!!!!!!!!!!
20220414 014224.734 INFO             PET3 Running with ESMF Version   : v8.3.0b12-62-gbae6f575dd
20220414 014224.734 INFO             PET3 ESMF library build date/time: "Apr 14 2022" "00:25:10"
20220414 014224.734 INFO             PET3 ESMF library build location : /lustre/f2/dev/ncep/Mark.Potts/gfortran_8.3.0_mpi_O_develop
20220414 014224.734 INFO             PET3 ESMF_COMM                   : mpi
20220414 014224.735 INFO             PET3 ESMF_MOAB                   : enabled
20220414 014224.735 INFO             PET3 ESMF_LAPACK                 : enabled
20220414 014224.735 INFO             PET3 ESMF_NETCDF                 : enabled
20220414 014224.735 INFO             PET3 ESMF_PNETCDF                : disabled
20220414 014224.735 INFO             PET3 ESMF_PIO                    : enabled
20220414 014224.735 INFO             PET3 ESMF_YAMLCPP                : enabled
20220414 014224.776 INFO             PET3 ESMF_FieldRedistStoreNF(): Just entered routine.
20220414 014224.819 INFO             PET3 ESMF_FieldRedistStoreNF(): Leaving routine.
20220414 014224.882 INFO             PET3  NUMBER_OF_PROCESSORS           4
20220414 014224.882 INFO             PET3  PASS  Example ESMF_RHandleFromFileEx, ESMF_RHandleFromFileEx.F90, line 192
20220414 014224.882 INFO             PET3 Finalizing ESMF
