build time -- 2022-04-04 00:22:28
20220404 012914.501 INFO             PET0 !!!!!!!!!!!!!!!!!!!!!!!!!!!!!!!!!!!!!!!!!!!!!!!!!!!!!!
20220404 012914.502 INFO             PET0 !!! THE ESMF_LOG IS SET TO OUTPUT ALL LOG MESSAGES !!!
20220404 012914.502 INFO             PET0 !!!     THIS MAY CAUSE SLOWDOWN IN PERFORMANCE     !!!
20220404 012914.502 INFO             PET0 !!! FOR PRODUCTION RUNS, USE:                      !!!
20220404 012914.502 INFO             PET0 !!!                   ESMF_LOGKIND_Multi_On_Error  !!!
20220404 012914.502 INFO             PET0 !!!!!!!!!!!!!!!!!!!!!!!!!!!!!!!!!!!!!!!!!!!!!!!!!!!!!!
20220404 012914.502 INFO             PET0 Running with ESMF Version   : v8.3.0b12
20220404 012914.502 INFO             PET0 ESMF library build date/time: "Apr  4 2022" "00:20:58"
20220404 012914.502 INFO             PET0 ESMF library build location : /lustre/f2/dev/ncep/Mark.Potts/gfortran_8.3.0_mpi_O_develop
20220404 012914.502 INFO             PET0 ESMF_COMM                   : mpi
20220404 012914.503 INFO             PET0 ESMF_MOAB                   : enabled
20220404 012914.503 INFO             PET0 ESMF_LAPACK                 : enabled
20220404 012914.503 INFO             PET0 ESMF_NETCDF                 : enabled
20220404 012914.503 INFO             PET0 ESMF_PNETCDF                : disabled
20220404 012914.503 INFO             PET0 ESMF_PIO                    : enabled
20220404 012914.503 INFO             PET0 ESMF_YAMLCPP                : enabled
20220404 012914.505 INFO             PET0  NUMBER_OF_PROCESSORS           1
20220404 012914.505 INFO             PET0  PASS  Example ESMF_TimeEx, ESMF_TimeEx.F90, line 141
20220404 012914.505 INFO             PET0 Finalizing ESMF
