build time -- 2022-06-01 00:27:26
20220601 033211.725 INFO             PET0 !!!!!!!!!!!!!!!!!!!!!!!!!!!!!!!!!!!!!!!!!!!!!!!!!!!!!!
20220601 033211.726 INFO             PET0 !!! THE ESMF_LOG IS SET TO OUTPUT ALL LOG MESSAGES !!!
20220601 033211.726 INFO             PET0 !!!     THIS MAY CAUSE SLOWDOWN IN PERFORMANCE     !!!
20220601 033211.726 INFO             PET0 !!! FOR PRODUCTION RUNS, USE:                      !!!
20220601 033211.726 INFO             PET0 !!!                   ESMF_LOGKIND_Multi_On_Error  !!!
20220601 033211.726 INFO             PET0 !!!!!!!!!!!!!!!!!!!!!!!!!!!!!!!!!!!!!!!!!!!!!!!!!!!!!!
20220601 033211.726 INFO             PET0 Running with ESMF Version   : v8.3.0b16
20220601 033211.726 INFO             PET0 ESMF library build date/time: "Jun  1 2022" "00:25:49"
20220601 033211.726 INFO             PET0 ESMF library build location : /lustre/f2/dev/ncep/Mark.Potts/gfortran_8.3.0_mpi_O_develop
20220601 033211.726 INFO             PET0 ESMF_COMM                   : mpi
20220601 033211.727 INFO             PET0 ESMF_MOAB                   : enabled
20220601 033211.727 INFO             PET0 ESMF_LAPACK                 : enabled
20220601 033211.727 INFO             PET0 ESMF_NETCDF                 : enabled
20220601 033211.727 INFO             PET0 ESMF_PNETCDF                : disabled
20220601 033211.727 INFO             PET0 ESMF_PIO                    : enabled
20220601 033211.727 INFO             PET0 ESMF_YAMLCPP                : enabled
20220601 033211.729 INFO             PET0  NUMBER_OF_PROCESSORS           1
20220601 033211.730 INFO             PET0  PASS  Example ESMF_TimeIntervalEx, ESMF_TimeIntervalEx.F90, line 176
20220601 033211.730 INFO             PET0 Finalizing ESMF
