build time -- 2022-06-01 12:43:26.764512
20220601 135244.411 INFO             PET0 !!!!!!!!!!!!!!!!!!!!!!!!!!!!!!!!!!!!!!!!!!!!!!!!!!!!!!
20220601 135244.411 INFO             PET0 !!! THE ESMF_LOG IS SET TO OUTPUT ALL LOG MESSAGES !!!
20220601 135244.411 INFO             PET0 !!!     THIS MAY CAUSE SLOWDOWN IN PERFORMANCE     !!!
20220601 135244.411 INFO             PET0 !!! FOR PRODUCTION RUNS, USE:                      !!!
20220601 135244.411 INFO             PET0 !!!                   ESMF_LOGKIND_Multi_On_Error  !!!
20220601 135244.411 INFO             PET0 !!!!!!!!!!!!!!!!!!!!!!!!!!!!!!!!!!!!!!!!!!!!!!!!!!!!!!
20220601 135244.411 INFO             PET0 Running with ESMF Version   : v8.4.0b00
20220601 135244.411 INFO             PET0 ESMF library build date/time: "Jun  1 2022" "12:36:38"
20220601 135244.411 INFO             PET0 ESMF library build location : /glade/scratch/dunlap/esmf-testing/intel_18.0.5_intelmpi_O_develop
20220601 135244.411 INFO             PET0 ESMF_COMM                   : intelmpi
20220601 135244.411 INFO             PET0 ESMF_MOAB                   : enabled
20220601 135244.411 INFO             PET0 ESMF_LAPACK                 : enabled
20220601 135244.411 INFO             PET0 ESMF_NETCDF                 : enabled
20220601 135244.411 INFO             PET0 ESMF_PNETCDF                : disabled
20220601 135244.411 INFO             PET0 ESMF_PIO                    : enabled
20220601 135244.411 INFO             PET0 ESMF_YAMLCPP                : enabled
20220601 135244.481 DEBUG            PET0 about to destroy Grid: 0x135e680
20220601 135244.484 DEBUG            PET0 about to destroy Grid: 0x1360500
20220601 135244.496 INFO             PET0  NUMBER_OF_PROCESSORS           4
20220601 135244.496 INFO             PET0  PASS  Example ESMF_NUOPCAtmModelEx, ESMF_NUOPCAtmModelEx.F90, line 806
20220601 135244.496 INFO             PET0 Finalizing ESMF
20220601 135244.412 INFO             PET1 !!!!!!!!!!!!!!!!!!!!!!!!!!!!!!!!!!!!!!!!!!!!!!!!!!!!!!
20220601 135244.412 INFO             PET1 !!! THE ESMF_LOG IS SET TO OUTPUT ALL LOG MESSAGES !!!
20220601 135244.412 INFO             PET1 !!!     THIS MAY CAUSE SLOWDOWN IN PERFORMANCE     !!!
20220601 135244.412 INFO             PET1 !!! FOR PRODUCTION RUNS, USE:                      !!!
20220601 135244.412 INFO             PET1 !!!                   ESMF_LOGKIND_Multi_On_Error  !!!
20220601 135244.412 INFO             PET1 !!!!!!!!!!!!!!!!!!!!!!!!!!!!!!!!!!!!!!!!!!!!!!!!!!!!!!
20220601 135244.412 INFO             PET1 Running with ESMF Version   : v8.4.0b00
20220601 135244.412 INFO             PET1 ESMF library build date/time: "Jun  1 2022" "12:36:38"
20220601 135244.412 INFO             PET1 ESMF library build location : /glade/scratch/dunlap/esmf-testing/intel_18.0.5_intelmpi_O_develop
20220601 135244.412 INFO             PET1 ESMF_COMM                   : intelmpi
20220601 135244.412 INFO             PET1 ESMF_MOAB                   : enabled
20220601 135244.412 INFO             PET1 ESMF_LAPACK                 : enabled
20220601 135244.412 INFO             PET1 ESMF_NETCDF                 : enabled
20220601 135244.412 INFO             PET1 ESMF_PNETCDF                : disabled
20220601 135244.412 INFO             PET1 ESMF_PIO                    : enabled
20220601 135244.412 INFO             PET1 ESMF_YAMLCPP                : enabled
20220601 135244.481 DEBUG            PET1 about to destroy Grid: 0x933320
20220601 135244.484 DEBUG            PET1 about to destroy Grid: 0x933c10
20220601 135244.496 INFO             PET1  NUMBER_OF_PROCESSORS           4
20220601 135244.496 INFO             PET1  PASS  Example ESMF_NUOPCAtmModelEx, ESMF_NUOPCAtmModelEx.F90, line 806
20220601 135244.496 INFO             PET1 Finalizing ESMF
20220601 135244.412 INFO             PET2 !!!!!!!!!!!!!!!!!!!!!!!!!!!!!!!!!!!!!!!!!!!!!!!!!!!!!!
20220601 135244.412 INFO             PET2 !!! THE ESMF_LOG IS SET TO OUTPUT ALL LOG MESSAGES !!!
20220601 135244.412 INFO             PET2 !!!     THIS MAY CAUSE SLOWDOWN IN PERFORMANCE     !!!
20220601 135244.412 INFO             PET2 !!! FOR PRODUCTION RUNS, USE:                      !!!
20220601 135244.412 INFO             PET2 !!!                   ESMF_LOGKIND_Multi_On_Error  !!!
20220601 135244.412 INFO             PET2 !!!!!!!!!!!!!!!!!!!!!!!!!!!!!!!!!!!!!!!!!!!!!!!!!!!!!!
20220601 135244.412 INFO             PET2 Running with ESMF Version   : v8.4.0b00
20220601 135244.412 INFO             PET2 ESMF library build date/time: "Jun  1 2022" "12:36:38"
20220601 135244.412 INFO             PET2 ESMF library build location : /glade/scratch/dunlap/esmf-testing/intel_18.0.5_intelmpi_O_develop
20220601 135244.412 INFO             PET2 ESMF_COMM                   : intelmpi
20220601 135244.412 INFO             PET2 ESMF_MOAB                   : enabled
20220601 135244.412 INFO             PET2 ESMF_LAPACK                 : enabled
20220601 135244.412 INFO             PET2 ESMF_NETCDF                 : enabled
20220601 135244.412 INFO             PET2 ESMF_PNETCDF                : disabled
20220601 135244.412 INFO             PET2 ESMF_PIO                    : enabled
20220601 135244.412 INFO             PET2 ESMF_YAMLCPP                : enabled
20220601 135244.481 DEBUG            PET2 about to destroy Grid: 0x1bd8320
20220601 135244.484 DEBUG            PET2 about to destroy Grid: 0x1bd8c10
20220601 135244.496 INFO             PET2  NUMBER_OF_PROCESSORS           4
20220601 135244.496 INFO             PET2  PASS  Example ESMF_NUOPCAtmModelEx, ESMF_NUOPCAtmModelEx.F90, line 806
20220601 135244.496 INFO             PET2 Finalizing ESMF
20220601 135244.412 INFO             PET3 !!!!!!!!!!!!!!!!!!!!!!!!!!!!!!!!!!!!!!!!!!!!!!!!!!!!!!
20220601 135244.412 INFO             PET3 !!! THE ESMF_LOG IS SET TO OUTPUT ALL LOG MESSAGES !!!
20220601 135244.412 INFO             PET3 !!!     THIS MAY CAUSE SLOWDOWN IN PERFORMANCE     !!!
20220601 135244.412 INFO             PET3 !!! FOR PRODUCTION RUNS, USE:                      !!!
20220601 135244.412 INFO             PET3 !!!                   ESMF_LOGKIND_Multi_On_Error  !!!
20220601 135244.412 INFO             PET3 !!!!!!!!!!!!!!!!!!!!!!!!!!!!!!!!!!!!!!!!!!!!!!!!!!!!!!
20220601 135244.412 INFO             PET3 Running with ESMF Version   : v8.4.0b00
20220601 135244.412 INFO             PET3 ESMF library build date/time: "Jun  1 2022" "12:36:38"
20220601 135244.412 INFO             PET3 ESMF library build location : /glade/scratch/dunlap/esmf-testing/intel_18.0.5_intelmpi_O_develop
20220601 135244.412 INFO             PET3 ESMF_COMM                   : intelmpi
20220601 135244.413 INFO             PET3 ESMF_MOAB                   : enabled
20220601 135244.413 INFO             PET3 ESMF_LAPACK                 : enabled
20220601 135244.413 INFO             PET3 ESMF_NETCDF                 : enabled
20220601 135244.413 INFO             PET3 ESMF_PNETCDF                : disabled
20220601 135244.413 INFO             PET3 ESMF_PIO                    : enabled
20220601 135244.413 INFO             PET3 ESMF_YAMLCPP                : enabled
20220601 135244.481 DEBUG            PET3 about to destroy Grid: 0x1e0f330
20220601 135244.484 DEBUG            PET3 about to destroy Grid: 0x1e0fc20
20220601 135244.496 INFO             PET3  NUMBER_OF_PROCESSORS           4
20220601 135244.496 INFO             PET3  PASS  Example ESMF_NUOPCAtmModelEx, ESMF_NUOPCAtmModelEx.F90, line 806
20220601 135244.496 INFO             PET3 Finalizing ESMF
