build time -- 2022-06-04 03:08:52.638695
20220604 041007.847 INFO             PET0 !!!!!!!!!!!!!!!!!!!!!!!!!!!!!!!!!!!!!!!!!!!!!!!!!!!!!!
20220604 041007.847 INFO             PET0 !!! THE ESMF_LOG IS SET TO OUTPUT ALL LOG MESSAGES !!!
20220604 041007.847 INFO             PET0 !!!     THIS MAY CAUSE SLOWDOWN IN PERFORMANCE     !!!
20220604 041007.847 INFO             PET0 !!! FOR PRODUCTION RUNS, USE:                      !!!
20220604 041007.847 INFO             PET0 !!!                   ESMF_LOGKIND_Multi_On_Error  !!!
20220604 041007.847 INFO             PET0 !!!!!!!!!!!!!!!!!!!!!!!!!!!!!!!!!!!!!!!!!!!!!!!!!!!!!!
20220604 041007.847 INFO             PET0 Running with ESMF Version   : v8.3.0b17-1-g6ed324f6a2
20220604 041007.847 INFO             PET0 ESMF library build date/time: "Jun  4 2022" "03:04:53"
20220604 041007.847 INFO             PET0 ESMF library build location : /gpfsm/dnb04/projects/p98/mpotts/esmf/pgi_20.4_mpiuni_g_release_8.3.0
20220604 041007.847 INFO             PET0 ESMF_COMM                   : mpiuni
20220604 041007.848 INFO             PET0 ESMF_MOAB                   : enabled
20220604 041007.848 INFO             PET0 ESMF_LAPACK                 : enabled
20220604 041007.848 INFO             PET0 ESMF_NETCDF                 : disabled
20220604 041007.848 INFO             PET0 ESMF_PNETCDF                : disabled
20220604 041007.848 INFO             PET0 ESMF_PIO                    : disabled
20220604 041007.848 INFO             PET0 ESMF_YAMLCPP                : enabled
20220604 041007.848 INFO             PET0 ESMF Tracing Enabled
20220604 041007.848 INFO             PET0 ESMF Profiling Enabled
20220604 041007.848 INFO             PET0 ESMF Trace/Profile clock: REALTIME
20220604 041007.947 INFO             PET0  NUMBER_OF_PROCESSORS            1
20220604 041007.947 INFO             PET0  PASS  Example ESMF_TraceEx, ESMF_TraceEx.F90, line 178
20220604 041007.947 INFO             PET0 Finalizing ESMF
20220604 041007.947 INFO             PET0 **************** Region Timings *******************
20220604 041007.947 INFO             PET0 Region              Count  Total (s)   Self (s)    Mean (s)    Min (s)     Max (s)
20220604 041007.947 INFO             PET0   [test] Run 1      5      0.0000      0.0000      0.0000      0.0000      0.0000
20220604 041007.947 INFO             PET0   [test] Init 1     1      0.0000      0.0000      0.0000      0.0000      0.0000
20220604 041007.947 INFO             PET0   [test] Final 1    1      0.0000      0.0000      0.0000      0.0000      0.0000
