build time -- 2022-06-05 11:30:04
20220605 115456.585 INFO             PET0 !!!!!!!!!!!!!!!!!!!!!!!!!!!!!!!!!!!!!!!!!!!!!!!!!!!!!!
20220605 115456.585 INFO             PET0 !!! THE ESMF_LOG IS SET TO OUTPUT ALL LOG MESSAGES !!!
20220605 115456.585 INFO             PET0 !!!     THIS MAY CAUSE SLOWDOWN IN PERFORMANCE     !!!
20220605 115456.585 INFO             PET0 !!! FOR PRODUCTION RUNS, USE:                      !!!
20220605 115456.585 INFO             PET0 !!!                   ESMF_LOGKIND_Multi_On_Error  !!!
20220605 115456.585 INFO             PET0 !!!!!!!!!!!!!!!!!!!!!!!!!!!!!!!!!!!!!!!!!!!!!!!!!!!!!!
20220605 115456.585 INFO             PET0 Running with ESMF Version   : v8.4.0b01
20220605 115456.585 INFO             PET0 ESMF library build date/time: "Jun  5 2022" "11:28:31"
20220605 115456.585 INFO             PET0 ESMF library build location : /Volumes/esmf/esmf-testing/gfortran_11.2.0_mpiuni_g_develop
20220605 115456.585 INFO             PET0 ESMF_COMM                   : mpiuni
20220605 115456.585 INFO             PET0 ESMF_MOAB                   : enabled
20220605 115456.585 INFO             PET0 ESMF_LAPACK                 : enabled
20220605 115456.585 INFO             PET0 ESMF_NETCDF                 : enabled
20220605 115456.585 INFO             PET0 ESMF_PNETCDF                : disabled
20220605 115456.585 INFO             PET0 ESMF_PIO                    : disabled
20220605 115456.585 INFO             PET0 ESMF_YAMLCPP                : enabled
20220605 115456.694 DEBUG            PET0 about to destroy Grid: 0x7f8736862c00
20220605 115456.710 DEBUG            PET0 about to destroy Grid: 0x7f873686d400
20220605 115456.751 INFO             PET0  NUMBER_OF_PROCESSORS           1
20220605 115456.751 INFO             PET0  PASS  Example ESMF_NUOPCAtmModelEx, ESMF_NUOPCAtmModelEx.F90, line 806
20220605 115456.751 INFO             PET0 Finalizing ESMF
