build time -- 2022-06-04 11:33:12
20220604 115659.979 INFO             PET0 !!!!!!!!!!!!!!!!!!!!!!!!!!!!!!!!!!!!!!!!!!!!!!!!!!!!!!
20220604 115659.979 INFO             PET0 !!! THE ESMF_LOG IS SET TO OUTPUT ALL LOG MESSAGES !!!
20220604 115659.979 INFO             PET0 !!!     THIS MAY CAUSE SLOWDOWN IN PERFORMANCE     !!!
20220604 115659.979 INFO             PET0 !!! FOR PRODUCTION RUNS, USE:                      !!!
20220604 115659.979 INFO             PET0 !!!                   ESMF_LOGKIND_Multi_On_Error  !!!
20220604 115659.979 INFO             PET0 !!!!!!!!!!!!!!!!!!!!!!!!!!!!!!!!!!!!!!!!!!!!!!!!!!!!!!
20220604 115659.979 INFO             PET0 Running with ESMF Version   : v8.4.0b01
20220604 115659.979 INFO             PET0 ESMF library build date/time: "Jun  4 2022" "11:31:39"
20220604 115659.979 INFO             PET0 ESMF library build location : /Volumes/esmf/esmf-testing/gfortran_11.2.0_mpiuni_g_develop
20220604 115659.979 INFO             PET0 ESMF_COMM                   : mpiuni
20220604 115659.979 INFO             PET0 ESMF_MOAB                   : enabled
20220604 115659.979 INFO             PET0 ESMF_LAPACK                 : enabled
20220604 115659.979 INFO             PET0 ESMF_NETCDF                 : enabled
20220604 115659.979 INFO             PET0 ESMF_PNETCDF                : disabled
20220604 115659.979 INFO             PET0 ESMF_PIO                    : disabled
20220604 115659.979 INFO             PET0 ESMF_YAMLCPP                : enabled
20220604 115659.980 INFO             PET0  NUMBER_OF_PROCESSORS           1
20220604 115659.980 INFO             PET0  PASS  Example ESMF_TimeEx, ESMF_TimeEx.F90, line 141
20220604 115659.980 INFO             PET0 Finalizing ESMF
