build time -- 2022-05-21 05:53:39
20220521 060915.867 INFO             PET0 !!!!!!!!!!!!!!!!!!!!!!!!!!!!!!!!!!!!!!!!!!!!!!!!!!!!!!
20220521 060915.867 INFO             PET0 !!! THE ESMF_LOG IS SET TO OUTPUT ALL LOG MESSAGES !!!
20220521 060915.867 INFO             PET0 !!!     THIS MAY CAUSE SLOWDOWN IN PERFORMANCE     !!!
20220521 060915.867 INFO             PET0 !!! FOR PRODUCTION RUNS, USE:                      !!!
20220521 060915.867 INFO             PET0 !!!                   ESMF_LOGKIND_Multi_On_Error  !!!
20220521 060915.867 INFO             PET0 !!!!!!!!!!!!!!!!!!!!!!!!!!!!!!!!!!!!!!!!!!!!!!!!!!!!!!
20220521 060915.867 INFO             PET0 Running with ESMF Version   : v8.3.0b16-3-gc2b47388e1
20220521 060915.867 INFO             PET0 ESMF library build date/time: "May 21 2022" "05:52:44"
20220521 060915.867 INFO             PET0 ESMF library build location : /scratch1/NCEPDEV/stmp2/role.esmfmaint/gfortran_9.2.0a_mpiuni_O_release_8.3.0
20220521 060915.867 INFO             PET0 ESMF_COMM                   : mpiuni
20220521 060915.868 INFO             PET0 ESMF_MOAB                   : enabled
20220521 060915.868 INFO             PET0 ESMF_LAPACK                 : enabled
20220521 060915.868 INFO             PET0 ESMF_NETCDF                 : enabled
20220521 060915.868 INFO             PET0 ESMF_PNETCDF                : disabled
20220521 060915.868 INFO             PET0 ESMF_PIO                    : disabled
20220521 060915.868 INFO             PET0 ESMF_YAMLCPP                : enabled
20220521 060915.870 INFO             PET0 ESMF_FieldRedistStoreNF(): Just entered routine.
20220521 060915.969 INFO             PET0 ESMF_FieldRedistStoreNF(): Leaving routine.
20220521 060915.985 INFO             PET0  NUMBER_OF_PROCESSORS           1
20220521 060915.985 INFO             PET0  PASS  Example ESMF_RHandleFromFileEx, ESMF_RHandleFromFileEx.F90, line 192
20220521 060915.985 INFO             PET0 Finalizing ESMF
