build time -- 2022-06-07 06:17:53
20220607 064939.893 INFO             PET0 !!!!!!!!!!!!!!!!!!!!!!!!!!!!!!!!!!!!!!!!!!!!!!!!!!!!!!
20220607 064939.893 INFO             PET0 !!! THE ESMF_LOG IS SET TO OUTPUT ALL LOG MESSAGES !!!
20220607 064939.893 INFO             PET0 !!!     THIS MAY CAUSE SLOWDOWN IN PERFORMANCE     !!!
20220607 064939.893 INFO             PET0 !!! FOR PRODUCTION RUNS, USE:                      !!!
20220607 064939.893 INFO             PET0 !!!                   ESMF_LOGKIND_Multi_On_Error  !!!
20220607 064939.893 INFO             PET0 !!!!!!!!!!!!!!!!!!!!!!!!!!!!!!!!!!!!!!!!!!!!!!!!!!!!!!
20220607 064939.893 INFO             PET0 Running with ESMF Version   : v8.4.0b01-1-g3c875a5b01
20220607 064939.893 INFO             PET0 ESMF library build date/time: "Jun  7 2022" "06:15:58"
20220607 064939.893 INFO             PET0 ESMF library build location : /scratch1/NCEPDEV/stmp2/role.esmfmaint/intel_18.0.5b_intelmpi_g_develop
20220607 064939.893 INFO             PET0 ESMF_COMM                   : intelmpi
20220607 064939.894 INFO             PET0 ESMF_MOAB                   : enabled
20220607 064939.894 INFO             PET0 ESMF_LAPACK                 : enabled
20220607 064939.894 INFO             PET0 ESMF_NETCDF                 : enabled
20220607 064939.894 INFO             PET0 ESMF_PNETCDF                : disabled
20220607 064939.894 INFO             PET0 ESMF_PIO                    : enabled
20220607 064939.894 INFO             PET0 ESMF_YAMLCPP                : enabled
20220607 064940.023 DEBUG            PET0 about to destroy Grid: 0x14d8df0
20220607 064940.040 DEBUG            PET0 about to destroy Grid: 0x14da810
20220607 064940.084 INFO             PET0  NUMBER_OF_PROCESSORS           4
20220607 064940.084 INFO             PET0  PASS  Example ESMF_NUOPCAtmModelEx, ESMF_NUOPCAtmModelEx.F90, line 806
20220607 064940.084 INFO             PET0 Finalizing ESMF
20220607 064939.894 INFO             PET1 !!!!!!!!!!!!!!!!!!!!!!!!!!!!!!!!!!!!!!!!!!!!!!!!!!!!!!
20220607 064939.894 INFO             PET1 !!! THE ESMF_LOG IS SET TO OUTPUT ALL LOG MESSAGES !!!
20220607 064939.894 INFO             PET1 !!!     THIS MAY CAUSE SLOWDOWN IN PERFORMANCE     !!!
20220607 064939.894 INFO             PET1 !!! FOR PRODUCTION RUNS, USE:                      !!!
20220607 064939.894 INFO             PET1 !!!                   ESMF_LOGKIND_Multi_On_Error  !!!
20220607 064939.894 INFO             PET1 !!!!!!!!!!!!!!!!!!!!!!!!!!!!!!!!!!!!!!!!!!!!!!!!!!!!!!
20220607 064939.894 INFO             PET1 Running with ESMF Version   : v8.4.0b01-1-g3c875a5b01
20220607 064939.894 INFO             PET1 ESMF library build date/time: "Jun  7 2022" "06:15:58"
20220607 064939.894 INFO             PET1 ESMF library build location : /scratch1/NCEPDEV/stmp2/role.esmfmaint/intel_18.0.5b_intelmpi_g_develop
20220607 064939.894 INFO             PET1 ESMF_COMM                   : intelmpi
20220607 064939.896 INFO             PET1 ESMF_MOAB                   : enabled
20220607 064939.896 INFO             PET1 ESMF_LAPACK                 : enabled
20220607 064939.896 INFO             PET1 ESMF_NETCDF                 : enabled
20220607 064939.896 INFO             PET1 ESMF_PNETCDF                : disabled
20220607 064939.896 INFO             PET1 ESMF_PIO                    : enabled
20220607 064939.896 INFO             PET1 ESMF_YAMLCPP                : enabled
20220607 064940.023 DEBUG            PET1 about to destroy Grid: 0x278fa10
20220607 064940.040 DEBUG            PET1 about to destroy Grid: 0x2790300
20220607 064940.085 INFO             PET1  NUMBER_OF_PROCESSORS           4
20220607 064940.085 INFO             PET1  PASS  Example ESMF_NUOPCAtmModelEx, ESMF_NUOPCAtmModelEx.F90, line 806
20220607 064940.085 INFO             PET1 Finalizing ESMF
20220607 064939.893 INFO             PET2 !!!!!!!!!!!!!!!!!!!!!!!!!!!!!!!!!!!!!!!!!!!!!!!!!!!!!!
20220607 064939.893 INFO             PET2 !!! THE ESMF_LOG IS SET TO OUTPUT ALL LOG MESSAGES !!!
20220607 064939.893 INFO             PET2 !!!     THIS MAY CAUSE SLOWDOWN IN PERFORMANCE     !!!
20220607 064939.893 INFO             PET2 !!! FOR PRODUCTION RUNS, USE:                      !!!
20220607 064939.893 INFO             PET2 !!!                   ESMF_LOGKIND_Multi_On_Error  !!!
20220607 064939.893 INFO             PET2 !!!!!!!!!!!!!!!!!!!!!!!!!!!!!!!!!!!!!!!!!!!!!!!!!!!!!!
20220607 064939.893 INFO             PET2 Running with ESMF Version   : v8.4.0b01-1-g3c875a5b01
20220607 064939.893 INFO             PET2 ESMF library build date/time: "Jun  7 2022" "06:15:58"
20220607 064939.893 INFO             PET2 ESMF library build location : /scratch1/NCEPDEV/stmp2/role.esmfmaint/intel_18.0.5b_intelmpi_g_develop
20220607 064939.893 INFO             PET2 ESMF_COMM                   : intelmpi
20220607 064939.894 INFO             PET2 ESMF_MOAB                   : enabled
20220607 064939.894 INFO             PET2 ESMF_LAPACK                 : enabled
20220607 064939.894 INFO             PET2 ESMF_NETCDF                 : enabled
20220607 064939.894 INFO             PET2 ESMF_PNETCDF                : disabled
20220607 064939.894 INFO             PET2 ESMF_PIO                    : enabled
20220607 064939.894 INFO             PET2 ESMF_YAMLCPP                : enabled
20220607 064940.023 DEBUG            PET2 about to destroy Grid: 0x18d89c0
20220607 064940.040 DEBUG            PET2 about to destroy Grid: 0x18d92b0
20220607 064940.084 INFO             PET2  NUMBER_OF_PROCESSORS           4
20220607 064940.084 INFO             PET2  PASS  Example ESMF_NUOPCAtmModelEx, ESMF_NUOPCAtmModelEx.F90, line 806
20220607 064940.084 INFO             PET2 Finalizing ESMF
20220607 064939.894 INFO             PET3 !!!!!!!!!!!!!!!!!!!!!!!!!!!!!!!!!!!!!!!!!!!!!!!!!!!!!!
20220607 064939.894 INFO             PET3 !!! THE ESMF_LOG IS SET TO OUTPUT ALL LOG MESSAGES !!!
20220607 064939.894 INFO             PET3 !!!     THIS MAY CAUSE SLOWDOWN IN PERFORMANCE     !!!
20220607 064939.894 INFO             PET3 !!! FOR PRODUCTION RUNS, USE:                      !!!
20220607 064939.894 INFO             PET3 !!!                   ESMF_LOGKIND_Multi_On_Error  !!!
20220607 064939.894 INFO             PET3 !!!!!!!!!!!!!!!!!!!!!!!!!!!!!!!!!!!!!!!!!!!!!!!!!!!!!!
20220607 064939.894 INFO             PET3 Running with ESMF Version   : v8.4.0b01-1-g3c875a5b01
20220607 064939.894 INFO             PET3 ESMF library build date/time: "Jun  7 2022" "06:15:58"
20220607 064939.894 INFO             PET3 ESMF library build location : /scratch1/NCEPDEV/stmp2/role.esmfmaint/intel_18.0.5b_intelmpi_g_develop
20220607 064939.894 INFO             PET3 ESMF_COMM                   : intelmpi
20220607 064939.895 INFO             PET3 ESMF_MOAB                   : enabled
20220607 064939.895 INFO             PET3 ESMF_LAPACK                 : enabled
20220607 064939.895 INFO             PET3 ESMF_NETCDF                 : enabled
20220607 064939.895 INFO             PET3 ESMF_PNETCDF                : disabled
20220607 064939.895 INFO             PET3 ESMF_PIO                    : enabled
20220607 064939.895 INFO             PET3 ESMF_YAMLCPP                : enabled
20220607 064940.023 DEBUG            PET3 about to destroy Grid: 0xe279c0
20220607 064940.040 DEBUG            PET3 about to destroy Grid: 0xe282b0
20220607 064940.084 INFO             PET3  NUMBER_OF_PROCESSORS           4
20220607 064940.084 INFO             PET3  PASS  Example ESMF_NUOPCAtmModelEx, ESMF_NUOPCAtmModelEx.F90, line 806
20220607 064940.084 INFO             PET3 Finalizing ESMF
