build time -- 2022-05-13 06:06:51
20220513 063621.521 INFO             PET0 !!!!!!!!!!!!!!!!!!!!!!!!!!!!!!!!!!!!!!!!!!!!!!!!!!!!!!
20220513 063621.521 INFO             PET0 !!! THE ESMF_LOG IS SET TO OUTPUT ALL LOG MESSAGES !!!
20220513 063621.521 INFO             PET0 !!!     THIS MAY CAUSE SLOWDOWN IN PERFORMANCE     !!!
20220513 063621.521 INFO             PET0 !!! FOR PRODUCTION RUNS, USE:                      !!!
20220513 063621.521 INFO             PET0 !!!                   ESMF_LOGKIND_Multi_On_Error  !!!
20220513 063621.521 INFO             PET0 !!!!!!!!!!!!!!!!!!!!!!!!!!!!!!!!!!!!!!!!!!!!!!!!!!!!!!
20220513 063621.521 INFO             PET0 Running with ESMF Version   : v8.3.0b14-2-gde129fc120
20220513 063621.521 INFO             PET0 ESMF library build date/time: "May 13 2022" "06:04:55"
20220513 063621.521 INFO             PET0 ESMF library build location : /scratch1/NCEPDEV/stmp2/role.esmfmaint/intel_18.0.5b_intelmpi_g_develop
20220513 063621.521 INFO             PET0 ESMF_COMM                   : intelmpi
20220513 063621.522 INFO             PET0 ESMF_MOAB                   : enabled
20220513 063621.522 INFO             PET0 ESMF_LAPACK                 : enabled
20220513 063621.522 INFO             PET0 ESMF_NETCDF                 : enabled
20220513 063621.522 INFO             PET0 ESMF_PNETCDF                : disabled
20220513 063621.522 INFO             PET0 ESMF_PIO                    : enabled
20220513 063621.522 INFO             PET0 ESMF_YAMLCPP                : enabled
20220513 063621.540 INFO             PET0 ESMF_FieldRedistStoreNF(): Just entered routine.
20220513 063621.939 INFO             PET0 ESMF_FieldRedistStoreNF(): Leaving routine.
20220513 063621.944 INFO             PET0  NUMBER_OF_PROCESSORS           4
20220513 063621.944 INFO             PET0  PASS  Example ESMF_RHandleFromRHandleEx, ESMF_RHandleFromRHandleEx.F90, line 660
20220513 063621.944 INFO             PET0 Finalizing ESMF
20220513 063621.521 INFO             PET1 !!!!!!!!!!!!!!!!!!!!!!!!!!!!!!!!!!!!!!!!!!!!!!!!!!!!!!
20220513 063621.521 INFO             PET1 !!! THE ESMF_LOG IS SET TO OUTPUT ALL LOG MESSAGES !!!
20220513 063621.521 INFO             PET1 !!!     THIS MAY CAUSE SLOWDOWN IN PERFORMANCE     !!!
20220513 063621.521 INFO             PET1 !!! FOR PRODUCTION RUNS, USE:                      !!!
20220513 063621.521 INFO             PET1 !!!                   ESMF_LOGKIND_Multi_On_Error  !!!
20220513 063621.521 INFO             PET1 !!!!!!!!!!!!!!!!!!!!!!!!!!!!!!!!!!!!!!!!!!!!!!!!!!!!!!
20220513 063621.521 INFO             PET1 Running with ESMF Version   : v8.3.0b14-2-gde129fc120
20220513 063621.521 INFO             PET1 ESMF library build date/time: "May 13 2022" "06:04:55"
20220513 063621.521 INFO             PET1 ESMF library build location : /scratch1/NCEPDEV/stmp2/role.esmfmaint/intel_18.0.5b_intelmpi_g_develop
20220513 063621.521 INFO             PET1 ESMF_COMM                   : intelmpi
20220513 063621.522 INFO             PET1 ESMF_MOAB                   : enabled
20220513 063621.522 INFO             PET1 ESMF_LAPACK                 : enabled
20220513 063621.522 INFO             PET1 ESMF_NETCDF                 : enabled
20220513 063621.522 INFO             PET1 ESMF_PNETCDF                : disabled
20220513 063621.522 INFO             PET1 ESMF_PIO                    : enabled
20220513 063621.522 INFO             PET1 ESMF_YAMLCPP                : enabled
20220513 063621.540 INFO             PET1 ESMF_FieldRedistStoreNF(): Just entered routine.
20220513 063621.939 INFO             PET1 ESMF_FieldRedistStoreNF(): Leaving routine.
20220513 063621.944 INFO             PET1  NUMBER_OF_PROCESSORS           4
20220513 063621.944 INFO             PET1  PASS  Example ESMF_RHandleFromRHandleEx, ESMF_RHandleFromRHandleEx.F90, line 660
20220513 063621.944 INFO             PET1 Finalizing ESMF
20220513 063621.521 INFO             PET2 !!!!!!!!!!!!!!!!!!!!!!!!!!!!!!!!!!!!!!!!!!!!!!!!!!!!!!
20220513 063621.521 INFO             PET2 !!! THE ESMF_LOG IS SET TO OUTPUT ALL LOG MESSAGES !!!
20220513 063621.521 INFO             PET2 !!!     THIS MAY CAUSE SLOWDOWN IN PERFORMANCE     !!!
20220513 063621.521 INFO             PET2 !!! FOR PRODUCTION RUNS, USE:                      !!!
20220513 063621.521 INFO             PET2 !!!                   ESMF_LOGKIND_Multi_On_Error  !!!
20220513 063621.521 INFO             PET2 !!!!!!!!!!!!!!!!!!!!!!!!!!!!!!!!!!!!!!!!!!!!!!!!!!!!!!
20220513 063621.521 INFO             PET2 Running with ESMF Version   : v8.3.0b14-2-gde129fc120
20220513 063621.521 INFO             PET2 ESMF library build date/time: "May 13 2022" "06:04:55"
20220513 063621.521 INFO             PET2 ESMF library build location : /scratch1/NCEPDEV/stmp2/role.esmfmaint/intel_18.0.5b_intelmpi_g_develop
20220513 063621.521 INFO             PET2 ESMF_COMM                   : intelmpi
20220513 063621.522 INFO             PET2 ESMF_MOAB                   : enabled
20220513 063621.522 INFO             PET2 ESMF_LAPACK                 : enabled
20220513 063621.522 INFO             PET2 ESMF_NETCDF                 : enabled
20220513 063621.522 INFO             PET2 ESMF_PNETCDF                : disabled
20220513 063621.522 INFO             PET2 ESMF_PIO                    : enabled
20220513 063621.522 INFO             PET2 ESMF_YAMLCPP                : enabled
20220513 063621.540 INFO             PET2 ESMF_FieldRedistStoreNF(): Just entered routine.
20220513 063621.939 INFO             PET2 ESMF_FieldRedistStoreNF(): Leaving routine.
20220513 063621.942 INFO             PET2  NUMBER_OF_PROCESSORS           4
20220513 063621.942 INFO             PET2  PASS  Example ESMF_RHandleFromRHandleEx, ESMF_RHandleFromRHandleEx.F90, line 660
20220513 063621.942 INFO             PET2 Finalizing ESMF
20220513 063621.521 INFO             PET3 !!!!!!!!!!!!!!!!!!!!!!!!!!!!!!!!!!!!!!!!!!!!!!!!!!!!!!
20220513 063621.521 INFO             PET3 !!! THE ESMF_LOG IS SET TO OUTPUT ALL LOG MESSAGES !!!
20220513 063621.521 INFO             PET3 !!!     THIS MAY CAUSE SLOWDOWN IN PERFORMANCE     !!!
20220513 063621.521 INFO             PET3 !!! FOR PRODUCTION RUNS, USE:                      !!!
20220513 063621.521 INFO             PET3 !!!                   ESMF_LOGKIND_Multi_On_Error  !!!
20220513 063621.521 INFO             PET3 !!!!!!!!!!!!!!!!!!!!!!!!!!!!!!!!!!!!!!!!!!!!!!!!!!!!!!
20220513 063621.521 INFO             PET3 Running with ESMF Version   : v8.3.0b14-2-gde129fc120
20220513 063621.521 INFO             PET3 ESMF library build date/time: "May 13 2022" "06:04:55"
20220513 063621.522 INFO             PET3 ESMF library build location : /scratch1/NCEPDEV/stmp2/role.esmfmaint/intel_18.0.5b_intelmpi_g_develop
20220513 063621.522 INFO             PET3 ESMF_COMM                   : intelmpi
20220513 063621.523 INFO             PET3 ESMF_MOAB                   : enabled
20220513 063621.523 INFO             PET3 ESMF_LAPACK                 : enabled
20220513 063621.523 INFO             PET3 ESMF_NETCDF                 : enabled
20220513 063621.523 INFO             PET3 ESMF_PNETCDF                : disabled
20220513 063621.523 INFO             PET3 ESMF_PIO                    : enabled
20220513 063621.523 INFO             PET3 ESMF_YAMLCPP                : enabled
20220513 063621.540 INFO             PET3 ESMF_FieldRedistStoreNF(): Just entered routine.
20220513 063621.939 INFO             PET3 ESMF_FieldRedistStoreNF(): Leaving routine.
20220513 063621.944 INFO             PET3  NUMBER_OF_PROCESSORS           4
20220513 063621.944 INFO             PET3  PASS  Example ESMF_RHandleFromRHandleEx, ESMF_RHandleFromRHandleEx.F90, line 660
20220513 063621.944 INFO             PET3 Finalizing ESMF
