build time -- 2022-05-23 06:15:08
20220523 064330.660 INFO             PET0 !!!!!!!!!!!!!!!!!!!!!!!!!!!!!!!!!!!!!!!!!!!!!!!!!!!!!!
20220523 064330.661 INFO             PET0 !!! THE ESMF_LOG IS SET TO OUTPUT ALL LOG MESSAGES !!!
20220523 064330.661 INFO             PET0 !!!     THIS MAY CAUSE SLOWDOWN IN PERFORMANCE     !!!
20220523 064330.661 INFO             PET0 !!! FOR PRODUCTION RUNS, USE:                      !!!
20220523 064330.661 INFO             PET0 !!!                   ESMF_LOGKIND_Multi_On_Error  !!!
20220523 064330.661 INFO             PET0 !!!!!!!!!!!!!!!!!!!!!!!!!!!!!!!!!!!!!!!!!!!!!!!!!!!!!!
20220523 064330.661 INFO             PET0 Running with ESMF Version   : v8.3.0b16
20220523 064330.661 INFO             PET0 ESMF library build date/time: "May 23 2022" "06:13:18"
20220523 064330.661 INFO             PET0 ESMF library build location : /scratch1/NCEPDEV/stmp2/role.esmfmaint/intel_18.0.5b_intelmpi_g_develop
20220523 064330.661 INFO             PET0 ESMF_COMM                   : intelmpi
20220523 064330.661 INFO             PET0 ESMF_MOAB                   : enabled
20220523 064330.661 INFO             PET0 ESMF_LAPACK                 : enabled
20220523 064330.661 INFO             PET0 ESMF_NETCDF                 : enabled
20220523 064330.661 INFO             PET0 ESMF_PNETCDF                : disabled
20220523 064330.661 INFO             PET0 ESMF_PIO                    : enabled
20220523 064330.661 INFO             PET0 ESMF_YAMLCPP                : enabled
20220523 064330.662 INFO             PET0  NUMBER_OF_PROCESSORS           2
20220523 064330.662 INFO             PET0  PASS  Example ESMF_VMUserMpiCommEx, ESMF_VMUserMpiCommEx.F90, line 113
20220523 064330.662 INFO             PET0 Finalizing ESMF
20220523 064330.660 INFO             PET1 !!!!!!!!!!!!!!!!!!!!!!!!!!!!!!!!!!!!!!!!!!!!!!!!!!!!!!
20220523 064330.660 INFO             PET1 !!! THE ESMF_LOG IS SET TO OUTPUT ALL LOG MESSAGES !!!
20220523 064330.660 INFO             PET1 !!!     THIS MAY CAUSE SLOWDOWN IN PERFORMANCE     !!!
20220523 064330.660 INFO             PET1 !!! FOR PRODUCTION RUNS, USE:                      !!!
20220523 064330.660 INFO             PET1 !!!                   ESMF_LOGKIND_Multi_On_Error  !!!
20220523 064330.660 INFO             PET1 !!!!!!!!!!!!!!!!!!!!!!!!!!!!!!!!!!!!!!!!!!!!!!!!!!!!!!
20220523 064330.660 INFO             PET1 Running with ESMF Version   : v8.3.0b16
20220523 064330.660 INFO             PET1 ESMF library build date/time: "May 23 2022" "06:13:18"
20220523 064330.660 INFO             PET1 ESMF library build location : /scratch1/NCEPDEV/stmp2/role.esmfmaint/intel_18.0.5b_intelmpi_g_develop
20220523 064330.660 INFO             PET1 ESMF_COMM                   : intelmpi
20220523 064330.661 INFO             PET1 ESMF_MOAB                   : enabled
20220523 064330.661 INFO             PET1 ESMF_LAPACK                 : enabled
20220523 064330.661 INFO             PET1 ESMF_NETCDF                 : enabled
20220523 064330.661 INFO             PET1 ESMF_PNETCDF                : disabled
20220523 064330.661 INFO             PET1 ESMF_PIO                    : enabled
20220523 064330.661 INFO             PET1 ESMF_YAMLCPP                : enabled
20220523 064330.662 INFO             PET1  NUMBER_OF_PROCESSORS           2
20220523 064330.662 INFO             PET1  PASS  Example ESMF_VMUserMpiCommEx, ESMF_VMUserMpiCommEx.F90, line 113
20220523 064330.662 INFO             PET1 Finalizing ESMF
