build time -- 2022-05-31 17:16:22.839597
20220531 175012.053 INFO             PET0 !!!!!!!!!!!!!!!!!!!!!!!!!!!!!!!!!!!!!!!!!!!!!!!!!!!!!!
20220531 175012.053 INFO             PET0 !!! THE ESMF_LOG IS SET TO OUTPUT ALL LOG MESSAGES !!!
20220531 175012.053 INFO             PET0 !!!     THIS MAY CAUSE SLOWDOWN IN PERFORMANCE     !!!
20220531 175012.053 INFO             PET0 !!! FOR PRODUCTION RUNS, USE:                      !!!
20220531 175012.053 INFO             PET0 !!!                   ESMF_LOGKIND_Multi_On_Error  !!!
20220531 175012.053 INFO             PET0 !!!!!!!!!!!!!!!!!!!!!!!!!!!!!!!!!!!!!!!!!!!!!!!!!!!!!!
20220531 175012.053 INFO             PET0 Running with ESMF Version   : v8.3.0b16-3-gc2b47388e1
20220531 175012.053 INFO             PET0 ESMF library build date/time: "May 31 2022" "17:14:13"
20220531 175012.053 INFO             PET0 ESMF library build location : /glade/scratch/dunlap/esmf-testing/gfortran_9.1.0_openmpi_O_release_8.3.0
20220531 175012.053 INFO             PET0 ESMF_COMM                   : openmpi
20220531 175012.053 INFO             PET0 ESMF_MOAB                   : enabled
20220531 175012.053 INFO             PET0 ESMF_LAPACK                 : enabled
20220531 175012.053 INFO             PET0 ESMF_NETCDF                 : enabled
20220531 175012.053 INFO             PET0 ESMF_PNETCDF                : disabled
20220531 175012.053 INFO             PET0 ESMF_PIO                    : enabled
20220531 175012.053 INFO             PET0 ESMF_YAMLCPP                : enabled
20220531 175012.093 DEBUG            PET0 about to destroy Grid: 0x1b6ec80
20220531 175012.096 DEBUG            PET0 about to destroy Grid: 0x1b70b40
20220531 175012.108 INFO             PET0  NUMBER_OF_PROCESSORS           4
20220531 175012.108 INFO             PET0  PASS  Example ESMF_NUOPCAtmModelEx, ESMF_NUOPCAtmModelEx.F90, line 806
20220531 175012.108 INFO             PET0 Finalizing ESMF
20220531 175012.054 INFO             PET1 !!!!!!!!!!!!!!!!!!!!!!!!!!!!!!!!!!!!!!!!!!!!!!!!!!!!!!
20220531 175012.054 INFO             PET1 !!! THE ESMF_LOG IS SET TO OUTPUT ALL LOG MESSAGES !!!
20220531 175012.054 INFO             PET1 !!!     THIS MAY CAUSE SLOWDOWN IN PERFORMANCE     !!!
20220531 175012.054 INFO             PET1 !!! FOR PRODUCTION RUNS, USE:                      !!!
20220531 175012.054 INFO             PET1 !!!                   ESMF_LOGKIND_Multi_On_Error  !!!
20220531 175012.054 INFO             PET1 !!!!!!!!!!!!!!!!!!!!!!!!!!!!!!!!!!!!!!!!!!!!!!!!!!!!!!
20220531 175012.054 INFO             PET1 Running with ESMF Version   : v8.3.0b16-3-gc2b47388e1
20220531 175012.054 INFO             PET1 ESMF library build date/time: "May 31 2022" "17:14:13"
20220531 175012.054 INFO             PET1 ESMF library build location : /glade/scratch/dunlap/esmf-testing/gfortran_9.1.0_openmpi_O_release_8.3.0
20220531 175012.054 INFO             PET1 ESMF_COMM                   : openmpi
20220531 175012.054 INFO             PET1 ESMF_MOAB                   : enabled
20220531 175012.054 INFO             PET1 ESMF_LAPACK                 : enabled
20220531 175012.054 INFO             PET1 ESMF_NETCDF                 : enabled
20220531 175012.054 INFO             PET1 ESMF_PNETCDF                : disabled
20220531 175012.054 INFO             PET1 ESMF_PIO                    : enabled
20220531 175012.054 INFO             PET1 ESMF_YAMLCPP                : enabled
20220531 175012.093 DEBUG            PET1 about to destroy Grid: 0x20edec0
20220531 175012.096 DEBUG            PET1 about to destroy Grid: 0x20ef2e0
20220531 175012.108 INFO             PET1  NUMBER_OF_PROCESSORS           4
20220531 175012.108 INFO             PET1  PASS  Example ESMF_NUOPCAtmModelEx, ESMF_NUOPCAtmModelEx.F90, line 806
20220531 175012.108 INFO             PET1 Finalizing ESMF
20220531 175012.053 INFO             PET2 !!!!!!!!!!!!!!!!!!!!!!!!!!!!!!!!!!!!!!!!!!!!!!!!!!!!!!
20220531 175012.053 INFO             PET2 !!! THE ESMF_LOG IS SET TO OUTPUT ALL LOG MESSAGES !!!
20220531 175012.053 INFO             PET2 !!!     THIS MAY CAUSE SLOWDOWN IN PERFORMANCE     !!!
20220531 175012.053 INFO             PET2 !!! FOR PRODUCTION RUNS, USE:                      !!!
20220531 175012.053 INFO             PET2 !!!                   ESMF_LOGKIND_Multi_On_Error  !!!
20220531 175012.053 INFO             PET2 !!!!!!!!!!!!!!!!!!!!!!!!!!!!!!!!!!!!!!!!!!!!!!!!!!!!!!
20220531 175012.053 INFO             PET2 Running with ESMF Version   : v8.3.0b16-3-gc2b47388e1
20220531 175012.053 INFO             PET2 ESMF library build date/time: "May 31 2022" "17:14:13"
20220531 175012.053 INFO             PET2 ESMF library build location : /glade/scratch/dunlap/esmf-testing/gfortran_9.1.0_openmpi_O_release_8.3.0
20220531 175012.053 INFO             PET2 ESMF_COMM                   : openmpi
20220531 175012.054 INFO             PET2 ESMF_MOAB                   : enabled
20220531 175012.054 INFO             PET2 ESMF_LAPACK                 : enabled
20220531 175012.054 INFO             PET2 ESMF_NETCDF                 : enabled
20220531 175012.054 INFO             PET2 ESMF_PNETCDF                : disabled
20220531 175012.054 INFO             PET2 ESMF_PIO                    : enabled
20220531 175012.054 INFO             PET2 ESMF_YAMLCPP                : enabled
20220531 175012.093 DEBUG            PET2 about to destroy Grid: 0x1666000
20220531 175012.096 DEBUG            PET2 about to destroy Grid: 0x1667140
20220531 175012.108 INFO             PET2  NUMBER_OF_PROCESSORS           4
20220531 175012.108 INFO             PET2  PASS  Example ESMF_NUOPCAtmModelEx, ESMF_NUOPCAtmModelEx.F90, line 806
20220531 175012.108 INFO             PET2 Finalizing ESMF
20220531 175012.054 INFO             PET3 !!!!!!!!!!!!!!!!!!!!!!!!!!!!!!!!!!!!!!!!!!!!!!!!!!!!!!
20220531 175012.054 INFO             PET3 !!! THE ESMF_LOG IS SET TO OUTPUT ALL LOG MESSAGES !!!
20220531 175012.054 INFO             PET3 !!!     THIS MAY CAUSE SLOWDOWN IN PERFORMANCE     !!!
20220531 175012.054 INFO             PET3 !!! FOR PRODUCTION RUNS, USE:                      !!!
20220531 175012.054 INFO             PET3 !!!                   ESMF_LOGKIND_Multi_On_Error  !!!
20220531 175012.054 INFO             PET3 !!!!!!!!!!!!!!!!!!!!!!!!!!!!!!!!!!!!!!!!!!!!!!!!!!!!!!
20220531 175012.054 INFO             PET3 Running with ESMF Version   : v8.3.0b16-3-gc2b47388e1
20220531 175012.054 INFO             PET3 ESMF library build date/time: "May 31 2022" "17:14:13"
20220531 175012.054 INFO             PET3 ESMF library build location : /glade/scratch/dunlap/esmf-testing/gfortran_9.1.0_openmpi_O_release_8.3.0
20220531 175012.054 INFO             PET3 ESMF_COMM                   : openmpi
20220531 175012.054 INFO             PET3 ESMF_MOAB                   : enabled
20220531 175012.054 INFO             PET3 ESMF_LAPACK                 : enabled
20220531 175012.054 INFO             PET3 ESMF_NETCDF                 : enabled
20220531 175012.054 INFO             PET3 ESMF_PNETCDF                : disabled
20220531 175012.054 INFO             PET3 ESMF_PIO                    : enabled
20220531 175012.054 INFO             PET3 ESMF_YAMLCPP                : enabled
20220531 175012.093 DEBUG            PET3 about to destroy Grid: 0x12c0120
20220531 175012.096 DEBUG            PET3 about to destroy Grid: 0x12c1150
20220531 175012.108 INFO             PET3  NUMBER_OF_PROCESSORS           4
20220531 175012.108 INFO             PET3  PASS  Example ESMF_NUOPCAtmModelEx, ESMF_NUOPCAtmModelEx.F90, line 806
20220531 175012.108 INFO             PET3 Finalizing ESMF
