build time -- 2022-04-22 01:07:29.632054
20220422 012948.471 INFO             PET0 !!!!!!!!!!!!!!!!!!!!!!!!!!!!!!!!!!!!!!!!!!!!!!!!!!!!!!
20220422 012948.471 INFO             PET0 !!! THE ESMF_LOG IS SET TO OUTPUT ALL LOG MESSAGES !!!
20220422 012948.471 INFO             PET0 !!!     THIS MAY CAUSE SLOWDOWN IN PERFORMANCE     !!!
20220422 012948.471 INFO             PET0 !!! FOR PRODUCTION RUNS, USE:                      !!!
20220422 012948.471 INFO             PET0 !!!                   ESMF_LOGKIND_Multi_On_Error  !!!
20220422 012948.471 INFO             PET0 !!!!!!!!!!!!!!!!!!!!!!!!!!!!!!!!!!!!!!!!!!!!!!!!!!!!!!
20220422 012948.471 INFO             PET0 Running with ESMF Version   : v8.3.0b13
20220422 012948.471 INFO             PET0 ESMF library build date/time: "Apr 22 2022" "01:06:15"
20220422 012948.471 INFO             PET0 ESMF library build location : /gpfsm/dnb04/projects/p98/mpotts/esmf/gfortran_10.1.0_intelmpi_O_develop
20220422 012948.471 INFO             PET0 ESMF_COMM                   : intelmpi
20220422 012948.471 INFO             PET0 ESMF_MOAB                   : enabled
20220422 012948.471 INFO             PET0 ESMF_LAPACK                 : enabled
20220422 012948.471 INFO             PET0 ESMF_NETCDF                 : disabled
20220422 012948.471 INFO             PET0 ESMF_PNETCDF                : disabled
20220422 012948.471 INFO             PET0 ESMF_PIO                    : disabled
20220422 012948.471 INFO             PET0 ESMF_YAMLCPP                : enabled
20220422 012948.471 INFO             PET0  NUMBER_OF_PROCESSORS           1
20220422 012948.471 INFO             PET0  PASS  Example CalendarEx, ESMF_CalendarEx.F90, line 217
20220422 012948.471 INFO             PET0 Finalizing ESMF
