build time -- 2022-05-28 01:13:53.596266
20220528 013638.075 INFO             PET0 !!!!!!!!!!!!!!!!!!!!!!!!!!!!!!!!!!!!!!!!!!!!!!!!!!!!!!
20220528 013638.075 INFO             PET0 !!! THE ESMF_LOG IS SET TO OUTPUT ALL LOG MESSAGES !!!
20220528 013638.075 INFO             PET0 !!!     THIS MAY CAUSE SLOWDOWN IN PERFORMANCE     !!!
20220528 013638.075 INFO             PET0 !!! FOR PRODUCTION RUNS, USE:                      !!!
20220528 013638.075 INFO             PET0 !!!                   ESMF_LOGKIND_Multi_On_Error  !!!
20220528 013638.075 INFO             PET0 !!!!!!!!!!!!!!!!!!!!!!!!!!!!!!!!!!!!!!!!!!!!!!!!!!!!!!
20220528 013638.075 INFO             PET0 Running with ESMF Version   : v8.3.0b16
20220528 013638.075 INFO             PET0 ESMF library build date/time: "May 28 2022" "01:12:45"
20220528 013638.075 INFO             PET0 ESMF library build location : /gpfsm/dnb04/projects/p98/mpotts/esmf/gfortran_10.1.0_intelmpi_O_develop
20220528 013638.075 INFO             PET0 ESMF_COMM                   : intelmpi
20220528 013638.075 INFO             PET0 ESMF_MOAB                   : enabled
20220528 013638.075 INFO             PET0 ESMF_LAPACK                 : enabled
20220528 013638.075 INFO             PET0 ESMF_NETCDF                 : disabled
20220528 013638.075 INFO             PET0 ESMF_PNETCDF                : disabled
20220528 013638.075 INFO             PET0 ESMF_PIO                    : disabled
20220528 013638.075 INFO             PET0 ESMF_YAMLCPP                : enabled
20220528 013638.080 INFO             PET0 ESMF_FieldRedistStoreNF(): Just entered routine.
20220528 013638.129 INFO             PET0 ESMF_FieldRedistStoreNF(): Leaving routine.
20220528 013638.131 INFO             PET0  NUMBER_OF_PROCESSORS           4
20220528 013638.131 INFO             PET0  PASS  Example ESMF_RHandleFromRHandleEx, ESMF_RHandleFromRHandleEx.F90, line 660
20220528 013638.131 INFO             PET0 Finalizing ESMF
20220528 013638.075 INFO             PET1 !!!!!!!!!!!!!!!!!!!!!!!!!!!!!!!!!!!!!!!!!!!!!!!!!!!!!!
20220528 013638.075 INFO             PET1 !!! THE ESMF_LOG IS SET TO OUTPUT ALL LOG MESSAGES !!!
20220528 013638.075 INFO             PET1 !!!     THIS MAY CAUSE SLOWDOWN IN PERFORMANCE     !!!
20220528 013638.075 INFO             PET1 !!! FOR PRODUCTION RUNS, USE:                      !!!
20220528 013638.075 INFO             PET1 !!!                   ESMF_LOGKIND_Multi_On_Error  !!!
20220528 013638.075 INFO             PET1 !!!!!!!!!!!!!!!!!!!!!!!!!!!!!!!!!!!!!!!!!!!!!!!!!!!!!!
20220528 013638.075 INFO             PET1 Running with ESMF Version   : v8.3.0b16
20220528 013638.075 INFO             PET1 ESMF library build date/time: "May 28 2022" "01:12:45"
20220528 013638.075 INFO             PET1 ESMF library build location : /gpfsm/dnb04/projects/p98/mpotts/esmf/gfortran_10.1.0_intelmpi_O_develop
20220528 013638.075 INFO             PET1 ESMF_COMM                   : intelmpi
20220528 013638.075 INFO             PET1 ESMF_MOAB                   : enabled
20220528 013638.075 INFO             PET1 ESMF_LAPACK                 : enabled
20220528 013638.075 INFO             PET1 ESMF_NETCDF                 : disabled
20220528 013638.075 INFO             PET1 ESMF_PNETCDF                : disabled
20220528 013638.075 INFO             PET1 ESMF_PIO                    : disabled
20220528 013638.075 INFO             PET1 ESMF_YAMLCPP                : enabled
20220528 013638.080 INFO             PET1 ESMF_FieldRedistStoreNF(): Just entered routine.
20220528 013638.129 INFO             PET1 ESMF_FieldRedistStoreNF(): Leaving routine.
20220528 013638.131 INFO             PET1  NUMBER_OF_PROCESSORS           4
20220528 013638.131 INFO             PET1  PASS  Example ESMF_RHandleFromRHandleEx, ESMF_RHandleFromRHandleEx.F90, line 660
20220528 013638.131 INFO             PET1 Finalizing ESMF
20220528 013638.075 INFO             PET2 !!!!!!!!!!!!!!!!!!!!!!!!!!!!!!!!!!!!!!!!!!!!!!!!!!!!!!
20220528 013638.076 INFO             PET2 !!! THE ESMF_LOG IS SET TO OUTPUT ALL LOG MESSAGES !!!
20220528 013638.076 INFO             PET2 !!!     THIS MAY CAUSE SLOWDOWN IN PERFORMANCE     !!!
20220528 013638.076 INFO             PET2 !!! FOR PRODUCTION RUNS, USE:                      !!!
20220528 013638.076 INFO             PET2 !!!                   ESMF_LOGKIND_Multi_On_Error  !!!
20220528 013638.076 INFO             PET2 !!!!!!!!!!!!!!!!!!!!!!!!!!!!!!!!!!!!!!!!!!!!!!!!!!!!!!
20220528 013638.076 INFO             PET2 Running with ESMF Version   : v8.3.0b16
20220528 013638.076 INFO             PET2 ESMF library build date/time: "May 28 2022" "01:12:45"
20220528 013638.076 INFO             PET2 ESMF library build location : /gpfsm/dnb04/projects/p98/mpotts/esmf/gfortran_10.1.0_intelmpi_O_develop
20220528 013638.076 INFO             PET2 ESMF_COMM                   : intelmpi
20220528 013638.076 INFO             PET2 ESMF_MOAB                   : enabled
20220528 013638.076 INFO             PET2 ESMF_LAPACK                 : enabled
20220528 013638.076 INFO             PET2 ESMF_NETCDF                 : disabled
20220528 013638.076 INFO             PET2 ESMF_PNETCDF                : disabled
20220528 013638.076 INFO             PET2 ESMF_PIO                    : disabled
20220528 013638.076 INFO             PET2 ESMF_YAMLCPP                : enabled
20220528 013638.080 INFO             PET2 ESMF_FieldRedistStoreNF(): Just entered routine.
20220528 013638.129 INFO             PET2 ESMF_FieldRedistStoreNF(): Leaving routine.
20220528 013638.131 INFO             PET2  NUMBER_OF_PROCESSORS           4
20220528 013638.131 INFO             PET2  PASS  Example ESMF_RHandleFromRHandleEx, ESMF_RHandleFromRHandleEx.F90, line 660
20220528 013638.131 INFO             PET2 Finalizing ESMF
20220528 013638.075 INFO             PET3 !!!!!!!!!!!!!!!!!!!!!!!!!!!!!!!!!!!!!!!!!!!!!!!!!!!!!!
20220528 013638.075 INFO             PET3 !!! THE ESMF_LOG IS SET TO OUTPUT ALL LOG MESSAGES !!!
20220528 013638.075 INFO             PET3 !!!     THIS MAY CAUSE SLOWDOWN IN PERFORMANCE     !!!
20220528 013638.075 INFO             PET3 !!! FOR PRODUCTION RUNS, USE:                      !!!
20220528 013638.075 INFO             PET3 !!!                   ESMF_LOGKIND_Multi_On_Error  !!!
20220528 013638.075 INFO             PET3 !!!!!!!!!!!!!!!!!!!!!!!!!!!!!!!!!!!!!!!!!!!!!!!!!!!!!!
20220528 013638.075 INFO             PET3 Running with ESMF Version   : v8.3.0b16
20220528 013638.075 INFO             PET3 ESMF library build date/time: "May 28 2022" "01:12:45"
20220528 013638.075 INFO             PET3 ESMF library build location : /gpfsm/dnb04/projects/p98/mpotts/esmf/gfortran_10.1.0_intelmpi_O_develop
20220528 013638.075 INFO             PET3 ESMF_COMM                   : intelmpi
20220528 013638.076 INFO             PET3 ESMF_MOAB                   : enabled
20220528 013638.076 INFO             PET3 ESMF_LAPACK                 : enabled
20220528 013638.076 INFO             PET3 ESMF_NETCDF                 : disabled
20220528 013638.076 INFO             PET3 ESMF_PNETCDF                : disabled
20220528 013638.076 INFO             PET3 ESMF_PIO                    : disabled
20220528 013638.076 INFO             PET3 ESMF_YAMLCPP                : enabled
20220528 013638.080 INFO             PET3 ESMF_FieldRedistStoreNF(): Just entered routine.
20220528 013638.129 INFO             PET3 ESMF_FieldRedistStoreNF(): Leaving routine.
20220528 013638.133 INFO             PET3  NUMBER_OF_PROCESSORS           4
20220528 013638.133 INFO             PET3  PASS  Example ESMF_RHandleFromRHandleEx, ESMF_RHandleFromRHandleEx.F90, line 660
20220528 013638.133 INFO             PET3 Finalizing ESMF
