build time -- 2022-04-10 01:11:38.406184
20220410 013415.826 INFO             PET0 !!!!!!!!!!!!!!!!!!!!!!!!!!!!!!!!!!!!!!!!!!!!!!!!!!!!!!
20220410 013415.826 INFO             PET0 !!! THE ESMF_LOG IS SET TO OUTPUT ALL LOG MESSAGES !!!
20220410 013415.826 INFO             PET0 !!!     THIS MAY CAUSE SLOWDOWN IN PERFORMANCE     !!!
20220410 013415.826 INFO             PET0 !!! FOR PRODUCTION RUNS, USE:                      !!!
20220410 013415.826 INFO             PET0 !!!                   ESMF_LOGKIND_Multi_On_Error  !!!
20220410 013415.826 INFO             PET0 !!!!!!!!!!!!!!!!!!!!!!!!!!!!!!!!!!!!!!!!!!!!!!!!!!!!!!
20220410 013415.826 INFO             PET0 Running with ESMF Version   : v8.3.0b12-1-g7c85d54760
20220410 013415.826 INFO             PET0 ESMF library build date/time: "Apr 10 2022" "01:10:24"
20220410 013415.826 INFO             PET0 ESMF library build location : /gpfsm/dnb04/projects/p98/mpotts/esmf/gfortran_10.1.0_intelmpi_O_develop
20220410 013415.826 INFO             PET0 ESMF_COMM                   : intelmpi
20220410 013415.826 INFO             PET0 ESMF_MOAB                   : enabled
20220410 013415.826 INFO             PET0 ESMF_LAPACK                 : enabled
20220410 013415.826 INFO             PET0 ESMF_NETCDF                 : disabled
20220410 013415.826 INFO             PET0 ESMF_PNETCDF                : disabled
20220410 013415.826 INFO             PET0 ESMF_PIO                    : disabled
20220410 013415.826 INFO             PET0 ESMF_YAMLCPP                : enabled
20220410 013415.827 INFO             PET0  NUMBER_OF_PROCESSORS           2
20220410 013415.827 INFO             PET0  PASS  Example ESMF_VMUserMpiCommEx, ESMF_VMUserMpiCommEx.F90, line 113
20220410 013415.827 INFO             PET0 Finalizing ESMF
20220410 013415.826 INFO             PET1 !!!!!!!!!!!!!!!!!!!!!!!!!!!!!!!!!!!!!!!!!!!!!!!!!!!!!!
20220410 013415.826 INFO             PET1 !!! THE ESMF_LOG IS SET TO OUTPUT ALL LOG MESSAGES !!!
20220410 013415.826 INFO             PET1 !!!     THIS MAY CAUSE SLOWDOWN IN PERFORMANCE     !!!
20220410 013415.826 INFO             PET1 !!! FOR PRODUCTION RUNS, USE:                      !!!
20220410 013415.826 INFO             PET1 !!!                   ESMF_LOGKIND_Multi_On_Error  !!!
20220410 013415.826 INFO             PET1 !!!!!!!!!!!!!!!!!!!!!!!!!!!!!!!!!!!!!!!!!!!!!!!!!!!!!!
20220410 013415.826 INFO             PET1 Running with ESMF Version   : v8.3.0b12-1-g7c85d54760
20220410 013415.826 INFO             PET1 ESMF library build date/time: "Apr 10 2022" "01:10:24"
20220410 013415.826 INFO             PET1 ESMF library build location : /gpfsm/dnb04/projects/p98/mpotts/esmf/gfortran_10.1.0_intelmpi_O_develop
20220410 013415.826 INFO             PET1 ESMF_COMM                   : intelmpi
20220410 013415.827 INFO             PET1 ESMF_MOAB                   : enabled
20220410 013415.827 INFO             PET1 ESMF_LAPACK                 : enabled
20220410 013415.827 INFO             PET1 ESMF_NETCDF                 : disabled
20220410 013415.827 INFO             PET1 ESMF_PNETCDF                : disabled
20220410 013415.827 INFO             PET1 ESMF_PIO                    : disabled
20220410 013415.827 INFO             PET1 ESMF_YAMLCPP                : enabled
20220410 013415.827 INFO             PET1  NUMBER_OF_PROCESSORS           2
20220410 013415.827 INFO             PET1  PASS  Example ESMF_VMUserMpiCommEx, ESMF_VMUserMpiCommEx.F90, line 113
20220410 013415.827 INFO             PET1 Finalizing ESMF
