build time -- 2022-04-21 01:10:14.444323
20220421 013538.984 INFO             PET0 !!!!!!!!!!!!!!!!!!!!!!!!!!!!!!!!!!!!!!!!!!!!!!!!!!!!!!
20220421 013538.984 INFO             PET0 !!! THE ESMF_LOG IS SET TO OUTPUT ALL LOG MESSAGES !!!
20220421 013538.984 INFO             PET0 !!!     THIS MAY CAUSE SLOWDOWN IN PERFORMANCE     !!!
20220421 013538.984 INFO             PET0 !!! FOR PRODUCTION RUNS, USE:                      !!!
20220421 013538.984 INFO             PET0 !!!                   ESMF_LOGKIND_Multi_On_Error  !!!
20220421 013538.984 INFO             PET0 !!!!!!!!!!!!!!!!!!!!!!!!!!!!!!!!!!!!!!!!!!!!!!!!!!!!!!
20220421 013538.984 INFO             PET0 Running with ESMF Version   : v8.3.0b13
20220421 013538.984 INFO             PET0 ESMF library build date/time: "Apr 21 2022" "01:08:58"
20220421 013538.984 INFO             PET0 ESMF library build location : /gpfsm/dnb04/projects/p98/mpotts/esmf/gfortran_10.1.0_intelmpi_O_develop
20220421 013538.984 INFO             PET0 ESMF_COMM                   : intelmpi
20220421 013538.984 INFO             PET0 ESMF_MOAB                   : enabled
20220421 013538.984 INFO             PET0 ESMF_LAPACK                 : enabled
20220421 013538.984 INFO             PET0 ESMF_NETCDF                 : disabled
20220421 013538.984 INFO             PET0 ESMF_PNETCDF                : disabled
20220421 013538.984 INFO             PET0 ESMF_PIO                    : disabled
20220421 013538.984 INFO             PET0 ESMF_YAMLCPP                : enabled
20220421 013539.025 DEBUG            PET0 about to destroy Grid: 0x8f82c0
20220421 013539.028 DEBUG            PET0 about to destroy Grid: 0x8f9560
20220421 013539.040 INFO             PET0  NUMBER_OF_PROCESSORS           4
20220421 013539.040 INFO             PET0  PASS  Example ESMF_NUOPCAtmModelEx, ESMF_NUOPCAtmModelEx.F90, line 806
20220421 013539.040 INFO             PET0 Finalizing ESMF
20220421 013538.983 INFO             PET1 !!!!!!!!!!!!!!!!!!!!!!!!!!!!!!!!!!!!!!!!!!!!!!!!!!!!!!
20220421 013538.983 INFO             PET1 !!! THE ESMF_LOG IS SET TO OUTPUT ALL LOG MESSAGES !!!
20220421 013538.983 INFO             PET1 !!!     THIS MAY CAUSE SLOWDOWN IN PERFORMANCE     !!!
20220421 013538.983 INFO             PET1 !!! FOR PRODUCTION RUNS, USE:                      !!!
20220421 013538.983 INFO             PET1 !!!                   ESMF_LOGKIND_Multi_On_Error  !!!
20220421 013538.983 INFO             PET1 !!!!!!!!!!!!!!!!!!!!!!!!!!!!!!!!!!!!!!!!!!!!!!!!!!!!!!
20220421 013538.983 INFO             PET1 Running with ESMF Version   : v8.3.0b13
20220421 013538.983 INFO             PET1 ESMF library build date/time: "Apr 21 2022" "01:08:58"
20220421 013538.983 INFO             PET1 ESMF library build location : /gpfsm/dnb04/projects/p98/mpotts/esmf/gfortran_10.1.0_intelmpi_O_develop
20220421 013538.983 INFO             PET1 ESMF_COMM                   : intelmpi
20220421 013538.984 INFO             PET1 ESMF_MOAB                   : enabled
20220421 013538.984 INFO             PET1 ESMF_LAPACK                 : enabled
20220421 013538.984 INFO             PET1 ESMF_NETCDF                 : disabled
20220421 013538.984 INFO             PET1 ESMF_PNETCDF                : disabled
20220421 013538.984 INFO             PET1 ESMF_PIO                    : disabled
20220421 013538.984 INFO             PET1 ESMF_YAMLCPP                : enabled
20220421 013539.025 DEBUG            PET1 about to destroy Grid: 0x8f8990
20220421 013539.028 DEBUG            PET1 about to destroy Grid: 0x8f9ea0
20220421 013539.040 INFO             PET1  NUMBER_OF_PROCESSORS           4
20220421 013539.040 INFO             PET1  PASS  Example ESMF_NUOPCAtmModelEx, ESMF_NUOPCAtmModelEx.F90, line 806
20220421 013539.040 INFO             PET1 Finalizing ESMF
20220421 013538.985 INFO             PET2 !!!!!!!!!!!!!!!!!!!!!!!!!!!!!!!!!!!!!!!!!!!!!!!!!!!!!!
20220421 013538.985 INFO             PET2 !!! THE ESMF_LOG IS SET TO OUTPUT ALL LOG MESSAGES !!!
20220421 013538.985 INFO             PET2 !!!     THIS MAY CAUSE SLOWDOWN IN PERFORMANCE     !!!
20220421 013538.985 INFO             PET2 !!! FOR PRODUCTION RUNS, USE:                      !!!
20220421 013538.985 INFO             PET2 !!!                   ESMF_LOGKIND_Multi_On_Error  !!!
20220421 013538.985 INFO             PET2 !!!!!!!!!!!!!!!!!!!!!!!!!!!!!!!!!!!!!!!!!!!!!!!!!!!!!!
20220421 013538.985 INFO             PET2 Running with ESMF Version   : v8.3.0b13
20220421 013538.985 INFO             PET2 ESMF library build date/time: "Apr 21 2022" "01:08:58"
20220421 013538.985 INFO             PET2 ESMF library build location : /gpfsm/dnb04/projects/p98/mpotts/esmf/gfortran_10.1.0_intelmpi_O_develop
20220421 013538.985 INFO             PET2 ESMF_COMM                   : intelmpi
20220421 013538.985 INFO             PET2 ESMF_MOAB                   : enabled
20220421 013538.985 INFO             PET2 ESMF_LAPACK                 : enabled
20220421 013538.985 INFO             PET2 ESMF_NETCDF                 : disabled
20220421 013538.985 INFO             PET2 ESMF_PNETCDF                : disabled
20220421 013538.985 INFO             PET2 ESMF_PIO                    : disabled
20220421 013538.985 INFO             PET2 ESMF_YAMLCPP                : enabled
20220421 013539.025 DEBUG            PET2 about to destroy Grid: 0x8f8030
20220421 013539.028 DEBUG            PET2 about to destroy Grid: 0x8f9540
20220421 013539.040 INFO             PET2  NUMBER_OF_PROCESSORS           4
20220421 013539.040 INFO             PET2  PASS  Example ESMF_NUOPCAtmModelEx, ESMF_NUOPCAtmModelEx.F90, line 806
20220421 013539.040 INFO             PET2 Finalizing ESMF
20220421 013538.984 INFO             PET3 !!!!!!!!!!!!!!!!!!!!!!!!!!!!!!!!!!!!!!!!!!!!!!!!!!!!!!
20220421 013538.984 INFO             PET3 !!! THE ESMF_LOG IS SET TO OUTPUT ALL LOG MESSAGES !!!
20220421 013538.984 INFO             PET3 !!!     THIS MAY CAUSE SLOWDOWN IN PERFORMANCE     !!!
20220421 013538.984 INFO             PET3 !!! FOR PRODUCTION RUNS, USE:                      !!!
20220421 013538.984 INFO             PET3 !!!                   ESMF_LOGKIND_Multi_On_Error  !!!
20220421 013538.984 INFO             PET3 !!!!!!!!!!!!!!!!!!!!!!!!!!!!!!!!!!!!!!!!!!!!!!!!!!!!!!
20220421 013538.984 INFO             PET3 Running with ESMF Version   : v8.3.0b13
20220421 013538.984 INFO             PET3 ESMF library build date/time: "Apr 21 2022" "01:08:58"
20220421 013538.984 INFO             PET3 ESMF library build location : /gpfsm/dnb04/projects/p98/mpotts/esmf/gfortran_10.1.0_intelmpi_O_develop
20220421 013538.984 INFO             PET3 ESMF_COMM                   : intelmpi
20220421 013538.984 INFO             PET3 ESMF_MOAB                   : enabled
20220421 013538.984 INFO             PET3 ESMF_LAPACK                 : enabled
20220421 013538.984 INFO             PET3 ESMF_NETCDF                 : disabled
20220421 013538.984 INFO             PET3 ESMF_PNETCDF                : disabled
20220421 013538.984 INFO             PET3 ESMF_PIO                    : disabled
20220421 013538.984 INFO             PET3 ESMF_YAMLCPP                : enabled
20220421 013539.025 DEBUG            PET3 about to destroy Grid: 0x8f7fa0
20220421 013539.028 DEBUG            PET3 about to destroy Grid: 0x8f94b0
20220421 013539.040 INFO             PET3  NUMBER_OF_PROCESSORS           4
20220421 013539.040 INFO             PET3  PASS  Example ESMF_NUOPCAtmModelEx, ESMF_NUOPCAtmModelEx.F90, line 806
20220421 013539.040 INFO             PET3 Finalizing ESMF
