build time -- 2022-06-03 02:35:07
20220603 025927.553 INFO             PET0 !!!!!!!!!!!!!!!!!!!!!!!!!!!!!!!!!!!!!!!!!!!!!!!!!!!!!!
20220603 025927.553 INFO             PET0 !!! THE ESMF_LOG IS SET TO OUTPUT ALL LOG MESSAGES !!!
20220603 025927.553 INFO             PET0 !!!     THIS MAY CAUSE SLOWDOWN IN PERFORMANCE     !!!
20220603 025927.553 INFO             PET0 !!! FOR PRODUCTION RUNS, USE:                      !!!
20220603 025927.553 INFO             PET0 !!!                   ESMF_LOGKIND_Multi_On_Error  !!!
20220603 025927.553 INFO             PET0 !!!!!!!!!!!!!!!!!!!!!!!!!!!!!!!!!!!!!!!!!!!!!!!!!!!!!!
20220603 025927.553 INFO             PET0 Running with ESMF Version   : v8.3.0b17
20220603 025927.553 INFO             PET0 ESMF library build date/time: "Jun  3 2022" "02:33:55"
20220603 025927.553 INFO             PET0 ESMF library build location : /work/noaa/da/mpotts/sandbox/gfortran_8.3.0_openmpi_g_release_8.3.0
20220603 025927.553 INFO             PET0 ESMF_COMM                   : openmpi
20220603 025927.553 INFO             PET0 ESMF_MOAB                   : enabled
20220603 025927.553 INFO             PET0 ESMF_LAPACK                 : enabled
20220603 025927.553 INFO             PET0 ESMF_NETCDF                 : enabled
20220603 025927.553 INFO             PET0 ESMF_PNETCDF                : disabled
20220603 025927.553 INFO             PET0 ESMF_PIO                    : enabled
20220603 025927.553 INFO             PET0 ESMF_YAMLCPP                : enabled
20220603 025927.649 DEBUG            PET0 about to destroy Grid: 0x1efd9c0
20220603 025927.661 DEBUG            PET0 about to destroy Grid: 0x1efeed0
20220603 025927.693 INFO             PET0  NUMBER_OF_PROCESSORS           4
20220603 025927.693 INFO             PET0  PASS  Example ESMF_NUOPCAtmModelEx, ESMF_NUOPCAtmModelEx.F90, line 806
20220603 025927.693 INFO             PET0 Finalizing ESMF
20220603 025927.553 INFO             PET1 !!!!!!!!!!!!!!!!!!!!!!!!!!!!!!!!!!!!!!!!!!!!!!!!!!!!!!
20220603 025927.553 INFO             PET1 !!! THE ESMF_LOG IS SET TO OUTPUT ALL LOG MESSAGES !!!
20220603 025927.553 INFO             PET1 !!!     THIS MAY CAUSE SLOWDOWN IN PERFORMANCE     !!!
20220603 025927.553 INFO             PET1 !!! FOR PRODUCTION RUNS, USE:                      !!!
20220603 025927.553 INFO             PET1 !!!                   ESMF_LOGKIND_Multi_On_Error  !!!
20220603 025927.553 INFO             PET1 !!!!!!!!!!!!!!!!!!!!!!!!!!!!!!!!!!!!!!!!!!!!!!!!!!!!!!
20220603 025927.553 INFO             PET1 Running with ESMF Version   : v8.3.0b17
20220603 025927.553 INFO             PET1 ESMF library build date/time: "Jun  3 2022" "02:33:55"
20220603 025927.553 INFO             PET1 ESMF library build location : /work/noaa/da/mpotts/sandbox/gfortran_8.3.0_openmpi_g_release_8.3.0
20220603 025927.553 INFO             PET1 ESMF_COMM                   : openmpi
20220603 025927.554 INFO             PET1 ESMF_MOAB                   : enabled
20220603 025927.554 INFO             PET1 ESMF_LAPACK                 : enabled
20220603 025927.554 INFO             PET1 ESMF_NETCDF                 : enabled
20220603 025927.554 INFO             PET1 ESMF_PNETCDF                : disabled
20220603 025927.554 INFO             PET1 ESMF_PIO                    : enabled
20220603 025927.554 INFO             PET1 ESMF_YAMLCPP                : enabled
20220603 025927.649 DEBUG            PET1 about to destroy Grid: 0x1e15450
20220603 025927.661 DEBUG            PET1 about to destroy Grid: 0x1e166f0
20220603 025927.693 INFO             PET1  NUMBER_OF_PROCESSORS           4
20220603 025927.693 INFO             PET1  PASS  Example ESMF_NUOPCAtmModelEx, ESMF_NUOPCAtmModelEx.F90, line 806
20220603 025927.693 INFO             PET1 Finalizing ESMF
20220603 025927.553 INFO             PET2 !!!!!!!!!!!!!!!!!!!!!!!!!!!!!!!!!!!!!!!!!!!!!!!!!!!!!!
20220603 025927.553 INFO             PET2 !!! THE ESMF_LOG IS SET TO OUTPUT ALL LOG MESSAGES !!!
20220603 025927.553 INFO             PET2 !!!     THIS MAY CAUSE SLOWDOWN IN PERFORMANCE     !!!
20220603 025927.553 INFO             PET2 !!! FOR PRODUCTION RUNS, USE:                      !!!
20220603 025927.553 INFO             PET2 !!!                   ESMF_LOGKIND_Multi_On_Error  !!!
20220603 025927.553 INFO             PET2 !!!!!!!!!!!!!!!!!!!!!!!!!!!!!!!!!!!!!!!!!!!!!!!!!!!!!!
20220603 025927.553 INFO             PET2 Running with ESMF Version   : v8.3.0b17
20220603 025927.553 INFO             PET2 ESMF library build date/time: "Jun  3 2022" "02:33:55"
20220603 025927.553 INFO             PET2 ESMF library build location : /work/noaa/da/mpotts/sandbox/gfortran_8.3.0_openmpi_g_release_8.3.0
20220603 025927.553 INFO             PET2 ESMF_COMM                   : openmpi
20220603 025927.553 INFO             PET2 ESMF_MOAB                   : enabled
20220603 025927.553 INFO             PET2 ESMF_LAPACK                 : enabled
20220603 025927.553 INFO             PET2 ESMF_NETCDF                 : enabled
20220603 025927.553 INFO             PET2 ESMF_PNETCDF                : disabled
20220603 025927.553 INFO             PET2 ESMF_PIO                    : enabled
20220603 025927.553 INFO             PET2 ESMF_YAMLCPP                : enabled
20220603 025927.649 DEBUG            PET2 about to destroy Grid: 0xd8c6a0
20220603 025927.661 DEBUG            PET2 about to destroy Grid: 0xd8d810
20220603 025927.693 INFO             PET2  NUMBER_OF_PROCESSORS           4
20220603 025927.693 INFO             PET2  PASS  Example ESMF_NUOPCAtmModelEx, ESMF_NUOPCAtmModelEx.F90, line 806
20220603 025927.693 INFO             PET2 Finalizing ESMF
20220603 025927.553 INFO             PET3 !!!!!!!!!!!!!!!!!!!!!!!!!!!!!!!!!!!!!!!!!!!!!!!!!!!!!!
20220603 025927.553 INFO             PET3 !!! THE ESMF_LOG IS SET TO OUTPUT ALL LOG MESSAGES !!!
20220603 025927.553 INFO             PET3 !!!     THIS MAY CAUSE SLOWDOWN IN PERFORMANCE     !!!
20220603 025927.553 INFO             PET3 !!! FOR PRODUCTION RUNS, USE:                      !!!
20220603 025927.553 INFO             PET3 !!!                   ESMF_LOGKIND_Multi_On_Error  !!!
20220603 025927.553 INFO             PET3 !!!!!!!!!!!!!!!!!!!!!!!!!!!!!!!!!!!!!!!!!!!!!!!!!!!!!!
20220603 025927.553 INFO             PET3 Running with ESMF Version   : v8.3.0b17
20220603 025927.553 INFO             PET3 ESMF library build date/time: "Jun  3 2022" "02:33:55"
20220603 025927.553 INFO             PET3 ESMF library build location : /work/noaa/da/mpotts/sandbox/gfortran_8.3.0_openmpi_g_release_8.3.0
20220603 025927.553 INFO             PET3 ESMF_COMM                   : openmpi
20220603 025927.554 INFO             PET3 ESMF_MOAB                   : enabled
20220603 025927.554 INFO             PET3 ESMF_LAPACK                 : enabled
20220603 025927.554 INFO             PET3 ESMF_NETCDF                 : enabled
20220603 025927.554 INFO             PET3 ESMF_PNETCDF                : disabled
20220603 025927.554 INFO             PET3 ESMF_PIO                    : enabled
20220603 025927.554 INFO             PET3 ESMF_YAMLCPP                : enabled
20220603 025927.649 DEBUG            PET3 about to destroy Grid: 0x12a2690
20220603 025927.661 DEBUG            PET3 about to destroy Grid: 0x12a3740
20220603 025927.693 INFO             PET3  NUMBER_OF_PROCESSORS           4
20220603 025927.693 INFO             PET3  PASS  Example ESMF_NUOPCAtmModelEx, ESMF_NUOPCAtmModelEx.F90, line 806
20220603 025927.693 INFO             PET3 Finalizing ESMF
