build time -- 2022-06-02 10:47:29
20220602 111059.753 INFO             PET0 !!!!!!!!!!!!!!!!!!!!!!!!!!!!!!!!!!!!!!!!!!!!!!!!!!!!!!
20220602 111059.753 INFO             PET0 !!! THE ESMF_LOG IS SET TO OUTPUT ALL LOG MESSAGES !!!
20220602 111059.754 INFO             PET0 !!!     THIS MAY CAUSE SLOWDOWN IN PERFORMANCE     !!!
20220602 111059.754 INFO             PET0 !!! FOR PRODUCTION RUNS, USE:                      !!!
20220602 111059.754 INFO             PET0 !!!                   ESMF_LOGKIND_Multi_On_Error  !!!
20220602 111059.754 INFO             PET0 !!!!!!!!!!!!!!!!!!!!!!!!!!!!!!!!!!!!!!!!!!!!!!!!!!!!!!
20220602 111059.754 INFO             PET0 Running with ESMF Version   : v8.3.0b16-4-g64dc951248
20220602 111059.754 INFO             PET0 ESMF library build date/time: "Jun  2 2022" "10:45:50"
20220602 111059.754 INFO             PET0 ESMF library build location : /Volumes/esmf/esmf-testing/gfortran_11.2.0_openmpi_g_release_8.3.0
20220602 111059.754 INFO             PET0 ESMF_COMM                   : openmpi
20220602 111059.754 INFO             PET0 ESMF_MOAB                   : enabled
20220602 111059.754 INFO             PET0 ESMF_LAPACK                 : enabled
20220602 111059.754 INFO             PET0 ESMF_NETCDF                 : enabled
20220602 111059.754 INFO             PET0 ESMF_PNETCDF                : disabled
20220602 111059.754 INFO             PET0 ESMF_PIO                    : enabled
20220602 111059.754 INFO             PET0 ESMF_YAMLCPP                : enabled
20220602 111059.754 INFO             PET0  NUMBER_OF_PROCESSORS           1
20220602 111059.754 INFO             PET0  PASS  Example ESMF_TimeEx, ESMF_TimeEx.F90, line 141
20220602 111059.754 INFO             PET0 Finalizing ESMF
