build time -- 2022-06-05 10:47:38
20220605 111320.390 INFO             PET0 !!!!!!!!!!!!!!!!!!!!!!!!!!!!!!!!!!!!!!!!!!!!!!!!!!!!!!
20220605 111320.391 INFO             PET0 !!! THE ESMF_LOG IS SET TO OUTPUT ALL LOG MESSAGES !!!
20220605 111320.391 INFO             PET0 !!!     THIS MAY CAUSE SLOWDOWN IN PERFORMANCE     !!!
20220605 111320.391 INFO             PET0 !!! FOR PRODUCTION RUNS, USE:                      !!!
20220605 111320.391 INFO             PET0 !!!                   ESMF_LOGKIND_Multi_On_Error  !!!
20220605 111320.391 INFO             PET0 !!!!!!!!!!!!!!!!!!!!!!!!!!!!!!!!!!!!!!!!!!!!!!!!!!!!!!
20220605 111320.391 INFO             PET0 Running with ESMF Version   : v8.3.0b17-1-g6ed324f6a2
20220605 111320.391 INFO             PET0 ESMF library build date/time: "Jun  5 2022" "10:45:56"
20220605 111320.391 INFO             PET0 ESMF library build location : /Volumes/esmf/esmf-testing/gfortran_11.2.0_openmpi_g_release_8.3.0
20220605 111320.391 INFO             PET0 ESMF_COMM                   : openmpi
20220605 111320.391 INFO             PET0 ESMF_MOAB                   : enabled
20220605 111320.391 INFO             PET0 ESMF_LAPACK                 : enabled
20220605 111320.391 INFO             PET0 ESMF_NETCDF                 : enabled
20220605 111320.391 INFO             PET0 ESMF_PNETCDF                : disabled
20220605 111320.391 INFO             PET0 ESMF_PIO                    : enabled
20220605 111320.391 INFO             PET0 ESMF_YAMLCPP                : enabled
20220605 111320.511 DEBUG            PET0 about to destroy Grid: 0x7fbcb4843000
20220605 111320.524 DEBUG            PET0 about to destroy Grid: 0x7fbcb4843c00
20220605 111320.558 INFO             PET0  NUMBER_OF_PROCESSORS           4
20220605 111320.558 INFO             PET0  PASS  Example ESMF_NUOPCAtmModelEx, ESMF_NUOPCAtmModelEx.F90, line 806
20220605 111320.558 INFO             PET0 Finalizing ESMF
20220605 111320.390 INFO             PET1 !!!!!!!!!!!!!!!!!!!!!!!!!!!!!!!!!!!!!!!!!!!!!!!!!!!!!!
20220605 111320.391 INFO             PET1 !!! THE ESMF_LOG IS SET TO OUTPUT ALL LOG MESSAGES !!!
20220605 111320.391 INFO             PET1 !!!     THIS MAY CAUSE SLOWDOWN IN PERFORMANCE     !!!
20220605 111320.391 INFO             PET1 !!! FOR PRODUCTION RUNS, USE:                      !!!
20220605 111320.391 INFO             PET1 !!!                   ESMF_LOGKIND_Multi_On_Error  !!!
20220605 111320.391 INFO             PET1 !!!!!!!!!!!!!!!!!!!!!!!!!!!!!!!!!!!!!!!!!!!!!!!!!!!!!!
20220605 111320.391 INFO             PET1 Running with ESMF Version   : v8.3.0b17-1-g6ed324f6a2
20220605 111320.391 INFO             PET1 ESMF library build date/time: "Jun  5 2022" "10:45:56"
20220605 111320.391 INFO             PET1 ESMF library build location : /Volumes/esmf/esmf-testing/gfortran_11.2.0_openmpi_g_release_8.3.0
20220605 111320.391 INFO             PET1 ESMF_COMM                   : openmpi
20220605 111320.391 INFO             PET1 ESMF_MOAB                   : enabled
20220605 111320.391 INFO             PET1 ESMF_LAPACK                 : enabled
20220605 111320.391 INFO             PET1 ESMF_NETCDF                 : enabled
20220605 111320.391 INFO             PET1 ESMF_PNETCDF                : disabled
20220605 111320.391 INFO             PET1 ESMF_PIO                    : enabled
20220605 111320.391 INFO             PET1 ESMF_YAMLCPP                : enabled
20220605 111320.511 DEBUG            PET1 about to destroy Grid: 0x7facf306ec00
20220605 111320.524 DEBUG            PET1 about to destroy Grid: 0x7facf306f800
20220605 111320.558 INFO             PET1  NUMBER_OF_PROCESSORS           4
20220605 111320.558 INFO             PET1  PASS  Example ESMF_NUOPCAtmModelEx, ESMF_NUOPCAtmModelEx.F90, line 806
20220605 111320.558 INFO             PET1 Finalizing ESMF
20220605 111320.390 INFO             PET2 !!!!!!!!!!!!!!!!!!!!!!!!!!!!!!!!!!!!!!!!!!!!!!!!!!!!!!
20220605 111320.391 INFO             PET2 !!! THE ESMF_LOG IS SET TO OUTPUT ALL LOG MESSAGES !!!
20220605 111320.391 INFO             PET2 !!!     THIS MAY CAUSE SLOWDOWN IN PERFORMANCE     !!!
20220605 111320.391 INFO             PET2 !!! FOR PRODUCTION RUNS, USE:                      !!!
20220605 111320.391 INFO             PET2 !!!                   ESMF_LOGKIND_Multi_On_Error  !!!
20220605 111320.391 INFO             PET2 !!!!!!!!!!!!!!!!!!!!!!!!!!!!!!!!!!!!!!!!!!!!!!!!!!!!!!
20220605 111320.391 INFO             PET2 Running with ESMF Version   : v8.3.0b17-1-g6ed324f6a2
20220605 111320.391 INFO             PET2 ESMF library build date/time: "Jun  5 2022" "10:45:56"
20220605 111320.391 INFO             PET2 ESMF library build location : /Volumes/esmf/esmf-testing/gfortran_11.2.0_openmpi_g_release_8.3.0
20220605 111320.391 INFO             PET2 ESMF_COMM                   : openmpi
20220605 111320.391 INFO             PET2 ESMF_MOAB                   : enabled
20220605 111320.391 INFO             PET2 ESMF_LAPACK                 : enabled
20220605 111320.391 INFO             PET2 ESMF_NETCDF                 : enabled
20220605 111320.391 INFO             PET2 ESMF_PNETCDF                : disabled
20220605 111320.391 INFO             PET2 ESMF_PIO                    : enabled
20220605 111320.391 INFO             PET2 ESMF_YAMLCPP                : enabled
20220605 111320.511 DEBUG            PET2 about to destroy Grid: 0x7ff07302b200
20220605 111320.524 DEBUG            PET2 about to destroy Grid: 0x7ff07302be00
20220605 111320.558 INFO             PET2  NUMBER_OF_PROCESSORS           4
20220605 111320.558 INFO             PET2  PASS  Example ESMF_NUOPCAtmModelEx, ESMF_NUOPCAtmModelEx.F90, line 806
20220605 111320.558 INFO             PET2 Finalizing ESMF
20220605 111320.390 INFO             PET3 !!!!!!!!!!!!!!!!!!!!!!!!!!!!!!!!!!!!!!!!!!!!!!!!!!!!!!
20220605 111320.391 INFO             PET3 !!! THE ESMF_LOG IS SET TO OUTPUT ALL LOG MESSAGES !!!
20220605 111320.391 INFO             PET3 !!!     THIS MAY CAUSE SLOWDOWN IN PERFORMANCE     !!!
20220605 111320.391 INFO             PET3 !!! FOR PRODUCTION RUNS, USE:                      !!!
20220605 111320.391 INFO             PET3 !!!                   ESMF_LOGKIND_Multi_On_Error  !!!
20220605 111320.391 INFO             PET3 !!!!!!!!!!!!!!!!!!!!!!!!!!!!!!!!!!!!!!!!!!!!!!!!!!!!!!
20220605 111320.391 INFO             PET3 Running with ESMF Version   : v8.3.0b17-1-g6ed324f6a2
20220605 111320.391 INFO             PET3 ESMF library build date/time: "Jun  5 2022" "10:45:56"
20220605 111320.391 INFO             PET3 ESMF library build location : /Volumes/esmf/esmf-testing/gfortran_11.2.0_openmpi_g_release_8.3.0
20220605 111320.391 INFO             PET3 ESMF_COMM                   : openmpi
20220605 111320.391 INFO             PET3 ESMF_MOAB                   : enabled
20220605 111320.391 INFO             PET3 ESMF_LAPACK                 : enabled
20220605 111320.391 INFO             PET3 ESMF_NETCDF                 : enabled
20220605 111320.391 INFO             PET3 ESMF_PNETCDF                : disabled
20220605 111320.391 INFO             PET3 ESMF_PIO                    : enabled
20220605 111320.391 INFO             PET3 ESMF_YAMLCPP                : enabled
20220605 111320.511 DEBUG            PET3 about to destroy Grid: 0x7f7ec981de00
20220605 111320.524 DEBUG            PET3 about to destroy Grid: 0x7f7ec981ea00
20220605 111320.558 INFO             PET3  NUMBER_OF_PROCESSORS           4
20220605 111320.558 INFO             PET3  PASS  Example ESMF_NUOPCAtmModelEx, ESMF_NUOPCAtmModelEx.F90, line 806
20220605 111320.558 INFO             PET3 Finalizing ESMF
