build time -- 2022-06-07 01:28:29.504517
20220607 015044.547 INFO             PET0 !!!!!!!!!!!!!!!!!!!!!!!!!!!!!!!!!!!!!!!!!!!!!!!!!!!!!!
20220607 015044.547 INFO             PET0 !!! THE ESMF_LOG IS SET TO OUTPUT ALL LOG MESSAGES !!!
20220607 015044.547 INFO             PET0 !!!     THIS MAY CAUSE SLOWDOWN IN PERFORMANCE     !!!
20220607 015044.547 INFO             PET0 !!! FOR PRODUCTION RUNS, USE:                      !!!
20220607 015044.547 INFO             PET0 !!!                   ESMF_LOGKIND_Multi_On_Error  !!!
20220607 015044.547 INFO             PET0 !!!!!!!!!!!!!!!!!!!!!!!!!!!!!!!!!!!!!!!!!!!!!!!!!!!!!!
20220607 015044.547 INFO             PET0 Running with ESMF Version   : v8.3.0
20220607 015044.547 INFO             PET0 ESMF library build date/time: "Jun  7 2022" "01:27:17"
20220607 015044.547 INFO             PET0 ESMF library build location : /gpfsm/dnb04/projects/p98/mpotts/esmf/gfortran_8.3.0_mpiuni_g_v8.3.0
20220607 015044.547 INFO             PET0 ESMF_COMM                   : mpiuni
20220607 015044.547 INFO             PET0 ESMF_MOAB                   : enabled
20220607 015044.547 INFO             PET0 ESMF_LAPACK                 : enabled
20220607 015044.547 INFO             PET0 ESMF_NETCDF                 : disabled
20220607 015044.547 INFO             PET0 ESMF_PNETCDF                : disabled
20220607 015044.547 INFO             PET0 ESMF_PIO                    : disabled
20220607 015044.547 INFO             PET0 ESMF_YAMLCPP                : enabled
20220607 015044.547 INFO             PET0  NUMBER_OF_PROCESSORS           1
20220607 015044.547 INFO             PET0  PASS  Example ESMF_VMHigherRankDataEx, ESMF_VMHigherRankDataEx.F90, line 140
20220607 015044.547 INFO             PET0 Finalizing ESMF
