build time -- 2022-06-05 08:57:19
20220605 091557.911 INFO             PET0 !!!!!!!!!!!!!!!!!!!!!!!!!!!!!!!!!!!!!!!!!!!!!!!!!!!!!!
20220605 091557.911 INFO             PET0 !!! THE ESMF_LOG IS SET TO OUTPUT ALL LOG MESSAGES !!!
20220605 091557.911 INFO             PET0 !!!     THIS MAY CAUSE SLOWDOWN IN PERFORMANCE     !!!
20220605 091557.911 INFO             PET0 !!! FOR PRODUCTION RUNS, USE:                      !!!
20220605 091557.911 INFO             PET0 !!!                   ESMF_LOGKIND_Multi_On_Error  !!!
20220605 091557.911 INFO             PET0 !!!!!!!!!!!!!!!!!!!!!!!!!!!!!!!!!!!!!!!!!!!!!!!!!!!!!!
20220605 091557.911 INFO             PET0 Running with ESMF Version   : v8.4.0b01
20220605 091557.911 INFO             PET0 ESMF library build date/time: "Jun  5 2022" "08:56:09"
20220605 091557.911 INFO             PET0 ESMF library build location : /Volumes/esmf/esmf-testing/gfortran_11.2.0_mpiuni_O_develop
20220605 091557.911 INFO             PET0 ESMF_COMM                   : mpiuni
20220605 091557.911 INFO             PET0 ESMF_MOAB                   : enabled
20220605 091557.911 INFO             PET0 ESMF_LAPACK                 : enabled
20220605 091557.911 INFO             PET0 ESMF_NETCDF                 : enabled
20220605 091557.911 INFO             PET0 ESMF_PNETCDF                : disabled
20220605 091557.911 INFO             PET0 ESMF_PIO                    : disabled
20220605 091557.911 INFO             PET0 ESMF_YAMLCPP                : enabled
20220605 091557.976 DEBUG            PET0 about to destroy Grid: 0x7fde6f00bc00
20220605 091557.981 DEBUG            PET0 about to destroy Grid: 0x7fde6f01a400
20220605 091557.997 INFO             PET0  NUMBER_OF_PROCESSORS           1
20220605 091557.997 INFO             PET0  PASS  Example ESMF_NUOPCAtmModelEx, ESMF_NUOPCAtmModelEx.F90, line 806
20220605 091557.997 INFO             PET0 Finalizing ESMF
