build time -- 2022-04-26 00:17:06
20220426 003505.682 INFO             PET0 !!!!!!!!!!!!!!!!!!!!!!!!!!!!!!!!!!!!!!!!!!!!!!!!!!!!!!
20220426 003505.682 INFO             PET0 !!! THE ESMF_LOG IS SET TO OUTPUT ALL LOG MESSAGES !!!
20220426 003505.682 INFO             PET0 !!!     THIS MAY CAUSE SLOWDOWN IN PERFORMANCE     !!!
20220426 003505.682 INFO             PET0 !!! FOR PRODUCTION RUNS, USE:                      !!!
20220426 003505.682 INFO             PET0 !!!                   ESMF_LOGKIND_Multi_On_Error  !!!
20220426 003505.682 INFO             PET0 !!!!!!!!!!!!!!!!!!!!!!!!!!!!!!!!!!!!!!!!!!!!!!!!!!!!!!
20220426 003505.682 INFO             PET0 Running with ESMF Version   : v8.3.0b13
20220426 003505.682 INFO             PET0 ESMF library build date/time: "Apr 26 2022" "00:15:57"
20220426 003505.682 INFO             PET0 ESMF library build location : /Volumes/esmf/esmf-testing/gfortran_11.2.0_mpiuni_O_develop
20220426 003505.682 INFO             PET0 ESMF_COMM                   : mpiuni
20220426 003505.682 INFO             PET0 ESMF_MOAB                   : enabled
20220426 003505.682 INFO             PET0 ESMF_LAPACK                 : enabled
20220426 003505.682 INFO             PET0 ESMF_NETCDF                 : enabled
20220426 003505.682 INFO             PET0 ESMF_PNETCDF                : disabled
20220426 003505.682 INFO             PET0 ESMF_PIO                    : disabled
20220426 003505.682 INFO             PET0 ESMF_YAMLCPP                : enabled
20220426 003505.683 INFO             PET0  NUMBER_OF_PROCESSORS           1
20220426 003505.683 INFO             PET0  PASS  Example ESMF_CplEx, ESMF_CplEx.F90, line 457
20220426 003505.683 INFO             PET0 Finalizing ESMF
