build time -- 2022-05-02 00:18:11
20220502 003605.037 INFO             PET0 !!!!!!!!!!!!!!!!!!!!!!!!!!!!!!!!!!!!!!!!!!!!!!!!!!!!!!
20220502 003605.037 INFO             PET0 !!! THE ESMF_LOG IS SET TO OUTPUT ALL LOG MESSAGES !!!
20220502 003605.037 INFO             PET0 !!!     THIS MAY CAUSE SLOWDOWN IN PERFORMANCE     !!!
20220502 003605.037 INFO             PET0 !!! FOR PRODUCTION RUNS, USE:                      !!!
20220502 003605.037 INFO             PET0 !!!                   ESMF_LOGKIND_Multi_On_Error  !!!
20220502 003605.037 INFO             PET0 !!!!!!!!!!!!!!!!!!!!!!!!!!!!!!!!!!!!!!!!!!!!!!!!!!!!!!
20220502 003605.037 INFO             PET0 Running with ESMF Version   : v8.3.0b13-3-g648c7f896f
20220502 003605.037 INFO             PET0 ESMF library build date/time: "May  2 2022" "00:17:01"
20220502 003605.037 INFO             PET0 ESMF library build location : /Volumes/esmf/esmf-testing/gfortran_11.2.0_mpiuni_O_develop
20220502 003605.037 INFO             PET0 ESMF_COMM                   : mpiuni
20220502 003605.038 INFO             PET0 ESMF_MOAB                   : enabled
20220502 003605.038 INFO             PET0 ESMF_LAPACK                 : enabled
20220502 003605.038 INFO             PET0 ESMF_NETCDF                 : enabled
20220502 003605.038 INFO             PET0 ESMF_PNETCDF                : disabled
20220502 003605.038 INFO             PET0 ESMF_PIO                    : disabled
20220502 003605.038 INFO             PET0 ESMF_YAMLCPP                : enabled
20220502 003605.040 INFO             PET0 ESMF_FieldRedistStoreNF(): Just entered routine.
20220502 003605.188 INFO             PET0 ESMF_FieldRedistStoreNF(): Leaving routine.
20220502 003605.215 INFO             PET0  NUMBER_OF_PROCESSORS           1
20220502 003605.215 INFO             PET0  PASS  Example ESMF_RHandleFromFileEx, ESMF_RHandleFromFileEx.F90, line 192
20220502 003605.215 INFO             PET0 Finalizing ESMF
