build time -- 2022-04-07 03:45:16
20220407 073406.032 INFO             PET0 !!!!!!!!!!!!!!!!!!!!!!!!!!!!!!!!!!!!!!!!!!!!!!!!!!!!!!
20220407 073406.032 INFO             PET0 !!! THE ESMF_LOG IS SET TO OUTPUT ALL LOG MESSAGES !!!
20220407 073406.032 INFO             PET0 !!!     THIS MAY CAUSE SLOWDOWN IN PERFORMANCE     !!!
20220407 073406.032 INFO             PET0 !!! FOR PRODUCTION RUNS, USE:                      !!!
20220407 073406.032 INFO             PET0 !!!                   ESMF_LOGKIND_Multi_On_Error  !!!
20220407 073406.032 INFO             PET0 !!!!!!!!!!!!!!!!!!!!!!!!!!!!!!!!!!!!!!!!!!!!!!!!!!!!!!
20220407 073406.032 INFO             PET0 Running with ESMF Version   : v8.3.0b12
20220407 073406.032 INFO             PET0 ESMF library build date/time: "Apr  7 2022" "03:43:42"
20220407 073406.032 INFO             PET0 ESMF library build location : /lustre/f2/dev/ncep/Mark.Potts/gfortran_8.3.0_mpiuni_O_develop
20220407 073406.032 INFO             PET0 ESMF_COMM                   : mpiuni
20220407 073406.033 INFO             PET0 ESMF_MOAB                   : enabled
20220407 073406.033 INFO             PET0 ESMF_LAPACK                 : enabled
20220407 073406.033 INFO             PET0 ESMF_NETCDF                 : enabled
20220407 073406.033 INFO             PET0 ESMF_PNETCDF                : disabled
20220407 073406.033 INFO             PET0 ESMF_PIO                    : disabled
20220407 073406.033 INFO             PET0 ESMF_YAMLCPP                : enabled
20220407 073406.035 INFO             PET0 ESMF_FieldRedistStoreNF(): Just entered routine.
20220407 073406.129 INFO             PET0 ESMF_FieldRedistStoreNF(): Leaving routine.
20220407 073406.236 INFO             PET0  NUMBER_OF_PROCESSORS           1
20220407 073406.236 INFO             PET0  PASS  Example ESMF_RHandleFromFileEx, ESMF_RHandleFromFileEx.F90, line 192
20220407 073406.236 INFO             PET0 Finalizing ESMF
