build time -- 2022-05-29 00:21:42
20220529 012331.640 INFO             PET0 !!!!!!!!!!!!!!!!!!!!!!!!!!!!!!!!!!!!!!!!!!!!!!!!!!!!!!
20220529 012331.640 INFO             PET0 !!! THE ESMF_LOG IS SET TO OUTPUT ALL LOG MESSAGES !!!
20220529 012331.640 INFO             PET0 !!!     THIS MAY CAUSE SLOWDOWN IN PERFORMANCE     !!!
20220529 012331.640 INFO             PET0 !!! FOR PRODUCTION RUNS, USE:                      !!!
20220529 012331.640 INFO             PET0 !!!                   ESMF_LOGKIND_Multi_On_Error  !!!
20220529 012331.640 INFO             PET0 !!!!!!!!!!!!!!!!!!!!!!!!!!!!!!!!!!!!!!!!!!!!!!!!!!!!!!
20220529 012331.640 INFO             PET0 Running with ESMF Version   : v8.3.0b16
20220529 012331.640 INFO             PET0 ESMF library build date/time: "May 29 2022" "00:20:02"
20220529 012331.640 INFO             PET0 ESMF library build location : /lustre/f2/dev/ncep/Mark.Potts/gfortran_8.3.0_mpiuni_O_develop
20220529 012331.640 INFO             PET0 ESMF_COMM                   : mpiuni
20220529 012331.641 INFO             PET0 ESMF_MOAB                   : enabled
20220529 012331.641 INFO             PET0 ESMF_LAPACK                 : enabled
20220529 012331.641 INFO             PET0 ESMF_NETCDF                 : enabled
20220529 012331.641 INFO             PET0 ESMF_PNETCDF                : disabled
20220529 012331.641 INFO             PET0 ESMF_PIO                    : disabled
20220529 012331.641 INFO             PET0 ESMF_YAMLCPP                : enabled
20220529 012331.647 INFO             PET0  NUMBER_OF_PROCESSORS           1
20220529 012331.647 INFO             PET0  PASS  Example ESMF_LocStreamEx, ESMF_LocStreamEx.F90, line 784
20220529 012331.647 INFO             PET0 Finalizing ESMF
