build time -- 2022-04-17 03:07:00
20220417 081902.760 INFO             PET0 !!!!!!!!!!!!!!!!!!!!!!!!!!!!!!!!!!!!!!!!!!!!!!!!!!!!!!
20220417 081902.760 INFO             PET0 !!! THE ESMF_LOG IS SET TO OUTPUT ALL LOG MESSAGES !!!
20220417 081902.760 INFO             PET0 !!!     THIS MAY CAUSE SLOWDOWN IN PERFORMANCE     !!!
20220417 081902.760 INFO             PET0 !!! FOR PRODUCTION RUNS, USE:                      !!!
20220417 081902.760 INFO             PET0 !!!                   ESMF_LOGKIND_Multi_On_Error  !!!
20220417 081902.760 INFO             PET0 !!!!!!!!!!!!!!!!!!!!!!!!!!!!!!!!!!!!!!!!!!!!!!!!!!!!!!
20220417 081902.760 INFO             PET0 Running with ESMF Version   : v8.3.0b12-66-g968479064d
20220417 081902.760 INFO             PET0 ESMF library build date/time: "Apr 17 2022" "03:04:58"
20220417 081902.760 INFO             PET0 ESMF library build location : /lustre/f2/dev/ncep/Mark.Potts/gfortran_8.3.0_mpiuni_O_develop
20220417 081902.760 INFO             PET0 ESMF_COMM                   : mpiuni
20220417 081902.761 INFO             PET0 ESMF_MOAB                   : enabled
20220417 081902.761 INFO             PET0 ESMF_LAPACK                 : enabled
20220417 081902.761 INFO             PET0 ESMF_NETCDF                 : enabled
20220417 081902.761 INFO             PET0 ESMF_PNETCDF                : disabled
20220417 081902.761 INFO             PET0 ESMF_PIO                    : disabled
20220417 081902.761 INFO             PET0 ESMF_YAMLCPP                : enabled
20220417 081902.815 DEBUG            PET0 about to destroy Grid: 0x262f7c0
20220417 081902.818 DEBUG            PET0 about to destroy Grid: 0x2631580
20220417 081902.825 INFO             PET0  NUMBER_OF_PROCESSORS           1
20220417 081902.825 INFO             PET0  PASS  Example ESMF_NUOPCAtmModelEx, ESMF_NUOPCAtmModelEx.F90, line 806
20220417 081902.825 INFO             PET0 Finalizing ESMF
