build time -- 2022-05-07 00:24:56
20220507 015745.792 INFO             PET0 !!!!!!!!!!!!!!!!!!!!!!!!!!!!!!!!!!!!!!!!!!!!!!!!!!!!!!
20220507 015745.792 INFO             PET0 !!! THE ESMF_LOG IS SET TO OUTPUT ALL LOG MESSAGES !!!
20220507 015745.792 INFO             PET0 !!!     THIS MAY CAUSE SLOWDOWN IN PERFORMANCE     !!!
20220507 015745.792 INFO             PET0 !!! FOR PRODUCTION RUNS, USE:                      !!!
20220507 015745.792 INFO             PET0 !!!                   ESMF_LOGKIND_Multi_On_Error  !!!
20220507 015745.792 INFO             PET0 !!!!!!!!!!!!!!!!!!!!!!!!!!!!!!!!!!!!!!!!!!!!!!!!!!!!!!
20220507 015745.792 INFO             PET0 Running with ESMF Version   : v8.3.0b14-2-gde129fc120
20220507 015745.792 INFO             PET0 ESMF library build date/time: "May  7 2022" "00:22:36"
20220507 015745.792 INFO             PET0 ESMF library build location : /lustre/f2/dev/ncep/Mark.Potts/gfortran_8.3.0_mpiuni_O_develop
20220507 015745.792 INFO             PET0 ESMF_COMM                   : mpiuni
20220507 015745.793 INFO             PET0 ESMF_MOAB                   : enabled
20220507 015745.793 INFO             PET0 ESMF_LAPACK                 : enabled
20220507 015745.793 INFO             PET0 ESMF_NETCDF                 : enabled
20220507 015745.793 INFO             PET0 ESMF_PNETCDF                : disabled
20220507 015745.793 INFO             PET0 ESMF_PIO                    : disabled
20220507 015745.793 INFO             PET0 ESMF_YAMLCPP                : enabled
20220507 015745.793 INFO             PET0 ESMF Tracing Enabled
20220507 015745.793 INFO             PET0 ESMF Profiling Enabled
20220507 015745.793 INFO             PET0 ESMF Trace/Profile clock: REALTIME
20220507 015745.803 WARNING          PET0 ESMF Tracing/Profiling could not load dynamic instrumentation functions.
20220507 015745.830 INFO             PET0  NUMBER_OF_PROCESSORS           1
20220507 015745.830 INFO             PET0  PASS  Example ESMF_TraceEx, ESMF_TraceEx.F90, line 178
20220507 015745.830 INFO             PET0 Finalizing ESMF
20220507 015745.830 INFO             PET0 **************** Region Timings *******************
20220507 015745.830 INFO             PET0 Region              Count  Total (s)   Self (s)    Mean (s)    Min (s)     Max (s)
20220507 015745.830 INFO             PET0   [test] Run 1      5      0.0000      0.0000      0.0000      0.0000      0.0000
20220507 015745.830 INFO             PET0   [test] Init 1     1      0.0000      0.0000      0.0000      0.0000      0.0000
20220507 015745.830 INFO             PET0   [test] Final 1    1      0.0000      0.0000      0.0000      0.0000      0.0000
