build time -- 2022-06-02 00:23:57
20220602 013310.397 INFO             PET0 !!!!!!!!!!!!!!!!!!!!!!!!!!!!!!!!!!!!!!!!!!!!!!!!!!!!!!
20220602 013310.397 INFO             PET0 !!! THE ESMF_LOG IS SET TO OUTPUT ALL LOG MESSAGES !!!
20220602 013310.397 INFO             PET0 !!!     THIS MAY CAUSE SLOWDOWN IN PERFORMANCE     !!!
20220602 013310.397 INFO             PET0 !!! FOR PRODUCTION RUNS, USE:                      !!!
20220602 013310.397 INFO             PET0 !!!                   ESMF_LOGKIND_Multi_On_Error  !!!
20220602 013310.397 INFO             PET0 !!!!!!!!!!!!!!!!!!!!!!!!!!!!!!!!!!!!!!!!!!!!!!!!!!!!!!
20220602 013310.397 INFO             PET0 Running with ESMF Version   : v8.4.0b00
20220602 013310.397 INFO             PET0 ESMF library build date/time: "Jun  2 2022" "00:22:11"
20220602 013310.397 INFO             PET0 ESMF library build location : /lustre/f2/dev/ncep/Mark.Potts/gfortran_8.3.0_mpiuni_O_develop
20220602 013310.397 INFO             PET0 ESMF_COMM                   : mpiuni
20220602 013310.398 INFO             PET0 ESMF_MOAB                   : enabled
20220602 013310.398 INFO             PET0 ESMF_LAPACK                 : enabled
20220602 013310.398 INFO             PET0 ESMF_NETCDF                 : enabled
20220602 013310.398 INFO             PET0 ESMF_PNETCDF                : disabled
20220602 013310.398 INFO             PET0 ESMF_PIO                    : disabled
20220602 013310.398 INFO             PET0 ESMF_YAMLCPP                : enabled
20220602 013310.398 INFO             PET0  NUMBER_OF_PROCESSORS           1
20220602 013310.398 INFO             PET0  PASS  Example ESMF_VMUserMpiCommMultiEx, ESMF_VMUserMpiCommMultiEx.F90, line 126
20220602 013310.398 INFO             PET0 Finalizing ESMF
