build time -- 2022-04-15 00:23:36
20220415 010506.754 INFO             PET0 !!!!!!!!!!!!!!!!!!!!!!!!!!!!!!!!!!!!!!!!!!!!!!!!!!!!!!
20220415 010506.754 INFO             PET0 !!! THE ESMF_LOG IS SET TO OUTPUT ALL LOG MESSAGES !!!
20220415 010506.754 INFO             PET0 !!!     THIS MAY CAUSE SLOWDOWN IN PERFORMANCE     !!!
20220415 010506.754 INFO             PET0 !!! FOR PRODUCTION RUNS, USE:                      !!!
20220415 010506.754 INFO             PET0 !!!                   ESMF_LOGKIND_Multi_On_Error  !!!
20220415 010506.754 INFO             PET0 !!!!!!!!!!!!!!!!!!!!!!!!!!!!!!!!!!!!!!!!!!!!!!!!!!!!!!
20220415 010506.754 INFO             PET0 Running with ESMF Version   : v8.3.0b12-66-g968479064d
20220415 010506.754 INFO             PET0 ESMF library build date/time: "Apr 15 2022" "00:21:40"
20220415 010506.754 INFO             PET0 ESMF library build location : /lustre/f2/dev/ncep/Mark.Potts/gfortran_8.3.0_mpiuni_O_develop
20220415 010506.754 INFO             PET0 ESMF_COMM                   : mpiuni
20220415 010506.755 INFO             PET0 ESMF_MOAB                   : enabled
20220415 010506.755 INFO             PET0 ESMF_LAPACK                 : enabled
20220415 010506.755 INFO             PET0 ESMF_NETCDF                 : enabled
20220415 010506.755 INFO             PET0 ESMF_PNETCDF                : disabled
20220415 010506.755 INFO             PET0 ESMF_PIO                    : disabled
20220415 010506.755 INFO             PET0 ESMF_YAMLCPP                : enabled
20220415 010506.755 INFO             PET0  NUMBER_OF_PROCESSORS           1
20220415 010506.755 INFO             PET0  PASS  Example ESMF_VMAllFullReduceEx, ESMF_VMAllFullReduceEx.F90, line 113
20220415 010506.755 INFO             PET0 Finalizing ESMF
