build time -- 2022-05-24 01:19:52.528233
20220524 014615.774 INFO             PET0 !!!!!!!!!!!!!!!!!!!!!!!!!!!!!!!!!!!!!!!!!!!!!!!!!!!!!!
20220524 014615.774 INFO             PET0 !!! THE ESMF_LOG IS SET TO OUTPUT ALL LOG MESSAGES !!!
20220524 014615.774 INFO             PET0 !!!     THIS MAY CAUSE SLOWDOWN IN PERFORMANCE     !!!
20220524 014615.774 INFO             PET0 !!! FOR PRODUCTION RUNS, USE:                      !!!
20220524 014615.774 INFO             PET0 !!!                   ESMF_LOGKIND_Multi_On_Error  !!!
20220524 014615.775 INFO             PET0 !!!!!!!!!!!!!!!!!!!!!!!!!!!!!!!!!!!!!!!!!!!!!!!!!!!!!!
20220524 014615.775 INFO             PET0 Running with ESMF Version   : v8.3.0b16
20220524 014615.775 INFO             PET0 ESMF library build date/time: "May 24 2022" "01:17:49"
20220524 014615.775 INFO             PET0 ESMF library build location : /gpfsm/dnb04/projects/p98/mpotts/esmf/intel_19.1.3_mpt_O_develop
20220524 014615.775 INFO             PET0 ESMF_COMM                   : mpt
20220524 014615.776 INFO             PET0 ESMF_MOAB                   : enabled
20220524 014615.776 INFO             PET0 ESMF_LAPACK                 : enabled
20220524 014615.776 INFO             PET0 ESMF_NETCDF                 : enabled
20220524 014615.776 INFO             PET0 ESMF_PNETCDF                : disabled
20220524 014615.776 INFO             PET0 ESMF_PIO                    : enabled
20220524 014615.776 INFO             PET0 ESMF_YAMLCPP                : enabled
20220524 014615.776 INFO             PET0  NUMBER_OF_PROCESSORS           1
20220524 014615.776 INFO             PET0  PASS  Example CalendarEx, ESMF_CalendarEx.F90, line 217
20220524 014615.776 INFO             PET0 Finalizing ESMF
