build time -- 2022-05-01 01:22:17.641846
20220501 014938.735 INFO             PET0 !!!!!!!!!!!!!!!!!!!!!!!!!!!!!!!!!!!!!!!!!!!!!!!!!!!!!!
20220501 014938.735 INFO             PET0 !!! THE ESMF_LOG IS SET TO OUTPUT ALL LOG MESSAGES !!!
20220501 014938.735 INFO             PET0 !!!     THIS MAY CAUSE SLOWDOWN IN PERFORMANCE     !!!
20220501 014938.735 INFO             PET0 !!! FOR PRODUCTION RUNS, USE:                      !!!
20220501 014938.735 INFO             PET0 !!!                   ESMF_LOGKIND_Multi_On_Error  !!!
20220501 014938.735 INFO             PET0 !!!!!!!!!!!!!!!!!!!!!!!!!!!!!!!!!!!!!!!!!!!!!!!!!!!!!!
20220501 014938.735 INFO             PET0 Running with ESMF Version   : v8.3.0b13-3-g648c7f896f
20220501 014938.735 INFO             PET0 ESMF library build date/time: "May  1 2022" "01:20:16"
20220501 014938.735 INFO             PET0 ESMF library build location : /gpfsm/dnb04/projects/p98/mpotts/esmf/intel_19.1.3_mpt_O_develop
20220501 014938.735 INFO             PET0 ESMF_COMM                   : mpt
20220501 014938.736 INFO             PET0 ESMF_MOAB                   : enabled
20220501 014938.736 INFO             PET0 ESMF_LAPACK                 : enabled
20220501 014938.736 INFO             PET0 ESMF_NETCDF                 : enabled
20220501 014938.736 INFO             PET0 ESMF_PNETCDF                : disabled
20220501 014938.736 INFO             PET0 ESMF_PIO                    : enabled
20220501 014938.736 INFO             PET0 ESMF_YAMLCPP                : enabled
20220501 014938.738 INFO             PET0  NUMBER_OF_PROCESSORS           4
20220501 014938.738 INFO             PET0  PASS  Example ESMF_SCompEx, ESMF_SCompEx.F90, line 385
20220501 014938.738 INFO             PET0 Finalizing ESMF
20220501 014938.736 INFO             PET1 !!!!!!!!!!!!!!!!!!!!!!!!!!!!!!!!!!!!!!!!!!!!!!!!!!!!!!
20220501 014938.736 INFO             PET1 !!! THE ESMF_LOG IS SET TO OUTPUT ALL LOG MESSAGES !!!
20220501 014938.736 INFO             PET1 !!!     THIS MAY CAUSE SLOWDOWN IN PERFORMANCE     !!!
20220501 014938.736 INFO             PET1 !!! FOR PRODUCTION RUNS, USE:                      !!!
20220501 014938.736 INFO             PET1 !!!                   ESMF_LOGKIND_Multi_On_Error  !!!
20220501 014938.736 INFO             PET1 !!!!!!!!!!!!!!!!!!!!!!!!!!!!!!!!!!!!!!!!!!!!!!!!!!!!!!
20220501 014938.736 INFO             PET1 Running with ESMF Version   : v8.3.0b13-3-g648c7f896f
20220501 014938.736 INFO             PET1 ESMF library build date/time: "May  1 2022" "01:20:16"
20220501 014938.736 INFO             PET1 ESMF library build location : /gpfsm/dnb04/projects/p98/mpotts/esmf/intel_19.1.3_mpt_O_develop
20220501 014938.736 INFO             PET1 ESMF_COMM                   : mpt
20220501 014938.737 INFO             PET1 ESMF_MOAB                   : enabled
20220501 014938.737 INFO             PET1 ESMF_LAPACK                 : enabled
20220501 014938.737 INFO             PET1 ESMF_NETCDF                 : enabled
20220501 014938.737 INFO             PET1 ESMF_PNETCDF                : disabled
20220501 014938.737 INFO             PET1 ESMF_PIO                    : enabled
20220501 014938.737 INFO             PET1 ESMF_YAMLCPP                : enabled
20220501 014938.738 INFO             PET1  NUMBER_OF_PROCESSORS           4
20220501 014938.738 INFO             PET1  PASS  Example ESMF_SCompEx, ESMF_SCompEx.F90, line 385
20220501 014938.738 INFO             PET1 Finalizing ESMF
20220501 014938.735 INFO             PET2 !!!!!!!!!!!!!!!!!!!!!!!!!!!!!!!!!!!!!!!!!!!!!!!!!!!!!!
20220501 014938.735 INFO             PET2 !!! THE ESMF_LOG IS SET TO OUTPUT ALL LOG MESSAGES !!!
20220501 014938.735 INFO             PET2 !!!     THIS MAY CAUSE SLOWDOWN IN PERFORMANCE     !!!
20220501 014938.735 INFO             PET2 !!! FOR PRODUCTION RUNS, USE:                      !!!
20220501 014938.735 INFO             PET2 !!!                   ESMF_LOGKIND_Multi_On_Error  !!!
20220501 014938.735 INFO             PET2 !!!!!!!!!!!!!!!!!!!!!!!!!!!!!!!!!!!!!!!!!!!!!!!!!!!!!!
20220501 014938.735 INFO             PET2 Running with ESMF Version   : v8.3.0b13-3-g648c7f896f
20220501 014938.735 INFO             PET2 ESMF library build date/time: "May  1 2022" "01:20:16"
20220501 014938.735 INFO             PET2 ESMF library build location : /gpfsm/dnb04/projects/p98/mpotts/esmf/intel_19.1.3_mpt_O_develop
20220501 014938.735 INFO             PET2 ESMF_COMM                   : mpt
20220501 014938.736 INFO             PET2 ESMF_MOAB                   : enabled
20220501 014938.736 INFO             PET2 ESMF_LAPACK                 : enabled
20220501 014938.736 INFO             PET2 ESMF_NETCDF                 : enabled
20220501 014938.736 INFO             PET2 ESMF_PNETCDF                : disabled
20220501 014938.736 INFO             PET2 ESMF_PIO                    : enabled
20220501 014938.736 INFO             PET2 ESMF_YAMLCPP                : enabled
20220501 014938.738 INFO             PET2  NUMBER_OF_PROCESSORS           4
20220501 014938.738 INFO             PET2  PASS  Example ESMF_SCompEx, ESMF_SCompEx.F90, line 385
20220501 014938.738 INFO             PET2 Finalizing ESMF
20220501 014938.736 INFO             PET3 !!!!!!!!!!!!!!!!!!!!!!!!!!!!!!!!!!!!!!!!!!!!!!!!!!!!!!
20220501 014938.736 INFO             PET3 !!! THE ESMF_LOG IS SET TO OUTPUT ALL LOG MESSAGES !!!
20220501 014938.736 INFO             PET3 !!!     THIS MAY CAUSE SLOWDOWN IN PERFORMANCE     !!!
20220501 014938.736 INFO             PET3 !!! FOR PRODUCTION RUNS, USE:                      !!!
20220501 014938.736 INFO             PET3 !!!                   ESMF_LOGKIND_Multi_On_Error  !!!
20220501 014938.736 INFO             PET3 !!!!!!!!!!!!!!!!!!!!!!!!!!!!!!!!!!!!!!!!!!!!!!!!!!!!!!
20220501 014938.736 INFO             PET3 Running with ESMF Version   : v8.3.0b13-3-g648c7f896f
20220501 014938.736 INFO             PET3 ESMF library build date/time: "May  1 2022" "01:20:16"
20220501 014938.736 INFO             PET3 ESMF library build location : /gpfsm/dnb04/projects/p98/mpotts/esmf/intel_19.1.3_mpt_O_develop
20220501 014938.736 INFO             PET3 ESMF_COMM                   : mpt
20220501 014938.737 INFO             PET3 ESMF_MOAB                   : enabled
20220501 014938.737 INFO             PET3 ESMF_LAPACK                 : enabled
20220501 014938.737 INFO             PET3 ESMF_NETCDF                 : enabled
20220501 014938.737 INFO             PET3 ESMF_PNETCDF                : disabled
20220501 014938.737 INFO             PET3 ESMF_PIO                    : enabled
20220501 014938.737 INFO             PET3 ESMF_YAMLCPP                : enabled
20220501 014938.738 INFO             PET3  NUMBER_OF_PROCESSORS           4
20220501 014938.738 INFO             PET3  PASS  Example ESMF_SCompEx, ESMF_SCompEx.F90, line 385
20220501 014938.738 INFO             PET3 Finalizing ESMF
