build time -- 2022-04-09 01:18:37.178032
20220409 020433.486 INFO             PET0 !!!!!!!!!!!!!!!!!!!!!!!!!!!!!!!!!!!!!!!!!!!!!!!!!!!!!!
20220409 020433.486 INFO             PET0 !!! THE ESMF_LOG IS SET TO OUTPUT ALL LOG MESSAGES !!!
20220409 020433.486 INFO             PET0 !!!     THIS MAY CAUSE SLOWDOWN IN PERFORMANCE     !!!
20220409 020433.486 INFO             PET0 !!! FOR PRODUCTION RUNS, USE:                      !!!
20220409 020433.486 INFO             PET0 !!!                   ESMF_LOGKIND_Multi_On_Error  !!!
20220409 020433.486 INFO             PET0 !!!!!!!!!!!!!!!!!!!!!!!!!!!!!!!!!!!!!!!!!!!!!!!!!!!!!!
20220409 020433.486 INFO             PET0 Running with ESMF Version   : v8.3.0b12-1-g7c85d54760
20220409 020433.486 INFO             PET0 ESMF library build date/time: "Apr  9 2022" "01:16:28"
20220409 020433.486 INFO             PET0 ESMF library build location : /gpfsm/dnb04/projects/p98/mpotts/esmf/intel_19.1.3_mpt_O_develop
20220409 020433.486 INFO             PET0 ESMF_COMM                   : mpt
20220409 020433.487 INFO             PET0 ESMF_MOAB                   : enabled
20220409 020433.487 INFO             PET0 ESMF_LAPACK                 : enabled
20220409 020433.487 INFO             PET0 ESMF_NETCDF                 : enabled
20220409 020433.487 INFO             PET0 ESMF_PNETCDF                : disabled
20220409 020433.487 INFO             PET0 ESMF_PIO                    : enabled
20220409 020433.487 INFO             PET0 ESMF_YAMLCPP                : enabled
20220409 020433.619 DEBUG            PET0 about to destroy Grid: 0x19e0090
20220409 020433.623 DEBUG            PET0 about to destroy Grid: 0x19e2e10
20220409 020433.634 INFO             PET0  NUMBER_OF_PROCESSORS           4
20220409 020433.634 INFO             PET0  PASS  Example ESMF_NUOPCAtmModelEx, ESMF_NUOPCAtmModelEx.F90, line 806
20220409 020433.634 INFO             PET0 Finalizing ESMF
20220409 020433.486 INFO             PET1 !!!!!!!!!!!!!!!!!!!!!!!!!!!!!!!!!!!!!!!!!!!!!!!!!!!!!!
20220409 020433.486 INFO             PET1 !!! THE ESMF_LOG IS SET TO OUTPUT ALL LOG MESSAGES !!!
20220409 020433.486 INFO             PET1 !!!     THIS MAY CAUSE SLOWDOWN IN PERFORMANCE     !!!
20220409 020433.486 INFO             PET1 !!! FOR PRODUCTION RUNS, USE:                      !!!
20220409 020433.486 INFO             PET1 !!!                   ESMF_LOGKIND_Multi_On_Error  !!!
20220409 020433.486 INFO             PET1 !!!!!!!!!!!!!!!!!!!!!!!!!!!!!!!!!!!!!!!!!!!!!!!!!!!!!!
20220409 020433.486 INFO             PET1 Running with ESMF Version   : v8.3.0b12-1-g7c85d54760
20220409 020433.486 INFO             PET1 ESMF library build date/time: "Apr  9 2022" "01:16:28"
20220409 020433.486 INFO             PET1 ESMF library build location : /gpfsm/dnb04/projects/p98/mpotts/esmf/intel_19.1.3_mpt_O_develop
20220409 020433.486 INFO             PET1 ESMF_COMM                   : mpt
20220409 020433.487 INFO             PET1 ESMF_MOAB                   : enabled
20220409 020433.487 INFO             PET1 ESMF_LAPACK                 : enabled
20220409 020433.487 INFO             PET1 ESMF_NETCDF                 : enabled
20220409 020433.487 INFO             PET1 ESMF_PNETCDF                : disabled
20220409 020433.487 INFO             PET1 ESMF_PIO                    : enabled
20220409 020433.487 INFO             PET1 ESMF_YAMLCPP                : enabled
20220409 020433.619 DEBUG            PET1 about to destroy Grid: 0x19e3260
20220409 020433.623 DEBUG            PET1 about to destroy Grid: 0x19e3f40
20220409 020433.634 INFO             PET1  NUMBER_OF_PROCESSORS           4
20220409 020433.634 INFO             PET1  PASS  Example ESMF_NUOPCAtmModelEx, ESMF_NUOPCAtmModelEx.F90, line 806
20220409 020433.634 INFO             PET1 Finalizing ESMF
20220409 020433.486 INFO             PET2 !!!!!!!!!!!!!!!!!!!!!!!!!!!!!!!!!!!!!!!!!!!!!!!!!!!!!!
20220409 020433.486 INFO             PET2 !!! THE ESMF_LOG IS SET TO OUTPUT ALL LOG MESSAGES !!!
20220409 020433.486 INFO             PET2 !!!     THIS MAY CAUSE SLOWDOWN IN PERFORMANCE     !!!
20220409 020433.486 INFO             PET2 !!! FOR PRODUCTION RUNS, USE:                      !!!
20220409 020433.486 INFO             PET2 !!!                   ESMF_LOGKIND_Multi_On_Error  !!!
20220409 020433.486 INFO             PET2 !!!!!!!!!!!!!!!!!!!!!!!!!!!!!!!!!!!!!!!!!!!!!!!!!!!!!!
20220409 020433.486 INFO             PET2 Running with ESMF Version   : v8.3.0b12-1-g7c85d54760
20220409 020433.486 INFO             PET2 ESMF library build date/time: "Apr  9 2022" "01:16:28"
20220409 020433.486 INFO             PET2 ESMF library build location : /gpfsm/dnb04/projects/p98/mpotts/esmf/intel_19.1.3_mpt_O_develop
20220409 020433.486 INFO             PET2 ESMF_COMM                   : mpt
20220409 020433.487 INFO             PET2 ESMF_MOAB                   : enabled
20220409 020433.487 INFO             PET2 ESMF_LAPACK                 : enabled
20220409 020433.487 INFO             PET2 ESMF_NETCDF                 : enabled
20220409 020433.487 INFO             PET2 ESMF_PNETCDF                : disabled
20220409 020433.487 INFO             PET2 ESMF_PIO                    : enabled
20220409 020433.487 INFO             PET2 ESMF_YAMLCPP                : enabled
20220409 020433.619 DEBUG            PET2 about to destroy Grid: 0x19e32e0
20220409 020433.623 DEBUG            PET2 about to destroy Grid: 0x19e3fc0
20220409 020433.634 INFO             PET2  NUMBER_OF_PROCESSORS           4
20220409 020433.634 INFO             PET2  PASS  Example ESMF_NUOPCAtmModelEx, ESMF_NUOPCAtmModelEx.F90, line 806
20220409 020433.634 INFO             PET2 Finalizing ESMF
20220409 020433.486 INFO             PET3 !!!!!!!!!!!!!!!!!!!!!!!!!!!!!!!!!!!!!!!!!!!!!!!!!!!!!!
20220409 020433.486 INFO             PET3 !!! THE ESMF_LOG IS SET TO OUTPUT ALL LOG MESSAGES !!!
20220409 020433.486 INFO             PET3 !!!     THIS MAY CAUSE SLOWDOWN IN PERFORMANCE     !!!
20220409 020433.486 INFO             PET3 !!! FOR PRODUCTION RUNS, USE:                      !!!
20220409 020433.486 INFO             PET3 !!!                   ESMF_LOGKIND_Multi_On_Error  !!!
20220409 020433.486 INFO             PET3 !!!!!!!!!!!!!!!!!!!!!!!!!!!!!!!!!!!!!!!!!!!!!!!!!!!!!!
20220409 020433.486 INFO             PET3 Running with ESMF Version   : v8.3.0b12-1-g7c85d54760
20220409 020433.486 INFO             PET3 ESMF library build date/time: "Apr  9 2022" "01:16:28"
20220409 020433.486 INFO             PET3 ESMF library build location : /gpfsm/dnb04/projects/p98/mpotts/esmf/intel_19.1.3_mpt_O_develop
20220409 020433.486 INFO             PET3 ESMF_COMM                   : mpt
20220409 020433.487 INFO             PET3 ESMF_MOAB                   : enabled
20220409 020433.487 INFO             PET3 ESMF_LAPACK                 : enabled
20220409 020433.487 INFO             PET3 ESMF_NETCDF                 : enabled
20220409 020433.487 INFO             PET3 ESMF_PNETCDF                : disabled
20220409 020433.487 INFO             PET3 ESMF_PIO                    : enabled
20220409 020433.487 INFO             PET3 ESMF_YAMLCPP                : enabled
20220409 020433.619 DEBUG            PET3 about to destroy Grid: 0x19e3360
20220409 020433.623 DEBUG            PET3 about to destroy Grid: 0x19e4040
20220409 020433.634 INFO             PET3  NUMBER_OF_PROCESSORS           4
20220409 020433.634 INFO             PET3  PASS  Example ESMF_NUOPCAtmModelEx, ESMF_NUOPCAtmModelEx.F90, line 806
20220409 020433.634 INFO             PET3 Finalizing ESMF
