build time -- 2022-04-26 01:14:07.300024
20220426 013947.658 INFO             PET0 !!!!!!!!!!!!!!!!!!!!!!!!!!!!!!!!!!!!!!!!!!!!!!!!!!!!!!
20220426 013947.658 INFO             PET0 !!! THE ESMF_LOG IS SET TO OUTPUT ALL LOG MESSAGES !!!
20220426 013947.658 INFO             PET0 !!!     THIS MAY CAUSE SLOWDOWN IN PERFORMANCE     !!!
20220426 013947.658 INFO             PET0 !!! FOR PRODUCTION RUNS, USE:                      !!!
20220426 013947.658 INFO             PET0 !!!                   ESMF_LOGKIND_Multi_On_Error  !!!
20220426 013947.658 INFO             PET0 !!!!!!!!!!!!!!!!!!!!!!!!!!!!!!!!!!!!!!!!!!!!!!!!!!!!!!
20220426 013947.658 INFO             PET0 Running with ESMF Version   : v8.3.0b13
20220426 013947.658 INFO             PET0 ESMF library build date/time: "Apr 26 2022" "01:12:05"
20220426 013947.658 INFO             PET0 ESMF library build location : /gpfsm/dnb04/projects/p98/mpotts/esmf/intel_19.1.3_mpt_O_develop
20220426 013947.658 INFO             PET0 ESMF_COMM                   : mpt
20220426 013947.659 INFO             PET0 ESMF_MOAB                   : enabled
20220426 013947.659 INFO             PET0 ESMF_LAPACK                 : enabled
20220426 013947.659 INFO             PET0 ESMF_NETCDF                 : enabled
20220426 013947.659 INFO             PET0 ESMF_PNETCDF                : disabled
20220426 013947.659 INFO             PET0 ESMF_PIO                    : enabled
20220426 013947.659 INFO             PET0 ESMF_YAMLCPP                : enabled
20220426 013947.660 INFO             PET0  NUMBER_OF_PROCESSORS           1
20220426 013947.660 INFO             PET0  PASS  Example ESMF_TimeEx, ESMF_TimeEx.F90, line 141
20220426 013947.660 INFO             PET0 Finalizing ESMF
