build time -- 2022-04-20 01:18:01.161790
20220420 014512.238 INFO             PET0 !!!!!!!!!!!!!!!!!!!!!!!!!!!!!!!!!!!!!!!!!!!!!!!!!!!!!!
20220420 014512.238 INFO             PET0 !!! THE ESMF_LOG IS SET TO OUTPUT ALL LOG MESSAGES !!!
20220420 014512.238 INFO             PET0 !!!     THIS MAY CAUSE SLOWDOWN IN PERFORMANCE     !!!
20220420 014512.238 INFO             PET0 !!! FOR PRODUCTION RUNS, USE:                      !!!
20220420 014512.238 INFO             PET0 !!!                   ESMF_LOGKIND_Multi_On_Error  !!!
20220420 014512.238 INFO             PET0 !!!!!!!!!!!!!!!!!!!!!!!!!!!!!!!!!!!!!!!!!!!!!!!!!!!!!!
20220420 014512.238 INFO             PET0 Running with ESMF Version   : v8.3.0b12-72-g1df70b4e76
20220420 014512.238 INFO             PET0 ESMF library build date/time: "Apr 20 2022" "01:15:55"
20220420 014512.238 INFO             PET0 ESMF library build location : /gpfsm/dnb04/projects/p98/mpotts/esmf/intel_19.1.3_mpt_O_develop
20220420 014512.238 INFO             PET0 ESMF_COMM                   : mpt
20220420 014512.239 INFO             PET0 ESMF_MOAB                   : enabled
20220420 014512.239 INFO             PET0 ESMF_LAPACK                 : enabled
20220420 014512.239 INFO             PET0 ESMF_NETCDF                 : enabled
20220420 014512.239 INFO             PET0 ESMF_PNETCDF                : disabled
20220420 014512.239 INFO             PET0 ESMF_PIO                    : enabled
20220420 014512.239 INFO             PET0 ESMF_YAMLCPP                : enabled
20220420 014512.242 INFO             PET0  NUMBER_OF_PROCESSORS           1
20220420 014512.242 INFO             PET0  PASS  Example ESMF_XGridSparseMatEx, ESMF_XGridSparseMatEx.F90, line 642
20220420 014512.242 INFO             PET0 Finalizing ESMF
