build time -- 2022-05-26 01:14:32.669755
20220526 013220.418 INFO             PET0 !!!!!!!!!!!!!!!!!!!!!!!!!!!!!!!!!!!!!!!!!!!!!!!!!!!!!!
20220526 013220.418 INFO             PET0 !!! THE ESMF_LOG IS SET TO OUTPUT ALL LOG MESSAGES !!!
20220526 013220.418 INFO             PET0 !!!     THIS MAY CAUSE SLOWDOWN IN PERFORMANCE     !!!
20220526 013220.418 INFO             PET0 !!! FOR PRODUCTION RUNS, USE:                      !!!
20220526 013220.418 INFO             PET0 !!!                   ESMF_LOGKIND_Multi_On_Error  !!!
20220526 013220.418 INFO             PET0 !!!!!!!!!!!!!!!!!!!!!!!!!!!!!!!!!!!!!!!!!!!!!!!!!!!!!!
20220526 013220.418 INFO             PET0 Running with ESMF Version   : v8.3.0b16-3-gc2b47388e1
20220526 013220.418 INFO             PET0 ESMF library build date/time: "May 26 2022" "01:13:37"
20220526 013220.418 INFO             PET0 ESMF library build location : /gpfsm/dnb04/projects/p98/mpotts/esmf/gfortran_8.3.0_mpiuni_O_release_8.3.0
20220526 013220.418 INFO             PET0 ESMF_COMM                   : mpiuni
20220526 013220.418 INFO             PET0 ESMF_MOAB                   : enabled
20220526 013220.418 INFO             PET0 ESMF_LAPACK                 : enabled
20220526 013220.418 INFO             PET0 ESMF_NETCDF                 : disabled
20220526 013220.418 INFO             PET0 ESMF_PNETCDF                : disabled
20220526 013220.418 INFO             PET0 ESMF_PIO                    : disabled
20220526 013220.418 INFO             PET0 ESMF_YAMLCPP                : enabled
20220526 013220.418 INFO             PET0  NUMBER_OF_PROCESSORS           1
20220526 013220.418 INFO             PET0  PASS  Example ESMF_StateReconcileEx, ESMF_StateReconcileEx.F90, line 294
20220526 013220.418 INFO             PET0 Finalizing ESMF
