build time -- 2022-06-01 12:07:39.006627
20220601 123650.874 INFO             PET0 !!!!!!!!!!!!!!!!!!!!!!!!!!!!!!!!!!!!!!!!!!!!!!!!!!!!!!
20220601 123650.874 INFO             PET0 !!! THE ESMF_LOG IS SET TO OUTPUT ALL LOG MESSAGES !!!
20220601 123650.874 INFO             PET0 !!!     THIS MAY CAUSE SLOWDOWN IN PERFORMANCE     !!!
20220601 123650.874 INFO             PET0 !!! FOR PRODUCTION RUNS, USE:                      !!!
20220601 123650.874 INFO             PET0 !!!                   ESMF_LOGKIND_Multi_On_Error  !!!
20220601 123650.874 INFO             PET0 !!!!!!!!!!!!!!!!!!!!!!!!!!!!!!!!!!!!!!!!!!!!!!!!!!!!!!
20220601 123650.874 INFO             PET0 Running with ESMF Version   : v8.4.0b00
20220601 123650.874 INFO             PET0 ESMF library build date/time: "Jun  1 2022" "12:05:18"
20220601 123650.874 INFO             PET0 ESMF library build location : /glade/scratch/dunlap/esmf-testing/gfortran_10.1.0_mpt_O_develop
20220601 123650.874 INFO             PET0 ESMF_COMM                   : mpt
20220601 123650.874 INFO             PET0 ESMF_MOAB                   : enabled
20220601 123650.874 INFO             PET0 ESMF_LAPACK                 : enabled
20220601 123650.874 INFO             PET0 ESMF_NETCDF                 : enabled
20220601 123650.874 INFO             PET0 ESMF_PNETCDF                : disabled
20220601 123650.874 INFO             PET0 ESMF_PIO                    : enabled
20220601 123650.874 INFO             PET0 ESMF_YAMLCPP                : enabled
20220601 123650.910 DEBUG            PET0 about to destroy Grid: 0x194ddb0
20220601 123650.914 DEBUG            PET0 about to destroy Grid: 0x1951740
20220601 123650.924 INFO             PET0  NUMBER_OF_PROCESSORS           4
20220601 123650.924 INFO             PET0  PASS  Example ESMF_NUOPCAtmModelEx, ESMF_NUOPCAtmModelEx.F90, line 806
20220601 123650.924 INFO             PET0 Finalizing ESMF
20220601 123650.874 INFO             PET1 !!!!!!!!!!!!!!!!!!!!!!!!!!!!!!!!!!!!!!!!!!!!!!!!!!!!!!
20220601 123650.874 INFO             PET1 !!! THE ESMF_LOG IS SET TO OUTPUT ALL LOG MESSAGES !!!
20220601 123650.874 INFO             PET1 !!!     THIS MAY CAUSE SLOWDOWN IN PERFORMANCE     !!!
20220601 123650.874 INFO             PET1 !!! FOR PRODUCTION RUNS, USE:                      !!!
20220601 123650.874 INFO             PET1 !!!                   ESMF_LOGKIND_Multi_On_Error  !!!
20220601 123650.874 INFO             PET1 !!!!!!!!!!!!!!!!!!!!!!!!!!!!!!!!!!!!!!!!!!!!!!!!!!!!!!
20220601 123650.874 INFO             PET1 Running with ESMF Version   : v8.4.0b00
20220601 123650.874 INFO             PET1 ESMF library build date/time: "Jun  1 2022" "12:05:18"
20220601 123650.874 INFO             PET1 ESMF library build location : /glade/scratch/dunlap/esmf-testing/gfortran_10.1.0_mpt_O_develop
20220601 123650.874 INFO             PET1 ESMF_COMM                   : mpt
20220601 123650.874 INFO             PET1 ESMF_MOAB                   : enabled
20220601 123650.874 INFO             PET1 ESMF_LAPACK                 : enabled
20220601 123650.874 INFO             PET1 ESMF_NETCDF                 : enabled
20220601 123650.874 INFO             PET1 ESMF_PNETCDF                : disabled
20220601 123650.874 INFO             PET1 ESMF_PIO                    : enabled
20220601 123650.874 INFO             PET1 ESMF_YAMLCPP                : enabled
20220601 123650.910 DEBUG            PET1 about to destroy Grid: 0x19503d0
20220601 123650.914 DEBUG            PET1 about to destroy Grid: 0x1951860
20220601 123650.924 INFO             PET1  NUMBER_OF_PROCESSORS           4
20220601 123650.924 INFO             PET1  PASS  Example ESMF_NUOPCAtmModelEx, ESMF_NUOPCAtmModelEx.F90, line 806
20220601 123650.924 INFO             PET1 Finalizing ESMF
20220601 123650.874 INFO             PET2 !!!!!!!!!!!!!!!!!!!!!!!!!!!!!!!!!!!!!!!!!!!!!!!!!!!!!!
20220601 123650.874 INFO             PET2 !!! THE ESMF_LOG IS SET TO OUTPUT ALL LOG MESSAGES !!!
20220601 123650.874 INFO             PET2 !!!     THIS MAY CAUSE SLOWDOWN IN PERFORMANCE     !!!
20220601 123650.874 INFO             PET2 !!! FOR PRODUCTION RUNS, USE:                      !!!
20220601 123650.874 INFO             PET2 !!!                   ESMF_LOGKIND_Multi_On_Error  !!!
20220601 123650.874 INFO             PET2 !!!!!!!!!!!!!!!!!!!!!!!!!!!!!!!!!!!!!!!!!!!!!!!!!!!!!!
20220601 123650.874 INFO             PET2 Running with ESMF Version   : v8.4.0b00
20220601 123650.874 INFO             PET2 ESMF library build date/time: "Jun  1 2022" "12:05:18"
20220601 123650.874 INFO             PET2 ESMF library build location : /glade/scratch/dunlap/esmf-testing/gfortran_10.1.0_mpt_O_develop
20220601 123650.874 INFO             PET2 ESMF_COMM                   : mpt
20220601 123650.874 INFO             PET2 ESMF_MOAB                   : enabled
20220601 123650.874 INFO             PET2 ESMF_LAPACK                 : enabled
20220601 123650.874 INFO             PET2 ESMF_NETCDF                 : enabled
20220601 123650.874 INFO             PET2 ESMF_PNETCDF                : disabled
20220601 123650.874 INFO             PET2 ESMF_PIO                    : enabled
20220601 123650.874 INFO             PET2 ESMF_YAMLCPP                : enabled
20220601 123650.910 DEBUG            PET2 about to destroy Grid: 0x194fab0
20220601 123650.914 DEBUG            PET2 about to destroy Grid: 0x1950f40
20220601 123650.924 INFO             PET2  NUMBER_OF_PROCESSORS           4
20220601 123650.924 INFO             PET2  PASS  Example ESMF_NUOPCAtmModelEx, ESMF_NUOPCAtmModelEx.F90, line 806
20220601 123650.924 INFO             PET2 Finalizing ESMF
20220601 123650.875 INFO             PET3 !!!!!!!!!!!!!!!!!!!!!!!!!!!!!!!!!!!!!!!!!!!!!!!!!!!!!!
20220601 123650.875 INFO             PET3 !!! THE ESMF_LOG IS SET TO OUTPUT ALL LOG MESSAGES !!!
20220601 123650.875 INFO             PET3 !!!     THIS MAY CAUSE SLOWDOWN IN PERFORMANCE     !!!
20220601 123650.875 INFO             PET3 !!! FOR PRODUCTION RUNS, USE:                      !!!
20220601 123650.875 INFO             PET3 !!!                   ESMF_LOGKIND_Multi_On_Error  !!!
20220601 123650.875 INFO             PET3 !!!!!!!!!!!!!!!!!!!!!!!!!!!!!!!!!!!!!!!!!!!!!!!!!!!!!!
20220601 123650.875 INFO             PET3 Running with ESMF Version   : v8.4.0b00
20220601 123650.875 INFO             PET3 ESMF library build date/time: "Jun  1 2022" "12:05:18"
20220601 123650.875 INFO             PET3 ESMF library build location : /glade/scratch/dunlap/esmf-testing/gfortran_10.1.0_mpt_O_develop
20220601 123650.875 INFO             PET3 ESMF_COMM                   : mpt
20220601 123650.875 INFO             PET3 ESMF_MOAB                   : enabled
20220601 123650.875 INFO             PET3 ESMF_LAPACK                 : enabled
20220601 123650.875 INFO             PET3 ESMF_NETCDF                 : enabled
20220601 123650.875 INFO             PET3 ESMF_PNETCDF                : disabled
20220601 123650.875 INFO             PET3 ESMF_PIO                    : enabled
20220601 123650.875 INFO             PET3 ESMF_YAMLCPP                : enabled
20220601 123650.910 DEBUG            PET3 about to destroy Grid: 0x194fbf0
20220601 123650.914 DEBUG            PET3 about to destroy Grid: 0x1950a90
20220601 123650.924 INFO             PET3  NUMBER_OF_PROCESSORS           4
20220601 123650.924 INFO             PET3  PASS  Example ESMF_NUOPCAtmModelEx, ESMF_NUOPCAtmModelEx.F90, line 806
20220601 123650.924 INFO             PET3 Finalizing ESMF
