build time -- 2022-05-21 05:00:40
20220521 194842.150 INFO             PET0 !!!!!!!!!!!!!!!!!!!!!!!!!!!!!!!!!!!!!!!!!!!!!!!!!!!!!!
20220521 194842.150 INFO             PET0 !!! THE ESMF_LOG IS SET TO OUTPUT ALL LOG MESSAGES !!!
20220521 194842.150 INFO             PET0 !!!     THIS MAY CAUSE SLOWDOWN IN PERFORMANCE     !!!
20220521 194842.150 INFO             PET0 !!! FOR PRODUCTION RUNS, USE:                      !!!
20220521 194842.150 INFO             PET0 !!!                   ESMF_LOGKIND_Multi_On_Error  !!!
20220521 194842.150 INFO             PET0 !!!!!!!!!!!!!!!!!!!!!!!!!!!!!!!!!!!!!!!!!!!!!!!!!!!!!!
20220521 194842.150 INFO             PET0 Running with ESMF Version   : v8.3.0b16
20220521 194842.150 INFO             PET0 ESMF library build date/time: "May 21 2022" "04:58:37"
20220521 194842.150 INFO             PET0 ESMF library build location : /global/cscratch1/sd/rsdunlap/esmf-testing/intel_19.1.2_mpiuni_g_develop
20220521 194842.150 INFO             PET0 ESMF_COMM                   : mpiuni
20220521 194842.152 INFO             PET0 ESMF_MOAB                   : enabled
20220521 194842.152 INFO             PET0 ESMF_LAPACK                 : enabled
20220521 194842.152 INFO             PET0 ESMF_NETCDF                 : enabled
20220521 194842.152 INFO             PET0 ESMF_PNETCDF                : disabled
20220521 194842.152 INFO             PET0 ESMF_PIO                    : disabled
20220521 194842.152 INFO             PET0 ESMF_YAMLCPP                : enabled
20220521 194842.192 DEBUG            PET0 about to destroy Grid: 0x1000011b9a0
20220521 194842.196 DEBUG            PET0 about to destroy Grid: 0x1000011d280
20220521 194842.209 INFO             PET0  NUMBER_OF_PROCESSORS           1
20220521 194842.209 INFO             PET0  PASS  Example ESMF_NUOPCAtmModelEx, ESMF_NUOPCAtmModelEx.F90, line 806
20220521 194842.209 INFO             PET0 Finalizing ESMF
