build time -- 2022-06-06 03:31:24
20220606 101516.278 INFO             PET0 !!!!!!!!!!!!!!!!!!!!!!!!!!!!!!!!!!!!!!!!!!!!!!!!!!!!!!
20220606 101516.278 INFO             PET0 !!! THE ESMF_LOG IS SET TO OUTPUT ALL LOG MESSAGES !!!
20220606 101516.278 INFO             PET0 !!!     THIS MAY CAUSE SLOWDOWN IN PERFORMANCE     !!!
20220606 101516.278 INFO             PET0 !!! FOR PRODUCTION RUNS, USE:                      !!!
20220606 101516.278 INFO             PET0 !!!                   ESMF_LOGKIND_Multi_On_Error  !!!
20220606 101516.278 INFO             PET0 !!!!!!!!!!!!!!!!!!!!!!!!!!!!!!!!!!!!!!!!!!!!!!!!!!!!!!
20220606 101516.278 INFO             PET0 Running with ESMF Version   : v8.4.0b01
20220606 101516.278 INFO             PET0 ESMF library build date/time: "Jun  6 2022" "03:29:34"
20220606 101516.278 INFO             PET0 ESMF library build location : /global/cscratch1/sd/rsdunlap/esmf-testing/intel_19.1.2_mpiuni_g_develop
20220606 101516.278 INFO             PET0 ESMF_COMM                   : mpiuni
20220606 101516.279 INFO             PET0 ESMF_MOAB                   : enabled
20220606 101516.279 INFO             PET0 ESMF_LAPACK                 : enabled
20220606 101516.279 INFO             PET0 ESMF_NETCDF                 : enabled
20220606 101516.279 INFO             PET0 ESMF_PNETCDF                : disabled
20220606 101516.279 INFO             PET0 ESMF_PIO                    : disabled
20220606 101516.280 INFO             PET0 ESMF_YAMLCPP                : enabled
20220606 101516.281 INFO             PET0  NUMBER_OF_PROCESSORS           1
20220606 101516.281 INFO             PET0  PASS  Example ESMF_ArraySpecEx, ESMF_ArraySpecEx.F90, line 96
20220606 101516.281 INFO             PET0 Finalizing ESMF
