build time -- 2022-05-09 02:19:16
20220509 055309.772 INFO             PET0 !!!!!!!!!!!!!!!!!!!!!!!!!!!!!!!!!!!!!!!!!!!!!!!!!!!!!!
20220509 055309.772 INFO             PET0 !!! THE ESMF_LOG IS SET TO OUTPUT ALL LOG MESSAGES !!!
20220509 055309.772 INFO             PET0 !!!     THIS MAY CAUSE SLOWDOWN IN PERFORMANCE     !!!
20220509 055309.772 INFO             PET0 !!! FOR PRODUCTION RUNS, USE:                      !!!
20220509 055309.772 INFO             PET0 !!!                   ESMF_LOGKIND_Multi_On_Error  !!!
20220509 055309.772 INFO             PET0 !!!!!!!!!!!!!!!!!!!!!!!!!!!!!!!!!!!!!!!!!!!!!!!!!!!!!!
20220509 055309.772 INFO             PET0 Running with ESMF Version   : v8.3.0b14-2-gde129fc120
20220509 055309.772 INFO             PET0 ESMF library build date/time: "May  9 2022" "02:17:43"
20220509 055309.772 INFO             PET0 ESMF library build location : /global/cscratch1/sd/rsdunlap/esmf-testing/intel_19.1.2_mpiuni_g_develop
20220509 055309.772 INFO             PET0 ESMF_COMM                   : mpiuni
20220509 055309.774 INFO             PET0 ESMF_MOAB                   : enabled
20220509 055309.774 INFO             PET0 ESMF_LAPACK                 : enabled
20220509 055309.774 INFO             PET0 ESMF_NETCDF                 : enabled
20220509 055309.774 INFO             PET0 ESMF_PNETCDF                : disabled
20220509 055309.774 INFO             PET0 ESMF_PIO                    : disabled
20220509 055309.774 INFO             PET0 ESMF_YAMLCPP                : enabled
20220509 055309.775 INFO             PET0  NUMBER_OF_PROCESSORS           1
20220509 055309.775 INFO             PET0  PASS  Example ESMF_VMUserMpiCommMultiEx, ESMF_VMUserMpiCommMultiEx.F90, line 126
20220509 055309.776 INFO             PET0 Finalizing ESMF
